Couldn't find any of the following OpenCL library: libOpenCL.so libGLES_mali.so libmali.so 
Graph file: /home/arjun/CM/repos/local/cache/621f8b0225e540db/efficientnet-lite2/efficientnet-lite2-fp32.tflite
Image dir: /home/arjun/CM/repos/local/cache/8b20516d68b94a60
Image list: /home/arjun/CM/repos/local/cache/8b20516d68b94a60/preprocessed_files.txt
Image size: 260
Image channels: 3
Prediction classes: 1000
Result dir: /home/arjun/results_dir/valid_results/raspberrypi-tflite_armnn_cpp-cpu-armnn_tflite-v23.05-using_neon_with_live_preprocessing/efficientnet-fp32-lite2/singlestream/accuracy
How many images fit in memory buffer: 1024
Normalize: 1
Subtract mean: 0
Run time preprocessing: 1
Number of Threads: 4
Number of available imagefiles: 50000

Loading graph...
************* Type 2
Output tensor dimensions: 1*1000
Path to mlperf.conf : /home/arjun/CM/repos/local/cache/16427ed1f1b54be1/inference/mlperf.conf
Path to user.conf : /home/arjun/CM/repos/ctuning@mlcommons-ck/cm-mlops/script/generate-mlperf-inference-user-conf/tmp/0ea10e2152df45a0a4e7a3eecb8e3923.conf
Model Name: efficientnet
LoadGen Scenario: SingleStream
LoadGen Mode: accuracy
