client 2024-01-31 00:47:06,778 [INFO] Creating output directory '/home/arjun/results_dir/valid_results/orin-tflite_cpp-cpu-tflite-vmaster-with_live_preprocessing/mobilenet-v2-precision_float-1.0-224/singlestream/performance/tmp_power'
client 2024-01-31 00:47:06,836 [INFO] Sending command to the server: 'mlcommons/power client v3'
client 2024-01-31 00:47:06,838 [INFO] Got response: 'mlcommons/power server v3'
client 2024-01-31 00:47:06,838 [INFO] Synchronizing with the server and with time.google.com...
client 2024-01-31 00:47:06,865 [INFO] NTP:offset = -0.003 s, delay = 0.021 s 
client 2024-01-31 00:47:06,865 [INFO] Sending command to the server: 'time'
client 2024-01-31 00:47:06,868 [INFO] Got response: '1706662026.866443'
client 2024-01-31 00:47:06,869 [INFO] The time difference between the client and the server is within range -1.072 ms..2.602 ms
client 2024-01-31 00:47:06,869 [INFO] Sending command to the server: 'new,,dc9c7fd7-fcb2-4141-8f67-a34e6711ece8'
client 2024-01-31 00:47:06,871 [INFO] Got response: 'OK 2024-01-31_00-47-06,c3f9055c-5ffa-48a1-8a6e-4c071ab48b21'
client 2024-01-31 00:47:06,871 [INFO] Session id is '2024-01-31_00-47-06'
client 2024-01-31 00:47:06,871 [INFO] Sources: {"sources": {"__init__.py": "da39a3ee5e6b4b0d3255bfef95601890afd80709", "client.py": "33ca4f26368777ac06e01f9567b714a4b8063886", "lib/__init__.py": "da39a3ee5e6b4b0d3255bfef95601890afd80709", "lib/client.py": "ac2aa093c8e8bbc9569b9e2a3471bc64e58a2258", "lib/common.py": "611d8b29633d331eb19c9455ea3b5fa3284ed6df", "lib/external/__init__.py": "da39a3ee5e6b4b0d3255bfef95601890afd80709", "lib/external/ntplib.py": "4da8f970656505a40483206ef2b5d3dd5e81711d", "lib/server.py": "99303c836c683aa9017ec565104e636161d02acb", "lib/source_hashes.py": "60a2e02193209e8d392803326208d5466342da18", "lib/summary.py": "aa92f0a3f975eecd44d3c0cd0236342ccc9f941d", "lib/time_sync.py": "80894ef2389e540781ff78de94db16aa4203a14e", "server.py": "c3f90f2f7eeb4db30727556d0c815ebc89b3d28b", "tests/unit/__init__.py": "da39a3ee5e6b4b0d3255bfef95601890afd80709", "tests/unit/test_server.py": "948c1995d4008bc2aa6c4046a34ffa3858d6d671", "tests/unit/test_source_hashes.py": "00468a2907583c593e6574a1f6b404e4651c221a"}, "modules": {"ptd_client_server.lib.client": "lib/client.py", "ptd_client_server.lib.common": "lib/common.py", "ptd_client_server.lib.external.ntplib": "lib/external/ntplib.py", "ptd_client_server.lib.source_hashes": "lib/source_hashes.py", "ptd_client_server.lib.summary": "lib/summary.py", "ptd_client_server.lib.time_sync": "lib/time_sync.py"}}
client 2024-01-31 00:47:06,872 [INFO] Running workload in ranging mode
client 2024-01-31 00:47:06,872 [INFO] Synchronizing with the server and with time.google.com...
client 2024-01-31 00:47:06,895 [INFO] NTP:offset = -0.004 s, delay = 0.021 s 
client 2024-01-31 00:47:06,895 [INFO] Sending command to the server: 'time'
client 2024-01-31 00:47:06,898 [INFO] Got response: '1706662026.8957334'
client 2024-01-31 00:47:06,898 [INFO] The time difference between the client and the server is within range -0.446 ms..3.070 ms
client 2024-01-31 00:47:06,898 [INFO] Sending command to the server: 'session,2024-01-31_00-47-06,start,ranging'
client 2024-01-31 00:47:34,982 [INFO] Got response: 'OK'
client 2024-01-31 00:47:34,985 [INFO] Sending command to the server: 'time'
client 2024-01-31 00:47:34,988 [INFO] Got response: '1706662054.985913'
client 2024-01-31 00:47:34,988 [INFO] The time difference between the client and the server is within range -0.479 ms..2.382 ms
client 2024-01-31 00:47:34,988 [INFO] Running the workload 'CM_MLPERF_RUN_COUNT=$(cat ${CM_RUN_DIR}/count.txt); echo ${CM_MLPERF_RUN_COUNT}; CM_MLPERF_RUN_COUNT=$((CM_MLPERF_RUN_COUNT+1)); echo ${CM_MLPERF_RUN_COUNT} > ${CM_RUN_DIR}/count.txt && if [ ${CM_MLPERF_RUN_COUNT} -eq "1" ]; then export CM_MLPERF_USER_CONF=${CM_MLPERF_RANGING_USER_CONF}; else export CM_MLPERF_USER_CONF=${CM_MLPERF_TESTING_USER_CONF}; fi && /home/arjun/run.out'
client 2024-01-31 00:52:37,773 [INFO] Sending command to the server: 'time'
client 2024-01-31 00:52:37,788 [INFO] Got response: '1706662357.7859545'
client 2024-01-31 00:52:37,789 [INFO] The time difference between the client and the server is within range -13.084 ms..3.392 ms
client 2024-01-31 00:52:37,789 [INFO] Sending command to the server: 'session,2024-01-31_00-47-06,stop,ranging'
client 2024-01-31 00:52:48,119 [INFO] Got response: 'OK'
client 2024-01-31 00:52:48,120 [INFO] Sending command to the server: 'time'
client 2024-01-31 00:52:48,123 [INFO] Got response: '1706662368.12056'
client 2024-01-31 00:52:48,123 [INFO] The time difference between the client and the server is within range -0.110 ms..3.317 ms
client 2024-01-31 00:52:48,153 [INFO] Copying loadgen logs from '/home/arjun/results_dir/valid_results/orin-tflite_cpp-cpu-tflite-vmaster-with_live_preprocessing/mobilenet-v2-precision_float-1.0-224/singlestream/performance/run_1' to '/home/arjun/results_dir/valid_results/orin-tflite_cpp-cpu-tflite-vmaster-with_live_preprocessing/mobilenet-v2-precision_float-1.0-224/singlestream/performance/tmp_power/ranging'
client 2024-01-31 00:52:48,155 [INFO] Running workload in testing mode
client 2024-01-31 00:52:48,155 [INFO] Synchronizing with the server and with time.google.com...
client 2024-01-31 00:52:48,180 [INFO] NTP:offset = -0.003 s, delay = 0.020 s 
client 2024-01-31 00:52:48,180 [INFO] Sending command to the server: 'time'
client 2024-01-31 00:52:48,183 [INFO] Got response: '1706662368.1809075'
client 2024-01-31 00:52:48,183 [INFO] The time difference between the client and the server is within range -0.288 ms..2.913 ms
client 2024-01-31 00:52:48,184 [INFO] Sending command to the server: 'session,2024-01-31_00-47-06,start,testing'
client 2024-01-31 00:53:01,191 [INFO] Got response: 'OK'
client 2024-01-31 00:53:01,192 [INFO] Sending command to the server: 'time'
client 2024-01-31 00:53:01,195 [INFO] Got response: '1706662381.1926167'
client 2024-01-31 00:53:01,196 [INFO] The time difference between the client and the server is within range -0.279 ms..3.422 ms
client 2024-01-31 00:53:01,196 [INFO] Running the workload 'CM_MLPERF_RUN_COUNT=$(cat ${CM_RUN_DIR}/count.txt); echo ${CM_MLPERF_RUN_COUNT}; CM_MLPERF_RUN_COUNT=$((CM_MLPERF_RUN_COUNT+1)); echo ${CM_MLPERF_RUN_COUNT} > ${CM_RUN_DIR}/count.txt && if [ ${CM_MLPERF_RUN_COUNT} -eq "1" ]; then export CM_MLPERF_USER_CONF=${CM_MLPERF_RANGING_USER_CONF}; else export CM_MLPERF_USER_CONF=${CM_MLPERF_TESTING_USER_CONF}; fi && /home/arjun/run.out'
client 2024-01-31 01:03:05,588 [INFO] Sending command to the server: 'time'
client 2024-01-31 01:03:05,619 [INFO] Got response: '1706662985.6149335'
client 2024-01-31 01:03:05,619 [INFO] The time difference between the client and the server is within range -26.479 ms..4.856 ms
client 2024-01-31 01:03:05,620 [INFO] Sending command to the server: 'session,2024-01-31_00-47-06,stop,testing'
client 2024-01-31 01:03:16,239 [INFO] Got response: 'OK'
client 2024-01-31 01:03:16,240 [INFO] Sending command to the server: 'time'
client 2024-01-31 01:03:16,243 [INFO] Got response: '1706662996.2403657'
client 2024-01-31 01:03:16,244 [INFO] The time difference between the client and the server is within range 0.362 ms..3.963 ms
client 2024-01-31 01:03:16,249 [INFO] Copying loadgen logs from '/home/arjun/results_dir/valid_results/orin-tflite_cpp-cpu-tflite-vmaster-with_live_preprocessing/mobilenet-v2-precision_float-1.0-224/singlestream/performance/run_1' to '/home/arjun/results_dir/valid_results/orin-tflite_cpp-cpu-tflite-vmaster-with_live_preprocessing/mobilenet-v2-precision_float-1.0-224/singlestream/performance/tmp_power/run_1'
client 2024-01-31 01:03:16,251 [INFO] Done runs
