Couldn't find any of the following OpenCL library: libOpenCL.so libGLES_mali.so libmali.so 
Graph file: /home/ubuntu/CM/repos/local/cache/2867b7d5e3b644fb/v3-large-minimalistic_224_1.0_uint8/v3-large-minimalistic_224_1.0_uint8.tflite
Image dir: /home/ubuntu/CM/repos/local/cache/cba5314decee4f7f
Image list: /home/ubuntu/CM/repos/local/cache/cba5314decee4f7f/preprocessed_files.txt
Image size: 224
Image channels: 3
Prediction classes: 1000
Result dir: /home/ubuntu/CM/repos/local/cache/c951c448d62a4016/valid_results/ip_172_31_55_41-tflite_armnn_cpp-cpu-armnn_tflite-v23.11-using_neon/mobilenet-v3-precision_uint8-large-minimalistic-224/singlestream/performance/run_1
How many images fit in memory buffer: 1024
Normalize: 1
Subtract mean: 0
Run time preprocessing: 1
Number of Threads: 8
Number of available imagefiles: 50000

Loading graph...
Output tensor dimensions: 1*1001
Path to mlperf.conf : /home/ubuntu/CM/repos/local/cache/50b84cc0948543d2/inference/mlperf.conf
Path to user.conf : /home/ubuntu/CM/repos/ctuning@mlcommons-ck/cm-mlops/script/generate-mlperf-inference-user-conf/tmp/4ac716f2ede4416a80d77fafcdf3b6fc.conf
Model Name: mobilenet
LoadGen Scenario: SingleStream
LoadGen Mode: performance
