client 2024-01-30 20:20:57,701 [INFO] Creating output directory '/home/arjun/results_dir/valid_results/orin-tflite_cpp-cpu-tflite-vmaster-with_live_preprocessing/mobilenet-v1-precision_float-1.0-224/singlestream/performance/tmp_power'
client 2024-01-30 20:20:57,704 [INFO] Sending command to the server: 'mlcommons/power client v3'
client 2024-01-30 20:20:57,805 [INFO] Got response: 'mlcommons/power server v3'
client 2024-01-30 20:20:57,805 [INFO] Synchronizing with the server and with time.google.com...
client 2024-01-30 20:20:57,889 [INFO] NTP:offset = -0.002 s, delay = 0.021 s 
client 2024-01-30 20:20:57,890 [INFO] Sending command to the server: 'time'
client 2024-01-30 20:20:57,895 [INFO] Got response: '1706646057.8920026'
client 2024-01-30 20:20:57,895 [INFO] The time difference between the client and the server is within range -1.809 ms..3.392 ms
client 2024-01-30 20:20:57,895 [INFO] Sending command to the server: 'new,,1883124b-7e3e-4bf9-8bd3-50e23ce14f5b'
client 2024-01-30 20:20:57,911 [INFO] Got response: 'OK 2024-01-30_20-20-57,4318a3eb-ad52-420e-a997-d5b2d0510466'
client 2024-01-30 20:20:57,911 [INFO] Session id is '2024-01-30_20-20-57'
client 2024-01-30 20:20:57,912 [INFO] Sources: {"sources": {"__init__.py": "da39a3ee5e6b4b0d3255bfef95601890afd80709", "client.py": "33ca4f26368777ac06e01f9567b714a4b8063886", "lib/__init__.py": "da39a3ee5e6b4b0d3255bfef95601890afd80709", "lib/client.py": "ac2aa093c8e8bbc9569b9e2a3471bc64e58a2258", "lib/common.py": "611d8b29633d331eb19c9455ea3b5fa3284ed6df", "lib/external/__init__.py": "da39a3ee5e6b4b0d3255bfef95601890afd80709", "lib/external/ntplib.py": "4da8f970656505a40483206ef2b5d3dd5e81711d", "lib/server.py": "99303c836c683aa9017ec565104e636161d02acb", "lib/source_hashes.py": "60a2e02193209e8d392803326208d5466342da18", "lib/summary.py": "aa92f0a3f975eecd44d3c0cd0236342ccc9f941d", "lib/time_sync.py": "80894ef2389e540781ff78de94db16aa4203a14e", "server.py": "c3f90f2f7eeb4db30727556d0c815ebc89b3d28b", "tests/unit/__init__.py": "da39a3ee5e6b4b0d3255bfef95601890afd80709", "tests/unit/test_server.py": "948c1995d4008bc2aa6c4046a34ffa3858d6d671", "tests/unit/test_source_hashes.py": "00468a2907583c593e6574a1f6b404e4651c221a"}, "modules": {"ptd_client_server.lib.client": "lib/client.py", "ptd_client_server.lib.common": "lib/common.py", "ptd_client_server.lib.external.ntplib": "lib/external/ntplib.py", "ptd_client_server.lib.source_hashes": "lib/source_hashes.py", "ptd_client_server.lib.summary": "lib/summary.py", "ptd_client_server.lib.time_sync": "lib/time_sync.py"}}
client 2024-01-30 20:20:57,912 [INFO] Running workload in ranging mode
client 2024-01-30 20:20:57,912 [INFO] Synchronizing with the server and with time.google.com...
client 2024-01-30 20:20:57,934 [INFO] NTP:offset = -0.005 s, delay = 0.019 s 
client 2024-01-30 20:20:57,934 [INFO] Sending command to the server: 'time'
client 2024-01-30 20:20:57,938 [INFO] Got response: '1706646057.9349937'
client 2024-01-30 20:20:57,938 [INFO] The time difference between the client and the server is within range -0.342 ms..3.199 ms
client 2024-01-30 20:20:57,938 [INFO] Sending command to the server: 'session,2024-01-30_20-20-57,start,ranging'
client 2024-01-30 20:21:26,035 [INFO] Got response: 'OK'
client 2024-01-30 20:21:26,038 [INFO] Sending command to the server: 'time'
client 2024-01-30 20:21:26,042 [INFO] Got response: '1706646086.0391164'
client 2024-01-30 20:21:26,042 [INFO] The time difference between the client and the server is within range -0.515 ms..3.247 ms
client 2024-01-30 20:21:26,042 [INFO] Running the workload 'CM_MLPERF_RUN_COUNT=$(cat ${CM_RUN_DIR}/count.txt); echo ${CM_MLPERF_RUN_COUNT}; CM_MLPERF_RUN_COUNT=$((CM_MLPERF_RUN_COUNT+1)); echo ${CM_MLPERF_RUN_COUNT} > ${CM_RUN_DIR}/count.txt && if [ ${CM_MLPERF_RUN_COUNT} -eq "1" ]; then export CM_MLPERF_USER_CONF=${CM_MLPERF_RANGING_USER_CONF}; else export CM_MLPERF_USER_CONF=${CM_MLPERF_TESTING_USER_CONF}; fi && /home/arjun/run.out'
client 2024-01-30 20:26:32,922 [INFO] Sending command to the server: 'time'
client 2024-01-30 20:26:33,036 [INFO] Got response: '1706646393.03007'
client 2024-01-30 20:26:33,036 [INFO] The time difference between the client and the server is within range -107.994 ms..6.538 ms
client 2024-01-30 20:26:33,037 [INFO] Sending command to the server: 'session,2024-01-30_20-20-57,stop,ranging'
client 2024-01-30 20:26:44,200 [INFO] Got response: 'OK'
client 2024-01-30 20:26:44,201 [INFO] Sending command to the server: 'time'
client 2024-01-30 20:26:44,204 [INFO] Got response: '1706646404.2017653'
client 2024-01-30 20:26:44,204 [INFO] The time difference between the client and the server is within range -0.616 ms..2.713 ms
client 2024-01-30 20:26:44,227 [INFO] Copying loadgen logs from '/home/arjun/results_dir/valid_results/orin-tflite_cpp-cpu-tflite-vmaster-with_live_preprocessing/mobilenet-v1-precision_float-1.0-224/singlestream/performance/run_1' to '/home/arjun/results_dir/valid_results/orin-tflite_cpp-cpu-tflite-vmaster-with_live_preprocessing/mobilenet-v1-precision_float-1.0-224/singlestream/performance/tmp_power/ranging'
client 2024-01-30 20:26:44,229 [INFO] Running workload in testing mode
client 2024-01-30 20:26:44,229 [INFO] Synchronizing with the server and with time.google.com...
client 2024-01-30 20:26:44,254 [INFO] NTP:offset = -0.003 s, delay = 0.021 s 
client 2024-01-30 20:26:44,254 [INFO] Sending command to the server: 'time'
client 2024-01-30 20:26:44,257 [INFO] Got response: '1706646404.255109'
client 2024-01-30 20:26:44,258 [INFO] The time difference between the client and the server is within range -0.673 ms..3.001 ms
client 2024-01-30 20:26:44,258 [INFO] Sending command to the server: 'session,2024-01-30_20-20-57,start,testing'
client 2024-01-30 20:26:57,284 [INFO] Got response: 'OK'
client 2024-01-30 20:26:57,284 [INFO] Sending command to the server: 'time'
client 2024-01-30 20:26:57,288 [INFO] Got response: '1706646417.285101'
client 2024-01-30 20:26:57,289 [INFO] The time difference between the client and the server is within range -0.516 ms..3.946 ms
client 2024-01-30 20:26:57,289 [INFO] Running the workload 'CM_MLPERF_RUN_COUNT=$(cat ${CM_RUN_DIR}/count.txt); echo ${CM_MLPERF_RUN_COUNT}; CM_MLPERF_RUN_COUNT=$((CM_MLPERF_RUN_COUNT+1)); echo ${CM_MLPERF_RUN_COUNT} > ${CM_RUN_DIR}/count.txt && if [ ${CM_MLPERF_RUN_COUNT} -eq "1" ]; then export CM_MLPERF_USER_CONF=${CM_MLPERF_RANGING_USER_CONF}; else export CM_MLPERF_USER_CONF=${CM_MLPERF_TESTING_USER_CONF}; fi && /home/arjun/run.out'
client 2024-01-30 20:37:02,001 [INFO] Sending command to the server: 'time'
client 2024-01-30 20:37:02,079 [INFO] Got response: '1706647022.075532'
client 2024-01-30 20:37:02,079 [INFO] The time difference between the client and the server is within range -74.413 ms..3.953 ms
client 2024-01-30 20:37:02,079 [INFO] Sending command to the server: 'session,2024-01-30_20-20-57,stop,testing'
client 2024-01-30 20:37:12,355 [INFO] Got response: 'OK'
client 2024-01-30 20:37:12,357 [INFO] Sending command to the server: 'time'
client 2024-01-30 20:37:12,361 [INFO] Got response: '1706647032.3577788'
client 2024-01-30 20:37:12,361 [INFO] The time difference between the client and the server is within range -0.738 ms..4.105 ms
client 2024-01-30 20:37:12,366 [INFO] Copying loadgen logs from '/home/arjun/results_dir/valid_results/orin-tflite_cpp-cpu-tflite-vmaster-with_live_preprocessing/mobilenet-v1-precision_float-1.0-224/singlestream/performance/run_1' to '/home/arjun/results_dir/valid_results/orin-tflite_cpp-cpu-tflite-vmaster-with_live_preprocessing/mobilenet-v1-precision_float-1.0-224/singlestream/performance/tmp_power/run_1'
client 2024-01-30 20:37:12,369 [INFO] Done runs
