Graph file: /home/ubuntu/CM/repos/local/cache/da48c576eef743df/efficientnet-lite4/efficientnet-lite4-int8.tflite
Image dir: /home/ubuntu/CM/repos/local/cache/799e7d464100475e
Image list: /home/ubuntu/CM/repos/local/cache/799e7d464100475e/preprocessed_files.txt
Image size: 300
Image channels: 3
Prediction classes: 1000
Result dir: /home/ubuntu/CM/repos/local/cache/53b88ca721a64101/valid_results/c5a.xlarge-tflite_cpp-cpu-tflite-vmaster-default_config/efficientnet-int8-lite4/singlestream/performance/run_1
How many images fit in memory buffer: 1024
Normalize: 1
Subtract mean: 0
Run time preprocessing: 1
Number of Threads: 2
Number of available imagefiles: 50000

Loading graph...
INFO: Created TensorFlow Lite XNNPACK delegate for CPU.
Input tensor dimensions (NHWC): 1*300*300*3
Output tensor dimensions: 1*1000
Path to mlperf.conf : /home/ubuntu/CM/repos/local/cache/a34955efa6f84c88/inference/mlperf.conf
Path to user.conf : /home/ubuntu/CM/repos/ctuning@mlcommons-ck/cm-mlops/script/generate-mlperf-inference-user-conf/tmp/1a86144acd9b475ba75740f916c76419.conf
Model Name: efficientnet
LoadGen Scenario: SingleStream
LoadGen Mode: performance
