client 2024-01-29 11:13:15,118 [INFO] Creating output directory '/home/arjun/results_dir/valid_results/orin-tflite_cpp-cpu-tflite-vmaster-default_config/mobilenet-v2-precision_float-0.5-192/singlestream/performance/tmp_power'
client 2024-01-29 11:13:15,125 [INFO] Sending command to the server: 'mlcommons/power client v3'
client 2024-01-29 11:13:15,129 [INFO] Got response: 'mlcommons/power server v3'
client 2024-01-29 11:13:15,129 [INFO] Synchronizing with the server and with time.google.com...
client 2024-01-29 11:13:15,155 [INFO] NTP:offset = -0.003 s, delay = 0.021 s 
client 2024-01-29 11:13:15,155 [INFO] Sending command to the server: 'time'
client 2024-01-29 11:13:15,160 [INFO] Got response: '1706526795.159317'
client 2024-01-29 11:13:15,160 [INFO] The time difference between the client and the server is within range -3.353 ms..1.404 ms
client 2024-01-29 11:13:15,160 [INFO] Sending command to the server: 'new,,e3c70ba9-00b9-4828-9110-888a17ff7c44'
client 2024-01-29 11:13:15,165 [INFO] Got response: 'OK 2024-01-29_11-13-15,3332b52d-3467-44d5-8acf-8f31769ec8c0'
client 2024-01-29 11:13:15,165 [INFO] Session id is '2024-01-29_11-13-15'
client 2024-01-29 11:13:15,165 [INFO] Sources: {"sources": {"__init__.py": "da39a3ee5e6b4b0d3255bfef95601890afd80709", "client.py": "33ca4f26368777ac06e01f9567b714a4b8063886", "lib/__init__.py": "da39a3ee5e6b4b0d3255bfef95601890afd80709", "lib/client.py": "ac2aa093c8e8bbc9569b9e2a3471bc64e58a2258", "lib/common.py": "611d8b29633d331eb19c9455ea3b5fa3284ed6df", "lib/external/__init__.py": "da39a3ee5e6b4b0d3255bfef95601890afd80709", "lib/external/ntplib.py": "4da8f970656505a40483206ef2b5d3dd5e81711d", "lib/server.py": "99303c836c683aa9017ec565104e636161d02acb", "lib/source_hashes.py": "60a2e02193209e8d392803326208d5466342da18", "lib/summary.py": "aa92f0a3f975eecd44d3c0cd0236342ccc9f941d", "lib/time_sync.py": "80894ef2389e540781ff78de94db16aa4203a14e", "server.py": "c3f90f2f7eeb4db30727556d0c815ebc89b3d28b", "tests/unit/__init__.py": "da39a3ee5e6b4b0d3255bfef95601890afd80709", "tests/unit/test_server.py": "948c1995d4008bc2aa6c4046a34ffa3858d6d671", "tests/unit/test_source_hashes.py": "00468a2907583c593e6574a1f6b404e4651c221a"}, "modules": {"ptd_client_server.lib.client": "lib/client.py", "ptd_client_server.lib.common": "lib/common.py", "ptd_client_server.lib.external.ntplib": "lib/external/ntplib.py", "ptd_client_server.lib.source_hashes": "lib/source_hashes.py", "ptd_client_server.lib.summary": "lib/summary.py", "ptd_client_server.lib.time_sync": "lib/time_sync.py"}}
client 2024-01-29 11:13:15,165 [INFO] Running workload in ranging mode
client 2024-01-29 11:13:15,165 [INFO] Synchronizing with the server and with time.google.com...
client 2024-01-29 11:13:15,187 [INFO] NTP:offset = -0.003 s, delay = 0.020 s 
client 2024-01-29 11:13:15,187 [INFO] Sending command to the server: 'time'
client 2024-01-29 11:13:15,190 [INFO] Got response: '1706526795.1897695'
client 2024-01-29 11:13:15,190 [INFO] The time difference between the client and the server is within range -2.593 ms..0.865 ms
client 2024-01-29 11:13:15,190 [INFO] Sending command to the server: 'session,2024-01-29_11-13-15,start,ranging'
client 2024-01-29 11:13:43,274 [INFO] Got response: 'OK'
client 2024-01-29 11:13:43,276 [INFO] Sending command to the server: 'time'
client 2024-01-29 11:13:43,280 [INFO] Got response: '1706526823.2799096'
client 2024-01-29 11:13:43,281 [INFO] The time difference between the client and the server is within range -3.188 ms..1.024 ms
client 2024-01-29 11:13:43,281 [INFO] Running the workload 'CM_MLPERF_RUN_COUNT=$(cat ${CM_RUN_DIR}/count.txt); echo ${CM_MLPERF_RUN_COUNT}; CM_MLPERF_RUN_COUNT=$((CM_MLPERF_RUN_COUNT+1)); echo ${CM_MLPERF_RUN_COUNT} > ${CM_RUN_DIR}/count.txt && if [ ${CM_MLPERF_RUN_COUNT} -eq "1" ]; then export CM_MLPERF_USER_CONF=${CM_MLPERF_RANGING_USER_CONF}; else export CM_MLPERF_USER_CONF=${CM_MLPERF_TESTING_USER_CONF}; fi && /mnt/CM/repos/ctuning@mlcommons-ck/cm-mlops/script/benchmark-any-mlperf-inference-implementation/run.out'
client 2024-01-29 11:18:46,006 [INFO] Sending command to the server: 'time'
client 2024-01-29 11:18:46,011 [INFO] Got response: '1706527126.010226'
client 2024-01-29 11:18:46,012 [INFO] The time difference between the client and the server is within range -4.111 ms..1.732 ms
client 2024-01-29 11:18:46,012 [INFO] Sending command to the server: 'session,2024-01-29_11-13-15,stop,ranging'
client 2024-01-29 11:18:56,379 [INFO] Got response: 'OK'
client 2024-01-29 11:18:56,380 [INFO] Sending command to the server: 'time'
client 2024-01-29 11:18:56,383 [INFO] Got response: '1706527136.383241'
client 2024-01-29 11:18:56,384 [INFO] The time difference between the client and the server is within range -2.852 ms..0.898 ms
client 2024-01-29 11:18:56,435 [INFO] Copying loadgen logs from '/home/arjun/results_dir/valid_results/orin-tflite_cpp-cpu-tflite-vmaster-default_config/mobilenet-v2-precision_float-0.5-192/singlestream/performance/run_1' to '/home/arjun/results_dir/valid_results/orin-tflite_cpp-cpu-tflite-vmaster-default_config/mobilenet-v2-precision_float-0.5-192/singlestream/performance/tmp_power/ranging'
client 2024-01-29 11:18:56,439 [INFO] Running workload in testing mode
client 2024-01-29 11:18:56,439 [INFO] Synchronizing with the server and with time.google.com...
client 2024-01-29 11:18:56,466 [INFO] NTP:offset = -0.003 s, delay = 0.023 s 
client 2024-01-29 11:18:56,467 [INFO] Sending command to the server: 'time'
client 2024-01-29 11:18:56,470 [INFO] Got response: '1706527136.4699788'
client 2024-01-29 11:18:56,470 [INFO] The time difference between the client and the server is within range -2.892 ms..0.809 ms
client 2024-01-29 11:18:56,471 [INFO] Sending command to the server: 'session,2024-01-29_11-13-15,start,testing'
client 2024-01-29 11:19:09,495 [INFO] Got response: 'OK'
client 2024-01-29 11:19:09,495 [INFO] Sending command to the server: 'time'
client 2024-01-29 11:19:09,498 [INFO] Got response: '1706527149.4983485'
client 2024-01-29 11:19:09,499 [INFO] The time difference between the client and the server is within range -2.738 ms..0.818 ms
client 2024-01-29 11:19:09,499 [INFO] Running the workload 'CM_MLPERF_RUN_COUNT=$(cat ${CM_RUN_DIR}/count.txt); echo ${CM_MLPERF_RUN_COUNT}; CM_MLPERF_RUN_COUNT=$((CM_MLPERF_RUN_COUNT+1)); echo ${CM_MLPERF_RUN_COUNT} > ${CM_RUN_DIR}/count.txt && if [ ${CM_MLPERF_RUN_COUNT} -eq "1" ]; then export CM_MLPERF_USER_CONF=${CM_MLPERF_RANGING_USER_CONF}; else export CM_MLPERF_USER_CONF=${CM_MLPERF_TESTING_USER_CONF}; fi && /mnt/CM/repos/ctuning@mlcommons-ck/cm-mlops/script/benchmark-any-mlperf-inference-implementation/run.out'
client 2024-01-29 11:29:14,190 [INFO] Sending command to the server: 'time'
client 2024-01-29 11:29:14,194 [INFO] Got response: '1706527754.1931279'
client 2024-01-29 11:29:14,194 [INFO] The time difference between the client and the server is within range -3.250 ms..1.769 ms
client 2024-01-29 11:29:14,195 [INFO] Sending command to the server: 'session,2024-01-29_11-13-15,stop,testing'
client 2024-01-29 11:29:24,556 [INFO] Got response: 'OK'
client 2024-01-29 11:29:24,557 [INFO] Sending command to the server: 'time'
client 2024-01-29 11:29:24,560 [INFO] Got response: '1706527764.5591483'
client 2024-01-29 11:29:24,560 [INFO] The time difference between the client and the server is within range -1.979 ms..1.694 ms
client 2024-01-29 11:29:24,566 [INFO] Copying loadgen logs from '/home/arjun/results_dir/valid_results/orin-tflite_cpp-cpu-tflite-vmaster-default_config/mobilenet-v2-precision_float-0.5-192/singlestream/performance/run_1' to '/home/arjun/results_dir/valid_results/orin-tflite_cpp-cpu-tflite-vmaster-default_config/mobilenet-v2-precision_float-0.5-192/singlestream/performance/tmp_power/run_1'
client 2024-01-29 11:29:24,568 [INFO] Done runs
