Graph file: /home/ubuntu/CM/repos/local/cache/df215aa3731a4cb0/efficientnet-lite2/efficientnet-lite2-int8.tflite
Image dir: /home/ubuntu/CM/repos/local/cache/144616b7251b4f6a
Image list: /home/ubuntu/CM/repos/local/cache/144616b7251b4f6a/preprocessed_files.txt
Image size: 260
Image channels: 3
Prediction classes: 1000
Result dir: /home/ubuntu/CM/repos/local/cache/0d27aeefb8a44716/valid_results/t2.xlarge-tflite_cpp-cpu-tflite-vmaster-default_config/efficientnet-int8-lite2/singlestream/performance/run_1
How many images fit in memory buffer: 1024
Normalize: 1
Subtract mean: 0
Run time preprocessing: 1
Number of Threads: 4
Number of available imagefiles: 50000

Loading graph...
INFO: Created TensorFlow Lite XNNPACK delegate for CPU.
Input tensor dimensions (NHWC): 1*260*260*3
Output tensor dimensions: 1*1000
Path to mlperf.conf : /home/ubuntu/CM/repos/local/cache/b04c5c62d3014951/inference/mlperf.conf
Path to user.conf : /home/ubuntu/CM/repos/ctuning@mlcommons-ck/cm-mlops/script/generate-mlperf-inference-user-conf/tmp/9d268480ffd349d2a27387f64b6a7fe6.conf
Model Name: efficientnet
LoadGen Scenario: SingleStream
LoadGen Mode: performance
