client 2024-02-22 08:28:33,820 [INFO] Sending command to the server: 'mlcommons/power client v3'
client 2024-02-22 08:28:33,822 [INFO] Got response: 'mlcommons/power server v3'
client 2024-02-22 08:28:33,822 [INFO] Sending command to the server: 'stop'
client 2024-02-22 08:28:33,826 [INFO] Got response: 'OK'
client 2024-02-22 08:28:33,826 [INFO] Synchronizing with the server and with 100.64.0.18...
client 2024-02-22 08:28:33,830 [INFO] NTP:offset = 0.000 s, delay = 0.001 s 
client 2024-02-22 08:28:33,830 [INFO] Sending command to the server: 'time'
client 2024-02-22 08:28:33,833 [INFO] Got response: '1708590513.5288298'
client 2024-02-22 08:28:33,833 [INFO] The time difference between the client and the server is within range 301.614 ms..304.927 ms
client 2024-02-22 08:28:33,833 [INFO] Sending command to the server: 'new,,e38095cc-7042-4705-9415-7f6ffa9f5492'
client 2024-02-22 08:28:33,839 [INFO] Got response: 'OK 2024-02-22_08-28-33,f4da531a-ab75-4c01-a4eb-c1a6541e56a1'
client 2024-02-22 08:28:33,839 [INFO] Session id is '2024-02-22_08-28-33'
client 2024-02-22 08:28:33,840 [INFO] Sources: {"sources": {"__init__.py": "da39a3ee5e6b4b0d3255bfef95601890afd80709", "client.py": "33ca4f26368777ac06e01f9567b714a4b8063886", "lib/__init__.py": "da39a3ee5e6b4b0d3255bfef95601890afd80709", "lib/client.py": "ac2aa093c8e8bbc9569b9e2a3471bc64e58a2258", "lib/common.py": "611d8b29633d331eb19c9455ea3b5fa3284ed6df", "lib/external/__init__.py": "da39a3ee5e6b4b0d3255bfef95601890afd80709", "lib/external/ntplib.py": "4da8f970656505a40483206ef2b5d3dd5e81711d", "lib/server.py": "99303c836c683aa9017ec565104e636161d02acb", "lib/source_hashes.py": "60a2e02193209e8d392803326208d5466342da18", "lib/summary.py": "aa92f0a3f975eecd44d3c0cd0236342ccc9f941d", "lib/time_sync.py": "80894ef2389e540781ff78de94db16aa4203a14e", "server.py": "c3f90f2f7eeb4db30727556d0c815ebc89b3d28b", "tests/unit/__init__.py": "da39a3ee5e6b4b0d3255bfef95601890afd80709", "tests/unit/test_server.py": "948c1995d4008bc2aa6c4046a34ffa3858d6d671", "tests/unit/test_source_hashes.py": "00468a2907583c593e6574a1f6b404e4651c221a"}, "modules": {"ptd_client_server.lib.client": "lib/client.py", "ptd_client_server.lib.common": "lib/common.py", "ptd_client_server.lib.external.ntplib": "lib/external/ntplib.py", "ptd_client_server.lib.source_hashes": "lib/source_hashes.py", "ptd_client_server.lib.summary": "lib/summary.py", "ptd_client_server.lib.time_sync": "lib/time_sync.py"}}
client 2024-02-22 08:28:33,840 [INFO] Running workload in ranging mode
client 2024-02-22 08:28:33,840 [INFO] Synchronizing with the server and with 100.64.0.18...
client 2024-02-22 08:28:33,843 [INFO] NTP:offset = 0.000 s, delay = 0.001 s 
client 2024-02-22 08:28:33,843 [INFO] Sending command to the server: 'time'
client 2024-02-22 08:28:33,845 [INFO] Got response: '1708590513.5444546'
client 2024-02-22 08:28:33,846 [INFO] The time difference between the client and the server is within range 298.742 ms..301.591 ms
client 2024-02-22 08:28:33,846 [INFO] Sending command to the server: 'session,2024-02-22_08-28-33,start,ranging'
client 2024-02-22 08:28:59,428 [INFO] Got response: 'OK'
client 2024-02-22 08:28:59,428 [INFO] Sending command to the server: 'time'
client 2024-02-22 08:28:59,431 [INFO] Got response: '1708590539.1283965'
client 2024-02-22 08:28:59,431 [INFO] The time difference between the client and the server is within range 299.866 ms..302.931 ms
client 2024-02-22 08:28:59,431 [INFO] Running the workload 'LOG_DIR=/work/build/power_logs_temp python3.8 -m code.main --benchmarks=stable-diffusion-xl \t--scenarios=Offline \t--config_ver=default_maxq \t--test_mode=PerformanceOnly  --action="run_harness" \\\n\t\t2>&1 | tee -a /work/build/power_logs/2024.02.22-08.27.42/stdout.txt \\\n\t\t&& if [ ! -d /work/build/power_logs/2024.02.22-08.27.42/ranging_tmp ]; \\\n\t\t\tthen mkdir /work/build/power_logs/2024.02.22-08.27.42/ranging_tmp \\\n\t\t\t\t&& mv /work/build/power_logs_temp/* /work/build/power_logs/2024.02.22-08.27.42/ranging_tmp/ \\\n\t\t\t\t&& cp -v /work/build/power_logs/2024.02.22-08.27.42/ranging_tmp/*/*/*/mlperf_log_detail.txt /work/build/power_logs_temp/ \\\n\t\t\t\t&& cp -v /work/build/power_logs/2024.02.22-08.27.42/ranging_tmp/*/*/*/mlperf_log_summary.txt /work/build/power_logs_temp/; \\\n\t\t\telse mkdir /work/build/power_logs/2024.02.22-08.27.42/testing_tmp \\\n\t\t\t\t&& mv /work/build/power_logs_temp/* /work/build/power_logs/2024.02.22-08.27.42/testing_tmp/ \\\n\t\t\t\t&& cp -v /work/build/power_logs/2024.02.22-08.27.42/testing_tmp/*/*/*/mlperf_log_detail.txt /work/build/power_logs_temp/ \\\n\t\t\t\t&& cp -v /work/build/power_logs/2024.02.22-08.27.42/testing_tmp/*/*/*/mlperf_log_summary.txt /work/build/power_logs_temp/; fi'
client 2024-02-22 08:43:16,059 [INFO] Sending command to the server: 'time'
client 2024-02-22 08:43:16,063 [INFO] Got response: '1708591395.7511835'
client 2024-02-22 08:43:16,063 [INFO] The time difference between the client and the server is within range 308.625 ms..312.361 ms
client 2024-02-22 08:43:16,063 [INFO] Sending command to the server: 'session,2024-02-22_08-28-33,stop,ranging'
client 2024-02-22 08:43:26,584 [INFO] Got response: 'OK'
client 2024-02-22 08:43:26,584 [INFO] Sending command to the server: 'time'
client 2024-02-22 08:43:26,585 [INFO] Got response: '1708591406.2697306'
client 2024-02-22 08:43:26,585 [INFO] The time difference between the client and the server is within range 315.056 ms..316.245 ms
client 2024-02-22 08:43:26,592 [INFO] Copying loadgen logs from '/work/build/power_logs_temp' to '/work/build/power_logs/2024.02.22-08.27.42/2024-02-22_08-28-33/ranging'
client 2024-02-22 08:43:26,593 [INFO] Running workload in testing mode
client 2024-02-22 08:43:26,593 [INFO] Synchronizing with the server and with 100.64.0.18...
client 2024-02-22 08:43:26,594 [INFO] NTP:offset = 0.000 s, delay = 0.001 s 
client 2024-02-22 08:43:26,595 [INFO] Sending command to the server: 'time'
client 2024-02-22 08:43:26,595 [INFO] Got response: '1708591406.28538'
client 2024-02-22 08:43:26,596 [INFO] The time difference between the client and the server is within range 309.654 ms..310.622 ms
client 2024-02-22 08:43:26,596 [INFO] Sending command to the server: 'session,2024-02-22_08-28-33,start,testing'
client 2024-02-22 08:43:38,914 [INFO] Got response: 'OK'
client 2024-02-22 08:43:38,914 [INFO] Sending command to the server: 'time'
client 2024-02-22 08:43:38,917 [INFO] Got response: '1708591418.5969677'
client 2024-02-22 08:43:38,918 [INFO] The time difference between the client and the server is within range 317.501 ms..320.999 ms
client 2024-02-22 08:43:38,918 [INFO] Running the workload 'LOG_DIR=/work/build/power_logs_temp python3.8 -m code.main --benchmarks=stable-diffusion-xl \t--scenarios=Offline \t--config_ver=default_maxq \t--test_mode=PerformanceOnly  --action="run_harness" \\\n\t\t2>&1 | tee -a /work/build/power_logs/2024.02.22-08.27.42/stdout.txt \\\n\t\t&& if [ ! -d /work/build/power_logs/2024.02.22-08.27.42/ranging_tmp ]; \\\n\t\t\tthen mkdir /work/build/power_logs/2024.02.22-08.27.42/ranging_tmp \\\n\t\t\t\t&& mv /work/build/power_logs_temp/* /work/build/power_logs/2024.02.22-08.27.42/ranging_tmp/ \\\n\t\t\t\t&& cp -v /work/build/power_logs/2024.02.22-08.27.42/ranging_tmp/*/*/*/mlperf_log_detail.txt /work/build/power_logs_temp/ \\\n\t\t\t\t&& cp -v /work/build/power_logs/2024.02.22-08.27.42/ranging_tmp/*/*/*/mlperf_log_summary.txt /work/build/power_logs_temp/; \\\n\t\t\telse mkdir /work/build/power_logs/2024.02.22-08.27.42/testing_tmp \\\n\t\t\t\t&& mv /work/build/power_logs_temp/* /work/build/power_logs/2024.02.22-08.27.42/testing_tmp/ \\\n\t\t\t\t&& cp -v /work/build/power_logs/2024.02.22-08.27.42/testing_tmp/*/*/*/mlperf_log_detail.txt /work/build/power_logs_temp/ \\\n\t\t\t\t&& cp -v /work/build/power_logs/2024.02.22-08.27.42/testing_tmp/*/*/*/mlperf_log_summary.txt /work/build/power_logs_temp/; fi'
client 2024-02-22 08:57:55,152 [INFO] Sending command to the server: 'time'
client 2024-02-22 08:57:55,156 [INFO] Got response: '1708592274.8166544'
client 2024-02-22 08:57:55,156 [INFO] The time difference between the client and the server is within range 335.837 ms..339.631 ms
client 2024-02-22 08:57:55,156 [INFO] Sending command to the server: 'session,2024-02-22_08-28-33,stop,testing'
client 2024-02-22 08:58:06,042 [INFO] Got response: 'OK'
client 2024-02-22 08:58:06,042 [INFO] Sending command to the server: 'time'
client 2024-02-22 08:58:06,043 [INFO] Got response: '1708592285.7168572'
client 2024-02-22 08:58:06,043 [INFO] The time difference between the client and the server is within range 325.651 ms..326.950 ms
client 2024-02-22 08:58:06,045 [INFO] Copying loadgen logs from '/work/build/power_logs_temp' to '/work/build/power_logs/2024.02.22-08.27.42/2024-02-22_08-28-33/run_1'
client 2024-02-22 08:58:06,046 [INFO] Done runs
