[2024-02-23 01:22:45,424 main.py:230 INFO] Detected system ID: KnownSystem.spr
[2024-02-23 01:22:45,786 generate_conf_files.py:107 INFO] Generated measurements/ entries for spr_TRT/bert-99/Server
[2024-02-23 01:22:45,786 __init__.py:46 INFO] Running command: ./build/bin/harness_bert --logfile_outdir="/home/cmuser/local/cache/f88c69500c934b67/valid_results/e7848e83534a-nvidia_original-gpu-tensorrt-vdefault-default_config/bert-99/server/accuracy" --logfile_prefix="mlperf_log_" --performance_sample_count=10833 --test_mode="AccuracyOnly" --gpu_batch_size=256 --mlperf_conf_path="/home/cmuser/CM/repos/local/cache/30a1e017eddd4007/inference/mlperf.conf" --tensor_path="build/preprocessed_data/squad_tokenized/input_ids.npy,build/preprocessed_data/squad_tokenized/segment_ids.npy,build/preprocessed_data/squad_tokenized/input_mask.npy" --use_graphs=true --user_conf_path="/home/cmuser/CM/repos/ctuning@mlcommons-ck/cm-mlops/script/generate-mlperf-inference-user-conf/tmp/69ffa487cb794d50b416448487c34540.conf" --gpu_inference_streams=2 --gpu_copy_streams=1 --gpu_engines="./build/engines/spr/bert/Server/bert-Server-gpu-int8_S_384_B_256_P_2_vs.custom_k_99_MaxP.plan" --scenario Server --model bert
[2024-02-23 01:22:45,786 __init__.py:53 INFO] Overriding Environment
benchmark : Benchmark.BERT
buffer_manager_thread_count : 0
coalesced_tensor : True
data_dir : /home/cmuser/local/cache/b1f8faeaa7384886/data
enable_interleaved : False
gpu_batch_size : 256
gpu_copy_streams : 1
gpu_inference_streams : 2
input_dtype : int32
input_format : linear
log_dir : /home/cmuser/CM/repos/local/cache/8fc141ed37f54f54/repo/closed/NVIDIA/build/logs/2024.02.23-01.22.44
mlperf_conf_path : /home/cmuser/CM/repos/local/cache/30a1e017eddd4007/inference/mlperf.conf
precision : int8
preprocessed_data_dir : /home/cmuser/local/cache/b1f8faeaa7384886/preprocessed_data
scenario : Scenario.Server
server_target_qps : 7700
server_target_qps_adj_factor : 0.0
system : SystemConfiguration(host_cpu_conf=CPUConfiguration(layout={CPU(name='Intel(R) Xeon(R) w7-2495X', architecture=<CPUArchitecture.x86_64: AliasedName(name='x86_64', aliases=(), patterns=())>, core_count=24, threads_per_core=2): 1}), host_mem_conf=MemoryConfiguration(host_memory_capacity=Memory(quantity=197.33004, byte_suffix=<ByteSuffix.GB: (1000, 3)>, _num_bytes=197330040000), comparison_tolerance=0.05), accelerator_conf=AcceleratorConfiguration(layout=defaultdict(<class 'int'>, {GPU(name='NVIDIA GeForce RTX 4090', accelerator_type=<AcceleratorType.Discrete: AliasedName(name='Discrete', aliases=(), patterns=())>, vram=Memory(quantity=23.98828125, byte_suffix=<ByteSuffix.GiB: (1024, 3)>, _num_bytes=25757220864), max_power_limit=450.0, pci_id='0x268410DE', compute_sm=89): 2})), numa_conf=None, system_id='spr')
tensor_path : build/preprocessed_data/squad_tokenized/input_ids.npy,build/preprocessed_data/squad_tokenized/segment_ids.npy,build/preprocessed_data/squad_tokenized/input_mask.npy
test_mode : AccuracyOnly
use_graphs : True
use_small_tile_gemm_plugin : True
user_conf_path : /home/cmuser/CM/repos/ctuning@mlcommons-ck/cm-mlops/script/generate-mlperf-inference-user-conf/tmp/69ffa487cb794d50b416448487c34540.conf
system_id : spr
config_name : spr_bert_Server
workload_setting : WorkloadSetting(HarnessType.Custom, AccuracyTarget.k_99, PowerSetting.MaxP)
optimization_level : plugin-enabled
use_cpu : False
use_inferentia : False
num_profiles : 1
config_ver : custom_k_99_MaxP
accuracy_level : 99%
inference_server : custom
skip_file_checks : True
power_limit : None
cpu_freq : None
&&&& RUNNING BERT_HARNESS # ./build/bin/harness_bert
I0223 01:22:45.843147 63572 main_bert.cc:163] Found 2 GPUs
I0223 01:22:45.984385 63572 bert_server.cc:142] Engine Path: ./build/engines/spr/bert/Server/bert-Server-gpu-int8_S_384_B_256_P_2_vs.custom_k_99_MaxP.plan
[I] [TRT] Loaded engine size: 608 MiB
[I] [TRT] Loaded engine size: 608 MiB
[W] [TRT] Using an engine plan file across different models of devices is not recommended and is likely to affect performance or even cause errors.
[I] [TRT] [MemUsageChange] Init cuBLAS/cuBLASLt: CPU +24, GPU +8, now: CPU 1637, GPU 1031 (MiB)
[I] [TRT] [MemUsageChange] Init cuDNN: CPU +3, GPU +10, now: CPU 1640, GPU 1041 (MiB)
[I] [TRT] [MemUsageChange] TensorRT-managed allocation in engine deserialization: CPU +0, GPU +194, now: CPU 0, GPU 194 (MiB)
[I] [TRT] [MemUsageChange] Init cuBLAS/cuBLASLt: CPU +6, GPU +8, now: CPU 1697, GPU 739 (MiB)
[I] [TRT] [MemUsageChange] Init cuDNN: CPU +2, GPU +10, now: CPU 1699, GPU 749 (MiB)
[I] [TRT] [MemUsageChange] TensorRT-managed allocation in engine deserialization: CPU +0, GPU +97, now: CPU 0, GPU 194 (MiB)
I0223 01:22:46.825603 63572 bert_server.cc:203] Engines Creation Completed
I0223 01:22:46.839756 63572 bert_server.cc:208] Use CUDA graphs
I0223 01:22:46.839946 63572 bert_core_vs.cc:385] Engine - Device Memory requirements: 704644608
I0223 01:22:46.839967 63572 bert_core_vs.cc:393] Engine - Number of Optimization Profiles: 2
I0223 01:22:46.839972 63572 bert_core_vs.cc:415] Engine - Profile 0 maxDims 98304 Bmax=256 Smax=384
[I] [TRT] [MemUsageChange] Init cuBLAS/cuBLASLt: CPU +0, GPU +8, now: CPU 1090, GPU 1707 (MiB)
[I] [TRT] [MemUsageChange] Init cuDNN: CPU +0, GPU +8, now: CPU 1090, GPU 1715 (MiB)
I0223 01:22:47.234040 63572 bert_core_vs.cc:426] Setting Opt.Prof. to 0
I0223 01:22:47.234061 63572 bert_core_vs.cc:444] Context creation complete. Max supported batchSize: 256
[I] [TRT] [MemUsageChange] TensorRT-managed allocation in IExecutionContext creation: CPU +0, GPU +0, now: CPU 0, GPU 194 (MiB)
I0223 01:22:47.234228 63572 bert_core_vs.cc:476] Setup complete
I0223 01:22:47.234427 63572 bert_core_vs.cc:385] Engine - Device Memory requirements: 704644608
I0223 01:22:47.234431 63572 bert_core_vs.cc:393] Engine - Number of Optimization Profiles: 2
I0223 01:22:47.234433 63572 bert_core_vs.cc:415] Engine - Profile 0 maxDims 98304 Bmax=256 Smax=384
[I] [TRT] [MemUsageChange] Init cuBLAS/cuBLASLt: CPU +0, GPU +8, now: CPU 1602, GPU 1415 (MiB)
[I] [TRT] [MemUsageChange] Init cuDNN: CPU +2, GPU +8, now: CPU 1604, GPU 1423 (MiB)
I0223 01:22:47.659734 63572 bert_core_vs.cc:426] Setting Opt.Prof. to 0
I0223 01:22:47.659755 63572 bert_core_vs.cc:444] Context creation complete. Max supported batchSize: 256
I0223 01:22:47.659899 63572 bert_core_vs.cc:476] Setup complete
[I] [TRT] [MemUsageChange] TensorRT-managed allocation in IExecutionContext creation: CPU +0, GPU +0, now: CPU 0, GPU 194 (MiB)
I0223 01:22:59.340801 63581 bert_core_vs.cc:352] Created 200 CUDA graphs
I0223 01:22:59.726933 63583 bert_core_vs.cc:352] Created 200 CUDA graphs
I0223 01:22:59.727741 63572 bert_core_vs.cc:385] Engine - Device Memory requirements: 704644608
I0223 01:22:59.727778 63572 bert_core_vs.cc:393] Engine - Number of Optimization Profiles: 2
I0223 01:22:59.727794 63572 bert_core_vs.cc:415] Engine - Profile 1 maxDims 98304 Bmax=256 Smax=384
[I] [TRT] [MemUsageChange] Init cuBLAS/cuBLASLt: CPU +0, GPU +8, now: CPU 2530, GPU 5199 (MiB)
[I] [TRT] [MemUsageChange] Init cuDNN: CPU +0, GPU +10, now: CPU 2530, GPU 5209 (MiB)
I0223 01:23:00.053157 63572 bert_core_vs.cc:426] Setting Opt.Prof. to 1
I0223 01:23:00.053267 63572 bert_core_vs.cc:444] Context creation complete. Max supported batchSize: 256
[I] [TRT] Could not set default profile 0 for execution context. Profile index must be set explicitly.
[I] [TRT] [MemUsageChange] TensorRT-managed allocation in IExecutionContext creation: CPU +0, GPU +0, now: CPU 0, GPU 194 (MiB)
I0223 01:23:00.054078 63572 bert_core_vs.cc:476] Setup complete
I0223 01:23:00.054284 63572 bert_core_vs.cc:385] Engine - Device Memory requirements: 704644608
I0223 01:23:00.054288 63572 bert_core_vs.cc:393] Engine - Number of Optimization Profiles: 2
I0223 01:23:00.054293 63572 bert_core_vs.cc:415] Engine - Profile 1 maxDims 98304 Bmax=256 Smax=384
[I] [TRT] [MemUsageChange] Init cuBLAS/cuBLASLt: CPU +0, GPU +8, now: CPU 3042, GPU 4907 (MiB)
[I] [TRT] [MemUsageChange] Init cuDNN: CPU +0, GPU +10, now: CPU 3042, GPU 4917 (MiB)
I0223 01:23:00.387513 63572 bert_core_vs.cc:426] Setting Opt.Prof. to 1
[I] [TRT] Could not set default profile 0 for execution context. Profile index must be set explicitly.
[I] [TRT] [MemUsageChange] TensorRT-managed allocation in IExecutionContext creation: CPU +0, GPU +0, now: CPU 0, GPU 194 (MiB)
I0223 01:23:00.387619 63572 bert_core_vs.cc:444] Context creation complete. Max supported batchSize: 256
I0223 01:23:00.388437 63572 bert_core_vs.cc:476] Setup complete
I0223 01:23:12.199720 63585 bert_core_vs.cc:352] Created 200 CUDA graphs
I0223 01:23:12.467559 63587 bert_core_vs.cc:352] Created 200 CUDA graphs
I0223 01:23:12.929399 63572 main_bert.cc:184] Starting running actual test.
I0223 01:23:14.516340 63572 main_bert.cc:190] Finished running actual test.

No warnings encountered during test.

No errors encountered during test.
[2024-02-23 01:23:14,966 run_harness.py:170 INFO] Result: Accuracy run detected.
[2024-02-23 01:23:14,967 __init__.py:46 INFO] Running command: PYTHONPATH=code/bert/tensorrt/helpers:/home/cmuser/CM/repos/local/cache/8fc141ed37f54f54/repo/closed/NVIDIA:/home/cmuser/CM/repos/local/cache/30a1e017eddd4007/inference/vision/classification_and_detection/python:/home/cmuser/CM/repos/local/cache/30a1e017eddd4007/inference/tools/submission:/home/cmuser/CM/repos/ctuning@mlcommons-ck/cm-mlops/script/get-mlperf-inference-utils:/usr/lib/python38.zip:/usr/lib/python3.8:/usr/lib/python3.8/lib-dynload:/home/cmuser/.local/lib/python3.8/site-packages:/usr/local/lib/python3.8/dist-packages:/usr/lib/python3/dist-packages:/usr/lib/python3.8/dist-packages python3 -S /home/cmuser/CM/repos/local/cache/8fc141ed37f54f54/repo/closed/NVIDIA/build/inference/language/bert/accuracy-squad.py --log_file /home/cmuser/local/cache/f88c69500c934b67/valid_results/e7848e83534a-nvidia_original-gpu-tensorrt-vdefault-default_config/bert-99/server/accuracy/mlperf_log_accuracy.json --vocab_file build/models/bert/vocab.txt --val_data /home/cmuser/local/cache/b1f8faeaa7384886/data/squad/dev-v1.1.json --out_file /home/cmuser/local/cache/f88c69500c934b67/valid_results/e7848e83534a-nvidia_original-gpu-tensorrt-vdefault-default_config/bert-99/server/accuracy/predictions.json --output_dtype float16
{"exact_match": 82.77199621570483, "f1": 90.25897829249658}
Reading examples...
Loading cached features from 'eval_features.pickle'...
Loading LoadGen logs...
Post-processing predictions...
Writing predictions to: /home/cmuser/local/cache/f88c69500c934b67/valid_results/e7848e83534a-nvidia_original-gpu-tensorrt-vdefault-default_config/bert-99/server/accuracy/predictions.json
Evaluating predictions...
 
======================== Result summaries: ========================

