[2024-02-23 01:54:24,275 main.py:230 INFO] Detected system ID: KnownSystem.spr
[2024-02-23 01:54:24,627 generate_conf_files.py:107 INFO] Generated measurements/ entries for spr_TRT/bert-99/Server
[2024-02-23 01:54:24,627 __init__.py:46 INFO] Running command: ./build/bin/harness_bert --logfile_outdir="/home/cmuser/local/cache/f88c69500c934b67/valid_results/e7848e83534a-nvidia_original-gpu-tensorrt-vdefault-default_config/bert-99/server/performance/run_1" --logfile_prefix="mlperf_log_" --performance_sample_count=10833 --test_mode="PerformanceOnly" --gpu_batch_size=256 --mlperf_conf_path="/home/cmuser/CM/repos/local/cache/30a1e017eddd4007/inference/mlperf.conf" --tensor_path="build/preprocessed_data/squad_tokenized/input_ids.npy,build/preprocessed_data/squad_tokenized/segment_ids.npy,build/preprocessed_data/squad_tokenized/input_mask.npy" --use_graphs=true --user_conf_path="/home/cmuser/CM/repos/ctuning@mlcommons-ck/cm-mlops/script/generate-mlperf-inference-user-conf/tmp/a4efb1857aa940a7a47e8e0178681c6e.conf" --gpu_inference_streams=2 --gpu_copy_streams=1 --gpu_engines="./build/engines/spr/bert/Server/bert-Server-gpu-int8_S_384_B_256_P_2_vs.custom_k_99_MaxP.plan" --scenario Server --model bert
[2024-02-23 01:54:24,627 __init__.py:53 INFO] Overriding Environment
benchmark : Benchmark.BERT
buffer_manager_thread_count : 0
coalesced_tensor : True
data_dir : /home/cmuser/local/cache/b1f8faeaa7384886/data
enable_interleaved : False
gpu_batch_size : 256
gpu_copy_streams : 1
gpu_inference_streams : 2
input_dtype : int32
input_format : linear
log_dir : /home/cmuser/CM/repos/local/cache/8fc141ed37f54f54/repo/closed/NVIDIA/build/logs/2024.02.23-01.54.23
mlperf_conf_path : /home/cmuser/CM/repos/local/cache/30a1e017eddd4007/inference/mlperf.conf
precision : int8
preprocessed_data_dir : /home/cmuser/local/cache/b1f8faeaa7384886/preprocessed_data
scenario : Scenario.Server
server_target_qps : 7700
server_target_qps_adj_factor : 0.0
system : SystemConfiguration(host_cpu_conf=CPUConfiguration(layout={CPU(name='Intel(R) Xeon(R) w7-2495X', architecture=<CPUArchitecture.x86_64: AliasedName(name='x86_64', aliases=(), patterns=())>, core_count=24, threads_per_core=2): 1}), host_mem_conf=MemoryConfiguration(host_memory_capacity=Memory(quantity=197.33004, byte_suffix=<ByteSuffix.GB: (1000, 3)>, _num_bytes=197330040000), comparison_tolerance=0.05), accelerator_conf=AcceleratorConfiguration(layout=defaultdict(<class 'int'>, {GPU(name='NVIDIA GeForce RTX 4090', accelerator_type=<AcceleratorType.Discrete: AliasedName(name='Discrete', aliases=(), patterns=())>, vram=Memory(quantity=23.98828125, byte_suffix=<ByteSuffix.GiB: (1024, 3)>, _num_bytes=25757220864), max_power_limit=450.0, pci_id='0x268410DE', compute_sm=89): 2})), numa_conf=None, system_id='spr')
tensor_path : build/preprocessed_data/squad_tokenized/input_ids.npy,build/preprocessed_data/squad_tokenized/segment_ids.npy,build/preprocessed_data/squad_tokenized/input_mask.npy
test_mode : PerformanceOnly
use_graphs : True
use_small_tile_gemm_plugin : True
user_conf_path : /home/cmuser/CM/repos/ctuning@mlcommons-ck/cm-mlops/script/generate-mlperf-inference-user-conf/tmp/a4efb1857aa940a7a47e8e0178681c6e.conf
system_id : spr
config_name : spr_bert_Server
workload_setting : WorkloadSetting(HarnessType.Custom, AccuracyTarget.k_99, PowerSetting.MaxP)
optimization_level : plugin-enabled
use_cpu : False
use_inferentia : False
num_profiles : 1
config_ver : custom_k_99_MaxP
accuracy_level : 99%
inference_server : custom
skip_file_checks : True
power_limit : None
cpu_freq : None
&&&& RUNNING BERT_HARNESS # ./build/bin/harness_bert
I0223 01:54:24.685997 69860 main_bert.cc:163] Found 2 GPUs
I0223 01:54:24.837495 69860 bert_server.cc:142] Engine Path: ./build/engines/spr/bert/Server/bert-Server-gpu-int8_S_384_B_256_P_2_vs.custom_k_99_MaxP.plan
[I] [TRT] Loaded engine size: 608 MiB
[I] [TRT] Loaded engine size: 608 MiB
[W] [TRT] Using an engine plan file across different models of devices is not recommended and is likely to affect performance or even cause errors.
[I] [TRT] [MemUsageChange] Init cuBLAS/cuBLASLt: CPU +18, GPU +8, now: CPU 1587, GPU 1031 (MiB)
[I] [TRT] [MemUsageChange] Init cuDNN: CPU +7, GPU +10, now: CPU 1594, GPU 1041 (MiB)
[I] [TRT] [MemUsageChange] TensorRT-managed allocation in engine deserialization: CPU +0, GPU +194, now: CPU 0, GPU 194 (MiB)
[I] [TRT] [MemUsageChange] Init cuBLAS/cuBLASLt: CPU +6, GPU +8, now: CPU 1697, GPU 739 (MiB)
[I] [TRT] [MemUsageChange] Init cuDNN: CPU +2, GPU +10, now: CPU 1699, GPU 749 (MiB)
[I] [TRT] [MemUsageChange] TensorRT-managed allocation in engine deserialization: CPU +0, GPU +97, now: CPU 0, GPU 194 (MiB)
I0223 01:54:25.729995 69860 bert_server.cc:203] Engines Creation Completed
I0223 01:54:25.746089 69860 bert_server.cc:208] Use CUDA graphs
I0223 01:54:25.746280 69860 bert_core_vs.cc:385] Engine - Device Memory requirements: 704644608
I0223 01:54:25.746284 69860 bert_core_vs.cc:393] Engine - Number of Optimization Profiles: 2
I0223 01:54:25.746289 69860 bert_core_vs.cc:415] Engine - Profile 0 maxDims 98304 Bmax=256 Smax=384
[I] [TRT] [MemUsageChange] Init cuBLAS/cuBLASLt: CPU +0, GPU +8, now: CPU 1090, GPU 1707 (MiB)
[I] [TRT] [MemUsageChange] Init cuDNN: CPU +0, GPU +8, now: CPU 1090, GPU 1715 (MiB)
I0223 01:54:26.133106 69860 bert_core_vs.cc:426] Setting Opt.Prof. to 0
I0223 01:54:26.133129 69860 bert_core_vs.cc:444] Context creation complete. Max supported batchSize: 256
[I] [TRT] [MemUsageChange] TensorRT-managed allocation in IExecutionContext creation: CPU +0, GPU +0, now: CPU 0, GPU 194 (MiB)
I0223 01:54:26.133291 69860 bert_core_vs.cc:476] Setup complete
I0223 01:54:26.133496 69860 bert_core_vs.cc:385] Engine - Device Memory requirements: 704644608
I0223 01:54:26.133499 69860 bert_core_vs.cc:393] Engine - Number of Optimization Profiles: 2
I0223 01:54:26.133502 69860 bert_core_vs.cc:415] Engine - Profile 0 maxDims 98304 Bmax=256 Smax=384
[I] [TRT] [MemUsageChange] Init cuBLAS/cuBLASLt: CPU +0, GPU +8, now: CPU 1602, GPU 1415 (MiB)
[I] [TRT] [MemUsageChange] Init cuDNN: CPU +0, GPU +8, now: CPU 1602, GPU 1423 (MiB)
I0223 01:54:26.545451 69860 bert_core_vs.cc:426] Setting Opt.Prof. to 0
I0223 01:54:26.545472 69860 bert_core_vs.cc:444] Context creation complete. Max supported batchSize: 256
[I] [TRT] [MemUsageChange] TensorRT-managed allocation in IExecutionContext creation: CPU +0, GPU +0, now: CPU 0, GPU 194 (MiB)
I0223 01:54:26.545614 69860 bert_core_vs.cc:476] Setup complete
I0223 01:54:38.203557 69869 bert_core_vs.cc:352] Created 200 CUDA graphs
I0223 01:54:38.580904 69871 bert_core_vs.cc:352] Created 200 CUDA graphs
I0223 01:54:38.581640 69860 bert_core_vs.cc:385] Engine - Device Memory requirements: 704644608
I0223 01:54:38.581678 69860 bert_core_vs.cc:393] Engine - Number of Optimization Profiles: 2
I0223 01:54:38.581694 69860 bert_core_vs.cc:415] Engine - Profile 1 maxDims 98304 Bmax=256 Smax=384
[I] [TRT] [MemUsageChange] Init cuBLAS/cuBLASLt: CPU +0, GPU +8, now: CPU 2530, GPU 5199 (MiB)
[I] [TRT] [MemUsageChange] Init cuDNN: CPU +0, GPU +10, now: CPU 2530, GPU 5209 (MiB)
I0223 01:54:38.907933 69860 bert_core_vs.cc:426] Setting Opt.Prof. to 1
I0223 01:54:38.908043 69860 bert_core_vs.cc:444] Context creation complete. Max supported batchSize: 256
[I] [TRT] Could not set default profile 0 for execution context. Profile index must be set explicitly.
[I] [TRT] [MemUsageChange] TensorRT-managed allocation in IExecutionContext creation: CPU +0, GPU +0, now: CPU 0, GPU 194 (MiB)
I0223 01:54:38.908854 69860 bert_core_vs.cc:476] Setup complete
I0223 01:54:38.909173 69860 bert_core_vs.cc:385] Engine - Device Memory requirements: 704644608
I0223 01:54:38.909178 69860 bert_core_vs.cc:393] Engine - Number of Optimization Profiles: 2
I0223 01:54:38.909184 69860 bert_core_vs.cc:415] Engine - Profile 1 maxDims 98304 Bmax=256 Smax=384
[I] [TRT] [MemUsageChange] Init cuBLAS/cuBLASLt: CPU +0, GPU +8, now: CPU 3042, GPU 4907 (MiB)
[I] [TRT] [MemUsageChange] Init cuDNN: CPU +0, GPU +10, now: CPU 3042, GPU 4917 (MiB)
I0223 01:54:39.241948 69860 bert_core_vs.cc:426] Setting Opt.Prof. to 1
I0223 01:54:39.242054 69860 bert_core_vs.cc:444] Context creation complete. Max supported batchSize: 256
[I] [TRT] Could not set default profile 0 for execution context. Profile index must be set explicitly.
[I] [TRT] [MemUsageChange] TensorRT-managed allocation in IExecutionContext creation: CPU +0, GPU +0, now: CPU 0, GPU 194 (MiB)
I0223 01:54:39.242848 69860 bert_core_vs.cc:476] Setup complete
I0223 01:54:51.017648 69873 bert_core_vs.cc:352] Created 200 CUDA graphs
I0223 01:54:51.300726 69875 bert_core_vs.cc:352] Created 200 CUDA graphs
I0223 01:54:51.761726 69860 main_bert.cc:184] Starting running actual test.
I0223 02:04:55.423377 69860 main_bert.cc:190] Finished running actual test.
================================================
MLPerf Results Summary
================================================
SUT name : BERT SERVER
Scenario : Server
Mode     : PerformanceOnly
Scheduled samples per second : 7693.92
Result is : VALID
  Performance constraints satisfied : Yes
  Min duration satisfied : Yes
  Min queries satisfied : Yes
  Early stopping satisfied: Yes
Early Stopping Result:
 * Run successful.

================================================
Additional Stats
================================================
Completed samples per second    : 7693.07

Min latency (ns)                : 3274374
Max latency (ns)                : 175371035
Mean latency (ns)               : 60903919
50.00 percentile latency (ns)   : 58462920
90.00 percentile latency (ns)   : 90588269
95.00 percentile latency (ns)   : 100875376
97.00 percentile latency (ns)   : 107528417
99.00 percentile latency (ns)   : 120410629
99.90 percentile latency (ns)   : 142825396

================================================
Test Parameters Used
================================================
samples_per_query : 1
target_qps : 7700
target_latency (ns): 130000000
max_async_queries : 0
min_duration (ms): 600000
max_duration (ms): 0
min_query_count : 100
max_query_count : 0
qsl_rng_seed : 13281865557512327830
sample_index_rng_seed : 198141574272810017
schedule_rng_seed : 7575108116881280410
accuracy_log_rng_seed : 0
accuracy_log_probability : 0
accuracy_log_sampling_target : 0
print_timestamps : 0
performance_issue_unique : 0
performance_issue_same : 0
performance_issue_same_index : 0
performance_sample_count : 10833

No warnings encountered during test.

No errors encountered during test.
[2024-02-23 02:04:55,876 run_harness.py:170 INFO] Result: result_scheduled_samples_per_sec: 7693.92, Result is VALID
 
======================== Result summaries: ========================

