Graph file: /home/ubuntu/CM/repos/local/cache/24bd28c22a34471d/mobilenet_v2_0.5_160.tflite
Image dir: /home/ubuntu/CM/repos/local/cache/34fdd59410f44cc6
Image list: /home/ubuntu/CM/repos/local/cache/34fdd59410f44cc6/preprocessed_files.txt
Image size: 160
Image channels: 3
Prediction classes: 1000
Result dir: /home/ubuntu/CM/repos/local/cache/53b88ca721a64101/valid_results/c5a.xlarge-tflite_cpp-cpu-tflite-vmaster-with_live_preprocessing/mobilenet-v2-precision_float-0.5-160/singlestream/performance/run_1
How many images fit in memory buffer: 1024
Normalize: 1
Subtract mean: 0
Run time preprocessing: 1
Number of Threads: 4
Number of available imagefiles: 50000

Loading graph...
INFO: Created TensorFlow Lite XNNPACK delegate for CPU.
Input tensor dimensions (NHWC): 1*160*160*3
Output tensor dimensions: 1*1001
Path to mlperf.conf : /home/ubuntu/CM/repos/local/cache/a34955efa6f84c88/inference/mlperf.conf
Path to user.conf : /home/ubuntu/CM/repos/ctuning@mlcommons-ck/cm-mlops/script/generate-mlperf-inference-user-conf/tmp/94d9b9cb31c04a62b24c10d2a1c193e1.conf
Model Name: mobilenet
LoadGen Scenario: SingleStream
LoadGen Mode: performance
