client 2024-02-01 16:13:15,638 [INFO] Creating output directory '/home/arjun/results_dir/valid_results/orin-tflite_armnn_cpp-cpu-armnn_tflite-v23.05-using_neon/mobilenet-v3-precision_uint8-large-minimalistic-224/singlestream/performance/tmp_power'
client 2024-02-01 16:13:15,829 [INFO] Sending command to the server: 'mlcommons/power client v3'
client 2024-02-01 16:13:15,832 [INFO] Got response: 'mlcommons/power server v3'
client 2024-02-01 16:13:15,832 [INFO] Synchronizing with the server and with time.google.com...
client 2024-02-01 16:13:15,866 [INFO] NTP:offset = 0.001 s, delay = 0.026 s 
client 2024-02-01 16:13:15,867 [INFO] Sending command to the server: 'time'
client 2024-02-01 16:13:15,869 [INFO] Got response: '1706803995.8680048'
client 2024-02-01 16:13:15,869 [INFO] The time difference between the client and the server is within range -0.941 ms..1.940 ms
client 2024-02-01 16:13:15,870 [INFO] Sending command to the server: 'new,,fe1b8795-517a-4a6d-a3ba-533ed2fbd3e4'
client 2024-02-01 16:13:15,872 [INFO] Got response: 'OK 2024-02-01_16-13-15,aa7a704d-584a-4d49-8d73-84e03a810eea'
client 2024-02-01 16:13:15,872 [INFO] Session id is '2024-02-01_16-13-15'
client 2024-02-01 16:13:15,873 [INFO] Sources: {"sources": {"__init__.py": "da39a3ee5e6b4b0d3255bfef95601890afd80709", "client.py": "33ca4f26368777ac06e01f9567b714a4b8063886", "lib/__init__.py": "da39a3ee5e6b4b0d3255bfef95601890afd80709", "lib/client.py": "ac2aa093c8e8bbc9569b9e2a3471bc64e58a2258", "lib/common.py": "611d8b29633d331eb19c9455ea3b5fa3284ed6df", "lib/external/__init__.py": "da39a3ee5e6b4b0d3255bfef95601890afd80709", "lib/external/ntplib.py": "4da8f970656505a40483206ef2b5d3dd5e81711d", "lib/server.py": "99303c836c683aa9017ec565104e636161d02acb", "lib/source_hashes.py": "60a2e02193209e8d392803326208d5466342da18", "lib/summary.py": "aa92f0a3f975eecd44d3c0cd0236342ccc9f941d", "lib/time_sync.py": "80894ef2389e540781ff78de94db16aa4203a14e", "server.py": "c3f90f2f7eeb4db30727556d0c815ebc89b3d28b", "tests/unit/__init__.py": "da39a3ee5e6b4b0d3255bfef95601890afd80709", "tests/unit/test_server.py": "948c1995d4008bc2aa6c4046a34ffa3858d6d671", "tests/unit/test_source_hashes.py": "00468a2907583c593e6574a1f6b404e4651c221a"}, "modules": {"ptd_client_server.lib.client": "lib/client.py", "ptd_client_server.lib.common": "lib/common.py", "ptd_client_server.lib.external.ntplib": "lib/external/ntplib.py", "ptd_client_server.lib.source_hashes": "lib/source_hashes.py", "ptd_client_server.lib.summary": "lib/summary.py", "ptd_client_server.lib.time_sync": "lib/time_sync.py"}}
client 2024-02-01 16:13:15,873 [INFO] Running workload in ranging mode
client 2024-02-01 16:13:15,873 [INFO] Synchronizing with the server and with time.google.com...
client 2024-02-01 16:13:15,895 [INFO] NTP:offset = 0.000 s, delay = 0.020 s 
client 2024-02-01 16:13:15,896 [INFO] Sending command to the server: 'time'
client 2024-02-01 16:13:15,898 [INFO] Got response: '1706803995.897177'
client 2024-02-01 16:13:15,898 [INFO] The time difference between the client and the server is within range -1.032 ms..1.362 ms
client 2024-02-01 16:13:15,898 [INFO] Sending command to the server: 'session,2024-02-01_16-13-15,start,ranging'
client 2024-02-01 16:13:44,042 [INFO] Got response: 'OK'
client 2024-02-01 16:13:44,044 [INFO] Sending command to the server: 'time'
client 2024-02-01 16:13:44,047 [INFO] Got response: '1706804024.0466256'
client 2024-02-01 16:13:44,048 [INFO] The time difference between the client and the server is within range -1.876 ms..1.488 ms
client 2024-02-01 16:13:44,048 [INFO] Running the workload 'CM_MLPERF_RUN_COUNT=$(cat ${CM_RUN_DIR}/count.txt); echo ${CM_MLPERF_RUN_COUNT}; CM_MLPERF_RUN_COUNT=$((CM_MLPERF_RUN_COUNT+1)); echo ${CM_MLPERF_RUN_COUNT} > ${CM_RUN_DIR}/count.txt && if [ ${CM_MLPERF_RUN_COUNT} -eq "1" ]; then export CM_MLPERF_USER_CONF=${CM_MLPERF_RANGING_USER_CONF}; else export CM_MLPERF_USER_CONF=${CM_MLPERF_TESTING_USER_CONF}; fi && /mnt/CM/repos/ctuning@mlcommons-ck/cm-mlops/script/benchmark-any-mlperf-inference-implementation/run.out'
client 2024-02-01 16:18:46,552 [INFO] Sending command to the server: 'time'
client 2024-02-01 16:18:46,556 [INFO] Got response: '1706804326.5562396'
client 2024-02-01 16:18:46,556 [INFO] The time difference between the client and the server is within range -4.032 ms..0.364 ms
client 2024-02-01 16:18:46,556 [INFO] Sending command to the server: 'session,2024-02-01_16-13-15,stop,ranging'
client 2024-02-01 16:18:57,212 [INFO] Got response: 'OK'
client 2024-02-01 16:18:57,213 [INFO] Sending command to the server: 'time'
client 2024-02-01 16:18:57,216 [INFO] Got response: '1706804337.2169948'
client 2024-02-01 16:18:57,217 [INFO] The time difference between the client and the server is within range -3.680 ms..0.087 ms
client 2024-02-01 16:18:57,234 [INFO] Copying loadgen logs from '/home/arjun/results_dir/valid_results/orin-tflite_armnn_cpp-cpu-armnn_tflite-v23.05-using_neon/mobilenet-v3-precision_uint8-large-minimalistic-224/singlestream/performance/run_1' to '/home/arjun/results_dir/valid_results/orin-tflite_armnn_cpp-cpu-armnn_tflite-v23.05-using_neon/mobilenet-v3-precision_uint8-large-minimalistic-224/singlestream/performance/tmp_power/ranging'
client 2024-02-01 16:18:57,236 [INFO] Running workload in testing mode
client 2024-02-01 16:18:57,236 [INFO] Synchronizing with the server and with time.google.com...
client 2024-02-01 16:18:57,262 [INFO] NTP:offset = 0.002 s, delay = 0.020 s 
client 2024-02-01 16:18:57,262 [INFO] Sending command to the server: 'time'
client 2024-02-01 16:18:57,266 [INFO] Got response: '1706804337.2659607'
client 2024-02-01 16:18:57,266 [INFO] The time difference between the client and the server is within range -3.707 ms..0.293 ms
client 2024-02-01 16:18:57,266 [INFO] Sending command to the server: 'session,2024-02-01_16-13-15,start,testing'
client 2024-02-01 16:19:10,290 [INFO] Got response: 'OK'
client 2024-02-01 16:19:10,291 [INFO] Sending command to the server: 'time'
client 2024-02-01 16:19:10,295 [INFO] Got response: '1706804350.2950647'
client 2024-02-01 16:19:10,295 [INFO] The time difference between the client and the server is within range -3.465 ms..0.776 ms
client 2024-02-01 16:19:10,296 [INFO] Running the workload 'CM_MLPERF_RUN_COUNT=$(cat ${CM_RUN_DIR}/count.txt); echo ${CM_MLPERF_RUN_COUNT}; CM_MLPERF_RUN_COUNT=$((CM_MLPERF_RUN_COUNT+1)); echo ${CM_MLPERF_RUN_COUNT} > ${CM_RUN_DIR}/count.txt && if [ ${CM_MLPERF_RUN_COUNT} -eq "1" ]; then export CM_MLPERF_USER_CONF=${CM_MLPERF_RANGING_USER_CONF}; else export CM_MLPERF_USER_CONF=${CM_MLPERF_TESTING_USER_CONF}; fi && /mnt/CM/repos/ctuning@mlcommons-ck/cm-mlops/script/benchmark-any-mlperf-inference-implementation/run.out'
client 2024-02-01 16:29:14,856 [INFO] Sending command to the server: 'time'
client 2024-02-01 16:29:14,859 [INFO] Got response: '1706804954.861928'
client 2024-02-01 16:29:14,859 [INFO] The time difference between the client and the server is within range -5.812 ms..-2.242 ms
client 2024-02-01 16:29:14,859 [INFO] Sending command to the server: 'session,2024-02-01_16-13-15,stop,testing'
client 2024-02-01 16:29:25,336 [INFO] Got response: 'OK'
client 2024-02-01 16:29:25,337 [INFO] Sending command to the server: 'time'
client 2024-02-01 16:29:25,340 [INFO] Got response: '1706804965.3429017'
client 2024-02-01 16:29:25,340 [INFO] The time difference between the client and the server is within range -5.520 ms..-2.386 ms
client 2024-02-01 16:29:25,345 [INFO] Copying loadgen logs from '/home/arjun/results_dir/valid_results/orin-tflite_armnn_cpp-cpu-armnn_tflite-v23.05-using_neon/mobilenet-v3-precision_uint8-large-minimalistic-224/singlestream/performance/run_1' to '/home/arjun/results_dir/valid_results/orin-tflite_armnn_cpp-cpu-armnn_tflite-v23.05-using_neon/mobilenet-v3-precision_uint8-large-minimalistic-224/singlestream/performance/tmp_power/run_1'
client 2024-02-01 16:29:25,347 [INFO] Done runs
