client 2024-01-29 09:00:48,670 [INFO] Creating output directory '/home/arjun/results_dir/valid_results/orin-tflite_cpp-cpu-tflite-vmaster-default_config/mobilenet-v2-precision_float-0.75-192/singlestream/performance/tmp_power'
client 2024-01-29 09:00:48,674 [INFO] Sending command to the server: 'mlcommons/power client v3'
client 2024-01-29 09:00:48,677 [INFO] Got response: 'mlcommons/power server v3'
client 2024-01-29 09:00:48,677 [INFO] Synchronizing with the server and with time.google.com...
client 2024-01-29 09:00:48,703 [INFO] NTP:offset = -0.004 s, delay = 0.020 s 
client 2024-01-29 09:00:48,703 [INFO] Sending command to the server: 'time'
client 2024-01-29 09:00:48,706 [INFO] Got response: '1706518848.7031674'
client 2024-01-29 09:00:48,706 [INFO] The time difference between the client and the server is within range 0.002 ms..3.356 ms
client 2024-01-29 09:00:48,706 [INFO] Sending command to the server: 'new,,7b01a970-81bc-44f1-ac10-cfa3412e9586'
client 2024-01-29 09:00:48,711 [INFO] Got response: 'OK 2024-01-29_09-00-48,89cbcf63-c30c-404e-9f5b-abf77c39146b'
client 2024-01-29 09:00:48,711 [INFO] Session id is '2024-01-29_09-00-48'
client 2024-01-29 09:00:48,712 [INFO] Sources: {"sources": {"__init__.py": "da39a3ee5e6b4b0d3255bfef95601890afd80709", "client.py": "33ca4f26368777ac06e01f9567b714a4b8063886", "lib/__init__.py": "da39a3ee5e6b4b0d3255bfef95601890afd80709", "lib/client.py": "ac2aa093c8e8bbc9569b9e2a3471bc64e58a2258", "lib/common.py": "611d8b29633d331eb19c9455ea3b5fa3284ed6df", "lib/external/__init__.py": "da39a3ee5e6b4b0d3255bfef95601890afd80709", "lib/external/ntplib.py": "4da8f970656505a40483206ef2b5d3dd5e81711d", "lib/server.py": "99303c836c683aa9017ec565104e636161d02acb", "lib/source_hashes.py": "60a2e02193209e8d392803326208d5466342da18", "lib/summary.py": "aa92f0a3f975eecd44d3c0cd0236342ccc9f941d", "lib/time_sync.py": "80894ef2389e540781ff78de94db16aa4203a14e", "server.py": "c3f90f2f7eeb4db30727556d0c815ebc89b3d28b", "tests/unit/__init__.py": "da39a3ee5e6b4b0d3255bfef95601890afd80709", "tests/unit/test_server.py": "948c1995d4008bc2aa6c4046a34ffa3858d6d671", "tests/unit/test_source_hashes.py": "00468a2907583c593e6574a1f6b404e4651c221a"}, "modules": {"ptd_client_server.lib.client": "lib/client.py", "ptd_client_server.lib.common": "lib/common.py", "ptd_client_server.lib.external.ntplib": "lib/external/ntplib.py", "ptd_client_server.lib.source_hashes": "lib/source_hashes.py", "ptd_client_server.lib.summary": "lib/summary.py", "ptd_client_server.lib.time_sync": "lib/time_sync.py"}}
client 2024-01-29 09:00:48,712 [INFO] Running workload in ranging mode
client 2024-01-29 09:00:48,712 [INFO] Synchronizing with the server and with time.google.com...
client 2024-01-29 09:00:48,733 [INFO] NTP:offset = -0.004 s, delay = 0.020 s 
client 2024-01-29 09:00:48,733 [INFO] Sending command to the server: 'time'
client 2024-01-29 09:00:48,737 [INFO] Got response: '1706518848.7340744'
client 2024-01-29 09:00:48,737 [INFO] The time difference between the client and the server is within range -0.261 ms..3.545 ms
client 2024-01-29 09:00:48,737 [INFO] Sending command to the server: 'session,2024-01-29_09-00-48,start,ranging'
client 2024-01-29 09:01:16,969 [INFO] Got response: 'OK'
client 2024-01-29 09:01:16,972 [INFO] Sending command to the server: 'time'
client 2024-01-29 09:01:16,976 [INFO] Got response: '1706518876.972899'
client 2024-01-29 09:01:16,976 [INFO] The time difference between the client and the server is within range -0.742 ms..3.767 ms
client 2024-01-29 09:01:16,976 [INFO] Running the workload 'CM_MLPERF_RUN_COUNT=$(cat ${CM_RUN_DIR}/count.txt); echo ${CM_MLPERF_RUN_COUNT}; CM_MLPERF_RUN_COUNT=$((CM_MLPERF_RUN_COUNT+1)); echo ${CM_MLPERF_RUN_COUNT} > ${CM_RUN_DIR}/count.txt && if [ ${CM_MLPERF_RUN_COUNT} -eq "1" ]; then export CM_MLPERF_USER_CONF=${CM_MLPERF_RANGING_USER_CONF}; else export CM_MLPERF_USER_CONF=${CM_MLPERF_TESTING_USER_CONF}; fi && /mnt/CM/repos/ctuning@mlcommons-ck/cm-mlops/script/benchmark-any-mlperf-inference-implementation/run.out'
client 2024-01-29 09:06:19,775 [INFO] Sending command to the server: 'time'
client 2024-01-29 09:06:19,779 [INFO] Got response: '1706519179.7756643'
client 2024-01-29 09:06:19,779 [INFO] The time difference between the client and the server is within range -0.834 ms..3.836 ms
client 2024-01-29 09:06:19,779 [INFO] Sending command to the server: 'session,2024-01-29_09-00-48,stop,ranging'
client 2024-01-29 09:06:30,113 [INFO] Got response: 'OK'
client 2024-01-29 09:06:30,114 [INFO] Sending command to the server: 'time'
client 2024-01-29 09:06:30,119 [INFO] Got response: '1706519190.1158185'
client 2024-01-29 09:06:30,119 [INFO] The time difference between the client and the server is within range -1.059 ms..4.024 ms
client 2024-01-29 09:06:30,137 [INFO] Copying loadgen logs from '/home/arjun/results_dir/valid_results/orin-tflite_cpp-cpu-tflite-vmaster-default_config/mobilenet-v2-precision_float-0.75-192/singlestream/performance/run_1' to '/home/arjun/results_dir/valid_results/orin-tflite_cpp-cpu-tflite-vmaster-default_config/mobilenet-v2-precision_float-0.75-192/singlestream/performance/tmp_power/ranging'
client 2024-01-29 09:06:30,140 [INFO] Running workload in testing mode
client 2024-01-29 09:06:30,141 [INFO] Synchronizing with the server and with time.google.com...
client 2024-01-29 09:06:30,166 [INFO] NTP:offset = -0.004 s, delay = 0.020 s 
client 2024-01-29 09:06:30,167 [INFO] Sending command to the server: 'time'
client 2024-01-29 09:06:30,171 [INFO] Got response: '1706519190.1684105'
client 2024-01-29 09:06:30,172 [INFO] The time difference between the client and the server is within range -1.293 ms..3.721 ms
client 2024-01-29 09:06:30,172 [INFO] Sending command to the server: 'session,2024-01-29_09-00-48,start,testing'
client 2024-01-29 09:06:43,191 [INFO] Got response: 'OK'
client 2024-01-29 09:06:43,191 [INFO] Sending command to the server: 'time'
client 2024-01-29 09:06:43,194 [INFO] Got response: '1706519203.191819'
client 2024-01-29 09:06:43,194 [INFO] The time difference between the client and the server is within range -0.062 ms..2.838 ms
client 2024-01-29 09:06:43,194 [INFO] Running the workload 'CM_MLPERF_RUN_COUNT=$(cat ${CM_RUN_DIR}/count.txt); echo ${CM_MLPERF_RUN_COUNT}; CM_MLPERF_RUN_COUNT=$((CM_MLPERF_RUN_COUNT+1)); echo ${CM_MLPERF_RUN_COUNT} > ${CM_RUN_DIR}/count.txt && if [ ${CM_MLPERF_RUN_COUNT} -eq "1" ]; then export CM_MLPERF_USER_CONF=${CM_MLPERF_RANGING_USER_CONF}; else export CM_MLPERF_USER_CONF=${CM_MLPERF_TESTING_USER_CONF}; fi && /mnt/CM/repos/ctuning@mlcommons-ck/cm-mlops/script/benchmark-any-mlperf-inference-implementation/run.out'
client 2024-01-29 09:16:47,931 [INFO] Sending command to the server: 'time'
client 2024-01-29 09:16:47,936 [INFO] Got response: '1706519807.9325125'
client 2024-01-29 09:16:47,936 [INFO] The time difference between the client and the server is within range -1.013 ms..4.061 ms
client 2024-01-29 09:16:47,936 [INFO] Sending command to the server: 'session,2024-01-29_09-00-48,stop,testing'
client 2024-01-29 09:16:58,248 [INFO] Got response: 'OK'
client 2024-01-29 09:16:58,249 [INFO] Sending command to the server: 'time'
client 2024-01-29 09:16:58,254 [INFO] Got response: '1706519818.2506325'
client 2024-01-29 09:16:58,254 [INFO] The time difference between the client and the server is within range -1.028 ms..4.084 ms
client 2024-01-29 09:16:58,259 [INFO] Copying loadgen logs from '/home/arjun/results_dir/valid_results/orin-tflite_cpp-cpu-tflite-vmaster-default_config/mobilenet-v2-precision_float-0.75-192/singlestream/performance/run_1' to '/home/arjun/results_dir/valid_results/orin-tflite_cpp-cpu-tflite-vmaster-default_config/mobilenet-v2-precision_float-0.75-192/singlestream/performance/tmp_power/run_1'
client 2024-01-29 09:16:58,262 [INFO] Done runs
