Graph file: /home/ubuntu/CM/repos/local/cache/eac6c625c20444d2/v2_224_50/model.tflite
Image dir: /home/ubuntu/CM/repos/local/cache/e08ac4066f8e40aa
Image list: /home/ubuntu/CM/repos/local/cache/e08ac4066f8e40aa/preprocessed_files.txt
Image size: 224
Image channels: 3
Prediction classes: 1000
Result dir: /home/ubuntu/CM/repos/local/cache/0d27aeefb8a44716/valid_results/t2.xlarge-tflite_cpp-cpu-tflite-vmaster-default_config/mobilenet-v2-precision_uint8-0.5-224/singlestream/performance/run_1
How many images fit in memory buffer: 1024
Normalize: 1
Subtract mean: 0
Run time preprocessing: 1
Number of Threads: 4
Number of available imagefiles: 50000

Loading graph...
INFO: Created TensorFlow Lite XNNPACK delegate for CPU.
Input tensor dimensions (NHWC): 1*224*224*3
Output tensor dimensions: 1*1001
Path to mlperf.conf : /home/ubuntu/CM/repos/local/cache/b04c5c62d3014951/inference/mlperf.conf
Path to user.conf : /home/ubuntu/CM/repos/ctuning@mlcommons-ck/cm-mlops/script/generate-mlperf-inference-user-conf/tmp/aa66c31ecc624b0e8f539f9f4e6d5755.conf
Model Name: mobilenet
LoadGen Scenario: SingleStream
LoadGen Mode: performance
