client 2024-02-22 17:50:11,186 [INFO] Creating output directory '/home/arjun/CM/repos/local/cache/ebae02e3af2d40d4/valid_results/qrb5165-kilt-qaic-glow-vdefault-default_config/bert-99/singlestream/performance/tmp_power'
client 2024-02-22 17:50:11,267 [INFO] Sending command to the server: 'mlcommons/power client v3'
client 2024-02-22 17:50:11,274 [INFO] Got response: 'mlcommons/power server v3'
client 2024-02-22 17:50:11,274 [INFO] Synchronizing with the server and with time.google.com...
client 2024-02-22 17:50:11,312 [INFO] NTP:offset = -0.008 s, delay = 0.018 s 
client 2024-02-22 17:50:11,312 [INFO] Sending command to the server: 'time'
client 2024-02-22 17:50:11,320 [INFO] Got response: '1708624211.3088653'
client 2024-02-22 17:50:11,320 [INFO] The time difference between the client and the server is within range 3.659 ms..11.837 ms
client 2024-02-22 17:50:11,321 [INFO] Sending command to the server: 'new,,a6e49459-2525-41b8-990e-43d7dbfc9d4a'
client 2024-02-22 17:50:11,328 [INFO] Got response: 'OK 2024-02-22_17-50-11,9486170a-8106-4feb-b3d9-b9aea547d8cc'
client 2024-02-22 17:50:11,328 [INFO] Session id is '2024-02-22_17-50-11'
client 2024-02-22 17:50:11,329 [INFO] Sources: {"sources": {"__init__.py": "da39a3ee5e6b4b0d3255bfef95601890afd80709", "client.py": "33ca4f26368777ac06e01f9567b714a4b8063886", "lib/__init__.py": "da39a3ee5e6b4b0d3255bfef95601890afd80709", "lib/client.py": "ac2aa093c8e8bbc9569b9e2a3471bc64e58a2258", "lib/common.py": "611d8b29633d331eb19c9455ea3b5fa3284ed6df", "lib/external/__init__.py": "da39a3ee5e6b4b0d3255bfef95601890afd80709", "lib/external/ntplib.py": "4da8f970656505a40483206ef2b5d3dd5e81711d", "lib/server.py": "99303c836c683aa9017ec565104e636161d02acb", "lib/source_hashes.py": "60a2e02193209e8d392803326208d5466342da18", "lib/summary.py": "aa92f0a3f975eecd44d3c0cd0236342ccc9f941d", "lib/time_sync.py": "80894ef2389e540781ff78de94db16aa4203a14e", "server.py": "c3f90f2f7eeb4db30727556d0c815ebc89b3d28b", "tests/unit/__init__.py": "da39a3ee5e6b4b0d3255bfef95601890afd80709", "tests/unit/test_server.py": "948c1995d4008bc2aa6c4046a34ffa3858d6d671", "tests/unit/test_source_hashes.py": "00468a2907583c593e6574a1f6b404e4651c221a"}, "modules": {"ptd_client_server.lib.client": "lib/client.py", "ptd_client_server.lib.common": "lib/common.py", "ptd_client_server.lib.external.ntplib": "lib/external/ntplib.py", "ptd_client_server.lib.source_hashes": "lib/source_hashes.py", "ptd_client_server.lib.summary": "lib/summary.py", "ptd_client_server.lib.time_sync": "lib/time_sync.py"}}
client 2024-02-22 17:50:11,330 [INFO] Running workload in ranging mode
client 2024-02-22 17:50:11,330 [INFO] Synchronizing with the server and with time.google.com...
client 2024-02-22 17:50:11,359 [INFO] NTP:offset = -0.007 s, delay = 0.020 s 
client 2024-02-22 17:50:11,359 [INFO] Sending command to the server: 'time'
client 2024-02-22 17:50:11,366 [INFO] Got response: '1708624211.356201'
client 2024-02-22 17:50:11,366 [INFO] The time difference between the client and the server is within range 3.000 ms..10.500 ms
client 2024-02-22 17:50:11,367 [INFO] Sending command to the server: 'session,2024-02-22_17-50-11,start,ranging'
client 2024-02-22 17:50:39,466 [INFO] Got response: 'OK'
client 2024-02-22 17:50:39,467 [INFO] Sending command to the server: 'time'
client 2024-02-22 17:50:39,473 [INFO] Got response: '1708624239.4634454'
client 2024-02-22 17:50:39,473 [INFO] The time difference between the client and the server is within range 3.742 ms..10.183 ms
client 2024-02-22 17:50:39,473 [INFO] Running the workload '/home/arjun/CM/repos/local/cache/ebae02e3af2d40d4/valid_results/qrb5165-kilt-qaic-glow-vdefault-default_config/bert-99/singlestream/performance/run_1/run.out 2>&1 | tee /home/arjun/CM/repos/local/cache/ebae02e3af2d40d4/valid_results/qrb5165-kilt-qaic-glow-vdefault-default_config/bert-99/singlestream/performance/run_1/console.out'
client 2024-02-22 18:00:50,729 [INFO] Sending command to the server: 'time'
client 2024-02-22 18:00:50,759 [INFO] Got response: '1708624850.7464583'
client 2024-02-22 18:00:50,759 [INFO] The time difference between the client and the server is within range -17.018 ms..12.986 ms
client 2024-02-22 18:00:50,759 [INFO] Sending command to the server: 'session,2024-02-22_17-50-11,stop,ranging'
client 2024-02-22 18:01:01,640 [INFO] Got response: 'OK'
client 2024-02-22 18:01:01,640 [INFO] Sending command to the server: 'time'
client 2024-02-22 18:01:01,647 [INFO] Got response: '1708624861.6347063'
client 2024-02-22 18:01:01,648 [INFO] The time difference between the client and the server is within range 5.664 ms..13.587 ms
client 2024-02-22 18:01:01,671 [INFO] Copying loadgen logs from '/home/arjun/CM/repos/local/cache/ebae02e3af2d40d4/valid_results/qrb5165-kilt-qaic-glow-vdefault-default_config/bert-99/singlestream/performance/run_1' to '/home/arjun/CM/repos/local/cache/ebae02e3af2d40d4/valid_results/qrb5165-kilt-qaic-glow-vdefault-default_config/bert-99/singlestream/performance/tmp_power/ranging'
client 2024-02-22 18:01:01,677 [INFO] Running workload in testing mode
client 2024-02-22 18:01:01,678 [INFO] Synchronizing with the server and with time.google.com...
client 2024-02-22 18:01:01,716 [INFO] NTP:offset = -0.009 s, delay = 0.022 s 
client 2024-02-22 18:01:01,716 [INFO] Sending command to the server: 'time'
client 2024-02-22 18:01:01,724 [INFO] Got response: '1708624861.7115993'
client 2024-02-22 18:01:01,724 [INFO] The time difference between the client and the server is within range 4.917 ms..13.274 ms
client 2024-02-22 18:01:01,725 [INFO] Sending command to the server: 'session,2024-02-22_17-50-11,start,testing'
client 2024-02-22 18:01:14,752 [INFO] Got response: 'OK'
client 2024-02-22 18:01:14,753 [INFO] Sending command to the server: 'time'
client 2024-02-22 18:01:14,760 [INFO] Got response: '1708624874.7479155'
client 2024-02-22 18:01:14,760 [INFO] The time difference between the client and the server is within range 5.261 ms..12.635 ms
client 2024-02-22 18:01:14,760 [INFO] Running the workload '/home/arjun/CM/repos/local/cache/ebae02e3af2d40d4/valid_results/qrb5165-kilt-qaic-glow-vdefault-default_config/bert-99/singlestream/performance/run_1/run.out 2>&1 | tee /home/arjun/CM/repos/local/cache/ebae02e3af2d40d4/valid_results/qrb5165-kilt-qaic-glow-vdefault-default_config/bert-99/singlestream/performance/run_1/console.out'
client 2024-02-22 18:11:25,527 [INFO] Sending command to the server: 'time'
client 2024-02-22 18:11:25,641 [INFO] Got response: '1708625485.6246023'
client 2024-02-22 18:11:25,641 [INFO] The time difference between the client and the server is within range -97.043 ms..16.815 ms
client 2024-02-22 18:11:25,641 [INFO] Sending command to the server: 'session,2024-02-22_17-50-11,stop,testing'
client 2024-02-22 18:11:35,823 [INFO] Got response: 'OK'
client 2024-02-22 18:11:35,823 [INFO] Sending command to the server: 'time'
client 2024-02-22 18:11:35,831 [INFO] Got response: '1708625495.815581'
client 2024-02-22 18:11:35,831 [INFO] The time difference between the client and the server is within range 8.149 ms..16.181 ms
client 2024-02-22 18:11:35,837 [INFO] Copying loadgen logs from '/home/arjun/CM/repos/local/cache/ebae02e3af2d40d4/valid_results/qrb5165-kilt-qaic-glow-vdefault-default_config/bert-99/singlestream/performance/run_1' to '/home/arjun/CM/repos/local/cache/ebae02e3af2d40d4/valid_results/qrb5165-kilt-qaic-glow-vdefault-default_config/bert-99/singlestream/performance/tmp_power/run_1'
client 2024-02-22 18:11:35,843 [INFO] Done runs
