client 2024-02-04 04:20:00,345 [INFO] Creating output directory '/home/arjun/results_dir/valid_results/orin-tflite_armnn_cpp-cpu-armnn_tflite-v23.11-using_neon_with_live_preprocessing/mobilenet-v1-precision_float-0.75-128/singlestream/performance/tmp_power'
client 2024-02-04 04:20:00,411 [INFO] Sending command to the server: 'mlcommons/power client v3'
client 2024-02-04 04:20:00,414 [INFO] Got response: 'mlcommons/power server v3'
client 2024-02-04 04:20:00,414 [INFO] Synchronizing with the server and with time.google.com...
client 2024-02-04 04:20:00,445 [INFO] NTP:offset = 0.002 s, delay = 0.022 s 
client 2024-02-04 04:20:00,446 [INFO] Sending command to the server: 'time'
client 2024-02-04 04:20:00,449 [INFO] Got response: '1707020400.4504523'
client 2024-02-04 04:20:00,449 [INFO] The time difference between the client and the server is within range -4.141 ms..-0.994 ms
client 2024-02-04 04:20:00,449 [INFO] Sending command to the server: 'new,,c358d42b-2548-44ed-a6a0-92590d50dd54'
client 2024-02-04 04:20:00,452 [INFO] Got response: 'OK 2024-02-04_04-20-00,ff314a2b-4054-4f8a-a70a-14f217d0716d'
client 2024-02-04 04:20:00,452 [INFO] Session id is '2024-02-04_04-20-00'
client 2024-02-04 04:20:00,452 [INFO] Sources: {"sources": {"__init__.py": "da39a3ee5e6b4b0d3255bfef95601890afd80709", "client.py": "33ca4f26368777ac06e01f9567b714a4b8063886", "lib/__init__.py": "da39a3ee5e6b4b0d3255bfef95601890afd80709", "lib/client.py": "ac2aa093c8e8bbc9569b9e2a3471bc64e58a2258", "lib/common.py": "611d8b29633d331eb19c9455ea3b5fa3284ed6df", "lib/external/__init__.py": "da39a3ee5e6b4b0d3255bfef95601890afd80709", "lib/external/ntplib.py": "4da8f970656505a40483206ef2b5d3dd5e81711d", "lib/server.py": "99303c836c683aa9017ec565104e636161d02acb", "lib/source_hashes.py": "60a2e02193209e8d392803326208d5466342da18", "lib/summary.py": "aa92f0a3f975eecd44d3c0cd0236342ccc9f941d", "lib/time_sync.py": "80894ef2389e540781ff78de94db16aa4203a14e", "server.py": "c3f90f2f7eeb4db30727556d0c815ebc89b3d28b", "tests/unit/__init__.py": "da39a3ee5e6b4b0d3255bfef95601890afd80709", "tests/unit/test_server.py": "948c1995d4008bc2aa6c4046a34ffa3858d6d671", "tests/unit/test_source_hashes.py": "00468a2907583c593e6574a1f6b404e4651c221a"}, "modules": {"ptd_client_server.lib.client": "lib/client.py", "ptd_client_server.lib.common": "lib/common.py", "ptd_client_server.lib.external.ntplib": "lib/external/ntplib.py", "ptd_client_server.lib.source_hashes": "lib/source_hashes.py", "ptd_client_server.lib.summary": "lib/summary.py", "ptd_client_server.lib.time_sync": "lib/time_sync.py"}}
client 2024-02-04 04:20:00,453 [INFO] Running workload in ranging mode
client 2024-02-04 04:20:00,453 [INFO] Synchronizing with the server and with time.google.com...
client 2024-02-04 04:20:00,476 [INFO] NTP:offset = 0.002 s, delay = 0.021 s 
client 2024-02-04 04:20:00,476 [INFO] Sending command to the server: 'time'
client 2024-02-04 04:20:00,479 [INFO] Got response: '1707020400.480714'
client 2024-02-04 04:20:00,479 [INFO] The time difference between the client and the server is within range -4.188 ms..-0.895 ms
client 2024-02-04 04:20:00,480 [INFO] Sending command to the server: 'session,2024-02-04_04-20-00,start,ranging'
client 2024-02-04 04:20:28,557 [INFO] Got response: 'OK'
client 2024-02-04 04:20:28,560 [INFO] Sending command to the server: 'time'
client 2024-02-04 04:20:28,562 [INFO] Got response: '1707020428.5641701'
client 2024-02-04 04:20:28,563 [INFO] The time difference between the client and the server is within range -4.171 ms..-1.112 ms
client 2024-02-04 04:20:28,563 [INFO] Running the workload 'CM_MLPERF_RUN_COUNT=$(cat ${CM_RUN_DIR}/count.txt); echo ${CM_MLPERF_RUN_COUNT}; CM_MLPERF_RUN_COUNT=$((CM_MLPERF_RUN_COUNT+1)); echo ${CM_MLPERF_RUN_COUNT} > ${CM_RUN_DIR}/count.txt && if [ ${CM_MLPERF_RUN_COUNT} -eq "1" ]; then export CM_MLPERF_USER_CONF=${CM_MLPERF_RANGING_USER_CONF}; else export CM_MLPERF_USER_CONF=${CM_MLPERF_TESTING_USER_CONF}; fi && /mnt/CM/repos/ctuning@mlcommons-ck/cm-mlops/script/get-lib-armnn/run.out'
client 2024-02-04 04:25:31,053 [INFO] Sending command to the server: 'time'
client 2024-02-04 04:25:31,057 [INFO] Got response: '1707020731.0572977'
client 2024-02-04 04:25:31,057 [INFO] The time difference between the client and the server is within range -3.827 ms..0.499 ms
client 2024-02-04 04:25:31,058 [INFO] Sending command to the server: 'session,2024-02-04_04-20-00,stop,ranging'
client 2024-02-04 04:25:41,622 [INFO] Got response: 'OK'
client 2024-02-04 04:25:41,623 [INFO] Sending command to the server: 'time'
client 2024-02-04 04:25:41,625 [INFO] Got response: '1707020741.62626'
client 2024-02-04 04:25:41,626 [INFO] The time difference between the client and the server is within range -3.193 ms..-0.038 ms
client 2024-02-04 04:25:41,643 [INFO] Copying loadgen logs from '/home/arjun/results_dir/valid_results/orin-tflite_armnn_cpp-cpu-armnn_tflite-v23.11-using_neon_with_live_preprocessing/mobilenet-v1-precision_float-0.75-128/singlestream/performance/run_1' to '/home/arjun/results_dir/valid_results/orin-tflite_armnn_cpp-cpu-armnn_tflite-v23.11-using_neon_with_live_preprocessing/mobilenet-v1-precision_float-0.75-128/singlestream/performance/tmp_power/ranging'
client 2024-02-04 04:25:41,645 [INFO] Running workload in testing mode
client 2024-02-04 04:25:41,646 [INFO] Synchronizing with the server and with time.google.com...
client 2024-02-04 04:25:41,673 [INFO] NTP:offset = 0.002 s, delay = 0.022 s 
client 2024-02-04 04:25:41,673 [INFO] Sending command to the server: 'time'
client 2024-02-04 04:25:41,676 [INFO] Got response: '1707020741.6770418'
client 2024-02-04 04:25:41,677 [INFO] The time difference between the client and the server is within range -3.168 ms..0.154 ms
client 2024-02-04 04:25:41,677 [INFO] Sending command to the server: 'session,2024-02-04_04-20-00,start,testing'
client 2024-02-04 04:25:54,694 [INFO] Got response: 'OK'
client 2024-02-04 04:25:54,695 [INFO] Sending command to the server: 'time'
client 2024-02-04 04:25:54,698 [INFO] Got response: '1707020754.6986623'
client 2024-02-04 04:25:54,699 [INFO] The time difference between the client and the server is within range -3.073 ms..0.287 ms
client 2024-02-04 04:25:54,699 [INFO] Running the workload 'CM_MLPERF_RUN_COUNT=$(cat ${CM_RUN_DIR}/count.txt); echo ${CM_MLPERF_RUN_COUNT}; CM_MLPERF_RUN_COUNT=$((CM_MLPERF_RUN_COUNT+1)); echo ${CM_MLPERF_RUN_COUNT} > ${CM_RUN_DIR}/count.txt && if [ ${CM_MLPERF_RUN_COUNT} -eq "1" ]; then export CM_MLPERF_USER_CONF=${CM_MLPERF_RANGING_USER_CONF}; else export CM_MLPERF_USER_CONF=${CM_MLPERF_TESTING_USER_CONF}; fi && /mnt/CM/repos/ctuning@mlcommons-ck/cm-mlops/script/get-lib-armnn/run.out'
client 2024-02-04 04:35:59,474 [INFO] Sending command to the server: 'time'
client 2024-02-04 04:35:59,519 [INFO] Got response: '1707021359.5188057'
client 2024-02-04 04:35:59,520 [INFO] The time difference between the client and the server is within range -44.024 ms..1.739 ms
client 2024-02-04 04:35:59,521 [INFO] Sending command to the server: 'session,2024-02-04_04-20-00,stop,testing'
client 2024-02-04 04:36:09,745 [INFO] Got response: 'OK'
client 2024-02-04 04:36:09,746 [INFO] Sending command to the server: 'time'
client 2024-02-04 04:36:09,750 [INFO] Got response: '1707021369.7488637'
client 2024-02-04 04:36:09,750 [INFO] The time difference between the client and the server is within range -2.117 ms..1.732 ms
client 2024-02-04 04:36:09,755 [INFO] Copying loadgen logs from '/home/arjun/results_dir/valid_results/orin-tflite_armnn_cpp-cpu-armnn_tflite-v23.11-using_neon_with_live_preprocessing/mobilenet-v1-precision_float-0.75-128/singlestream/performance/run_1' to '/home/arjun/results_dir/valid_results/orin-tflite_armnn_cpp-cpu-armnn_tflite-v23.11-using_neon_with_live_preprocessing/mobilenet-v1-precision_float-0.75-128/singlestream/performance/tmp_power/run_1'
client 2024-02-04 04:36:09,758 [INFO] Done runs
