Couldn't find any of the following OpenCL library: libOpenCL.so libGLES_mali.so libmali.so 
Graph file: /home/ubuntu/CM/repos/local/cache/91b14b1cb21b412d/mobilenet_v2_0.35_192.tflite
Image dir: /home/ubuntu/CM/repos/local/cache/8c3e115e7d4c43bb
Image list: /home/ubuntu/CM/repos/local/cache/8c3e115e7d4c43bb/preprocessed_files.txt
Image size: 192
Image channels: 3
Prediction classes: 1000
Result dir: /home/ubuntu/CM/repos/local/cache/c951c448d62a4016/valid_results/ip_172_31_55_41-tflite_armnn_cpp-cpu-armnn_tflite-v23.11-using_neon_with_live_preprocessing/mobilenet-v2-precision_float-0.35-192/singlestream/performance/run_1
How many images fit in memory buffer: 1024
Normalize: 1
Subtract mean: 0
Run time preprocessing: 1
Number of Threads: 8
Number of available imagefiles: 50000

Loading graph...
************* Type 2
Output tensor dimensions: 1*1001
Path to mlperf.conf : /home/ubuntu/CM/repos/local/cache/50b84cc0948543d2/inference/mlperf.conf
Path to user.conf : /home/ubuntu/CM/repos/ctuning@mlcommons-ck/cm-mlops/script/generate-mlperf-inference-user-conf/tmp/44a91249a99e4d418827fdc4a667c64d.conf
Model Name: mobilenet
LoadGen Scenario: SingleStream
LoadGen Mode: performance
