Graph file: /home/ubuntu/CM/repos/local/cache/24bd28c22a34471d/mobilenet_v2_0.5_160.tflite
Image dir: /home/ubuntu/CM/repos/local/cache/53659cd0bf3c4e81
Image list: /home/ubuntu/CM/repos/local/cache/53659cd0bf3c4e81/preprocessed_files.txt
Image size: 160
Image channels: 3
Prediction classes: 1000
Result dir: /home/ubuntu/CM/repos/local/cache/53b88ca721a64101/valid_results/c5a.xlarge-tflite_cpp-cpu-tflite-vmaster-default_config/mobilenet-v2-precision_float-0.5-160/singlestream/performance/run_1
How many images fit in memory buffer: 1024
Normalize: 1
Subtract mean: 0
Run time preprocessing: 0
Number of Threads: 2
Number of available imagefiles: 50000

Loading graph...
INFO: Created TensorFlow Lite XNNPACK delegate for CPU.
Input tensor dimensions (NHWC): 1*160*160*3
Output tensor dimensions: 1*1001
Path to mlperf.conf : /home/ubuntu/CM/repos/local/cache/a34955efa6f84c88/inference/mlperf.conf
Path to user.conf : /home/ubuntu/CM/repos/ctuning@mlcommons-ck/cm-mlops/script/generate-mlperf-inference-user-conf/tmp/6e6e0a15d74b4c1c8bb09c5d8b36f63c.conf
Model Name: mobilenet
LoadGen Scenario: SingleStream
LoadGen Mode: performance
