client 2024-02-04 08:28:42,812 [INFO] Creating output directory '/home/arjun/results_dir/valid_results/orin-tflite_armnn_cpp-cpu-armnn_tflite-v23.11-using_neon/mobilenet-v1-precision_uint8-0.25-160/singlestream/performance/tmp_power'
client 2024-02-04 08:28:42,963 [INFO] Sending command to the server: 'mlcommons/power client v3'
client 2024-02-04 08:28:42,967 [INFO] Got response: 'mlcommons/power server v3'
client 2024-02-04 08:28:42,967 [INFO] Synchronizing with the server and with time.google.com...
client 2024-02-04 08:28:42,997 [INFO] NTP:offset = 0.001 s, delay = 0.023 s 
client 2024-02-04 08:28:42,998 [INFO] Sending command to the server: 'time'
client 2024-02-04 08:28:43,001 [INFO] Got response: '1707035323.0001175'
client 2024-02-04 08:28:43,001 [INFO] The time difference between the client and the server is within range -1.973 ms..1.478 ms
client 2024-02-04 08:28:43,001 [INFO] Sending command to the server: 'new,,670db91d-cb75-4104-b36f-bae642ae0900'
client 2024-02-04 08:28:43,004 [INFO] Got response: 'OK 2024-02-04_08-28-43,7d4297d2-11ee-4e70-9850-7b51cea5ced3'
client 2024-02-04 08:28:43,004 [INFO] Session id is '2024-02-04_08-28-43'
client 2024-02-04 08:28:43,005 [INFO] Sources: {"sources": {"__init__.py": "da39a3ee5e6b4b0d3255bfef95601890afd80709", "client.py": "33ca4f26368777ac06e01f9567b714a4b8063886", "lib/__init__.py": "da39a3ee5e6b4b0d3255bfef95601890afd80709", "lib/client.py": "ac2aa093c8e8bbc9569b9e2a3471bc64e58a2258", "lib/common.py": "611d8b29633d331eb19c9455ea3b5fa3284ed6df", "lib/external/__init__.py": "da39a3ee5e6b4b0d3255bfef95601890afd80709", "lib/external/ntplib.py": "4da8f970656505a40483206ef2b5d3dd5e81711d", "lib/server.py": "99303c836c683aa9017ec565104e636161d02acb", "lib/source_hashes.py": "60a2e02193209e8d392803326208d5466342da18", "lib/summary.py": "aa92f0a3f975eecd44d3c0cd0236342ccc9f941d", "lib/time_sync.py": "80894ef2389e540781ff78de94db16aa4203a14e", "server.py": "c3f90f2f7eeb4db30727556d0c815ebc89b3d28b", "tests/unit/__init__.py": "da39a3ee5e6b4b0d3255bfef95601890afd80709", "tests/unit/test_server.py": "948c1995d4008bc2aa6c4046a34ffa3858d6d671", "tests/unit/test_source_hashes.py": "00468a2907583c593e6574a1f6b404e4651c221a"}, "modules": {"ptd_client_server.lib.client": "lib/client.py", "ptd_client_server.lib.common": "lib/common.py", "ptd_client_server.lib.external.ntplib": "lib/external/ntplib.py", "ptd_client_server.lib.source_hashes": "lib/source_hashes.py", "ptd_client_server.lib.summary": "lib/summary.py", "ptd_client_server.lib.time_sync": "lib/time_sync.py"}}
client 2024-02-04 08:28:43,005 [INFO] Running workload in ranging mode
client 2024-02-04 08:28:43,005 [INFO] Synchronizing with the server and with time.google.com...
client 2024-02-04 08:28:43,030 [INFO] NTP:offset = 0.000 s, delay = 0.023 s 
client 2024-02-04 08:28:43,031 [INFO] Sending command to the server: 'time'
client 2024-02-04 08:28:43,034 [INFO] Got response: '1707035323.0329802'
client 2024-02-04 08:28:43,034 [INFO] The time difference between the client and the server is within range -1.981 ms..1.407 ms
client 2024-02-04 08:28:43,034 [INFO] Sending command to the server: 'session,2024-02-04_08-28-43,start,ranging'
client 2024-02-04 08:29:11,131 [INFO] Got response: 'OK'
client 2024-02-04 08:29:11,133 [INFO] Sending command to the server: 'time'
client 2024-02-04 08:29:11,137 [INFO] Got response: '1707035351.1361957'
client 2024-02-04 08:29:11,137 [INFO] The time difference between the client and the server is within range -2.477 ms..1.049 ms
client 2024-02-04 08:29:11,137 [INFO] Running the workload 'CM_MLPERF_RUN_COUNT=$(cat ${CM_RUN_DIR}/count.txt); echo ${CM_MLPERF_RUN_COUNT}; CM_MLPERF_RUN_COUNT=$((CM_MLPERF_RUN_COUNT+1)); echo ${CM_MLPERF_RUN_COUNT} > ${CM_RUN_DIR}/count.txt && if [ ${CM_MLPERF_RUN_COUNT} -eq "1" ]; then export CM_MLPERF_USER_CONF=${CM_MLPERF_RANGING_USER_CONF}; else export CM_MLPERF_USER_CONF=${CM_MLPERF_TESTING_USER_CONF}; fi && /mnt/CM/repos/ctuning@mlcommons-ck/cm-mlops/script/get-lib-armnn/run.out'
client 2024-02-04 08:34:13,628 [INFO] Sending command to the server: 'time'
client 2024-02-04 08:34:13,632 [INFO] Got response: '1707035653.63088'
client 2024-02-04 08:34:13,633 [INFO] The time difference between the client and the server is within range -3.069 ms..2.281 ms
client 2024-02-04 08:34:13,633 [INFO] Sending command to the server: 'session,2024-02-04_08-28-43,stop,ranging'
client 2024-02-04 08:34:24,226 [INFO] Got response: 'OK'
client 2024-02-04 08:34:24,228 [INFO] Sending command to the server: 'time'
client 2024-02-04 08:34:24,232 [INFO] Got response: '1707035664.2304637'
client 2024-02-04 08:34:24,232 [INFO] The time difference between the client and the server is within range -2.363 ms..2.198 ms
client 2024-02-04 08:34:24,249 [INFO] Copying loadgen logs from '/home/arjun/results_dir/valid_results/orin-tflite_armnn_cpp-cpu-armnn_tflite-v23.11-using_neon/mobilenet-v1-precision_uint8-0.25-160/singlestream/performance/run_1' to '/home/arjun/results_dir/valid_results/orin-tflite_armnn_cpp-cpu-armnn_tflite-v23.11-using_neon/mobilenet-v1-precision_uint8-0.25-160/singlestream/performance/tmp_power/ranging'
client 2024-02-04 08:34:24,252 [INFO] Running workload in testing mode
client 2024-02-04 08:34:24,252 [INFO] Synchronizing with the server and with time.google.com...
client 2024-02-04 08:34:24,279 [INFO] NTP:offset = 0.001 s, delay = 0.022 s 
client 2024-02-04 08:34:24,279 [INFO] Sending command to the server: 'time'
client 2024-02-04 08:34:24,282 [INFO] Got response: '1707035664.281698'
client 2024-02-04 08:34:24,283 [INFO] The time difference between the client and the server is within range -2.194 ms..1.362 ms
client 2024-02-04 08:34:24,283 [INFO] Sending command to the server: 'session,2024-02-04_08-28-43,start,testing'
client 2024-02-04 08:34:37,305 [INFO] Got response: 'OK'
client 2024-02-04 08:34:37,306 [INFO] Sending command to the server: 'time'
client 2024-02-04 08:34:37,309 [INFO] Got response: '1707035677.308498'
client 2024-02-04 08:34:37,309 [INFO] The time difference between the client and the server is within range -1.975 ms..1.239 ms
client 2024-02-04 08:34:37,309 [INFO] Running the workload 'CM_MLPERF_RUN_COUNT=$(cat ${CM_RUN_DIR}/count.txt); echo ${CM_MLPERF_RUN_COUNT}; CM_MLPERF_RUN_COUNT=$((CM_MLPERF_RUN_COUNT+1)); echo ${CM_MLPERF_RUN_COUNT} > ${CM_RUN_DIR}/count.txt && if [ ${CM_MLPERF_RUN_COUNT} -eq "1" ]; then export CM_MLPERF_USER_CONF=${CM_MLPERF_RANGING_USER_CONF}; else export CM_MLPERF_USER_CONF=${CM_MLPERF_TESTING_USER_CONF}; fi && /mnt/CM/repos/ctuning@mlcommons-ck/cm-mlops/script/get-lib-armnn/run.out'
client 2024-02-04 08:44:42,319 [INFO] Sending command to the server: 'time'
client 2024-02-04 08:44:42,323 [INFO] Got response: '1707036282.321878'
client 2024-02-04 08:44:42,324 [INFO] The time difference between the client and the server is within range -3.149 ms..2.290 ms
client 2024-02-04 08:44:42,324 [INFO] Sending command to the server: 'session,2024-02-04_08-28-43,stop,testing'
client 2024-02-04 08:44:53,364 [INFO] Got response: 'OK'
client 2024-02-04 08:44:53,365 [INFO] Sending command to the server: 'time'
client 2024-02-04 08:44:53,368 [INFO] Got response: '1707036293.367032'
client 2024-02-04 08:44:53,369 [INFO] The time difference between the client and the server is within range -1.871 ms..1.974 ms
client 2024-02-04 08:44:53,373 [INFO] Copying loadgen logs from '/home/arjun/results_dir/valid_results/orin-tflite_armnn_cpp-cpu-armnn_tflite-v23.11-using_neon/mobilenet-v1-precision_uint8-0.25-160/singlestream/performance/run_1' to '/home/arjun/results_dir/valid_results/orin-tflite_armnn_cpp-cpu-armnn_tflite-v23.11-using_neon/mobilenet-v1-precision_uint8-0.25-160/singlestream/performance/tmp_power/run_1'
client 2024-02-04 08:44:53,376 [INFO] Done runs
