Graph file: /home/ubuntu/CM/repos/local/cache/ae674721b7be45e4/mobilenet_v1_0.75_224_quant.tflite
Image dir: /home/ubuntu/CM/repos/local/cache/0b9dc53e5822448b
Image list: /home/ubuntu/CM/repos/local/cache/0b9dc53e5822448b/preprocessed_files.txt
Image size: 224
Image channels: 3
Prediction classes: 1000
Result dir: /home/ubuntu/CM/repos/local/cache/7d7675dc64fb47c1/valid_results/ip_172_31_22_165-tflite_cpp-cpu-tflite-vmaster-default_config/mobilenet-v1-precision_uint8-0.75-224/singlestream/performance/run_1
How many images fit in memory buffer: 1024
Normalize: 1
Subtract mean: 0
Run time preprocessing: 1
Number of Threads: 8
Number of available imagefiles: 50000

Loading graph...
INFO: Created TensorFlow Lite XNNPACK delegate for CPU.
Input tensor dimensions (NHWC): 1*224*224*3
Output tensor dimensions: 1*1001
Path to mlperf.conf : /home/ubuntu/CM/repos/local/cache/f3e5a00e87484e31/inference/mlperf.conf
Path to user.conf : /home/ubuntu/CM/repos/ctuning@mlcommons-ck/cm-mlops/script/generate-mlperf-inference-user-conf/tmp/3e7b22784c9d4a22b97a3e731ff07948.conf
Model Name: mobilenet
LoadGen Scenario: SingleStream
LoadGen Mode: performance
