client 2024-02-04 18:08:57,675 [INFO] Creating output directory '/home/arjun/results_dir/valid_results/orin-tflite_armnn_cpp-cpu-armnn_tflite-v23.11-using_neon_with_live_preprocessing/mobilenet-v3-precision_float-large-224/singlestream/performance/tmp_power'
client 2024-02-04 18:08:57,679 [INFO] Sending command to the server: 'mlcommons/power client v3'
client 2024-02-04 18:08:57,682 [INFO] Got response: 'mlcommons/power server v3'
client 2024-02-04 18:08:57,682 [INFO] Synchronizing with the server and with time.google.com...
client 2024-02-04 18:08:57,713 [INFO] NTP:offset = -0.001 s, delay = 0.026 s 
client 2024-02-04 18:08:57,714 [INFO] Sending command to the server: 'time'
client 2024-02-04 18:08:57,716 [INFO] Got response: '1707070137.7143664'
client 2024-02-04 18:08:57,716 [INFO] The time difference between the client and the server is within range -0.288 ms..2.494 ms
client 2024-02-04 18:08:57,717 [INFO] Sending command to the server: 'new,,caaf5edf-4ccb-4840-a8ad-5fad9cc9b37a'
client 2024-02-04 18:08:57,719 [INFO] Got response: 'OK 2024-02-04_18-08-57,5676e2da-17ff-4a6d-b580-da5f17d7effb'
client 2024-02-04 18:08:57,719 [INFO] Session id is '2024-02-04_18-08-57'
client 2024-02-04 18:08:57,719 [INFO] Sources: {"sources": {"__init__.py": "da39a3ee5e6b4b0d3255bfef95601890afd80709", "client.py": "33ca4f26368777ac06e01f9567b714a4b8063886", "lib/__init__.py": "da39a3ee5e6b4b0d3255bfef95601890afd80709", "lib/client.py": "ac2aa093c8e8bbc9569b9e2a3471bc64e58a2258", "lib/common.py": "611d8b29633d331eb19c9455ea3b5fa3284ed6df", "lib/external/__init__.py": "da39a3ee5e6b4b0d3255bfef95601890afd80709", "lib/external/ntplib.py": "4da8f970656505a40483206ef2b5d3dd5e81711d", "lib/server.py": "99303c836c683aa9017ec565104e636161d02acb", "lib/source_hashes.py": "60a2e02193209e8d392803326208d5466342da18", "lib/summary.py": "aa92f0a3f975eecd44d3c0cd0236342ccc9f941d", "lib/time_sync.py": "80894ef2389e540781ff78de94db16aa4203a14e", "server.py": "c3f90f2f7eeb4db30727556d0c815ebc89b3d28b", "tests/unit/__init__.py": "da39a3ee5e6b4b0d3255bfef95601890afd80709", "tests/unit/test_server.py": "948c1995d4008bc2aa6c4046a34ffa3858d6d671", "tests/unit/test_source_hashes.py": "00468a2907583c593e6574a1f6b404e4651c221a"}, "modules": {"ptd_client_server.lib.client": "lib/client.py", "ptd_client_server.lib.common": "lib/common.py", "ptd_client_server.lib.external.ntplib": "lib/external/ntplib.py", "ptd_client_server.lib.source_hashes": "lib/source_hashes.py", "ptd_client_server.lib.summary": "lib/summary.py", "ptd_client_server.lib.time_sync": "lib/time_sync.py"}}
client 2024-02-04 18:08:57,720 [INFO] Running workload in ranging mode
client 2024-02-04 18:08:57,720 [INFO] Synchronizing with the server and with time.google.com...
client 2024-02-04 18:08:57,769 [INFO] NTP:offset = -0.000 s, delay = 0.047 s 
client 2024-02-04 18:08:57,769 [INFO] Sending command to the server: 'time'
client 2024-02-04 18:08:57,773 [INFO] Got response: '1707070137.7700715'
client 2024-02-04 18:08:57,773 [INFO] The time difference between the client and the server is within range -0.563 ms..3.103 ms
client 2024-02-04 18:08:57,773 [INFO] Sending command to the server: 'session,2024-02-04_18-08-57,start,ranging'
client 2024-02-04 18:09:25,860 [INFO] Got response: 'OK'
client 2024-02-04 18:09:25,863 [INFO] Sending command to the server: 'time'
client 2024-02-04 18:09:25,867 [INFO] Got response: '1707070165.8643005'
client 2024-02-04 18:09:25,867 [INFO] The time difference between the client and the server is within range -0.891 ms..3.456 ms
client 2024-02-04 18:09:25,868 [INFO] Running the workload 'CM_MLPERF_RUN_COUNT=$(cat ${CM_RUN_DIR}/count.txt); echo ${CM_MLPERF_RUN_COUNT}; CM_MLPERF_RUN_COUNT=$((CM_MLPERF_RUN_COUNT+1)); echo ${CM_MLPERF_RUN_COUNT} > ${CM_RUN_DIR}/count.txt && if [ ${CM_MLPERF_RUN_COUNT} -eq "1" ]; then export CM_MLPERF_USER_CONF=${CM_MLPERF_RANGING_USER_CONF}; else export CM_MLPERF_USER_CONF=${CM_MLPERF_TESTING_USER_CONF}; fi && /mnt/CM/repos/ctuning@mlcommons-ck/cm-mlops/script/get-lib-armnn/run.out'
client 2024-02-04 18:14:28,407 [INFO] Sending command to the server: 'time'
client 2024-02-04 18:14:28,411 [INFO] Got response: '1707070468.4097137'
client 2024-02-04 18:14:28,412 [INFO] The time difference between the client and the server is within range -1.935 ms..2.511 ms
client 2024-02-04 18:14:28,412 [INFO] Sending command to the server: 'session,2024-02-04_18-08-57,stop,ranging'
client 2024-02-04 18:14:38,982 [INFO] Got response: 'OK'
client 2024-02-04 18:14:38,983 [INFO] Sending command to the server: 'time'
client 2024-02-04 18:14:38,987 [INFO] Got response: '1707070478.9850104'
client 2024-02-04 18:14:38,987 [INFO] The time difference between the client and the server is within range -1.665 ms..2.753 ms
client 2024-02-04 18:14:39,004 [INFO] Copying loadgen logs from '/home/arjun/results_dir/valid_results/orin-tflite_armnn_cpp-cpu-armnn_tflite-v23.11-using_neon_with_live_preprocessing/mobilenet-v3-precision_float-large-224/singlestream/performance/run_1' to '/home/arjun/results_dir/valid_results/orin-tflite_armnn_cpp-cpu-armnn_tflite-v23.11-using_neon_with_live_preprocessing/mobilenet-v3-precision_float-large-224/singlestream/performance/tmp_power/ranging'
client 2024-02-04 18:14:39,007 [INFO] Running workload in testing mode
client 2024-02-04 18:14:39,008 [INFO] Synchronizing with the server and with time.google.com...
client 2024-02-04 18:14:39,121 [INFO] NTP:offset = 0.004 s, delay = 0.097 s 
client 2024-02-04 18:14:39,121 [INFO] Sending command to the server: 'time'
client 2024-02-04 18:14:39,125 [INFO] Got response: '1707070479.1234303'
client 2024-02-04 18:14:39,126 [INFO] The time difference between the client and the server is within range -1.698 ms..2.544 ms
client 2024-02-04 18:14:39,126 [INFO] Sending command to the server: 'session,2024-02-04_18-08-57,start,testing'
client 2024-02-04 18:14:52,143 [INFO] Got response: 'OK'
client 2024-02-04 18:14:52,144 [INFO] Sending command to the server: 'time'
client 2024-02-04 18:14:52,149 [INFO] Got response: '1707070492.1466913'
client 2024-02-04 18:14:52,150 [INFO] The time difference between the client and the server is within range -2.022 ms..3.565 ms
client 2024-02-04 18:14:52,150 [INFO] Running the workload 'CM_MLPERF_RUN_COUNT=$(cat ${CM_RUN_DIR}/count.txt); echo ${CM_MLPERF_RUN_COUNT}; CM_MLPERF_RUN_COUNT=$((CM_MLPERF_RUN_COUNT+1)); echo ${CM_MLPERF_RUN_COUNT} > ${CM_RUN_DIR}/count.txt && if [ ${CM_MLPERF_RUN_COUNT} -eq "1" ]; then export CM_MLPERF_USER_CONF=${CM_MLPERF_RANGING_USER_CONF}; else export CM_MLPERF_USER_CONF=${CM_MLPERF_TESTING_USER_CONF}; fi && /mnt/CM/repos/ctuning@mlcommons-ck/cm-mlops/script/get-lib-armnn/run.out'
client 2024-02-04 18:24:56,837 [INFO] Sending command to the server: 'time'
client 2024-02-04 18:24:56,841 [INFO] Got response: '1707071096.8399048'
client 2024-02-04 18:24:56,842 [INFO] The time difference between the client and the server is within range -2.776 ms..2.244 ms
client 2024-02-04 18:24:56,842 [INFO] Sending command to the server: 'session,2024-02-04_18-08-57,stop,testing'
client 2024-02-04 18:25:07,202 [INFO] Got response: 'OK'
client 2024-02-04 18:25:07,203 [INFO] Sending command to the server: 'time'
client 2024-02-04 18:25:07,206 [INFO] Got response: '1707071107.2056642'
client 2024-02-04 18:25:07,207 [INFO] The time difference between the client and the server is within range -1.856 ms..1.586 ms
client 2024-02-04 18:25:07,211 [INFO] Copying loadgen logs from '/home/arjun/results_dir/valid_results/orin-tflite_armnn_cpp-cpu-armnn_tflite-v23.11-using_neon_with_live_preprocessing/mobilenet-v3-precision_float-large-224/singlestream/performance/run_1' to '/home/arjun/results_dir/valid_results/orin-tflite_armnn_cpp-cpu-armnn_tflite-v23.11-using_neon_with_live_preprocessing/mobilenet-v3-precision_float-large-224/singlestream/performance/tmp_power/run_1'
client 2024-02-04 18:25:07,214 [INFO] Done runs
