[2024-02-20 08:03:29,658 main.py:230 INFO] Detected system ID: KnownSystem.spr
[2024-02-20 08:03:30,346 generate_conf_files.py:107 INFO] Generated measurements/ entries for spr_TRT/bert-99.9/Offline
[2024-02-20 08:03:30,346 __init__.py:46 INFO] Running command: ./build/bin/harness_bert --logfile_outdir="/home/cmuser/local/cache/f88c69500c934b67/valid_results/e7848e83534a-nvidia_original-gpu-tensorrt-vdefault-default_config/bert-99.9/offline/performance/run_1" --logfile_prefix="mlperf_log_" --performance_sample_count=10833 --test_mode="PerformanceOnly" --gpu_batch_size=256 --mlperf_conf_path="/home/cmuser/CM/repos/local/cache/30a1e017eddd4007/inference/mlperf.conf" --tensor_path="build/preprocessed_data/squad_tokenized/input_ids.npy,build/preprocessed_data/squad_tokenized/segment_ids.npy,build/preprocessed_data/squad_tokenized/input_mask.npy" --use_graphs=false --user_conf_path="/home/cmuser/CM/repos/ctuning@mlcommons-ck/cm-mlops/script/generate-mlperf-inference-user-conf/tmp/1b0a1ad3d09c4d32931e530134c08041.conf" --gpu_inference_streams=2 --gpu_copy_streams=2 --gpu_engines="./build/engines/spr/bert/Offline/bert-Offline-gpu-fp16_S_384_B_256_P_2_vs.custom_k_99_9_MaxP.plan" --scenario Offline --model bert
[2024-02-20 08:03:30,346 __init__.py:53 INFO] Overriding Environment
benchmark : Benchmark.BERT
buffer_manager_thread_count : 0
coalesced_tensor : True
data_dir : /home/cmuser/local/cache/b1f8faeaa7384886/data
enable_interleaved : False
gpu_batch_size : 256
gpu_copy_streams : 2
gpu_inference_streams : 2
input_dtype : int32
input_format : linear
log_dir : /home/cmuser/CM/repos/local/cache/8fc141ed37f54f54/repo/closed/NVIDIA/build/logs/2024.02.20-08.03.28
mlperf_conf_path : /home/cmuser/CM/repos/local/cache/30a1e017eddd4007/inference/mlperf.conf
offline_expected_qps : 4000.0
precision : fp16
preprocessed_data_dir : /home/cmuser/local/cache/b1f8faeaa7384886/preprocessed_data
scenario : Scenario.Offline
system : SystemConfiguration(host_cpu_conf=CPUConfiguration(layout={CPU(name='Intel(R) Xeon(R) w7-2495X', architecture=<CPUArchitecture.x86_64: AliasedName(name='x86_64', aliases=(), patterns=())>, core_count=24, threads_per_core=2): 1}), host_mem_conf=MemoryConfiguration(host_memory_capacity=Memory(quantity=197.33004, byte_suffix=<ByteSuffix.GB: (1000, 3)>, _num_bytes=197330040000), comparison_tolerance=0.05), accelerator_conf=AcceleratorConfiguration(layout=defaultdict(<class 'int'>, {GPU(name='NVIDIA GeForce RTX 4090', accelerator_type=<AcceleratorType.Discrete: AliasedName(name='Discrete', aliases=(), patterns=())>, vram=Memory(quantity=23.98828125, byte_suffix=<ByteSuffix.GiB: (1024, 3)>, _num_bytes=25757220864), max_power_limit=450.0, pci_id='0x268410DE', compute_sm=89): 2})), numa_conf=None, system_id='spr')
tensor_path : build/preprocessed_data/squad_tokenized/input_ids.npy,build/preprocessed_data/squad_tokenized/segment_ids.npy,build/preprocessed_data/squad_tokenized/input_mask.npy
test_mode : PerformanceOnly
use_graphs : False
user_conf_path : /home/cmuser/CM/repos/ctuning@mlcommons-ck/cm-mlops/script/generate-mlperf-inference-user-conf/tmp/1b0a1ad3d09c4d32931e530134c08041.conf
system_id : spr
config_name : spr_bert_Offline
workload_setting : WorkloadSetting(HarnessType.Custom, AccuracyTarget.k_99_9, PowerSetting.MaxP)
optimization_level : plugin-enabled
use_cpu : False
use_inferentia : False
num_profiles : 2
config_ver : custom_k_99_9_MaxP
accuracy_level : 99.9%
inference_server : custom
skip_file_checks : True
power_limit : None
cpu_freq : None
&&&& RUNNING BERT_HARNESS # ./build/bin/harness_bert
I0220 08:03:30.390852 877261 main_bert.cc:163] Found 2 GPUs
I0220 08:03:30.517908 877261 bert_server.cc:142] Engine Path: ./build/engines/spr/bert/Offline/bert-Offline-gpu-fp16_S_384_B_256_P_2_vs.custom_k_99_9_MaxP.plan
[I] [TRT] Loaded engine size: 700 MiB
[I] [TRT] Loaded engine size: 700 MiB
[W] [TRT] Using an engine plan file across different models of devices is not recommended and is likely to affect performance or even cause errors.
[I] [TRT] [MemUsageChange] Init cuBLAS/cuBLASLt: CPU +8, GPU +10, now: CPU 1000, GPU 1511 (MiB)
[I] [TRT] [MemUsageChange] Init cuDNN: CPU +1, GPU +10, now: CPU 1001, GPU 1521 (MiB)
[I] [TRT] [MemUsageChange] TensorRT-managed allocation in engine deserialization: CPU +0, GPU +1152, now: CPU 0, GPU 1152 (MiB)
[I] [TRT] [MemUsageChange] Init cuBLAS/cuBLASLt: CPU +6, GPU +10, now: CPU 1009, GPU 1219 (MiB)
[I] [TRT] [MemUsageChange] Init cuDNN: CPU +1, GPU +10, now: CPU 1010, GPU 1229 (MiB)
[I] [TRT] [MemUsageChange] TensorRT-managed allocation in engine deserialization: CPU +1, GPU +576, now: CPU 1, GPU 1152 (MiB)
I0220 08:03:31.200099 877261 bert_server.cc:203] Engines Creation Completed
I0220 08:03:31.236552 877261 bert_core_vs.cc:385] Engine - Device Memory requirements: 1409287680
I0220 08:03:31.236559 877261 bert_core_vs.cc:393] Engine - Number of Optimization Profiles: 2
I0220 08:03:31.236564 877261 bert_core_vs.cc:415] Engine - Profile 0 maxDims 98304 Bmax=256 Smax=384
[I] [TRT] [MemUsageChange] Init cuBLAS/cuBLASLt: CPU +0, GPU +8, now: CPU 311, GPU 2859 (MiB)
[I] [TRT] [MemUsageChange] Init cuDNN: CPU +0, GPU +8, now: CPU 311, GPU 2867 (MiB)
I0220 08:03:31.307761 877261 bert_core_vs.cc:426] Setting Opt.Prof. to 0
I0220 08:03:31.307780 877261 bert_core_vs.cc:444] Context creation complete. Max supported batchSize: 256
[I] [TRT] [MemUsageChange] TensorRT-managed allocation in IExecutionContext creation: CPU +0, GPU +0, now: CPU 1, GPU 1152 (MiB)
I0220 08:03:31.308651 877261 bert_core_vs.cc:476] Setup complete
I0220 08:03:31.308804 877261 bert_core_vs.cc:385] Engine - Device Memory requirements: 1409287680
I0220 08:03:31.308805 877261 bert_core_vs.cc:393] Engine - Number of Optimization Profiles: 2
I0220 08:03:31.308809 877261 bert_core_vs.cc:415] Engine - Profile 0 maxDims 98304 Bmax=256 Smax=384
[I] [TRT] [MemUsageChange] Init cuBLAS/cuBLASLt: CPU +0, GPU +8, now: CPU 434, GPU 2567 (MiB)
[I] [TRT] [MemUsageChange] Init cuDNN: CPU +0, GPU +8, now: CPU 434, GPU 2575 (MiB)
I0220 08:03:31.385746 877261 bert_core_vs.cc:426] Setting Opt.Prof. to 0
I0220 08:03:31.385761 877261 bert_core_vs.cc:444] Context creation complete. Max supported batchSize: 256
[I] [TRT] [MemUsageChange] TensorRT-managed allocation in IExecutionContext creation: CPU +1, GPU +0, now: CPU 2, GPU 1152 (MiB)
I0220 08:03:31.386663 877261 bert_core_vs.cc:476] Setup complete
I0220 08:03:31.386849 877261 bert_core_vs.cc:385] Engine - Device Memory requirements: 1409287680
I0220 08:03:31.386852 877261 bert_core_vs.cc:393] Engine - Number of Optimization Profiles: 2
I0220 08:03:31.386857 877261 bert_core_vs.cc:415] Engine - Profile 1 maxDims 98304 Bmax=256 Smax=384
[I] [TRT] [MemUsageChange] Init cuBLAS/cuBLASLt: CPU +0, GPU +8, now: CPU 558, GPU 4345 (MiB)
[I] [TRT] [MemUsageChange] Init cuDNN: CPU +0, GPU +10, now: CPU 558, GPU 4355 (MiB)
I0220 08:03:31.455830 877261 bert_core_vs.cc:426] Setting Opt.Prof. to 1
[I] [TRT] Could not set default profile 0 for execution context. Profile index must be set explicitly.
[I] [TRT] [MemUsageChange] TensorRT-managed allocation in IExecutionContext creation: CPU +1, GPU +0, now: CPU 3, GPU 1152 (MiB)
I0220 08:03:31.456200 877261 bert_core_vs.cc:444] Context creation complete. Max supported batchSize: 256
I0220 08:03:31.457082 877261 bert_core_vs.cc:476] Setup complete
I0220 08:03:31.457242 877261 bert_core_vs.cc:385] Engine - Device Memory requirements: 1409287680
I0220 08:03:31.457245 877261 bert_core_vs.cc:393] Engine - Number of Optimization Profiles: 2
I0220 08:03:31.457248 877261 bert_core_vs.cc:415] Engine - Profile 1 maxDims 98304 Bmax=256 Smax=384
[I] [TRT] [MemUsageChange] Init cuBLAS/cuBLASLt: CPU +0, GPU +8, now: CPU 681, GPU 4053 (MiB)
[I] [TRT] [MemUsageChange] Init cuDNN: CPU +1, GPU +10, now: CPU 682, GPU 4063 (MiB)
I0220 08:03:31.523854 877261 bert_core_vs.cc:426] Setting Opt.Prof. to 1
[I] [TRT] Could not set default profile 0 for execution context. Profile index must be set explicitly.
[I] [TRT] [MemUsageChange] TensorRT-managed allocation in IExecutionContext creation: CPU +0, GPU +0, now: CPU 3, GPU 1152 (MiB)
I0220 08:03:31.524224 877261 bert_core_vs.cc:444] Context creation complete. Max supported batchSize: 256
I0220 08:03:31.525125 877261 bert_core_vs.cc:476] Setup complete
I0220 08:03:32.725852 877261 main_bert.cc:184] Starting running actual test.
I0220 08:17:00.761935 877261 main_bert.cc:190] Finished running actual test.
================================================
MLPerf Results Summary
================================================
SUT name : BERT SERVER
Scenario : Offline
Mode     : PerformanceOnly
Samples per second: 3269.47
Result is : VALID
  Min duration satisfied : Yes
  Min queries satisfied : Yes
  Early stopping satisfied: Yes

================================================
Additional Stats
================================================
Min latency (ns)                : 1220973970
Max latency (ns)                : 807469952090
Mean latency (ns)               : 487621314652
50.00 percentile latency (ns)   : 519190828021
90.00 percentile latency (ns)   : 769713907257
95.00 percentile latency (ns)   : 792080926834
97.00 percentile latency (ns)   : 799435992407
99.00 percentile latency (ns)   : 805315863671
99.90 percentile latency (ns)   : 807329897875

================================================
Test Parameters Used
================================================
samples_per_query : 2640000
target_qps : 4000
target_latency (ns): 0
max_async_queries : 1
min_duration (ms): 600000
max_duration (ms): 0
min_query_count : 1
max_query_count : 0
qsl_rng_seed : 13281865557512327830
sample_index_rng_seed : 198141574272810017
schedule_rng_seed : 7575108116881280410
accuracy_log_rng_seed : 0
accuracy_log_probability : 0
accuracy_log_sampling_target : 0
print_timestamps : 0
performance_issue_unique : 0
performance_issue_same : 0
performance_issue_same_index : 0
performance_sample_count : 10833

No warnings encountered during test.

No errors encountered during test.
[2024-02-20 08:17:00,994 run_harness.py:170 INFO] Result: result_samples_per_second: 3269.47, Result is VALID
 
======================== Result summaries: ========================

