client 2024-01-31 00:30:29,763 [INFO] Creating output directory '/home/arjun/results_dir/valid_results/orin-tflite_cpp-cpu-tflite-vmaster-with_live_preprocessing/mobilenet-v1-precision_float-0.25-128/singlestream/performance/tmp_power'
client 2024-01-31 00:30:29,815 [INFO] Sending command to the server: 'mlcommons/power client v3'
client 2024-01-31 00:30:29,817 [INFO] Got response: 'mlcommons/power server v3'
client 2024-01-31 00:30:29,817 [INFO] Synchronizing with the server and with time.google.com...
client 2024-01-31 00:30:29,843 [INFO] NTP:offset = -0.002 s, delay = 0.020 s 
client 2024-01-31 00:30:29,843 [INFO] Sending command to the server: 'time'
client 2024-01-31 00:30:29,846 [INFO] Got response: '1706661029.8436687'
client 2024-01-31 00:30:29,846 [INFO] The time difference between the client and the server is within range 0.254 ms..2.990 ms
client 2024-01-31 00:30:29,846 [INFO] Sending command to the server: 'new,,3e839c7e-0443-4ac6-9727-d5455d60b25a'
client 2024-01-31 00:30:29,849 [INFO] Got response: 'OK 2024-01-31_00-30-29,63cdcc2f-b970-498d-ac37-0355a430a350'
client 2024-01-31 00:30:29,849 [INFO] Session id is '2024-01-31_00-30-29'
client 2024-01-31 00:30:29,850 [INFO] Sources: {"sources": {"__init__.py": "da39a3ee5e6b4b0d3255bfef95601890afd80709", "client.py": "33ca4f26368777ac06e01f9567b714a4b8063886", "lib/__init__.py": "da39a3ee5e6b4b0d3255bfef95601890afd80709", "lib/client.py": "ac2aa093c8e8bbc9569b9e2a3471bc64e58a2258", "lib/common.py": "611d8b29633d331eb19c9455ea3b5fa3284ed6df", "lib/external/__init__.py": "da39a3ee5e6b4b0d3255bfef95601890afd80709", "lib/external/ntplib.py": "4da8f970656505a40483206ef2b5d3dd5e81711d", "lib/server.py": "99303c836c683aa9017ec565104e636161d02acb", "lib/source_hashes.py": "60a2e02193209e8d392803326208d5466342da18", "lib/summary.py": "aa92f0a3f975eecd44d3c0cd0236342ccc9f941d", "lib/time_sync.py": "80894ef2389e540781ff78de94db16aa4203a14e", "server.py": "c3f90f2f7eeb4db30727556d0c815ebc89b3d28b", "tests/unit/__init__.py": "da39a3ee5e6b4b0d3255bfef95601890afd80709", "tests/unit/test_server.py": "948c1995d4008bc2aa6c4046a34ffa3858d6d671", "tests/unit/test_source_hashes.py": "00468a2907583c593e6574a1f6b404e4651c221a"}, "modules": {"ptd_client_server.lib.client": "lib/client.py", "ptd_client_server.lib.common": "lib/common.py", "ptd_client_server.lib.external.ntplib": "lib/external/ntplib.py", "ptd_client_server.lib.source_hashes": "lib/source_hashes.py", "ptd_client_server.lib.summary": "lib/summary.py", "ptd_client_server.lib.time_sync": "lib/time_sync.py"}}
client 2024-01-31 00:30:29,850 [INFO] Running workload in ranging mode
client 2024-01-31 00:30:29,850 [INFO] Synchronizing with the server and with time.google.com...
client 2024-01-31 00:30:29,872 [INFO] NTP:offset = -0.003 s, delay = 0.019 s 
client 2024-01-31 00:30:29,872 [INFO] Sending command to the server: 'time'
client 2024-01-31 00:30:29,875 [INFO] Got response: '1706661029.8726063'
client 2024-01-31 00:30:29,875 [INFO] The time difference between the client and the server is within range 0.129 ms..2.957 ms
client 2024-01-31 00:30:29,875 [INFO] Sending command to the server: 'session,2024-01-31_00-30-29,start,ranging'
client 2024-01-31 00:30:57,948 [INFO] Got response: 'OK'
client 2024-01-31 00:30:57,951 [INFO] Sending command to the server: 'time'
client 2024-01-31 00:30:57,954 [INFO] Got response: '1706661057.9515648'
client 2024-01-31 00:30:57,955 [INFO] The time difference between the client and the server is within range -0.507 ms..3.592 ms
client 2024-01-31 00:30:57,955 [INFO] Running the workload 'CM_MLPERF_RUN_COUNT=$(cat ${CM_RUN_DIR}/count.txt); echo ${CM_MLPERF_RUN_COUNT}; CM_MLPERF_RUN_COUNT=$((CM_MLPERF_RUN_COUNT+1)); echo ${CM_MLPERF_RUN_COUNT} > ${CM_RUN_DIR}/count.txt && if [ ${CM_MLPERF_RUN_COUNT} -eq "1" ]; then export CM_MLPERF_USER_CONF=${CM_MLPERF_RANGING_USER_CONF}; else export CM_MLPERF_USER_CONF=${CM_MLPERF_TESTING_USER_CONF}; fi && /home/arjun/run.out'
client 2024-01-31 00:36:00,459 [INFO] Sending command to the server: 'time'
client 2024-01-31 00:36:00,463 [INFO] Got response: '1706661360.4602978'
client 2024-01-31 00:36:00,463 [INFO] The time difference between the client and the server is within range -0.935 ms..3.372 ms
client 2024-01-31 00:36:00,464 [INFO] Sending command to the server: 'session,2024-01-31_00-30-29,stop,ranging'
client 2024-01-31 00:36:11,082 [INFO] Got response: 'OK'
client 2024-01-31 00:36:11,083 [INFO] Sending command to the server: 'time'
client 2024-01-31 00:36:11,086 [INFO] Got response: '1706661371.083874'
client 2024-01-31 00:36:11,087 [INFO] The time difference between the client and the server is within range -0.412 ms..3.435 ms
client 2024-01-31 00:36:11,105 [INFO] Copying loadgen logs from '/home/arjun/results_dir/valid_results/orin-tflite_cpp-cpu-tflite-vmaster-with_live_preprocessing/mobilenet-v1-precision_float-0.25-128/singlestream/performance/run_1' to '/home/arjun/results_dir/valid_results/orin-tflite_cpp-cpu-tflite-vmaster-with_live_preprocessing/mobilenet-v1-precision_float-0.25-128/singlestream/performance/tmp_power/ranging'
client 2024-01-31 00:36:11,108 [INFO] Running workload in testing mode
client 2024-01-31 00:36:11,108 [INFO] Synchronizing with the server and with time.google.com...
client 2024-01-31 00:36:11,147 [INFO] NTP:offset = -0.004 s, delay = 0.020 s 
client 2024-01-31 00:36:11,148 [INFO] Sending command to the server: 'time'
client 2024-01-31 00:36:11,151 [INFO] Got response: '1706661371.1486158'
client 2024-01-31 00:36:11,151 [INFO] The time difference between the client and the server is within range -0.513 ms..2.905 ms
client 2024-01-31 00:36:11,151 [INFO] Sending command to the server: 'session,2024-01-31_00-30-29,start,testing'
client 2024-01-31 00:36:24,158 [INFO] Got response: 'OK'
client 2024-01-31 00:36:24,159 [INFO] Sending command to the server: 'time'
client 2024-01-31 00:36:24,164 [INFO] Got response: '1706661384.1618583'
client 2024-01-31 00:36:24,164 [INFO] The time difference between the client and the server is within range -2.728 ms..2.957 ms
client 2024-01-31 00:36:24,165 [INFO] Running the workload 'CM_MLPERF_RUN_COUNT=$(cat ${CM_RUN_DIR}/count.txt); echo ${CM_MLPERF_RUN_COUNT}; CM_MLPERF_RUN_COUNT=$((CM_MLPERF_RUN_COUNT+1)); echo ${CM_MLPERF_RUN_COUNT} > ${CM_RUN_DIR}/count.txt && if [ ${CM_MLPERF_RUN_COUNT} -eq "1" ]; then export CM_MLPERF_USER_CONF=${CM_MLPERF_RANGING_USER_CONF}; else export CM_MLPERF_USER_CONF=${CM_MLPERF_TESTING_USER_CONF}; fi && /home/arjun/run.out'
client 2024-01-31 00:46:28,875 [INFO] Sending command to the server: 'time'
client 2024-01-31 00:46:28,879 [INFO] Got response: '1706661988.8766816'
client 2024-01-31 00:46:28,879 [INFO] The time difference between the client and the server is within range -0.921 ms..3.014 ms
client 2024-01-31 00:46:28,879 [INFO] Sending command to the server: 'session,2024-01-31_00-30-29,stop,testing'
client 2024-01-31 00:46:39,208 [INFO] Got response: 'OK'
client 2024-01-31 00:46:39,208 [INFO] Sending command to the server: 'time'
client 2024-01-31 00:46:39,212 [INFO] Got response: '1706661999.2093215'
client 2024-01-31 00:46:39,212 [INFO] The time difference between the client and the server is within range -0.496 ms..3.436 ms
client 2024-01-31 00:46:39,217 [INFO] Copying loadgen logs from '/home/arjun/results_dir/valid_results/orin-tflite_cpp-cpu-tflite-vmaster-with_live_preprocessing/mobilenet-v1-precision_float-0.25-128/singlestream/performance/run_1' to '/home/arjun/results_dir/valid_results/orin-tflite_cpp-cpu-tflite-vmaster-with_live_preprocessing/mobilenet-v1-precision_float-0.25-128/singlestream/performance/tmp_power/run_1'
client 2024-01-31 00:46:39,219 [INFO] Done runs
