client 2024-02-23 11:43:27,659 [INFO] Creating output directory '/home/arjun/CM/repos/local/cache/ebae02e3af2d40d4/valid_results/qrb5165-kilt-qaic-glow-vdefault-default_config/resnet50/offline/performance/tmp_power'
client 2024-02-23 11:43:27,666 [INFO] Sending command to the server: 'mlcommons/power client v3'
client 2024-02-23 11:43:27,672 [INFO] Got response: 'mlcommons/power server v3'
client 2024-02-23 11:43:27,672 [INFO] Synchronizing with the server and with time.google.com...
client 2024-02-23 11:43:27,703 [INFO] NTP:offset = -0.006 s, delay = 0.020 s 
client 2024-02-23 11:43:27,703 [INFO] Sending command to the server: 'time'
client 2024-02-23 11:43:27,710 [INFO] Got response: '1708688607.701137'
client 2024-02-23 11:43:27,710 [INFO] The time difference between the client and the server is within range 2.240 ms..9.239 ms
client 2024-02-23 11:43:27,710 [INFO] Sending command to the server: 'new,,b58b2829-2726-41c1-9ee7-2043ad860a88'
client 2024-02-23 11:43:27,717 [INFO] Got response: 'OK 2024-02-23_11-43-27,e098e459-8e0a-40c0-a323-507c21c82dbb'
client 2024-02-23 11:43:27,717 [INFO] Session id is '2024-02-23_11-43-27'
client 2024-02-23 11:43:27,717 [INFO] Sources: {"sources": {"__init__.py": "da39a3ee5e6b4b0d3255bfef95601890afd80709", "client.py": "33ca4f26368777ac06e01f9567b714a4b8063886", "lib/__init__.py": "da39a3ee5e6b4b0d3255bfef95601890afd80709", "lib/client.py": "ac2aa093c8e8bbc9569b9e2a3471bc64e58a2258", "lib/common.py": "611d8b29633d331eb19c9455ea3b5fa3284ed6df", "lib/external/__init__.py": "da39a3ee5e6b4b0d3255bfef95601890afd80709", "lib/external/ntplib.py": "4da8f970656505a40483206ef2b5d3dd5e81711d", "lib/server.py": "99303c836c683aa9017ec565104e636161d02acb", "lib/source_hashes.py": "60a2e02193209e8d392803326208d5466342da18", "lib/summary.py": "aa92f0a3f975eecd44d3c0cd0236342ccc9f941d", "lib/time_sync.py": "80894ef2389e540781ff78de94db16aa4203a14e", "server.py": "c3f90f2f7eeb4db30727556d0c815ebc89b3d28b", "tests/unit/__init__.py": "da39a3ee5e6b4b0d3255bfef95601890afd80709", "tests/unit/test_server.py": "948c1995d4008bc2aa6c4046a34ffa3858d6d671", "tests/unit/test_source_hashes.py": "00468a2907583c593e6574a1f6b404e4651c221a"}, "modules": {"ptd_client_server.lib.client": "lib/client.py", "ptd_client_server.lib.common": "lib/common.py", "ptd_client_server.lib.external.ntplib": "lib/external/ntplib.py", "ptd_client_server.lib.source_hashes": "lib/source_hashes.py", "ptd_client_server.lib.summary": "lib/summary.py", "ptd_client_server.lib.time_sync": "lib/time_sync.py"}}
client 2024-02-23 11:43:27,717 [INFO] Running workload in ranging mode
client 2024-02-23 11:43:27,717 [INFO] Synchronizing with the server and with time.google.com...
client 2024-02-23 11:43:27,737 [INFO] NTP:offset = -0.006 s, delay = 0.015 s 
client 2024-02-23 11:43:27,738 [INFO] Sending command to the server: 'time'
client 2024-02-23 11:43:27,745 [INFO] Got response: '1708688607.736755'
client 2024-02-23 11:43:27,745 [INFO] The time difference between the client and the server is within range 1.279 ms..9.066 ms
client 2024-02-23 11:43:27,746 [INFO] Sending command to the server: 'session,2024-02-23_11-43-27,start,ranging'
client 2024-02-23 11:43:55,854 [INFO] Got response: 'OK'
client 2024-02-23 11:43:55,855 [INFO] Sending command to the server: 'time'
client 2024-02-23 11:43:55,865 [INFO] Got response: '1708688635.8533192'
client 2024-02-23 11:43:55,865 [INFO] The time difference between the client and the server is within range 2.095 ms..12.248 ms
client 2024-02-23 11:43:55,865 [INFO] Running the workload '/home/arjun/CM/repos/local/cache/ebae02e3af2d40d4/valid_results/qrb5165-kilt-qaic-glow-vdefault-default_config/resnet50/offline/performance/run_1/run.out 2>&1 | tee /home/arjun/CM/repos/local/cache/ebae02e3af2d40d4/valid_results/qrb5165-kilt-qaic-glow-vdefault-default_config/resnet50/offline/performance/run_1/console.out'
client 2024-02-23 11:55:13,507 [INFO] Sending command to the server: 'time'
client 2024-02-23 11:55:13,516 [INFO] Got response: '1708689313.5076458'
client 2024-02-23 11:55:13,516 [INFO] The time difference between the client and the server is within range -0.968 ms..8.657 ms
client 2024-02-23 11:55:13,516 [INFO] Sending command to the server: 'session,2024-02-23_11-43-27,stop,ranging'
client 2024-02-23 11:55:24,007 [INFO] Got response: 'OK'
client 2024-02-23 11:55:24,007 [INFO] Sending command to the server: 'time'
client 2024-02-23 11:55:24,020 [INFO] Got response: '1708689324.0067458'
client 2024-02-23 11:55:24,020 [INFO] The time difference between the client and the server is within range 0.496 ms..13.475 ms
client 2024-02-23 11:55:24,042 [INFO] Copying loadgen logs from '/home/arjun/CM/repos/local/cache/ebae02e3af2d40d4/valid_results/qrb5165-kilt-qaic-glow-vdefault-default_config/resnet50/offline/performance/run_1' to '/home/arjun/CM/repos/local/cache/ebae02e3af2d40d4/valid_results/qrb5165-kilt-qaic-glow-vdefault-default_config/resnet50/offline/performance/tmp_power/ranging'
client 2024-02-23 11:55:24,047 [INFO] Running workload in testing mode
client 2024-02-23 11:55:24,048 [INFO] Synchronizing with the server and with time.google.com...
client 2024-02-23 11:55:24,085 [INFO] NTP:offset = -0.004 s, delay = 0.022 s 
client 2024-02-23 11:55:24,085 [INFO] Sending command to the server: 'time'
client 2024-02-23 11:55:24,091 [INFO] Got response: '1708689324.0840545'
client 2024-02-23 11:55:24,091 [INFO] The time difference between the client and the server is within range 1.562 ms..7.669 ms
client 2024-02-23 11:55:24,092 [INFO] Sending command to the server: 'session,2024-02-23_11-43-27,start,testing'
client 2024-02-23 11:55:37,118 [INFO] Got response: 'OK'
client 2024-02-23 11:55:37,118 [INFO] Sending command to the server: 'time'
client 2024-02-23 11:55:37,127 [INFO] Got response: '1708689337.1190746'
client 2024-02-23 11:55:37,127 [INFO] The time difference between the client and the server is within range -0.458 ms..8.217 ms
client 2024-02-23 11:55:37,127 [INFO] Running the workload '/home/arjun/CM/repos/local/cache/ebae02e3af2d40d4/valid_results/qrb5165-kilt-qaic-glow-vdefault-default_config/resnet50/offline/performance/run_1/run.out 2>&1 | tee /home/arjun/CM/repos/local/cache/ebae02e3af2d40d4/valid_results/qrb5165-kilt-qaic-glow-vdefault-default_config/resnet50/offline/performance/run_1/console.out'
client 2024-02-23 12:06:47,928 [INFO] Sending command to the server: 'time'
client 2024-02-23 12:06:47,944 [INFO] Got response: '1708690007.9260664'
client 2024-02-23 12:06:47,944 [INFO] The time difference between the client and the server is within range 2.119 ms..18.767 ms
client 2024-02-23 12:06:47,945 [INFO] Sending command to the server: 'session,2024-02-23_11-43-27,stop,testing'
client 2024-02-23 12:06:58,188 [INFO] Got response: 'OK'
client 2024-02-23 12:06:58,188 [INFO] Sending command to the server: 'time'
client 2024-02-23 12:06:58,200 [INFO] Got response: '1708690018.1839871'
client 2024-02-23 12:06:58,201 [INFO] The time difference between the client and the server is within range 4.490 ms..17.294 ms
client 2024-02-23 12:06:58,205 [INFO] Copying loadgen logs from '/home/arjun/CM/repos/local/cache/ebae02e3af2d40d4/valid_results/qrb5165-kilt-qaic-glow-vdefault-default_config/resnet50/offline/performance/run_1' to '/home/arjun/CM/repos/local/cache/ebae02e3af2d40d4/valid_results/qrb5165-kilt-qaic-glow-vdefault-default_config/resnet50/offline/performance/tmp_power/run_1'
client 2024-02-23 12:06:58,210 [INFO] Done runs
