client 2024-01-29 16:44:19,777 [INFO] Creating output directory '/home/arjun/results_dir/valid_results/orin-tflite_cpp-cpu-tflite-vmaster-default_config/mobilenet-v3-precision_float-small-minimalistic-224/singlestream/performance/tmp_power'
client 2024-01-29 16:44:19,926 [INFO] Sending command to the server: 'mlcommons/power client v3'
client 2024-01-29 16:44:19,929 [INFO] Got response: 'mlcommons/power server v3'
client 2024-01-29 16:44:19,929 [INFO] Synchronizing with the server and with time.google.com...
client 2024-01-29 16:44:19,961 [INFO] NTP:offset = -0.005 s, delay = 0.023 s 
client 2024-01-29 16:44:19,962 [INFO] Sending command to the server: 'time'
client 2024-01-29 16:44:19,965 [INFO] Got response: '1706546659.9616196'
client 2024-01-29 16:44:19,966 [INFO] The time difference between the client and the server is within range 0.508 ms..4.418 ms
client 2024-01-29 16:44:19,966 [INFO] Sending command to the server: 'new,,28dd1aa4-9cbc-40a2-8525-6341520b17e0'
client 2024-01-29 16:44:19,970 [INFO] Got response: 'OK 2024-01-29_16-44-19,3c6e1bd2-616a-4140-a6fd-3dd6ef1d2b10'
client 2024-01-29 16:44:19,970 [INFO] Session id is '2024-01-29_16-44-19'
client 2024-01-29 16:44:19,971 [INFO] Sources: {"sources": {"__init__.py": "da39a3ee5e6b4b0d3255bfef95601890afd80709", "client.py": "33ca4f26368777ac06e01f9567b714a4b8063886", "lib/__init__.py": "da39a3ee5e6b4b0d3255bfef95601890afd80709", "lib/client.py": "ac2aa093c8e8bbc9569b9e2a3471bc64e58a2258", "lib/common.py": "611d8b29633d331eb19c9455ea3b5fa3284ed6df", "lib/external/__init__.py": "da39a3ee5e6b4b0d3255bfef95601890afd80709", "lib/external/ntplib.py": "4da8f970656505a40483206ef2b5d3dd5e81711d", "lib/server.py": "99303c836c683aa9017ec565104e636161d02acb", "lib/source_hashes.py": "60a2e02193209e8d392803326208d5466342da18", "lib/summary.py": "aa92f0a3f975eecd44d3c0cd0236342ccc9f941d", "lib/time_sync.py": "80894ef2389e540781ff78de94db16aa4203a14e", "server.py": "c3f90f2f7eeb4db30727556d0c815ebc89b3d28b", "tests/unit/__init__.py": "da39a3ee5e6b4b0d3255bfef95601890afd80709", "tests/unit/test_server.py": "948c1995d4008bc2aa6c4046a34ffa3858d6d671", "tests/unit/test_source_hashes.py": "00468a2907583c593e6574a1f6b404e4651c221a"}, "modules": {"ptd_client_server.lib.client": "lib/client.py", "ptd_client_server.lib.common": "lib/common.py", "ptd_client_server.lib.external.ntplib": "lib/external/ntplib.py", "ptd_client_server.lib.source_hashes": "lib/source_hashes.py", "ptd_client_server.lib.summary": "lib/summary.py", "ptd_client_server.lib.time_sync": "lib/time_sync.py"}}
client 2024-01-29 16:44:19,971 [INFO] Running workload in ranging mode
client 2024-01-29 16:44:19,971 [INFO] Synchronizing with the server and with time.google.com...
client 2024-01-29 16:44:19,993 [INFO] NTP:offset = -0.005 s, delay = 0.020 s 
client 2024-01-29 16:44:19,993 [INFO] Sending command to the server: 'time'
client 2024-01-29 16:44:19,996 [INFO] Got response: '1706546659.9927237'
client 2024-01-29 16:44:19,997 [INFO] The time difference between the client and the server is within range 1.032 ms..4.286 ms
client 2024-01-29 16:44:19,997 [INFO] Sending command to the server: 'session,2024-01-29_16-44-19,start,ranging'
client 2024-01-29 16:44:48,083 [INFO] Got response: 'OK'
client 2024-01-29 16:44:48,085 [INFO] Sending command to the server: 'time'
client 2024-01-29 16:44:48,088 [INFO] Got response: '1706546688.0850022'
client 2024-01-29 16:44:48,089 [INFO] The time difference between the client and the server is within range 0.471 ms..4.032 ms
client 2024-01-29 16:44:48,089 [INFO] Running the workload 'CM_MLPERF_RUN_COUNT=$(cat ${CM_RUN_DIR}/count.txt); echo ${CM_MLPERF_RUN_COUNT}; CM_MLPERF_RUN_COUNT=$((CM_MLPERF_RUN_COUNT+1)); echo ${CM_MLPERF_RUN_COUNT} > ${CM_RUN_DIR}/count.txt && if [ ${CM_MLPERF_RUN_COUNT} -eq "1" ]; then export CM_MLPERF_USER_CONF=${CM_MLPERF_RANGING_USER_CONF}; else export CM_MLPERF_USER_CONF=${CM_MLPERF_TESTING_USER_CONF}; fi && /mnt/CM/repos/ctuning@mlcommons-ck/cm-mlops/script/benchmark-any-mlperf-inference-implementation/run.out'
client 2024-01-29 16:49:51,106 [INFO] Sending command to the server: 'time'
client 2024-01-29 16:49:51,111 [INFO] Got response: '1706546991.1068695'
client 2024-01-29 16:49:51,111 [INFO] The time difference between the client and the server is within range -0.246 ms..4.796 ms
client 2024-01-29 16:49:51,111 [INFO] Sending command to the server: 'session,2024-01-29_16-44-19,stop,ranging'
client 2024-01-29 16:50:02,201 [INFO] Got response: 'OK'
client 2024-01-29 16:50:02,201 [INFO] Sending command to the server: 'time'
client 2024-01-29 16:50:02,205 [INFO] Got response: '1706547002.201234'
client 2024-01-29 16:50:02,205 [INFO] The time difference between the client and the server is within range 0.416 ms..4.452 ms
client 2024-01-29 16:50:02,221 [INFO] Copying loadgen logs from '/home/arjun/results_dir/valid_results/orin-tflite_cpp-cpu-tflite-vmaster-default_config/mobilenet-v3-precision_float-small-minimalistic-224/singlestream/performance/run_1' to '/home/arjun/results_dir/valid_results/orin-tflite_cpp-cpu-tflite-vmaster-default_config/mobilenet-v3-precision_float-small-minimalistic-224/singlestream/performance/tmp_power/ranging'
client 2024-01-29 16:50:02,224 [INFO] Running workload in testing mode
client 2024-01-29 16:50:02,224 [INFO] Synchronizing with the server and with time.google.com...
client 2024-01-29 16:50:02,262 [INFO] NTP:offset = -0.005 s, delay = 0.020 s 
client 2024-01-29 16:50:02,262 [INFO] Sending command to the server: 'time'
client 2024-01-29 16:50:02,265 [INFO] Got response: '1706547002.2615619'
client 2024-01-29 16:50:02,265 [INFO] The time difference between the client and the server is within range 0.798 ms..3.758 ms
client 2024-01-29 16:50:02,265 [INFO] Sending command to the server: 'session,2024-01-29_16-44-19,start,testing'
client 2024-01-29 16:50:15,286 [INFO] Got response: 'OK'
client 2024-01-29 16:50:15,288 [INFO] Sending command to the server: 'time'
client 2024-01-29 16:50:15,291 [INFO] Got response: '1706547015.2874858'
client 2024-01-29 16:50:15,291 [INFO] The time difference between the client and the server is within range 0.668 ms..4.111 ms
client 2024-01-29 16:50:15,291 [INFO] Running the workload 'CM_MLPERF_RUN_COUNT=$(cat ${CM_RUN_DIR}/count.txt); echo ${CM_MLPERF_RUN_COUNT}; CM_MLPERF_RUN_COUNT=$((CM_MLPERF_RUN_COUNT+1)); echo ${CM_MLPERF_RUN_COUNT} > ${CM_RUN_DIR}/count.txt && if [ ${CM_MLPERF_RUN_COUNT} -eq "1" ]; then export CM_MLPERF_USER_CONF=${CM_MLPERF_RANGING_USER_CONF}; else export CM_MLPERF_USER_CONF=${CM_MLPERF_TESTING_USER_CONF}; fi && /mnt/CM/repos/ctuning@mlcommons-ck/cm-mlops/script/benchmark-any-mlperf-inference-implementation/run.out'
client 2024-01-29 17:00:20,157 [INFO] Sending command to the server: 'time'
client 2024-01-29 17:00:20,162 [INFO] Got response: '1706547620.158257'
client 2024-01-29 17:00:20,162 [INFO] The time difference between the client and the server is within range -0.757 ms..4.076 ms
client 2024-01-29 17:00:20,162 [INFO] Sending command to the server: 'session,2024-01-29_16-44-19,stop,testing'
client 2024-01-29 17:00:30,341 [INFO] Got response: 'OK'
client 2024-01-29 17:00:30,341 [INFO] Sending command to the server: 'time'
client 2024-01-29 17:00:30,344 [INFO] Got response: '1706547630.3415272'
client 2024-01-29 17:00:30,345 [INFO] The time difference between the client and the server is within range 0.384 ms..3.562 ms
client 2024-01-29 17:00:30,349 [INFO] Copying loadgen logs from '/home/arjun/results_dir/valid_results/orin-tflite_cpp-cpu-tflite-vmaster-default_config/mobilenet-v3-precision_float-small-minimalistic-224/singlestream/performance/run_1' to '/home/arjun/results_dir/valid_results/orin-tflite_cpp-cpu-tflite-vmaster-default_config/mobilenet-v3-precision_float-small-minimalistic-224/singlestream/performance/tmp_power/run_1'
client 2024-01-29 17:00:30,352 [INFO] Done runs
