Graph file: /home/ec2-user/CM/repos/local/cache/dd6e127adab14d89/v2_192_75/model.tflite
Image dir: /home/ec2-user/CM/repos/local/cache/7813dcf3902a4a56
Image list: /home/ec2-user/CM/repos/local/cache/7813dcf3902a4a56/preprocessed_files.txt
Image size: 192
Image channels: 3
Prediction classes: 1000
Result dir: /home/ec2-user/CM/repos/local/cache/2b88026e7cd54ea9/valid_results/ip_172_31_41_189.us_west_2.compute.internal-tflite_cpp-cpu-tflite-vmaster-default_config/mobilenet-v2-precision_uint8-0.75-192/singlestream/performance/run_1
How many images fit in memory buffer: 1024
Normalize: 1
Subtract mean: 0
Run time preprocessing: 1
Number of Threads: 4
Number of available imagefiles: 50000

Loading graph...
INFO: Created TensorFlow Lite XNNPACK delegate for CPU.
Input tensor dimensions (NHWC): 1*192*192*3
Output tensor dimensions: 1*1001
Path to mlperf.conf : /home/ec2-user/CM/repos/local/cache/8a7eb07153174f8b/inference/mlperf.conf
Path to user.conf : /home/ec2-user/CM/repos/ctuning@mlcommons-ck/cm-mlops/script/generate-mlperf-inference-user-conf/tmp/abf539b8dafd4060a6b3c090e0a09d88.conf
Model Name: mobilenet
LoadGen Scenario: SingleStream
LoadGen Mode: performance
