client 2024-02-01 00:11:31,919 [INFO] Creating output directory '/home/arjun/results_dir/valid_results/orin-tflite_armnn_cpp-cpu-armnn_tflite-v23.05-using_neon/mobilenet-v1-precision_uint8-0.75-224/singlestream/performance/tmp_power'
client 2024-02-01 00:11:31,922 [INFO] Sending command to the server: 'mlcommons/power client v3'
client 2024-02-01 00:11:31,924 [INFO] Got response: 'mlcommons/power server v3'
client 2024-02-01 00:11:31,924 [INFO] Synchronizing with the server and with time.google.com...
client 2024-02-01 00:11:31,950 [INFO] NTP:offset = -0.007 s, delay = 0.021 s 
client 2024-02-01 00:11:31,951 [INFO] Sending command to the server: 'time'
client 2024-02-01 00:11:31,953 [INFO] Got response: '1706746291.9477127'
client 2024-02-01 00:11:31,953 [INFO] The time difference between the client and the server is within range 3.290 ms..5.943 ms
client 2024-02-01 00:11:31,953 [INFO] Sending command to the server: 'new,,4406e98a-a5ce-4717-8fb3-cbf98bb215df'
client 2024-02-01 00:11:31,956 [INFO] Got response: 'OK 2024-02-01_00-11-31,7bf8e383-c8f4-436a-a065-feff919a9d29'
client 2024-02-01 00:11:31,956 [INFO] Session id is '2024-02-01_00-11-31'
client 2024-02-01 00:11:31,956 [INFO] Sources: {"sources": {"__init__.py": "da39a3ee5e6b4b0d3255bfef95601890afd80709", "client.py": "33ca4f26368777ac06e01f9567b714a4b8063886", "lib/__init__.py": "da39a3ee5e6b4b0d3255bfef95601890afd80709", "lib/client.py": "ac2aa093c8e8bbc9569b9e2a3471bc64e58a2258", "lib/common.py": "611d8b29633d331eb19c9455ea3b5fa3284ed6df", "lib/external/__init__.py": "da39a3ee5e6b4b0d3255bfef95601890afd80709", "lib/external/ntplib.py": "4da8f970656505a40483206ef2b5d3dd5e81711d", "lib/server.py": "99303c836c683aa9017ec565104e636161d02acb", "lib/source_hashes.py": "60a2e02193209e8d392803326208d5466342da18", "lib/summary.py": "aa92f0a3f975eecd44d3c0cd0236342ccc9f941d", "lib/time_sync.py": "80894ef2389e540781ff78de94db16aa4203a14e", "server.py": "c3f90f2f7eeb4db30727556d0c815ebc89b3d28b", "tests/unit/__init__.py": "da39a3ee5e6b4b0d3255bfef95601890afd80709", "tests/unit/test_server.py": "948c1995d4008bc2aa6c4046a34ffa3858d6d671", "tests/unit/test_source_hashes.py": "00468a2907583c593e6574a1f6b404e4651c221a"}, "modules": {"ptd_client_server.lib.client": "lib/client.py", "ptd_client_server.lib.common": "lib/common.py", "ptd_client_server.lib.external.ntplib": "lib/external/ntplib.py", "ptd_client_server.lib.source_hashes": "lib/source_hashes.py", "ptd_client_server.lib.summary": "lib/summary.py", "ptd_client_server.lib.time_sync": "lib/time_sync.py"}}
client 2024-02-01 00:11:31,956 [INFO] Running workload in ranging mode
client 2024-02-01 00:11:31,956 [INFO] Synchronizing with the server and with time.google.com...
client 2024-02-01 00:11:31,977 [INFO] NTP:offset = -0.008 s, delay = 0.020 s 
client 2024-02-01 00:11:31,977 [INFO] Sending command to the server: 'time'
client 2024-02-01 00:11:31,980 [INFO] Got response: '1706746291.9744065'
client 2024-02-01 00:11:31,980 [INFO] The time difference between the client and the server is within range 3.269 ms..6.020 ms
client 2024-02-01 00:11:31,980 [INFO] Sending command to the server: 'session,2024-02-01_00-11-31,start,ranging'
client 2024-02-01 00:12:00,045 [INFO] Got response: 'OK'
client 2024-02-01 00:12:00,047 [INFO] Sending command to the server: 'time'
client 2024-02-01 00:12:00,050 [INFO] Got response: '1706746320.0444875'
client 2024-02-01 00:12:00,050 [INFO] The time difference between the client and the server is within range 2.930 ms..6.299 ms
client 2024-02-01 00:12:00,051 [INFO] Running the workload 'CM_MLPERF_RUN_COUNT=$(cat ${CM_RUN_DIR}/count.txt); echo ${CM_MLPERF_RUN_COUNT}; CM_MLPERF_RUN_COUNT=$((CM_MLPERF_RUN_COUNT+1)); echo ${CM_MLPERF_RUN_COUNT} > ${CM_RUN_DIR}/count.txt && if [ ${CM_MLPERF_RUN_COUNT} -eq "1" ]; then export CM_MLPERF_USER_CONF=${CM_MLPERF_RANGING_USER_CONF}; else export CM_MLPERF_USER_CONF=${CM_MLPERF_TESTING_USER_CONF}; fi && /mnt/CM/repos/ctuning@mlcommons-ck/cm-mlops/script/benchmark-any-mlperf-inference-implementation/run.out'
client 2024-02-01 00:17:02,736 [INFO] Sending command to the server: 'time'
client 2024-02-01 00:17:02,741 [INFO] Got response: '1706746622.7344625'
client 2024-02-01 00:17:02,741 [INFO] The time difference between the client and the server is within range 1.894 ms..7.020 ms
client 2024-02-01 00:17:02,741 [INFO] Sending command to the server: 'session,2024-02-01_00-11-31,stop,ranging'
client 2024-02-01 00:17:13,207 [INFO] Got response: 'OK'
client 2024-02-01 00:17:13,208 [INFO] Sending command to the server: 'time'
client 2024-02-01 00:17:13,212 [INFO] Got response: '1706746633.205487'
client 2024-02-01 00:17:13,212 [INFO] The time difference between the client and the server is within range 3.085 ms..6.957 ms
client 2024-02-01 00:17:13,229 [INFO] Copying loadgen logs from '/home/arjun/results_dir/valid_results/orin-tflite_armnn_cpp-cpu-armnn_tflite-v23.05-using_neon/mobilenet-v1-precision_uint8-0.75-224/singlestream/performance/run_1' to '/home/arjun/results_dir/valid_results/orin-tflite_armnn_cpp-cpu-armnn_tflite-v23.05-using_neon/mobilenet-v1-precision_uint8-0.75-224/singlestream/performance/tmp_power/ranging'
client 2024-02-01 00:17:13,232 [INFO] Running workload in testing mode
client 2024-02-01 00:17:13,232 [INFO] Synchronizing with the server and with time.google.com...
client 2024-02-01 00:17:13,259 [INFO] NTP:offset = -0.007 s, delay = 0.021 s 
client 2024-02-01 00:17:13,259 [INFO] Sending command to the server: 'time'
client 2024-02-01 00:17:13,264 [INFO] Got response: '1706746633.2569854'
client 2024-02-01 00:17:13,264 [INFO] The time difference between the client and the server is within range 2.496 ms..7.305 ms
client 2024-02-01 00:17:13,264 [INFO] Sending command to the server: 'session,2024-02-01_00-11-31,start,testing'
client 2024-02-01 00:17:26,282 [INFO] Got response: 'OK'
client 2024-02-01 00:17:26,282 [INFO] Sending command to the server: 'time'
client 2024-02-01 00:17:26,285 [INFO] Got response: '1706746646.2792823'
client 2024-02-01 00:17:26,285 [INFO] The time difference between the client and the server is within range 3.538 ms..6.432 ms
client 2024-02-01 00:17:26,285 [INFO] Running the workload 'CM_MLPERF_RUN_COUNT=$(cat ${CM_RUN_DIR}/count.txt); echo ${CM_MLPERF_RUN_COUNT}; CM_MLPERF_RUN_COUNT=$((CM_MLPERF_RUN_COUNT+1)); echo ${CM_MLPERF_RUN_COUNT} > ${CM_RUN_DIR}/count.txt && if [ ${CM_MLPERF_RUN_COUNT} -eq "1" ]; then export CM_MLPERF_USER_CONF=${CM_MLPERF_RANGING_USER_CONF}; else export CM_MLPERF_USER_CONF=${CM_MLPERF_TESTING_USER_CONF}; fi && /mnt/CM/repos/ctuning@mlcommons-ck/cm-mlops/script/benchmark-any-mlperf-inference-implementation/run.out'
client 2024-02-01 00:27:30,875 [INFO] Sending command to the server: 'time'
client 2024-02-01 00:27:30,879 [INFO] Got response: '1706747250.872393'
client 2024-02-01 00:27:30,879 [INFO] The time difference between the client and the server is within range 2.912 ms..7.121 ms
client 2024-02-01 00:27:30,879 [INFO] Sending command to the server: 'session,2024-02-01_00-11-31,stop,testing'
client 2024-02-01 00:27:41,346 [INFO] Got response: 'OK'
client 2024-02-01 00:27:41,347 [INFO] Sending command to the server: 'time'
client 2024-02-01 00:27:41,350 [INFO] Got response: '1706747261.34387'
client 2024-02-01 00:27:41,350 [INFO] The time difference between the client and the server is within range 3.618 ms..6.950 ms
client 2024-02-01 00:27:41,355 [INFO] Copying loadgen logs from '/home/arjun/results_dir/valid_results/orin-tflite_armnn_cpp-cpu-armnn_tflite-v23.05-using_neon/mobilenet-v1-precision_uint8-0.75-224/singlestream/performance/run_1' to '/home/arjun/results_dir/valid_results/orin-tflite_armnn_cpp-cpu-armnn_tflite-v23.05-using_neon/mobilenet-v1-precision_uint8-0.75-224/singlestream/performance/tmp_power/run_1'
client 2024-02-01 00:27:41,357 [INFO] Done runs
