client 2024-02-04 04:53:09,581 [INFO] Creating output directory '/home/arjun/results_dir/valid_results/orin-tflite_armnn_cpp-cpu-armnn_tflite-v23.11-using_neon_with_live_preprocessing/mobilenet-v1-precision_float-0.5-224/singlestream/performance/tmp_power'
client 2024-02-04 04:53:09,782 [INFO] Sending command to the server: 'mlcommons/power client v3'
client 2024-02-04 04:53:09,785 [INFO] Got response: 'mlcommons/power server v3'
client 2024-02-04 04:53:09,785 [INFO] Synchronizing with the server and with time.google.com...
client 2024-02-04 04:53:09,815 [INFO] NTP:offset = 0.000 s, delay = 0.022 s 
client 2024-02-04 04:53:09,815 [INFO] Sending command to the server: 'time'
client 2024-02-04 04:53:09,818 [INFO] Got response: '1707022389.8170874'
client 2024-02-04 04:53:09,818 [INFO] The time difference between the client and the server is within range -1.161 ms..1.764 ms
client 2024-02-04 04:53:09,819 [INFO] Sending command to the server: 'new,,3daec031-407f-456c-bec8-eb6925981b84'
client 2024-02-04 04:53:09,822 [INFO] Got response: 'OK 2024-02-04_04-53-09,b6d21e44-a626-4806-9372-bd69edac615b'
client 2024-02-04 04:53:09,822 [INFO] Session id is '2024-02-04_04-53-09'
client 2024-02-04 04:53:09,822 [INFO] Sources: {"sources": {"__init__.py": "da39a3ee5e6b4b0d3255bfef95601890afd80709", "client.py": "33ca4f26368777ac06e01f9567b714a4b8063886", "lib/__init__.py": "da39a3ee5e6b4b0d3255bfef95601890afd80709", "lib/client.py": "ac2aa093c8e8bbc9569b9e2a3471bc64e58a2258", "lib/common.py": "611d8b29633d331eb19c9455ea3b5fa3284ed6df", "lib/external/__init__.py": "da39a3ee5e6b4b0d3255bfef95601890afd80709", "lib/external/ntplib.py": "4da8f970656505a40483206ef2b5d3dd5e81711d", "lib/server.py": "99303c836c683aa9017ec565104e636161d02acb", "lib/source_hashes.py": "60a2e02193209e8d392803326208d5466342da18", "lib/summary.py": "aa92f0a3f975eecd44d3c0cd0236342ccc9f941d", "lib/time_sync.py": "80894ef2389e540781ff78de94db16aa4203a14e", "server.py": "c3f90f2f7eeb4db30727556d0c815ebc89b3d28b", "tests/unit/__init__.py": "da39a3ee5e6b4b0d3255bfef95601890afd80709", "tests/unit/test_server.py": "948c1995d4008bc2aa6c4046a34ffa3858d6d671", "tests/unit/test_source_hashes.py": "00468a2907583c593e6574a1f6b404e4651c221a"}, "modules": {"ptd_client_server.lib.client": "lib/client.py", "ptd_client_server.lib.common": "lib/common.py", "ptd_client_server.lib.external.ntplib": "lib/external/ntplib.py", "ptd_client_server.lib.source_hashes": "lib/source_hashes.py", "ptd_client_server.lib.summary": "lib/summary.py", "ptd_client_server.lib.time_sync": "lib/time_sync.py"}}
client 2024-02-04 04:53:09,823 [INFO] Running workload in ranging mode
client 2024-02-04 04:53:09,823 [INFO] Synchronizing with the server and with time.google.com...
client 2024-02-04 04:53:09,845 [INFO] NTP:offset = -0.000 s, delay = 0.021 s 
client 2024-02-04 04:53:09,845 [INFO] Sending command to the server: 'time'
client 2024-02-04 04:53:09,848 [INFO] Got response: '1707022389.8465688'
client 2024-02-04 04:53:09,848 [INFO] The time difference between the client and the server is within range -1.034 ms..1.863 ms
client 2024-02-04 04:53:09,848 [INFO] Sending command to the server: 'session,2024-02-04_04-53-09,start,ranging'
client 2024-02-04 04:53:37,933 [INFO] Got response: 'OK'
client 2024-02-04 04:53:37,936 [INFO] Sending command to the server: 'time'
client 2024-02-04 04:53:37,939 [INFO] Got response: '1707022417.9376187'
client 2024-02-04 04:53:37,939 [INFO] The time difference between the client and the server is within range -1.452 ms..1.719 ms
client 2024-02-04 04:53:37,939 [INFO] Running the workload 'CM_MLPERF_RUN_COUNT=$(cat ${CM_RUN_DIR}/count.txt); echo ${CM_MLPERF_RUN_COUNT}; CM_MLPERF_RUN_COUNT=$((CM_MLPERF_RUN_COUNT+1)); echo ${CM_MLPERF_RUN_COUNT} > ${CM_RUN_DIR}/count.txt && if [ ${CM_MLPERF_RUN_COUNT} -eq "1" ]; then export CM_MLPERF_USER_CONF=${CM_MLPERF_RANGING_USER_CONF}; else export CM_MLPERF_USER_CONF=${CM_MLPERF_TESTING_USER_CONF}; fi && /mnt/CM/repos/ctuning@mlcommons-ck/cm-mlops/script/get-lib-armnn/run.out'
client 2024-02-04 04:58:40,386 [INFO] Sending command to the server: 'time'
client 2024-02-04 04:58:40,415 [INFO] Got response: '1707022720.412724'
client 2024-02-04 04:58:40,415 [INFO] The time difference between the client and the server is within range -26.647 ms..3.097 ms
client 2024-02-04 04:58:40,416 [INFO] Sending command to the server: 'session,2024-02-04_04-53-09,stop,ranging'
client 2024-02-04 04:58:51,003 [INFO] Got response: 'OK'
client 2024-02-04 04:58:51,004 [INFO] Sending command to the server: 'time'
client 2024-02-04 04:58:51,007 [INFO] Got response: '1707022731.0053291'
client 2024-02-04 04:58:51,007 [INFO] The time difference between the client and the server is within range -1.218 ms..2.353 ms
client 2024-02-04 04:58:51,024 [INFO] Copying loadgen logs from '/home/arjun/results_dir/valid_results/orin-tflite_armnn_cpp-cpu-armnn_tflite-v23.11-using_neon_with_live_preprocessing/mobilenet-v1-precision_float-0.5-224/singlestream/performance/run_1' to '/home/arjun/results_dir/valid_results/orin-tflite_armnn_cpp-cpu-armnn_tflite-v23.11-using_neon_with_live_preprocessing/mobilenet-v1-precision_float-0.5-224/singlestream/performance/tmp_power/ranging'
client 2024-02-04 04:58:51,027 [INFO] Running workload in testing mode
client 2024-02-04 04:58:51,027 [INFO] Synchronizing with the server and with time.google.com...
client 2024-02-04 04:58:51,054 [INFO] NTP:offset = 0.000 s, delay = 0.022 s 
client 2024-02-04 04:58:51,055 [INFO] Sending command to the server: 'time'
client 2024-02-04 04:58:51,057 [INFO] Got response: '1707022731.0564027'
client 2024-02-04 04:58:51,058 [INFO] The time difference between the client and the server is within range -1.346 ms..1.734 ms
client 2024-02-04 04:58:51,058 [INFO] Sending command to the server: 'session,2024-02-04_04-53-09,start,testing'
client 2024-02-04 04:59:04,076 [INFO] Got response: 'OK'
client 2024-02-04 04:59:04,076 [INFO] Sending command to the server: 'time'
client 2024-02-04 04:59:04,079 [INFO] Got response: '1707022744.0783558'
client 2024-02-04 04:59:04,080 [INFO] The time difference between the client and the server is within range -1.456 ms..1.734 ms
client 2024-02-04 04:59:04,080 [INFO] Running the workload 'CM_MLPERF_RUN_COUNT=$(cat ${CM_RUN_DIR}/count.txt); echo ${CM_MLPERF_RUN_COUNT}; CM_MLPERF_RUN_COUNT=$((CM_MLPERF_RUN_COUNT+1)); echo ${CM_MLPERF_RUN_COUNT} > ${CM_RUN_DIR}/count.txt && if [ ${CM_MLPERF_RUN_COUNT} -eq "1" ]; then export CM_MLPERF_USER_CONF=${CM_MLPERF_RANGING_USER_CONF}; else export CM_MLPERF_USER_CONF=${CM_MLPERF_TESTING_USER_CONF}; fi && /mnt/CM/repos/ctuning@mlcommons-ck/cm-mlops/script/get-lib-armnn/run.out'
client 2024-02-04 05:09:08,536 [INFO] Sending command to the server: 'time'
client 2024-02-04 05:09:08,539 [INFO] Got response: '1707023348.5379767'
client 2024-02-04 05:09:08,540 [INFO] The time difference between the client and the server is within range -1.286 ms..2.137 ms
client 2024-02-04 05:09:08,540 [INFO] Sending command to the server: 'session,2024-02-04_04-53-09,stop,testing'
client 2024-02-04 05:09:19,125 [INFO] Got response: 'OK'
client 2024-02-04 05:09:19,126 [INFO] Sending command to the server: 'time'
client 2024-02-04 05:09:19,129 [INFO] Got response: '1707023359.1276844'
client 2024-02-04 05:09:19,130 [INFO] The time difference between the client and the server is within range -0.745 ms..2.586 ms
client 2024-02-04 05:09:19,135 [INFO] Copying loadgen logs from '/home/arjun/results_dir/valid_results/orin-tflite_armnn_cpp-cpu-armnn_tflite-v23.11-using_neon_with_live_preprocessing/mobilenet-v1-precision_float-0.5-224/singlestream/performance/run_1' to '/home/arjun/results_dir/valid_results/orin-tflite_armnn_cpp-cpu-armnn_tflite-v23.11-using_neon_with_live_preprocessing/mobilenet-v1-precision_float-0.5-224/singlestream/performance/tmp_power/run_1'
client 2024-02-04 05:09:19,147 [INFO] Done runs
