client 2024-02-04 09:35:02,678 [INFO] Creating output directory '/home/arjun/results_dir/valid_results/orin-tflite_armnn_cpp-cpu-armnn_tflite-v23.11-using_neon/mobilenet-v2-precision_uint8-1.0-224/singlestream/performance/tmp_power'
client 2024-02-04 09:35:02,782 [INFO] Sending command to the server: 'mlcommons/power client v3'
client 2024-02-04 09:35:02,785 [INFO] Got response: 'mlcommons/power server v3'
client 2024-02-04 09:35:02,785 [INFO] Synchronizing with the server and with time.google.com...
client 2024-02-04 09:35:02,816 [INFO] NTP:offset = 0.002 s, delay = 0.022 s 
client 2024-02-04 09:35:02,816 [INFO] Sending command to the server: 'time'
client 2024-02-04 09:35:02,820 [INFO] Got response: '1707039302.819382'
client 2024-02-04 09:35:02,820 [INFO] The time difference between the client and the server is within range -2.877 ms..1.405 ms
client 2024-02-04 09:35:02,820 [INFO] Sending command to the server: 'new,,22d01dcd-e0df-4968-b95f-81a9e96d63cc'
client 2024-02-04 09:35:02,824 [INFO] Got response: 'OK 2024-02-04_09-35-02,9ebf1192-ab18-4be4-8b7b-5ce54c073101'
client 2024-02-04 09:35:02,824 [INFO] Session id is '2024-02-04_09-35-02'
client 2024-02-04 09:35:02,824 [INFO] Sources: {"sources": {"__init__.py": "da39a3ee5e6b4b0d3255bfef95601890afd80709", "client.py": "33ca4f26368777ac06e01f9567b714a4b8063886", "lib/__init__.py": "da39a3ee5e6b4b0d3255bfef95601890afd80709", "lib/client.py": "ac2aa093c8e8bbc9569b9e2a3471bc64e58a2258", "lib/common.py": "611d8b29633d331eb19c9455ea3b5fa3284ed6df", "lib/external/__init__.py": "da39a3ee5e6b4b0d3255bfef95601890afd80709", "lib/external/ntplib.py": "4da8f970656505a40483206ef2b5d3dd5e81711d", "lib/server.py": "99303c836c683aa9017ec565104e636161d02acb", "lib/source_hashes.py": "60a2e02193209e8d392803326208d5466342da18", "lib/summary.py": "aa92f0a3f975eecd44d3c0cd0236342ccc9f941d", "lib/time_sync.py": "80894ef2389e540781ff78de94db16aa4203a14e", "server.py": "c3f90f2f7eeb4db30727556d0c815ebc89b3d28b", "tests/unit/__init__.py": "da39a3ee5e6b4b0d3255bfef95601890afd80709", "tests/unit/test_server.py": "948c1995d4008bc2aa6c4046a34ffa3858d6d671", "tests/unit/test_source_hashes.py": "00468a2907583c593e6574a1f6b404e4651c221a"}, "modules": {"ptd_client_server.lib.client": "lib/client.py", "ptd_client_server.lib.common": "lib/common.py", "ptd_client_server.lib.external.ntplib": "lib/external/ntplib.py", "ptd_client_server.lib.source_hashes": "lib/source_hashes.py", "ptd_client_server.lib.summary": "lib/summary.py", "ptd_client_server.lib.time_sync": "lib/time_sync.py"}}
client 2024-02-04 09:35:02,825 [INFO] Running workload in ranging mode
client 2024-02-04 09:35:02,825 [INFO] Synchronizing with the server and with time.google.com...
client 2024-02-04 09:35:02,849 [INFO] NTP:offset = 0.002 s, delay = 0.022 s 
client 2024-02-04 09:35:02,850 [INFO] Sending command to the server: 'time'
client 2024-02-04 09:35:02,852 [INFO] Got response: '1707039302.8521938'
client 2024-02-04 09:35:02,852 [INFO] The time difference between the client and the server is within range -2.184 ms..0.697 ms
client 2024-02-04 09:35:02,853 [INFO] Sending command to the server: 'session,2024-02-04_09-35-02,start,ranging'
client 2024-02-04 09:35:30,946 [INFO] Got response: 'OK'
client 2024-02-04 09:35:30,948 [INFO] Sending command to the server: 'time'
client 2024-02-04 09:35:30,953 [INFO] Got response: '1707039330.9516027'
client 2024-02-04 09:35:30,953 [INFO] The time difference between the client and the server is within range -2.981 ms..2.002 ms
client 2024-02-04 09:35:30,953 [INFO] Running the workload 'CM_MLPERF_RUN_COUNT=$(cat ${CM_RUN_DIR}/count.txt); echo ${CM_MLPERF_RUN_COUNT}; CM_MLPERF_RUN_COUNT=$((CM_MLPERF_RUN_COUNT+1)); echo ${CM_MLPERF_RUN_COUNT} > ${CM_RUN_DIR}/count.txt && if [ ${CM_MLPERF_RUN_COUNT} -eq "1" ]; then export CM_MLPERF_USER_CONF=${CM_MLPERF_RANGING_USER_CONF}; else export CM_MLPERF_USER_CONF=${CM_MLPERF_TESTING_USER_CONF}; fi && /mnt/CM/repos/ctuning@mlcommons-ck/cm-mlops/script/get-lib-armnn/run.out'
client 2024-02-04 09:40:33,377 [INFO] Sending command to the server: 'time'
client 2024-02-04 09:40:33,435 [INFO] Got response: '1707039633.4345007'
client 2024-02-04 09:40:33,435 [INFO] The time difference between the client and the server is within range -57.175 ms..1.056 ms
client 2024-02-04 09:40:33,435 [INFO] Sending command to the server: 'session,2024-02-04_09-35-02,stop,ranging'
client 2024-02-04 09:40:44,034 [INFO] Got response: 'OK'
client 2024-02-04 09:40:44,035 [INFO] Sending command to the server: 'time'
client 2024-02-04 09:40:44,039 [INFO] Got response: '1707039644.0393448'
client 2024-02-04 09:40:44,040 [INFO] The time difference between the client and the server is within range -3.759 ms..0.712 ms
client 2024-02-04 09:40:44,057 [INFO] Copying loadgen logs from '/home/arjun/results_dir/valid_results/orin-tflite_armnn_cpp-cpu-armnn_tflite-v23.11-using_neon/mobilenet-v2-precision_uint8-1.0-224/singlestream/performance/run_1' to '/home/arjun/results_dir/valid_results/orin-tflite_armnn_cpp-cpu-armnn_tflite-v23.11-using_neon/mobilenet-v2-precision_uint8-1.0-224/singlestream/performance/tmp_power/ranging'
client 2024-02-04 09:40:44,059 [INFO] Running workload in testing mode
client 2024-02-04 09:40:44,060 [INFO] Synchronizing with the server and with time.google.com...
client 2024-02-04 09:40:44,088 [INFO] NTP:offset = 0.002 s, delay = 0.022 s 
client 2024-02-04 09:40:44,088 [INFO] Sending command to the server: 'time'
client 2024-02-04 09:40:44,091 [INFO] Got response: '1707039644.0919547'
client 2024-02-04 09:40:44,091 [INFO] The time difference between the client and the server is within range -3.356 ms..-0.033 ms
client 2024-02-04 09:40:44,092 [INFO] Sending command to the server: 'session,2024-02-04_09-35-02,start,testing'
client 2024-02-04 09:40:57,103 [INFO] Got response: 'OK'
client 2024-02-04 09:40:57,103 [INFO] Sending command to the server: 'time'
client 2024-02-04 09:40:57,106 [INFO] Got response: '1707039657.1071098'
client 2024-02-04 09:40:57,106 [INFO] The time difference between the client and the server is within range -3.604 ms..-0.520 ms
client 2024-02-04 09:40:57,106 [INFO] Running the workload 'CM_MLPERF_RUN_COUNT=$(cat ${CM_RUN_DIR}/count.txt); echo ${CM_MLPERF_RUN_COUNT}; CM_MLPERF_RUN_COUNT=$((CM_MLPERF_RUN_COUNT+1)); echo ${CM_MLPERF_RUN_COUNT} > ${CM_RUN_DIR}/count.txt && if [ ${CM_MLPERF_RUN_COUNT} -eq "1" ]; then export CM_MLPERF_USER_CONF=${CM_MLPERF_RANGING_USER_CONF}; else export CM_MLPERF_USER_CONF=${CM_MLPERF_TESTING_USER_CONF}; fi && /mnt/CM/repos/ctuning@mlcommons-ck/cm-mlops/script/get-lib-armnn/run.out'
client 2024-02-04 09:51:01,794 [INFO] Sending command to the server: 'time'
client 2024-02-04 09:51:01,799 [INFO] Got response: '1707040261.801023'
client 2024-02-04 09:51:01,799 [INFO] The time difference between the client and the server is within range -6.383 ms..-1.272 ms
client 2024-02-04 09:51:01,799 [INFO] Sending command to the server: 'session,2024-02-04_09-35-02,stop,testing'
client 2024-02-04 09:51:12,158 [INFO] Got response: 'OK'
client 2024-02-04 09:51:12,160 [INFO] Sending command to the server: 'time'
client 2024-02-04 09:51:12,163 [INFO] Got response: '1707040272.1651511'
client 2024-02-04 09:51:12,164 [INFO] The time difference between the client and the server is within range -4.941 ms..-1.015 ms
client 2024-02-04 09:51:12,168 [INFO] Copying loadgen logs from '/home/arjun/results_dir/valid_results/orin-tflite_armnn_cpp-cpu-armnn_tflite-v23.11-using_neon/mobilenet-v2-precision_uint8-1.0-224/singlestream/performance/run_1' to '/home/arjun/results_dir/valid_results/orin-tflite_armnn_cpp-cpu-armnn_tflite-v23.11-using_neon/mobilenet-v2-precision_uint8-1.0-224/singlestream/performance/tmp_power/run_1'
client 2024-02-04 09:51:12,181 [INFO] Done runs
