Graph file: /home/ubuntu/CM/repos/local/cache/9bf9302ef050446e/mobilenet_v1_0.25_160.tflite
Image dir: /home/ubuntu/CM/repos/local/cache/2626f9335f204a5d
Image list: /home/ubuntu/CM/repos/local/cache/2626f9335f204a5d/preprocessed_files.txt
Image size: 160
Image channels: 3
Prediction classes: 1000
Result dir: /home/ubuntu/CM/repos/local/cache/9189d9e91ded4a64/valid_results/ip_172_31_17_121-tflite_cpp-cpu-tflite-vmaster-default_config/mobilenet-v1-precision_float-0.25-160/singlestream/performance/run_1
How many images fit in memory buffer: 1024
Normalize: 1
Subtract mean: 0
Run time preprocessing: 0
Number of Threads: 16
Number of available imagefiles: 50000

Loading graph...
INFO: Created TensorFlow Lite XNNPACK delegate for CPU.
Input tensor dimensions (NHWC): 1*160*160*3
Output tensor dimensions: 1*1001
Path to mlperf.conf : /home/ubuntu/CM/repos/local/cache/64edb80306f94124/inference/mlperf.conf
Path to user.conf : /home/ubuntu/CM/repos/ctuning@mlcommons-ck/cm-mlops/script/generate-mlperf-inference-user-conf/tmp/987e4f8b90fe4f67ae07fa7ba93bedba.conf
Model Name: mobilenet
LoadGen Scenario: SingleStream
LoadGen Mode: performance
