client 2024-02-09 15:01:51,900 [INFO] Sending command to the server: 'mlcommons/power client v3'
client 2024-02-09 15:01:51,901 [INFO] Got response: 'mlcommons/power server v3'
client 2024-02-09 15:01:51,901 [INFO] Sending command to the server: 'stop'
client 2024-02-09 15:01:51,902 [INFO] Got response: 'OK'
client 2024-02-09 15:01:51,902 [INFO] Synchronizing with the server and with ib-01.dc4-in.nvidia.com...
client 2024-02-09 15:01:52,117 [INFO] NTP:offset = 0.000 s, delay = 0.212 s 
client 2024-02-09 15:01:52,117 [INFO] Sending command to the server: 'time'
client 2024-02-09 15:01:52,119 [INFO] Got response: '1707490912.1183345'
client 2024-02-09 15:01:52,119 [INFO] The time difference between the client and the server is within range -0.545 ms..0.826 ms
client 2024-02-09 15:01:52,119 [INFO] Sending command to the server: 'new,,3f0a3e46-f55f-44b1-95f6-f99763b07935'
client 2024-02-09 15:01:52,120 [INFO] Got response: 'OK 2024-02-09_07-01-52,76759976-79ec-498c-bc23-0da2a7e38862'
client 2024-02-09 15:01:52,120 [INFO] Session id is '2024-02-09_07-01-52'
client 2024-02-09 15:01:52,121 [INFO] Sources: {"sources": {"__init__.py": "da39a3ee5e6b4b0d3255bfef95601890afd80709", "client.py": "33ca4f26368777ac06e01f9567b714a4b8063886", "lib/__init__.py": "da39a3ee5e6b4b0d3255bfef95601890afd80709", "lib/client.py": "ac2aa093c8e8bbc9569b9e2a3471bc64e58a2258", "lib/common.py": "611d8b29633d331eb19c9455ea3b5fa3284ed6df", "lib/external/__init__.py": "da39a3ee5e6b4b0d3255bfef95601890afd80709", "lib/external/ntplib.py": "4da8f970656505a40483206ef2b5d3dd5e81711d", "lib/server.py": "99303c836c683aa9017ec565104e636161d02acb", "lib/source_hashes.py": "60a2e02193209e8d392803326208d5466342da18", "lib/summary.py": "aa92f0a3f975eecd44d3c0cd0236342ccc9f941d", "lib/time_sync.py": "80894ef2389e540781ff78de94db16aa4203a14e", "server.py": "c3f90f2f7eeb4db30727556d0c815ebc89b3d28b", "tests/unit/__init__.py": "da39a3ee5e6b4b0d3255bfef95601890afd80709", "tests/unit/test_server.py": "948c1995d4008bc2aa6c4046a34ffa3858d6d671", "tests/unit/test_source_hashes.py": "00468a2907583c593e6574a1f6b404e4651c221a"}, "modules": {"ptd_client_server.lib.client": "lib/client.py", "ptd_client_server.lib.common": "lib/common.py", "ptd_client_server.lib.external.ntplib": "lib/external/ntplib.py", "ptd_client_server.lib.source_hashes": "lib/source_hashes.py", "ptd_client_server.lib.summary": "lib/summary.py", "ptd_client_server.lib.time_sync": "lib/time_sync.py"}}
client 2024-02-09 15:01:52,123 [INFO] Running workload in ranging mode
client 2024-02-09 15:01:52,124 [INFO] Synchronizing with the server and with ib-01.dc4-in.nvidia.com...
client 2024-02-09 15:01:52,337 [INFO] NTP:offset = 0.001 s, delay = 0.212 s 
client 2024-02-09 15:01:52,337 [INFO] Sending command to the server: 'time'
client 2024-02-09 15:01:52,338 [INFO] Got response: '1707490912.338378'
client 2024-02-09 15:01:52,339 [INFO] The time difference between the client and the server is within range -0.550 ms..0.625 ms
client 2024-02-09 15:01:52,339 [INFO] Sending command to the server: 'session,2024-02-09_07-01-52,start,ranging'
client 2024-02-09 15:02:32,251 [INFO] Got response: 'OK'
client 2024-02-09 15:02:32,251 [INFO] Sending command to the server: 'time'
client 2024-02-09 15:02:32,252 [INFO] Got response: '1707490952.2523708'
client 2024-02-09 15:02:32,252 [INFO] The time difference between the client and the server is within range -0.604 ms..0.503 ms
client 2024-02-09 15:02:32,252 [INFO] Running the workload 'LOG_DIR=/work/build/power_logs_temp python3.8 -m code.main --benchmarks=retinanet --scenarios=Offline --test_mode=PerformanceOnly --config_ver=maxq --action="run_harness" \\\n\t\t2>&1 | tee -a /work/build/power_logs/2024.02.09-15.01.02/stdout.txt \\\n\t\t&& if [ ! -d /work/build/power_logs/2024.02.09-15.01.02/ranging_tmp ]; \\\n\t\t\tthen mkdir /work/build/power_logs/2024.02.09-15.01.02/ranging_tmp \\\n\t\t\t\t&& mv /work/build/power_logs_temp/* /work/build/power_logs/2024.02.09-15.01.02/ranging_tmp/ \\\n\t\t\t\t&& cp -v /work/build/power_logs/2024.02.09-15.01.02/ranging_tmp/*/*/*/mlperf_log_detail.txt /work/build/power_logs_temp/ \\\n\t\t\t\t&& cp -v /work/build/power_logs/2024.02.09-15.01.02/ranging_tmp/*/*/*/mlperf_log_summary.txt /work/build/power_logs_temp/; \\\n\t\t\telse mkdir /work/build/power_logs/2024.02.09-15.01.02/testing_tmp \\\n\t\t\t\t&& mv /work/build/power_logs_temp/* /work/build/power_logs/2024.02.09-15.01.02/testing_tmp/ \\\n\t\t\t\t&& cp -v /work/build/power_logs/2024.02.09-15.01.02/testing_tmp/*/*/*/mlperf_log_detail.txt /work/build/power_logs_temp/ \\\n\t\t\t\t&& cp -v /work/build/power_logs/2024.02.09-15.01.02/testing_tmp/*/*/*/mlperf_log_summary.txt /work/build/power_logs_temp/; fi'
client 2024-02-09 15:13:58,292 [INFO] Sending command to the server: 'time'
client 2024-02-09 15:13:58,294 [INFO] Got response: '1707491638.293901'
client 2024-02-09 15:13:58,294 [INFO] The time difference between the client and the server is within range -1.119 ms..0.590 ms
client 2024-02-09 15:13:58,294 [INFO] Sending command to the server: 'session,2024-02-09_07-01-52,stop,ranging'
client 2024-02-09 15:14:09,345 [INFO] Got response: 'OK'
client 2024-02-09 15:14:09,345 [INFO] Sending command to the server: 'time'
client 2024-02-09 15:14:09,345 [INFO] Got response: '1707491649.345566'
client 2024-02-09 15:14:09,345 [INFO] The time difference between the client and the server is within range -0.433 ms..0.258 ms
client 2024-02-09 15:14:09,354 [INFO] Copying loadgen logs from '/work/build/power_logs_temp' to '/work/build/power_logs/2024.02.09-15.01.02/2024-02-09_07-01-52/ranging'
client 2024-02-09 15:14:09,366 [INFO] Running workload in testing mode
client 2024-02-09 15:14:09,366 [INFO] Synchronizing with the server and with ib-01.dc4-in.nvidia.com...
client 2024-02-09 15:14:09,583 [INFO] NTP:offset = 0.001 s, delay = 0.215 s 
client 2024-02-09 15:14:09,583 [INFO] Sending command to the server: 'time'
client 2024-02-09 15:14:09,587 [INFO] Got response: '1707491649.5846035'
client 2024-02-09 15:14:09,587 [INFO] The time difference between the client and the server is within range -0.723 ms..2.460 ms
client 2024-02-09 15:14:09,587 [INFO] Sending command to the server: 'session,2024-02-09_07-01-52,start,testing'
client 2024-02-09 15:14:31,210 [INFO] Got response: 'OK'
client 2024-02-09 15:14:31,210 [INFO] Sending command to the server: 'time'
client 2024-02-09 15:14:31,211 [INFO] Got response: '1707491671.2111695'
client 2024-02-09 15:14:31,211 [INFO] The time difference between the client and the server is within range -0.756 ms..0.359 ms
client 2024-02-09 15:14:31,211 [INFO] Running the workload 'LOG_DIR=/work/build/power_logs_temp python3.8 -m code.main --benchmarks=retinanet --scenarios=Offline --test_mode=PerformanceOnly --config_ver=maxq --action="run_harness" \\\n\t\t2>&1 | tee -a /work/build/power_logs/2024.02.09-15.01.02/stdout.txt \\\n\t\t&& if [ ! -d /work/build/power_logs/2024.02.09-15.01.02/ranging_tmp ]; \\\n\t\t\tthen mkdir /work/build/power_logs/2024.02.09-15.01.02/ranging_tmp \\\n\t\t\t\t&& mv /work/build/power_logs_temp/* /work/build/power_logs/2024.02.09-15.01.02/ranging_tmp/ \\\n\t\t\t\t&& cp -v /work/build/power_logs/2024.02.09-15.01.02/ranging_tmp/*/*/*/mlperf_log_detail.txt /work/build/power_logs_temp/ \\\n\t\t\t\t&& cp -v /work/build/power_logs/2024.02.09-15.01.02/ranging_tmp/*/*/*/mlperf_log_summary.txt /work/build/power_logs_temp/; \\\n\t\t\telse mkdir /work/build/power_logs/2024.02.09-15.01.02/testing_tmp \\\n\t\t\t\t&& mv /work/build/power_logs_temp/* /work/build/power_logs/2024.02.09-15.01.02/testing_tmp/ \\\n\t\t\t\t&& cp -v /work/build/power_logs/2024.02.09-15.01.02/testing_tmp/*/*/*/mlperf_log_detail.txt /work/build/power_logs_temp/ \\\n\t\t\t\t&& cp -v /work/build/power_logs/2024.02.09-15.01.02/testing_tmp/*/*/*/mlperf_log_summary.txt /work/build/power_logs_temp/; fi'
client 2024-02-09 15:25:57,028 [INFO] Sending command to the server: 'time'
client 2024-02-09 15:25:57,029 [INFO] Got response: '1707492357.029653'
client 2024-02-09 15:25:57,029 [INFO] The time difference between the client and the server is within range -1.327 ms..0.267 ms
client 2024-02-09 15:25:57,029 [INFO] Sending command to the server: 'session,2024-02-09_07-01-52,stop,testing'
client 2024-02-09 15:26:07,277 [INFO] Got response: 'OK'
client 2024-02-09 15:26:07,277 [INFO] Sending command to the server: 'time'
client 2024-02-09 15:26:07,278 [INFO] Got response: '1707492367.278518'
client 2024-02-09 15:26:07,278 [INFO] The time difference between the client and the server is within range -0.705 ms..0.124 ms
client 2024-02-09 15:26:07,284 [INFO] Copying loadgen logs from '/work/build/power_logs_temp' to '/work/build/power_logs/2024.02.09-15.01.02/2024-02-09_07-01-52/run_1'
client 2024-02-09 15:26:07,300 [INFO] Done runs
