client 2024-02-13 15:05:36,664 [INFO] Creating output directory '/home/krai/work_collection/experiments_submission/generated_by_power_measurement_on_run_2123257bfe9f42a4b6bfbdac55a68e0b/power_logs'
client 2024-02-13 15:05:36,665 [INFO] Sending command to the server: 'mlcommons/power client v3'
client 2024-02-13 15:05:36,666 [INFO] Got response: 'mlcommons/power server v3'
client 2024-02-13 15:05:36,666 [INFO] Synchronizing with the server and with time.google.com...
client 2024-02-13 15:05:36,749 [INFO] NTP:offset = 0.002 s, delay = 0.081 s 
client 2024-02-13 15:05:36,749 [INFO] Sending command to the server: 'time'
client 2024-02-13 15:05:36,750 [INFO] Got response: '1707858336.7500567'
client 2024-02-13 15:05:36,750 [INFO] The time difference between the client and the server is within range -0.457 ms..0.742 ms
client 2024-02-13 15:05:36,750 [INFO] Sending command to the server: 'new,,4ed27a1d-d66e-4349-84b9-f62c59051c12'
client 2024-02-13 15:05:36,752 [INFO] Got response: 'OK 2024-02-13_15-05-36,e8a549ec-b76e-4fcc-bc7f-b68d6cf2ab80'
client 2024-02-13 15:05:36,752 [INFO] Session id is '2024-02-13_15-05-36'
client 2024-02-13 15:05:36,752 [INFO] Sources: {"sources": {"__init__.py": "da39a3ee5e6b4b0d3255bfef95601890afd80709", "client.py": "33ca4f26368777ac06e01f9567b714a4b8063886", "lib/__init__.py": "da39a3ee5e6b4b0d3255bfef95601890afd80709", "lib/client.py": "ac2aa093c8e8bbc9569b9e2a3471bc64e58a2258", "lib/common.py": "611d8b29633d331eb19c9455ea3b5fa3284ed6df", "lib/external/__init__.py": "da39a3ee5e6b4b0d3255bfef95601890afd80709", "lib/external/ntplib.py": "4da8f970656505a40483206ef2b5d3dd5e81711d", "lib/server.py": "99303c836c683aa9017ec565104e636161d02acb", "lib/source_hashes.py": "60a2e02193209e8d392803326208d5466342da18", "lib/summary.py": "aa92f0a3f975eecd44d3c0cd0236342ccc9f941d", "lib/time_sync.py": "80894ef2389e540781ff78de94db16aa4203a14e", "server.py": "c3f90f2f7eeb4db30727556d0c815ebc89b3d28b", "tests/unit/__init__.py": "da39a3ee5e6b4b0d3255bfef95601890afd80709", "tests/unit/test_server.py": "948c1995d4008bc2aa6c4046a34ffa3858d6d671", "tests/unit/test_source_hashes.py": "00468a2907583c593e6574a1f6b404e4651c221a"}, "modules": {"ptd_client_server.lib.client": "lib/client.py", "ptd_client_server.lib.common": "lib/common.py", "ptd_client_server.lib.external.ntplib": "lib/external/ntplib.py", "ptd_client_server.lib.source_hashes": "lib/source_hashes.py", "ptd_client_server.lib.summary": "lib/summary.py", "ptd_client_server.lib.time_sync": "lib/time_sync.py"}}
client 2024-02-13 15:05:36,752 [INFO] Running workload in ranging mode
client 2024-02-13 15:05:36,752 [INFO] Synchronizing with the server and with time.google.com...
client 2024-02-13 15:05:36,818 [INFO] NTP:offset = 0.007 s, delay = 0.065 s 
client 2024-02-13 15:05:36,818 [INFO] Sending command to the server: 'time'
client 2024-02-13 15:05:36,819 [INFO] Got response: '1707858336.819025'
client 2024-02-13 15:05:36,819 [INFO] The time difference between the client and the server is within range -0.648 ms..0.700 ms
client 2024-02-13 15:05:36,819 [INFO] Sending command to the server: 'session,2024-02-13_15-05-36,start,ranging'
client 2024-02-13 15:06:05,911 [INFO] Got response: 'OK'
client 2024-02-13 15:06:05,911 [INFO] Sending command to the server: 'time'
client 2024-02-13 15:06:05,913 [INFO] Got response: '1707858365.9123383'
client 2024-02-13 15:06:05,913 [INFO] The time difference between the client and the server is within range -0.540 ms..0.722 ms
client 2024-02-13 15:06:05,913 [INFO] Running the workload 'axs byquery loadgen_output,task=object_detection,sut_name=r282_q2_ultra_edge,model_name=retinanet,framework=kilt,device=qaic,collection_name=experiments_submission,loadgen_mode=PerformanceOnly,loadgen_compliance_test-,loadgen_scenario=MultiStream,_with_power+,symlink_to=/home/krai/work_collection/experiments_submission/generated_by_power_measurement_on_run_2123257bfe9f42a4b6bfbdac55a68e0b/last_mlperf_logs,power_client_entrydic_path=/home/krai/work_collection/experiments_submission/generated_by_power_measurement_on_run_2123257bfe9f42a4b6bfbdac55a68e0b/program_output.json,effective_no_ranging-'
client 2024-02-13 15:18:05,995 [INFO] Sending command to the server: 'time'
client 2024-02-13 15:18:05,997 [INFO] Got response: '1707859085.9964182'
client 2024-02-13 15:18:05,997 [INFO] The time difference between the client and the server is within range -0.811 ms..0.813 ms
client 2024-02-13 15:18:05,997 [INFO] Sending command to the server: 'session,2024-02-13_15-05-36,stop,ranging'
client 2024-02-13 15:18:16,939 [INFO] Got response: 'OK'
client 2024-02-13 15:18:16,939 [INFO] Sending command to the server: 'time'
client 2024-02-13 15:18:16,940 [INFO] Got response: '1707859096.9399154'
client 2024-02-13 15:18:16,940 [INFO] The time difference between the client and the server is within range -0.204 ms..0.945 ms
client 2024-02-13 15:18:16,944 [INFO] Copying loadgen logs from '/home/krai/work_collection/experiments_submission/generated_by_power_measurement_on_run_2123257bfe9f42a4b6bfbdac55a68e0b/last_mlperf_logs' to '/home/krai/work_collection/experiments_submission/generated_by_power_measurement_on_run_2123257bfe9f42a4b6bfbdac55a68e0b/power_logs/ranging'
client 2024-02-13 15:18:16,945 [INFO] Running workload in testing mode
client 2024-02-13 15:18:16,945 [INFO] Synchronizing with the server and with time.google.com...
client 2024-02-13 15:18:17,017 [INFO] NTP:offset = 0.001 s, delay = 0.071 s 
client 2024-02-13 15:18:17,017 [INFO] Sending command to the server: 'time'
client 2024-02-13 15:18:17,018 [INFO] Got response: '1707859097.0178797'
client 2024-02-13 15:18:17,018 [INFO] The time difference between the client and the server is within range -0.558 ms..0.793 ms
client 2024-02-13 15:18:17,018 [INFO] Sending command to the server: 'session,2024-02-13_15-05-36,start,testing'
client 2024-02-13 15:18:30,036 [INFO] Got response: 'OK'
client 2024-02-13 15:18:30,036 [INFO] Sending command to the server: 'time'
client 2024-02-13 15:18:30,037 [INFO] Got response: '1707859110.0371814'
client 2024-02-13 15:18:30,037 [INFO] The time difference between the client and the server is within range -0.480 ms..0.759 ms
client 2024-02-13 15:18:30,038 [INFO] Running the workload 'axs byquery loadgen_output,task=object_detection,sut_name=r282_q2_ultra_edge,model_name=retinanet,framework=kilt,device=qaic,collection_name=experiments_submission,loadgen_mode=PerformanceOnly,loadgen_compliance_test-,loadgen_scenario=MultiStream,_with_power+,symlink_to=/home/krai/work_collection/experiments_submission/generated_by_power_measurement_on_run_2123257bfe9f42a4b6bfbdac55a68e0b/last_mlperf_logs,power_client_entrydic_path=/home/krai/work_collection/experiments_submission/generated_by_power_measurement_on_run_2123257bfe9f42a4b6bfbdac55a68e0b/program_output.json,effective_no_ranging-'
client 2024-02-13 15:28:52,289 [INFO] Sending command to the server: 'time'
client 2024-02-13 15:28:52,290 [INFO] Got response: '1707859732.2903798'
client 2024-02-13 15:28:52,290 [INFO] The time difference between the client and the server is within range -1.303 ms..0.420 ms
client 2024-02-13 15:28:52,290 [INFO] Sending command to the server: 'session,2024-02-13_15-05-36,stop,testing'
client 2024-02-13 15:29:03,047 [INFO] Got response: 'OK'
client 2024-02-13 15:29:03,047 [INFO] Sending command to the server: 'time'
client 2024-02-13 15:29:03,047 [INFO] Got response: '1707859743.047617'
client 2024-02-13 15:29:03,047 [INFO] The time difference between the client and the server is within range -0.273 ms..0.238 ms
client 2024-02-13 15:29:03,048 [INFO] Copying loadgen logs from '/home/krai/work_collection/experiments_submission/generated_by_power_measurement_on_run_2123257bfe9f42a4b6bfbdac55a68e0b/last_mlperf_logs' to '/home/krai/work_collection/experiments_submission/generated_by_power_measurement_on_run_2123257bfe9f42a4b6bfbdac55a68e0b/power_logs/run_1'
client 2024-02-13 15:29:03,049 [INFO] Done runs
