Graph file: /home/ubuntu/CM/repos/local/cache/820a11bba3d949a6/mobilenet_v1_0.25_160_quant.tflite
Image dir: /home/ubuntu/CM/repos/local/cache/f4667eea5752451f
Image list: /home/ubuntu/CM/repos/local/cache/f4667eea5752451f/preprocessed_files.txt
Image size: 160
Image channels: 3
Prediction classes: 1000
Result dir: /home/ubuntu/CM/repos/local/cache/72ad8c7b936e4682/valid_results/ip_172_31_18_2-tflite_cpp-cpu-tflite-vmaster-default_config/mobilenet-v1-precision_uint8-0.25-160/singlestream/accuracy
How many images fit in memory buffer: 1024
Normalize: 1
Subtract mean: 0
Run time preprocessing: 1
Number of Threads: 4
Number of available imagefiles: 50000

Loading graph...
INFO: Created TensorFlow Lite XNNPACK delegate for CPU.
Input tensor dimensions (NHWC): 1*160*160*3
Output tensor dimensions: 1*1001
Path to mlperf.conf : /home/ubuntu/CM/repos/local/cache/6911043a5baf45a7/inference/mlperf.conf
Path to user.conf : /home/ubuntu/CM/repos/ctuning@mlcommons-ck/cm-mlops/script/generate-mlperf-inference-user-conf/tmp/6474d1b7e3424db6834472cb27851edc.conf
Model Name: mobilenet
LoadGen Scenario: SingleStream
LoadGen Mode: accuracy
