client 2024-02-19 11:54:09,715 [INFO] Creating output directory '/home/cmuser/local/cache/f4ba7328d7f447f9/valid_results/2706260181c0-nvidia_original-gpu-tensorrt-vdefault-default_config/bert-99/singlestream/performance/tmp_power'
client 2024-02-19 11:54:09,723 [INFO] Sending command to the server: 'mlcommons/power client v3'
client 2024-02-19 11:54:09,734 [INFO] Got response: 'mlcommons/power server v3'
client 2024-02-19 11:54:09,734 [INFO] Synchronizing with the server and with time.google.com...
client 2024-02-19 11:54:09,864 [INFO] NTP:offset = 0.005 s, delay = 0.115 s 
client 2024-02-19 11:54:09,864 [INFO] Sending command to the server: 'time'
client 2024-02-19 11:54:09,873 [INFO] Got response: '1708372449.5829055'
client 2024-02-19 11:54:09,873 [INFO] The time difference between the client and the server is within range 281.857 ms..290.203 ms
client 2024-02-19 11:54:09,873 [INFO] Sending command to the server: 'new,,21e22195-f602-4478-a5ec-d683f00a7a4d'
client 2024-02-19 11:54:09,886 [INFO] Got response: 'OK 2024-02-19_19-54-09,6ca13ede-6c49-4a47-a4a4-45a27020a869'
client 2024-02-19 11:54:09,886 [INFO] Session id is '2024-02-19_19-54-09'
client 2024-02-19 11:54:09,886 [INFO] Sources: {"sources": {"__init__.py": "da39a3ee5e6b4b0d3255bfef95601890afd80709", "client.py": "33ca4f26368777ac06e01f9567b714a4b8063886", "lib/__init__.py": "da39a3ee5e6b4b0d3255bfef95601890afd80709", "lib/client.py": "ac2aa093c8e8bbc9569b9e2a3471bc64e58a2258", "lib/common.py": "611d8b29633d331eb19c9455ea3b5fa3284ed6df", "lib/external/__init__.py": "da39a3ee5e6b4b0d3255bfef95601890afd80709", "lib/external/ntplib.py": "4da8f970656505a40483206ef2b5d3dd5e81711d", "lib/server.py": "99303c836c683aa9017ec565104e636161d02acb", "lib/source_hashes.py": "60a2e02193209e8d392803326208d5466342da18", "lib/summary.py": "aa92f0a3f975eecd44d3c0cd0236342ccc9f941d", "lib/time_sync.py": "80894ef2389e540781ff78de94db16aa4203a14e", "server.py": "c3f90f2f7eeb4db30727556d0c815ebc89b3d28b", "tests/unit/__init__.py": "da39a3ee5e6b4b0d3255bfef95601890afd80709", "tests/unit/test_server.py": "948c1995d4008bc2aa6c4046a34ffa3858d6d671", "tests/unit/test_source_hashes.py": "00468a2907583c593e6574a1f6b404e4651c221a"}, "modules": {"ptd_client_server.lib.client": "lib/client.py", "ptd_client_server.lib.common": "lib/common.py", "ptd_client_server.lib.external.ntplib": "lib/external/ntplib.py", "ptd_client_server.lib.source_hashes": "lib/source_hashes.py", "ptd_client_server.lib.summary": "lib/summary.py", "ptd_client_server.lib.time_sync": "lib/time_sync.py"}}
client 2024-02-19 11:54:09,886 [INFO] Running workload in ranging mode
client 2024-02-19 11:54:09,886 [INFO] Synchronizing with the server and with time.google.com...
client 2024-02-19 11:54:09,942 [INFO] NTP:offset = 0.003 s, delay = 0.050 s 
client 2024-02-19 11:54:09,942 [INFO] Sending command to the server: 'time'
client 2024-02-19 11:54:09,952 [INFO] Got response: '1708372449.662763'
client 2024-02-19 11:54:09,952 [INFO] The time difference between the client and the server is within range 280.109 ms..290.047 ms
client 2024-02-19 11:54:09,952 [INFO] Sending command to the server: 'session,2024-02-19_19-54-09,start,ranging'
client 2024-02-19 11:54:35,041 [INFO] Got response: 'OK'
client 2024-02-19 11:54:35,041 [INFO] Sending command to the server: 'time'
client 2024-02-19 11:54:35,050 [INFO] Got response: '1708372474.7629125'
client 2024-02-19 11:54:35,050 [INFO] The time difference between the client and the server is within range 278.958 ms..287.756 ms
client 2024-02-19 11:54:35,050 [INFO] Running the workload 'CM_MLPERF_RUN_COUNT=$(cat ${CM_RUN_DIR}/count.txt); echo ${CM_MLPERF_RUN_COUNT}; CM_MLPERF_RUN_COUNT=$((CM_MLPERF_RUN_COUNT+1)); echo ${CM_MLPERF_RUN_COUNT} > ${CM_RUN_DIR}/count.txt && if [ ${CM_MLPERF_RUN_COUNT} -eq "1" ]; then export CM_MLPERF_USER_CONF=${CM_MLPERF_RANGING_USER_CONF}; else export CM_MLPERF_USER_CONF=${CM_MLPERF_TESTING_USER_CONF}; fi && make run_harness RUN_ARGS=" --benchmarks=bert --scenarios=singlestream --test_mode=PerformanceOnly --user_conf_path=${CM_MLPERF_USER_CONF} --mlperf_conf_path=/home/cmuser/CM/repos/local/cache/94cf04c8097b4057/inference/mlperf.conf --gpu_batch_size=1 --no_audit_verify " 2>&1 | tee /home/cmuser/local/cache/f4ba7328d7f447f9/valid_results/2706260181c0-nvidia_original-gpu-tensorrt-vdefault-default_config/bert-99/singlestream/performance/run_1/console.out'
client 2024-02-19 11:59:38,613 [INFO] Sending command to the server: 'time'
client 2024-02-19 11:59:38,625 [INFO] Got response: '1708372778.3263013'
client 2024-02-19 11:59:38,625 [INFO] The time difference between the client and the server is within range 286.766 ms..299.268 ms
client 2024-02-19 11:59:38,625 [INFO] Sending command to the server: 'session,2024-02-19_19-54-09,stop,ranging'
client 2024-02-19 11:59:49,135 [INFO] Got response: 'OK'
client 2024-02-19 11:59:49,135 [INFO] Sending command to the server: 'time'
client 2024-02-19 11:59:49,147 [INFO] Got response: '1708372788.8539293'
client 2024-02-19 11:59:49,147 [INFO] The time difference between the client and the server is within range 281.471 ms..293.682 ms
client 2024-02-19 11:59:49,149 [INFO] Copying loadgen logs from '/home/cmuser/local/cache/f4ba7328d7f447f9/valid_results/2706260181c0-nvidia_original-gpu-tensorrt-vdefault-default_config/bert-99/singlestream/performance/run_1' to '/home/cmuser/local/cache/f4ba7328d7f447f9/valid_results/2706260181c0-nvidia_original-gpu-tensorrt-vdefault-default_config/bert-99/singlestream/performance/tmp_power/ranging'
client 2024-02-19 11:59:49,149 [INFO] Running workload in testing mode
client 2024-02-19 11:59:49,149 [INFO] Synchronizing with the server and with time.google.com...
client 2024-02-19 11:59:49,212 [INFO] NTP:offset = 0.002 s, delay = 0.052 s 
client 2024-02-19 11:59:49,212 [INFO] Sending command to the server: 'time'
client 2024-02-19 11:59:49,222 [INFO] Got response: '1708372788.923758'
client 2024-02-19 11:59:49,222 [INFO] The time difference between the client and the server is within range 288.644 ms..299.201 ms
client 2024-02-19 11:59:49,222 [INFO] Sending command to the server: 'session,2024-02-19_19-54-09,start,testing'
client 2024-02-19 12:00:02,301 [INFO] Got response: 'OK'
client 2024-02-19 12:00:02,301 [INFO] Sending command to the server: 'time'
client 2024-02-19 12:00:02,311 [INFO] Got response: '1708372802.0140696'
client 2024-02-19 12:00:02,311 [INFO] The time difference between the client and the server is within range 287.139 ms..297.779 ms
client 2024-02-19 12:00:02,311 [INFO] Running the workload 'CM_MLPERF_RUN_COUNT=$(cat ${CM_RUN_DIR}/count.txt); echo ${CM_MLPERF_RUN_COUNT}; CM_MLPERF_RUN_COUNT=$((CM_MLPERF_RUN_COUNT+1)); echo ${CM_MLPERF_RUN_COUNT} > ${CM_RUN_DIR}/count.txt && if [ ${CM_MLPERF_RUN_COUNT} -eq "1" ]; then export CM_MLPERF_USER_CONF=${CM_MLPERF_RANGING_USER_CONF}; else export CM_MLPERF_USER_CONF=${CM_MLPERF_TESTING_USER_CONF}; fi && make run_harness RUN_ARGS=" --benchmarks=bert --scenarios=singlestream --test_mode=PerformanceOnly --user_conf_path=${CM_MLPERF_USER_CONF} --mlperf_conf_path=/home/cmuser/CM/repos/local/cache/94cf04c8097b4057/inference/mlperf.conf --gpu_batch_size=1 --no_audit_verify " 2>&1 | tee /home/cmuser/local/cache/f4ba7328d7f447f9/valid_results/2706260181c0-nvidia_original-gpu-tensorrt-vdefault-default_config/bert-99/singlestream/performance/run_1/console.out'
client 2024-02-19 12:10:06,345 [INFO] Sending command to the server: 'time'
client 2024-02-19 12:10:06,355 [INFO] Got response: '1708373406.0511138'
client 2024-02-19 12:10:06,355 [INFO] The time difference between the client and the server is within range 294.385 ms..304.463 ms
client 2024-02-19 12:10:06,355 [INFO] Sending command to the server: 'session,2024-02-19_19-54-09,stop,testing'
client 2024-02-19 12:10:17,357 [INFO] Got response: 'OK'
client 2024-02-19 12:10:17,357 [INFO] Sending command to the server: 'time'
client 2024-02-19 12:10:17,366 [INFO] Got response: '1708373417.0610435'
client 2024-02-19 12:10:17,366 [INFO] The time difference between the client and the server is within range 296.189 ms..305.591 ms
client 2024-02-19 12:10:17,367 [INFO] Copying loadgen logs from '/home/cmuser/local/cache/f4ba7328d7f447f9/valid_results/2706260181c0-nvidia_original-gpu-tensorrt-vdefault-default_config/bert-99/singlestream/performance/run_1' to '/home/cmuser/local/cache/f4ba7328d7f447f9/valid_results/2706260181c0-nvidia_original-gpu-tensorrt-vdefault-default_config/bert-99/singlestream/performance/tmp_power/run_1'
client 2024-02-19 12:10:17,367 [INFO] Done runs
