client 2024-02-21 09:23:21,869 [INFO] Creating output directory '/home/arjun/CM/repos/local/cache/ebae02e3af2d40d4/valid_results/qrb5165-kilt-qaic-glow-vdefault-default_config/retinanet/offline/performance/tmp_power'
client 2024-02-21 09:23:21,875 [INFO] Sending command to the server: 'mlcommons/power client v3'
client 2024-02-21 09:23:21,881 [INFO] Got response: 'mlcommons/power server v3'
client 2024-02-21 09:23:21,881 [INFO] Synchronizing with the server and with time.google.com...
client 2024-02-21 09:23:21,917 [INFO] NTP:offset = -0.000 s, delay = 0.019 s 
client 2024-02-21 09:23:21,917 [INFO] Sending command to the server: 'time'
client 2024-02-21 09:23:21,923 [INFO] Got response: '1708507401.92082'
client 2024-02-21 09:23:21,923 [INFO] The time difference between the client and the server is within range -2.833 ms..2.489 ms
client 2024-02-21 09:23:21,923 [INFO] Sending command to the server: 'new,,07ec4900-24c6-47da-9069-dc4253301f2f'
client 2024-02-21 09:23:21,929 [INFO] Got response: 'OK 2024-02-21_09-23-21,6b870742-1dfe-4cf0-84b2-ad61869b1d63'
client 2024-02-21 09:23:21,929 [INFO] Session id is '2024-02-21_09-23-21'
client 2024-02-21 09:23:21,929 [INFO] Sources: {"sources": {"__init__.py": "da39a3ee5e6b4b0d3255bfef95601890afd80709", "client.py": "33ca4f26368777ac06e01f9567b714a4b8063886", "lib/__init__.py": "da39a3ee5e6b4b0d3255bfef95601890afd80709", "lib/client.py": "ac2aa093c8e8bbc9569b9e2a3471bc64e58a2258", "lib/common.py": "611d8b29633d331eb19c9455ea3b5fa3284ed6df", "lib/external/__init__.py": "da39a3ee5e6b4b0d3255bfef95601890afd80709", "lib/external/ntplib.py": "4da8f970656505a40483206ef2b5d3dd5e81711d", "lib/server.py": "99303c836c683aa9017ec565104e636161d02acb", "lib/source_hashes.py": "60a2e02193209e8d392803326208d5466342da18", "lib/summary.py": "aa92f0a3f975eecd44d3c0cd0236342ccc9f941d", "lib/time_sync.py": "80894ef2389e540781ff78de94db16aa4203a14e", "server.py": "c3f90f2f7eeb4db30727556d0c815ebc89b3d28b", "tests/unit/__init__.py": "da39a3ee5e6b4b0d3255bfef95601890afd80709", "tests/unit/test_server.py": "948c1995d4008bc2aa6c4046a34ffa3858d6d671", "tests/unit/test_source_hashes.py": "00468a2907583c593e6574a1f6b404e4651c221a"}, "modules": {"ptd_client_server.lib.client": "lib/client.py", "ptd_client_server.lib.common": "lib/common.py", "ptd_client_server.lib.external.ntplib": "lib/external/ntplib.py", "ptd_client_server.lib.source_hashes": "lib/source_hashes.py", "ptd_client_server.lib.summary": "lib/summary.py", "ptd_client_server.lib.time_sync": "lib/time_sync.py"}}
client 2024-02-21 09:23:21,930 [INFO] Running workload in ranging mode
client 2024-02-21 09:23:21,930 [INFO] Synchronizing with the server and with time.google.com...
client 2024-02-21 09:23:21,950 [INFO] NTP:offset = 0.000 s, delay = 0.016 s 
client 2024-02-21 09:23:21,950 [INFO] Sending command to the server: 'time'
client 2024-02-21 09:23:21,957 [INFO] Got response: '1708507401.9549513'
client 2024-02-21 09:23:21,958 [INFO] The time difference between the client and the server is within range -4.122 ms..3.045 ms
client 2024-02-21 09:23:21,958 [INFO] Sending command to the server: 'session,2024-02-21_09-23-21,start,ranging'
client 2024-02-21 09:23:50,188 [INFO] Got response: 'OK'
client 2024-02-21 09:23:50,189 [INFO] Sending command to the server: 'time'
client 2024-02-21 09:23:50,198 [INFO] Got response: '1708507430.194665'
client 2024-02-21 09:23:50,198 [INFO] The time difference between the client and the server is within range -5.454 ms..3.649 ms
client 2024-02-21 09:23:50,198 [INFO] Running the workload '/home/arjun/CM/repos/local/cache/ebae02e3af2d40d4/valid_results/qrb5165-kilt-qaic-glow-vdefault-default_config/retinanet/offline/performance/run_1/run.out 2>&1 | tee /home/arjun/CM/repos/local/cache/ebae02e3af2d40d4/valid_results/qrb5165-kilt-qaic-glow-vdefault-default_config/retinanet/offline/performance/run_1/console.out'
client 2024-02-21 09:34:59,807 [INFO] Sending command to the server: 'time'
client 2024-02-21 09:34:59,816 [INFO] Got response: '1708508099.8132043'
client 2024-02-21 09:34:59,816 [INFO] The time difference between the client and the server is within range -6.065 ms..3.399 ms
client 2024-02-21 09:34:59,816 [INFO] Sending command to the server: 'session,2024-02-21_09-23-21,stop,ranging'
client 2024-02-21 09:35:10,422 [INFO] Got response: 'OK'
client 2024-02-21 09:35:10,423 [INFO] Sending command to the server: 'time'
client 2024-02-21 09:35:10,430 [INFO] Got response: '1708508110.428361'
client 2024-02-21 09:35:10,430 [INFO] The time difference between the client and the server is within range -5.361 ms..2.075 ms
client 2024-02-21 09:35:10,447 [INFO] Copying loadgen logs from '/home/arjun/CM/repos/local/cache/ebae02e3af2d40d4/valid_results/qrb5165-kilt-qaic-glow-vdefault-default_config/retinanet/offline/performance/run_1' to '/home/arjun/CM/repos/local/cache/ebae02e3af2d40d4/valid_results/qrb5165-kilt-qaic-glow-vdefault-default_config/retinanet/offline/performance/tmp_power/ranging'
client 2024-02-21 09:35:10,452 [INFO] Running workload in testing mode
client 2024-02-21 09:35:10,452 [INFO] Synchronizing with the server and with time.google.com...
client 2024-02-21 09:35:10,488 [INFO] NTP:offset = 0.001 s, delay = 0.017 s 
client 2024-02-21 09:35:10,488 [INFO] Sending command to the server: 'time'
client 2024-02-21 09:35:10,495 [INFO] Got response: '1708508110.4934263'
client 2024-02-21 09:35:10,495 [INFO] The time difference between the client and the server is within range -5.036 ms..2.346 ms
client 2024-02-21 09:35:10,496 [INFO] Sending command to the server: 'session,2024-02-21_09-23-21,start,testing'
client 2024-02-21 09:35:23,519 [INFO] Got response: 'OK'
client 2024-02-21 09:35:23,520 [INFO] Sending command to the server: 'time'
client 2024-02-21 09:35:23,527 [INFO] Got response: '1708508123.525655'
client 2024-02-21 09:35:23,527 [INFO] The time difference between the client and the server is within range -5.298 ms..1.962 ms
client 2024-02-21 09:35:23,527 [INFO] Running the workload '/home/arjun/CM/repos/local/cache/ebae02e3af2d40d4/valid_results/qrb5165-kilt-qaic-glow-vdefault-default_config/retinanet/offline/performance/run_1/run.out 2>&1 | tee /home/arjun/CM/repos/local/cache/ebae02e3af2d40d4/valid_results/qrb5165-kilt-qaic-glow-vdefault-default_config/retinanet/offline/performance/run_1/console.out'
client 2024-02-21 09:46:36,565 [INFO] Sending command to the server: 'time'
client 2024-02-21 09:46:36,573 [INFO] Got response: '1708508796.572027'
client 2024-02-21 09:46:36,573 [INFO] The time difference between the client and the server is within range -6.990 ms..1.826 ms
client 2024-02-21 09:46:36,574 [INFO] Sending command to the server: 'session,2024-02-21_09-23-21,stop,testing'
client 2024-02-21 09:46:47,574 [INFO] Got response: 'OK'
client 2024-02-21 09:46:47,574 [INFO] Sending command to the server: 'time'
client 2024-02-21 09:46:47,581 [INFO] Got response: '1708508807.5806065'
client 2024-02-21 09:46:47,581 [INFO] The time difference between the client and the server is within range -5.712 ms..1.343 ms
client 2024-02-21 09:46:47,586 [INFO] Copying loadgen logs from '/home/arjun/CM/repos/local/cache/ebae02e3af2d40d4/valid_results/qrb5165-kilt-qaic-glow-vdefault-default_config/retinanet/offline/performance/run_1' to '/home/arjun/CM/repos/local/cache/ebae02e3af2d40d4/valid_results/qrb5165-kilt-qaic-glow-vdefault-default_config/retinanet/offline/performance/tmp_power/run_1'
client 2024-02-21 09:46:47,593 [INFO] Done runs
