Graph file: /home/ec2-user/CM/repos/local/cache/49b2497f55db451f/efficientnet-lite2/efficientnet-lite2-fp32.tflite
Image dir: /home/ec2-user/CM/repos/local/cache/42c4a2aa61444854
Image list: /home/ec2-user/CM/repos/local/cache/42c4a2aa61444854/preprocessed_files.txt
Image size: 260
Image channels: 3
Prediction classes: 1000
Result dir: /home/ec2-user/CM/repos/local/cache/2b88026e7cd54ea9/valid_results/ip_172_31_41_189.us_west_2.compute.internal-tflite_cpp-cpu-tflite-vmaster-with_live_preprocessing/efficientnet-fp32-lite2/singlestream/performance/run_1
How many images fit in memory buffer: 1024
Normalize: 1
Subtract mean: 0
Run time preprocessing: 1
Number of Threads: 4
Number of available imagefiles: 50000

Loading graph...
INFO: Created TensorFlow Lite XNNPACK delegate for CPU.
Input tensor dimensions (NHWC): 1*260*260*3
Output tensor dimensions: 1*1000
Path to mlperf.conf : /home/ec2-user/CM/repos/local/cache/8a7eb07153174f8b/inference/mlperf.conf
Path to user.conf : /home/ec2-user/CM/repos/ctuning@mlcommons-ck/cm-mlops/script/generate-mlperf-inference-user-conf/tmp/b479a832129c484cba48a424379569c9.conf
Model Name: efficientnet
LoadGen Scenario: SingleStream
LoadGen Mode: performance
