client 2024-01-29 05:42:08,136 [INFO] Creating output directory '/home/arjun/results_dir/valid_results/orin-tflite_cpp-cpu-tflite-vmaster-default_config/mobilenet-v1-precision_float-0.25-128/singlestream/performance/tmp_power'
client 2024-01-29 05:42:08,334 [INFO] Sending command to the server: 'mlcommons/power client v3'
client 2024-01-29 05:42:08,337 [INFO] Got response: 'mlcommons/power server v3'
client 2024-01-29 05:42:08,337 [INFO] Synchronizing with the server and with time.google.com...
client 2024-01-29 05:42:08,365 [INFO] NTP:offset = -0.003 s, delay = 0.019 s 
client 2024-01-29 05:42:08,366 [INFO] Sending command to the server: 'time'
client 2024-01-29 05:42:08,369 [INFO] Got response: '1706506928.365833'
client 2024-01-29 05:42:08,369 [INFO] The time difference between the client and the server is within range 0.452 ms..3.312 ms
client 2024-01-29 05:42:08,369 [INFO] Sending command to the server: 'new,,3d74e198-fcd3-49a9-8dbb-1a97947b4c63'
client 2024-01-29 05:42:08,372 [INFO] Got response: 'OK 2024-01-29_05-42-08,bc5294e3-ff0d-450c-ba8e-428d2dab47cf'
client 2024-01-29 05:42:08,372 [INFO] Session id is '2024-01-29_05-42-08'
client 2024-01-29 05:42:08,372 [INFO] Sources: {"sources": {"__init__.py": "da39a3ee5e6b4b0d3255bfef95601890afd80709", "client.py": "33ca4f26368777ac06e01f9567b714a4b8063886", "lib/__init__.py": "da39a3ee5e6b4b0d3255bfef95601890afd80709", "lib/client.py": "ac2aa093c8e8bbc9569b9e2a3471bc64e58a2258", "lib/common.py": "611d8b29633d331eb19c9455ea3b5fa3284ed6df", "lib/external/__init__.py": "da39a3ee5e6b4b0d3255bfef95601890afd80709", "lib/external/ntplib.py": "4da8f970656505a40483206ef2b5d3dd5e81711d", "lib/server.py": "99303c836c683aa9017ec565104e636161d02acb", "lib/source_hashes.py": "60a2e02193209e8d392803326208d5466342da18", "lib/summary.py": "aa92f0a3f975eecd44d3c0cd0236342ccc9f941d", "lib/time_sync.py": "80894ef2389e540781ff78de94db16aa4203a14e", "server.py": "c3f90f2f7eeb4db30727556d0c815ebc89b3d28b", "tests/unit/__init__.py": "da39a3ee5e6b4b0d3255bfef95601890afd80709", "tests/unit/test_server.py": "948c1995d4008bc2aa6c4046a34ffa3858d6d671", "tests/unit/test_source_hashes.py": "00468a2907583c593e6574a1f6b404e4651c221a"}, "modules": {"ptd_client_server.lib.client": "lib/client.py", "ptd_client_server.lib.common": "lib/common.py", "ptd_client_server.lib.external.ntplib": "lib/external/ntplib.py", "ptd_client_server.lib.source_hashes": "lib/source_hashes.py", "ptd_client_server.lib.summary": "lib/summary.py", "ptd_client_server.lib.time_sync": "lib/time_sync.py"}}
client 2024-01-29 05:42:08,373 [INFO] Running workload in ranging mode
client 2024-01-29 05:42:08,373 [INFO] Synchronizing with the server and with time.google.com...
client 2024-01-29 05:42:08,394 [INFO] NTP:offset = -0.003 s, delay = 0.019 s 
client 2024-01-29 05:42:08,394 [INFO] Sending command to the server: 'time'
client 2024-01-29 05:42:08,397 [INFO] Got response: '1706506928.3945367'
client 2024-01-29 05:42:08,397 [INFO] The time difference between the client and the server is within range 0.379 ms..3.296 ms
client 2024-01-29 05:42:08,398 [INFO] Sending command to the server: 'session,2024-01-29_05-42-08,start,ranging'
client 2024-01-29 05:42:36,476 [INFO] Got response: 'OK'
client 2024-01-29 05:42:36,478 [INFO] Sending command to the server: 'time'
client 2024-01-29 05:42:36,481 [INFO] Got response: '1706506956.4786403'
client 2024-01-29 05:42:36,482 [INFO] The time difference between the client and the server is within range -0.048 ms..3.508 ms
client 2024-01-29 05:42:36,482 [INFO] Running the workload 'CM_MLPERF_RUN_COUNT=$(cat ${CM_RUN_DIR}/count.txt); echo ${CM_MLPERF_RUN_COUNT}; CM_MLPERF_RUN_COUNT=$((CM_MLPERF_RUN_COUNT+1)); echo ${CM_MLPERF_RUN_COUNT} > ${CM_RUN_DIR}/count.txt && if [ ${CM_MLPERF_RUN_COUNT} -eq "1" ]; then export CM_MLPERF_USER_CONF=${CM_MLPERF_RANGING_USER_CONF}; else export CM_MLPERF_USER_CONF=${CM_MLPERF_TESTING_USER_CONF}; fi && /mnt/CM/repos/ctuning@mlcommons-ck/cm-mlops/script/benchmark-any-mlperf-inference-implementation/run.out'
client 2024-01-29 05:47:39,109 [INFO] Sending command to the server: 'time'
client 2024-01-29 05:47:39,113 [INFO] Got response: '1706507259.1100354'
client 2024-01-29 05:47:39,113 [INFO] The time difference between the client and the server is within range -0.509 ms..3.351 ms
client 2024-01-29 05:47:39,113 [INFO] Sending command to the server: 'session,2024-01-29_05-42-08,stop,ranging'
client 2024-01-29 05:47:49,555 [INFO] Got response: 'OK'
client 2024-01-29 05:47:49,556 [INFO] Sending command to the server: 'time'
client 2024-01-29 05:47:49,559 [INFO] Got response: '1706507269.556411'
client 2024-01-29 05:47:49,559 [INFO] The time difference between the client and the server is within range 0.002 ms..3.498 ms
client 2024-01-29 05:47:49,576 [INFO] Copying loadgen logs from '/home/arjun/results_dir/valid_results/orin-tflite_cpp-cpu-tflite-vmaster-default_config/mobilenet-v1-precision_float-0.25-128/singlestream/performance/run_1' to '/home/arjun/results_dir/valid_results/orin-tflite_cpp-cpu-tflite-vmaster-default_config/mobilenet-v1-precision_float-0.25-128/singlestream/performance/tmp_power/ranging'
client 2024-01-29 05:47:49,579 [INFO] Running workload in testing mode
client 2024-01-29 05:47:49,580 [INFO] Synchronizing with the server and with time.google.com...
client 2024-01-29 05:47:49,610 [INFO] NTP:offset = -0.002 s, delay = 0.025 s 
client 2024-01-29 05:47:49,610 [INFO] Sending command to the server: 'time'
client 2024-01-29 05:47:49,613 [INFO] Got response: '1706507269.6110475'
client 2024-01-29 05:47:49,614 [INFO] The time difference between the client and the server is within range -0.649 ms..3.028 ms
client 2024-01-29 05:47:49,614 [INFO] Sending command to the server: 'session,2024-01-29_05-42-08,start,testing'
client 2024-01-29 05:48:02,631 [INFO] Got response: 'OK'
client 2024-01-29 05:48:02,632 [INFO] Sending command to the server: 'time'
client 2024-01-29 05:48:02,636 [INFO] Got response: '1706507282.6330655'
client 2024-01-29 05:48:02,636 [INFO] The time difference between the client and the server is within range -0.322 ms..3.313 ms
client 2024-01-29 05:48:02,636 [INFO] Running the workload 'CM_MLPERF_RUN_COUNT=$(cat ${CM_RUN_DIR}/count.txt); echo ${CM_MLPERF_RUN_COUNT}; CM_MLPERF_RUN_COUNT=$((CM_MLPERF_RUN_COUNT+1)); echo ${CM_MLPERF_RUN_COUNT} > ${CM_RUN_DIR}/count.txt && if [ ${CM_MLPERF_RUN_COUNT} -eq "1" ]; then export CM_MLPERF_USER_CONF=${CM_MLPERF_RANGING_USER_CONF}; else export CM_MLPERF_USER_CONF=${CM_MLPERF_TESTING_USER_CONF}; fi && /mnt/CM/repos/ctuning@mlcommons-ck/cm-mlops/script/benchmark-any-mlperf-inference-implementation/run.out'
client 2024-01-29 05:58:07,306 [INFO] Sending command to the server: 'time'
client 2024-01-29 05:58:07,309 [INFO] Got response: '1706507887.3076162'
client 2024-01-29 05:58:07,310 [INFO] The time difference between the client and the server is within range -1.467 ms..2.599 ms
client 2024-01-29 05:58:07,310 [INFO] Sending command to the server: 'session,2024-01-29_05-42-08,stop,testing'
client 2024-01-29 05:58:17,678 [INFO] Got response: 'OK'
client 2024-01-29 05:58:17,679 [INFO] Sending command to the server: 'time'
client 2024-01-29 05:58:17,682 [INFO] Got response: '1706507897.6802778'
client 2024-01-29 05:58:17,682 [INFO] The time difference between the client and the server is within range -0.957 ms..2.496 ms
client 2024-01-29 05:58:17,687 [INFO] Copying loadgen logs from '/home/arjun/results_dir/valid_results/orin-tflite_cpp-cpu-tflite-vmaster-default_config/mobilenet-v1-precision_float-0.25-128/singlestream/performance/run_1' to '/home/arjun/results_dir/valid_results/orin-tflite_cpp-cpu-tflite-vmaster-default_config/mobilenet-v1-precision_float-0.25-128/singlestream/performance/tmp_power/run_1'
client 2024-01-29 05:58:17,689 [INFO] Done runs
