client 2024-02-09 10:30:55,105 [INFO] Sending command to the server: 'mlcommons/power client v3'
client 2024-02-09 10:30:55,107 [INFO] Got response: 'mlcommons/power server v3'
client 2024-02-09 10:30:55,107 [INFO] Sending command to the server: 'stop'
client 2024-02-09 10:30:55,108 [INFO] Got response: 'OK'
client 2024-02-09 10:30:55,108 [INFO] Synchronizing with the server and with ib-01.dc4-in.nvidia.com...
client 2024-02-09 10:30:55,325 [INFO] NTP:offset = 0.000 s, delay = 0.214 s 
client 2024-02-09 10:30:55,325 [INFO] Sending command to the server: 'time'
client 2024-02-09 10:30:55,327 [INFO] Got response: '1707474655.325091'
client 2024-02-09 10:30:55,327 [INFO] The time difference between the client and the server is within range 0.842 ms..2.390 ms
client 2024-02-09 10:30:55,327 [INFO] Sending command to the server: 'new,,8babb3bb-c4f5-4cfd-a4e7-4015f370b6cc'
client 2024-02-09 10:30:55,329 [INFO] Got response: 'OK 2024-02-09_02-30-55,f989e417-670e-43be-b695-c38ff0b3f909'
client 2024-02-09 10:30:55,329 [INFO] Session id is '2024-02-09_02-30-55'
client 2024-02-09 10:30:55,329 [INFO] Sources: {"sources": {"__init__.py": "da39a3ee5e6b4b0d3255bfef95601890afd80709", "client.py": "33ca4f26368777ac06e01f9567b714a4b8063886", "lib/__init__.py": "da39a3ee5e6b4b0d3255bfef95601890afd80709", "lib/client.py": "ac2aa093c8e8bbc9569b9e2a3471bc64e58a2258", "lib/common.py": "611d8b29633d331eb19c9455ea3b5fa3284ed6df", "lib/external/__init__.py": "da39a3ee5e6b4b0d3255bfef95601890afd80709", "lib/external/ntplib.py": "4da8f970656505a40483206ef2b5d3dd5e81711d", "lib/server.py": "99303c836c683aa9017ec565104e636161d02acb", "lib/source_hashes.py": "60a2e02193209e8d392803326208d5466342da18", "lib/summary.py": "aa92f0a3f975eecd44d3c0cd0236342ccc9f941d", "lib/time_sync.py": "80894ef2389e540781ff78de94db16aa4203a14e", "server.py": "c3f90f2f7eeb4db30727556d0c815ebc89b3d28b", "tests/unit/__init__.py": "da39a3ee5e6b4b0d3255bfef95601890afd80709", "tests/unit/test_server.py": "948c1995d4008bc2aa6c4046a34ffa3858d6d671", "tests/unit/test_source_hashes.py": "00468a2907583c593e6574a1f6b404e4651c221a"}, "modules": {"ptd_client_server.lib.client": "lib/client.py", "ptd_client_server.lib.common": "lib/common.py", "ptd_client_server.lib.external.ntplib": "lib/external/ntplib.py", "ptd_client_server.lib.source_hashes": "lib/source_hashes.py", "ptd_client_server.lib.summary": "lib/summary.py", "ptd_client_server.lib.time_sync": "lib/time_sync.py"}}
client 2024-02-09 10:30:55,332 [INFO] Running workload in ranging mode
client 2024-02-09 10:30:55,332 [INFO] Synchronizing with the server and with ib-01.dc4-in.nvidia.com...
client 2024-02-09 10:30:55,551 [INFO] NTP:offset = 0.002 s, delay = 0.217 s 
client 2024-02-09 10:30:55,551 [INFO] Sending command to the server: 'time'
client 2024-02-09 10:30:55,553 [INFO] Got response: '1707474655.55105'
client 2024-02-09 10:30:55,553 [INFO] The time difference between the client and the server is within range 0.850 ms..2.371 ms
client 2024-02-09 10:30:55,553 [INFO] Sending command to the server: 'session,2024-02-09_02-30-55,start,ranging'
client 2024-02-09 10:31:35,468 [INFO] Got response: 'OK'
client 2024-02-09 10:31:35,468 [INFO] Sending command to the server: 'time'
client 2024-02-09 10:31:35,470 [INFO] Got response: '1707474695.4680846'
client 2024-02-09 10:31:35,470 [INFO] The time difference between the client and the server is within range 0.900 ms..2.403 ms
client 2024-02-09 10:31:35,470 [INFO] Running the workload 'LOG_DIR=/work/build/power_logs_temp python3.8 -m code.main --benchmarks=resnet50 --scenarios=Offline --test_mode=PerformanceOnly --config_ver=maxq --action="run_harness" \\\n\t\t2>&1 | tee -a /work/build/power_logs/2024.02.09-10.30.05/stdout.txt \\\n\t\t&& if [ ! -d /work/build/power_logs/2024.02.09-10.30.05/ranging_tmp ]; \\\n\t\t\tthen mkdir /work/build/power_logs/2024.02.09-10.30.05/ranging_tmp \\\n\t\t\t\t&& mv /work/build/power_logs_temp/* /work/build/power_logs/2024.02.09-10.30.05/ranging_tmp/ \\\n\t\t\t\t&& cp -v /work/build/power_logs/2024.02.09-10.30.05/ranging_tmp/*/*/*/mlperf_log_detail.txt /work/build/power_logs_temp/ \\\n\t\t\t\t&& cp -v /work/build/power_logs/2024.02.09-10.30.05/ranging_tmp/*/*/*/mlperf_log_summary.txt /work/build/power_logs_temp/; \\\n\t\t\telse mkdir /work/build/power_logs/2024.02.09-10.30.05/testing_tmp \\\n\t\t\t\t&& mv /work/build/power_logs_temp/* /work/build/power_logs/2024.02.09-10.30.05/testing_tmp/ \\\n\t\t\t\t&& cp -v /work/build/power_logs/2024.02.09-10.30.05/testing_tmp/*/*/*/mlperf_log_detail.txt /work/build/power_logs_temp/ \\\n\t\t\t\t&& cp -v /work/build/power_logs/2024.02.09-10.30.05/testing_tmp/*/*/*/mlperf_log_summary.txt /work/build/power_logs_temp/; fi'
client 2024-02-09 10:43:58,950 [INFO] Sending command to the server: 'time'
client 2024-02-09 10:43:58,952 [INFO] Got response: '1707475438.9500492'
client 2024-02-09 10:43:58,952 [INFO] The time difference between the client and the server is within range 0.811 ms..2.808 ms
client 2024-02-09 10:43:58,952 [INFO] Sending command to the server: 'session,2024-02-09_02-30-55,stop,ranging'
client 2024-02-09 10:44:09,563 [INFO] Got response: 'OK'
client 2024-02-09 10:44:09,563 [INFO] Sending command to the server: 'time'
client 2024-02-09 10:44:09,564 [INFO] Got response: '1707475449.5618567'
client 2024-02-09 10:44:09,564 [INFO] The time difference between the client and the server is within range 1.462 ms..2.526 ms
client 2024-02-09 10:44:09,572 [INFO] Copying loadgen logs from '/work/build/power_logs_temp' to '/work/build/power_logs/2024.02.09-10.30.05/2024-02-09_02-30-55/ranging'
client 2024-02-09 10:44:09,586 [INFO] Running workload in testing mode
client 2024-02-09 10:44:09,586 [INFO] Synchronizing with the server and with ib-01.dc4-in.nvidia.com...
client 2024-02-09 10:44:09,803 [INFO] NTP:offset = 0.001 s, delay = 0.215 s 
client 2024-02-09 10:44:09,803 [INFO] Sending command to the server: 'time'
client 2024-02-09 10:44:09,806 [INFO] Got response: '1707475449.8018894'
client 2024-02-09 10:44:09,806 [INFO] The time difference between the client and the server is within range 1.182 ms..4.613 ms
client 2024-02-09 10:44:09,806 [INFO] Sending command to the server: 'session,2024-02-09_02-30-55,start,testing'
client 2024-02-09 10:44:31,432 [INFO] Got response: 'OK'
client 2024-02-09 10:44:31,432 [INFO] Sending command to the server: 'time'
client 2024-02-09 10:44:31,433 [INFO] Got response: '1707475471.4311626'
client 2024-02-09 10:44:31,433 [INFO] The time difference between the client and the server is within range 1.425 ms..2.598 ms
client 2024-02-09 10:44:31,433 [INFO] Running the workload 'LOG_DIR=/work/build/power_logs_temp python3.8 -m code.main --benchmarks=resnet50 --scenarios=Offline --test_mode=PerformanceOnly --config_ver=maxq --action="run_harness" \\\n\t\t2>&1 | tee -a /work/build/power_logs/2024.02.09-10.30.05/stdout.txt \\\n\t\t&& if [ ! -d /work/build/power_logs/2024.02.09-10.30.05/ranging_tmp ]; \\\n\t\t\tthen mkdir /work/build/power_logs/2024.02.09-10.30.05/ranging_tmp \\\n\t\t\t\t&& mv /work/build/power_logs_temp/* /work/build/power_logs/2024.02.09-10.30.05/ranging_tmp/ \\\n\t\t\t\t&& cp -v /work/build/power_logs/2024.02.09-10.30.05/ranging_tmp/*/*/*/mlperf_log_detail.txt /work/build/power_logs_temp/ \\\n\t\t\t\t&& cp -v /work/build/power_logs/2024.02.09-10.30.05/ranging_tmp/*/*/*/mlperf_log_summary.txt /work/build/power_logs_temp/; \\\n\t\t\telse mkdir /work/build/power_logs/2024.02.09-10.30.05/testing_tmp \\\n\t\t\t\t&& mv /work/build/power_logs_temp/* /work/build/power_logs/2024.02.09-10.30.05/testing_tmp/ \\\n\t\t\t\t&& cp -v /work/build/power_logs/2024.02.09-10.30.05/testing_tmp/*/*/*/mlperf_log_detail.txt /work/build/power_logs_temp/ \\\n\t\t\t\t&& cp -v /work/build/power_logs/2024.02.09-10.30.05/testing_tmp/*/*/*/mlperf_log_summary.txt /work/build/power_logs_temp/; fi'
client 2024-02-09 10:56:54,957 [INFO] Sending command to the server: 'time'
client 2024-02-09 10:56:54,959 [INFO] Got response: '1707476214.9558601'
client 2024-02-09 10:56:54,959 [INFO] The time difference between the client and the server is within range 1.183 ms..3.218 ms
client 2024-02-09 10:56:54,959 [INFO] Sending command to the server: 'session,2024-02-09_02-30-55,stop,testing'
client 2024-02-09 10:57:05,504 [INFO] Got response: 'OK'
client 2024-02-09 10:57:05,504 [INFO] Sending command to the server: 'time'
client 2024-02-09 10:57:05,505 [INFO] Got response: '1707476225.502687'
client 2024-02-09 10:57:05,505 [INFO] The time difference between the client and the server is within range 1.481 ms..2.942 ms
client 2024-02-09 10:57:05,510 [INFO] Copying loadgen logs from '/work/build/power_logs_temp' to '/work/build/power_logs/2024.02.09-10.30.05/2024-02-09_02-30-55/run_1'
client 2024-02-09 10:57:05,524 [INFO] Done runs
