client 2024-01-29 03:46:16,342 [INFO] Creating output directory '/home/arjun/results_dir/valid_results/orin-tflite_cpp-cpu-tflite-vmaster-default_config/mobilenet-v1-precision_uint8-0.5-128/singlestream/performance/tmp_power'
client 2024-01-29 03:46:16,345 [INFO] Sending command to the server: 'mlcommons/power client v3'
client 2024-01-29 03:46:16,347 [INFO] Got response: 'mlcommons/power server v3'
client 2024-01-29 03:46:16,347 [INFO] Synchronizing with the server and with time.google.com...
client 2024-01-29 03:46:16,375 [INFO] NTP:offset = -0.004 s, delay = 0.022 s 
client 2024-01-29 03:46:16,375 [INFO] Sending command to the server: 'time'
client 2024-01-29 03:46:16,378 [INFO] Got response: '1706499976.3786006'
client 2024-01-29 03:46:16,378 [INFO] The time difference between the client and the server is within range -3.099 ms..-0.090 ms
client 2024-01-29 03:46:16,378 [INFO] Sending command to the server: 'new,,45142cf4-0986-448c-945a-8391c055b18e'
client 2024-01-29 03:46:16,381 [INFO] Got response: 'OK 2024-01-29_03-46-16,6c1b898f-7818-407e-99da-e6636932d396'
client 2024-01-29 03:46:16,381 [INFO] Session id is '2024-01-29_03-46-16'
client 2024-01-29 03:46:16,381 [INFO] Sources: {"sources": {"__init__.py": "da39a3ee5e6b4b0d3255bfef95601890afd80709", "client.py": "33ca4f26368777ac06e01f9567b714a4b8063886", "lib/__init__.py": "da39a3ee5e6b4b0d3255bfef95601890afd80709", "lib/client.py": "ac2aa093c8e8bbc9569b9e2a3471bc64e58a2258", "lib/common.py": "611d8b29633d331eb19c9455ea3b5fa3284ed6df", "lib/external/__init__.py": "da39a3ee5e6b4b0d3255bfef95601890afd80709", "lib/external/ntplib.py": "4da8f970656505a40483206ef2b5d3dd5e81711d", "lib/server.py": "99303c836c683aa9017ec565104e636161d02acb", "lib/source_hashes.py": "60a2e02193209e8d392803326208d5466342da18", "lib/summary.py": "aa92f0a3f975eecd44d3c0cd0236342ccc9f941d", "lib/time_sync.py": "80894ef2389e540781ff78de94db16aa4203a14e", "server.py": "c3f90f2f7eeb4db30727556d0c815ebc89b3d28b", "tests/unit/__init__.py": "da39a3ee5e6b4b0d3255bfef95601890afd80709", "tests/unit/test_server.py": "948c1995d4008bc2aa6c4046a34ffa3858d6d671", "tests/unit/test_source_hashes.py": "00468a2907583c593e6574a1f6b404e4651c221a"}, "modules": {"ptd_client_server.lib.client": "lib/client.py", "ptd_client_server.lib.common": "lib/common.py", "ptd_client_server.lib.external.ntplib": "lib/external/ntplib.py", "ptd_client_server.lib.source_hashes": "lib/source_hashes.py", "ptd_client_server.lib.summary": "lib/summary.py", "ptd_client_server.lib.time_sync": "lib/time_sync.py"}}
client 2024-01-29 03:46:16,381 [INFO] Running workload in ranging mode
client 2024-01-29 03:46:16,381 [INFO] Synchronizing with the server and with time.google.com...
client 2024-01-29 03:46:16,402 [INFO] NTP:offset = -0.003 s, delay = 0.020 s 
client 2024-01-29 03:46:16,402 [INFO] Sending command to the server: 'time'
client 2024-01-29 03:46:16,405 [INFO] Got response: '1706499976.4056795'
client 2024-01-29 03:46:16,405 [INFO] The time difference between the client and the server is within range -2.912 ms..-0.130 ms
client 2024-01-29 03:46:16,405 [INFO] Sending command to the server: 'session,2024-01-29_03-46-16,start,ranging'
client 2024-01-29 03:46:44,485 [INFO] Got response: 'OK'
client 2024-01-29 03:46:44,486 [INFO] Sending command to the server: 'time'
client 2024-01-29 03:46:44,489 [INFO] Got response: '1706500004.48993'
client 2024-01-29 03:46:44,489 [INFO] The time difference between the client and the server is within range -3.194 ms..-0.023 ms
client 2024-01-29 03:46:44,490 [INFO] Running the workload 'CM_MLPERF_RUN_COUNT=$(cat ${CM_RUN_DIR}/count.txt); echo ${CM_MLPERF_RUN_COUNT}; CM_MLPERF_RUN_COUNT=$((CM_MLPERF_RUN_COUNT+1)); echo ${CM_MLPERF_RUN_COUNT} > ${CM_RUN_DIR}/count.txt && if [ ${CM_MLPERF_RUN_COUNT} -eq "1" ]; then export CM_MLPERF_USER_CONF=${CM_MLPERF_RANGING_USER_CONF}; else export CM_MLPERF_USER_CONF=${CM_MLPERF_TESTING_USER_CONF}; fi && /mnt/CM/repos/ctuning@mlcommons-ck/cm-mlops/script/benchmark-any-mlperf-inference-implementation/run.out'
client 2024-01-29 03:51:46,944 [INFO] Sending command to the server: 'time'
client 2024-01-29 03:51:46,948 [INFO] Got response: '1706500306.9480236'
client 2024-01-29 03:51:46,949 [INFO] The time difference between the client and the server is within range -3.475 ms..0.994 ms
client 2024-01-29 03:51:46,949 [INFO] Sending command to the server: 'session,2024-01-29_03-46-16,stop,ranging'
client 2024-01-29 03:51:57,568 [INFO] Got response: 'OK'
client 2024-01-29 03:51:57,568 [INFO] Sending command to the server: 'time'
client 2024-01-29 03:51:57,572 [INFO] Got response: '1706500317.5712478'
client 2024-01-29 03:51:57,572 [INFO] The time difference between the client and the server is within range -2.515 ms..1.177 ms
client 2024-01-29 03:51:57,589 [INFO] Copying loadgen logs from '/home/arjun/results_dir/valid_results/orin-tflite_cpp-cpu-tflite-vmaster-default_config/mobilenet-v1-precision_uint8-0.5-128/singlestream/performance/run_1' to '/home/arjun/results_dir/valid_results/orin-tflite_cpp-cpu-tflite-vmaster-default_config/mobilenet-v1-precision_uint8-0.5-128/singlestream/performance/tmp_power/ranging'
client 2024-01-29 03:51:57,591 [INFO] Running workload in testing mode
client 2024-01-29 03:51:57,592 [INFO] Synchronizing with the server and with time.google.com...
client 2024-01-29 03:51:57,618 [INFO] NTP:offset = -0.004 s, delay = 0.021 s 
client 2024-01-29 03:51:57,618 [INFO] Sending command to the server: 'time'
client 2024-01-29 03:51:57,622 [INFO] Got response: '1706500317.6214943'
client 2024-01-29 03:51:57,622 [INFO] The time difference between the client and the server is within range -3.103 ms..0.859 ms
client 2024-01-29 03:51:57,622 [INFO] Sending command to the server: 'session,2024-01-29_03-46-16,start,testing'
client 2024-01-29 03:52:10,634 [INFO] Got response: 'OK'
client 2024-01-29 03:52:10,635 [INFO] Sending command to the server: 'time'
client 2024-01-29 03:52:10,640 [INFO] Got response: '1706500330.6385412'
client 2024-01-29 03:52:10,640 [INFO] The time difference between the client and the server is within range -2.717 ms..2.128 ms
client 2024-01-29 03:52:10,641 [INFO] Running the workload 'CM_MLPERF_RUN_COUNT=$(cat ${CM_RUN_DIR}/count.txt); echo ${CM_MLPERF_RUN_COUNT}; CM_MLPERF_RUN_COUNT=$((CM_MLPERF_RUN_COUNT+1)); echo ${CM_MLPERF_RUN_COUNT} > ${CM_RUN_DIR}/count.txt && if [ ${CM_MLPERF_RUN_COUNT} -eq "1" ]; then export CM_MLPERF_USER_CONF=${CM_MLPERF_RANGING_USER_CONF}; else export CM_MLPERF_USER_CONF=${CM_MLPERF_TESTING_USER_CONF}; fi && /mnt/CM/repos/ctuning@mlcommons-ck/cm-mlops/script/benchmark-any-mlperf-inference-implementation/run.out'
client 2024-01-29 04:02:14,983 [INFO] Sending command to the server: 'time'
client 2024-01-29 04:02:15,003 [INFO] Got response: '1706500935.00064'
client 2024-01-29 04:02:15,003 [INFO] The time difference between the client and the server is within range -17.241 ms..2.785 ms
client 2024-01-29 04:02:15,003 [INFO] Sending command to the server: 'session,2024-01-29_03-46-16,stop,testing'
client 2024-01-29 04:02:25,684 [INFO] Got response: 'OK'
client 2024-01-29 04:02:25,685 [INFO] Sending command to the server: 'time'
client 2024-01-29 04:02:25,687 [INFO] Got response: '1706500945.6857607'
client 2024-01-29 04:02:25,688 [INFO] The time difference between the client and the server is within range -0.510 ms..2.454 ms
client 2024-01-29 04:02:25,693 [INFO] Copying loadgen logs from '/home/arjun/results_dir/valid_results/orin-tflite_cpp-cpu-tflite-vmaster-default_config/mobilenet-v1-precision_uint8-0.5-128/singlestream/performance/run_1' to '/home/arjun/results_dir/valid_results/orin-tflite_cpp-cpu-tflite-vmaster-default_config/mobilenet-v1-precision_uint8-0.5-128/singlestream/performance/tmp_power/run_1'
client 2024-01-29 04:02:25,695 [INFO] Done runs
