client 2024-02-04 10:57:55,543 [INFO] Creating output directory '/home/arjun/results_dir/valid_results/orin-tflite_armnn_cpp-cpu-armnn_tflite-v23.11-using_neon_with_live_preprocessing/mobilenet-v2-precision_float-1.0-128/singlestream/performance/tmp_power'
client 2024-02-04 10:57:55,547 [INFO] Sending command to the server: 'mlcommons/power client v3'
client 2024-02-04 10:57:55,550 [INFO] Got response: 'mlcommons/power server v3'
client 2024-02-04 10:57:55,550 [INFO] Synchronizing with the server and with time.google.com...
client 2024-02-04 10:57:55,577 [INFO] NTP:offset = -0.002 s, delay = 0.021 s 
client 2024-02-04 10:57:55,578 [INFO] Sending command to the server: 'time'
client 2024-02-04 10:57:55,581 [INFO] Got response: '1707044275.577469'
client 2024-02-04 10:57:55,581 [INFO] The time difference between the client and the server is within range 0.700 ms..4.456 ms
client 2024-02-04 10:57:55,582 [INFO] Sending command to the server: 'new,,ed2aff00-e634-49af-9380-ab076077ddfc'
client 2024-02-04 10:57:55,584 [INFO] Got response: 'OK 2024-02-04_10-57-55,29b01dff-d28d-406c-afa2-43df4999f24b'
client 2024-02-04 10:57:55,584 [INFO] Session id is '2024-02-04_10-57-55'
client 2024-02-04 10:57:55,584 [INFO] Sources: {"sources": {"__init__.py": "da39a3ee5e6b4b0d3255bfef95601890afd80709", "client.py": "33ca4f26368777ac06e01f9567b714a4b8063886", "lib/__init__.py": "da39a3ee5e6b4b0d3255bfef95601890afd80709", "lib/client.py": "ac2aa093c8e8bbc9569b9e2a3471bc64e58a2258", "lib/common.py": "611d8b29633d331eb19c9455ea3b5fa3284ed6df", "lib/external/__init__.py": "da39a3ee5e6b4b0d3255bfef95601890afd80709", "lib/external/ntplib.py": "4da8f970656505a40483206ef2b5d3dd5e81711d", "lib/server.py": "99303c836c683aa9017ec565104e636161d02acb", "lib/source_hashes.py": "60a2e02193209e8d392803326208d5466342da18", "lib/summary.py": "aa92f0a3f975eecd44d3c0cd0236342ccc9f941d", "lib/time_sync.py": "80894ef2389e540781ff78de94db16aa4203a14e", "server.py": "c3f90f2f7eeb4db30727556d0c815ebc89b3d28b", "tests/unit/__init__.py": "da39a3ee5e6b4b0d3255bfef95601890afd80709", "tests/unit/test_server.py": "948c1995d4008bc2aa6c4046a34ffa3858d6d671", "tests/unit/test_source_hashes.py": "00468a2907583c593e6574a1f6b404e4651c221a"}, "modules": {"ptd_client_server.lib.client": "lib/client.py", "ptd_client_server.lib.common": "lib/common.py", "ptd_client_server.lib.external.ntplib": "lib/external/ntplib.py", "ptd_client_server.lib.source_hashes": "lib/source_hashes.py", "ptd_client_server.lib.summary": "lib/summary.py", "ptd_client_server.lib.time_sync": "lib/time_sync.py"}}
client 2024-02-04 10:57:55,585 [INFO] Running workload in ranging mode
client 2024-02-04 10:57:55,585 [INFO] Synchronizing with the server and with time.google.com...
client 2024-02-04 10:57:55,611 [INFO] NTP:offset = -0.005 s, delay = 0.025 s 
client 2024-02-04 10:57:55,611 [INFO] Sending command to the server: 'time'
client 2024-02-04 10:57:55,614 [INFO] Got response: '1707044275.6105895'
client 2024-02-04 10:57:55,614 [INFO] The time difference between the client and the server is within range 1.300 ms..4.084 ms
client 2024-02-04 10:57:55,614 [INFO] Sending command to the server: 'session,2024-02-04_10-57-55,start,ranging'
client 2024-02-04 10:58:23,709 [INFO] Got response: 'OK'
client 2024-02-04 10:58:23,712 [INFO] Sending command to the server: 'time'
client 2024-02-04 10:58:23,715 [INFO] Got response: '1707044303.7116768'
client 2024-02-04 10:58:23,716 [INFO] The time difference between the client and the server is within range 0.739 ms..4.485 ms
client 2024-02-04 10:58:23,716 [INFO] Running the workload 'CM_MLPERF_RUN_COUNT=$(cat ${CM_RUN_DIR}/count.txt); echo ${CM_MLPERF_RUN_COUNT}; CM_MLPERF_RUN_COUNT=$((CM_MLPERF_RUN_COUNT+1)); echo ${CM_MLPERF_RUN_COUNT} > ${CM_RUN_DIR}/count.txt && if [ ${CM_MLPERF_RUN_COUNT} -eq "1" ]; then export CM_MLPERF_USER_CONF=${CM_MLPERF_RANGING_USER_CONF}; else export CM_MLPERF_USER_CONF=${CM_MLPERF_TESTING_USER_CONF}; fi && /mnt/CM/repos/ctuning@mlcommons-ck/cm-mlops/script/get-lib-armnn/run.out'
client 2024-02-04 11:03:26,134 [INFO] Sending command to the server: 'time'
client 2024-02-04 11:03:26,210 [INFO] Got response: '1707044606.2052317'
client 2024-02-04 11:03:26,210 [INFO] The time difference between the client and the server is within range -70.459 ms..5.695 ms
client 2024-02-04 11:03:26,211 [INFO] Sending command to the server: 'session,2024-02-04_10-57-55,stop,ranging'
client 2024-02-04 11:03:36,813 [INFO] Got response: 'OK'
client 2024-02-04 11:03:36,815 [INFO] Sending command to the server: 'time'
client 2024-02-04 11:03:36,818 [INFO] Got response: '1707044616.8137672'
client 2024-02-04 11:03:36,819 [INFO] The time difference between the client and the server is within range 1.202 ms..5.310 ms
client 2024-02-04 11:03:36,836 [INFO] Copying loadgen logs from '/home/arjun/results_dir/valid_results/orin-tflite_armnn_cpp-cpu-armnn_tflite-v23.11-using_neon_with_live_preprocessing/mobilenet-v2-precision_float-1.0-128/singlestream/performance/run_1' to '/home/arjun/results_dir/valid_results/orin-tflite_armnn_cpp-cpu-armnn_tflite-v23.11-using_neon_with_live_preprocessing/mobilenet-v2-precision_float-1.0-128/singlestream/performance/tmp_power/ranging'
client 2024-02-04 11:03:36,838 [INFO] Running workload in testing mode
client 2024-02-04 11:03:36,839 [INFO] Synchronizing with the server and with time.google.com...
client 2024-02-04 11:03:36,866 [INFO] NTP:offset = -0.002 s, delay = 0.021 s 
client 2024-02-04 11:03:36,867 [INFO] Sending command to the server: 'time'
client 2024-02-04 11:03:36,870 [INFO] Got response: '1707044616.865893'
client 2024-02-04 11:03:36,870 [INFO] The time difference between the client and the server is within range 1.142 ms..4.896 ms
client 2024-02-04 11:03:36,871 [INFO] Sending command to the server: 'session,2024-02-04_10-57-55,start,testing'
client 2024-02-04 11:03:49,893 [INFO] Got response: 'OK'
client 2024-02-04 11:03:49,894 [INFO] Sending command to the server: 'time'
client 2024-02-04 11:03:49,899 [INFO] Got response: '1707044629.8927853'
client 2024-02-04 11:03:49,900 [INFO] The time difference between the client and the server is within range 1.440 ms..7.190 ms
client 2024-02-04 11:03:49,900 [INFO] Running the workload 'CM_MLPERF_RUN_COUNT=$(cat ${CM_RUN_DIR}/count.txt); echo ${CM_MLPERF_RUN_COUNT}; CM_MLPERF_RUN_COUNT=$((CM_MLPERF_RUN_COUNT+1)); echo ${CM_MLPERF_RUN_COUNT} > ${CM_RUN_DIR}/count.txt && if [ ${CM_MLPERF_RUN_COUNT} -eq "1" ]; then export CM_MLPERF_USER_CONF=${CM_MLPERF_RANGING_USER_CONF}; else export CM_MLPERF_USER_CONF=${CM_MLPERF_TESTING_USER_CONF}; fi && /mnt/CM/repos/ctuning@mlcommons-ck/cm-mlops/script/get-lib-armnn/run.out'
client 2024-02-04 11:13:54,550 [INFO] Sending command to the server: 'time'
client 2024-02-04 11:13:54,591 [INFO] Got response: '1707045234.5860727'
client 2024-02-04 11:13:54,591 [INFO] The time difference between the client and the server is within range -36.142 ms..5.758 ms
client 2024-02-04 11:13:54,592 [INFO] Sending command to the server: 'session,2024-02-04_10-57-55,stop,testing'
client 2024-02-04 11:14:04,950 [INFO] Got response: 'OK'
client 2024-02-04 11:14:04,951 [INFO] Sending command to the server: 'time'
client 2024-02-04 11:14:04,954 [INFO] Got response: '1707045244.9499462'
client 2024-02-04 11:14:04,955 [INFO] The time difference between the client and the server is within range 1.232 ms..5.326 ms
client 2024-02-04 11:14:04,960 [INFO] Copying loadgen logs from '/home/arjun/results_dir/valid_results/orin-tflite_armnn_cpp-cpu-armnn_tflite-v23.11-using_neon_with_live_preprocessing/mobilenet-v2-precision_float-1.0-128/singlestream/performance/run_1' to '/home/arjun/results_dir/valid_results/orin-tflite_armnn_cpp-cpu-armnn_tflite-v23.11-using_neon_with_live_preprocessing/mobilenet-v2-precision_float-1.0-128/singlestream/performance/tmp_power/run_1'
client 2024-02-04 11:14:04,973 [INFO] Done runs
