client 2024-01-29 14:31:52,111 [INFO] Creating output directory '/home/arjun/results_dir/valid_results/orin-tflite_cpp-cpu-tflite-vmaster-default_config/mobilenet-v2-precision_float-0.35-128/singlestream/performance/tmp_power'
client 2024-01-29 14:31:52,159 [INFO] Sending command to the server: 'mlcommons/power client v3'
client 2024-01-29 14:31:52,163 [INFO] Got response: 'mlcommons/power server v3'
client 2024-01-29 14:31:52,163 [INFO] Synchronizing with the server and with time.google.com...
client 2024-01-29 14:31:52,190 [INFO] NTP:offset = -0.005 s, delay = 0.022 s 
client 2024-01-29 14:31:52,190 [INFO] Sending command to the server: 'time'
client 2024-01-29 14:31:52,194 [INFO] Got response: '1706538712.1907165'
client 2024-01-29 14:31:52,195 [INFO] The time difference between the client and the server is within range -0.022 ms..4.261 ms
client 2024-01-29 14:31:52,195 [INFO] Sending command to the server: 'new,,16211981-1367-4280-8094-952a0d5f592d'
client 2024-01-29 14:31:52,199 [INFO] Got response: 'OK 2024-01-29_14-31-52,55c233d8-53e3-4ddc-854d-1d35b5cafeec'
client 2024-01-29 14:31:52,199 [INFO] Session id is '2024-01-29_14-31-52'
client 2024-01-29 14:31:52,200 [INFO] Sources: {"sources": {"__init__.py": "da39a3ee5e6b4b0d3255bfef95601890afd80709", "client.py": "33ca4f26368777ac06e01f9567b714a4b8063886", "lib/__init__.py": "da39a3ee5e6b4b0d3255bfef95601890afd80709", "lib/client.py": "ac2aa093c8e8bbc9569b9e2a3471bc64e58a2258", "lib/common.py": "611d8b29633d331eb19c9455ea3b5fa3284ed6df", "lib/external/__init__.py": "da39a3ee5e6b4b0d3255bfef95601890afd80709", "lib/external/ntplib.py": "4da8f970656505a40483206ef2b5d3dd5e81711d", "lib/server.py": "99303c836c683aa9017ec565104e636161d02acb", "lib/source_hashes.py": "60a2e02193209e8d392803326208d5466342da18", "lib/summary.py": "aa92f0a3f975eecd44d3c0cd0236342ccc9f941d", "lib/time_sync.py": "80894ef2389e540781ff78de94db16aa4203a14e", "server.py": "c3f90f2f7eeb4db30727556d0c815ebc89b3d28b", "tests/unit/__init__.py": "da39a3ee5e6b4b0d3255bfef95601890afd80709", "tests/unit/test_server.py": "948c1995d4008bc2aa6c4046a34ffa3858d6d671", "tests/unit/test_source_hashes.py": "00468a2907583c593e6574a1f6b404e4651c221a"}, "modules": {"ptd_client_server.lib.client": "lib/client.py", "ptd_client_server.lib.common": "lib/common.py", "ptd_client_server.lib.external.ntplib": "lib/external/ntplib.py", "ptd_client_server.lib.source_hashes": "lib/source_hashes.py", "ptd_client_server.lib.summary": "lib/summary.py", "ptd_client_server.lib.time_sync": "lib/time_sync.py"}}
client 2024-01-29 14:31:52,200 [INFO] Running workload in ranging mode
client 2024-01-29 14:31:52,200 [INFO] Synchronizing with the server and with time.google.com...
client 2024-01-29 14:31:52,220 [INFO] NTP:offset = -0.005 s, delay = 0.019 s 
client 2024-01-29 14:31:52,220 [INFO] Sending command to the server: 'time'
client 2024-01-29 14:31:52,224 [INFO] Got response: '1706538712.220429'
client 2024-01-29 14:31:52,224 [INFO] The time difference between the client and the server is within range 0.474 ms..4.003 ms
client 2024-01-29 14:31:52,224 [INFO] Sending command to the server: 'session,2024-01-29_14-31-52,start,ranging'
client 2024-01-29 14:32:20,314 [INFO] Got response: 'OK'
client 2024-01-29 14:32:20,317 [INFO] Sending command to the server: 'time'
client 2024-01-29 14:32:20,321 [INFO] Got response: '1706538740.3175433'
client 2024-01-29 14:32:20,321 [INFO] The time difference between the client and the server is within range -0.167 ms..4.240 ms
client 2024-01-29 14:32:20,322 [INFO] Running the workload 'CM_MLPERF_RUN_COUNT=$(cat ${CM_RUN_DIR}/count.txt); echo ${CM_MLPERF_RUN_COUNT}; CM_MLPERF_RUN_COUNT=$((CM_MLPERF_RUN_COUNT+1)); echo ${CM_MLPERF_RUN_COUNT} > ${CM_RUN_DIR}/count.txt && if [ ${CM_MLPERF_RUN_COUNT} -eq "1" ]; then export CM_MLPERF_USER_CONF=${CM_MLPERF_RANGING_USER_CONF}; else export CM_MLPERF_USER_CONF=${CM_MLPERF_TESTING_USER_CONF}; fi && /mnt/CM/repos/ctuning@mlcommons-ck/cm-mlops/script/benchmark-any-mlperf-inference-implementation/run.out'
client 2024-01-29 14:37:22,964 [INFO] Sending command to the server: 'time'
client 2024-01-29 14:37:22,968 [INFO] Got response: '1706539042.964625'
client 2024-01-29 14:37:22,969 [INFO] The time difference between the client and the server is within range 0.047 ms..4.468 ms
client 2024-01-29 14:37:22,969 [INFO] Sending command to the server: 'session,2024-01-29_14-31-52,stop,ranging'
client 2024-01-29 14:37:33,421 [INFO] Got response: 'OK'
client 2024-01-29 14:37:33,421 [INFO] Sending command to the server: 'time'
client 2024-01-29 14:37:33,424 [INFO] Got response: '1706539053.42071'
client 2024-01-29 14:37:33,425 [INFO] The time difference between the client and the server is within range 0.981 ms..4.244 ms
client 2024-01-29 14:37:33,442 [INFO] Copying loadgen logs from '/home/arjun/results_dir/valid_results/orin-tflite_cpp-cpu-tflite-vmaster-default_config/mobilenet-v2-precision_float-0.35-128/singlestream/performance/run_1' to '/home/arjun/results_dir/valid_results/orin-tflite_cpp-cpu-tflite-vmaster-default_config/mobilenet-v2-precision_float-0.35-128/singlestream/performance/tmp_power/ranging'
client 2024-01-29 14:37:33,445 [INFO] Running workload in testing mode
client 2024-01-29 14:37:33,445 [INFO] Synchronizing with the server and with time.google.com...
client 2024-01-29 14:37:33,472 [INFO] NTP:offset = -0.005 s, delay = 0.021 s 
client 2024-01-29 14:37:33,472 [INFO] Sending command to the server: 'time'
client 2024-01-29 14:37:33,476 [INFO] Got response: '1706539053.471832'
client 2024-01-29 14:37:33,476 [INFO] The time difference between the client and the server is within range 0.837 ms..4.493 ms
client 2024-01-29 14:37:33,476 [INFO] Sending command to the server: 'session,2024-01-29_14-31-52,start,testing'
client 2024-01-29 14:37:46,495 [INFO] Got response: 'OK'
client 2024-01-29 14:37:46,496 [INFO] Sending command to the server: 'time'
client 2024-01-29 14:37:46,498 [INFO] Got response: '1706539066.495305'
client 2024-01-29 14:37:46,499 [INFO] The time difference between the client and the server is within range 0.986 ms..3.860 ms
client 2024-01-29 14:37:46,499 [INFO] Running the workload 'CM_MLPERF_RUN_COUNT=$(cat ${CM_RUN_DIR}/count.txt); echo ${CM_MLPERF_RUN_COUNT}; CM_MLPERF_RUN_COUNT=$((CM_MLPERF_RUN_COUNT+1)); echo ${CM_MLPERF_RUN_COUNT} > ${CM_RUN_DIR}/count.txt && if [ ${CM_MLPERF_RUN_COUNT} -eq "1" ]; then export CM_MLPERF_USER_CONF=${CM_MLPERF_RANGING_USER_CONF}; else export CM_MLPERF_USER_CONF=${CM_MLPERF_TESTING_USER_CONF}; fi && /mnt/CM/repos/ctuning@mlcommons-ck/cm-mlops/script/benchmark-any-mlperf-inference-implementation/run.out'
client 2024-01-29 14:47:50,864 [INFO] Sending command to the server: 'time'
client 2024-01-29 14:47:50,869 [INFO] Got response: '1706539670.863626'
client 2024-01-29 14:47:50,869 [INFO] The time difference between the client and the server is within range 0.374 ms..6.065 ms
client 2024-01-29 14:47:50,869 [INFO] Sending command to the server: 'session,2024-01-29_14-31-52,stop,testing'
client 2024-01-29 14:48:01,559 [INFO] Got response: 'OK'
client 2024-01-29 14:48:01,560 [INFO] Sending command to the server: 'time'
client 2024-01-29 14:48:01,563 [INFO] Got response: '1706539681.5592363'
client 2024-01-29 14:48:01,563 [INFO] The time difference between the client and the server is within range 1.161 ms..4.597 ms
client 2024-01-29 14:48:01,568 [INFO] Copying loadgen logs from '/home/arjun/results_dir/valid_results/orin-tflite_cpp-cpu-tflite-vmaster-default_config/mobilenet-v2-precision_float-0.35-128/singlestream/performance/run_1' to '/home/arjun/results_dir/valid_results/orin-tflite_cpp-cpu-tflite-vmaster-default_config/mobilenet-v2-precision_float-0.35-128/singlestream/performance/tmp_power/run_1'
client 2024-01-29 14:48:01,571 [INFO] Done runs
