client 2024-02-04 19:15:16,031 [INFO] Creating output directory '/home/arjun/results_dir/valid_results/orin-tflite_armnn_cpp-cpu-armnn_tflite-v23.11-using_neon_with_live_preprocessing/mobilenet-v3-precision_float-small-224/singlestream/performance/tmp_power'
client 2024-02-04 19:15:16,035 [INFO] Sending command to the server: 'mlcommons/power client v3'
client 2024-02-04 19:15:16,040 [INFO] Got response: 'mlcommons/power server v3'
client 2024-02-04 19:15:16,040 [INFO] Synchronizing with the server and with time.google.com...
client 2024-02-04 19:15:16,099 [INFO] NTP:offset = 0.001 s, delay = 0.053 s 
client 2024-02-04 19:15:16,100 [INFO] Sending command to the server: 'time'
client 2024-02-04 19:15:16,103 [INFO] Got response: '1707074116.1012146'
client 2024-02-04 19:15:16,103 [INFO] The time difference between the client and the server is within range -0.954 ms..2.582 ms
client 2024-02-04 19:15:16,104 [INFO] Sending command to the server: 'new,,d998a9ea-f761-4be6-afb6-b57c95156b0c'
client 2024-02-04 19:15:16,107 [INFO] Got response: 'OK 2024-02-04_19-15-16,9556102a-feec-40ef-9eed-0935cc69e64d'
client 2024-02-04 19:15:16,107 [INFO] Session id is '2024-02-04_19-15-16'
client 2024-02-04 19:15:16,107 [INFO] Sources: {"sources": {"__init__.py": "da39a3ee5e6b4b0d3255bfef95601890afd80709", "client.py": "33ca4f26368777ac06e01f9567b714a4b8063886", "lib/__init__.py": "da39a3ee5e6b4b0d3255bfef95601890afd80709", "lib/client.py": "ac2aa093c8e8bbc9569b9e2a3471bc64e58a2258", "lib/common.py": "611d8b29633d331eb19c9455ea3b5fa3284ed6df", "lib/external/__init__.py": "da39a3ee5e6b4b0d3255bfef95601890afd80709", "lib/external/ntplib.py": "4da8f970656505a40483206ef2b5d3dd5e81711d", "lib/server.py": "99303c836c683aa9017ec565104e636161d02acb", "lib/source_hashes.py": "60a2e02193209e8d392803326208d5466342da18", "lib/summary.py": "aa92f0a3f975eecd44d3c0cd0236342ccc9f941d", "lib/time_sync.py": "80894ef2389e540781ff78de94db16aa4203a14e", "server.py": "c3f90f2f7eeb4db30727556d0c815ebc89b3d28b", "tests/unit/__init__.py": "da39a3ee5e6b4b0d3255bfef95601890afd80709", "tests/unit/test_server.py": "948c1995d4008bc2aa6c4046a34ffa3858d6d671", "tests/unit/test_source_hashes.py": "00468a2907583c593e6574a1f6b404e4651c221a"}, "modules": {"ptd_client_server.lib.client": "lib/client.py", "ptd_client_server.lib.common": "lib/common.py", "ptd_client_server.lib.external.ntplib": "lib/external/ntplib.py", "ptd_client_server.lib.source_hashes": "lib/source_hashes.py", "ptd_client_server.lib.summary": "lib/summary.py", "ptd_client_server.lib.time_sync": "lib/time_sync.py"}}
client 2024-02-04 19:15:16,108 [INFO] Running workload in ranging mode
client 2024-02-04 19:15:16,108 [INFO] Synchronizing with the server and with time.google.com...
client 2024-02-04 19:15:16,129 [INFO] NTP:offset = -0.001 s, delay = 0.019 s 
client 2024-02-04 19:15:16,129 [INFO] Sending command to the server: 'time'
client 2024-02-04 19:15:16,133 [INFO] Got response: '1707074116.13085'
client 2024-02-04 19:15:16,133 [INFO] The time difference between the client and the server is within range -1.055 ms..2.621 ms
client 2024-02-04 19:15:16,133 [INFO] Sending command to the server: 'session,2024-02-04_19-15-16,start,ranging'
client 2024-02-04 19:15:44,220 [INFO] Got response: 'OK'
client 2024-02-04 19:15:44,222 [INFO] Sending command to the server: 'time'
client 2024-02-04 19:15:44,226 [INFO] Got response: '1707074144.2242188'
client 2024-02-04 19:15:44,226 [INFO] The time difference between the client and the server is within range -1.312 ms..2.433 ms
client 2024-02-04 19:15:44,226 [INFO] Running the workload 'CM_MLPERF_RUN_COUNT=$(cat ${CM_RUN_DIR}/count.txt); echo ${CM_MLPERF_RUN_COUNT}; CM_MLPERF_RUN_COUNT=$((CM_MLPERF_RUN_COUNT+1)); echo ${CM_MLPERF_RUN_COUNT} > ${CM_RUN_DIR}/count.txt && if [ ${CM_MLPERF_RUN_COUNT} -eq "1" ]; then export CM_MLPERF_USER_CONF=${CM_MLPERF_RANGING_USER_CONF}; else export CM_MLPERF_USER_CONF=${CM_MLPERF_TESTING_USER_CONF}; fi && /mnt/CM/repos/ctuning@mlcommons-ck/cm-mlops/script/get-lib-armnn/run.out'
client 2024-02-04 19:20:46,693 [INFO] Sending command to the server: 'time'
client 2024-02-04 19:20:46,697 [INFO] Got response: '1707074446.6957572'
client 2024-02-04 19:20:46,697 [INFO] The time difference between the client and the server is within range -2.984 ms..1.976 ms
client 2024-02-04 19:20:46,698 [INFO] Sending command to the server: 'session,2024-02-04_19-15-16,stop,ranging'
client 2024-02-04 19:20:57,322 [INFO] Got response: 'OK'
client 2024-02-04 19:20:57,322 [INFO] Sending command to the server: 'time'
client 2024-02-04 19:20:57,326 [INFO] Got response: '1707074457.324851'
client 2024-02-04 19:20:57,326 [INFO] The time difference between the client and the server is within range -1.902 ms..1.553 ms
client 2024-02-04 19:20:57,343 [INFO] Copying loadgen logs from '/home/arjun/results_dir/valid_results/orin-tflite_armnn_cpp-cpu-armnn_tflite-v23.11-using_neon_with_live_preprocessing/mobilenet-v3-precision_float-small-224/singlestream/performance/run_1' to '/home/arjun/results_dir/valid_results/orin-tflite_armnn_cpp-cpu-armnn_tflite-v23.11-using_neon_with_live_preprocessing/mobilenet-v3-precision_float-small-224/singlestream/performance/tmp_power/ranging'
client 2024-02-04 19:20:57,346 [INFO] Running workload in testing mode
client 2024-02-04 19:20:57,347 [INFO] Synchronizing with the server and with time.google.com...
client 2024-02-04 19:20:57,378 [INFO] NTP:offset = 0.001 s, delay = 0.026 s 
client 2024-02-04 19:20:57,378 [INFO] Sending command to the server: 'time'
client 2024-02-04 19:20:57,381 [INFO] Got response: '1707074457.3804927'
client 2024-02-04 19:20:57,382 [INFO] The time difference between the client and the server is within range -1.834 ms..1.611 ms
client 2024-02-04 19:20:57,382 [INFO] Sending command to the server: 'session,2024-02-04_19-15-16,start,testing'
client 2024-02-04 19:21:10,402 [INFO] Got response: 'OK'
client 2024-02-04 19:21:10,402 [INFO] Sending command to the server: 'time'
client 2024-02-04 19:21:10,405 [INFO] Got response: '1707074470.404651'
client 2024-02-04 19:21:10,406 [INFO] The time difference between the client and the server is within range -1.894 ms..1.429 ms
client 2024-02-04 19:21:10,406 [INFO] Running the workload 'CM_MLPERF_RUN_COUNT=$(cat ${CM_RUN_DIR}/count.txt); echo ${CM_MLPERF_RUN_COUNT}; CM_MLPERF_RUN_COUNT=$((CM_MLPERF_RUN_COUNT+1)); echo ${CM_MLPERF_RUN_COUNT} > ${CM_RUN_DIR}/count.txt && if [ ${CM_MLPERF_RUN_COUNT} -eq "1" ]; then export CM_MLPERF_USER_CONF=${CM_MLPERF_RANGING_USER_CONF}; else export CM_MLPERF_USER_CONF=${CM_MLPERF_TESTING_USER_CONF}; fi && /mnt/CM/repos/ctuning@mlcommons-ck/cm-mlops/script/get-lib-armnn/run.out'
client 2024-02-04 19:31:14,892 [INFO] Sending command to the server: 'time'
client 2024-02-04 19:31:14,896 [INFO] Got response: '1707075074.8954036'
client 2024-02-04 19:31:14,897 [INFO] The time difference between the client and the server is within range -3.332 ms..1.723 ms
client 2024-02-04 19:31:14,897 [INFO] Sending command to the server: 'session,2024-02-04_19-15-16,stop,testing'
client 2024-02-04 19:31:25,458 [INFO] Got response: 'OK'
client 2024-02-04 19:31:25,459 [INFO] Sending command to the server: 'time'
client 2024-02-04 19:31:25,462 [INFO] Got response: '1707075085.461609'
client 2024-02-04 19:31:25,463 [INFO] The time difference between the client and the server is within range -2.062 ms..1.675 ms
client 2024-02-04 19:31:25,468 [INFO] Copying loadgen logs from '/home/arjun/results_dir/valid_results/orin-tflite_armnn_cpp-cpu-armnn_tflite-v23.11-using_neon_with_live_preprocessing/mobilenet-v3-precision_float-small-224/singlestream/performance/run_1' to '/home/arjun/results_dir/valid_results/orin-tflite_armnn_cpp-cpu-armnn_tflite-v23.11-using_neon_with_live_preprocessing/mobilenet-v3-precision_float-small-224/singlestream/performance/tmp_power/run_1'
client 2024-02-04 19:31:25,470 [INFO] Done runs
