client 2024-02-04 12:20:48,711 [INFO] Creating output directory '/home/arjun/results_dir/valid_results/orin-tflite_armnn_cpp-cpu-armnn_tflite-v23.11-using_neon/mobilenet-v2-precision_uint8-0.75-192/singlestream/performance/tmp_power'
client 2024-02-04 12:20:48,715 [INFO] Sending command to the server: 'mlcommons/power client v3'
client 2024-02-04 12:20:48,719 [INFO] Got response: 'mlcommons/power server v3'
client 2024-02-04 12:20:48,719 [INFO] Synchronizing with the server and with time.google.com...
client 2024-02-04 12:20:48,751 [INFO] NTP:offset = 0.004 s, delay = 0.027 s 
client 2024-02-04 12:20:48,751 [INFO] Sending command to the server: 'time'
client 2024-02-04 12:20:48,754 [INFO] Got response: '1707049248.756803'
client 2024-02-04 12:20:48,754 [INFO] The time difference between the client and the server is within range -5.060 ms..-2.011 ms
client 2024-02-04 12:20:48,754 [INFO] Sending command to the server: 'new,,7d5bf14a-6a5e-4eae-a117-9d9acf825dca'
client 2024-02-04 12:20:48,757 [INFO] Got response: 'OK 2024-02-04_12-20-48,d4a7a1ec-daef-41e6-8006-f5a758bf886a'
client 2024-02-04 12:20:48,757 [INFO] Session id is '2024-02-04_12-20-48'
client 2024-02-04 12:20:48,757 [INFO] Sources: {"sources": {"__init__.py": "da39a3ee5e6b4b0d3255bfef95601890afd80709", "client.py": "33ca4f26368777ac06e01f9567b714a4b8063886", "lib/__init__.py": "da39a3ee5e6b4b0d3255bfef95601890afd80709", "lib/client.py": "ac2aa093c8e8bbc9569b9e2a3471bc64e58a2258", "lib/common.py": "611d8b29633d331eb19c9455ea3b5fa3284ed6df", "lib/external/__init__.py": "da39a3ee5e6b4b0d3255bfef95601890afd80709", "lib/external/ntplib.py": "4da8f970656505a40483206ef2b5d3dd5e81711d", "lib/server.py": "99303c836c683aa9017ec565104e636161d02acb", "lib/source_hashes.py": "60a2e02193209e8d392803326208d5466342da18", "lib/summary.py": "aa92f0a3f975eecd44d3c0cd0236342ccc9f941d", "lib/time_sync.py": "80894ef2389e540781ff78de94db16aa4203a14e", "server.py": "c3f90f2f7eeb4db30727556d0c815ebc89b3d28b", "tests/unit/__init__.py": "da39a3ee5e6b4b0d3255bfef95601890afd80709", "tests/unit/test_server.py": "948c1995d4008bc2aa6c4046a34ffa3858d6d671", "tests/unit/test_source_hashes.py": "00468a2907583c593e6574a1f6b404e4651c221a"}, "modules": {"ptd_client_server.lib.client": "lib/client.py", "ptd_client_server.lib.common": "lib/common.py", "ptd_client_server.lib.external.ntplib": "lib/external/ntplib.py", "ptd_client_server.lib.source_hashes": "lib/source_hashes.py", "ptd_client_server.lib.summary": "lib/summary.py", "ptd_client_server.lib.time_sync": "lib/time_sync.py"}}
client 2024-02-04 12:20:48,757 [INFO] Running workload in ranging mode
client 2024-02-04 12:20:48,758 [INFO] Synchronizing with the server and with time.google.com...
client 2024-02-04 12:20:48,780 [INFO] NTP:offset = 0.002 s, delay = 0.021 s 
client 2024-02-04 12:20:48,780 [INFO] Sending command to the server: 'time'
client 2024-02-04 12:20:48,783 [INFO] Got response: '1707049248.78554'
client 2024-02-04 12:20:48,783 [INFO] The time difference between the client and the server is within range -4.966 ms..-2.411 ms
client 2024-02-04 12:20:48,783 [INFO] Sending command to the server: 'session,2024-02-04_12-20-48,start,ranging'
client 2024-02-04 12:21:16,874 [INFO] Got response: 'OK'
client 2024-02-04 12:21:16,877 [INFO] Sending command to the server: 'time'
client 2024-02-04 12:21:16,881 [INFO] Got response: '1707049276.8835623'
client 2024-02-04 12:21:16,881 [INFO] The time difference between the client and the server is within range -5.829 ms..-1.979 ms
client 2024-02-04 12:21:16,881 [INFO] Running the workload 'CM_MLPERF_RUN_COUNT=$(cat ${CM_RUN_DIR}/count.txt); echo ${CM_MLPERF_RUN_COUNT}; CM_MLPERF_RUN_COUNT=$((CM_MLPERF_RUN_COUNT+1)); echo ${CM_MLPERF_RUN_COUNT} > ${CM_RUN_DIR}/count.txt && if [ ${CM_MLPERF_RUN_COUNT} -eq "1" ]; then export CM_MLPERF_USER_CONF=${CM_MLPERF_RANGING_USER_CONF}; else export CM_MLPERF_USER_CONF=${CM_MLPERF_TESTING_USER_CONF}; fi && /mnt/CM/repos/ctuning@mlcommons-ck/cm-mlops/script/get-lib-armnn/run.out'
client 2024-02-04 12:26:19,205 [INFO] Sending command to the server: 'time'
client 2024-02-04 12:26:19,261 [INFO] Got response: '1707049579.2631977'
client 2024-02-04 12:26:19,261 [INFO] The time difference between the client and the server is within range -57.903 ms..-1.579 ms
client 2024-02-04 12:26:19,262 [INFO] Sending command to the server: 'session,2024-02-04_12-20-48,stop,ranging'
client 2024-02-04 12:26:29,976 [INFO] Got response: 'OK'
client 2024-02-04 12:26:29,977 [INFO] Sending command to the server: 'time'
client 2024-02-04 12:26:29,981 [INFO] Got response: '1707049589.9840991'
client 2024-02-04 12:26:29,982 [INFO] The time difference between the client and the server is within range -6.535 ms..-2.177 ms
client 2024-02-04 12:26:29,998 [INFO] Copying loadgen logs from '/home/arjun/results_dir/valid_results/orin-tflite_armnn_cpp-cpu-armnn_tflite-v23.11-using_neon/mobilenet-v2-precision_uint8-0.75-192/singlestream/performance/run_1' to '/home/arjun/results_dir/valid_results/orin-tflite_armnn_cpp-cpu-armnn_tflite-v23.11-using_neon/mobilenet-v2-precision_uint8-0.75-192/singlestream/performance/tmp_power/ranging'
client 2024-02-04 12:26:30,001 [INFO] Running workload in testing mode
client 2024-02-04 12:26:30,001 [INFO] Synchronizing with the server and with time.google.com...
client 2024-02-04 12:26:30,028 [INFO] NTP:offset = 0.003 s, delay = 0.022 s 
client 2024-02-04 12:26:30,028 [INFO] Sending command to the server: 'time'
client 2024-02-04 12:26:30,031 [INFO] Got response: '1707049590.035301'
client 2024-02-04 12:26:30,031 [INFO] The time difference between the client and the server is within range -6.459 ms..-3.435 ms
client 2024-02-04 12:26:30,032 [INFO] Sending command to the server: 'session,2024-02-04_12-20-48,start,testing'
client 2024-02-04 12:26:43,054 [INFO] Got response: 'OK'
client 2024-02-04 12:26:43,055 [INFO] Sending command to the server: 'time'
client 2024-02-04 12:26:43,059 [INFO] Got response: '1707049603.0620394'
client 2024-02-04 12:26:43,059 [INFO] The time difference between the client and the server is within range -6.217 ms..-2.189 ms
client 2024-02-04 12:26:43,060 [INFO] Running the workload 'CM_MLPERF_RUN_COUNT=$(cat ${CM_RUN_DIR}/count.txt); echo ${CM_MLPERF_RUN_COUNT}; CM_MLPERF_RUN_COUNT=$((CM_MLPERF_RUN_COUNT+1)); echo ${CM_MLPERF_RUN_COUNT} > ${CM_RUN_DIR}/count.txt && if [ ${CM_MLPERF_RUN_COUNT} -eq "1" ]; then export CM_MLPERF_USER_CONF=${CM_MLPERF_RANGING_USER_CONF}; else export CM_MLPERF_USER_CONF=${CM_MLPERF_TESTING_USER_CONF}; fi && /mnt/CM/repos/ctuning@mlcommons-ck/cm-mlops/script/get-lib-armnn/run.out'
client 2024-02-04 12:36:47,577 [INFO] Sending command to the server: 'time'
client 2024-02-04 12:36:47,601 [INFO] Got response: '1707050207.603541'
client 2024-02-04 12:36:47,602 [INFO] The time difference between the client and the server is within range -26.764 ms..-1.403 ms
client 2024-02-04 12:36:47,602 [INFO] Sending command to the server: 'session,2024-02-04_12-20-48,stop,testing'
client 2024-02-04 12:36:58,161 [INFO] Got response: 'OK'
client 2024-02-04 12:36:58,162 [INFO] Sending command to the server: 'time'
client 2024-02-04 12:36:58,165 [INFO] Got response: '1707050218.167561'
client 2024-02-04 12:36:58,165 [INFO] The time difference between the client and the server is within range -5.591 ms..-1.815 ms
client 2024-02-04 12:36:58,170 [INFO] Copying loadgen logs from '/home/arjun/results_dir/valid_results/orin-tflite_armnn_cpp-cpu-armnn_tflite-v23.11-using_neon/mobilenet-v2-precision_uint8-0.75-192/singlestream/performance/run_1' to '/home/arjun/results_dir/valid_results/orin-tflite_armnn_cpp-cpu-armnn_tflite-v23.11-using_neon/mobilenet-v2-precision_uint8-0.75-192/singlestream/performance/tmp_power/run_1'
client 2024-02-04 12:36:58,172 [INFO] Done runs
