Graph file: /home/ec2-user/CM/repos/local/cache/6fe100e5a9ca436b/mobilenet_v1_0.25_192.tflite
Image dir: /home/ec2-user/CM/repos/local/cache/b2675b0938a34424
Image list: /home/ec2-user/CM/repos/local/cache/b2675b0938a34424/preprocessed_files.txt
Image size: 192
Image channels: 3
Prediction classes: 1000
Result dir: /home/ec2-user/CM/repos/local/cache/2b88026e7cd54ea9/valid_results/ip_172_31_41_189.us_west_2.compute.internal-tflite_cpp-cpu-tflite-vmaster-default_config/mobilenet-v1-precision_float-0.25-192/singlestream/accuracy
How many images fit in memory buffer: 1024
Normalize: 1
Subtract mean: 0
Run time preprocessing: 0
Number of Threads: 4
Number of available imagefiles: 50000

Loading graph...
INFO: Created TensorFlow Lite XNNPACK delegate for CPU.
Input tensor dimensions (NHWC): 1*192*192*3
Output tensor dimensions: 1*1001
Path to mlperf.conf : /home/ec2-user/CM/repos/local/cache/8a7eb07153174f8b/inference/mlperf.conf
Path to user.conf : /home/ec2-user/CM/repos/ctuning@mlcommons-ck/cm-mlops/script/generate-mlperf-inference-user-conf/tmp/808209ba64ae4c47b80c0191afc5e665.conf
Model Name: mobilenet
LoadGen Scenario: SingleStream
LoadGen Mode: accuracy
