client 2024-02-04 18:58:41,399 [INFO] Creating output directory '/home/arjun/results_dir/valid_results/orin-tflite_armnn_cpp-cpu-armnn_tflite-v23.11-using_neon/mobilenet-v3-precision_uint8-large-minimalistic-224/singlestream/performance/tmp_power'
client 2024-02-04 18:58:41,403 [INFO] Sending command to the server: 'mlcommons/power client v3'
client 2024-02-04 18:58:41,406 [INFO] Got response: 'mlcommons/power server v3'
client 2024-02-04 18:58:41,407 [INFO] Synchronizing with the server and with time.google.com...
client 2024-02-04 18:58:41,440 [INFO] NTP:offset = 0.000 s, delay = 0.028 s 
client 2024-02-04 18:58:41,441 [INFO] Sending command to the server: 'time'
client 2024-02-04 18:58:41,444 [INFO] Got response: '1707073121.4430826'
client 2024-02-04 18:58:41,444 [INFO] The time difference between the client and the server is within range -1.923 ms..1.885 ms
client 2024-02-04 18:58:41,445 [INFO] Sending command to the server: 'new,,dbb3b4de-26fb-47b0-8a5f-8ec975ea0780'
client 2024-02-04 18:58:41,448 [INFO] Got response: 'OK 2024-02-04_18-58-41,d17aeaf2-1b5e-4057-84b5-96b15fd455df'
client 2024-02-04 18:58:41,448 [INFO] Session id is '2024-02-04_18-58-41'
client 2024-02-04 18:58:41,449 [INFO] Sources: {"sources": {"__init__.py": "da39a3ee5e6b4b0d3255bfef95601890afd80709", "client.py": "33ca4f26368777ac06e01f9567b714a4b8063886", "lib/__init__.py": "da39a3ee5e6b4b0d3255bfef95601890afd80709", "lib/client.py": "ac2aa093c8e8bbc9569b9e2a3471bc64e58a2258", "lib/common.py": "611d8b29633d331eb19c9455ea3b5fa3284ed6df", "lib/external/__init__.py": "da39a3ee5e6b4b0d3255bfef95601890afd80709", "lib/external/ntplib.py": "4da8f970656505a40483206ef2b5d3dd5e81711d", "lib/server.py": "99303c836c683aa9017ec565104e636161d02acb", "lib/source_hashes.py": "60a2e02193209e8d392803326208d5466342da18", "lib/summary.py": "aa92f0a3f975eecd44d3c0cd0236342ccc9f941d", "lib/time_sync.py": "80894ef2389e540781ff78de94db16aa4203a14e", "server.py": "c3f90f2f7eeb4db30727556d0c815ebc89b3d28b", "tests/unit/__init__.py": "da39a3ee5e6b4b0d3255bfef95601890afd80709", "tests/unit/test_server.py": "948c1995d4008bc2aa6c4046a34ffa3858d6d671", "tests/unit/test_source_hashes.py": "00468a2907583c593e6574a1f6b404e4651c221a"}, "modules": {"ptd_client_server.lib.client": "lib/client.py", "ptd_client_server.lib.common": "lib/common.py", "ptd_client_server.lib.external.ntplib": "lib/external/ntplib.py", "ptd_client_server.lib.source_hashes": "lib/source_hashes.py", "ptd_client_server.lib.summary": "lib/summary.py", "ptd_client_server.lib.time_sync": "lib/time_sync.py"}}
client 2024-02-04 18:58:41,449 [INFO] Running workload in ranging mode
client 2024-02-04 18:58:41,449 [INFO] Synchronizing with the server and with time.google.com...
client 2024-02-04 18:58:41,472 [INFO] NTP:offset = -0.001 s, delay = 0.021 s 
client 2024-02-04 18:58:41,472 [INFO] Sending command to the server: 'time'
client 2024-02-04 18:58:41,475 [INFO] Got response: '1707073121.4735546'
client 2024-02-04 18:58:41,475 [INFO] The time difference between the client and the server is within range -1.244 ms..1.729 ms
client 2024-02-04 18:58:41,475 [INFO] Sending command to the server: 'session,2024-02-04_18-58-41,start,ranging'
client 2024-02-04 18:59:09,569 [INFO] Got response: 'OK'
client 2024-02-04 18:59:09,572 [INFO] Sending command to the server: 'time'
client 2024-02-04 18:59:09,576 [INFO] Got response: '1707073149.5739617'
client 2024-02-04 18:59:09,576 [INFO] The time difference between the client and the server is within range -1.905 ms..2.934 ms
client 2024-02-04 18:59:09,577 [INFO] Running the workload 'CM_MLPERF_RUN_COUNT=$(cat ${CM_RUN_DIR}/count.txt); echo ${CM_MLPERF_RUN_COUNT}; CM_MLPERF_RUN_COUNT=$((CM_MLPERF_RUN_COUNT+1)); echo ${CM_MLPERF_RUN_COUNT} > ${CM_RUN_DIR}/count.txt && if [ ${CM_MLPERF_RUN_COUNT} -eq "1" ]; then export CM_MLPERF_USER_CONF=${CM_MLPERF_RANGING_USER_CONF}; else export CM_MLPERF_USER_CONF=${CM_MLPERF_TESTING_USER_CONF}; fi && /mnt/CM/repos/ctuning@mlcommons-ck/cm-mlops/script/get-lib-armnn/run.out'
client 2024-02-04 19:04:11,891 [INFO] Sending command to the server: 'time'
client 2024-02-04 19:04:11,895 [INFO] Got response: '1707073451.893882'
client 2024-02-04 19:04:11,895 [INFO] The time difference between the client and the server is within range -2.163 ms..1.919 ms
client 2024-02-04 19:04:11,896 [INFO] Sending command to the server: 'session,2024-02-04_18-58-41,stop,ranging'
client 2024-02-04 19:04:22,679 [INFO] Got response: 'OK'
client 2024-02-04 19:04:22,680 [INFO] Sending command to the server: 'time'
client 2024-02-04 19:04:22,683 [INFO] Got response: '1707073462.6820586'
client 2024-02-04 19:04:22,684 [INFO] The time difference between the client and the server is within range -1.600 ms..2.210 ms
client 2024-02-04 19:04:22,701 [INFO] Copying loadgen logs from '/home/arjun/results_dir/valid_results/orin-tflite_armnn_cpp-cpu-armnn_tflite-v23.11-using_neon/mobilenet-v3-precision_uint8-large-minimalistic-224/singlestream/performance/run_1' to '/home/arjun/results_dir/valid_results/orin-tflite_armnn_cpp-cpu-armnn_tflite-v23.11-using_neon/mobilenet-v3-precision_uint8-large-minimalistic-224/singlestream/performance/tmp_power/ranging'
client 2024-02-04 19:04:22,703 [INFO] Running workload in testing mode
client 2024-02-04 19:04:22,704 [INFO] Synchronizing with the server and with time.google.com...
client 2024-02-04 19:04:22,736 [INFO] NTP:offset = -0.002 s, delay = 0.027 s 
client 2024-02-04 19:04:22,736 [INFO] Sending command to the server: 'time'
client 2024-02-04 19:04:22,740 [INFO] Got response: '1707073462.7384028'
client 2024-02-04 19:04:22,740 [INFO] The time difference between the client and the server is within range -1.701 ms..2.355 ms
client 2024-02-04 19:04:22,741 [INFO] Sending command to the server: 'session,2024-02-04_18-58-41,start,testing'
client 2024-02-04 19:04:35,763 [INFO] Got response: 'OK'
client 2024-02-04 19:04:35,763 [INFO] Sending command to the server: 'time'
client 2024-02-04 19:04:35,766 [INFO] Got response: '1707073475.7650633'
client 2024-02-04 19:04:35,767 [INFO] The time difference between the client and the server is within range -1.386 ms..1.887 ms
client 2024-02-04 19:04:35,767 [INFO] Running the workload 'CM_MLPERF_RUN_COUNT=$(cat ${CM_RUN_DIR}/count.txt); echo ${CM_MLPERF_RUN_COUNT}; CM_MLPERF_RUN_COUNT=$((CM_MLPERF_RUN_COUNT+1)); echo ${CM_MLPERF_RUN_COUNT} > ${CM_RUN_DIR}/count.txt && if [ ${CM_MLPERF_RUN_COUNT} -eq "1" ]; then export CM_MLPERF_USER_CONF=${CM_MLPERF_RANGING_USER_CONF}; else export CM_MLPERF_USER_CONF=${CM_MLPERF_TESTING_USER_CONF}; fi && /mnt/CM/repos/ctuning@mlcommons-ck/cm-mlops/script/get-lib-armnn/run.out'
client 2024-02-04 19:14:40,235 [INFO] Sending command to the server: 'time'
client 2024-02-04 19:14:40,320 [INFO] Got response: '1707074080.3162963'
client 2024-02-04 19:14:40,321 [INFO] The time difference between the client and the server is within range -81.336 ms..4.678 ms
client 2024-02-04 19:14:40,321 [INFO] Sending command to the server: 'session,2024-02-04_18-58-41,stop,testing'
client 2024-02-04 19:14:50,823 [INFO] Got response: 'OK'
client 2024-02-04 19:14:50,824 [INFO] Sending command to the server: 'time'
client 2024-02-04 19:14:50,828 [INFO] Got response: '1707074090.8256018'
client 2024-02-04 19:14:50,828 [INFO] The time difference between the client and the server is within range -0.840 ms..2.583 ms
client 2024-02-04 19:14:50,832 [INFO] Copying loadgen logs from '/home/arjun/results_dir/valid_results/orin-tflite_armnn_cpp-cpu-armnn_tflite-v23.11-using_neon/mobilenet-v3-precision_uint8-large-minimalistic-224/singlestream/performance/run_1' to '/home/arjun/results_dir/valid_results/orin-tflite_armnn_cpp-cpu-armnn_tflite-v23.11-using_neon/mobilenet-v3-precision_uint8-large-minimalistic-224/singlestream/performance/tmp_power/run_1'
client 2024-02-04 19:14:50,835 [INFO] Done runs
