Graph file: /home/ec2-user/CM/repos/local/cache/79394c1032ed42e8/efficientnet-lite0/efficientnet-lite0-fp32.tflite
Image dir: /home/ec2-user/CM/repos/local/cache/f22ba033d6ae429f
Image list: /home/ec2-user/CM/repos/local/cache/f22ba033d6ae429f/preprocessed_files.txt
Image size: 224
Image channels: 3
Prediction classes: 1000
Result dir: /home/ec2-user/CM/repos/local/cache/017d8e20e6854c20/valid_results/ip_172_31_30_110.us_west_2.compute.internal-tflite_cpp-cpu-tflite-vmaster-default_config/efficientnet-fp32-lite0/singlestream/performance/run_1
How many images fit in memory buffer: 1024
Normalize: 1
Subtract mean: 0
Run time preprocessing: 0
Number of Threads: 4
Number of available imagefiles: 50000

Loading graph...
INFO: Created TensorFlow Lite XNNPACK delegate for CPU.
Input tensor dimensions (NHWC): 1*224*224*3
Output tensor dimensions: 1*1000
Path to mlperf.conf : /home/ec2-user/CM/repos/local/cache/41e6ffe78d1840ee/inference/mlperf.conf
Path to user.conf : /home/ec2-user/CM/repos/ctuning@mlcommons-ck/cm-mlops/script/generate-mlperf-inference-user-conf/tmp/915aed41c74742b3be1577026dacb259.conf
Model Name: efficientnet
LoadGen Scenario: SingleStream
LoadGen Mode: performance
