client 2024-02-05 00:59:32,499 [INFO] Creating output directory '/home/arjun/results_dir/valid_results/orin-tflite_armnn_cpp-cpu-armnn_tflite-v23.11-using_neon/efficientnet-int8-lite4/singlestream/performance/tmp_power'
client 2024-02-05 00:59:32,614 [INFO] Sending command to the server: 'mlcommons/power client v3'
client 2024-02-05 00:59:32,616 [INFO] Got response: 'mlcommons/power server v3'
client 2024-02-05 00:59:32,616 [INFO] Synchronizing with the server and with time.google.com...
client 2024-02-05 00:59:32,661 [INFO] NTP:offset = 0.002 s, delay = 0.025 s 
client 2024-02-05 00:59:32,662 [INFO] Sending command to the server: 'time'
client 2024-02-05 00:59:32,665 [INFO] Got response: '1707094772.6638873'
client 2024-02-05 00:59:32,665 [INFO] The time difference between the client and the server is within range -1.855 ms..1.317 ms
client 2024-02-05 00:59:32,665 [INFO] Sending command to the server: 'new,,985f7ae1-aee4-4366-8e82-6e6a15143054'
client 2024-02-05 00:59:32,668 [INFO] Got response: 'OK 2024-02-05_00-59-32,4cc6a263-009f-452d-8e3e-5b0fdc842810'
client 2024-02-05 00:59:32,668 [INFO] Session id is '2024-02-05_00-59-32'
client 2024-02-05 00:59:32,668 [INFO] Sources: {"sources": {"__init__.py": "da39a3ee5e6b4b0d3255bfef95601890afd80709", "client.py": "33ca4f26368777ac06e01f9567b714a4b8063886", "lib/__init__.py": "da39a3ee5e6b4b0d3255bfef95601890afd80709", "lib/client.py": "ac2aa093c8e8bbc9569b9e2a3471bc64e58a2258", "lib/common.py": "611d8b29633d331eb19c9455ea3b5fa3284ed6df", "lib/external/__init__.py": "da39a3ee5e6b4b0d3255bfef95601890afd80709", "lib/external/ntplib.py": "4da8f970656505a40483206ef2b5d3dd5e81711d", "lib/server.py": "99303c836c683aa9017ec565104e636161d02acb", "lib/source_hashes.py": "60a2e02193209e8d392803326208d5466342da18", "lib/summary.py": "aa92f0a3f975eecd44d3c0cd0236342ccc9f941d", "lib/time_sync.py": "80894ef2389e540781ff78de94db16aa4203a14e", "server.py": "c3f90f2f7eeb4db30727556d0c815ebc89b3d28b", "tests/unit/__init__.py": "da39a3ee5e6b4b0d3255bfef95601890afd80709", "tests/unit/test_server.py": "948c1995d4008bc2aa6c4046a34ffa3858d6d671", "tests/unit/test_source_hashes.py": "00468a2907583c593e6574a1f6b404e4651c221a"}, "modules": {"ptd_client_server.lib.client": "lib/client.py", "ptd_client_server.lib.common": "lib/common.py", "ptd_client_server.lib.external.ntplib": "lib/external/ntplib.py", "ptd_client_server.lib.source_hashes": "lib/source_hashes.py", "ptd_client_server.lib.summary": "lib/summary.py", "ptd_client_server.lib.time_sync": "lib/time_sync.py"}}
client 2024-02-05 00:59:32,669 [INFO] Running workload in ranging mode
client 2024-02-05 00:59:32,669 [INFO] Synchronizing with the server and with time.google.com...
client 2024-02-05 00:59:32,690 [INFO] NTP:offset = 0.001 s, delay = 0.020 s 
client 2024-02-05 00:59:32,690 [INFO] Sending command to the server: 'time'
client 2024-02-05 00:59:32,693 [INFO] Got response: '1707094772.6927133'
client 2024-02-05 00:59:32,694 [INFO] The time difference between the client and the server is within range -1.818 ms..1.260 ms
client 2024-02-05 00:59:32,694 [INFO] Sending command to the server: 'session,2024-02-05_00-59-32,start,ranging'
client 2024-02-05 01:00:00,779 [INFO] Got response: 'OK'
client 2024-02-05 01:00:00,782 [INFO] Sending command to the server: 'time'
client 2024-02-05 01:00:00,785 [INFO] Got response: '1707094800.7842948'
client 2024-02-05 01:00:00,785 [INFO] The time difference between the client and the server is within range -2.170 ms..1.214 ms
client 2024-02-05 01:00:00,785 [INFO] Running the workload 'CM_MLPERF_RUN_COUNT=$(cat ${CM_RUN_DIR}/count.txt); echo ${CM_MLPERF_RUN_COUNT}; CM_MLPERF_RUN_COUNT=$((CM_MLPERF_RUN_COUNT+1)); echo ${CM_MLPERF_RUN_COUNT} > ${CM_RUN_DIR}/count.txt && if [ ${CM_MLPERF_RUN_COUNT} -eq "1" ]; then export CM_MLPERF_USER_CONF=${CM_MLPERF_RANGING_USER_CONF}; else export CM_MLPERF_USER_CONF=${CM_MLPERF_TESTING_USER_CONF}; fi && /mnt/CM/repos/ctuning@mlcommons-ck/cm-mlops/script/get-lib-armnn/run.out'
client 2024-02-05 01:05:03,797 [INFO] Sending command to the server: 'time'
client 2024-02-05 01:05:03,998 [INFO] Got response: '1707095103.9967983'
client 2024-02-05 01:05:03,999 [INFO] The time difference between the client and the server is within range -199.763 ms..2.333 ms
client 2024-02-05 01:05:03,999 [INFO] Sending command to the server: 'session,2024-02-05_00-59-32,stop,ranging'
client 2024-02-05 01:05:14,897 [INFO] Got response: 'OK'
client 2024-02-05 01:05:14,898 [INFO] Sending command to the server: 'time'
client 2024-02-05 01:05:14,902 [INFO] Got response: '1707095114.901251'
client 2024-02-05 01:05:14,902 [INFO] The time difference between the client and the server is within range -3.269 ms..1.417 ms
client 2024-02-05 01:05:14,920 [INFO] Copying loadgen logs from '/home/arjun/results_dir/valid_results/orin-tflite_armnn_cpp-cpu-armnn_tflite-v23.11-using_neon/efficientnet-int8-lite4/singlestream/performance/run_1' to '/home/arjun/results_dir/valid_results/orin-tflite_armnn_cpp-cpu-armnn_tflite-v23.11-using_neon/efficientnet-int8-lite4/singlestream/performance/tmp_power/ranging'
client 2024-02-05 01:05:14,922 [INFO] Running workload in testing mode
client 2024-02-05 01:05:14,923 [INFO] Synchronizing with the server and with time.google.com...
client 2024-02-05 01:05:14,954 [INFO] NTP:offset = 0.002 s, delay = 0.026 s 
client 2024-02-05 01:05:14,955 [INFO] Sending command to the server: 'time'
client 2024-02-05 01:05:14,958 [INFO] Got response: '1707095114.9580336'
client 2024-02-05 01:05:14,958 [INFO] The time difference between the client and the server is within range -2.920 ms..0.797 ms
client 2024-02-05 01:05:14,959 [INFO] Sending command to the server: 'session,2024-02-05_00-59-32,start,testing'
client 2024-02-05 01:05:27,972 [INFO] Got response: 'OK'
client 2024-02-05 01:05:27,973 [INFO] Sending command to the server: 'time'
client 2024-02-05 01:05:27,976 [INFO] Got response: '1707095127.976755'
client 2024-02-05 01:05:27,977 [INFO] The time difference between the client and the server is within range -2.897 ms..0.335 ms
client 2024-02-05 01:05:27,977 [INFO] Running the workload 'CM_MLPERF_RUN_COUNT=$(cat ${CM_RUN_DIR}/count.txt); echo ${CM_MLPERF_RUN_COUNT}; CM_MLPERF_RUN_COUNT=$((CM_MLPERF_RUN_COUNT+1)); echo ${CM_MLPERF_RUN_COUNT} > ${CM_RUN_DIR}/count.txt && if [ ${CM_MLPERF_RUN_COUNT} -eq "1" ]; then export CM_MLPERF_USER_CONF=${CM_MLPERF_RANGING_USER_CONF}; else export CM_MLPERF_USER_CONF=${CM_MLPERF_TESTING_USER_CONF}; fi && /mnt/CM/repos/ctuning@mlcommons-ck/cm-mlops/script/get-lib-armnn/run.out'
client 2024-02-05 01:15:32,865 [INFO] Sending command to the server: 'time'
client 2024-02-05 01:15:32,869 [INFO] Got response: '1707095732.8699963'
client 2024-02-05 01:15:32,870 [INFO] The time difference between the client and the server is within range -5.091 ms..0.102 ms
client 2024-02-05 01:15:32,870 [INFO] Sending command to the server: 'session,2024-02-05_00-59-32,stop,testing'
client 2024-02-05 01:15:43,025 [INFO] Got response: 'OK'
client 2024-02-05 01:15:43,026 [INFO] Sending command to the server: 'time'
client 2024-02-05 01:15:43,030 [INFO] Got response: '1707095743.0307655'
client 2024-02-05 01:15:43,030 [INFO] The time difference between the client and the server is within range -4.033 ms..-0.192 ms
client 2024-02-05 01:15:43,035 [INFO] Copying loadgen logs from '/home/arjun/results_dir/valid_results/orin-tflite_armnn_cpp-cpu-armnn_tflite-v23.11-using_neon/efficientnet-int8-lite4/singlestream/performance/run_1' to '/home/arjun/results_dir/valid_results/orin-tflite_armnn_cpp-cpu-armnn_tflite-v23.11-using_neon/efficientnet-int8-lite4/singlestream/performance/tmp_power/run_1'
client 2024-02-05 01:15:43,037 [INFO] Done runs
