client 2024-02-21 05:09:20,536 [INFO] Creating output directory '/home/arjun/results_dir/valid_results/phoenix_Amd_Am5-reference-cpu-deepsparse-vdefault-default_config/obert-large-base-none-bert-99/singlestream/performance/tmp_power'
client 2024-02-21 05:09:20,544 [INFO] Sending command to the server: 'mlcommons/power client v3'
client 2024-02-21 05:09:20,554 [INFO] Got response: 'mlcommons/power server v3'
client 2024-02-21 05:09:20,554 [INFO] Synchronizing with the server and with time.google.com...
client 2024-02-21 05:09:20,575 [INFO] NTP:offset = -0.001 s, delay = 0.019 s 
client 2024-02-21 05:09:20,575 [INFO] Sending command to the server: 'time'
client 2024-02-21 05:09:20,584 [INFO] Got response: '1708492160.387527'
client 2024-02-21 05:09:20,585 [INFO] The time difference between the client and the server is within range 187.652 ms..197.514 ms
client 2024-02-21 05:09:20,585 [INFO] Sending command to the server: 'new,,6c65d030-3da0-465c-b0c7-3b618382e7a5'
client 2024-02-21 05:09:20,602 [INFO] Got response: 'OK 2024-02-21_05-09-20,83f59b66-84e0-4728-bafd-1b14e1f823fc'
client 2024-02-21 05:09:20,602 [INFO] Session id is '2024-02-21_05-09-20'
client 2024-02-21 05:09:20,602 [INFO] Sources: {"sources": {"__init__.py": "da39a3ee5e6b4b0d3255bfef95601890afd80709", "client.py": "33ca4f26368777ac06e01f9567b714a4b8063886", "lib/__init__.py": "da39a3ee5e6b4b0d3255bfef95601890afd80709", "lib/client.py": "ac2aa093c8e8bbc9569b9e2a3471bc64e58a2258", "lib/common.py": "611d8b29633d331eb19c9455ea3b5fa3284ed6df", "lib/external/__init__.py": "da39a3ee5e6b4b0d3255bfef95601890afd80709", "lib/external/ntplib.py": "4da8f970656505a40483206ef2b5d3dd5e81711d", "lib/server.py": "99303c836c683aa9017ec565104e636161d02acb", "lib/source_hashes.py": "60a2e02193209e8d392803326208d5466342da18", "lib/summary.py": "aa92f0a3f975eecd44d3c0cd0236342ccc9f941d", "lib/time_sync.py": "80894ef2389e540781ff78de94db16aa4203a14e", "server.py": "c3f90f2f7eeb4db30727556d0c815ebc89b3d28b", "tests/unit/__init__.py": "da39a3ee5e6b4b0d3255bfef95601890afd80709", "tests/unit/test_server.py": "948c1995d4008bc2aa6c4046a34ffa3858d6d671", "tests/unit/test_source_hashes.py": "00468a2907583c593e6574a1f6b404e4651c221a"}, "modules": {"ptd_client_server.lib.client": "lib/client.py", "ptd_client_server.lib.common": "lib/common.py", "ptd_client_server.lib.external.ntplib": "lib/external/ntplib.py", "ptd_client_server.lib.source_hashes": "lib/source_hashes.py", "ptd_client_server.lib.summary": "lib/summary.py", "ptd_client_server.lib.time_sync": "lib/time_sync.py"}}
client 2024-02-21 05:09:20,602 [INFO] Running workload in ranging mode
client 2024-02-21 05:09:20,602 [INFO] Synchronizing with the server and with time.google.com...
client 2024-02-21 05:09:20,624 [INFO] NTP:offset = 0.001 s, delay = 0.021 s 
client 2024-02-21 05:09:20,624 [INFO] Sending command to the server: 'time'
client 2024-02-21 05:09:20,632 [INFO] Got response: '1708492160.4373875'
client 2024-02-21 05:09:20,633 [INFO] The time difference between the client and the server is within range 187.131 ms..195.694 ms
client 2024-02-21 05:09:20,633 [INFO] Sending command to the server: 'session,2024-02-21_05-09-20,start,ranging'
client 2024-02-21 05:09:44,528 [INFO] Got response: 'OK'
client 2024-02-21 05:09:44,528 [INFO] Sending command to the server: 'time'
client 2024-02-21 05:09:44,537 [INFO] Got response: '1708492184.3475213'
client 2024-02-21 05:09:44,537 [INFO] The time difference between the client and the server is within range 181.215 ms..189.959 ms
client 2024-02-21 05:09:44,537 [INFO] Running the workload 'CM_MLPERF_RUN_COUNT=$(cat ${CM_RUN_DIR}/count.txt); echo ${CM_MLPERF_RUN_COUNT}; CM_MLPERF_RUN_COUNT=$((CM_MLPERF_RUN_COUNT+1)); echo ${CM_MLPERF_RUN_COUNT} > ${CM_RUN_DIR}/count.txt && if [ ${CM_MLPERF_RUN_COUNT} -eq "1" ]; then export CM_MLPERF_USER_CONF=${CM_MLPERF_RANGING_USER_CONF}; else export CM_MLPERF_USER_CONF=${CM_MLPERF_TESTING_USER_CONF}; fi && /usr/bin/python3 run.py --backend=deepsparse --scenario=SingleStream --mlperf_conf "/home/arjun/CM/repos/local/cache/b5386651b8ab4bd4/inference/mlperf.conf" --user_conf "${CM_MLPERF_USER_CONF}" --quantized --batch_size=1 --model_path=/home/arjun/.cache/sparsezoo/18281da5-da77-4aa3-904c-0aa25f8d9cf3/model.onnx 2>&1 | tee /home/arjun/results_dir/valid_results/phoenix_Amd_Am5-reference-cpu-deepsparse-vdefault-default_config/obert-large-base-none-bert-99/singlestream/performance/run_1/console.out'
client 2024-02-21 05:16:09,169 [INFO] Sending command to the server: 'time'
client 2024-02-21 05:16:09,180 [INFO] Got response: '1708492568.981035'
client 2024-02-21 05:16:09,180 [INFO] The time difference between the client and the server is within range 188.582 ms..199.778 ms
client 2024-02-21 05:16:09,180 [INFO] Sending command to the server: 'session,2024-02-21_05-09-20,stop,ranging'
client 2024-02-21 05:16:19,851 [INFO] Got response: 'OK'
client 2024-02-21 05:16:19,851 [INFO] Sending command to the server: 'time'
client 2024-02-21 05:16:19,859 [INFO] Got response: '1708492579.6609251'
client 2024-02-21 05:16:19,859 [INFO] The time difference between the client and the server is within range 190.763 ms..198.998 ms
client 2024-02-21 05:16:19,861 [INFO] Copying loadgen logs from '/home/arjun/results_dir/valid_results/phoenix_Amd_Am5-reference-cpu-deepsparse-vdefault-default_config/obert-large-base-none-bert-99/singlestream/performance/run_1' to '/home/arjun/results_dir/valid_results/phoenix_Amd_Am5-reference-cpu-deepsparse-vdefault-default_config/obert-large-base-none-bert-99/singlestream/performance/tmp_power/ranging'
client 2024-02-21 05:16:19,862 [INFO] Running workload in testing mode
client 2024-02-21 05:16:19,862 [INFO] Synchronizing with the server and with time.google.com...
client 2024-02-21 05:16:19,885 [INFO] NTP:offset = 0.001 s, delay = 0.023 s 
client 2024-02-21 05:16:19,885 [INFO] Sending command to the server: 'time'
client 2024-02-21 05:16:19,894 [INFO] Got response: '1708492579.6909497'
client 2024-02-21 05:16:19,894 [INFO] The time difference between the client and the server is within range 194.808 ms..203.804 ms
client 2024-02-21 05:16:19,894 [INFO] Sending command to the server: 'session,2024-02-21_05-09-20,start,testing'
client 2024-02-21 05:16:32,959 [INFO] Got response: 'OK'
client 2024-02-21 05:16:32,959 [INFO] Sending command to the server: 'time'
client 2024-02-21 05:16:32,968 [INFO] Got response: '1708492592.7711968'
client 2024-02-21 05:16:32,968 [INFO] The time difference between the client and the server is within range 188.610 ms..197.019 ms
client 2024-02-21 05:16:32,968 [INFO] Running the workload 'CM_MLPERF_RUN_COUNT=$(cat ${CM_RUN_DIR}/count.txt); echo ${CM_MLPERF_RUN_COUNT}; CM_MLPERF_RUN_COUNT=$((CM_MLPERF_RUN_COUNT+1)); echo ${CM_MLPERF_RUN_COUNT} > ${CM_RUN_DIR}/count.txt && if [ ${CM_MLPERF_RUN_COUNT} -eq "1" ]; then export CM_MLPERF_USER_CONF=${CM_MLPERF_RANGING_USER_CONF}; else export CM_MLPERF_USER_CONF=${CM_MLPERF_TESTING_USER_CONF}; fi && /usr/bin/python3 run.py --backend=deepsparse --scenario=SingleStream --mlperf_conf "/home/arjun/CM/repos/local/cache/b5386651b8ab4bd4/inference/mlperf.conf" --user_conf "${CM_MLPERF_USER_CONF}" --quantized --batch_size=1 --model_path=/home/arjun/.cache/sparsezoo/18281da5-da77-4aa3-904c-0aa25f8d9cf3/model.onnx 2>&1 | tee /home/arjun/results_dir/valid_results/phoenix_Amd_Am5-reference-cpu-deepsparse-vdefault-default_config/obert-large-base-none-bert-99/singlestream/performance/run_1/console.out'
client 2024-02-21 05:27:56,434 [INFO] Sending command to the server: 'time'
client 2024-02-21 05:27:56,445 [INFO] Got response: '1708493276.2372062'
client 2024-02-21 05:27:56,445 [INFO] The time difference between the client and the server is within range 196.866 ms..208.564 ms
client 2024-02-21 05:27:56,445 [INFO] Sending command to the server: 'session,2024-02-21_05-09-20,stop,testing'
client 2024-02-21 05:28:07,011 [INFO] Got response: 'OK'
client 2024-02-21 05:28:07,011 [INFO] Sending command to the server: 'time'
client 2024-02-21 05:28:07,020 [INFO] Got response: '1708493286.8136728'
client 2024-02-21 05:28:07,020 [INFO] The time difference between the client and the server is within range 198.146 ms..206.650 ms
client 2024-02-21 05:28:07,020 [INFO] Copying loadgen logs from '/home/arjun/results_dir/valid_results/phoenix_Amd_Am5-reference-cpu-deepsparse-vdefault-default_config/obert-large-base-none-bert-99/singlestream/performance/run_1' to '/home/arjun/results_dir/valid_results/phoenix_Amd_Am5-reference-cpu-deepsparse-vdefault-default_config/obert-large-base-none-bert-99/singlestream/performance/tmp_power/run_1'
client 2024-02-21 05:28:07,021 [INFO] Done runs
