Graph file: /home/ubuntu/CM/repos/local/cache/f268a8e6f7234ce5/efficientnet-lite3/efficientnet-lite3-fp32.tflite
Image dir: /home/ubuntu/CM/repos/local/cache/49f7cc00170a450c
Image list: /home/ubuntu/CM/repos/local/cache/49f7cc00170a450c/preprocessed_files.txt
Image size: 280
Image channels: 3
Prediction classes: 1000
Result dir: /home/ubuntu/CM/repos/local/cache/7d7675dc64fb47c1/valid_results/ip_172_31_22_165-tflite_cpp-cpu-tflite-vmaster-default_config/efficientnet-fp32-lite3/singlestream/performance/run_1
How many images fit in memory buffer: 1024
Normalize: 1
Subtract mean: 0
Run time preprocessing: 0
Number of Threads: 8
Number of available imagefiles: 50000

Loading graph...
INFO: Created TensorFlow Lite XNNPACK delegate for CPU.
Input tensor dimensions (NHWC): 1*280*280*3
Output tensor dimensions: 1*1000
Path to mlperf.conf : /home/ubuntu/CM/repos/local/cache/f3e5a00e87484e31/inference/mlperf.conf
Path to user.conf : /home/ubuntu/CM/repos/ctuning@mlcommons-ck/cm-mlops/script/generate-mlperf-inference-user-conf/tmp/6e81204e37ea415b816f2741adf93c05.conf
Model Name: efficientnet
LoadGen Scenario: SingleStream
LoadGen Mode: performance
