Graph file: /home/ubuntu/CM/repos/local/cache/52d83d58cfa842c7/mobilenet_v1_1.0_128.tflite
Image dir: /home/ubuntu/CM/repos/local/cache/7351f1bcee7d4d3c
Image list: /home/ubuntu/CM/repos/local/cache/7351f1bcee7d4d3c/preprocessed_files.txt
Image size: 128
Image channels: 3
Prediction classes: 1000
Result dir: /home/ubuntu/CM/repos/local/cache/0d27aeefb8a44716/valid_results/t2.xlarge-tflite_cpp-cpu-tflite-vmaster-with_live_preprocessing/mobilenet-v1-precision_float-1.0-128/singlestream/performance/run_1
How many images fit in memory buffer: 1024
Normalize: 1
Subtract mean: 0
Run time preprocessing: 1
Number of Threads: 4
Number of available imagefiles: 50000

Loading graph...
INFO: Created TensorFlow Lite XNNPACK delegate for CPU.
Input tensor dimensions (NHWC): 1*128*128*3
Output tensor dimensions: 1*1001
Path to mlperf.conf : /home/ubuntu/CM/repos/local/cache/b04c5c62d3014951/inference/mlperf.conf
Path to user.conf : /home/ubuntu/CM/repos/ctuning@mlcommons-ck/cm-mlops/script/generate-mlperf-inference-user-conf/tmp/f510c5000fe043a7bc619311f2b1b5ea.conf
Model Name: mobilenet
LoadGen Scenario: SingleStream
LoadGen Mode: performance
