client 2024-01-30 22:34:10,402 [INFO] Creating output directory '/home/arjun/results_dir/valid_results/orin-tflite_cpp-cpu-tflite-vmaster-with_live_preprocessing/mobilenet-v1-precision_float-0.5-224/singlestream/performance/tmp_power'
client 2024-01-30 22:34:10,600 [INFO] Sending command to the server: 'mlcommons/power client v3'
client 2024-01-30 22:34:10,603 [INFO] Got response: 'mlcommons/power server v3'
client 2024-01-30 22:34:10,604 [INFO] Synchronizing with the server and with time.google.com...
client 2024-01-30 22:34:10,632 [INFO] NTP:offset = -0.005 s, delay = 0.020 s 
client 2024-01-30 22:34:10,632 [INFO] Sending command to the server: 'time'
client 2024-01-30 22:34:10,636 [INFO] Got response: '1706654050.6263907'
client 2024-01-30 22:34:10,636 [INFO] The time difference between the client and the server is within range 6.499 ms..10.500 ms
client 2024-01-30 22:34:10,637 [INFO] Sending command to the server: 'new,,002ab322-b638-4104-a330-fb12d54ce3df'
client 2024-01-30 22:34:10,640 [INFO] Got response: 'OK 2024-01-30_22-34-10,39f1c8e2-6c98-4841-adfd-91e99a3972eb'
client 2024-01-30 22:34:10,641 [INFO] Session id is '2024-01-30_22-34-10'
client 2024-01-30 22:34:10,641 [INFO] Sources: {"sources": {"__init__.py": "da39a3ee5e6b4b0d3255bfef95601890afd80709", "client.py": "33ca4f26368777ac06e01f9567b714a4b8063886", "lib/__init__.py": "da39a3ee5e6b4b0d3255bfef95601890afd80709", "lib/client.py": "ac2aa093c8e8bbc9569b9e2a3471bc64e58a2258", "lib/common.py": "611d8b29633d331eb19c9455ea3b5fa3284ed6df", "lib/external/__init__.py": "da39a3ee5e6b4b0d3255bfef95601890afd80709", "lib/external/ntplib.py": "4da8f970656505a40483206ef2b5d3dd5e81711d", "lib/server.py": "99303c836c683aa9017ec565104e636161d02acb", "lib/source_hashes.py": "60a2e02193209e8d392803326208d5466342da18", "lib/summary.py": "aa92f0a3f975eecd44d3c0cd0236342ccc9f941d", "lib/time_sync.py": "80894ef2389e540781ff78de94db16aa4203a14e", "server.py": "c3f90f2f7eeb4db30727556d0c815ebc89b3d28b", "tests/unit/__init__.py": "da39a3ee5e6b4b0d3255bfef95601890afd80709", "tests/unit/test_server.py": "948c1995d4008bc2aa6c4046a34ffa3858d6d671", "tests/unit/test_source_hashes.py": "00468a2907583c593e6574a1f6b404e4651c221a"}, "modules": {"ptd_client_server.lib.client": "lib/client.py", "ptd_client_server.lib.common": "lib/common.py", "ptd_client_server.lib.external.ntplib": "lib/external/ntplib.py", "ptd_client_server.lib.source_hashes": "lib/source_hashes.py", "ptd_client_server.lib.summary": "lib/summary.py", "ptd_client_server.lib.time_sync": "lib/time_sync.py"}}
client 2024-01-30 22:34:10,641 [INFO] Running workload in ranging mode
client 2024-01-30 22:34:10,642 [INFO] Synchronizing with the server and with time.google.com...
client 2024-01-30 22:34:10,663 [INFO] NTP:offset = -0.005 s, delay = 0.020 s 
client 2024-01-30 22:34:10,663 [INFO] Sending command to the server: 'time'
client 2024-01-30 22:34:10,667 [INFO] Got response: '1706654050.6570299'
client 2024-01-30 22:34:10,667 [INFO] The time difference between the client and the server is within range 6.439 ms..10.842 ms
client 2024-01-30 22:34:10,668 [INFO] Sending command to the server: 'session,2024-01-30_22-34-10,start,ranging'
client 2024-01-30 22:34:38,748 [INFO] Got response: 'OK'
client 2024-01-30 22:34:38,749 [INFO] Sending command to the server: 'time'
client 2024-01-30 22:34:38,754 [INFO] Got response: '1706654078.7429657'
client 2024-01-30 22:34:38,755 [INFO] The time difference between the client and the server is within range 6.541 ms..12.109 ms
client 2024-01-30 22:34:38,755 [INFO] Running the workload 'CM_MLPERF_RUN_COUNT=$(cat ${CM_RUN_DIR}/count.txt); echo ${CM_MLPERF_RUN_COUNT}; CM_MLPERF_RUN_COUNT=$((CM_MLPERF_RUN_COUNT+1)); echo ${CM_MLPERF_RUN_COUNT} > ${CM_RUN_DIR}/count.txt && if [ ${CM_MLPERF_RUN_COUNT} -eq "1" ]; then export CM_MLPERF_USER_CONF=${CM_MLPERF_RANGING_USER_CONF}; else export CM_MLPERF_USER_CONF=${CM_MLPERF_TESTING_USER_CONF}; fi && /home/arjun/run.out'
client 2024-01-30 22:39:41,351 [INFO] Sending command to the server: 'time'
client 2024-01-30 22:39:41,485 [INFO] Got response: '1706654381.4755983'
client 2024-01-30 22:39:41,486 [INFO] The time difference between the client and the server is within range -124.474 ms..10.888 ms
client 2024-01-30 22:39:41,486 [INFO] Sending command to the server: 'session,2024-01-30_22-34-10,stop,ranging'
client 2024-01-30 22:39:51,880 [INFO] Got response: 'OK'
client 2024-01-30 22:39:51,881 [INFO] Sending command to the server: 'time'
client 2024-01-30 22:39:51,884 [INFO] Got response: '1706654391.8757684'
client 2024-01-30 22:39:51,884 [INFO] The time difference between the client and the server is within range 5.291 ms..8.815 ms
client 2024-01-30 22:39:51,916 [INFO] Copying loadgen logs from '/home/arjun/results_dir/valid_results/orin-tflite_cpp-cpu-tflite-vmaster-with_live_preprocessing/mobilenet-v1-precision_float-0.5-224/singlestream/performance/run_1' to '/home/arjun/results_dir/valid_results/orin-tflite_cpp-cpu-tflite-vmaster-with_live_preprocessing/mobilenet-v1-precision_float-0.5-224/singlestream/performance/tmp_power/ranging'
client 2024-01-30 22:39:51,919 [INFO] Running workload in testing mode
client 2024-01-30 22:39:51,919 [INFO] Synchronizing with the server and with time.google.com...
client 2024-01-30 22:39:51,957 [INFO] NTP:offset = -0.005 s, delay = 0.021 s 
client 2024-01-30 22:39:51,957 [INFO] Sending command to the server: 'time'
client 2024-01-30 22:39:51,961 [INFO] Got response: '1706654391.9531984'
client 2024-01-30 22:39:51,962 [INFO] The time difference between the client and the server is within range 4.709 ms..8.954 ms
client 2024-01-30 22:39:51,962 [INFO] Sending command to the server: 'session,2024-01-30_22-34-10,start,testing'
client 2024-01-30 22:40:04,984 [INFO] Got response: 'OK'
client 2024-01-30 22:40:04,984 [INFO] Sending command to the server: 'time'
client 2024-01-30 22:40:04,993 [INFO] Got response: '1706654404.9845965'
client 2024-01-30 22:40:04,994 [INFO] The time difference between the client and the server is within range 0.352 ms..9.661 ms
client 2024-01-30 22:40:04,994 [INFO] Running the workload 'CM_MLPERF_RUN_COUNT=$(cat ${CM_RUN_DIR}/count.txt); echo ${CM_MLPERF_RUN_COUNT}; CM_MLPERF_RUN_COUNT=$((CM_MLPERF_RUN_COUNT+1)); echo ${CM_MLPERF_RUN_COUNT} > ${CM_RUN_DIR}/count.txt && if [ ${CM_MLPERF_RUN_COUNT} -eq "1" ]; then export CM_MLPERF_USER_CONF=${CM_MLPERF_RANGING_USER_CONF}; else export CM_MLPERF_USER_CONF=${CM_MLPERF_TESTING_USER_CONF}; fi && /home/arjun/run.out'
client 2024-01-30 22:50:09,554 [INFO] Sending command to the server: 'time'
client 2024-01-30 22:50:09,589 [INFO] Got response: '1706655009.5834823'
client 2024-01-30 22:50:09,590 [INFO] The time difference between the client and the server is within range -29.842 ms..6.968 ms
client 2024-01-30 22:50:09,590 [INFO] Sending command to the server: 'session,2024-01-30_22-34-10,stop,testing'
client 2024-01-30 22:50:20,032 [INFO] Got response: 'OK'
client 2024-01-30 22:50:20,033 [INFO] Sending command to the server: 'time'
client 2024-01-30 22:50:20,037 [INFO] Got response: '1706655020.0324256'
client 2024-01-30 22:50:20,037 [INFO] The time difference between the client and the server is within range 1.322 ms..5.458 ms
client 2024-01-30 22:50:20,043 [INFO] Copying loadgen logs from '/home/arjun/results_dir/valid_results/orin-tflite_cpp-cpu-tflite-vmaster-with_live_preprocessing/mobilenet-v1-precision_float-0.5-224/singlestream/performance/run_1' to '/home/arjun/results_dir/valid_results/orin-tflite_cpp-cpu-tflite-vmaster-with_live_preprocessing/mobilenet-v1-precision_float-0.5-224/singlestream/performance/tmp_power/run_1'
client 2024-01-30 22:50:20,045 [INFO] Done runs
