client 2024-02-13 20:12:29,435 [INFO] Sending command to the server: 'mlcommons/power client v3'
client 2024-02-13 20:12:29,437 [INFO] Got response: 'mlcommons/power server v3'
client 2024-02-13 20:12:29,437 [INFO] Sending command to the server: 'stop'
client 2024-02-13 20:12:29,438 [INFO] Got response: 'OK'
client 2024-02-13 20:12:29,438 [INFO] Synchronizing with the server and with ib-01.dc4-in.nvidia.com...
client 2024-02-13 20:12:29,654 [INFO] NTP:offset = -0.005 s, delay = 0.212 s 
client 2024-02-13 20:12:29,654 [INFO] Sending command to the server: 'time'
client 2024-02-13 20:12:29,655 [INFO] Got response: '1707855149.6534758'
client 2024-02-13 20:12:29,655 [INFO] The time difference between the client and the server is within range 0.677 ms..2.265 ms
client 2024-02-13 20:12:29,655 [INFO] Sending command to the server: 'new,,d774cbe8-e444-4386-8cc9-efd92d43946b'
client 2024-02-13 20:12:29,657 [INFO] Got response: 'OK 2024-02-13_12-12-29,a21db791-bfa0-437b-9878-fa51c5ca9245'
client 2024-02-13 20:12:29,657 [INFO] Session id is '2024-02-13_12-12-29'
client 2024-02-13 20:12:29,657 [INFO] Sources: {"sources": {"__init__.py": "da39a3ee5e6b4b0d3255bfef95601890afd80709", "client.py": "33ca4f26368777ac06e01f9567b714a4b8063886", "lib/__init__.py": "da39a3ee5e6b4b0d3255bfef95601890afd80709", "lib/client.py": "ac2aa093c8e8bbc9569b9e2a3471bc64e58a2258", "lib/common.py": "611d8b29633d331eb19c9455ea3b5fa3284ed6df", "lib/external/__init__.py": "da39a3ee5e6b4b0d3255bfef95601890afd80709", "lib/external/ntplib.py": "4da8f970656505a40483206ef2b5d3dd5e81711d", "lib/server.py": "99303c836c683aa9017ec565104e636161d02acb", "lib/source_hashes.py": "60a2e02193209e8d392803326208d5466342da18", "lib/summary.py": "aa92f0a3f975eecd44d3c0cd0236342ccc9f941d", "lib/time_sync.py": "80894ef2389e540781ff78de94db16aa4203a14e", "server.py": "c3f90f2f7eeb4db30727556d0c815ebc89b3d28b", "tests/unit/__init__.py": "da39a3ee5e6b4b0d3255bfef95601890afd80709", "tests/unit/test_server.py": "948c1995d4008bc2aa6c4046a34ffa3858d6d671", "tests/unit/test_source_hashes.py": "00468a2907583c593e6574a1f6b404e4651c221a"}, "modules": {"ptd_client_server.lib.client": "lib/client.py", "ptd_client_server.lib.common": "lib/common.py", "ptd_client_server.lib.external.ntplib": "lib/external/ntplib.py", "ptd_client_server.lib.source_hashes": "lib/source_hashes.py", "ptd_client_server.lib.summary": "lib/summary.py", "ptd_client_server.lib.time_sync": "lib/time_sync.py"}}
client 2024-02-13 20:12:29,660 [INFO] Running workload in ranging mode
client 2024-02-13 20:12:29,660 [INFO] Synchronizing with the server and with ib-01.dc4-in.nvidia.com...
client 2024-02-13 20:12:29,874 [INFO] NTP:offset = -0.005 s, delay = 0.213 s 
client 2024-02-13 20:12:29,874 [INFO] Sending command to the server: 'time'
client 2024-02-13 20:12:29,876 [INFO] Got response: '1707855149.8743007'
client 2024-02-13 20:12:29,876 [INFO] The time difference between the client and the server is within range 0.669 ms..2.254 ms
client 2024-02-13 20:12:29,876 [INFO] Sending command to the server: 'session,2024-02-13_12-12-29,start,ranging'
client 2024-02-13 20:13:09,788 [INFO] Got response: 'OK'
client 2024-02-13 20:13:09,788 [INFO] Sending command to the server: 'time'
client 2024-02-13 20:13:09,789 [INFO] Got response: '1707855189.7878258'
client 2024-02-13 20:13:09,789 [INFO] The time difference between the client and the server is within range 0.675 ms..2.146 ms
client 2024-02-13 20:13:09,790 [INFO] Running the workload 'LOG_DIR=/work/build/power_logs_temp python3.8 -m code.main --benchmarks=3d-unet --scenarios=Offline --test_mode=PerformanceOnly --config_ver=maxq_high_accuracy --action="run_harness" \\\n\t\t2>&1 | tee -a /work/build/power_logs/2024.02.13-20.11.40/stdout.txt \\\n\t\t&& if [ ! -d /work/build/power_logs/2024.02.13-20.11.40/ranging_tmp ]; \\\n\t\t\tthen mkdir /work/build/power_logs/2024.02.13-20.11.40/ranging_tmp \\\n\t\t\t\t&& mv /work/build/power_logs_temp/* /work/build/power_logs/2024.02.13-20.11.40/ranging_tmp/ \\\n\t\t\t\t&& cp -v /work/build/power_logs/2024.02.13-20.11.40/ranging_tmp/*/*/*/mlperf_log_detail.txt /work/build/power_logs_temp/ \\\n\t\t\t\t&& cp -v /work/build/power_logs/2024.02.13-20.11.40/ranging_tmp/*/*/*/mlperf_log_summary.txt /work/build/power_logs_temp/; \\\n\t\t\telse mkdir /work/build/power_logs/2024.02.13-20.11.40/testing_tmp \\\n\t\t\t\t&& mv /work/build/power_logs_temp/* /work/build/power_logs/2024.02.13-20.11.40/testing_tmp/ \\\n\t\t\t\t&& cp -v /work/build/power_logs/2024.02.13-20.11.40/testing_tmp/*/*/*/mlperf_log_detail.txt /work/build/power_logs_temp/ \\\n\t\t\t\t&& cp -v /work/build/power_logs/2024.02.13-20.11.40/testing_tmp/*/*/*/mlperf_log_summary.txt /work/build/power_logs_temp/; fi'
client 2024-02-13 20:24:44,401 [INFO] Sending command to the server: 'time'
client 2024-02-13 20:24:44,403 [INFO] Got response: '1707855884.4007983'
client 2024-02-13 20:24:44,403 [INFO] The time difference between the client and the server is within range 0.692 ms..2.661 ms
client 2024-02-13 20:24:44,403 [INFO] Sending command to the server: 'session,2024-02-13_12-12-29,stop,ranging'
client 2024-02-13 20:24:54,882 [INFO] Got response: 'OK'
client 2024-02-13 20:24:54,882 [INFO] Sending command to the server: 'time'
client 2024-02-13 20:24:54,883 [INFO] Got response: '1707855894.8814535'
client 2024-02-13 20:24:54,883 [INFO] The time difference between the client and the server is within range 1.124 ms..2.414 ms
client 2024-02-13 20:24:54,892 [INFO] Copying loadgen logs from '/work/build/power_logs_temp' to '/work/build/power_logs/2024.02.13-20.11.40/2024-02-13_12-12-29/ranging'
client 2024-02-13 20:24:54,904 [INFO] Running workload in testing mode
client 2024-02-13 20:24:54,904 [INFO] Synchronizing with the server and with ib-01.dc4-in.nvidia.com...
client 2024-02-13 20:24:55,120 [INFO] NTP:offset = -0.005 s, delay = 0.214 s 
client 2024-02-13 20:24:55,121 [INFO] Sending command to the server: 'time'
client 2024-02-13 20:24:55,122 [INFO] Got response: '1707855895.119982'
client 2024-02-13 20:24:55,122 [INFO] The time difference between the client and the server is within range 1.043 ms..2.592 ms
client 2024-02-13 20:24:55,122 [INFO] Sending command to the server: 'session,2024-02-13_12-12-29,start,testing'
client 2024-02-13 20:25:16,748 [INFO] Got response: 'OK'
client 2024-02-13 20:25:16,748 [INFO] Sending command to the server: 'time'
client 2024-02-13 20:25:16,749 [INFO] Got response: '1707855916.7473707'
client 2024-02-13 20:25:16,749 [INFO] The time difference between the client and the server is within range 1.075 ms..2.488 ms
client 2024-02-13 20:25:16,749 [INFO] Running the workload 'LOG_DIR=/work/build/power_logs_temp python3.8 -m code.main --benchmarks=3d-unet --scenarios=Offline --test_mode=PerformanceOnly --config_ver=maxq_high_accuracy --action="run_harness" \\\n\t\t2>&1 | tee -a /work/build/power_logs/2024.02.13-20.11.40/stdout.txt \\\n\t\t&& if [ ! -d /work/build/power_logs/2024.02.13-20.11.40/ranging_tmp ]; \\\n\t\t\tthen mkdir /work/build/power_logs/2024.02.13-20.11.40/ranging_tmp \\\n\t\t\t\t&& mv /work/build/power_logs_temp/* /work/build/power_logs/2024.02.13-20.11.40/ranging_tmp/ \\\n\t\t\t\t&& cp -v /work/build/power_logs/2024.02.13-20.11.40/ranging_tmp/*/*/*/mlperf_log_detail.txt /work/build/power_logs_temp/ \\\n\t\t\t\t&& cp -v /work/build/power_logs/2024.02.13-20.11.40/ranging_tmp/*/*/*/mlperf_log_summary.txt /work/build/power_logs_temp/; \\\n\t\t\telse mkdir /work/build/power_logs/2024.02.13-20.11.40/testing_tmp \\\n\t\t\t\t&& mv /work/build/power_logs_temp/* /work/build/power_logs/2024.02.13-20.11.40/testing_tmp/ \\\n\t\t\t\t&& cp -v /work/build/power_logs/2024.02.13-20.11.40/testing_tmp/*/*/*/mlperf_log_detail.txt /work/build/power_logs_temp/ \\\n\t\t\t\t&& cp -v /work/build/power_logs/2024.02.13-20.11.40/testing_tmp/*/*/*/mlperf_log_summary.txt /work/build/power_logs_temp/; fi'
client 2024-02-13 20:36:51,360 [INFO] Sending command to the server: 'time'
client 2024-02-13 20:36:51,362 [INFO] Got response: '1707856611.3597307'
client 2024-02-13 20:36:51,362 [INFO] The time difference between the client and the server is within range 0.402 ms..2.471 ms
client 2024-02-13 20:36:51,362 [INFO] Sending command to the server: 'session,2024-02-13_12-12-29,stop,testing'
client 2024-02-13 20:37:01,815 [INFO] Got response: 'OK'
client 2024-02-13 20:37:01,815 [INFO] Sending command to the server: 'time'
client 2024-02-13 20:37:01,816 [INFO] Got response: '1707856621.814286'
client 2024-02-13 20:37:01,816 [INFO] The time difference between the client and the server is within range 1.005 ms..2.342 ms
client 2024-02-13 20:37:01,821 [INFO] Copying loadgen logs from '/work/build/power_logs_temp' to '/work/build/power_logs/2024.02.13-20.11.40/2024-02-13_12-12-29/run_1'
client 2024-02-13 20:37:01,834 [INFO] Done runs
