client 2024-02-03 23:49:58,419 [INFO] Creating output directory '/home/arjun/results_dir/valid_results/orin-tflite_armnn_cpp-cpu-armnn_tflite-v23.11-using_neon/mobilenet-v1-precision_uint8-1.0-224/singlestream/performance/tmp_power'
client 2024-02-03 23:49:58,423 [INFO] Sending command to the server: 'mlcommons/power client v3'
client 2024-02-03 23:49:58,426 [INFO] Got response: 'mlcommons/power server v3'
client 2024-02-03 23:49:58,426 [INFO] Synchronizing with the server and with time.google.com...
client 2024-02-03 23:49:58,453 [INFO] NTP:offset = 0.003 s, delay = 0.022 s 
client 2024-02-03 23:49:58,453 [INFO] Sending command to the server: 'time'
client 2024-02-03 23:49:58,457 [INFO] Got response: '1707004198.4597032'
client 2024-02-03 23:49:58,457 [INFO] The time difference between the client and the server is within range -5.995 ms..-1.985 ms
client 2024-02-03 23:49:58,457 [INFO] Sending command to the server: 'new,,471244e3-7fc8-4961-a77a-39580e3084c3'
client 2024-02-03 23:49:58,460 [INFO] Got response: 'OK 2024-02-03_23-49-58,79de9233-55be-40f2-a3fe-fd71cf61da3c'
client 2024-02-03 23:49:58,460 [INFO] Session id is '2024-02-03_23-49-58'
client 2024-02-03 23:49:58,460 [INFO] Sources: {"sources": {"__init__.py": "da39a3ee5e6b4b0d3255bfef95601890afd80709", "client.py": "33ca4f26368777ac06e01f9567b714a4b8063886", "lib/__init__.py": "da39a3ee5e6b4b0d3255bfef95601890afd80709", "lib/client.py": "ac2aa093c8e8bbc9569b9e2a3471bc64e58a2258", "lib/common.py": "611d8b29633d331eb19c9455ea3b5fa3284ed6df", "lib/external/__init__.py": "da39a3ee5e6b4b0d3255bfef95601890afd80709", "lib/external/ntplib.py": "4da8f970656505a40483206ef2b5d3dd5e81711d", "lib/server.py": "99303c836c683aa9017ec565104e636161d02acb", "lib/source_hashes.py": "60a2e02193209e8d392803326208d5466342da18", "lib/summary.py": "aa92f0a3f975eecd44d3c0cd0236342ccc9f941d", "lib/time_sync.py": "80894ef2389e540781ff78de94db16aa4203a14e", "server.py": "c3f90f2f7eeb4db30727556d0c815ebc89b3d28b", "tests/unit/__init__.py": "da39a3ee5e6b4b0d3255bfef95601890afd80709", "tests/unit/test_server.py": "948c1995d4008bc2aa6c4046a34ffa3858d6d671", "tests/unit/test_source_hashes.py": "00468a2907583c593e6574a1f6b404e4651c221a"}, "modules": {"ptd_client_server.lib.client": "lib/client.py", "ptd_client_server.lib.common": "lib/common.py", "ptd_client_server.lib.external.ntplib": "lib/external/ntplib.py", "ptd_client_server.lib.source_hashes": "lib/source_hashes.py", "ptd_client_server.lib.summary": "lib/summary.py", "ptd_client_server.lib.time_sync": "lib/time_sync.py"}}
client 2024-02-03 23:49:58,460 [INFO] Running workload in ranging mode
client 2024-02-03 23:49:58,460 [INFO] Synchronizing with the server and with time.google.com...
client 2024-02-03 23:49:58,506 [INFO] NTP:offset = 0.004 s, delay = 0.045 s 
client 2024-02-03 23:49:58,506 [INFO] Sending command to the server: 'time'
client 2024-02-03 23:49:58,510 [INFO] Got response: '1707004198.5124772'
client 2024-02-03 23:49:58,510 [INFO] The time difference between the client and the server is within range -5.734 ms..-2.117 ms
client 2024-02-03 23:49:58,510 [INFO] Sending command to the server: 'session,2024-02-03_23-49-58,start,ranging'
client 2024-02-03 23:50:26,602 [INFO] Got response: 'OK'
client 2024-02-03 23:50:26,605 [INFO] Sending command to the server: 'time'
client 2024-02-03 23:50:26,609 [INFO] Got response: '1707004226.611382'
client 2024-02-03 23:50:26,609 [INFO] The time difference between the client and the server is within range -6.300 ms..-1.643 ms
client 2024-02-03 23:50:26,610 [INFO] Running the workload 'CM_MLPERF_RUN_COUNT=$(cat ${CM_RUN_DIR}/count.txt); echo ${CM_MLPERF_RUN_COUNT}; CM_MLPERF_RUN_COUNT=$((CM_MLPERF_RUN_COUNT+1)); echo ${CM_MLPERF_RUN_COUNT} > ${CM_RUN_DIR}/count.txt && if [ ${CM_MLPERF_RUN_COUNT} -eq "1" ]; then export CM_MLPERF_USER_CONF=${CM_MLPERF_RANGING_USER_CONF}; else export CM_MLPERF_USER_CONF=${CM_MLPERF_TESTING_USER_CONF}; fi && /mnt/CM/repos/ctuning@mlcommons-ck/cm-mlops/script/get-lib-armnn/run.out'
client 2024-02-03 23:55:29,265 [INFO] Sending command to the server: 'time'
client 2024-02-03 23:55:29,358 [INFO] Got response: '1707004529.3600187'
client 2024-02-03 23:55:29,359 [INFO] The time difference between the client and the server is within range -94.367 ms..-0.920 ms
client 2024-02-03 23:55:29,359 [INFO] Sending command to the server: 'session,2024-02-03_23-49-58,stop,ranging'
client 2024-02-03 23:55:39,660 [INFO] Got response: 'OK'
client 2024-02-03 23:55:39,661 [INFO] Sending command to the server: 'time'
client 2024-02-03 23:55:39,666 [INFO] Got response: '1707004539.6671739'
client 2024-02-03 23:55:39,666 [INFO] The time difference between the client and the server is within range -5.520 ms..-0.747 ms
client 2024-02-03 23:55:39,683 [INFO] Copying loadgen logs from '/home/arjun/results_dir/valid_results/orin-tflite_armnn_cpp-cpu-armnn_tflite-v23.11-using_neon/mobilenet-v1-precision_uint8-1.0-224/singlestream/performance/run_1' to '/home/arjun/results_dir/valid_results/orin-tflite_armnn_cpp-cpu-armnn_tflite-v23.11-using_neon/mobilenet-v1-precision_uint8-1.0-224/singlestream/performance/tmp_power/ranging'
client 2024-02-03 23:55:39,685 [INFO] Running workload in testing mode
client 2024-02-03 23:55:39,686 [INFO] Synchronizing with the server and with time.google.com...
client 2024-02-03 23:55:39,728 [INFO] NTP:offset = 0.000 s, delay = 0.021 s 
client 2024-02-03 23:55:39,729 [INFO] Sending command to the server: 'time'
client 2024-02-03 23:55:39,732 [INFO] Got response: '1707004539.7345495'
client 2024-02-03 23:55:39,732 [INFO] The time difference between the client and the server is within range -5.315 ms..-1.978 ms
client 2024-02-03 23:55:39,732 [INFO] Sending command to the server: 'session,2024-02-03_23-49-58,start,testing'
client 2024-02-03 23:55:52,757 [INFO] Got response: 'OK'
client 2024-02-03 23:55:52,757 [INFO] Sending command to the server: 'time'
client 2024-02-03 23:55:52,762 [INFO] Got response: '1707004552.7636828'
client 2024-02-03 23:55:52,762 [INFO] The time difference between the client and the server is within range -5.771 ms..-1.059 ms
client 2024-02-03 23:55:52,762 [INFO] Running the workload 'CM_MLPERF_RUN_COUNT=$(cat ${CM_RUN_DIR}/count.txt); echo ${CM_MLPERF_RUN_COUNT}; CM_MLPERF_RUN_COUNT=$((CM_MLPERF_RUN_COUNT+1)); echo ${CM_MLPERF_RUN_COUNT} > ${CM_RUN_DIR}/count.txt && if [ ${CM_MLPERF_RUN_COUNT} -eq "1" ]; then export CM_MLPERF_USER_CONF=${CM_MLPERF_RANGING_USER_CONF}; else export CM_MLPERF_USER_CONF=${CM_MLPERF_TESTING_USER_CONF}; fi && /mnt/CM/repos/ctuning@mlcommons-ck/cm-mlops/script/get-lib-armnn/run.out'
client 2024-02-04 00:05:57,500 [INFO] Sending command to the server: 'time'
client 2024-02-04 00:05:57,599 [INFO] Got response: '1707005157.601405'
client 2024-02-04 00:05:57,600 [INFO] The time difference between the client and the server is within range -101.375 ms..-1.215 ms
client 2024-02-04 00:05:57,600 [INFO] Sending command to the server: 'session,2024-02-03_23-49-58,stop,testing'
client 2024-02-04 00:06:07,815 [INFO] Got response: 'OK'
client 2024-02-04 00:06:07,816 [INFO] Sending command to the server: 'time'
client 2024-02-04 00:06:07,819 [INFO] Got response: '1707005167.8225925'
client 2024-02-04 00:06:07,820 [INFO] The time difference between the client and the server is within range -6.278 ms..-2.251 ms
client 2024-02-04 00:06:07,825 [INFO] Copying loadgen logs from '/home/arjun/results_dir/valid_results/orin-tflite_armnn_cpp-cpu-armnn_tflite-v23.11-using_neon/mobilenet-v1-precision_uint8-1.0-224/singlestream/performance/run_1' to '/home/arjun/results_dir/valid_results/orin-tflite_armnn_cpp-cpu-armnn_tflite-v23.11-using_neon/mobilenet-v1-precision_uint8-1.0-224/singlestream/performance/tmp_power/run_1'
client 2024-02-04 00:06:07,827 [INFO] Done runs
