client 2024-01-31 07:26:01,755 [INFO] Creating output directory '/home/arjun/results_dir/valid_results/orin-tflite_cpp-cpu-tflite-vmaster-with_live_preprocessing/efficientnet-fp32-lite4/singlestream/performance/tmp_power'
client 2024-01-31 07:26:01,797 [INFO] Sending command to the server: 'mlcommons/power client v3'
client 2024-01-31 07:26:01,800 [INFO] Got response: 'mlcommons/power server v3'
client 2024-01-31 07:26:01,800 [INFO] Synchronizing with the server and with time.google.com...
client 2024-01-31 07:26:01,837 [INFO] NTP:offset = -0.005 s, delay = 0.020 s 
client 2024-01-31 07:26:01,837 [INFO] Sending command to the server: 'time'
client 2024-01-31 07:26:01,840 [INFO] Got response: '1706685961.8367944'
client 2024-01-31 07:26:01,840 [INFO] The time difference between the client and the server is within range 0.880 ms..3.857 ms
client 2024-01-31 07:26:01,840 [INFO] Sending command to the server: 'new,,124b020a-6e30-4fa4-a1d0-07f4e321dbe2'
client 2024-01-31 07:26:01,843 [INFO] Got response: 'OK 2024-01-31_07-26-01,9f8f4c64-1712-47e9-83f0-3eaf77672a85'
client 2024-01-31 07:26:01,843 [INFO] Session id is '2024-01-31_07-26-01'
client 2024-01-31 07:26:01,843 [INFO] Sources: {"sources": {"__init__.py": "da39a3ee5e6b4b0d3255bfef95601890afd80709", "client.py": "33ca4f26368777ac06e01f9567b714a4b8063886", "lib/__init__.py": "da39a3ee5e6b4b0d3255bfef95601890afd80709", "lib/client.py": "ac2aa093c8e8bbc9569b9e2a3471bc64e58a2258", "lib/common.py": "611d8b29633d331eb19c9455ea3b5fa3284ed6df", "lib/external/__init__.py": "da39a3ee5e6b4b0d3255bfef95601890afd80709", "lib/external/ntplib.py": "4da8f970656505a40483206ef2b5d3dd5e81711d", "lib/server.py": "99303c836c683aa9017ec565104e636161d02acb", "lib/source_hashes.py": "60a2e02193209e8d392803326208d5466342da18", "lib/summary.py": "aa92f0a3f975eecd44d3c0cd0236342ccc9f941d", "lib/time_sync.py": "80894ef2389e540781ff78de94db16aa4203a14e", "server.py": "c3f90f2f7eeb4db30727556d0c815ebc89b3d28b", "tests/unit/__init__.py": "da39a3ee5e6b4b0d3255bfef95601890afd80709", "tests/unit/test_server.py": "948c1995d4008bc2aa6c4046a34ffa3858d6d671", "tests/unit/test_source_hashes.py": "00468a2907583c593e6574a1f6b404e4651c221a"}, "modules": {"ptd_client_server.lib.client": "lib/client.py", "ptd_client_server.lib.common": "lib/common.py", "ptd_client_server.lib.external.ntplib": "lib/external/ntplib.py", "ptd_client_server.lib.source_hashes": "lib/source_hashes.py", "ptd_client_server.lib.summary": "lib/summary.py", "ptd_client_server.lib.time_sync": "lib/time_sync.py"}}
client 2024-01-31 07:26:01,844 [INFO] Running workload in ranging mode
client 2024-01-31 07:26:01,844 [INFO] Synchronizing with the server and with time.google.com...
client 2024-01-31 07:26:01,867 [INFO] NTP:offset = -0.004 s, delay = 0.021 s 
client 2024-01-31 07:26:01,867 [INFO] Sending command to the server: 'time'
client 2024-01-31 07:26:01,870 [INFO] Got response: '1706685961.8671567'
client 2024-01-31 07:26:01,870 [INFO] The time difference between the client and the server is within range 0.736 ms..3.789 ms
client 2024-01-31 07:26:01,871 [INFO] Sending command to the server: 'session,2024-01-31_07-26-01,start,ranging'
client 2024-01-31 07:26:29,947 [INFO] Got response: 'OK'
client 2024-01-31 07:26:29,950 [INFO] Sending command to the server: 'time'
client 2024-01-31 07:26:29,953 [INFO] Got response: '1706685989.9498096'
client 2024-01-31 07:26:29,954 [INFO] The time difference between the client and the server is within range 0.274 ms..4.533 ms
client 2024-01-31 07:26:29,954 [INFO] Running the workload 'CM_MLPERF_RUN_COUNT=$(cat ${CM_RUN_DIR}/count.txt); echo ${CM_MLPERF_RUN_COUNT}; CM_MLPERF_RUN_COUNT=$((CM_MLPERF_RUN_COUNT+1)); echo ${CM_MLPERF_RUN_COUNT} > ${CM_RUN_DIR}/count.txt && if [ ${CM_MLPERF_RUN_COUNT} -eq "1" ]; then export CM_MLPERF_USER_CONF=${CM_MLPERF_RANGING_USER_CONF}; else export CM_MLPERF_USER_CONF=${CM_MLPERF_TESTING_USER_CONF}; fi && /home/arjun/run.out'
client 2024-01-31 07:31:34,444 [INFO] Sending command to the server: 'time'
client 2024-01-31 07:31:34,449 [INFO] Got response: '1706686294.4446402'
client 2024-01-31 07:31:34,449 [INFO] The time difference between the client and the server is within range -0.560 ms..4.749 ms
client 2024-01-31 07:31:34,449 [INFO] Sending command to the server: 'session,2024-01-31_07-26-01,stop,ranging'
client 2024-01-31 07:31:45,109 [INFO] Got response: 'OK'
client 2024-01-31 07:31:45,110 [INFO] Sending command to the server: 'time'
client 2024-01-31 07:31:45,113 [INFO] Got response: '1706686305.109698'
client 2024-01-31 07:31:45,113 [INFO] The time difference between the client and the server is within range 0.469 ms..4.213 ms
client 2024-01-31 07:31:45,131 [INFO] Copying loadgen logs from '/home/arjun/results_dir/valid_results/orin-tflite_cpp-cpu-tflite-vmaster-with_live_preprocessing/efficientnet-fp32-lite4/singlestream/performance/run_1' to '/home/arjun/results_dir/valid_results/orin-tflite_cpp-cpu-tflite-vmaster-with_live_preprocessing/efficientnet-fp32-lite4/singlestream/performance/tmp_power/ranging'
client 2024-01-31 07:31:45,133 [INFO] Running workload in testing mode
client 2024-01-31 07:31:45,133 [INFO] Synchronizing with the server and with time.google.com...
client 2024-01-31 07:31:45,159 [INFO] NTP:offset = -0.005 s, delay = 0.021 s 
client 2024-01-31 07:31:45,159 [INFO] Sending command to the server: 'time'
client 2024-01-31 07:31:45,163 [INFO] Got response: '1706686305.1598935'
client 2024-01-31 07:31:45,163 [INFO] The time difference between the client and the server is within range -0.037 ms..3.910 ms
client 2024-01-31 07:31:45,164 [INFO] Sending command to the server: 'session,2024-01-31_07-26-01,start,testing'
client 2024-01-31 07:31:58,187 [INFO] Got response: 'OK'
client 2024-01-31 07:31:58,188 [INFO] Sending command to the server: 'time'
client 2024-01-31 07:31:58,191 [INFO] Got response: '1706686318.1877491'
client 2024-01-31 07:31:58,191 [INFO] The time difference between the client and the server is within range 0.220 ms..3.881 ms
client 2024-01-31 07:31:58,191 [INFO] Running the workload 'CM_MLPERF_RUN_COUNT=$(cat ${CM_RUN_DIR}/count.txt); echo ${CM_MLPERF_RUN_COUNT}; CM_MLPERF_RUN_COUNT=$((CM_MLPERF_RUN_COUNT+1)); echo ${CM_MLPERF_RUN_COUNT} > ${CM_RUN_DIR}/count.txt && if [ ${CM_MLPERF_RUN_COUNT} -eq "1" ]; then export CM_MLPERF_USER_CONF=${CM_MLPERF_RANGING_USER_CONF}; else export CM_MLPERF_USER_CONF=${CM_MLPERF_TESTING_USER_CONF}; fi && /home/arjun/run.out'
client 2024-01-31 07:42:03,177 [INFO] Sending command to the server: 'time'
client 2024-01-31 07:42:03,180 [INFO] Got response: '1706686923.1773381'
client 2024-01-31 07:42:03,181 [INFO] The time difference between the client and the server is within range -0.234 ms..3.921 ms
client 2024-01-31 07:42:03,181 [INFO] Sending command to the server: 'session,2024-01-31_07-26-01,stop,testing'
client 2024-01-31 07:42:14,245 [INFO] Got response: 'OK'
client 2024-01-31 07:42:14,246 [INFO] Sending command to the server: 'time'
client 2024-01-31 07:42:14,249 [INFO] Got response: '1706686934.246328'
client 2024-01-31 07:42:14,249 [INFO] The time difference between the client and the server is within range 0.344 ms..3.366 ms
client 2024-01-31 07:42:14,254 [INFO] Copying loadgen logs from '/home/arjun/results_dir/valid_results/orin-tflite_cpp-cpu-tflite-vmaster-with_live_preprocessing/efficientnet-fp32-lite4/singlestream/performance/run_1' to '/home/arjun/results_dir/valid_results/orin-tflite_cpp-cpu-tflite-vmaster-with_live_preprocessing/efficientnet-fp32-lite4/singlestream/performance/tmp_power/run_1'
client 2024-01-31 07:42:14,256 [INFO] Done runs
