client 2024-02-07 06:19:25,247 [INFO] Creating output directory '/home/krai/work_collection/experiments_submission/generated_by_power_measurement_on_run_f68d87da222e408cb3949dc0eddfec23/power_logs'
client 2024-02-07 06:19:25,249 [INFO] Sending command to the server: 'mlcommons/power client v3'
client 2024-02-07 06:19:25,250 [INFO] Got response: 'mlcommons/power server v3'
client 2024-02-07 06:19:25,250 [INFO] Synchronizing with the server and with time.google.com...
client 2024-02-07 06:19:25,349 [INFO] NTP:offset = 0.010 s, delay = 0.093 s 
client 2024-02-07 06:19:25,349 [INFO] Sending command to the server: 'time'
client 2024-02-07 06:19:25,351 [INFO] Got response: '1707308365.3505301'
client 2024-02-07 06:19:25,351 [INFO] The time difference between the client and the server is within range -0.686 ms..0.810 ms
client 2024-02-07 06:19:25,351 [INFO] Sending command to the server: 'new,,c5fa34a1-5404-4b6c-ba8a-a4d377dce66d'
client 2024-02-07 06:19:25,353 [INFO] Got response: 'OK 2024-02-07_06-19-25,1b435f6f-8589-49bb-a5c2-81ab579490ef'
client 2024-02-07 06:19:25,353 [INFO] Session id is '2024-02-07_06-19-25'
client 2024-02-07 06:19:25,353 [INFO] Sources: {"sources": {"__init__.py": "da39a3ee5e6b4b0d3255bfef95601890afd80709", "client.py": "33ca4f26368777ac06e01f9567b714a4b8063886", "lib/__init__.py": "da39a3ee5e6b4b0d3255bfef95601890afd80709", "lib/client.py": "ac2aa093c8e8bbc9569b9e2a3471bc64e58a2258", "lib/common.py": "611d8b29633d331eb19c9455ea3b5fa3284ed6df", "lib/external/__init__.py": "da39a3ee5e6b4b0d3255bfef95601890afd80709", "lib/external/ntplib.py": "4da8f970656505a40483206ef2b5d3dd5e81711d", "lib/server.py": "99303c836c683aa9017ec565104e636161d02acb", "lib/source_hashes.py": "60a2e02193209e8d392803326208d5466342da18", "lib/summary.py": "aa92f0a3f975eecd44d3c0cd0236342ccc9f941d", "lib/time_sync.py": "80894ef2389e540781ff78de94db16aa4203a14e", "server.py": "c3f90f2f7eeb4db30727556d0c815ebc89b3d28b", "tests/unit/__init__.py": "da39a3ee5e6b4b0d3255bfef95601890afd80709", "tests/unit/test_server.py": "948c1995d4008bc2aa6c4046a34ffa3858d6d671", "tests/unit/test_source_hashes.py": "00468a2907583c593e6574a1f6b404e4651c221a"}, "modules": {"ptd_client_server.lib.client": "lib/client.py", "ptd_client_server.lib.common": "lib/common.py", "ptd_client_server.lib.external.ntplib": "lib/external/ntplib.py", "ptd_client_server.lib.source_hashes": "lib/source_hashes.py", "ptd_client_server.lib.summary": "lib/summary.py", "ptd_client_server.lib.time_sync": "lib/time_sync.py"}}
client 2024-02-07 06:19:25,353 [INFO] Running workload in ranging mode
client 2024-02-07 06:19:25,353 [INFO] Synchronizing with the server and with time.google.com...
client 2024-02-07 06:19:25,450 [INFO] NTP:offset = 0.008 s, delay = 0.096 s 
client 2024-02-07 06:19:25,451 [INFO] Sending command to the server: 'time'
client 2024-02-07 06:19:25,452 [INFO] Got response: '1707308365.4514697'
client 2024-02-07 06:19:25,452 [INFO] The time difference between the client and the server is within range -0.441 ms..0.790 ms
client 2024-02-07 06:19:25,452 [INFO] Sending command to the server: 'session,2024-02-07_06-19-25,start,ranging'
client 2024-02-07 06:20:04,679 [INFO] Got response: 'OK'
client 2024-02-07 06:20:04,679 [INFO] Sending command to the server: 'time'
client 2024-02-07 06:20:04,681 [INFO] Got response: '1707308404.680501'
client 2024-02-07 06:20:04,681 [INFO] The time difference between the client and the server is within range -0.588 ms..0.801 ms
client 2024-02-07 06:20:04,681 [INFO] Running the workload 'axs byquery loadgen_output,task=bert,sut_name=g293_q16e_ultra,model_name=bert-99.9,framework=kilt,device=qaic,collection_name=experiments_submission,loadgen_mode=PerformanceOnly,loadgen_compliance_test-,loadgen_scenario=Offline,fan=175,_with_power+,symlink_to=/home/krai/work_collection/experiments_submission/generated_by_power_measurement_on_run_f68d87da222e408cb3949dc0eddfec23/last_mlperf_logs,power_client_entrydic_path=/home/krai/work_collection/experiments_submission/generated_by_power_measurement_on_run_f68d87da222e408cb3949dc0eddfec23/program_output.json,effective_no_ranging-'
client 2024-02-07 06:44:05,393 [INFO] Sending command to the server: 'time'
client 2024-02-07 06:44:05,395 [INFO] Got response: '1707309845.3945677'
client 2024-02-07 06:44:05,395 [INFO] The time difference between the client and the server is within range -0.979 ms..0.791 ms
client 2024-02-07 06:44:05,395 [INFO] Sending command to the server: 'session,2024-02-07_06-19-25,stop,ranging'
client 2024-02-07 06:44:15,772 [INFO] Got response: 'OK'
client 2024-02-07 06:44:15,772 [INFO] Sending command to the server: 'time'
client 2024-02-07 06:44:15,773 [INFO] Got response: '1707309855.7729466'
client 2024-02-07 06:44:15,773 [INFO] The time difference between the client and the server is within range -0.090 ms..0.541 ms
client 2024-02-07 06:44:15,780 [INFO] Copying loadgen logs from '/home/krai/work_collection/experiments_submission/generated_by_power_measurement_on_run_f68d87da222e408cb3949dc0eddfec23/last_mlperf_logs' to '/home/krai/work_collection/experiments_submission/generated_by_power_measurement_on_run_f68d87da222e408cb3949dc0eddfec23/power_logs/ranging'
client 2024-02-07 06:44:15,781 [INFO] Running workload in testing mode
client 2024-02-07 06:44:15,781 [INFO] Synchronizing with the server and with time.google.com...
client 2024-02-07 06:44:15,872 [INFO] NTP:offset = 0.011 s, delay = 0.089 s 
client 2024-02-07 06:44:15,872 [INFO] Sending command to the server: 'time'
client 2024-02-07 06:44:15,874 [INFO] Got response: '1707309855.8735366'
client 2024-02-07 06:44:15,874 [INFO] The time difference between the client and the server is within range -0.623 ms..0.779 ms
client 2024-02-07 06:44:15,874 [INFO] Sending command to the server: 'session,2024-02-07_06-19-25,start,testing'
client 2024-02-07 06:44:37,493 [INFO] Got response: 'OK'
client 2024-02-07 06:44:37,493 [INFO] Sending command to the server: 'time'
client 2024-02-07 06:44:37,494 [INFO] Got response: '1707309877.493728'
client 2024-02-07 06:44:37,494 [INFO] The time difference between the client and the server is within range -0.552 ms..0.736 ms
client 2024-02-07 06:44:37,494 [INFO] Running the workload 'axs byquery loadgen_output,task=bert,sut_name=g293_q16e_ultra,model_name=bert-99.9,framework=kilt,device=qaic,collection_name=experiments_submission,loadgen_mode=PerformanceOnly,loadgen_compliance_test-,loadgen_scenario=Offline,fan=175,_with_power+,symlink_to=/home/krai/work_collection/experiments_submission/generated_by_power_measurement_on_run_f68d87da222e408cb3949dc0eddfec23/last_mlperf_logs,power_client_entrydic_path=/home/krai/work_collection/experiments_submission/generated_by_power_measurement_on_run_f68d87da222e408cb3949dc0eddfec23/program_output.json,effective_no_ranging-'
client 2024-02-07 07:08:37,531 [INFO] Sending command to the server: 'time'
client 2024-02-07 07:08:37,533 [INFO] Got response: '1707311317.532863'
client 2024-02-07 07:08:37,533 [INFO] The time difference between the client and the server is within range -1.043 ms..0.851 ms
client 2024-02-07 07:08:37,533 [INFO] Sending command to the server: 'session,2024-02-07_06-19-25,stop,testing'
client 2024-02-07 07:08:48,519 [INFO] Got response: 'OK'
client 2024-02-07 07:08:48,519 [INFO] Sending command to the server: 'time'
client 2024-02-07 07:08:48,519 [INFO] Got response: '1707311328.519409'
client 2024-02-07 07:08:48,519 [INFO] The time difference between the client and the server is within range -0.076 ms..0.562 ms
client 2024-02-07 07:08:48,521 [INFO] Copying loadgen logs from '/home/krai/work_collection/experiments_submission/generated_by_power_measurement_on_run_f68d87da222e408cb3949dc0eddfec23/last_mlperf_logs' to '/home/krai/work_collection/experiments_submission/generated_by_power_measurement_on_run_f68d87da222e408cb3949dc0eddfec23/power_logs/run_1'
client 2024-02-07 07:08:48,522 [INFO] Done runs
