Graph file: /home/ubuntu/CM/repos/local/cache/b6c5f785e45047d8/mobilenet_v1_0.25_192.tflite
Image dir: /home/ubuntu/CM/repos/local/cache/9ac732d32b374114
Image list: /home/ubuntu/CM/repos/local/cache/9ac732d32b374114/preprocessed_files.txt
Image size: 192
Image channels: 3
Prediction classes: 1000
Result dir: /home/ubuntu/CM/repos/local/cache/9189d9e91ded4a64/valid_results/ip_172_31_17_121-tflite_cpp-cpu-tflite-vmaster-default_config/mobilenet-v1-precision_float-0.25-192/singlestream/performance/run_1
How many images fit in memory buffer: 1024
Normalize: 1
Subtract mean: 0
Run time preprocessing: 0
Number of Threads: 16
Number of available imagefiles: 50000

Loading graph...
INFO: Created TensorFlow Lite XNNPACK delegate for CPU.
Input tensor dimensions (NHWC): 1*192*192*3
Output tensor dimensions: 1*1001
Path to mlperf.conf : /home/ubuntu/CM/repos/local/cache/64edb80306f94124/inference/mlperf.conf
Path to user.conf : /home/ubuntu/CM/repos/ctuning@mlcommons-ck/cm-mlops/script/generate-mlperf-inference-user-conf/tmp/ade61e2a59584125829f19a978c85a9d.conf
Model Name: mobilenet
LoadGen Scenario: SingleStream
LoadGen Mode: performance
