Graph file: /home/ubuntu/CM/repos/local/cache/e878f1faba754a03/mobilenet_v2_0.5_192.tflite
Image dir: /home/ubuntu/CM/repos/local/cache/83b837bb93a54c48
Image list: /home/ubuntu/CM/repos/local/cache/83b837bb93a54c48/preprocessed_files.txt
Image size: 192
Image channels: 3
Prediction classes: 1000
Result dir: /home/ubuntu/CM/repos/local/cache/a4a5ea16d6484514/valid_results/ip_172_31_38_149-tflite_cpp-cpu-tflite-vmaster-default_config/mobilenet-v2-precision_float-0.5-192/singlestream/performance/run_1
How many images fit in memory buffer: 1024
Normalize: 1
Subtract mean: 0
Run time preprocessing: 0
Number of Threads: 2
Number of available imagefiles: 50000

Loading graph...
INFO: Created TensorFlow Lite XNNPACK delegate for CPU.
Input tensor dimensions (NHWC): 1*192*192*3
Output tensor dimensions: 1*1001
Path to mlperf.conf : /home/ubuntu/CM/repos/local/cache/3fb96ad6072347c2/inference/mlperf.conf
Path to user.conf : /home/ubuntu/CM/repos/ctuning@mlcommons-ck/cm-mlops/script/generate-mlperf-inference-user-conf/tmp/f944fdd5e740492d9065e1e7dfb56eef.conf
Model Name: mobilenet
LoadGen Scenario: SingleStream
LoadGen Mode: performance
