client 2024-01-29 03:13:10,239 [INFO] Creating output directory '/home/arjun/results_dir/valid_results/orin-tflite_cpp-cpu-tflite-vmaster-default_config/mobilenet-v1-precision_uint8-0.5-160/singlestream/performance/tmp_power'
client 2024-01-29 03:13:10,345 [INFO] Sending command to the server: 'mlcommons/power client v3'
client 2024-01-29 03:13:10,348 [INFO] Got response: 'mlcommons/power server v3'
client 2024-01-29 03:13:10,348 [INFO] Synchronizing with the server and with time.google.com...
client 2024-01-29 03:13:10,378 [INFO] NTP:offset = -0.005 s, delay = 0.021 s 
client 2024-01-29 03:13:10,378 [INFO] Sending command to the server: 'time'
client 2024-01-29 03:13:10,381 [INFO] Got response: '1706497990.380133'
client 2024-01-29 03:13:10,382 [INFO] The time difference between the client and the server is within range -1.358 ms..1.958 ms
client 2024-01-29 03:13:10,382 [INFO] Sending command to the server: 'new,,8ddb273e-cac5-44de-8c24-a25cea47e4f8'
client 2024-01-29 03:13:10,385 [INFO] Got response: 'OK 2024-01-29_03-13-10,d530c238-d4c5-4e13-9474-ba00cd21692f'
client 2024-01-29 03:13:10,385 [INFO] Session id is '2024-01-29_03-13-10'
client 2024-01-29 03:13:10,386 [INFO] Sources: {"sources": {"__init__.py": "da39a3ee5e6b4b0d3255bfef95601890afd80709", "client.py": "33ca4f26368777ac06e01f9567b714a4b8063886", "lib/__init__.py": "da39a3ee5e6b4b0d3255bfef95601890afd80709", "lib/client.py": "ac2aa093c8e8bbc9569b9e2a3471bc64e58a2258", "lib/common.py": "611d8b29633d331eb19c9455ea3b5fa3284ed6df", "lib/external/__init__.py": "da39a3ee5e6b4b0d3255bfef95601890afd80709", "lib/external/ntplib.py": "4da8f970656505a40483206ef2b5d3dd5e81711d", "lib/server.py": "99303c836c683aa9017ec565104e636161d02acb", "lib/source_hashes.py": "60a2e02193209e8d392803326208d5466342da18", "lib/summary.py": "aa92f0a3f975eecd44d3c0cd0236342ccc9f941d", "lib/time_sync.py": "80894ef2389e540781ff78de94db16aa4203a14e", "server.py": "c3f90f2f7eeb4db30727556d0c815ebc89b3d28b", "tests/unit/__init__.py": "da39a3ee5e6b4b0d3255bfef95601890afd80709", "tests/unit/test_server.py": "948c1995d4008bc2aa6c4046a34ffa3858d6d671", "tests/unit/test_source_hashes.py": "00468a2907583c593e6574a1f6b404e4651c221a"}, "modules": {"ptd_client_server.lib.client": "lib/client.py", "ptd_client_server.lib.common": "lib/common.py", "ptd_client_server.lib.external.ntplib": "lib/external/ntplib.py", "ptd_client_server.lib.source_hashes": "lib/source_hashes.py", "ptd_client_server.lib.summary": "lib/summary.py", "ptd_client_server.lib.time_sync": "lib/time_sync.py"}}
client 2024-01-29 03:13:10,386 [INFO] Running workload in ranging mode
client 2024-01-29 03:13:10,386 [INFO] Synchronizing with the server and with time.google.com...
client 2024-01-29 03:13:10,409 [INFO] NTP:offset = -0.004 s, delay = 0.021 s 
client 2024-01-29 03:13:10,409 [INFO] Sending command to the server: 'time'
client 2024-01-29 03:13:10,412 [INFO] Got response: '1706497990.4114041'
client 2024-01-29 03:13:10,413 [INFO] The time difference between the client and the server is within range -1.588 ms..1.602 ms
client 2024-01-29 03:13:10,413 [INFO] Sending command to the server: 'session,2024-01-29_03-13-10,start,ranging'
client 2024-01-29 03:13:38,493 [INFO] Got response: 'OK'
client 2024-01-29 03:13:38,495 [INFO] Sending command to the server: 'time'
client 2024-01-29 03:13:38,498 [INFO] Got response: '1706498018.496841'
client 2024-01-29 03:13:38,498 [INFO] The time difference between the client and the server is within range -1.481 ms..1.800 ms
client 2024-01-29 03:13:38,498 [INFO] Running the workload 'CM_MLPERF_RUN_COUNT=$(cat ${CM_RUN_DIR}/count.txt); echo ${CM_MLPERF_RUN_COUNT}; CM_MLPERF_RUN_COUNT=$((CM_MLPERF_RUN_COUNT+1)); echo ${CM_MLPERF_RUN_COUNT} > ${CM_RUN_DIR}/count.txt && if [ ${CM_MLPERF_RUN_COUNT} -eq "1" ]; then export CM_MLPERF_USER_CONF=${CM_MLPERF_RANGING_USER_CONF}; else export CM_MLPERF_USER_CONF=${CM_MLPERF_TESTING_USER_CONF}; fi && /mnt/CM/repos/ctuning@mlcommons-ck/cm-mlops/script/benchmark-any-mlperf-inference-implementation/run.out'
client 2024-01-29 03:18:40,933 [INFO] Sending command to the server: 'time'
client 2024-01-29 03:18:40,995 [INFO] Got response: '1706498320.9931433'
client 2024-01-29 03:18:40,996 [INFO] The time difference between the client and the server is within range -60.235 ms..3.190 ms
client 2024-01-29 03:18:40,996 [INFO] Sending command to the server: 'session,2024-01-29_03-13-10,stop,ranging'
client 2024-01-29 03:18:51,595 [INFO] Got response: 'OK'
client 2024-01-29 03:18:51,596 [INFO] Sending command to the server: 'time'
client 2024-01-29 03:18:51,599 [INFO] Got response: '1706498331.5980427'
client 2024-01-29 03:18:51,599 [INFO] The time difference between the client and the server is within range -2.002 ms..1.726 ms
client 2024-01-29 03:18:51,618 [INFO] Copying loadgen logs from '/home/arjun/results_dir/valid_results/orin-tflite_cpp-cpu-tflite-vmaster-default_config/mobilenet-v1-precision_uint8-0.5-160/singlestream/performance/run_1' to '/home/arjun/results_dir/valid_results/orin-tflite_cpp-cpu-tflite-vmaster-default_config/mobilenet-v1-precision_uint8-0.5-160/singlestream/performance/tmp_power/ranging'
client 2024-01-29 03:18:51,621 [INFO] Running workload in testing mode
client 2024-01-29 03:18:51,621 [INFO] Synchronizing with the server and with time.google.com...
client 2024-01-29 03:18:51,647 [INFO] NTP:offset = -0.004 s, delay = 0.021 s 
client 2024-01-29 03:18:51,647 [INFO] Sending command to the server: 'time'
client 2024-01-29 03:18:51,650 [INFO] Got response: '1706498331.6499445'
client 2024-01-29 03:18:51,650 [INFO] The time difference between the client and the server is within range -2.249 ms..1.013 ms
client 2024-01-29 03:18:51,651 [INFO] Sending command to the server: 'session,2024-01-29_03-13-10,start,testing'
client 2024-01-29 03:19:04,670 [INFO] Got response: 'OK'
client 2024-01-29 03:19:04,671 [INFO] Sending command to the server: 'time'
client 2024-01-29 03:19:04,674 [INFO] Got response: '1706498344.6729696'
client 2024-01-29 03:19:04,674 [INFO] The time difference between the client and the server is within range -1.995 ms..1.427 ms
client 2024-01-29 03:19:04,674 [INFO] Running the workload 'CM_MLPERF_RUN_COUNT=$(cat ${CM_RUN_DIR}/count.txt); echo ${CM_MLPERF_RUN_COUNT}; CM_MLPERF_RUN_COUNT=$((CM_MLPERF_RUN_COUNT+1)); echo ${CM_MLPERF_RUN_COUNT} > ${CM_RUN_DIR}/count.txt && if [ ${CM_MLPERF_RUN_COUNT} -eq "1" ]; then export CM_MLPERF_USER_CONF=${CM_MLPERF_RANGING_USER_CONF}; else export CM_MLPERF_USER_CONF=${CM_MLPERF_TESTING_USER_CONF}; fi && /mnt/CM/repos/ctuning@mlcommons-ck/cm-mlops/script/benchmark-any-mlperf-inference-implementation/run.out'
client 2024-01-29 03:29:09,056 [INFO] Sending command to the server: 'time'
client 2024-01-29 03:29:09,061 [INFO] Got response: '1706498949.060128'
client 2024-01-29 03:29:09,061 [INFO] The time difference between the client and the server is within range -3.391 ms..1.283 ms
client 2024-01-29 03:29:09,061 [INFO] Sending command to the server: 'session,2024-01-29_03-13-10,stop,testing'
client 2024-01-29 03:29:19,732 [INFO] Got response: 'OK'
client 2024-01-29 03:29:19,733 [INFO] Sending command to the server: 'time'
client 2024-01-29 03:29:19,737 [INFO] Got response: '1706498959.736717'
client 2024-01-29 03:29:19,738 [INFO] The time difference between the client and the server is within range -2.943 ms..1.602 ms
client 2024-01-29 03:29:19,743 [INFO] Copying loadgen logs from '/home/arjun/results_dir/valid_results/orin-tflite_cpp-cpu-tflite-vmaster-default_config/mobilenet-v1-precision_uint8-0.5-160/singlestream/performance/run_1' to '/home/arjun/results_dir/valid_results/orin-tflite_cpp-cpu-tflite-vmaster-default_config/mobilenet-v1-precision_uint8-0.5-160/singlestream/performance/tmp_power/run_1'
client 2024-01-29 03:29:19,745 [INFO] Done runs
