client 2024-02-21 05:47:49,720 [INFO] Creating output directory '/home/arjun/results_dir/valid_results/phoenix_Amd_Am5-reference-cpu-deepsparse-vdefault-default_config/mobilebert-none-base-none-bert-99/singlestream/performance/tmp_power'
client 2024-02-21 05:47:49,729 [INFO] Sending command to the server: 'mlcommons/power client v3'
client 2024-02-21 05:47:49,739 [INFO] Got response: 'mlcommons/power server v3'
client 2024-02-21 05:47:49,739 [INFO] Synchronizing with the server and with time.google.com...
client 2024-02-21 05:47:49,774 [INFO] NTP:offset = -0.001 s, delay = 0.021 s 
client 2024-02-21 05:47:49,774 [INFO] Sending command to the server: 'time'
client 2024-02-21 05:47:49,784 [INFO] Got response: '1708494469.56152'
client 2024-02-21 05:47:49,784 [INFO] The time difference between the client and the server is within range 212.962 ms..222.909 ms
client 2024-02-21 05:47:49,784 [INFO] Sending command to the server: 'new,,57291da8-2251-49a8-9eaa-2150d32d7214'
client 2024-02-21 05:47:49,798 [INFO] Got response: 'OK 2024-02-21_05-47-49,e8a6f955-0bba-4d23-a195-75a1a75af7bc'
client 2024-02-21 05:47:49,798 [INFO] Session id is '2024-02-21_05-47-49'
client 2024-02-21 05:47:49,798 [INFO] Sources: {"sources": {"__init__.py": "da39a3ee5e6b4b0d3255bfef95601890afd80709", "client.py": "33ca4f26368777ac06e01f9567b714a4b8063886", "lib/__init__.py": "da39a3ee5e6b4b0d3255bfef95601890afd80709", "lib/client.py": "ac2aa093c8e8bbc9569b9e2a3471bc64e58a2258", "lib/common.py": "611d8b29633d331eb19c9455ea3b5fa3284ed6df", "lib/external/__init__.py": "da39a3ee5e6b4b0d3255bfef95601890afd80709", "lib/external/ntplib.py": "4da8f970656505a40483206ef2b5d3dd5e81711d", "lib/server.py": "99303c836c683aa9017ec565104e636161d02acb", "lib/source_hashes.py": "60a2e02193209e8d392803326208d5466342da18", "lib/summary.py": "aa92f0a3f975eecd44d3c0cd0236342ccc9f941d", "lib/time_sync.py": "80894ef2389e540781ff78de94db16aa4203a14e", "server.py": "c3f90f2f7eeb4db30727556d0c815ebc89b3d28b", "tests/unit/__init__.py": "da39a3ee5e6b4b0d3255bfef95601890afd80709", "tests/unit/test_server.py": "948c1995d4008bc2aa6c4046a34ffa3858d6d671", "tests/unit/test_source_hashes.py": "00468a2907583c593e6574a1f6b404e4651c221a"}, "modules": {"ptd_client_server.lib.client": "lib/client.py", "ptd_client_server.lib.common": "lib/common.py", "ptd_client_server.lib.external.ntplib": "lib/external/ntplib.py", "ptd_client_server.lib.source_hashes": "lib/source_hashes.py", "ptd_client_server.lib.summary": "lib/summary.py", "ptd_client_server.lib.time_sync": "lib/time_sync.py"}}
client 2024-02-21 05:47:49,799 [INFO] Running workload in ranging mode
client 2024-02-21 05:47:49,799 [INFO] Synchronizing with the server and with time.google.com...
client 2024-02-21 05:47:49,821 [INFO] NTP:offset = -0.001 s, delay = 0.022 s 
client 2024-02-21 05:47:49,821 [INFO] Sending command to the server: 'time'
client 2024-02-21 05:47:49,830 [INFO] Got response: '1708494469.6016743'
client 2024-02-21 05:47:49,830 [INFO] The time difference between the client and the server is within range 220.195 ms..229.087 ms
client 2024-02-21 05:47:49,830 [INFO] Sending command to the server: 'session,2024-02-21_05-47-49,start,ranging'
client 2024-02-21 05:48:13,768 [INFO] Got response: 'OK'
client 2024-02-21 05:48:13,768 [INFO] Sending command to the server: 'time'
client 2024-02-21 05:48:13,777 [INFO] Got response: '1708494493.5518212'
client 2024-02-21 05:48:13,777 [INFO] The time difference between the client and the server is within range 216.362 ms..226.050 ms
client 2024-02-21 05:48:13,777 [INFO] Running the workload 'CM_MLPERF_RUN_COUNT=$(cat ${CM_RUN_DIR}/count.txt); echo ${CM_MLPERF_RUN_COUNT}; CM_MLPERF_RUN_COUNT=$((CM_MLPERF_RUN_COUNT+1)); echo ${CM_MLPERF_RUN_COUNT} > ${CM_RUN_DIR}/count.txt && if [ ${CM_MLPERF_RUN_COUNT} -eq "1" ]; then export CM_MLPERF_USER_CONF=${CM_MLPERF_RANGING_USER_CONF}; else export CM_MLPERF_USER_CONF=${CM_MLPERF_TESTING_USER_CONF}; fi && /usr/bin/python3 run.py --backend=deepsparse --scenario=SingleStream --mlperf_conf "/home/arjun/CM/repos/local/cache/b5386651b8ab4bd4/inference/mlperf.conf" --user_conf "${CM_MLPERF_USER_CONF}" --quantized --batch_size=1 --model_path=/home/arjun/.cache/sparsezoo/12965f74-bd9e-4995-8ae8-bce8c434071e/model.onnx 2>&1 | tee /home/arjun/results_dir/valid_results/phoenix_Amd_Am5-reference-cpu-deepsparse-vdefault-default_config/mobilebert-none-base-none-bert-99/singlestream/performance/run_1/console.out'
client 2024-02-21 05:54:37,741 [INFO] Sending command to the server: 'time'
client 2024-02-21 05:54:37,751 [INFO] Got response: '1708494877.5141742'
client 2024-02-21 05:54:37,751 [INFO] The time difference between the client and the server is within range 226.860 ms..237.088 ms
client 2024-02-21 05:54:37,751 [INFO] Sending command to the server: 'session,2024-02-21_05-47-49,stop,ranging'
client 2024-02-21 05:54:48,077 [INFO] Got response: 'OK'
client 2024-02-21 05:54:48,077 [INFO] Sending command to the server: 'time'
client 2024-02-21 05:54:48,086 [INFO] Got response: '1708494887.8521247'
client 2024-02-21 05:54:48,086 [INFO] The time difference between the client and the server is within range 225.497 ms..234.098 ms
client 2024-02-21 05:54:48,088 [INFO] Copying loadgen logs from '/home/arjun/results_dir/valid_results/phoenix_Amd_Am5-reference-cpu-deepsparse-vdefault-default_config/mobilebert-none-base-none-bert-99/singlestream/performance/run_1' to '/home/arjun/results_dir/valid_results/phoenix_Amd_Am5-reference-cpu-deepsparse-vdefault-default_config/mobilebert-none-base-none-bert-99/singlestream/performance/tmp_power/ranging'
client 2024-02-21 05:54:48,088 [INFO] Running workload in testing mode
client 2024-02-21 05:54:48,088 [INFO] Synchronizing with the server and with time.google.com...
client 2024-02-21 05:54:48,111 [INFO] NTP:offset = 0.002 s, delay = 0.022 s 
client 2024-02-21 05:54:48,111 [INFO] Sending command to the server: 'time'
client 2024-02-21 05:54:48,120 [INFO] Got response: '1708494887.8921213'
client 2024-02-21 05:54:48,120 [INFO] The time difference between the client and the server is within range 219.501 ms..228.235 ms
client 2024-02-21 05:54:48,120 [INFO] Sending command to the server: 'session,2024-02-21_05-47-49,start,testing'
client 2024-02-21 05:55:01,185 [INFO] Got response: 'OK'
client 2024-02-21 05:55:01,185 [INFO] Sending command to the server: 'time'
client 2024-02-21 05:55:01,196 [INFO] Got response: '1708494900.9623554'
client 2024-02-21 05:55:01,196 [INFO] The time difference between the client and the server is within range 222.980 ms..234.510 ms
client 2024-02-21 05:55:01,196 [INFO] Running the workload 'CM_MLPERF_RUN_COUNT=$(cat ${CM_RUN_DIR}/count.txt); echo ${CM_MLPERF_RUN_COUNT}; CM_MLPERF_RUN_COUNT=$((CM_MLPERF_RUN_COUNT+1)); echo ${CM_MLPERF_RUN_COUNT} > ${CM_RUN_DIR}/count.txt && if [ ${CM_MLPERF_RUN_COUNT} -eq "1" ]; then export CM_MLPERF_USER_CONF=${CM_MLPERF_RANGING_USER_CONF}; else export CM_MLPERF_USER_CONF=${CM_MLPERF_TESTING_USER_CONF}; fi && /usr/bin/python3 run.py --backend=deepsparse --scenario=SingleStream --mlperf_conf "/home/arjun/CM/repos/local/cache/b5386651b8ab4bd4/inference/mlperf.conf" --user_conf "${CM_MLPERF_USER_CONF}" --quantized --batch_size=1 --model_path=/home/arjun/.cache/sparsezoo/12965f74-bd9e-4995-8ae8-bce8c434071e/model.onnx 2>&1 | tee /home/arjun/results_dir/valid_results/phoenix_Amd_Am5-reference-cpu-deepsparse-vdefault-default_config/mobilebert-none-base-none-bert-99/singlestream/performance/run_1/console.out'
client 2024-02-21 06:06:24,993 [INFO] Sending command to the server: 'time'
client 2024-02-21 06:06:25,003 [INFO] Got response: '1708495584.757445'
client 2024-02-21 06:06:25,003 [INFO] The time difference between the client and the server is within range 235.791 ms..245.694 ms
client 2024-02-21 06:06:25,003 [INFO] Sending command to the server: 'session,2024-02-21_05-47-49,stop,testing'
client 2024-02-21 06:06:35,262 [INFO] Got response: 'OK'
client 2024-02-21 06:06:35,262 [INFO] Sending command to the server: 'time'
client 2024-02-21 06:06:35,271 [INFO] Got response: '1708495595.0273316'
client 2024-02-21 06:06:35,271 [INFO] The time difference between the client and the server is within range 235.266 ms..244.569 ms
client 2024-02-21 06:06:35,272 [INFO] Copying loadgen logs from '/home/arjun/results_dir/valid_results/phoenix_Amd_Am5-reference-cpu-deepsparse-vdefault-default_config/mobilebert-none-base-none-bert-99/singlestream/performance/run_1' to '/home/arjun/results_dir/valid_results/phoenix_Amd_Am5-reference-cpu-deepsparse-vdefault-default_config/mobilebert-none-base-none-bert-99/singlestream/performance/tmp_power/run_1'
client 2024-02-21 06:06:35,272 [INFO] Done runs
