client 2024-02-04 12:37:23,538 [INFO] Creating output directory '/home/arjun/results_dir/valid_results/orin-tflite_armnn_cpp-cpu-armnn_tflite-v23.11-using_neon_with_live_preprocessing/mobilenet-v2-precision_float-0.75-160/singlestream/performance/tmp_power'
client 2024-02-04 12:37:23,744 [INFO] Sending command to the server: 'mlcommons/power client v3'
client 2024-02-04 12:37:23,747 [INFO] Got response: 'mlcommons/power server v3'
client 2024-02-04 12:37:23,747 [INFO] Synchronizing with the server and with time.google.com...
client 2024-02-04 12:37:23,783 [INFO] NTP:offset = 0.000 s, delay = 0.027 s 
client 2024-02-04 12:37:23,783 [INFO] Sending command to the server: 'time'
client 2024-02-04 12:37:23,786 [INFO] Got response: '1707050243.7885678'
client 2024-02-04 12:37:23,786 [INFO] The time difference between the client and the server is within range -5.006 ms..-1.814 ms
client 2024-02-04 12:37:23,786 [INFO] Sending command to the server: 'new,,29281ee0-4d21-4eae-9ab2-0c8d0abb2e2e'
client 2024-02-04 12:37:23,790 [INFO] Got response: 'OK 2024-02-04_12-37-23,979882ce-8600-4abd-b80b-411bfe619120'
client 2024-02-04 12:37:23,790 [INFO] Session id is '2024-02-04_12-37-23'
client 2024-02-04 12:37:23,790 [INFO] Sources: {"sources": {"__init__.py": "da39a3ee5e6b4b0d3255bfef95601890afd80709", "client.py": "33ca4f26368777ac06e01f9567b714a4b8063886", "lib/__init__.py": "da39a3ee5e6b4b0d3255bfef95601890afd80709", "lib/client.py": "ac2aa093c8e8bbc9569b9e2a3471bc64e58a2258", "lib/common.py": "611d8b29633d331eb19c9455ea3b5fa3284ed6df", "lib/external/__init__.py": "da39a3ee5e6b4b0d3255bfef95601890afd80709", "lib/external/ntplib.py": "4da8f970656505a40483206ef2b5d3dd5e81711d", "lib/server.py": "99303c836c683aa9017ec565104e636161d02acb", "lib/source_hashes.py": "60a2e02193209e8d392803326208d5466342da18", "lib/summary.py": "aa92f0a3f975eecd44d3c0cd0236342ccc9f941d", "lib/time_sync.py": "80894ef2389e540781ff78de94db16aa4203a14e", "server.py": "c3f90f2f7eeb4db30727556d0c815ebc89b3d28b", "tests/unit/__init__.py": "da39a3ee5e6b4b0d3255bfef95601890afd80709", "tests/unit/test_server.py": "948c1995d4008bc2aa6c4046a34ffa3858d6d671", "tests/unit/test_source_hashes.py": "00468a2907583c593e6574a1f6b404e4651c221a"}, "modules": {"ptd_client_server.lib.client": "lib/client.py", "ptd_client_server.lib.common": "lib/common.py", "ptd_client_server.lib.external.ntplib": "lib/external/ntplib.py", "ptd_client_server.lib.source_hashes": "lib/source_hashes.py", "ptd_client_server.lib.summary": "lib/summary.py", "ptd_client_server.lib.time_sync": "lib/time_sync.py"}}
client 2024-02-04 12:37:23,791 [INFO] Running workload in ranging mode
client 2024-02-04 12:37:23,791 [INFO] Synchronizing with the server and with time.google.com...
client 2024-02-04 12:37:23,814 [INFO] NTP:offset = 0.004 s, delay = 0.022 s 
client 2024-02-04 12:37:23,815 [INFO] Sending command to the server: 'time'
client 2024-02-04 12:37:23,817 [INFO] Got response: '1707050243.8201256'
client 2024-02-04 12:37:23,818 [INFO] The time difference between the client and the server is within range -5.091 ms..-2.017 ms
client 2024-02-04 12:37:23,818 [INFO] Sending command to the server: 'session,2024-02-04_12-37-23,start,ranging'
client 2024-02-04 12:37:51,891 [INFO] Got response: 'OK'
client 2024-02-04 12:37:51,892 [INFO] Sending command to the server: 'time'
client 2024-02-04 12:37:51,896 [INFO] Got response: '1707050271.897879'
client 2024-02-04 12:37:51,896 [INFO] The time difference between the client and the server is within range -5.267 ms..-1.471 ms
client 2024-02-04 12:37:51,896 [INFO] Running the workload 'CM_MLPERF_RUN_COUNT=$(cat ${CM_RUN_DIR}/count.txt); echo ${CM_MLPERF_RUN_COUNT}; CM_MLPERF_RUN_COUNT=$((CM_MLPERF_RUN_COUNT+1)); echo ${CM_MLPERF_RUN_COUNT} > ${CM_RUN_DIR}/count.txt && if [ ${CM_MLPERF_RUN_COUNT} -eq "1" ]; then export CM_MLPERF_USER_CONF=${CM_MLPERF_RANGING_USER_CONF}; else export CM_MLPERF_USER_CONF=${CM_MLPERF_TESTING_USER_CONF}; fi && /mnt/CM/repos/ctuning@mlcommons-ck/cm-mlops/script/get-lib-armnn/run.out'
client 2024-02-04 12:42:54,322 [INFO] Sending command to the server: 'time'
client 2024-02-04 12:42:54,332 [INFO] Got response: '1707050574.334086'
client 2024-02-04 12:42:54,332 [INFO] The time difference between the client and the server is within range -11.999 ms..-1.561 ms
client 2024-02-04 12:42:54,332 [INFO] Sending command to the server: 'session,2024-02-04_12-37-23,stop,ranging'
client 2024-02-04 12:43:04,997 [INFO] Got response: 'OK'
client 2024-02-04 12:43:04,998 [INFO] Sending command to the server: 'time'
client 2024-02-04 12:43:05,002 [INFO] Got response: '1707050585.0043595'
client 2024-02-04 12:43:05,003 [INFO] The time difference between the client and the server is within range -5.752 ms..-1.037 ms
client 2024-02-04 12:43:05,037 [INFO] Copying loadgen logs from '/home/arjun/results_dir/valid_results/orin-tflite_armnn_cpp-cpu-armnn_tflite-v23.11-using_neon_with_live_preprocessing/mobilenet-v2-precision_float-0.75-160/singlestream/performance/run_1' to '/home/arjun/results_dir/valid_results/orin-tflite_armnn_cpp-cpu-armnn_tflite-v23.11-using_neon_with_live_preprocessing/mobilenet-v2-precision_float-0.75-160/singlestream/performance/tmp_power/ranging'
client 2024-02-04 12:43:05,040 [INFO] Running workload in testing mode
client 2024-02-04 12:43:05,040 [INFO] Synchronizing with the server and with time.google.com...
client 2024-02-04 12:43:05,067 [INFO] NTP:offset = 0.004 s, delay = 0.021 s 
client 2024-02-04 12:43:05,067 [INFO] Sending command to the server: 'time'
client 2024-02-04 12:43:05,070 [INFO] Got response: '1707050585.0726461'
client 2024-02-04 12:43:05,071 [INFO] The time difference between the client and the server is within range -5.338 ms..-1.657 ms
client 2024-02-04 12:43:05,071 [INFO] Sending command to the server: 'session,2024-02-04_12-37-23,start,testing'
client 2024-02-04 12:43:18,096 [INFO] Got response: 'OK'
client 2024-02-04 12:43:18,097 [INFO] Sending command to the server: 'time'
client 2024-02-04 12:43:18,101 [INFO] Got response: '1707050598.102967'
client 2024-02-04 12:43:18,101 [INFO] The time difference between the client and the server is within range -5.651 ms..-1.611 ms
client 2024-02-04 12:43:18,101 [INFO] Running the workload 'CM_MLPERF_RUN_COUNT=$(cat ${CM_RUN_DIR}/count.txt); echo ${CM_MLPERF_RUN_COUNT}; CM_MLPERF_RUN_COUNT=$((CM_MLPERF_RUN_COUNT+1)); echo ${CM_MLPERF_RUN_COUNT} > ${CM_RUN_DIR}/count.txt && if [ ${CM_MLPERF_RUN_COUNT} -eq "1" ]; then export CM_MLPERF_USER_CONF=${CM_MLPERF_RANGING_USER_CONF}; else export CM_MLPERF_USER_CONF=${CM_MLPERF_TESTING_USER_CONF}; fi && /mnt/CM/repos/ctuning@mlcommons-ck/cm-mlops/script/get-lib-armnn/run.out'
client 2024-02-04 12:53:22,892 [INFO] Sending command to the server: 'time'
client 2024-02-04 12:53:22,930 [INFO] Got response: '1707051202.9327285'
client 2024-02-04 12:53:22,931 [INFO] The time difference between the client and the server is within range -39.962 ms..-1.591 ms
client 2024-02-04 12:53:22,931 [INFO] Sending command to the server: 'session,2024-02-04_12-37-23,stop,testing'
client 2024-02-04 12:53:33,149 [INFO] Got response: 'OK'
client 2024-02-04 12:53:33,150 [INFO] Sending command to the server: 'time'
client 2024-02-04 12:53:33,153 [INFO] Got response: '1707051213.1556573'
client 2024-02-04 12:53:33,154 [INFO] The time difference between the client and the server is within range -5.092 ms..-1.662 ms
client 2024-02-04 12:53:33,158 [INFO] Copying loadgen logs from '/home/arjun/results_dir/valid_results/orin-tflite_armnn_cpp-cpu-armnn_tflite-v23.11-using_neon_with_live_preprocessing/mobilenet-v2-precision_float-0.75-160/singlestream/performance/run_1' to '/home/arjun/results_dir/valid_results/orin-tflite_armnn_cpp-cpu-armnn_tflite-v23.11-using_neon_with_live_preprocessing/mobilenet-v2-precision_float-0.75-160/singlestream/performance/tmp_power/run_1'
client 2024-02-04 12:53:33,161 [INFO] Done runs
