Graph file: /home/ubuntu/CM/repos/local/cache/22dc397e4b53419a/efficientnet-lite3/efficientnet-lite3-fp32.tflite
Image dir: /home/ubuntu/CM/repos/local/cache/a97bf00c74274d29
Image list: /home/ubuntu/CM/repos/local/cache/a97bf00c74274d29/preprocessed_files.txt
Image size: 280
Image channels: 3
Prediction classes: 1000
Result dir: /home/ubuntu/CM/repos/local/cache/53b88ca721a64101/valid_results/c5a.xlarge-tflite_cpp-cpu-tflite-vmaster-with_live_preprocessing/efficientnet-fp32-lite3/singlestream/accuracy
How many images fit in memory buffer: 1024
Normalize: 1
Subtract mean: 0
Run time preprocessing: 1
Number of Threads: 4
Number of available imagefiles: 50000

Loading graph...
INFO: Created TensorFlow Lite XNNPACK delegate for CPU.
Input tensor dimensions (NHWC): 1*280*280*3
Output tensor dimensions: 1*1000
Path to mlperf.conf : /home/ubuntu/CM/repos/local/cache/a34955efa6f84c88/inference/mlperf.conf
Path to user.conf : /home/ubuntu/CM/repos/ctuning@mlcommons-ck/cm-mlops/script/generate-mlperf-inference-user-conf/tmp/adca5d27533c4f8db74d7f0b66023521.conf
Model Name: efficientnet
LoadGen Scenario: SingleStream
LoadGen Mode: accuracy
