client 2024-01-29 18:07:24,330 [INFO] Creating output directory '/home/arjun/results_dir/valid_results/orin-tflite_cpp-cpu-tflite-vmaster-default_config/efficientnet-fp32-lite2/singlestream/performance/tmp_power'
client 2024-01-29 18:07:24,412 [INFO] Sending command to the server: 'mlcommons/power client v3'
client 2024-01-29 18:07:24,416 [INFO] Got response: 'mlcommons/power server v3'
client 2024-01-29 18:07:24,416 [INFO] Synchronizing with the server and with time.google.com...
client 2024-01-29 18:07:24,449 [INFO] NTP:offset = -0.004 s, delay = 0.021 s 
client 2024-01-29 18:07:24,449 [INFO] Sending command to the server: 'time'
client 2024-01-29 18:07:24,453 [INFO] Got response: '1706551644.4540107'
client 2024-01-29 18:07:24,453 [INFO] The time difference between the client and the server is within range -4.133 ms..-0.597 ms
client 2024-01-29 18:07:24,453 [INFO] Sending command to the server: 'new,,ca1f46d9-7069-4092-9c72-0c1b26ca3bea'
client 2024-01-29 18:07:24,455 [INFO] Got response: 'OK 2024-01-29_18-07-24,f6f6938a-f583-4ddf-b25f-6f4748556aef'
client 2024-01-29 18:07:24,455 [INFO] Session id is '2024-01-29_18-07-24'
client 2024-01-29 18:07:24,456 [INFO] Sources: {"sources": {"__init__.py": "da39a3ee5e6b4b0d3255bfef95601890afd80709", "client.py": "33ca4f26368777ac06e01f9567b714a4b8063886", "lib/__init__.py": "da39a3ee5e6b4b0d3255bfef95601890afd80709", "lib/client.py": "ac2aa093c8e8bbc9569b9e2a3471bc64e58a2258", "lib/common.py": "611d8b29633d331eb19c9455ea3b5fa3284ed6df", "lib/external/__init__.py": "da39a3ee5e6b4b0d3255bfef95601890afd80709", "lib/external/ntplib.py": "4da8f970656505a40483206ef2b5d3dd5e81711d", "lib/server.py": "99303c836c683aa9017ec565104e636161d02acb", "lib/source_hashes.py": "60a2e02193209e8d392803326208d5466342da18", "lib/summary.py": "aa92f0a3f975eecd44d3c0cd0236342ccc9f941d", "lib/time_sync.py": "80894ef2389e540781ff78de94db16aa4203a14e", "server.py": "c3f90f2f7eeb4db30727556d0c815ebc89b3d28b", "tests/unit/__init__.py": "da39a3ee5e6b4b0d3255bfef95601890afd80709", "tests/unit/test_server.py": "948c1995d4008bc2aa6c4046a34ffa3858d6d671", "tests/unit/test_source_hashes.py": "00468a2907583c593e6574a1f6b404e4651c221a"}, "modules": {"ptd_client_server.lib.client": "lib/client.py", "ptd_client_server.lib.common": "lib/common.py", "ptd_client_server.lib.external.ntplib": "lib/external/ntplib.py", "ptd_client_server.lib.source_hashes": "lib/source_hashes.py", "ptd_client_server.lib.summary": "lib/summary.py", "ptd_client_server.lib.time_sync": "lib/time_sync.py"}}
client 2024-01-29 18:07:24,456 [INFO] Running workload in ranging mode
client 2024-01-29 18:07:24,456 [INFO] Synchronizing with the server and with time.google.com...
client 2024-01-29 18:07:24,484 [INFO] NTP:offset = -0.007 s, delay = 0.026 s 
client 2024-01-29 18:07:24,484 [INFO] Sending command to the server: 'time'
client 2024-01-29 18:07:24,488 [INFO] Got response: '1706551644.4889243'
client 2024-01-29 18:07:24,488 [INFO] The time difference between the client and the server is within range -3.959 ms..-0.572 ms
client 2024-01-29 18:07:24,488 [INFO] Sending command to the server: 'session,2024-01-29_18-07-24,start,ranging'
client 2024-01-29 18:07:52,570 [INFO] Got response: 'OK'
client 2024-01-29 18:07:52,572 [INFO] Sending command to the server: 'time'
client 2024-01-29 18:07:52,576 [INFO] Got response: '1706551672.5758996'
client 2024-01-29 18:07:52,576 [INFO] The time difference between the client and the server is within range -3.781 ms..0.508 ms
client 2024-01-29 18:07:52,576 [INFO] Running the workload 'CM_MLPERF_RUN_COUNT=$(cat ${CM_RUN_DIR}/count.txt); echo ${CM_MLPERF_RUN_COUNT}; CM_MLPERF_RUN_COUNT=$((CM_MLPERF_RUN_COUNT+1)); echo ${CM_MLPERF_RUN_COUNT} > ${CM_RUN_DIR}/count.txt && if [ ${CM_MLPERF_RUN_COUNT} -eq "1" ]; then export CM_MLPERF_USER_CONF=${CM_MLPERF_RANGING_USER_CONF}; else export CM_MLPERF_USER_CONF=${CM_MLPERF_TESTING_USER_CONF}; fi && /mnt/CM/repos/ctuning@mlcommons-ck/cm-mlops/script/benchmark-any-mlperf-inference-implementation/run.out'
client 2024-01-29 18:13:08,660 [INFO] Sending command to the server: 'time'
client 2024-01-29 18:13:08,665 [INFO] Got response: '1706551988.6653013'
client 2024-01-29 18:13:08,665 [INFO] The time difference between the client and the server is within range -5.588 ms..0.161 ms
client 2024-01-29 18:13:08,665 [INFO] Sending command to the server: 'session,2024-01-29_18-07-24,stop,ranging'
client 2024-01-29 18:13:19,706 [INFO] Got response: 'OK'
client 2024-01-29 18:13:19,707 [INFO] Sending command to the server: 'time'
client 2024-01-29 18:13:19,711 [INFO] Got response: '1706551999.7117531'
client 2024-01-29 18:13:19,711 [INFO] The time difference between the client and the server is within range -3.836 ms..-0.293 ms
client 2024-01-29 18:13:19,728 [INFO] Copying loadgen logs from '/home/arjun/results_dir/valid_results/orin-tflite_cpp-cpu-tflite-vmaster-default_config/efficientnet-fp32-lite2/singlestream/performance/run_1' to '/home/arjun/results_dir/valid_results/orin-tflite_cpp-cpu-tflite-vmaster-default_config/efficientnet-fp32-lite2/singlestream/performance/tmp_power/ranging'
client 2024-01-29 18:13:19,731 [INFO] Running workload in testing mode
client 2024-01-29 18:13:19,731 [INFO] Synchronizing with the server and with time.google.com...
client 2024-01-29 18:13:19,758 [INFO] NTP:offset = -0.004 s, delay = 0.021 s 
client 2024-01-29 18:13:19,758 [INFO] Sending command to the server: 'time'
client 2024-01-29 18:13:19,762 [INFO] Got response: '1706551999.7621064'
client 2024-01-29 18:13:19,762 [INFO] The time difference between the client and the server is within range -3.681 ms..0.289 ms
client 2024-01-29 18:13:19,762 [INFO] Sending command to the server: 'session,2024-01-29_18-07-24,start,testing'
client 2024-01-29 18:13:32,782 [INFO] Got response: 'OK'
client 2024-01-29 18:13:32,782 [INFO] Sending command to the server: 'time'
client 2024-01-29 18:13:32,786 [INFO] Got response: '1706552012.7879157'
client 2024-01-29 18:13:32,787 [INFO] The time difference between the client and the server is within range -5.010 ms..-0.746 ms
client 2024-01-29 18:13:32,787 [INFO] Running the workload 'CM_MLPERF_RUN_COUNT=$(cat ${CM_RUN_DIR}/count.txt); echo ${CM_MLPERF_RUN_COUNT}; CM_MLPERF_RUN_COUNT=$((CM_MLPERF_RUN_COUNT+1)); echo ${CM_MLPERF_RUN_COUNT} > ${CM_RUN_DIR}/count.txt && if [ ${CM_MLPERF_RUN_COUNT} -eq "1" ]; then export CM_MLPERF_USER_CONF=${CM_MLPERF_RANGING_USER_CONF}; else export CM_MLPERF_USER_CONF=${CM_MLPERF_TESTING_USER_CONF}; fi && /mnt/CM/repos/ctuning@mlcommons-ck/cm-mlops/script/benchmark-any-mlperf-inference-implementation/run.out'
client 2024-01-29 18:23:38,166 [INFO] Sending command to the server: 'time'
client 2024-01-29 18:23:38,254 [INFO] Got response: '1706552618.2541223'
client 2024-01-29 18:23:38,255 [INFO] The time difference between the client and the server is within range -87.889 ms..0.847 ms
client 2024-01-29 18:23:38,255 [INFO] Sending command to the server: 'session,2024-01-29_18-07-24,stop,testing'
client 2024-01-29 18:23:48,837 [INFO] Got response: 'OK'
client 2024-01-29 18:23:48,838 [INFO] Sending command to the server: 'time'
client 2024-01-29 18:23:48,841 [INFO] Got response: '1706552628.8422275'
client 2024-01-29 18:23:48,842 [INFO] The time difference between the client and the server is within range -4.062 ms..-0.293 ms
client 2024-01-29 18:23:48,846 [INFO] Copying loadgen logs from '/home/arjun/results_dir/valid_results/orin-tflite_cpp-cpu-tflite-vmaster-default_config/efficientnet-fp32-lite2/singlestream/performance/run_1' to '/home/arjun/results_dir/valid_results/orin-tflite_cpp-cpu-tflite-vmaster-default_config/efficientnet-fp32-lite2/singlestream/performance/tmp_power/run_1'
client 2024-01-29 18:23:48,862 [INFO] Done runs
