client 2024-01-29 17:34:01,491 [INFO] Creating output directory '/home/arjun/results_dir/valid_results/orin-tflite_cpp-cpu-tflite-vmaster-default_config/efficientnet-fp32-lite1/singlestream/performance/tmp_power'
client 2024-01-29 17:34:01,540 [INFO] Sending command to the server: 'mlcommons/power client v3'
client 2024-01-29 17:34:01,544 [INFO] Got response: 'mlcommons/power server v3'
client 2024-01-29 17:34:01,545 [INFO] Synchronizing with the server and with time.google.com...
client 2024-01-29 17:34:01,571 [INFO] NTP:offset = -0.004 s, delay = 0.021 s 
client 2024-01-29 17:34:01,571 [INFO] Sending command to the server: 'time'
client 2024-01-29 17:34:01,575 [INFO] Got response: '1706549641.5730226'
client 2024-01-29 17:34:01,575 [INFO] The time difference between the client and the server is within range -1.370 ms..2.477 ms
client 2024-01-29 17:34:01,575 [INFO] Sending command to the server: 'new,,23cce4bd-0c54-4eae-85d1-6a9dc32d2e0a'
client 2024-01-29 17:34:01,579 [INFO] Got response: 'OK 2024-01-29_17-34-01,ee88a2c3-3ff8-4a02-bc69-cfb7c073910a'
client 2024-01-29 17:34:01,580 [INFO] Session id is '2024-01-29_17-34-01'
client 2024-01-29 17:34:01,580 [INFO] Sources: {"sources": {"__init__.py": "da39a3ee5e6b4b0d3255bfef95601890afd80709", "client.py": "33ca4f26368777ac06e01f9567b714a4b8063886", "lib/__init__.py": "da39a3ee5e6b4b0d3255bfef95601890afd80709", "lib/client.py": "ac2aa093c8e8bbc9569b9e2a3471bc64e58a2258", "lib/common.py": "611d8b29633d331eb19c9455ea3b5fa3284ed6df", "lib/external/__init__.py": "da39a3ee5e6b4b0d3255bfef95601890afd80709", "lib/external/ntplib.py": "4da8f970656505a40483206ef2b5d3dd5e81711d", "lib/server.py": "99303c836c683aa9017ec565104e636161d02acb", "lib/source_hashes.py": "60a2e02193209e8d392803326208d5466342da18", "lib/summary.py": "aa92f0a3f975eecd44d3c0cd0236342ccc9f941d", "lib/time_sync.py": "80894ef2389e540781ff78de94db16aa4203a14e", "server.py": "c3f90f2f7eeb4db30727556d0c815ebc89b3d28b", "tests/unit/__init__.py": "da39a3ee5e6b4b0d3255bfef95601890afd80709", "tests/unit/test_server.py": "948c1995d4008bc2aa6c4046a34ffa3858d6d671", "tests/unit/test_source_hashes.py": "00468a2907583c593e6574a1f6b404e4651c221a"}, "modules": {"ptd_client_server.lib.client": "lib/client.py", "ptd_client_server.lib.common": "lib/common.py", "ptd_client_server.lib.external.ntplib": "lib/external/ntplib.py", "ptd_client_server.lib.source_hashes": "lib/source_hashes.py", "ptd_client_server.lib.summary": "lib/summary.py", "ptd_client_server.lib.time_sync": "lib/time_sync.py"}}
client 2024-01-29 17:34:01,580 [INFO] Running workload in ranging mode
client 2024-01-29 17:34:01,580 [INFO] Synchronizing with the server and with time.google.com...
client 2024-01-29 17:34:01,603 [INFO] NTP:offset = -0.004 s, delay = 0.021 s 
client 2024-01-29 17:34:01,603 [INFO] Sending command to the server: 'time'
client 2024-01-29 17:34:01,606 [INFO] Got response: '1706549641.6042268'
client 2024-01-29 17:34:01,606 [INFO] The time difference between the client and the server is within range -0.654 ms..2.371 ms
client 2024-01-29 17:34:01,606 [INFO] Sending command to the server: 'session,2024-01-29_17-34-01,start,ranging'
client 2024-01-29 17:34:29,691 [INFO] Got response: 'OK'
client 2024-01-29 17:34:29,694 [INFO] Sending command to the server: 'time'
client 2024-01-29 17:34:29,697 [INFO] Got response: '1706549669.6953647'
client 2024-01-29 17:34:29,697 [INFO] The time difference between the client and the server is within range -1.013 ms..2.108 ms
client 2024-01-29 17:34:29,697 [INFO] Running the workload 'CM_MLPERF_RUN_COUNT=$(cat ${CM_RUN_DIR}/count.txt); echo ${CM_MLPERF_RUN_COUNT}; CM_MLPERF_RUN_COUNT=$((CM_MLPERF_RUN_COUNT+1)); echo ${CM_MLPERF_RUN_COUNT} > ${CM_RUN_DIR}/count.txt && if [ ${CM_MLPERF_RUN_COUNT} -eq "1" ]; then export CM_MLPERF_USER_CONF=${CM_MLPERF_RANGING_USER_CONF}; else export CM_MLPERF_USER_CONF=${CM_MLPERF_TESTING_USER_CONF}; fi && /mnt/CM/repos/ctuning@mlcommons-ck/cm-mlops/script/benchmark-any-mlperf-inference-implementation/run.out'
client 2024-01-29 17:39:44,350 [INFO] Sending command to the server: 'time'
client 2024-01-29 17:39:44,354 [INFO] Got response: '1706549984.3527763'
client 2024-01-29 17:39:44,355 [INFO] The time difference between the client and the server is within range -2.447 ms..2.371 ms
client 2024-01-29 17:39:44,355 [INFO] Sending command to the server: 'session,2024-01-29_17-34-01,stop,ranging'
client 2024-01-29 17:39:54,833 [INFO] Got response: 'OK'
client 2024-01-29 17:39:54,834 [INFO] Sending command to the server: 'time'
client 2024-01-29 17:39:54,837 [INFO] Got response: '1706549994.8361206'
client 2024-01-29 17:39:54,837 [INFO] The time difference between the client and the server is within range -1.597 ms..1.395 ms
client 2024-01-29 17:39:54,854 [INFO] Copying loadgen logs from '/home/arjun/results_dir/valid_results/orin-tflite_cpp-cpu-tflite-vmaster-default_config/efficientnet-fp32-lite1/singlestream/performance/run_1' to '/home/arjun/results_dir/valid_results/orin-tflite_cpp-cpu-tflite-vmaster-default_config/efficientnet-fp32-lite1/singlestream/performance/tmp_power/ranging'
client 2024-01-29 17:39:54,856 [INFO] Running workload in testing mode
client 2024-01-29 17:39:54,856 [INFO] Synchronizing with the server and with time.google.com...
client 2024-01-29 17:39:54,883 [INFO] NTP:offset = -0.004 s, delay = 0.023 s 
client 2024-01-29 17:39:54,884 [INFO] Sending command to the server: 'time'
client 2024-01-29 17:39:54,887 [INFO] Got response: '1706549994.885806'
client 2024-01-29 17:39:54,887 [INFO] The time difference between the client and the server is within range -1.585 ms..1.777 ms
client 2024-01-29 17:39:54,887 [INFO] Sending command to the server: 'session,2024-01-29_17-34-01,start,testing'
client 2024-01-29 17:40:07,905 [INFO] Got response: 'OK'
client 2024-01-29 17:40:07,906 [INFO] Sending command to the server: 'time'
client 2024-01-29 17:40:07,909 [INFO] Got response: '1706550007.9076147'
client 2024-01-29 17:40:07,909 [INFO] The time difference between the client and the server is within range -1.338 ms..1.823 ms
client 2024-01-29 17:40:07,909 [INFO] Running the workload 'CM_MLPERF_RUN_COUNT=$(cat ${CM_RUN_DIR}/count.txt); echo ${CM_MLPERF_RUN_COUNT}; CM_MLPERF_RUN_COUNT=$((CM_MLPERF_RUN_COUNT+1)); echo ${CM_MLPERF_RUN_COUNT} > ${CM_RUN_DIR}/count.txt && if [ ${CM_MLPERF_RUN_COUNT} -eq "1" ]; then export CM_MLPERF_USER_CONF=${CM_MLPERF_RANGING_USER_CONF}; else export CM_MLPERF_USER_CONF=${CM_MLPERF_TESTING_USER_CONF}; fi && /mnt/CM/repos/ctuning@mlcommons-ck/cm-mlops/script/benchmark-any-mlperf-inference-implementation/run.out'
client 2024-01-29 17:50:12,750 [INFO] Sending command to the server: 'time'
client 2024-01-29 17:50:12,820 [INFO] Got response: '1706550612.8194733'
client 2024-01-29 17:50:12,821 [INFO] The time difference between the client and the server is within range -68.781 ms..1.610 ms
client 2024-01-29 17:50:12,821 [INFO] Sending command to the server: 'session,2024-01-29_17-34-01,stop,testing'
client 2024-01-29 17:50:22,956 [INFO] Got response: 'OK'
client 2024-01-29 17:50:22,957 [INFO] Sending command to the server: 'time'
client 2024-01-29 17:50:22,961 [INFO] Got response: '1706550622.960682'
client 2024-01-29 17:50:22,961 [INFO] The time difference between the client and the server is within range -3.437 ms..0.722 ms
client 2024-01-29 17:50:22,966 [INFO] Copying loadgen logs from '/home/arjun/results_dir/valid_results/orin-tflite_cpp-cpu-tflite-vmaster-default_config/efficientnet-fp32-lite1/singlestream/performance/run_1' to '/home/arjun/results_dir/valid_results/orin-tflite_cpp-cpu-tflite-vmaster-default_config/efficientnet-fp32-lite1/singlestream/performance/tmp_power/run_1'
client 2024-01-29 17:50:22,968 [INFO] Done runs
