client 2024-02-09 14:02:39,718 [INFO] Sending command to the server: 'mlcommons/power client v3'
client 2024-02-09 14:02:39,720 [INFO] Got response: 'mlcommons/power server v3'
client 2024-02-09 14:02:39,720 [INFO] Sending command to the server: 'stop'
client 2024-02-09 14:02:39,721 [INFO] Got response: 'OK'
client 2024-02-09 14:02:39,721 [INFO] Synchronizing with the server and with ib-01.dc4-in.nvidia.com...
client 2024-02-09 14:02:39,939 [INFO] NTP:offset = 0.001 s, delay = 0.215 s 
client 2024-02-09 14:02:39,939 [INFO] Sending command to the server: 'time'
client 2024-02-09 14:02:39,940 [INFO] Got response: '1707487359.938491'
client 2024-02-09 14:02:39,940 [INFO] The time difference between the client and the server is within range 0.838 ms..2.453 ms
client 2024-02-09 14:02:39,941 [INFO] Sending command to the server: 'new,,a3db126b-b9b9-41e8-b333-35b24141b418'
client 2024-02-09 14:02:39,942 [INFO] Got response: 'OK 2024-02-09_06-02-39,06ce39b3-3dcb-458e-983f-d121cf211e18'
client 2024-02-09 14:02:39,942 [INFO] Session id is '2024-02-09_06-02-39'
client 2024-02-09 14:02:39,942 [INFO] Sources: {"sources": {"__init__.py": "da39a3ee5e6b4b0d3255bfef95601890afd80709", "client.py": "33ca4f26368777ac06e01f9567b714a4b8063886", "lib/__init__.py": "da39a3ee5e6b4b0d3255bfef95601890afd80709", "lib/client.py": "ac2aa093c8e8bbc9569b9e2a3471bc64e58a2258", "lib/common.py": "611d8b29633d331eb19c9455ea3b5fa3284ed6df", "lib/external/__init__.py": "da39a3ee5e6b4b0d3255bfef95601890afd80709", "lib/external/ntplib.py": "4da8f970656505a40483206ef2b5d3dd5e81711d", "lib/server.py": "99303c836c683aa9017ec565104e636161d02acb", "lib/source_hashes.py": "60a2e02193209e8d392803326208d5466342da18", "lib/summary.py": "aa92f0a3f975eecd44d3c0cd0236342ccc9f941d", "lib/time_sync.py": "80894ef2389e540781ff78de94db16aa4203a14e", "server.py": "c3f90f2f7eeb4db30727556d0c815ebc89b3d28b", "tests/unit/__init__.py": "da39a3ee5e6b4b0d3255bfef95601890afd80709", "tests/unit/test_server.py": "948c1995d4008bc2aa6c4046a34ffa3858d6d671", "tests/unit/test_source_hashes.py": "00468a2907583c593e6574a1f6b404e4651c221a"}, "modules": {"ptd_client_server.lib.client": "lib/client.py", "ptd_client_server.lib.common": "lib/common.py", "ptd_client_server.lib.external.ntplib": "lib/external/ntplib.py", "ptd_client_server.lib.source_hashes": "lib/source_hashes.py", "ptd_client_server.lib.summary": "lib/summary.py", "ptd_client_server.lib.time_sync": "lib/time_sync.py"}}
client 2024-02-09 14:02:39,945 [INFO] Running workload in ranging mode
client 2024-02-09 14:02:39,945 [INFO] Synchronizing with the server and with ib-01.dc4-in.nvidia.com...
client 2024-02-09 14:02:40,162 [INFO] NTP:offset = 0.001 s, delay = 0.215 s 
client 2024-02-09 14:02:40,162 [INFO] Sending command to the server: 'time'
client 2024-02-09 14:02:40,163 [INFO] Got response: '1707487360.1615982'
client 2024-02-09 14:02:40,164 [INFO] The time difference between the client and the server is within range 0.854 ms..2.417 ms
client 2024-02-09 14:02:40,164 [INFO] Sending command to the server: 'session,2024-02-09_06-02-39,start,ranging'
client 2024-02-09 14:03:20,077 [INFO] Got response: 'OK'
client 2024-02-09 14:03:20,077 [INFO] Sending command to the server: 'time'
client 2024-02-09 14:03:20,078 [INFO] Got response: '1707487400.076664'
client 2024-02-09 14:03:20,079 [INFO] The time difference between the client and the server is within range 0.928 ms..2.336 ms
client 2024-02-09 14:03:20,079 [INFO] Running the workload 'LOG_DIR=/work/build/power_logs_temp python3.8 -m code.main --benchmarks=retinanet --scenarios=Server --test_mode=PerformanceOnly --config_ver=maxq --action="run_harness" \\\n\t\t2>&1 | tee -a /work/build/power_logs/2024.02.09-14.01.50/stdout.txt \\\n\t\t&& if [ ! -d /work/build/power_logs/2024.02.09-14.01.50/ranging_tmp ]; \\\n\t\t\tthen mkdir /work/build/power_logs/2024.02.09-14.01.50/ranging_tmp \\\n\t\t\t\t&& mv /work/build/power_logs_temp/* /work/build/power_logs/2024.02.09-14.01.50/ranging_tmp/ \\\n\t\t\t\t&& cp -v /work/build/power_logs/2024.02.09-14.01.50/ranging_tmp/*/*/*/mlperf_log_detail.txt /work/build/power_logs_temp/ \\\n\t\t\t\t&& cp -v /work/build/power_logs/2024.02.09-14.01.50/ranging_tmp/*/*/*/mlperf_log_summary.txt /work/build/power_logs_temp/; \\\n\t\t\telse mkdir /work/build/power_logs/2024.02.09-14.01.50/testing_tmp \\\n\t\t\t\t&& mv /work/build/power_logs_temp/* /work/build/power_logs/2024.02.09-14.01.50/testing_tmp/ \\\n\t\t\t\t&& cp -v /work/build/power_logs/2024.02.09-14.01.50/testing_tmp/*/*/*/mlperf_log_detail.txt /work/build/power_logs_temp/ \\\n\t\t\t\t&& cp -v /work/build/power_logs/2024.02.09-14.01.50/testing_tmp/*/*/*/mlperf_log_summary.txt /work/build/power_logs_temp/; fi'
client 2024-02-09 14:13:55,767 [INFO] Sending command to the server: 'time'
client 2024-02-09 14:13:55,769 [INFO] Got response: '1707488035.7670548'
client 2024-02-09 14:13:55,769 [INFO] The time difference between the client and the server is within range 0.779 ms..2.741 ms
client 2024-02-09 14:13:55,769 [INFO] Sending command to the server: 'session,2024-02-09_06-02-39,stop,ranging'
client 2024-02-09 14:14:06,166 [INFO] Got response: 'OK'
client 2024-02-09 14:14:06,166 [INFO] Sending command to the server: 'time'
client 2024-02-09 14:14:06,168 [INFO] Got response: '1707488046.165784'
client 2024-02-09 14:14:06,168 [INFO] The time difference between the client and the server is within range 1.202 ms..2.509 ms
client 2024-02-09 14:14:06,179 [INFO] Copying loadgen logs from '/work/build/power_logs_temp' to '/work/build/power_logs/2024.02.09-14.01.50/2024-02-09_06-02-39/ranging'
client 2024-02-09 14:14:06,193 [INFO] Running workload in testing mode
client 2024-02-09 14:14:06,193 [INFO] Synchronizing with the server and with ib-01.dc4-in.nvidia.com...
client 2024-02-09 14:14:06,409 [INFO] NTP:offset = 0.002 s, delay = 0.215 s 
client 2024-02-09 14:14:06,409 [INFO] Sending command to the server: 'time'
client 2024-02-09 14:14:06,410 [INFO] Got response: '1707488046.4082477'
client 2024-02-09 14:14:06,410 [INFO] The time difference between the client and the server is within range 1.128 ms..2.665 ms
client 2024-02-09 14:14:06,410 [INFO] Sending command to the server: 'session,2024-02-09_06-02-39,start,testing'
client 2024-02-09 14:14:28,034 [INFO] Got response: 'OK'
client 2024-02-09 14:14:28,034 [INFO] Sending command to the server: 'time'
client 2024-02-09 14:14:28,036 [INFO] Got response: '1707488068.0336165'
client 2024-02-09 14:14:28,036 [INFO] The time difference between the client and the server is within range 1.174 ms..2.564 ms
client 2024-02-09 14:14:28,036 [INFO] Running the workload 'LOG_DIR=/work/build/power_logs_temp python3.8 -m code.main --benchmarks=retinanet --scenarios=Server --test_mode=PerformanceOnly --config_ver=maxq --action="run_harness" \\\n\t\t2>&1 | tee -a /work/build/power_logs/2024.02.09-14.01.50/stdout.txt \\\n\t\t&& if [ ! -d /work/build/power_logs/2024.02.09-14.01.50/ranging_tmp ]; \\\n\t\t\tthen mkdir /work/build/power_logs/2024.02.09-14.01.50/ranging_tmp \\\n\t\t\t\t&& mv /work/build/power_logs_temp/* /work/build/power_logs/2024.02.09-14.01.50/ranging_tmp/ \\\n\t\t\t\t&& cp -v /work/build/power_logs/2024.02.09-14.01.50/ranging_tmp/*/*/*/mlperf_log_detail.txt /work/build/power_logs_temp/ \\\n\t\t\t\t&& cp -v /work/build/power_logs/2024.02.09-14.01.50/ranging_tmp/*/*/*/mlperf_log_summary.txt /work/build/power_logs_temp/; \\\n\t\t\telse mkdir /work/build/power_logs/2024.02.09-14.01.50/testing_tmp \\\n\t\t\t\t&& mv /work/build/power_logs_temp/* /work/build/power_logs/2024.02.09-14.01.50/testing_tmp/ \\\n\t\t\t\t&& cp -v /work/build/power_logs/2024.02.09-14.01.50/testing_tmp/*/*/*/mlperf_log_detail.txt /work/build/power_logs_temp/ \\\n\t\t\t\t&& cp -v /work/build/power_logs/2024.02.09-14.01.50/testing_tmp/*/*/*/mlperf_log_summary.txt /work/build/power_logs_temp/; fi'
client 2024-02-09 14:25:03,693 [INFO] Sending command to the server: 'time'
client 2024-02-09 14:25:03,694 [INFO] Got response: '1707488703.6933517'
client 2024-02-09 14:25:03,694 [INFO] The time difference between the client and the server is within range -0.270 ms..1.586 ms
client 2024-02-09 14:25:03,694 [INFO] Sending command to the server: 'session,2024-02-09_06-02-39,stop,testing'
client 2024-02-09 14:25:14,101 [INFO] Got response: 'OK'
client 2024-02-09 14:25:14,101 [INFO] Sending command to the server: 'time'
client 2024-02-09 14:25:14,102 [INFO] Got response: '1707488714.1013725'
client 2024-02-09 14:25:14,102 [INFO] The time difference between the client and the server is within range 0.088 ms..1.492 ms
client 2024-02-09 14:25:14,110 [INFO] Copying loadgen logs from '/work/build/power_logs_temp' to '/work/build/power_logs/2024.02.09-14.01.50/2024-02-09_06-02-39/run_1'
client 2024-02-09 14:25:14,124 [INFO] Done runs
