client 2024-02-21 02:40:13,762 [INFO] Creating output directory '/home/arjun/results_dir/valid_results/phoenix_Amd_Am5-reference-cpu-deepsparse-vdefault-default_config/obert-large-pruned97-quant-none-bert-99/singlestream/performance/tmp_power'
client 2024-02-21 02:40:13,772 [INFO] Sending command to the server: 'mlcommons/power client v3'
client 2024-02-21 02:40:13,782 [INFO] Got response: 'mlcommons/power server v3'
client 2024-02-21 02:40:13,782 [INFO] Synchronizing with the server and with time.google.com...
client 2024-02-21 02:40:13,805 [INFO] NTP:offset = -0.001 s, delay = 0.022 s 
client 2024-02-21 02:40:13,806 [INFO] Sending command to the server: 'time'
client 2024-02-21 02:40:13,815 [INFO] Got response: '1708483213.742913'
client 2024-02-21 02:40:13,815 [INFO] The time difference between the client and the server is within range 63.114 ms..72.648 ms
client 2024-02-21 02:40:13,815 [INFO] Sending command to the server: 'new,,fd10bb09-7a28-4a83-aa88-6074a3b7b8b8'
client 2024-02-21 02:40:13,828 [INFO] Got response: 'OK 2024-02-21_02-40-13,3ab91493-6dc7-4210-ba69-76a4112cfd45'
client 2024-02-21 02:40:13,828 [INFO] Session id is '2024-02-21_02-40-13'
client 2024-02-21 02:40:13,828 [INFO] Sources: {"sources": {"__init__.py": "da39a3ee5e6b4b0d3255bfef95601890afd80709", "client.py": "33ca4f26368777ac06e01f9567b714a4b8063886", "lib/__init__.py": "da39a3ee5e6b4b0d3255bfef95601890afd80709", "lib/client.py": "ac2aa093c8e8bbc9569b9e2a3471bc64e58a2258", "lib/common.py": "611d8b29633d331eb19c9455ea3b5fa3284ed6df", "lib/external/__init__.py": "da39a3ee5e6b4b0d3255bfef95601890afd80709", "lib/external/ntplib.py": "4da8f970656505a40483206ef2b5d3dd5e81711d", "lib/server.py": "99303c836c683aa9017ec565104e636161d02acb", "lib/source_hashes.py": "60a2e02193209e8d392803326208d5466342da18", "lib/summary.py": "aa92f0a3f975eecd44d3c0cd0236342ccc9f941d", "lib/time_sync.py": "80894ef2389e540781ff78de94db16aa4203a14e", "server.py": "c3f90f2f7eeb4db30727556d0c815ebc89b3d28b", "tests/unit/__init__.py": "da39a3ee5e6b4b0d3255bfef95601890afd80709", "tests/unit/test_server.py": "948c1995d4008bc2aa6c4046a34ffa3858d6d671", "tests/unit/test_source_hashes.py": "00468a2907583c593e6574a1f6b404e4651c221a"}, "modules": {"ptd_client_server.lib.client": "lib/client.py", "ptd_client_server.lib.common": "lib/common.py", "ptd_client_server.lib.external.ntplib": "lib/external/ntplib.py", "ptd_client_server.lib.source_hashes": "lib/source_hashes.py", "ptd_client_server.lib.summary": "lib/summary.py", "ptd_client_server.lib.time_sync": "lib/time_sync.py"}}
client 2024-02-21 02:40:13,828 [INFO] Running workload in ranging mode
client 2024-02-21 02:40:13,828 [INFO] Synchronizing with the server and with time.google.com...
client 2024-02-21 02:40:13,851 [INFO] NTP:offset = 0.001 s, delay = 0.023 s 
client 2024-02-21 02:40:13,851 [INFO] Sending command to the server: 'time'
client 2024-02-21 02:40:13,859 [INFO] Got response: '1708483213.7928057'
client 2024-02-21 02:40:13,859 [INFO] The time difference between the client and the server is within range 58.854 ms..66.904 ms
client 2024-02-21 02:40:13,859 [INFO] Sending command to the server: 'session,2024-02-21_02-40-13,start,ranging'
client 2024-02-21 02:40:37,756 [INFO] Got response: 'OK'
client 2024-02-21 02:40:37,756 [INFO] Sending command to the server: 'time'
client 2024-02-21 02:40:37,769 [INFO] Got response: '1708483237.6998613'
client 2024-02-21 02:40:37,769 [INFO] The time difference between the client and the server is within range 56.349 ms..69.799 ms
client 2024-02-21 02:40:37,769 [INFO] Running the workload 'CM_MLPERF_RUN_COUNT=$(cat ${CM_RUN_DIR}/count.txt); echo ${CM_MLPERF_RUN_COUNT}; CM_MLPERF_RUN_COUNT=$((CM_MLPERF_RUN_COUNT+1)); echo ${CM_MLPERF_RUN_COUNT} > ${CM_RUN_DIR}/count.txt && if [ ${CM_MLPERF_RUN_COUNT} -eq "1" ]; then export CM_MLPERF_USER_CONF=${CM_MLPERF_RANGING_USER_CONF}; else export CM_MLPERF_USER_CONF=${CM_MLPERF_TESTING_USER_CONF}; fi && /usr/bin/python3 run.py --backend=deepsparse --scenario=SingleStream --mlperf_conf "/home/arjun/CM/repos/local/cache/b5386651b8ab4bd4/inference/mlperf.conf" --user_conf "${CM_MLPERF_USER_CONF}" --quantized --batch_size=1 --model_path=/home/arjun/.cache/sparsezoo/c200b60a-ced0-45c8-b281-57611eab293f/model.onnx 2>&1 | tee /home/arjun/results_dir/valid_results/phoenix_Amd_Am5-reference-cpu-deepsparse-vdefault-default_config/obert-large-pruned97-quant-none-bert-99/singlestream/performance/run_1/console.out'
client 2024-02-21 02:46:37,749 [INFO] Sending command to the server: 'time'
client 2024-02-21 02:46:37,758 [INFO] Got response: '1708483597.686236'
client 2024-02-21 02:46:37,758 [INFO] The time difference between the client and the server is within range 62.847 ms..72.470 ms
client 2024-02-21 02:46:37,758 [INFO] Sending command to the server: 'session,2024-02-21_02-40-13,stop,ranging'
client 2024-02-21 02:46:48,050 [INFO] Got response: 'OK'
client 2024-02-21 02:46:48,050 [INFO] Sending command to the server: 'time'
client 2024-02-21 02:46:48,060 [INFO] Got response: '1708483607.9951935'
client 2024-02-21 02:46:48,060 [INFO] The time difference between the client and the server is within range 55.148 ms..65.063 ms
client 2024-02-21 02:46:48,062 [INFO] Copying loadgen logs from '/home/arjun/results_dir/valid_results/phoenix_Amd_Am5-reference-cpu-deepsparse-vdefault-default_config/obert-large-pruned97-quant-none-bert-99/singlestream/performance/run_1' to '/home/arjun/results_dir/valid_results/phoenix_Amd_Am5-reference-cpu-deepsparse-vdefault-default_config/obert-large-pruned97-quant-none-bert-99/singlestream/performance/tmp_power/ranging'
client 2024-02-21 02:46:48,062 [INFO] Running workload in testing mode
client 2024-02-21 02:46:48,062 [INFO] Synchronizing with the server and with time.google.com...
client 2024-02-21 02:46:48,084 [INFO] NTP:offset = -0.002 s, delay = 0.022 s 
client 2024-02-21 02:46:48,084 [INFO] Sending command to the server: 'time'
client 2024-02-21 02:46:48,093 [INFO] Got response: '1708483608.0251276'
client 2024-02-21 02:46:48,093 [INFO] The time difference between the client and the server is within range 59.713 ms..68.521 ms
client 2024-02-21 02:46:48,093 [INFO] Sending command to the server: 'session,2024-02-21_02-40-13,start,testing'
client 2024-02-21 02:47:01,162 [INFO] Got response: 'OK'
client 2024-02-21 02:47:01,162 [INFO] Sending command to the server: 'time'
client 2024-02-21 02:47:01,170 [INFO] Got response: '1708483621.105478'
client 2024-02-21 02:47:01,171 [INFO] The time difference between the client and the server is within range 56.870 ms..65.598 ms
client 2024-02-21 02:47:01,171 [INFO] Running the workload 'CM_MLPERF_RUN_COUNT=$(cat ${CM_RUN_DIR}/count.txt); echo ${CM_MLPERF_RUN_COUNT}; CM_MLPERF_RUN_COUNT=$((CM_MLPERF_RUN_COUNT+1)); echo ${CM_MLPERF_RUN_COUNT} > ${CM_RUN_DIR}/count.txt && if [ ${CM_MLPERF_RUN_COUNT} -eq "1" ]; then export CM_MLPERF_USER_CONF=${CM_MLPERF_RANGING_USER_CONF}; else export CM_MLPERF_USER_CONF=${CM_MLPERF_TESTING_USER_CONF}; fi && /usr/bin/python3 run.py --backend=deepsparse --scenario=SingleStream --mlperf_conf "/home/arjun/CM/repos/local/cache/b5386651b8ab4bd4/inference/mlperf.conf" --user_conf "${CM_MLPERF_USER_CONF}" --quantized --batch_size=1 --model_path=/home/arjun/.cache/sparsezoo/c200b60a-ced0-45c8-b281-57611eab293f/model.onnx 2>&1 | tee /home/arjun/results_dir/valid_results/phoenix_Amd_Am5-reference-cpu-deepsparse-vdefault-default_config/obert-large-pruned97-quant-none-bert-99/singlestream/performance/run_1/console.out'
client 2024-02-21 02:58:00,435 [INFO] Sending command to the server: 'time'
client 2024-02-21 02:58:00,444 [INFO] Got response: '1708484280.3650367'
client 2024-02-21 02:58:00,444 [INFO] The time difference between the client and the server is within range 70.647 ms..79.413 ms
client 2024-02-21 02:58:00,444 [INFO] Sending command to the server: 'session,2024-02-21_02-40-13,stop,testing'
client 2024-02-21 02:58:11,221 [INFO] Got response: 'OK'
client 2024-02-21 02:58:11,221 [INFO] Sending command to the server: 'time'
client 2024-02-21 02:58:11,229 [INFO] Got response: '1708484291.1528258'
client 2024-02-21 02:58:11,229 [INFO] The time difference between the client and the server is within range 68.309 ms..76.940 ms
client 2024-02-21 02:58:11,230 [INFO] Copying loadgen logs from '/home/arjun/results_dir/valid_results/phoenix_Amd_Am5-reference-cpu-deepsparse-vdefault-default_config/obert-large-pruned97-quant-none-bert-99/singlestream/performance/run_1' to '/home/arjun/results_dir/valid_results/phoenix_Amd_Am5-reference-cpu-deepsparse-vdefault-default_config/obert-large-pruned97-quant-none-bert-99/singlestream/performance/tmp_power/run_1'
client 2024-02-21 02:58:11,230 [INFO] Done runs
