DeepSparse, Copyright 2021-present / Neuralmagic, Inc. version: 1.6.1 COMMUNITY | (eff4f95d) (release) (optimized) (system=avx2, binary=avx2)
[7fb0b61156c0 >WARN<  operator() ./src/include/wand/utility/warnings.hpp:14] Generating emulated code for quantized (INT8) operations since no VNNI instructions were detected. Set NM_FAST_VNNI_EMULATION=1 to increase performance at the expense of accuracy.
2024-02-21 16:46:28 deepsparse.utils.onnx INFO     Generating input 'input_ids', type = int64, shape = [1, 384]
2024-02-21 16:46:28 deepsparse.utils.onnx INFO     Generating input 'attention_mask', type = int64, shape = [1, 384]
2024-02-21 16:46:28 deepsparse.utils.onnx INFO     Generating input 'token_type_ids', type = int64, shape = [1, 384]
================================================
MLPerf Results Summary
================================================
SUT name : PySUT
Scenario : Offline
Mode     : PerformanceOnly
Samples per second: 87.0337
Result is : VALID
  Min duration satisfied : Yes
  Min queries satisfied : Yes
  Early stopping satisfied: Yes

================================================
Additional Stats
================================================
Min latency (ns)                : 214126868
Max latency (ns)                : 669074531348
Mean latency (ns)               : 280451552933
50.00 percentile latency (ns)   : 254176237642
90.00 percentile latency (ns)   : 569322682415
95.00 percentile latency (ns)   : 619310853629
97.00 percentile latency (ns)   : 639157042721
99.00 percentile latency (ns)   : 659160883893
99.90 percentile latency (ns)   : 668086548246

================================================
Test Parameters Used
================================================
samples_per_query : 58232
target_qps : 88.2316
target_latency (ns): 0
max_async_queries : 1
min_duration (ms): 600000
max_duration (ms): 0
min_query_count : 1
max_query_count : 0
qsl_rng_seed : 13281865557512327830
sample_index_rng_seed : 198141574272810017
schedule_rng_seed : 7575108116881280410
accuracy_log_rng_seed : 0
accuracy_log_probability : 0
accuracy_log_sampling_target : 0
print_timestamps : 0
performance_issue_unique : 0
performance_issue_same : 0
performance_issue_same_index : 0
performance_sample_count : 10833

No warnings encountered during test.

No errors encountered during test.
Loading ONNX model... /home/arjun/.cache/sparsezoo/neuralmagic/mobilebert-squad_wikipedia_bookcorpus-14layer_pruned50.4block_quantized/model.onnx
Constructing SUT...
Finished constructing SUT.
Constructing QSL...
Loading cached features from 'eval_features.pickle'...
Finished constructing QSL.
Warming up engine...
Running LoadGen test...
Done!
Destroying SUT...
Destroying QSL...
Finished destroying SUT.
Finished destroying QSL.
