client 2024-02-21 01:38:42,650 [INFO] Creating output directory '/home/arjun/results_dir/valid_results/phoenix_Amd_Am5-reference-cpu-deepsparse-vdefault-default_config/mobilebert-base_quant-none-bert-99/singlestream/performance/tmp_power'
client 2024-02-21 01:38:42,658 [INFO] Sending command to the server: 'mlcommons/power client v3'
client 2024-02-21 01:38:42,667 [INFO] Got response: 'mlcommons/power server v3'
client 2024-02-21 01:38:42,667 [INFO] Synchronizing with the server and with time.google.com...
client 2024-02-21 01:38:42,695 [INFO] NTP:offset = -0.000 s, delay = 0.021 s 
client 2024-02-21 01:38:42,695 [INFO] Sending command to the server: 'time'
client 2024-02-21 01:38:42,704 [INFO] Got response: '1708479522.6585774'
client 2024-02-21 01:38:42,704 [INFO] The time difference between the client and the server is within range 37.208 ms..45.870 ms
client 2024-02-21 01:38:42,704 [INFO] Sending command to the server: 'new,,57e26d2c-0720-40c0-8002-f22184fbd948'
client 2024-02-21 01:38:42,714 [INFO] Got response: 'OK 2024-02-21_01-38-42,cb9f65ba-fbbe-49da-acd0-a5f1433a9d20'
client 2024-02-21 01:38:42,714 [INFO] Session id is '2024-02-21_01-38-42'
client 2024-02-21 01:38:42,715 [INFO] Sources: {"sources": {"__init__.py": "da39a3ee5e6b4b0d3255bfef95601890afd80709", "client.py": "33ca4f26368777ac06e01f9567b714a4b8063886", "lib/__init__.py": "da39a3ee5e6b4b0d3255bfef95601890afd80709", "lib/client.py": "ac2aa093c8e8bbc9569b9e2a3471bc64e58a2258", "lib/common.py": "611d8b29633d331eb19c9455ea3b5fa3284ed6df", "lib/external/__init__.py": "da39a3ee5e6b4b0d3255bfef95601890afd80709", "lib/external/ntplib.py": "4da8f970656505a40483206ef2b5d3dd5e81711d", "lib/server.py": "99303c836c683aa9017ec565104e636161d02acb", "lib/source_hashes.py": "60a2e02193209e8d392803326208d5466342da18", "lib/summary.py": "aa92f0a3f975eecd44d3c0cd0236342ccc9f941d", "lib/time_sync.py": "80894ef2389e540781ff78de94db16aa4203a14e", "server.py": "c3f90f2f7eeb4db30727556d0c815ebc89b3d28b", "tests/unit/__init__.py": "da39a3ee5e6b4b0d3255bfef95601890afd80709", "tests/unit/test_server.py": "948c1995d4008bc2aa6c4046a34ffa3858d6d671", "tests/unit/test_source_hashes.py": "00468a2907583c593e6574a1f6b404e4651c221a"}, "modules": {"ptd_client_server.lib.client": "lib/client.py", "ptd_client_server.lib.common": "lib/common.py", "ptd_client_server.lib.external.ntplib": "lib/external/ntplib.py", "ptd_client_server.lib.source_hashes": "lib/source_hashes.py", "ptd_client_server.lib.summary": "lib/summary.py", "ptd_client_server.lib.time_sync": "lib/time_sync.py"}}
client 2024-02-21 01:38:42,715 [INFO] Running workload in ranging mode
client 2024-02-21 01:38:42,715 [INFO] Synchronizing with the server and with time.google.com...
client 2024-02-21 01:38:42,738 [INFO] NTP:offset = 0.003 s, delay = 0.023 s 
client 2024-02-21 01:38:42,738 [INFO] Sending command to the server: 'time'
client 2024-02-21 01:38:42,752 [INFO] Got response: '1708479522.7086053'
client 2024-02-21 01:38:42,752 [INFO] The time difference between the client and the server is within range 30.139 ms..43.558 ms
client 2024-02-21 01:38:42,752 [INFO] Sending command to the server: 'session,2024-02-21_01-38-42,start,ranging'
client 2024-02-21 01:39:07,856 [INFO] Got response: 'OK'
client 2024-02-21 01:39:07,856 [INFO] Sending command to the server: 'time'
client 2024-02-21 01:39:07,865 [INFO] Got response: '1708479547.8287425'
client 2024-02-21 01:39:07,866 [INFO] The time difference between the client and the server is within range 28.046 ms..37.351 ms
client 2024-02-21 01:39:07,866 [INFO] Running the workload 'CM_MLPERF_RUN_COUNT=$(cat ${CM_RUN_DIR}/count.txt); echo ${CM_MLPERF_RUN_COUNT}; CM_MLPERF_RUN_COUNT=$((CM_MLPERF_RUN_COUNT+1)); echo ${CM_MLPERF_RUN_COUNT} > ${CM_RUN_DIR}/count.txt && if [ ${CM_MLPERF_RUN_COUNT} -eq "1" ]; then export CM_MLPERF_USER_CONF=${CM_MLPERF_RANGING_USER_CONF}; else export CM_MLPERF_USER_CONF=${CM_MLPERF_TESTING_USER_CONF}; fi && /usr/bin/python3 run.py --backend=deepsparse --scenario=SingleStream --mlperf_conf "/home/arjun/CM/repos/local/cache/b5386651b8ab4bd4/inference/mlperf.conf" --user_conf "${CM_MLPERF_USER_CONF}" --quantized --batch_size=1 --model_path=/home/arjun/.cache/sparsezoo/015e8d42-34d9-4fdc-a641-4f2475ae2542/model.onnx 2>&1 | tee /home/arjun/results_dir/valid_results/phoenix_Amd_Am5-reference-cpu-deepsparse-vdefault-default_config/mobilebert-base_quant-none-bert-99/singlestream/performance/run_1/console.out'
client 2024-02-21 01:45:50,327 [INFO] Sending command to the server: 'time'
client 2024-02-21 01:45:50,337 [INFO] Got response: '1708479950.291744'
client 2024-02-21 01:45:50,337 [INFO] The time difference between the client and the server is within range 35.280 ms..45.528 ms
client 2024-02-21 01:45:50,337 [INFO] Sending command to the server: 'session,2024-02-21_01-38-42,stop,ranging'
client 2024-02-21 01:46:01,135 [INFO] Got response: 'OK'
client 2024-02-21 01:46:01,135 [INFO] Sending command to the server: 'time'
client 2024-02-21 01:46:01,143 [INFO] Got response: '1708479961.0916717'
client 2024-02-21 01:46:01,143 [INFO] The time difference between the client and the server is within range 43.453 ms..52.149 ms
client 2024-02-21 01:46:01,145 [INFO] Copying loadgen logs from '/home/arjun/results_dir/valid_results/phoenix_Amd_Am5-reference-cpu-deepsparse-vdefault-default_config/mobilebert-base_quant-none-bert-99/singlestream/performance/run_1' to '/home/arjun/results_dir/valid_results/phoenix_Amd_Am5-reference-cpu-deepsparse-vdefault-default_config/mobilebert-base_quant-none-bert-99/singlestream/performance/tmp_power/ranging'
client 2024-02-21 01:46:01,146 [INFO] Running workload in testing mode
client 2024-02-21 01:46:01,146 [INFO] Synchronizing with the server and with time.google.com...
client 2024-02-21 01:46:01,168 [INFO] NTP:offset = 0.003 s, delay = 0.022 s 
client 2024-02-21 01:46:01,168 [INFO] Sending command to the server: 'time'
client 2024-02-21 01:46:01,183 [INFO] Got response: '1708479961.1316695'
client 2024-02-21 01:46:01,183 [INFO] The time difference between the client and the server is within range 36.850 ms..51.800 ms
client 2024-02-21 01:46:01,183 [INFO] Sending command to the server: 'session,2024-02-21_01-38-42,start,testing'
client 2024-02-21 01:46:14,251 [INFO] Got response: 'OK'
client 2024-02-21 01:46:14,251 [INFO] Sending command to the server: 'time'
client 2024-02-21 01:46:14,261 [INFO] Got response: '1708479974.2118495'
client 2024-02-21 01:46:14,261 [INFO] The time difference between the client and the server is within range 39.470 ms..49.639 ms
client 2024-02-21 01:46:14,261 [INFO] Running the workload 'CM_MLPERF_RUN_COUNT=$(cat ${CM_RUN_DIR}/count.txt); echo ${CM_MLPERF_RUN_COUNT}; CM_MLPERF_RUN_COUNT=$((CM_MLPERF_RUN_COUNT+1)); echo ${CM_MLPERF_RUN_COUNT} > ${CM_RUN_DIR}/count.txt && if [ ${CM_MLPERF_RUN_COUNT} -eq "1" ]; then export CM_MLPERF_USER_CONF=${CM_MLPERF_RANGING_USER_CONF}; else export CM_MLPERF_USER_CONF=${CM_MLPERF_TESTING_USER_CONF}; fi && /usr/bin/python3 run.py --backend=deepsparse --scenario=SingleStream --mlperf_conf "/home/arjun/CM/repos/local/cache/b5386651b8ab4bd4/inference/mlperf.conf" --user_conf "${CM_MLPERF_USER_CONF}" --quantized --batch_size=1 --model_path=/home/arjun/.cache/sparsezoo/015e8d42-34d9-4fdc-a641-4f2475ae2542/model.onnx 2>&1 | tee /home/arjun/results_dir/valid_results/phoenix_Amd_Am5-reference-cpu-deepsparse-vdefault-default_config/mobilebert-base_quant-none-bert-99/singlestream/performance/run_1/console.out'
client 2024-02-21 01:57:57,927 [INFO] Sending command to the server: 'time'
client 2024-02-21 01:57:57,937 [INFO] Got response: '1708480677.8804264'
client 2024-02-21 01:57:57,937 [INFO] The time difference between the client and the server is within range 47.314 ms..56.786 ms
client 2024-02-21 01:57:57,937 [INFO] Sending command to the server: 'session,2024-02-21_01-38-42,stop,testing'
client 2024-02-21 01:58:08,316 [INFO] Got response: 'OK'
client 2024-02-21 01:58:08,316 [INFO] Sending command to the server: 'time'
client 2024-02-21 01:58:08,324 [INFO] Got response: '1708480688.270612'
client 2024-02-21 01:58:08,324 [INFO] The time difference between the client and the server is within range 45.518 ms..53.512 ms
client 2024-02-21 01:58:08,324 [INFO] Copying loadgen logs from '/home/arjun/results_dir/valid_results/phoenix_Amd_Am5-reference-cpu-deepsparse-vdefault-default_config/mobilebert-base_quant-none-bert-99/singlestream/performance/run_1' to '/home/arjun/results_dir/valid_results/phoenix_Amd_Am5-reference-cpu-deepsparse-vdefault-default_config/mobilebert-base_quant-none-bert-99/singlestream/performance/tmp_power/run_1'
client 2024-02-21 01:58:08,324 [INFO] Done runs
