Graph file: /home/ubuntu/CM/repos/local/cache/03f28599244e4d87/v2_160_35/model.tflite
Image dir: /home/ubuntu/CM/repos/local/cache/f82046206e2c49e5
Image list: /home/ubuntu/CM/repos/local/cache/f82046206e2c49e5/preprocessed_files.txt
Image size: 160
Image channels: 3
Prediction classes: 1000
Result dir: /home/ubuntu/CM/repos/local/cache/7d7675dc64fb47c1/valid_results/ip_172_31_22_165-tflite_cpp-cpu-tflite-vmaster-default_config/mobilenet-v2-precision_uint8-0.35-160/singlestream/performance/run_1
How many images fit in memory buffer: 1024
Normalize: 1
Subtract mean: 0
Run time preprocessing: 1
Number of Threads: 8
Number of available imagefiles: 50000

Loading graph...
INFO: Created TensorFlow Lite XNNPACK delegate for CPU.
Input tensor dimensions (NHWC): 1*160*160*3
Output tensor dimensions: 1*1001
Path to mlperf.conf : /home/ubuntu/CM/repos/local/cache/f3e5a00e87484e31/inference/mlperf.conf
Path to user.conf : /home/ubuntu/CM/repos/ctuning@mlcommons-ck/cm-mlops/script/generate-mlperf-inference-user-conf/tmp/c4b32bff9a844b078c6b90613dd55b8d.conf
Model Name: mobilenet
LoadGen Scenario: SingleStream
LoadGen Mode: performance
