client 2024-02-04 01:59:43,067 [INFO] Creating output directory '/home/arjun/results_dir/valid_results/orin-tflite_armnn_cpp-cpu-armnn_tflite-v23.11-using_neon_with_live_preprocessing/mobilenet-v1-precision_float-1.0-128/singlestream/performance/tmp_power'
client 2024-02-04 01:59:43,207 [INFO] Sending command to the server: 'mlcommons/power client v3'
client 2024-02-04 01:59:43,210 [INFO] Got response: 'mlcommons/power server v3'
client 2024-02-04 01:59:43,210 [INFO] Synchronizing with the server and with time.google.com...
client 2024-02-04 01:59:43,246 [INFO] NTP:offset = 0.000 s, delay = 0.022 s 
client 2024-02-04 01:59:43,246 [INFO] Sending command to the server: 'time'
client 2024-02-04 01:59:43,249 [INFO] Got response: '1707011983.2480094'
client 2024-02-04 01:59:43,249 [INFO] The time difference between the client and the server is within range -1.598 ms..1.580 ms
client 2024-02-04 01:59:43,249 [INFO] Sending command to the server: 'new,,bad18866-896c-4311-bb77-dbee8ecfacf1'
client 2024-02-04 01:59:43,253 [INFO] Got response: 'OK 2024-02-04_01-59-43,5273a24d-0b3d-4be2-b782-627e25ed11ab'
client 2024-02-04 01:59:43,253 [INFO] Session id is '2024-02-04_01-59-43'
client 2024-02-04 01:59:43,254 [INFO] Sources: {"sources": {"__init__.py": "da39a3ee5e6b4b0d3255bfef95601890afd80709", "client.py": "33ca4f26368777ac06e01f9567b714a4b8063886", "lib/__init__.py": "da39a3ee5e6b4b0d3255bfef95601890afd80709", "lib/client.py": "ac2aa093c8e8bbc9569b9e2a3471bc64e58a2258", "lib/common.py": "611d8b29633d331eb19c9455ea3b5fa3284ed6df", "lib/external/__init__.py": "da39a3ee5e6b4b0d3255bfef95601890afd80709", "lib/external/ntplib.py": "4da8f970656505a40483206ef2b5d3dd5e81711d", "lib/server.py": "99303c836c683aa9017ec565104e636161d02acb", "lib/source_hashes.py": "60a2e02193209e8d392803326208d5466342da18", "lib/summary.py": "aa92f0a3f975eecd44d3c0cd0236342ccc9f941d", "lib/time_sync.py": "80894ef2389e540781ff78de94db16aa4203a14e", "server.py": "c3f90f2f7eeb4db30727556d0c815ebc89b3d28b", "tests/unit/__init__.py": "da39a3ee5e6b4b0d3255bfef95601890afd80709", "tests/unit/test_server.py": "948c1995d4008bc2aa6c4046a34ffa3858d6d671", "tests/unit/test_source_hashes.py": "00468a2907583c593e6574a1f6b404e4651c221a"}, "modules": {"ptd_client_server.lib.client": "lib/client.py", "ptd_client_server.lib.common": "lib/common.py", "ptd_client_server.lib.external.ntplib": "lib/external/ntplib.py", "ptd_client_server.lib.source_hashes": "lib/source_hashes.py", "ptd_client_server.lib.summary": "lib/summary.py", "ptd_client_server.lib.time_sync": "lib/time_sync.py"}}
client 2024-02-04 01:59:43,254 [INFO] Running workload in ranging mode
client 2024-02-04 01:59:43,254 [INFO] Synchronizing with the server and with time.google.com...
client 2024-02-04 01:59:43,281 [INFO] NTP:offset = -0.005 s, delay = 0.025 s 
client 2024-02-04 01:59:43,282 [INFO] Sending command to the server: 'time'
client 2024-02-04 01:59:43,284 [INFO] Got response: '1707011983.2836645'
client 2024-02-04 01:59:43,284 [INFO] The time difference between the client and the server is within range -1.656 ms..1.257 ms
client 2024-02-04 01:59:43,285 [INFO] Sending command to the server: 'session,2024-02-04_01-59-43,start,ranging'
client 2024-02-04 02:00:11,366 [INFO] Got response: 'OK'
client 2024-02-04 02:00:11,369 [INFO] Sending command to the server: 'time'
client 2024-02-04 02:00:11,373 [INFO] Got response: '1707012011.3712854'
client 2024-02-04 02:00:11,373 [INFO] The time difference between the client and the server is within range -1.830 ms..2.247 ms
client 2024-02-04 02:00:11,373 [INFO] Running the workload 'CM_MLPERF_RUN_COUNT=$(cat ${CM_RUN_DIR}/count.txt); echo ${CM_MLPERF_RUN_COUNT}; CM_MLPERF_RUN_COUNT=$((CM_MLPERF_RUN_COUNT+1)); echo ${CM_MLPERF_RUN_COUNT} > ${CM_RUN_DIR}/count.txt && if [ ${CM_MLPERF_RUN_COUNT} -eq "1" ]; then export CM_MLPERF_USER_CONF=${CM_MLPERF_RANGING_USER_CONF}; else export CM_MLPERF_USER_CONF=${CM_MLPERF_TESTING_USER_CONF}; fi && /mnt/CM/repos/ctuning@mlcommons-ck/cm-mlops/script/get-lib-armnn/run.out'
client 2024-02-04 02:05:13,973 [INFO] Sending command to the server: 'time'
client 2024-02-04 02:05:13,976 [INFO] Got response: '1707012313.975383'
client 2024-02-04 02:05:13,977 [INFO] The time difference between the client and the server is within range -2.309 ms..1.643 ms
client 2024-02-04 02:05:13,977 [INFO] Sending command to the server: 'session,2024-02-04_01-59-43,stop,ranging'
client 2024-02-04 02:05:24,424 [INFO] Got response: 'OK'
client 2024-02-04 02:05:24,425 [INFO] Sending command to the server: 'time'
client 2024-02-04 02:05:24,428 [INFO] Got response: '1707012324.4273422'
client 2024-02-04 02:05:24,428 [INFO] The time difference between the client and the server is within range -1.819 ms..1.538 ms
client 2024-02-04 02:05:24,446 [INFO] Copying loadgen logs from '/home/arjun/results_dir/valid_results/orin-tflite_armnn_cpp-cpu-armnn_tflite-v23.11-using_neon_with_live_preprocessing/mobilenet-v1-precision_float-1.0-128/singlestream/performance/run_1' to '/home/arjun/results_dir/valid_results/orin-tflite_armnn_cpp-cpu-armnn_tflite-v23.11-using_neon_with_live_preprocessing/mobilenet-v1-precision_float-1.0-128/singlestream/performance/tmp_power/ranging'
client 2024-02-04 02:05:24,449 [INFO] Running workload in testing mode
client 2024-02-04 02:05:24,449 [INFO] Synchronizing with the server and with time.google.com...
client 2024-02-04 02:05:24,475 [INFO] NTP:offset = -0.002 s, delay = 0.021 s 
client 2024-02-04 02:05:24,476 [INFO] Sending command to the server: 'time'
client 2024-02-04 02:05:24,479 [INFO] Got response: '1707012324.4780524'
client 2024-02-04 02:05:24,479 [INFO] The time difference between the client and the server is within range -1.802 ms..1.715 ms
client 2024-02-04 02:05:24,479 [INFO] Sending command to the server: 'session,2024-02-04_01-59-43,start,testing'
client 2024-02-04 02:05:37,498 [INFO] Got response: 'OK'
client 2024-02-04 02:05:37,499 [INFO] Sending command to the server: 'time'
client 2024-02-04 02:05:37,502 [INFO] Got response: '1707012337.5008733'
client 2024-02-04 02:05:37,502 [INFO] The time difference between the client and the server is within range -1.624 ms..1.859 ms
client 2024-02-04 02:05:37,503 [INFO] Running the workload 'CM_MLPERF_RUN_COUNT=$(cat ${CM_RUN_DIR}/count.txt); echo ${CM_MLPERF_RUN_COUNT}; CM_MLPERF_RUN_COUNT=$((CM_MLPERF_RUN_COUNT+1)); echo ${CM_MLPERF_RUN_COUNT} > ${CM_RUN_DIR}/count.txt && if [ ${CM_MLPERF_RUN_COUNT} -eq "1" ]; then export CM_MLPERF_USER_CONF=${CM_MLPERF_RANGING_USER_CONF}; else export CM_MLPERF_USER_CONF=${CM_MLPERF_TESTING_USER_CONF}; fi && /mnt/CM/repos/ctuning@mlcommons-ck/cm-mlops/script/get-lib-armnn/run.out'
client 2024-02-04 02:15:42,527 [INFO] Sending command to the server: 'time'
client 2024-02-04 02:15:42,552 [INFO] Got response: '1707012942.551538'
client 2024-02-04 02:15:42,552 [INFO] The time difference between the client and the server is within range -24.312 ms..1.046 ms
client 2024-02-04 02:15:42,552 [INFO] Sending command to the server: 'session,2024-02-04_01-59-43,stop,testing'
client 2024-02-04 02:15:53,549 [INFO] Got response: 'OK'
client 2024-02-04 02:15:53,550 [INFO] Sending command to the server: 'time'
client 2024-02-04 02:15:53,553 [INFO] Got response: '1707012953.5528212'
client 2024-02-04 02:15:53,553 [INFO] The time difference between the client and the server is within range -2.037 ms..0.929 ms
client 2024-02-04 02:15:53,558 [INFO] Copying loadgen logs from '/home/arjun/results_dir/valid_results/orin-tflite_armnn_cpp-cpu-armnn_tflite-v23.11-using_neon_with_live_preprocessing/mobilenet-v1-precision_float-1.0-128/singlestream/performance/run_1' to '/home/arjun/results_dir/valid_results/orin-tflite_armnn_cpp-cpu-armnn_tflite-v23.11-using_neon_with_live_preprocessing/mobilenet-v1-precision_float-1.0-128/singlestream/performance/tmp_power/run_1'
client 2024-02-04 02:15:53,560 [INFO] Done runs
