client 2024-02-04 21:17:26,023 [INFO] Creating output directory '/home/arjun/results_dir/valid_results/orin-tflite_armnn_cpp-cpu-armnn_tflite-v23.11-using_neon_with_live_preprocessing/efficientnet-fp32-lite1/singlestream/performance/tmp_power'
client 2024-02-04 21:17:26,027 [INFO] Sending command to the server: 'mlcommons/power client v3'
client 2024-02-04 21:17:26,030 [INFO] Got response: 'mlcommons/power server v3'
client 2024-02-04 21:17:26,031 [INFO] Synchronizing with the server and with time.google.com...
client 2024-02-04 21:17:26,072 [INFO] NTP:offset = -0.001 s, delay = 0.024 s 
client 2024-02-04 21:17:26,072 [INFO] Sending command to the server: 'time'
client 2024-02-04 21:17:26,075 [INFO] Got response: '1707081446.0740995'
client 2024-02-04 21:17:26,075 [INFO] The time difference between the client and the server is within range -1.797 ms..1.715 ms
client 2024-02-04 21:17:26,075 [INFO] Sending command to the server: 'new,,b194c646-6909-4137-a386-5dc825da3c0a'
client 2024-02-04 21:17:26,079 [INFO] Got response: 'OK 2024-02-04_21-17-26,94664100-f47e-42d0-a5f2-422f020bfe5a'
client 2024-02-04 21:17:26,079 [INFO] Session id is '2024-02-04_21-17-26'
client 2024-02-04 21:17:26,080 [INFO] Sources: {"sources": {"__init__.py": "da39a3ee5e6b4b0d3255bfef95601890afd80709", "client.py": "33ca4f26368777ac06e01f9567b714a4b8063886", "lib/__init__.py": "da39a3ee5e6b4b0d3255bfef95601890afd80709", "lib/client.py": "ac2aa093c8e8bbc9569b9e2a3471bc64e58a2258", "lib/common.py": "611d8b29633d331eb19c9455ea3b5fa3284ed6df", "lib/external/__init__.py": "da39a3ee5e6b4b0d3255bfef95601890afd80709", "lib/external/ntplib.py": "4da8f970656505a40483206ef2b5d3dd5e81711d", "lib/server.py": "99303c836c683aa9017ec565104e636161d02acb", "lib/source_hashes.py": "60a2e02193209e8d392803326208d5466342da18", "lib/summary.py": "aa92f0a3f975eecd44d3c0cd0236342ccc9f941d", "lib/time_sync.py": "80894ef2389e540781ff78de94db16aa4203a14e", "server.py": "c3f90f2f7eeb4db30727556d0c815ebc89b3d28b", "tests/unit/__init__.py": "da39a3ee5e6b4b0d3255bfef95601890afd80709", "tests/unit/test_server.py": "948c1995d4008bc2aa6c4046a34ffa3858d6d671", "tests/unit/test_source_hashes.py": "00468a2907583c593e6574a1f6b404e4651c221a"}, "modules": {"ptd_client_server.lib.client": "lib/client.py", "ptd_client_server.lib.common": "lib/common.py", "ptd_client_server.lib.external.ntplib": "lib/external/ntplib.py", "ptd_client_server.lib.source_hashes": "lib/source_hashes.py", "ptd_client_server.lib.summary": "lib/summary.py", "ptd_client_server.lib.time_sync": "lib/time_sync.py"}}
client 2024-02-04 21:17:26,080 [INFO] Running workload in ranging mode
client 2024-02-04 21:17:26,080 [INFO] Synchronizing with the server and with time.google.com...
client 2024-02-04 21:17:26,128 [INFO] NTP:offset = 0.000 s, delay = 0.047 s 
client 2024-02-04 21:17:26,128 [INFO] Sending command to the server: 'time'
client 2024-02-04 21:17:26,132 [INFO] Got response: '1707081446.13066'
client 2024-02-04 21:17:26,132 [INFO] The time difference between the client and the server is within range -1.800 ms..2.206 ms
client 2024-02-04 21:17:26,133 [INFO] Sending command to the server: 'session,2024-02-04_21-17-26,start,ranging'
client 2024-02-04 21:17:54,227 [INFO] Got response: 'OK'
client 2024-02-04 21:17:54,230 [INFO] Sending command to the server: 'time'
client 2024-02-04 21:17:54,234 [INFO] Got response: '1707081474.2322357'
client 2024-02-04 21:17:54,234 [INFO] The time difference between the client and the server is within range -2.012 ms..2.314 ms
client 2024-02-04 21:17:54,234 [INFO] Running the workload 'CM_MLPERF_RUN_COUNT=$(cat ${CM_RUN_DIR}/count.txt); echo ${CM_MLPERF_RUN_COUNT}; CM_MLPERF_RUN_COUNT=$((CM_MLPERF_RUN_COUNT+1)); echo ${CM_MLPERF_RUN_COUNT} > ${CM_RUN_DIR}/count.txt && if [ ${CM_MLPERF_RUN_COUNT} -eq "1" ]; then export CM_MLPERF_USER_CONF=${CM_MLPERF_RANGING_USER_CONF}; else export CM_MLPERF_USER_CONF=${CM_MLPERF_TESTING_USER_CONF}; fi && /mnt/CM/repos/ctuning@mlcommons-ck/cm-mlops/script/get-lib-armnn/run.out'
client 2024-02-04 21:22:57,264 [INFO] Sending command to the server: 'time'
client 2024-02-04 21:22:57,298 [INFO] Got response: '1707081777.2961652'
client 2024-02-04 21:22:57,298 [INFO] The time difference between the client and the server is within range -31.894 ms..2.182 ms
client 2024-02-04 21:22:57,298 [INFO] Sending command to the server: 'session,2024-02-04_21-17-26,stop,ranging'
client 2024-02-04 21:23:08,365 [INFO] Got response: 'OK'
client 2024-02-04 21:23:08,366 [INFO] Sending command to the server: 'time'
client 2024-02-04 21:23:08,369 [INFO] Got response: '1707081788.3684268'
client 2024-02-04 21:23:08,370 [INFO] The time difference between the client and the server is within range -2.331 ms..1.620 ms
client 2024-02-04 21:23:08,386 [INFO] Copying loadgen logs from '/home/arjun/results_dir/valid_results/orin-tflite_armnn_cpp-cpu-armnn_tflite-v23.11-using_neon_with_live_preprocessing/efficientnet-fp32-lite1/singlestream/performance/run_1' to '/home/arjun/results_dir/valid_results/orin-tflite_armnn_cpp-cpu-armnn_tflite-v23.11-using_neon_with_live_preprocessing/efficientnet-fp32-lite1/singlestream/performance/tmp_power/ranging'
client 2024-02-04 21:23:08,389 [INFO] Running workload in testing mode
client 2024-02-04 21:23:08,389 [INFO] Synchronizing with the server and with time.google.com...
client 2024-02-04 21:23:08,416 [INFO] NTP:offset = -0.001 s, delay = 0.022 s 
client 2024-02-04 21:23:08,416 [INFO] Sending command to the server: 'time'
client 2024-02-04 21:23:08,420 [INFO] Got response: '1707081788.41805'
client 2024-02-04 21:23:08,420 [INFO] The time difference between the client and the server is within range -1.712 ms..2.475 ms
client 2024-02-04 21:23:08,420 [INFO] Sending command to the server: 'session,2024-02-04_21-17-26,start,testing'
client 2024-02-04 21:23:21,444 [INFO] Got response: 'OK'
client 2024-02-04 21:23:21,445 [INFO] Sending command to the server: 'time'
client 2024-02-04 21:23:21,449 [INFO] Got response: '1707081801.4480362'
client 2024-02-04 21:23:21,450 [INFO] The time difference between the client and the server is within range -2.389 ms..2.153 ms
client 2024-02-04 21:23:21,450 [INFO] Running the workload 'CM_MLPERF_RUN_COUNT=$(cat ${CM_RUN_DIR}/count.txt); echo ${CM_MLPERF_RUN_COUNT}; CM_MLPERF_RUN_COUNT=$((CM_MLPERF_RUN_COUNT+1)); echo ${CM_MLPERF_RUN_COUNT} > ${CM_RUN_DIR}/count.txt && if [ ${CM_MLPERF_RUN_COUNT} -eq "1" ]; then export CM_MLPERF_USER_CONF=${CM_MLPERF_RANGING_USER_CONF}; else export CM_MLPERF_USER_CONF=${CM_MLPERF_TESTING_USER_CONF}; fi && /mnt/CM/repos/ctuning@mlcommons-ck/cm-mlops/script/get-lib-armnn/run.out'
client 2024-02-04 21:33:26,646 [INFO] Sending command to the server: 'time'
client 2024-02-04 21:33:26,649 [INFO] Got response: '1707082406.649424'
client 2024-02-04 21:33:26,650 [INFO] The time difference between the client and the server is within range -3.326 ms..0.778 ms
client 2024-02-04 21:33:26,650 [INFO] Sending command to the server: 'session,2024-02-04_21-17-26,stop,testing'
client 2024-02-04 21:33:37,497 [INFO] Got response: 'OK'
client 2024-02-04 21:33:37,499 [INFO] Sending command to the server: 'time'
client 2024-02-04 21:33:37,504 [INFO] Got response: '1707082417.501739'
client 2024-02-04 21:33:37,504 [INFO] The time difference between the client and the server is within range -2.563 ms..2.768 ms
client 2024-02-04 21:33:37,509 [INFO] Copying loadgen logs from '/home/arjun/results_dir/valid_results/orin-tflite_armnn_cpp-cpu-armnn_tflite-v23.11-using_neon_with_live_preprocessing/efficientnet-fp32-lite1/singlestream/performance/run_1' to '/home/arjun/results_dir/valid_results/orin-tflite_armnn_cpp-cpu-armnn_tflite-v23.11-using_neon_with_live_preprocessing/efficientnet-fp32-lite1/singlestream/performance/tmp_power/run_1'
client 2024-02-04 21:33:37,511 [INFO] Done runs
