client 2024-02-04 12:04:13,989 [INFO] Creating output directory '/home/arjun/results_dir/valid_results/orin-tflite_armnn_cpp-cpu-armnn_tflite-v23.11-using_neon_with_live_preprocessing/mobilenet-v2-precision_float-0.75-192/singlestream/performance/tmp_power'
client 2024-02-04 12:04:13,994 [INFO] Sending command to the server: 'mlcommons/power client v3'
client 2024-02-04 12:04:13,998 [INFO] Got response: 'mlcommons/power server v3'
client 2024-02-04 12:04:13,998 [INFO] Synchronizing with the server and with time.google.com...
client 2024-02-04 12:04:14,036 [INFO] NTP:offset = 0.002 s, delay = 0.022 s 
client 2024-02-04 12:04:14,037 [INFO] Sending command to the server: 'time'
client 2024-02-04 12:04:14,040 [INFO] Got response: '1707048254.0401106'
client 2024-02-04 12:04:14,040 [INFO] The time difference between the client and the server is within range -2.942 ms..0.536 ms
client 2024-02-04 12:04:14,040 [INFO] Sending command to the server: 'new,,4472d4b5-d679-45a3-85b3-123e26f8f833'
client 2024-02-04 12:04:14,043 [INFO] Got response: 'OK 2024-02-04_12-04-14,12a9e8d3-ea41-4234-860c-0ec91f09480a'
client 2024-02-04 12:04:14,044 [INFO] Session id is '2024-02-04_12-04-14'
client 2024-02-04 12:04:14,044 [INFO] Sources: {"sources": {"__init__.py": "da39a3ee5e6b4b0d3255bfef95601890afd80709", "client.py": "33ca4f26368777ac06e01f9567b714a4b8063886", "lib/__init__.py": "da39a3ee5e6b4b0d3255bfef95601890afd80709", "lib/client.py": "ac2aa093c8e8bbc9569b9e2a3471bc64e58a2258", "lib/common.py": "611d8b29633d331eb19c9455ea3b5fa3284ed6df", "lib/external/__init__.py": "da39a3ee5e6b4b0d3255bfef95601890afd80709", "lib/external/ntplib.py": "4da8f970656505a40483206ef2b5d3dd5e81711d", "lib/server.py": "99303c836c683aa9017ec565104e636161d02acb", "lib/source_hashes.py": "60a2e02193209e8d392803326208d5466342da18", "lib/summary.py": "aa92f0a3f975eecd44d3c0cd0236342ccc9f941d", "lib/time_sync.py": "80894ef2389e540781ff78de94db16aa4203a14e", "server.py": "c3f90f2f7eeb4db30727556d0c815ebc89b3d28b", "tests/unit/__init__.py": "da39a3ee5e6b4b0d3255bfef95601890afd80709", "tests/unit/test_server.py": "948c1995d4008bc2aa6c4046a34ffa3858d6d671", "tests/unit/test_source_hashes.py": "00468a2907583c593e6574a1f6b404e4651c221a"}, "modules": {"ptd_client_server.lib.client": "lib/client.py", "ptd_client_server.lib.common": "lib/common.py", "ptd_client_server.lib.external.ntplib": "lib/external/ntplib.py", "ptd_client_server.lib.source_hashes": "lib/source_hashes.py", "ptd_client_server.lib.summary": "lib/summary.py", "ptd_client_server.lib.time_sync": "lib/time_sync.py"}}
client 2024-02-04 12:04:14,044 [INFO] Running workload in ranging mode
client 2024-02-04 12:04:14,044 [INFO] Synchronizing with the server and with time.google.com...
client 2024-02-04 12:04:14,092 [INFO] NTP:offset = 0.001 s, delay = 0.046 s 
client 2024-02-04 12:04:14,092 [INFO] Sending command to the server: 'time'
client 2024-02-04 12:04:14,095 [INFO] Got response: '1707048254.0954607'
client 2024-02-04 12:04:14,095 [INFO] The time difference between the client and the server is within range -2.958 ms..0.487 ms
client 2024-02-04 12:04:14,096 [INFO] Sending command to the server: 'session,2024-02-04_12-04-14,start,ranging'
client 2024-02-04 12:04:42,187 [INFO] Got response: 'OK'
client 2024-02-04 12:04:42,189 [INFO] Sending command to the server: 'time'
client 2024-02-04 12:04:42,193 [INFO] Got response: '1707048282.192975'
client 2024-02-04 12:04:42,194 [INFO] The time difference between the client and the server is within range -3.512 ms..0.981 ms
client 2024-02-04 12:04:42,194 [INFO] Running the workload 'CM_MLPERF_RUN_COUNT=$(cat ${CM_RUN_DIR}/count.txt); echo ${CM_MLPERF_RUN_COUNT}; CM_MLPERF_RUN_COUNT=$((CM_MLPERF_RUN_COUNT+1)); echo ${CM_MLPERF_RUN_COUNT} > ${CM_RUN_DIR}/count.txt && if [ ${CM_MLPERF_RUN_COUNT} -eq "1" ]; then export CM_MLPERF_USER_CONF=${CM_MLPERF_RANGING_USER_CONF}; else export CM_MLPERF_USER_CONF=${CM_MLPERF_TESTING_USER_CONF}; fi && /mnt/CM/repos/ctuning@mlcommons-ck/cm-mlops/script/get-lib-armnn/run.out'
client 2024-02-04 12:09:44,610 [INFO] Sending command to the server: 'time'
client 2024-02-04 12:09:44,615 [INFO] Got response: '1707048584.61533'
client 2024-02-04 12:09:44,615 [INFO] The time difference between the client and the server is within range -4.808 ms..0.458 ms
client 2024-02-04 12:09:44,616 [INFO] Sending command to the server: 'session,2024-02-04_12-04-14,stop,ranging'
client 2024-02-04 12:09:55,290 [INFO] Got response: 'OK'
client 2024-02-04 12:09:55,291 [INFO] Sending command to the server: 'time'
client 2024-02-04 12:09:55,295 [INFO] Got response: '1707048595.2955554'
client 2024-02-04 12:09:55,296 [INFO] The time difference between the client and the server is within range -3.779 ms..0.400 ms
client 2024-02-04 12:09:55,313 [INFO] Copying loadgen logs from '/home/arjun/results_dir/valid_results/orin-tflite_armnn_cpp-cpu-armnn_tflite-v23.11-using_neon_with_live_preprocessing/mobilenet-v2-precision_float-0.75-192/singlestream/performance/run_1' to '/home/arjun/results_dir/valid_results/orin-tflite_armnn_cpp-cpu-armnn_tflite-v23.11-using_neon_with_live_preprocessing/mobilenet-v2-precision_float-0.75-192/singlestream/performance/tmp_power/ranging'
client 2024-02-04 12:09:55,315 [INFO] Running workload in testing mode
client 2024-02-04 12:09:55,316 [INFO] Synchronizing with the server and with time.google.com...
client 2024-02-04 12:09:55,343 [INFO] NTP:offset = 0.001 s, delay = 0.022 s 
client 2024-02-04 12:09:55,343 [INFO] Sending command to the server: 'time'
client 2024-02-04 12:09:55,347 [INFO] Got response: '1707048595.3477552'
client 2024-02-04 12:09:55,347 [INFO] The time difference between the client and the server is within range -3.999 ms..-0.167 ms
client 2024-02-04 12:09:55,347 [INFO] Sending command to the server: 'session,2024-02-04_12-04-14,start,testing'
client 2024-02-04 12:10:08,368 [INFO] Got response: 'OK'
client 2024-02-04 12:10:08,368 [INFO] Sending command to the server: 'time'
client 2024-02-04 12:10:08,371 [INFO] Got response: '1707048608.3723307'
client 2024-02-04 12:10:08,371 [INFO] The time difference between the client and the server is within range -3.440 ms..-0.429 ms
client 2024-02-04 12:10:08,372 [INFO] Running the workload 'CM_MLPERF_RUN_COUNT=$(cat ${CM_RUN_DIR}/count.txt); echo ${CM_MLPERF_RUN_COUNT}; CM_MLPERF_RUN_COUNT=$((CM_MLPERF_RUN_COUNT+1)); echo ${CM_MLPERF_RUN_COUNT} > ${CM_RUN_DIR}/count.txt && if [ ${CM_MLPERF_RUN_COUNT} -eq "1" ]; then export CM_MLPERF_USER_CONF=${CM_MLPERF_RANGING_USER_CONF}; else export CM_MLPERF_USER_CONF=${CM_MLPERF_TESTING_USER_CONF}; fi && /mnt/CM/repos/ctuning@mlcommons-ck/cm-mlops/script/get-lib-armnn/run.out'
client 2024-02-04 12:20:12,845 [INFO] Sending command to the server: 'time'
client 2024-02-04 12:20:12,873 [INFO] Got response: '1707049212.875073'
client 2024-02-04 12:20:12,873 [INFO] The time difference between the client and the server is within range -29.667 ms..-1.662 ms
client 2024-02-04 12:20:12,873 [INFO] Sending command to the server: 'session,2024-02-04_12-04-14,stop,testing'
client 2024-02-04 12:20:23,384 [INFO] Got response: 'OK'
client 2024-02-04 12:20:23,386 [INFO] Sending command to the server: 'time'
client 2024-02-04 12:20:23,389 [INFO] Got response: '1707049223.3911445'
client 2024-02-04 12:20:23,390 [INFO] The time difference between the client and the server is within range -5.115 ms..-1.112 ms
client 2024-02-04 12:20:23,394 [INFO] Copying loadgen logs from '/home/arjun/results_dir/valid_results/orin-tflite_armnn_cpp-cpu-armnn_tflite-v23.11-using_neon_with_live_preprocessing/mobilenet-v2-precision_float-0.75-192/singlestream/performance/run_1' to '/home/arjun/results_dir/valid_results/orin-tflite_armnn_cpp-cpu-armnn_tflite-v23.11-using_neon_with_live_preprocessing/mobilenet-v2-precision_float-0.75-192/singlestream/performance/tmp_power/run_1'
client 2024-02-04 12:20:23,397 [INFO] Done runs
