client 2024-02-10 07:23:49,262 [INFO] Sending command to the server: 'mlcommons/power client v3'
client 2024-02-10 07:23:49,264 [INFO] Got response: 'mlcommons/power server v3'
client 2024-02-10 07:23:49,264 [INFO] Sending command to the server: 'stop'
client 2024-02-10 07:23:49,265 [INFO] Got response: 'OK'
client 2024-02-10 07:23:49,265 [INFO] Synchronizing with the server and with ib-01.dc4-in.nvidia.com...
client 2024-02-10 07:23:49,481 [INFO] NTP:offset = 0.000 s, delay = 0.212 s 
client 2024-02-10 07:23:49,481 [INFO] Sending command to the server: 'time'
client 2024-02-10 07:23:49,482 [INFO] Got response: '1707549829.4837847'
client 2024-02-10 07:23:49,482 [INFO] The time difference between the client and the server is within range -2.534 ms..-0.900 ms
client 2024-02-10 07:23:49,482 [INFO] Sending command to the server: 'new,,ffb53038-97f1-4ea3-ab7b-6aa99d53bfbe'
client 2024-02-10 07:23:49,484 [INFO] Got response: 'OK 2024-02-09_23-23-49,484fa3c0-db61-4028-ae4b-585252a99347'
client 2024-02-10 07:23:49,484 [INFO] Session id is '2024-02-09_23-23-49'
client 2024-02-10 07:23:49,484 [INFO] Sources: {"sources": {"__init__.py": "da39a3ee5e6b4b0d3255bfef95601890afd80709", "client.py": "33ca4f26368777ac06e01f9567b714a4b8063886", "lib/__init__.py": "da39a3ee5e6b4b0d3255bfef95601890afd80709", "lib/client.py": "ac2aa093c8e8bbc9569b9e2a3471bc64e58a2258", "lib/common.py": "611d8b29633d331eb19c9455ea3b5fa3284ed6df", "lib/external/__init__.py": "da39a3ee5e6b4b0d3255bfef95601890afd80709", "lib/external/ntplib.py": "4da8f970656505a40483206ef2b5d3dd5e81711d", "lib/server.py": "99303c836c683aa9017ec565104e636161d02acb", "lib/source_hashes.py": "60a2e02193209e8d392803326208d5466342da18", "lib/summary.py": "aa92f0a3f975eecd44d3c0cd0236342ccc9f941d", "lib/time_sync.py": "80894ef2389e540781ff78de94db16aa4203a14e", "server.py": "c3f90f2f7eeb4db30727556d0c815ebc89b3d28b", "tests/unit/__init__.py": "da39a3ee5e6b4b0d3255bfef95601890afd80709", "tests/unit/test_server.py": "948c1995d4008bc2aa6c4046a34ffa3858d6d671", "tests/unit/test_source_hashes.py": "00468a2907583c593e6574a1f6b404e4651c221a"}, "modules": {"ptd_client_server.lib.client": "lib/client.py", "ptd_client_server.lib.common": "lib/common.py", "ptd_client_server.lib.external.ntplib": "lib/external/ntplib.py", "ptd_client_server.lib.source_hashes": "lib/source_hashes.py", "ptd_client_server.lib.summary": "lib/summary.py", "ptd_client_server.lib.time_sync": "lib/time_sync.py"}}
client 2024-02-10 07:23:49,487 [INFO] Running workload in ranging mode
client 2024-02-10 07:23:49,487 [INFO] Synchronizing with the server and with ib-01.dc4-in.nvidia.com...
client 2024-02-10 07:23:49,701 [INFO] NTP:offset = 0.000 s, delay = 0.212 s 
client 2024-02-10 07:23:49,701 [INFO] Sending command to the server: 'time'
client 2024-02-10 07:23:49,702 [INFO] Got response: '1707549829.7036622'
client 2024-02-10 07:23:49,702 [INFO] The time difference between the client and the server is within range -2.537 ms..-0.952 ms
client 2024-02-10 07:23:49,702 [INFO] Sending command to the server: 'session,2024-02-09_23-23-49,start,ranging'
client 2024-02-10 07:24:29,617 [INFO] Got response: 'OK'
client 2024-02-10 07:24:29,618 [INFO] Sending command to the server: 'time'
client 2024-02-10 07:24:29,619 [INFO] Got response: '1707549869.6205444'
client 2024-02-10 07:24:29,619 [INFO] The time difference between the client and the server is within range -2.550 ms..-1.048 ms
client 2024-02-10 07:24:29,619 [INFO] Running the workload 'LOG_DIR=/work/build/power_logs_temp python3.8 -m code.main --benchmarks=stable-diffusion-xl --scenarios=Offline --test_mode=PerformanceOnly --config_ver=maxq --action="run_harness" \\\n\t\t2>&1 | tee -a /work/build/power_logs/2024.02.10-07.22.59/stdout.txt \\\n\t\t&& if [ ! -d /work/build/power_logs/2024.02.10-07.22.59/ranging_tmp ]; \\\n\t\t\tthen mkdir /work/build/power_logs/2024.02.10-07.22.59/ranging_tmp \\\n\t\t\t\t&& mv /work/build/power_logs_temp/* /work/build/power_logs/2024.02.10-07.22.59/ranging_tmp/ \\\n\t\t\t\t&& cp -v /work/build/power_logs/2024.02.10-07.22.59/ranging_tmp/*/*/*/mlperf_log_detail.txt /work/build/power_logs_temp/ \\\n\t\t\t\t&& cp -v /work/build/power_logs/2024.02.10-07.22.59/ranging_tmp/*/*/*/mlperf_log_summary.txt /work/build/power_logs_temp/; \\\n\t\t\telse mkdir /work/build/power_logs/2024.02.10-07.22.59/testing_tmp \\\n\t\t\t\t&& mv /work/build/power_logs_temp/* /work/build/power_logs/2024.02.10-07.22.59/testing_tmp/ \\\n\t\t\t\t&& cp -v /work/build/power_logs/2024.02.10-07.22.59/testing_tmp/*/*/*/mlperf_log_detail.txt /work/build/power_logs_temp/ \\\n\t\t\t\t&& cp -v /work/build/power_logs/2024.02.10-07.22.59/testing_tmp/*/*/*/mlperf_log_summary.txt /work/build/power_logs_temp/; fi'
client 2024-02-10 07:37:43,919 [INFO] Sending command to the server: 'time'
client 2024-02-10 07:37:43,921 [INFO] Got response: '1707550663.9214475'
client 2024-02-10 07:37:43,921 [INFO] The time difference between the client and the server is within range -1.992 ms..-0.019 ms
client 2024-02-10 07:37:43,921 [INFO] Sending command to the server: 'session,2024-02-09_23-23-49,stop,ranging'
client 2024-02-10 07:37:54,713 [INFO] Got response: 'OK'
client 2024-02-10 07:37:54,714 [INFO] Sending command to the server: 'time'
client 2024-02-10 07:37:54,715 [INFO] Got response: '1707550674.7154615'
client 2024-02-10 07:37:54,715 [INFO] The time difference between the client and the server is within range -1.407 ms..-0.288 ms
client 2024-02-10 07:37:54,722 [INFO] Copying loadgen logs from '/work/build/power_logs_temp' to '/work/build/power_logs/2024.02.10-07.22.59/2024-02-09_23-23-49/ranging'
client 2024-02-10 07:37:54,734 [INFO] Running workload in testing mode
client 2024-02-10 07:37:54,734 [INFO] Synchronizing with the server and with ib-01.dc4-in.nvidia.com...
client 2024-02-10 07:37:54,951 [INFO] NTP:offset = 0.002 s, delay = 0.215 s 
client 2024-02-10 07:37:54,951 [INFO] Sending command to the server: 'time'
client 2024-02-10 07:37:54,954 [INFO] Got response: '1707550674.9527552'
client 2024-02-10 07:37:54,954 [INFO] The time difference between the client and the server is within range -1.633 ms..1.764 ms
client 2024-02-10 07:37:54,954 [INFO] Sending command to the server: 'session,2024-02-09_23-23-49,start,testing'
client 2024-02-10 07:38:16,580 [INFO] Got response: 'OK'
client 2024-02-10 07:38:16,580 [INFO] Sending command to the server: 'time'
client 2024-02-10 07:38:16,582 [INFO] Got response: '1707550696.5822'
client 2024-02-10 07:38:16,582 [INFO] The time difference between the client and the server is within range -1.659 ms..-0.168 ms
client 2024-02-10 07:38:16,582 [INFO] Running the workload 'LOG_DIR=/work/build/power_logs_temp python3.8 -m code.main --benchmarks=stable-diffusion-xl --scenarios=Offline --test_mode=PerformanceOnly --config_ver=maxq --action="run_harness" \\\n\t\t2>&1 | tee -a /work/build/power_logs/2024.02.10-07.22.59/stdout.txt \\\n\t\t&& if [ ! -d /work/build/power_logs/2024.02.10-07.22.59/ranging_tmp ]; \\\n\t\t\tthen mkdir /work/build/power_logs/2024.02.10-07.22.59/ranging_tmp \\\n\t\t\t\t&& mv /work/build/power_logs_temp/* /work/build/power_logs/2024.02.10-07.22.59/ranging_tmp/ \\\n\t\t\t\t&& cp -v /work/build/power_logs/2024.02.10-07.22.59/ranging_tmp/*/*/*/mlperf_log_detail.txt /work/build/power_logs_temp/ \\\n\t\t\t\t&& cp -v /work/build/power_logs/2024.02.10-07.22.59/ranging_tmp/*/*/*/mlperf_log_summary.txt /work/build/power_logs_temp/; \\\n\t\t\telse mkdir /work/build/power_logs/2024.02.10-07.22.59/testing_tmp \\\n\t\t\t\t&& mv /work/build/power_logs_temp/* /work/build/power_logs/2024.02.10-07.22.59/testing_tmp/ \\\n\t\t\t\t&& cp -v /work/build/power_logs/2024.02.10-07.22.59/testing_tmp/*/*/*/mlperf_log_detail.txt /work/build/power_logs_temp/ \\\n\t\t\t\t&& cp -v /work/build/power_logs/2024.02.10-07.22.59/testing_tmp/*/*/*/mlperf_log_summary.txt /work/build/power_logs_temp/; fi'
client 2024-02-10 07:51:30,722 [INFO] Sending command to the server: 'time'
client 2024-02-10 07:51:30,724 [INFO] Got response: '1707551490.7244697'
client 2024-02-10 07:51:30,724 [INFO] The time difference between the client and the server is within range -2.133 ms..-0.018 ms
client 2024-02-10 07:51:30,724 [INFO] Sending command to the server: 'session,2024-02-09_23-23-49,stop,testing'
client 2024-02-10 07:51:41,654 [INFO] Got response: 'OK'
client 2024-02-10 07:51:41,655 [INFO] Sending command to the server: 'time'
client 2024-02-10 07:51:41,656 [INFO] Got response: '1707551501.6564991'
client 2024-02-10 07:51:41,656 [INFO] The time difference between the client and the server is within range -1.489 ms..-0.276 ms
client 2024-02-10 07:51:41,660 [INFO] Copying loadgen logs from '/work/build/power_logs_temp' to '/work/build/power_logs/2024.02.10-07.22.59/2024-02-09_23-23-49/run_1'
client 2024-02-10 07:51:41,672 [INFO] Done runs
