client 2024-01-30 21:11:01,986 [INFO] Creating output directory '/home/arjun/results_dir/valid_results/orin-tflite_cpp-cpu-tflite-vmaster-with_live_preprocessing/mobilenet-v1-precision_float-1.0-128/singlestream/performance/tmp_power'
client 2024-01-30 21:11:01,989 [INFO] Sending command to the server: 'mlcommons/power client v3'
client 2024-01-30 21:11:01,991 [INFO] Got response: 'mlcommons/power server v3'
client 2024-01-30 21:11:01,991 [INFO] Synchronizing with the server and with time.google.com...
client 2024-01-30 21:11:02,019 [INFO] NTP:offset = -0.004 s, delay = 0.022 s 
client 2024-01-30 21:11:02,019 [INFO] Sending command to the server: 'time'
client 2024-01-30 21:11:02,022 [INFO] Got response: '1706649062.0204072'
client 2024-01-30 21:11:02,022 [INFO] The time difference between the client and the server is within range -0.774 ms..2.127 ms
client 2024-01-30 21:11:02,022 [INFO] Sending command to the server: 'new,,63fa325a-7d26-445d-b1e9-10704cbb39cc'
client 2024-01-30 21:11:02,025 [INFO] Got response: 'OK 2024-01-30_21-11-02,24720a06-8582-497f-bab7-e7c548cae8bf'
client 2024-01-30 21:11:02,025 [INFO] Session id is '2024-01-30_21-11-02'
client 2024-01-30 21:11:02,025 [INFO] Sources: {"sources": {"__init__.py": "da39a3ee5e6b4b0d3255bfef95601890afd80709", "client.py": "33ca4f26368777ac06e01f9567b714a4b8063886", "lib/__init__.py": "da39a3ee5e6b4b0d3255bfef95601890afd80709", "lib/client.py": "ac2aa093c8e8bbc9569b9e2a3471bc64e58a2258", "lib/common.py": "611d8b29633d331eb19c9455ea3b5fa3284ed6df", "lib/external/__init__.py": "da39a3ee5e6b4b0d3255bfef95601890afd80709", "lib/external/ntplib.py": "4da8f970656505a40483206ef2b5d3dd5e81711d", "lib/server.py": "99303c836c683aa9017ec565104e636161d02acb", "lib/source_hashes.py": "60a2e02193209e8d392803326208d5466342da18", "lib/summary.py": "aa92f0a3f975eecd44d3c0cd0236342ccc9f941d", "lib/time_sync.py": "80894ef2389e540781ff78de94db16aa4203a14e", "server.py": "c3f90f2f7eeb4db30727556d0c815ebc89b3d28b", "tests/unit/__init__.py": "da39a3ee5e6b4b0d3255bfef95601890afd80709", "tests/unit/test_server.py": "948c1995d4008bc2aa6c4046a34ffa3858d6d671", "tests/unit/test_source_hashes.py": "00468a2907583c593e6574a1f6b404e4651c221a"}, "modules": {"ptd_client_server.lib.client": "lib/client.py", "ptd_client_server.lib.common": "lib/common.py", "ptd_client_server.lib.external.ntplib": "lib/external/ntplib.py", "ptd_client_server.lib.source_hashes": "lib/source_hashes.py", "ptd_client_server.lib.summary": "lib/summary.py", "ptd_client_server.lib.time_sync": "lib/time_sync.py"}}
client 2024-01-30 21:11:02,026 [INFO] Running workload in ranging mode
client 2024-01-30 21:11:02,026 [INFO] Synchronizing with the server and with time.google.com...
client 2024-01-30 21:11:02,046 [INFO] NTP:offset = -0.004 s, delay = 0.019 s 
client 2024-01-30 21:11:02,046 [INFO] Sending command to the server: 'time'
client 2024-01-30 21:11:02,049 [INFO] Got response: '1706649062.0473933'
client 2024-01-30 21:11:02,049 [INFO] The time difference between the client and the server is within range -1.046 ms..2.408 ms
client 2024-01-30 21:11:02,049 [INFO] Sending command to the server: 'session,2024-01-30_21-11-02,start,ranging'
client 2024-01-30 21:11:30,126 [INFO] Got response: 'OK'
client 2024-01-30 21:11:30,129 [INFO] Sending command to the server: 'time'
client 2024-01-30 21:11:30,133 [INFO] Got response: '1706649090.1313872'
client 2024-01-30 21:11:30,134 [INFO] The time difference between the client and the server is within range -1.639 ms..2.938 ms
client 2024-01-30 21:11:30,134 [INFO] Running the workload 'CM_MLPERF_RUN_COUNT=$(cat ${CM_RUN_DIR}/count.txt); echo ${CM_MLPERF_RUN_COUNT}; CM_MLPERF_RUN_COUNT=$((CM_MLPERF_RUN_COUNT+1)); echo ${CM_MLPERF_RUN_COUNT} > ${CM_RUN_DIR}/count.txt && if [ ${CM_MLPERF_RUN_COUNT} -eq "1" ]; then export CM_MLPERF_USER_CONF=${CM_MLPERF_RANGING_USER_CONF}; else export CM_MLPERF_USER_CONF=${CM_MLPERF_TESTING_USER_CONF}; fi && /home/arjun/run.out'
client 2024-01-30 21:16:35,118 [INFO] Sending command to the server: 'time'
client 2024-01-30 21:16:35,122 [INFO] Got response: '1706649395.119782'
client 2024-01-30 21:16:35,122 [INFO] The time difference between the client and the server is within range -1.626 ms..2.973 ms
client 2024-01-30 21:16:35,123 [INFO] Sending command to the server: 'session,2024-01-30_21-11-02,stop,ranging'
client 2024-01-30 21:16:46,264 [INFO] Got response: 'OK'
client 2024-01-30 21:16:46,265 [INFO] Sending command to the server: 'time'
client 2024-01-30 21:16:46,268 [INFO] Got response: '1706649406.2665536'
client 2024-01-30 21:16:46,269 [INFO] The time difference between the client and the server is within range -1.364 ms..2.382 ms
client 2024-01-30 21:16:46,287 [INFO] Copying loadgen logs from '/home/arjun/results_dir/valid_results/orin-tflite_cpp-cpu-tflite-vmaster-with_live_preprocessing/mobilenet-v1-precision_float-1.0-128/singlestream/performance/run_1' to '/home/arjun/results_dir/valid_results/orin-tflite_cpp-cpu-tflite-vmaster-with_live_preprocessing/mobilenet-v1-precision_float-1.0-128/singlestream/performance/tmp_power/ranging'
client 2024-01-30 21:16:46,289 [INFO] Running workload in testing mode
client 2024-01-30 21:16:46,290 [INFO] Synchronizing with the server and with time.google.com...
client 2024-01-30 21:16:46,317 [INFO] NTP:offset = -0.003 s, delay = 0.022 s 
client 2024-01-30 21:16:46,317 [INFO] Sending command to the server: 'time'
client 2024-01-30 21:16:46,321 [INFO] Got response: '1706649406.3186285'
client 2024-01-30 21:16:46,321 [INFO] The time difference between the client and the server is within range -1.216 ms..2.862 ms
client 2024-01-30 21:16:46,321 [INFO] Sending command to the server: 'session,2024-01-30_21-11-02,start,testing'
client 2024-01-30 21:16:59,342 [INFO] Got response: 'OK'
client 2024-01-30 21:16:59,343 [INFO] Sending command to the server: 'time'
client 2024-01-30 21:16:59,347 [INFO] Got response: '1706649419.3446546'
client 2024-01-30 21:16:59,347 [INFO] The time difference between the client and the server is within range -1.056 ms..3.155 ms
client 2024-01-30 21:16:59,348 [INFO] Running the workload 'CM_MLPERF_RUN_COUNT=$(cat ${CM_RUN_DIR}/count.txt); echo ${CM_MLPERF_RUN_COUNT}; CM_MLPERF_RUN_COUNT=$((CM_MLPERF_RUN_COUNT+1)); echo ${CM_MLPERF_RUN_COUNT} > ${CM_RUN_DIR}/count.txt && if [ ${CM_MLPERF_RUN_COUNT} -eq "1" ]; then export CM_MLPERF_USER_CONF=${CM_MLPERF_RANGING_USER_CONF}; else export CM_MLPERF_USER_CONF=${CM_MLPERF_TESTING_USER_CONF}; fi && /home/arjun/run.out'
client 2024-01-30 21:27:03,442 [INFO] Sending command to the server: 'time'
client 2024-01-30 21:27:03,566 [INFO] Got response: '1706650023.5624537'
client 2024-01-30 21:27:03,567 [INFO] The time difference between the client and the server is within range -120.205 ms..4.748 ms
client 2024-01-30 21:27:03,567 [INFO] Sending command to the server: 'session,2024-01-30_21-11-02,stop,testing'
client 2024-01-30 21:27:14,404 [INFO] Got response: 'OK'
client 2024-01-30 21:27:14,405 [INFO] Sending command to the server: 'time'
client 2024-01-30 21:27:14,409 [INFO] Got response: '1706650034.4062016'
client 2024-01-30 21:27:14,409 [INFO] The time difference between the client and the server is within range -0.584 ms..3.357 ms
client 2024-01-30 21:27:14,414 [INFO] Copying loadgen logs from '/home/arjun/results_dir/valid_results/orin-tflite_cpp-cpu-tflite-vmaster-with_live_preprocessing/mobilenet-v1-precision_float-1.0-128/singlestream/performance/run_1' to '/home/arjun/results_dir/valid_results/orin-tflite_cpp-cpu-tflite-vmaster-with_live_preprocessing/mobilenet-v1-precision_float-1.0-128/singlestream/performance/tmp_power/run_1'
client 2024-01-30 21:27:14,416 [INFO] Done runs
