client 2024-02-21 15:57:00,528 [INFO] Creating output directory '/home/arjun/results_dir/valid_results/phoenix_Amd_Am5-reference-cpu-deepsparse-vdefault-default_config/obert-large-base-none-bert-99/offline/performance/tmp_power'
client 2024-02-21 15:57:00,536 [INFO] Sending command to the server: 'mlcommons/power client v3'
client 2024-02-21 15:57:00,545 [INFO] Got response: 'mlcommons/power server v3'
client 2024-02-21 15:57:00,545 [INFO] Synchronizing with the server and with time.google.com...
client 2024-02-21 15:57:00,579 [INFO] NTP:offset = -0.000 s, delay = 0.022 s 
client 2024-02-21 15:57:00,579 [INFO] Sending command to the server: 'time'
client 2024-02-21 15:57:00,588 [INFO] Got response: '1708531020.2947671'
client 2024-02-21 15:57:00,588 [INFO] The time difference between the client and the server is within range 284.826 ms..293.610 ms
client 2024-02-21 15:57:00,588 [INFO] Sending command to the server: 'new,,ad231833-016c-4bf4-828d-f0222e4779b6'
client 2024-02-21 15:57:00,600 [INFO] Got response: 'OK 2024-02-21_15-57-00,0f2bcd3e-06ac-465d-8a2d-c25a44e534f0'
client 2024-02-21 15:57:00,600 [INFO] Session id is '2024-02-21_15-57-00'
client 2024-02-21 15:57:00,600 [INFO] Sources: {"sources": {"__init__.py": "da39a3ee5e6b4b0d3255bfef95601890afd80709", "client.py": "33ca4f26368777ac06e01f9567b714a4b8063886", "lib/__init__.py": "da39a3ee5e6b4b0d3255bfef95601890afd80709", "lib/client.py": "ac2aa093c8e8bbc9569b9e2a3471bc64e58a2258", "lib/common.py": "611d8b29633d331eb19c9455ea3b5fa3284ed6df", "lib/external/__init__.py": "da39a3ee5e6b4b0d3255bfef95601890afd80709", "lib/external/ntplib.py": "4da8f970656505a40483206ef2b5d3dd5e81711d", "lib/server.py": "99303c836c683aa9017ec565104e636161d02acb", "lib/source_hashes.py": "60a2e02193209e8d392803326208d5466342da18", "lib/summary.py": "aa92f0a3f975eecd44d3c0cd0236342ccc9f941d", "lib/time_sync.py": "80894ef2389e540781ff78de94db16aa4203a14e", "server.py": "c3f90f2f7eeb4db30727556d0c815ebc89b3d28b", "tests/unit/__init__.py": "da39a3ee5e6b4b0d3255bfef95601890afd80709", "tests/unit/test_server.py": "948c1995d4008bc2aa6c4046a34ffa3858d6d671", "tests/unit/test_source_hashes.py": "00468a2907583c593e6574a1f6b404e4651c221a"}, "modules": {"ptd_client_server.lib.client": "lib/client.py", "ptd_client_server.lib.common": "lib/common.py", "ptd_client_server.lib.external.ntplib": "lib/external/ntplib.py", "ptd_client_server.lib.source_hashes": "lib/source_hashes.py", "ptd_client_server.lib.summary": "lib/summary.py", "ptd_client_server.lib.time_sync": "lib/time_sync.py"}}
client 2024-02-21 15:57:00,600 [INFO] Running workload in ranging mode
client 2024-02-21 15:57:00,600 [INFO] Synchronizing with the server and with time.google.com...
client 2024-02-21 15:57:00,646 [INFO] NTP:offset = -0.000 s, delay = 0.045 s 
client 2024-02-21 15:57:00,646 [INFO] Sending command to the server: 'time'
client 2024-02-21 15:57:00,654 [INFO] Got response: '1708531020.3647444'
client 2024-02-21 15:57:00,654 [INFO] The time difference between the client and the server is within range 281.457 ms..290.116 ms
client 2024-02-21 15:57:00,654 [INFO] Sending command to the server: 'session,2024-02-21_15-57-00,start,ranging'
client 2024-02-21 15:57:24,545 [INFO] Got response: 'OK'
client 2024-02-21 15:57:24,545 [INFO] Sending command to the server: 'time'
client 2024-02-21 15:57:24,562 [INFO] Got response: '1708531044.2649226'
client 2024-02-21 15:57:24,562 [INFO] The time difference between the client and the server is within range 280.287 ms..297.253 ms
client 2024-02-21 15:57:24,562 [INFO] Running the workload 'CM_MLPERF_RUN_COUNT=$(cat ${CM_RUN_DIR}/count.txt); echo ${CM_MLPERF_RUN_COUNT}; CM_MLPERF_RUN_COUNT=$((CM_MLPERF_RUN_COUNT+1)); echo ${CM_MLPERF_RUN_COUNT} > ${CM_RUN_DIR}/count.txt && if [ ${CM_MLPERF_RUN_COUNT} -eq "1" ]; then export CM_MLPERF_USER_CONF=${CM_MLPERF_RANGING_USER_CONF}; else export CM_MLPERF_USER_CONF=${CM_MLPERF_TESTING_USER_CONF}; fi && /usr/bin/python3 run.py --backend=deepsparse --scenario=Offline --mlperf_conf "/home/arjun/CM/repos/local/cache/b5386651b8ab4bd4/inference/mlperf.conf" --user_conf "${CM_MLPERF_USER_CONF}" --quantized --batch_size=128 --model_path=/home/arjun/.cache/sparsezoo/18281da5-da77-4aa3-904c-0aa25f8d9cf3/model.onnx 2>&1 | tee /home/arjun/results_dir/valid_results/phoenix_Amd_Am5-reference-cpu-deepsparse-vdefault-default_config/obert-large-base-none-bert-99/offline/performance/run_1/console.out'
client 2024-02-21 16:08:08,817 [INFO] Sending command to the server: 'time'
client 2024-02-21 16:08:08,826 [INFO] Got response: '1708531688.5290642'
client 2024-02-21 16:08:08,826 [INFO] The time difference between the client and the server is within range 288.654 ms..297.888 ms
client 2024-02-21 16:08:08,826 [INFO] Sending command to the server: 'session,2024-02-21_15-57-00,stop,ranging'
client 2024-02-21 16:08:19,945 [INFO] Got response: 'OK'
client 2024-02-21 16:08:19,946 [INFO] Sending command to the server: 'time'
client 2024-02-21 16:08:19,956 [INFO] Got response: '1708531699.6590736'
client 2024-02-21 16:08:19,956 [INFO] The time difference between the client and the server is within range 286.940 ms..297.467 ms
client 2024-02-21 16:08:19,958 [INFO] Copying loadgen logs from '/home/arjun/results_dir/valid_results/phoenix_Amd_Am5-reference-cpu-deepsparse-vdefault-default_config/obert-large-base-none-bert-99/offline/performance/run_1' to '/home/arjun/results_dir/valid_results/phoenix_Amd_Am5-reference-cpu-deepsparse-vdefault-default_config/obert-large-base-none-bert-99/offline/performance/tmp_power/ranging'
client 2024-02-21 16:08:19,958 [INFO] Running workload in testing mode
client 2024-02-21 16:08:19,958 [INFO] Synchronizing with the server and with time.google.com...
client 2024-02-21 16:08:19,982 [INFO] NTP:offset = -0.002 s, delay = 0.023 s 
client 2024-02-21 16:08:19,983 [INFO] Sending command to the server: 'time'
client 2024-02-21 16:08:19,990 [INFO] Got response: '1708531699.6890717'
client 2024-02-21 16:08:19,990 [INFO] The time difference between the client and the server is within range 293.972 ms..301.909 ms
client 2024-02-21 16:08:19,991 [INFO] Sending command to the server: 'session,2024-02-21_15-57-00,start,testing'
client 2024-02-21 16:08:33,050 [INFO] Got response: 'OK'
client 2024-02-21 16:08:33,050 [INFO] Sending command to the server: 'time'
client 2024-02-21 16:08:33,059 [INFO] Got response: '1708531712.7593534'
client 2024-02-21 16:08:33,059 [INFO] The time difference between the client and the server is within range 290.820 ms..300.608 ms
client 2024-02-21 16:08:33,060 [INFO] Running the workload 'CM_MLPERF_RUN_COUNT=$(cat ${CM_RUN_DIR}/count.txt); echo ${CM_MLPERF_RUN_COUNT}; CM_MLPERF_RUN_COUNT=$((CM_MLPERF_RUN_COUNT+1)); echo ${CM_MLPERF_RUN_COUNT} > ${CM_RUN_DIR}/count.txt && if [ ${CM_MLPERF_RUN_COUNT} -eq "1" ]; then export CM_MLPERF_USER_CONF=${CM_MLPERF_RANGING_USER_CONF}; else export CM_MLPERF_USER_CONF=${CM_MLPERF_TESTING_USER_CONF}; fi && /usr/bin/python3 run.py --backend=deepsparse --scenario=Offline --mlperf_conf "/home/arjun/CM/repos/local/cache/b5386651b8ab4bd4/inference/mlperf.conf" --user_conf "${CM_MLPERF_USER_CONF}" --quantized --batch_size=128 --model_path=/home/arjun/.cache/sparsezoo/18281da5-da77-4aa3-904c-0aa25f8d9cf3/model.onnx 2>&1 | tee /home/arjun/results_dir/valid_results/phoenix_Amd_Am5-reference-cpu-deepsparse-vdefault-default_config/obert-large-base-none-bert-99/offline/performance/run_1/console.out'
client 2024-02-21 16:28:16,105 [INFO] Sending command to the server: 'time'
client 2024-02-21 16:28:16,115 [INFO] Got response: '1708532895.796931'
client 2024-02-21 16:28:16,115 [INFO] The time difference between the client and the server is within range 308.701 ms..318.881 ms
client 2024-02-21 16:28:16,115 [INFO] Sending command to the server: 'session,2024-02-21_15-57-00,stop,testing'
client 2024-02-21 16:28:27,131 [INFO] Got response: 'OK'
client 2024-02-21 16:28:27,131 [INFO] Sending command to the server: 'time'
client 2024-02-21 16:28:27,141 [INFO] Got response: '1708532906.8167865'
client 2024-02-21 16:28:27,141 [INFO] The time difference between the client and the server is within range 314.634 ms..324.514 ms
client 2024-02-21 16:28:27,141 [INFO] Copying loadgen logs from '/home/arjun/results_dir/valid_results/phoenix_Amd_Am5-reference-cpu-deepsparse-vdefault-default_config/obert-large-base-none-bert-99/offline/performance/run_1' to '/home/arjun/results_dir/valid_results/phoenix_Amd_Am5-reference-cpu-deepsparse-vdefault-default_config/obert-large-base-none-bert-99/offline/performance/tmp_power/run_1'
client 2024-02-21 16:28:27,142 [INFO] Done runs
