client 2024-02-23 04:15:00,673 [INFO] Creating output directory '/home/cmuser/local/cache/f4ba7328d7f447f9/valid_results/e6d45a469381-nvidia_original-gpu-tensorrt-vdefault-default_config/dlrm-v2-99/offline/performance/tmp_power'
client 2024-02-23 04:15:00,679 [INFO] Sending command to the server: 'mlcommons/power client v3'
client 2024-02-23 04:15:00,687 [INFO] Got response: 'mlcommons/power server v3'
client 2024-02-23 04:15:00,687 [INFO] Synchronizing with the server and with time.google.com...
client 2024-02-23 04:15:00,718 [INFO] NTP:offset = 0.000 s, delay = 0.016 s 
client 2024-02-23 04:15:00,718 [INFO] Sending command to the server: 'time'
client 2024-02-23 04:15:00,723 [INFO] Got response: '1708690500.4730816'
client 2024-02-23 04:15:00,724 [INFO] The time difference between the client and the server is within range 245.433 ms..250.970 ms
client 2024-02-23 04:15:00,724 [INFO] Sending command to the server: 'new,,2af38f9e-c83d-4266-af5a-c9bebaf6d409'
client 2024-02-23 04:15:00,736 [INFO] Got response: 'OK 2024-02-23_12-15-00,e60e8c64-23c9-4f34-9526-14fbc74288e4'
client 2024-02-23 04:15:00,736 [INFO] Session id is '2024-02-23_12-15-00'
client 2024-02-23 04:15:00,736 [INFO] Sources: {"sources": {"__init__.py": "da39a3ee5e6b4b0d3255bfef95601890afd80709", "client.py": "33ca4f26368777ac06e01f9567b714a4b8063886", "lib/__init__.py": "da39a3ee5e6b4b0d3255bfef95601890afd80709", "lib/client.py": "ac2aa093c8e8bbc9569b9e2a3471bc64e58a2258", "lib/common.py": "611d8b29633d331eb19c9455ea3b5fa3284ed6df", "lib/external/__init__.py": "da39a3ee5e6b4b0d3255bfef95601890afd80709", "lib/external/ntplib.py": "4da8f970656505a40483206ef2b5d3dd5e81711d", "lib/server.py": "99303c836c683aa9017ec565104e636161d02acb", "lib/source_hashes.py": "60a2e02193209e8d392803326208d5466342da18", "lib/summary.py": "aa92f0a3f975eecd44d3c0cd0236342ccc9f941d", "lib/time_sync.py": "80894ef2389e540781ff78de94db16aa4203a14e", "server.py": "c3f90f2f7eeb4db30727556d0c815ebc89b3d28b", "tests/unit/__init__.py": "da39a3ee5e6b4b0d3255bfef95601890afd80709", "tests/unit/test_server.py": "948c1995d4008bc2aa6c4046a34ffa3858d6d671", "tests/unit/test_source_hashes.py": "00468a2907583c593e6574a1f6b404e4651c221a"}, "modules": {"ptd_client_server.lib.client": "lib/client.py", "ptd_client_server.lib.common": "lib/common.py", "ptd_client_server.lib.external.ntplib": "lib/external/ntplib.py", "ptd_client_server.lib.source_hashes": "lib/source_hashes.py", "ptd_client_server.lib.summary": "lib/summary.py", "ptd_client_server.lib.time_sync": "lib/time_sync.py"}}
client 2024-02-23 04:15:00,736 [INFO] Running workload in ranging mode
client 2024-02-23 04:15:00,736 [INFO] Synchronizing with the server and with time.google.com...
client 2024-02-23 04:15:00,762 [INFO] NTP:offset = -0.000 s, delay = 0.020 s 
client 2024-02-23 04:15:00,762 [INFO] Sending command to the server: 'time'
client 2024-02-23 04:15:00,770 [INFO] Got response: '1708690500.5132015'
client 2024-02-23 04:15:00,770 [INFO] The time difference between the client and the server is within range 249.323 ms..257.423 ms
client 2024-02-23 04:15:00,770 [INFO] Sending command to the server: 'session,2024-02-23_12-15-00,start,ranging'
client 2024-02-23 04:15:25,904 [INFO] Got response: 'OK'
client 2024-02-23 04:15:25,904 [INFO] Sending command to the server: 'time'
client 2024-02-23 04:15:25,909 [INFO] Got response: '1708690525.6535249'
client 2024-02-23 04:15:25,909 [INFO] The time difference between the client and the server is within range 251.403 ms..256.040 ms
client 2024-02-23 04:15:25,909 [INFO] Running the workload 'CM_MLPERF_RUN_COUNT=$(cat ${CM_RUN_DIR}/count.txt); echo ${CM_MLPERF_RUN_COUNT}; CM_MLPERF_RUN_COUNT=$((CM_MLPERF_RUN_COUNT+1)); echo ${CM_MLPERF_RUN_COUNT} > ${CM_RUN_DIR}/count.txt && if [ ${CM_MLPERF_RUN_COUNT} -eq "1" ]; then export CM_MLPERF_USER_CONF=${CM_MLPERF_RANGING_USER_CONF}; else export CM_MLPERF_USER_CONF=${CM_MLPERF_TESTING_USER_CONF}; fi && make run_harness RUN_ARGS=" --benchmarks=dlrm-v2 --scenarios=offline --test_mode=PerformanceOnly --offline_expected_qps=1500 --user_conf_path=${CM_MLPERF_USER_CONF} --mlperf_conf_path=/home/cmuser/CM/repos/local/cache/ed1fe3e7f4c84ece/inference/mlperf.conf --gpu_batch_size=1400 --no_audit_verify " 2>&1 | tee /home/cmuser/local/cache/f4ba7328d7f447f9/valid_results/e6d45a469381-nvidia_original-gpu-tensorrt-vdefault-default_config/dlrm-v2-99/offline/performance/run_1/console.out'
client 2024-02-23 04:37:24,995 [INFO] Sending command to the server: 'time'
client 2024-02-23 04:37:25,011 [INFO] Got response: '1708691844.7447715'
client 2024-02-23 04:37:25,012 [INFO] The time difference between the client and the server is within range 242.926 ms..267.477 ms
client 2024-02-23 04:37:25,012 [INFO] Sending command to the server: 'session,2024-02-23_12-15-00,stop,ranging'
client 2024-02-23 04:37:36,372 [INFO] Got response: 'OK'
client 2024-02-23 04:37:36,372 [INFO] Sending command to the server: 'time'
client 2024-02-23 04:37:36,379 [INFO] Got response: '1708691856.1223552'
client 2024-02-23 04:37:36,379 [INFO] The time difference between the client and the server is within range 249.862 ms..257.261 ms
client 2024-02-23 04:37:36,434 [INFO] Copying loadgen logs from '/home/cmuser/local/cache/f4ba7328d7f447f9/valid_results/e6d45a469381-nvidia_original-gpu-tensorrt-vdefault-default_config/dlrm-v2-99/offline/performance/run_1' to '/home/cmuser/local/cache/f4ba7328d7f447f9/valid_results/e6d45a469381-nvidia_original-gpu-tensorrt-vdefault-default_config/dlrm-v2-99/offline/performance/tmp_power/ranging'
client 2024-02-23 04:37:36,437 [INFO] Running workload in testing mode
client 2024-02-23 04:37:36,437 [INFO] Synchronizing with the server and with time.google.com...
client 2024-02-23 04:37:36,468 [INFO] NTP:offset = 0.000 s, delay = 0.016 s 
client 2024-02-23 04:37:36,469 [INFO] Sending command to the server: 'time'
client 2024-02-23 04:37:36,475 [INFO] Got response: '1708691856.2124789'
client 2024-02-23 04:37:36,475 [INFO] The time difference between the client and the server is within range 256.524 ms..262.711 ms
client 2024-02-23 04:37:36,475 [INFO] Sending command to the server: 'session,2024-02-23_12-15-00,start,testing'
client 2024-02-23 04:37:49,539 [INFO] Got response: 'OK'
client 2024-02-23 04:37:49,539 [INFO] Sending command to the server: 'time'
client 2024-02-23 04:37:49,545 [INFO] Got response: '1708691869.288931'
client 2024-02-23 04:37:49,545 [INFO] The time difference between the client and the server is within range 250.618 ms..256.843 ms
client 2024-02-23 04:37:49,552 [INFO] Running the workload 'CM_MLPERF_RUN_COUNT=$(cat ${CM_RUN_DIR}/count.txt); echo ${CM_MLPERF_RUN_COUNT}; CM_MLPERF_RUN_COUNT=$((CM_MLPERF_RUN_COUNT+1)); echo ${CM_MLPERF_RUN_COUNT} > ${CM_RUN_DIR}/count.txt && if [ ${CM_MLPERF_RUN_COUNT} -eq "1" ]; then export CM_MLPERF_USER_CONF=${CM_MLPERF_RANGING_USER_CONF}; else export CM_MLPERF_USER_CONF=${CM_MLPERF_TESTING_USER_CONF}; fi && make run_harness RUN_ARGS=" --benchmarks=dlrm-v2 --scenarios=offline --test_mode=PerformanceOnly --offline_expected_qps=1500 --user_conf_path=${CM_MLPERF_USER_CONF} --mlperf_conf_path=/home/cmuser/CM/repos/local/cache/ed1fe3e7f4c84ece/inference/mlperf.conf --gpu_batch_size=1400 --no_audit_verify " 2>&1 | tee /home/cmuser/local/cache/f4ba7328d7f447f9/valid_results/e6d45a469381-nvidia_original-gpu-tensorrt-vdefault-default_config/dlrm-v2-99/offline/performance/run_1/console.out'
client 2024-02-23 05:04:53,770 [INFO] Sending command to the server: 'time'
client 2024-02-23 05:04:53,785 [INFO] Got response: '1708693493.5103304'
client 2024-02-23 05:04:53,786 [INFO] The time difference between the client and the server is within range 252.476 ms..276.085 ms
client 2024-02-23 05:04:53,787 [INFO] Sending command to the server: 'session,2024-02-23_12-15-00,stop,testing'
client 2024-02-23 05:05:04,637 [INFO] Got response: 'OK'
client 2024-02-23 05:05:04,637 [INFO] Sending command to the server: 'time'
client 2024-02-23 05:05:04,641 [INFO] Got response: '1708693504.3703089'
client 2024-02-23 05:05:04,641 [INFO] The time difference between the client and the server is within range 266.919 ms..271.179 ms
client 2024-02-23 05:05:04,685 [INFO] Copying loadgen logs from '/home/cmuser/local/cache/f4ba7328d7f447f9/valid_results/e6d45a469381-nvidia_original-gpu-tensorrt-vdefault-default_config/dlrm-v2-99/offline/performance/run_1' to '/home/cmuser/local/cache/f4ba7328d7f447f9/valid_results/e6d45a469381-nvidia_original-gpu-tensorrt-vdefault-default_config/dlrm-v2-99/offline/performance/tmp_power/run_1'
client 2024-02-23 05:05:04,689 [INFO] Done runs
