Graph file: /home/ubuntu/CM/repos/local/cache/55d46fbb3e944322/mobilenet_v1_0.75_192.tflite
Image dir: /home/ubuntu/CM/repos/local/cache/1dc7c62342f64402
Image list: /home/ubuntu/CM/repos/local/cache/1dc7c62342f64402/preprocessed_files.txt
Image size: 192
Image channels: 3
Prediction classes: 1000
Result dir: /home/ubuntu/CM/repos/local/cache/0d27aeefb8a44716/valid_results/t2.xlarge-tflite_cpp-cpu-tflite-vmaster-default_config/mobilenet-v1-precision_float-0.75-192/singlestream/performance/run_1
How many images fit in memory buffer: 1024
Normalize: 1
Subtract mean: 0
Run time preprocessing: 0
Number of Threads: 4
Number of available imagefiles: 50000

Loading graph...
INFO: Created TensorFlow Lite XNNPACK delegate for CPU.
Input tensor dimensions (NHWC): 1*192*192*3
Output tensor dimensions: 1*1001
Path to mlperf.conf : /home/ubuntu/CM/repos/local/cache/b04c5c62d3014951/inference/mlperf.conf
Path to user.conf : /home/ubuntu/CM/repos/ctuning@mlcommons-ck/cm-mlops/script/generate-mlperf-inference-user-conf/tmp/6e3d974196914f07b2de18f095fb43b0.conf
Model Name: mobilenet
LoadGen Scenario: SingleStream
LoadGen Mode: performance
