DeepSparse, Copyright 2021-present / Neuralmagic, Inc. version: 1.6.1 COMMUNITY | (eff4f95d) (release) (optimized) (system=avx512_vnni, binary=avx512)
2024-02-21 15:44:23 deepsparse.utils.onnx INFO     Generating input 'input_ids', type = int64, shape = [1, 384]
2024-02-21 15:44:23 deepsparse.utils.onnx INFO     Generating input 'attention_mask', type = int64, shape = [1, 384]
2024-02-21 15:44:23 deepsparse.utils.onnx INFO     Generating input 'token_type_ids', type = int64, shape = [1, 384]
================================================
MLPerf Results Summary
================================================
SUT name : PySUT
Scenario : Offline
Mode     : PerformanceOnly
Samples per second: 90.1756
Result is : VALID
  Min duration satisfied : Yes
  Min queries satisfied : Yes
  Early stopping satisfied: Yes

================================================
Additional Stats
================================================
Min latency (ns)                : 267010083
Max latency (ns)                : 669116498896
Mean latency (ns)               : 288413042591
50.00 percentile latency (ns)   : 265597947930
90.00 percentile latency (ns)   : 574213172010
95.00 percentile latency (ns)   : 621693826899
97.00 percentile latency (ns)   : 640630266778
99.00 percentile latency (ns)   : 659637923166
99.90 percentile latency (ns)   : 668191101643

================================================
Test Parameters Used
================================================
samples_per_query : 60338
target_qps : 91.422
target_latency (ns): 0
max_async_queries : 1
min_duration (ms): 600000
max_duration (ms): 0
min_query_count : 1
max_query_count : 0
qsl_rng_seed : 13281865557512327830
sample_index_rng_seed : 198141574272810017
schedule_rng_seed : 7575108116881280410
accuracy_log_rng_seed : 0
accuracy_log_probability : 0
accuracy_log_sampling_target : 0
print_timestamps : 0
performance_issue_unique : 0
performance_issue_same : 0
performance_issue_same_index : 0
performance_sample_count : 10833

No warnings encountered during test.

No errors encountered during test.
Loading ONNX model... /home/arjun/.cache/sparsezoo/neuralmagic/obert-large-squad_wikipedia_bookcorpus-pruned95.4block_quantized/model.onnx
Constructing SUT...
Finished constructing SUT.
Constructing QSL...
No cached features at 'eval_features.pickle'... converting from examples...
Creating tokenizer...
Reading examples...
Converting examples to features...
Caching features at 'eval_features.pickle'...
Finished constructing QSL.
Warming up engine...
Running LoadGen test...
Done!
Destroying SUT...
Destroying QSL...
