client 2024-02-01 09:18:42,678 [INFO] Creating output directory '/home/arjun/results_dir/valid_results/orin-tflite_armnn_cpp-cpu-armnn_tflite-v23.05-using_neon_with_live_preprocessing/mobilenet-v2-precision_float-0.75-192/singlestream/performance/tmp_power'
client 2024-02-01 09:18:42,883 [INFO] Sending command to the server: 'mlcommons/power client v3'
client 2024-02-01 09:18:42,885 [INFO] Got response: 'mlcommons/power server v3'
client 2024-02-01 09:18:42,885 [INFO] Synchronizing with the server and with time.google.com...
client 2024-02-01 09:18:42,918 [INFO] NTP:offset = -0.008 s, delay = 0.023 s 
client 2024-02-01 09:18:42,918 [INFO] Sending command to the server: 'time'
client 2024-02-01 09:18:42,922 [INFO] Got response: '1706779122.916142'
client 2024-02-01 09:18:42,922 [INFO] The time difference between the client and the server is within range 2.540 ms..6.323 ms
client 2024-02-01 09:18:42,922 [INFO] Sending command to the server: 'new,,9bdd0d5f-591e-4ed8-b0ca-f7930c96f1c6'
client 2024-02-01 09:18:42,926 [INFO] Got response: 'OK 2024-02-01_09-18-42,b1ed4c4c-98de-4e8b-8560-a1b6f32930cb'
client 2024-02-01 09:18:42,926 [INFO] Session id is '2024-02-01_09-18-42'
client 2024-02-01 09:18:42,926 [INFO] Sources: {"sources": {"__init__.py": "da39a3ee5e6b4b0d3255bfef95601890afd80709", "client.py": "33ca4f26368777ac06e01f9567b714a4b8063886", "lib/__init__.py": "da39a3ee5e6b4b0d3255bfef95601890afd80709", "lib/client.py": "ac2aa093c8e8bbc9569b9e2a3471bc64e58a2258", "lib/common.py": "611d8b29633d331eb19c9455ea3b5fa3284ed6df", "lib/external/__init__.py": "da39a3ee5e6b4b0d3255bfef95601890afd80709", "lib/external/ntplib.py": "4da8f970656505a40483206ef2b5d3dd5e81711d", "lib/server.py": "99303c836c683aa9017ec565104e636161d02acb", "lib/source_hashes.py": "60a2e02193209e8d392803326208d5466342da18", "lib/summary.py": "aa92f0a3f975eecd44d3c0cd0236342ccc9f941d", "lib/time_sync.py": "80894ef2389e540781ff78de94db16aa4203a14e", "server.py": "c3f90f2f7eeb4db30727556d0c815ebc89b3d28b", "tests/unit/__init__.py": "da39a3ee5e6b4b0d3255bfef95601890afd80709", "tests/unit/test_server.py": "948c1995d4008bc2aa6c4046a34ffa3858d6d671", "tests/unit/test_source_hashes.py": "00468a2907583c593e6574a1f6b404e4651c221a"}, "modules": {"ptd_client_server.lib.client": "lib/client.py", "ptd_client_server.lib.common": "lib/common.py", "ptd_client_server.lib.external.ntplib": "lib/external/ntplib.py", "ptd_client_server.lib.source_hashes": "lib/source_hashes.py", "ptd_client_server.lib.summary": "lib/summary.py", "ptd_client_server.lib.time_sync": "lib/time_sync.py"}}
client 2024-02-01 09:18:42,927 [INFO] Running workload in ranging mode
client 2024-02-01 09:18:42,927 [INFO] Synchronizing with the server and with time.google.com...
client 2024-02-01 09:18:42,948 [INFO] NTP:offset = -0.008 s, delay = 0.020 s 
client 2024-02-01 09:18:42,949 [INFO] Sending command to the server: 'time'
client 2024-02-01 09:18:42,952 [INFO] Got response: '1706779122.9464972'
client 2024-02-01 09:18:42,953 [INFO] The time difference between the client and the server is within range 2.538 ms..6.486 ms
client 2024-02-01 09:18:42,953 [INFO] Sending command to the server: 'session,2024-02-01_09-18-42,start,ranging'
client 2024-02-01 09:19:11,113 [INFO] Got response: 'OK'
client 2024-02-01 09:19:11,114 [INFO] Sending command to the server: 'time'
client 2024-02-01 09:19:11,118 [INFO] Got response: '1706779151.112206'
client 2024-02-01 09:19:11,118 [INFO] The time difference between the client and the server is within range 2.654 ms..6.607 ms
client 2024-02-01 09:19:11,119 [INFO] Running the workload 'CM_MLPERF_RUN_COUNT=$(cat ${CM_RUN_DIR}/count.txt); echo ${CM_MLPERF_RUN_COUNT}; CM_MLPERF_RUN_COUNT=$((CM_MLPERF_RUN_COUNT+1)); echo ${CM_MLPERF_RUN_COUNT} > ${CM_RUN_DIR}/count.txt && if [ ${CM_MLPERF_RUN_COUNT} -eq "1" ]; then export CM_MLPERF_USER_CONF=${CM_MLPERF_RANGING_USER_CONF}; else export CM_MLPERF_USER_CONF=${CM_MLPERF_TESTING_USER_CONF}; fi && /mnt/CM/repos/ctuning@mlcommons-ck/cm-mlops/script/benchmark-any-mlperf-inference-implementation/run.out'
client 2024-02-01 09:24:13,592 [INFO] Sending command to the server: 'time'
client 2024-02-01 09:24:13,596 [INFO] Got response: '1706779453.590912'
client 2024-02-01 09:24:13,597 [INFO] The time difference between the client and the server is within range 1.323 ms..6.220 ms
client 2024-02-01 09:24:13,597 [INFO] Sending command to the server: 'session,2024-02-01_09-18-42,stop,ranging'
client 2024-02-01 09:24:24,303 [INFO] Got response: 'OK'
client 2024-02-01 09:24:24,304 [INFO] Sending command to the server: 'time'
client 2024-02-01 09:24:24,307 [INFO] Got response: '1706779464.3018847'
client 2024-02-01 09:24:24,307 [INFO] The time difference between the client and the server is within range 2.405 ms..5.676 ms
client 2024-02-01 09:24:24,323 [INFO] Copying loadgen logs from '/home/arjun/results_dir/valid_results/orin-tflite_armnn_cpp-cpu-armnn_tflite-v23.05-using_neon_with_live_preprocessing/mobilenet-v2-precision_float-0.75-192/singlestream/performance/run_1' to '/home/arjun/results_dir/valid_results/orin-tflite_armnn_cpp-cpu-armnn_tflite-v23.05-using_neon_with_live_preprocessing/mobilenet-v2-precision_float-0.75-192/singlestream/performance/tmp_power/ranging'
client 2024-02-01 09:24:24,326 [INFO] Running workload in testing mode
client 2024-02-01 09:24:24,326 [INFO] Synchronizing with the server and with time.google.com...
client 2024-02-01 09:24:24,351 [INFO] NTP:offset = -0.007 s, delay = 0.021 s 
client 2024-02-01 09:24:24,352 [INFO] Sending command to the server: 'time'
client 2024-02-01 09:24:24,356 [INFO] Got response: '1706779464.3501024'
client 2024-02-01 09:24:24,356 [INFO] The time difference between the client and the server is within range 1.968 ms..6.288 ms
client 2024-02-01 09:24:24,356 [INFO] Sending command to the server: 'session,2024-02-01_09-18-42,start,testing'
client 2024-02-01 09:24:37,376 [INFO] Got response: 'OK'
client 2024-02-01 09:24:37,376 [INFO] Sending command to the server: 'time'
client 2024-02-01 09:24:37,379 [INFO] Got response: '1706779477.3746252'
client 2024-02-01 09:24:37,380 [INFO] The time difference between the client and the server is within range 2.291 ms..5.335 ms
client 2024-02-01 09:24:37,380 [INFO] Running the workload 'CM_MLPERF_RUN_COUNT=$(cat ${CM_RUN_DIR}/count.txt); echo ${CM_MLPERF_RUN_COUNT}; CM_MLPERF_RUN_COUNT=$((CM_MLPERF_RUN_COUNT+1)); echo ${CM_MLPERF_RUN_COUNT} > ${CM_RUN_DIR}/count.txt && if [ ${CM_MLPERF_RUN_COUNT} -eq "1" ]; then export CM_MLPERF_USER_CONF=${CM_MLPERF_RANGING_USER_CONF}; else export CM_MLPERF_USER_CONF=${CM_MLPERF_TESTING_USER_CONF}; fi && /mnt/CM/repos/ctuning@mlcommons-ck/cm-mlops/script/benchmark-any-mlperf-inference-implementation/run.out'
client 2024-02-01 09:34:41,910 [INFO] Sending command to the server: 'time'
client 2024-02-01 09:34:42,078 [INFO] Got response: '1706780082.073096'
client 2024-02-01 09:34:42,079 [INFO] The time difference between the client and the server is within range -163.231 ms..6.124 ms
client 2024-02-01 09:34:42,079 [INFO] Sending command to the server: 'session,2024-02-01_09-18-42,stop,testing'
client 2024-02-01 09:34:52,436 [INFO] Got response: 'OK'
client 2024-02-01 09:34:52,437 [INFO] Sending command to the server: 'time'
client 2024-02-01 09:34:52,440 [INFO] Got response: '1706780092.4357579'
client 2024-02-01 09:34:52,441 [INFO] The time difference between the client and the server is within range 1.539 ms..5.213 ms
client 2024-02-01 09:34:52,445 [INFO] Copying loadgen logs from '/home/arjun/results_dir/valid_results/orin-tflite_armnn_cpp-cpu-armnn_tflite-v23.05-using_neon_with_live_preprocessing/mobilenet-v2-precision_float-0.75-192/singlestream/performance/run_1' to '/home/arjun/results_dir/valid_results/orin-tflite_armnn_cpp-cpu-armnn_tflite-v23.05-using_neon_with_live_preprocessing/mobilenet-v2-precision_float-0.75-192/singlestream/performance/tmp_power/run_1'
client 2024-02-01 09:34:52,448 [INFO] Done runs
