client 2024-02-21 14:33:08,780 [INFO] Creating output directory '/home/arjun/results_dir/valid_results/phoenix_Amd_Am5-reference-cpu-deepsparse-vdefault-default_config/obert-large-pruned97-none-bert-99/offline/performance/tmp_power'
client 2024-02-21 14:33:08,789 [INFO] Sending command to the server: 'mlcommons/power client v3'
client 2024-02-21 14:33:08,798 [INFO] Got response: 'mlcommons/power server v3'
client 2024-02-21 14:33:08,798 [INFO] Synchronizing with the server and with time.google.com...
client 2024-02-21 14:33:08,822 [INFO] NTP:offset = -0.000 s, delay = 0.022 s 
client 2024-02-21 14:33:08,822 [INFO] Sending command to the server: 'time'
client 2024-02-21 14:33:08,830 [INFO] Got response: '1708525988.6207333'
client 2024-02-21 14:33:08,830 [INFO] The time difference between the client and the server is within range 201.775 ms..210.131 ms
client 2024-02-21 14:33:08,830 [INFO] Sending command to the server: 'new,,b23e46ec-9654-4ef4-82b9-b2e8553db040'
client 2024-02-21 14:33:08,844 [INFO] Got response: 'OK 2024-02-21_14-33-08,66bbc53f-2ae4-43b8-8028-b97c852ba5eb'
client 2024-02-21 14:33:08,844 [INFO] Session id is '2024-02-21_14-33-08'
client 2024-02-21 14:33:08,844 [INFO] Sources: {"sources": {"__init__.py": "da39a3ee5e6b4b0d3255bfef95601890afd80709", "client.py": "33ca4f26368777ac06e01f9567b714a4b8063886", "lib/__init__.py": "da39a3ee5e6b4b0d3255bfef95601890afd80709", "lib/client.py": "ac2aa093c8e8bbc9569b9e2a3471bc64e58a2258", "lib/common.py": "611d8b29633d331eb19c9455ea3b5fa3284ed6df", "lib/external/__init__.py": "da39a3ee5e6b4b0d3255bfef95601890afd80709", "lib/external/ntplib.py": "4da8f970656505a40483206ef2b5d3dd5e81711d", "lib/server.py": "99303c836c683aa9017ec565104e636161d02acb", "lib/source_hashes.py": "60a2e02193209e8d392803326208d5466342da18", "lib/summary.py": "aa92f0a3f975eecd44d3c0cd0236342ccc9f941d", "lib/time_sync.py": "80894ef2389e540781ff78de94db16aa4203a14e", "server.py": "c3f90f2f7eeb4db30727556d0c815ebc89b3d28b", "tests/unit/__init__.py": "da39a3ee5e6b4b0d3255bfef95601890afd80709", "tests/unit/test_server.py": "948c1995d4008bc2aa6c4046a34ffa3858d6d671", "tests/unit/test_source_hashes.py": "00468a2907583c593e6574a1f6b404e4651c221a"}, "modules": {"ptd_client_server.lib.client": "lib/client.py", "ptd_client_server.lib.common": "lib/common.py", "ptd_client_server.lib.external.ntplib": "lib/external/ntplib.py", "ptd_client_server.lib.source_hashes": "lib/source_hashes.py", "ptd_client_server.lib.summary": "lib/summary.py", "ptd_client_server.lib.time_sync": "lib/time_sync.py"}}
client 2024-02-21 14:33:08,844 [INFO] Running workload in ranging mode
client 2024-02-21 14:33:08,844 [INFO] Synchronizing with the server and with time.google.com...
client 2024-02-21 14:33:08,866 [INFO] NTP:offset = -0.002 s, delay = 0.021 s 
client 2024-02-21 14:33:08,866 [INFO] Sending command to the server: 'time'
client 2024-02-21 14:33:08,875 [INFO] Got response: '1708525988.660546'
client 2024-02-21 14:33:08,875 [INFO] The time difference between the client and the server is within range 205.969 ms..214.714 ms
client 2024-02-21 14:33:08,875 [INFO] Sending command to the server: 'session,2024-02-21_14-33-08,start,ranging'
client 2024-02-21 14:33:32,734 [INFO] Got response: 'OK'
client 2024-02-21 14:33:32,734 [INFO] Sending command to the server: 'time'
client 2024-02-21 14:33:32,745 [INFO] Got response: '1708526012.5308206'
client 2024-02-21 14:33:32,745 [INFO] The time difference between the client and the server is within range 203.657 ms..214.501 ms
client 2024-02-21 14:33:32,745 [INFO] Running the workload 'CM_MLPERF_RUN_COUNT=$(cat ${CM_RUN_DIR}/count.txt); echo ${CM_MLPERF_RUN_COUNT}; CM_MLPERF_RUN_COUNT=$((CM_MLPERF_RUN_COUNT+1)); echo ${CM_MLPERF_RUN_COUNT} > ${CM_RUN_DIR}/count.txt && if [ ${CM_MLPERF_RUN_COUNT} -eq "1" ]; then export CM_MLPERF_USER_CONF=${CM_MLPERF_RANGING_USER_CONF}; else export CM_MLPERF_USER_CONF=${CM_MLPERF_TESTING_USER_CONF}; fi && /usr/bin/python3 run.py --backend=deepsparse --scenario=Offline --mlperf_conf "/home/arjun/CM/repos/local/cache/b5386651b8ab4bd4/inference/mlperf.conf" --user_conf "${CM_MLPERF_USER_CONF}" --quantized --batch_size=128 --model_path=/home/arjun/.cache/sparsezoo/75793b96-6e69-4711-a7c4-64223fdddfa1/model.onnx 2>&1 | tee /home/arjun/results_dir/valid_results/phoenix_Amd_Am5-reference-cpu-deepsparse-vdefault-default_config/obert-large-pruned97-none-bert-99/offline/performance/run_1/console.out'
client 2024-02-21 14:42:28,857 [INFO] Sending command to the server: 'time'
client 2024-02-21 14:42:28,866 [INFO] Got response: '1708526548.6454563'
client 2024-02-21 14:42:28,866 [INFO] The time difference between the client and the server is within range 212.227 ms..221.371 ms
client 2024-02-21 14:42:28,866 [INFO] Sending command to the server: 'session,2024-02-21_14-33-08,stop,ranging'
client 2024-02-21 14:42:40,112 [INFO] Got response: 'OK'
client 2024-02-21 14:42:40,112 [INFO] Sending command to the server: 'time'
client 2024-02-21 14:42:40,121 [INFO] Got response: '1708526559.895557'
client 2024-02-21 14:42:40,121 [INFO] The time difference between the client and the server is within range 216.621 ms..225.593 ms
client 2024-02-21 14:42:40,123 [INFO] Copying loadgen logs from '/home/arjun/results_dir/valid_results/phoenix_Amd_Am5-reference-cpu-deepsparse-vdefault-default_config/obert-large-pruned97-none-bert-99/offline/performance/run_1' to '/home/arjun/results_dir/valid_results/phoenix_Amd_Am5-reference-cpu-deepsparse-vdefault-default_config/obert-large-pruned97-none-bert-99/offline/performance/tmp_power/ranging'
client 2024-02-21 14:42:40,123 [INFO] Running workload in testing mode
client 2024-02-21 14:42:40,123 [INFO] Synchronizing with the server and with time.google.com...
client 2024-02-21 14:42:40,147 [INFO] NTP:offset = 0.001 s, delay = 0.023 s 
client 2024-02-21 14:42:40,147 [INFO] Sending command to the server: 'time'
client 2024-02-21 14:42:40,156 [INFO] Got response: '1708526559.9356055'
client 2024-02-21 14:42:40,156 [INFO] The time difference between the client and the server is within range 211.827 ms..220.757 ms
client 2024-02-21 14:42:40,156 [INFO] Sending command to the server: 'session,2024-02-21_14-33-08,start,testing'
client 2024-02-21 14:42:53,227 [INFO] Got response: 'OK'
client 2024-02-21 14:42:53,227 [INFO] Sending command to the server: 'time'
client 2024-02-21 14:42:53,237 [INFO] Got response: '1708526573.0156906'
client 2024-02-21 14:42:53,238 [INFO] The time difference between the client and the server is within range 211.945 ms..222.378 ms
client 2024-02-21 14:42:53,238 [INFO] Running the workload 'CM_MLPERF_RUN_COUNT=$(cat ${CM_RUN_DIR}/count.txt); echo ${CM_MLPERF_RUN_COUNT}; CM_MLPERF_RUN_COUNT=$((CM_MLPERF_RUN_COUNT+1)); echo ${CM_MLPERF_RUN_COUNT} > ${CM_RUN_DIR}/count.txt && if [ ${CM_MLPERF_RUN_COUNT} -eq "1" ]; then export CM_MLPERF_USER_CONF=${CM_MLPERF_RANGING_USER_CONF}; else export CM_MLPERF_USER_CONF=${CM_MLPERF_TESTING_USER_CONF}; fi && /usr/bin/python3 run.py --backend=deepsparse --scenario=Offline --mlperf_conf "/home/arjun/CM/repos/local/cache/b5386651b8ab4bd4/inference/mlperf.conf" --user_conf "${CM_MLPERF_USER_CONF}" --quantized --batch_size=128 --model_path=/home/arjun/.cache/sparsezoo/75793b96-6e69-4711-a7c4-64223fdddfa1/model.onnx 2>&1 | tee /home/arjun/results_dir/valid_results/phoenix_Amd_Am5-reference-cpu-deepsparse-vdefault-default_config/obert-large-pruned97-none-bert-99/offline/performance/run_1/console.out'
client 2024-02-21 14:58:55,501 [INFO] Sending command to the server: 'time'
client 2024-02-21 14:58:55,511 [INFO] Got response: '1708527535.2723484'
client 2024-02-21 14:58:55,511 [INFO] The time difference between the client and the server is within range 229.256 ms..239.305 ms
client 2024-02-21 14:58:55,511 [INFO] Sending command to the server: 'session,2024-02-21_14-33-08,stop,testing'
client 2024-02-21 14:59:06,297 [INFO] Got response: 'OK'
client 2024-02-21 14:59:06,297 [INFO] Sending command to the server: 'time'
client 2024-02-21 14:59:06,306 [INFO] Got response: '1708527546.07016'
client 2024-02-21 14:59:06,306 [INFO] The time difference between the client and the server is within range 227.011 ms..235.984 ms
client 2024-02-21 14:59:06,306 [INFO] Copying loadgen logs from '/home/arjun/results_dir/valid_results/phoenix_Amd_Am5-reference-cpu-deepsparse-vdefault-default_config/obert-large-pruned97-none-bert-99/offline/performance/run_1' to '/home/arjun/results_dir/valid_results/phoenix_Amd_Am5-reference-cpu-deepsparse-vdefault-default_config/obert-large-pruned97-none-bert-99/offline/performance/tmp_power/run_1'
client 2024-02-21 14:59:06,306 [INFO] Done runs
