client 2024-01-28 21:24:47,765 [INFO] Creating output directory '/home/arjun/results_dir/valid_results/orin-tflite_cpp-cpu-tflite-vmaster-default_config/mobilenet-v1-precision_float-1.0-224/singlestream/performance/tmp_power'
client 2024-01-28 21:24:47,786 [INFO] Sending command to the server: 'mlcommons/power client v3'
client 2024-01-28 21:24:47,789 [INFO] Got response: 'mlcommons/power server v3'
client 2024-01-28 21:24:47,789 [INFO] Synchronizing with the server and with time.google.com...
client 2024-01-28 21:24:47,838 [INFO] NTP:offset = -0.003 s, delay = 0.019 s 
client 2024-01-28 21:24:47,839 [INFO] Sending command to the server: 'time'
client 2024-01-28 21:24:47,842 [INFO] Got response: '1706477087.8410127'
client 2024-01-28 21:24:47,842 [INFO] The time difference between the client and the server is within range -1.761 ms..1.676 ms
client 2024-01-28 21:24:47,842 [INFO] Sending command to the server: 'new,,0969c171-dc4a-46fe-a38f-cb34768e1449'
client 2024-01-28 21:24:47,846 [INFO] Got response: 'OK 2024-01-28_21-24-47,4aa86db8-3201-4a6d-9b30-d11301ea5e6f'
client 2024-01-28 21:24:47,846 [INFO] Session id is '2024-01-28_21-24-47'
client 2024-01-28 21:24:47,847 [INFO] Sources: {"sources": {"__init__.py": "da39a3ee5e6b4b0d3255bfef95601890afd80709", "client.py": "33ca4f26368777ac06e01f9567b714a4b8063886", "lib/__init__.py": "da39a3ee5e6b4b0d3255bfef95601890afd80709", "lib/client.py": "ac2aa093c8e8bbc9569b9e2a3471bc64e58a2258", "lib/common.py": "611d8b29633d331eb19c9455ea3b5fa3284ed6df", "lib/external/__init__.py": "da39a3ee5e6b4b0d3255bfef95601890afd80709", "lib/external/ntplib.py": "4da8f970656505a40483206ef2b5d3dd5e81711d", "lib/server.py": "99303c836c683aa9017ec565104e636161d02acb", "lib/source_hashes.py": "60a2e02193209e8d392803326208d5466342da18", "lib/summary.py": "aa92f0a3f975eecd44d3c0cd0236342ccc9f941d", "lib/time_sync.py": "80894ef2389e540781ff78de94db16aa4203a14e", "server.py": "c3f90f2f7eeb4db30727556d0c815ebc89b3d28b", "tests/unit/__init__.py": "da39a3ee5e6b4b0d3255bfef95601890afd80709", "tests/unit/test_server.py": "948c1995d4008bc2aa6c4046a34ffa3858d6d671", "tests/unit/test_source_hashes.py": "00468a2907583c593e6574a1f6b404e4651c221a"}, "modules": {"ptd_client_server.lib.client": "lib/client.py", "ptd_client_server.lib.common": "lib/common.py", "ptd_client_server.lib.external.ntplib": "lib/external/ntplib.py", "ptd_client_server.lib.source_hashes": "lib/source_hashes.py", "ptd_client_server.lib.summary": "lib/summary.py", "ptd_client_server.lib.time_sync": "lib/time_sync.py"}}
client 2024-01-28 21:24:47,847 [INFO] Running workload in ranging mode
client 2024-01-28 21:24:47,847 [INFO] Synchronizing with the server and with time.google.com...
client 2024-01-28 21:24:47,870 [INFO] NTP:offset = -0.003 s, delay = 0.022 s 
client 2024-01-28 21:24:47,870 [INFO] Sending command to the server: 'time'
client 2024-01-28 21:24:47,874 [INFO] Got response: '1706477087.8724258'
client 2024-01-28 21:24:47,875 [INFO] The time difference between the client and the server is within range -1.634 ms..2.641 ms
client 2024-01-28 21:24:47,875 [INFO] Sending command to the server: 'session,2024-01-28_21-24-47,start,ranging'
client 2024-01-28 21:25:15,950 [INFO] Got response: 'OK'
client 2024-01-28 21:25:15,952 [INFO] Sending command to the server: 'time'
client 2024-01-28 21:25:15,955 [INFO] Got response: '1706477115.9542677'
client 2024-01-28 21:25:15,956 [INFO] The time difference between the client and the server is within range -2.122 ms..1.734 ms
client 2024-01-28 21:25:15,956 [INFO] Running the workload 'CM_MLPERF_RUN_COUNT=$(cat ${CM_RUN_DIR}/count.txt); echo ${CM_MLPERF_RUN_COUNT}; CM_MLPERF_RUN_COUNT=$((CM_MLPERF_RUN_COUNT+1)); echo ${CM_MLPERF_RUN_COUNT} > ${CM_RUN_DIR}/count.txt && if [ ${CM_MLPERF_RUN_COUNT} -eq "1" ]; then export CM_MLPERF_USER_CONF=${CM_MLPERF_RANGING_USER_CONF}; else export CM_MLPERF_USER_CONF=${CM_MLPERF_TESTING_USER_CONF}; fi && /mnt/CM/repos/ctuning@mlcommons-ck/cm-mlops/script/benchmark-any-mlperf-inference-implementation/run.out'
client 2024-01-28 21:30:30,318 [INFO] Sending command to the server: 'time'
client 2024-01-28 21:30:30,425 [INFO] Got response: '1706477430.4236605'
client 2024-01-28 21:30:30,426 [INFO] The time difference between the client and the server is within range -105.461 ms..2.692 ms
client 2024-01-28 21:30:30,426 [INFO] Sending command to the server: 'session,2024-01-28_21-24-47,stop,ranging'
client 2024-01-28 21:30:41,009 [INFO] Got response: 'OK'
client 2024-01-28 21:30:41,011 [INFO] Sending command to the server: 'time'
client 2024-01-28 21:30:41,015 [INFO] Got response: '1706477441.013058'
client 2024-01-28 21:30:41,015 [INFO] The time difference between the client and the server is within range -1.921 ms..2.458 ms
client 2024-01-28 21:30:41,047 [INFO] Copying loadgen logs from '/home/arjun/results_dir/valid_results/orin-tflite_cpp-cpu-tflite-vmaster-default_config/mobilenet-v1-precision_float-1.0-224/singlestream/performance/run_1' to '/home/arjun/results_dir/valid_results/orin-tflite_cpp-cpu-tflite-vmaster-default_config/mobilenet-v1-precision_float-1.0-224/singlestream/performance/tmp_power/ranging'
client 2024-01-28 21:30:41,052 [INFO] Running workload in testing mode
client 2024-01-28 21:30:41,052 [INFO] Synchronizing with the server and with time.google.com...
client 2024-01-28 21:30:41,081 [INFO] NTP:offset = -0.003 s, delay = 0.024 s 
client 2024-01-28 21:30:41,082 [INFO] Sending command to the server: 'time'
client 2024-01-28 21:30:41,090 [INFO] Got response: '1706477441.088901'
client 2024-01-28 21:30:41,090 [INFO] The time difference between the client and the server is within range -6.761 ms..1.561 ms
client 2024-01-28 21:30:41,090 [INFO] Sending command to the server: 'session,2024-01-28_21-24-47,start,testing'
client 2024-01-28 21:30:54,114 [INFO] Got response: 'OK'
client 2024-01-28 21:30:54,114 [INFO] Sending command to the server: 'time'
client 2024-01-28 21:30:54,118 [INFO] Got response: '1706477454.1168156'
client 2024-01-28 21:30:54,119 [INFO] The time difference between the client and the server is within range -2.147 ms..2.209 ms
client 2024-01-28 21:30:54,119 [INFO] Running the workload 'CM_MLPERF_RUN_COUNT=$(cat ${CM_RUN_DIR}/count.txt); echo ${CM_MLPERF_RUN_COUNT}; CM_MLPERF_RUN_COUNT=$((CM_MLPERF_RUN_COUNT+1)); echo ${CM_MLPERF_RUN_COUNT} > ${CM_RUN_DIR}/count.txt && if [ ${CM_MLPERF_RUN_COUNT} -eq "1" ]; then export CM_MLPERF_USER_CONF=${CM_MLPERF_RANGING_USER_CONF}; else export CM_MLPERF_USER_CONF=${CM_MLPERF_TESTING_USER_CONF}; fi && /mnt/CM/repos/ctuning@mlcommons-ck/cm-mlops/script/benchmark-any-mlperf-inference-implementation/run.out'
client 2024-01-28 21:40:59,490 [INFO] Sending command to the server: 'time'
client 2024-01-28 21:40:59,574 [INFO] Got response: '1706478059.5710824'
client 2024-01-28 21:40:59,575 [INFO] The time difference between the client and the server is within range -80.659 ms..4.333 ms
client 2024-01-28 21:40:59,575 [INFO] Sending command to the server: 'session,2024-01-28_21-24-47,stop,testing'
client 2024-01-28 21:41:10,174 [INFO] Got response: 'OK'
client 2024-01-28 21:41:10,174 [INFO] Sending command to the server: 'time'
client 2024-01-28 21:41:10,178 [INFO] Got response: '1706478070.1752703'
client 2024-01-28 21:41:10,178 [INFO] The time difference between the client and the server is within range -0.368 ms..3.512 ms
client 2024-01-28 21:41:10,183 [INFO] Copying loadgen logs from '/home/arjun/results_dir/valid_results/orin-tflite_cpp-cpu-tflite-vmaster-default_config/mobilenet-v1-precision_float-1.0-224/singlestream/performance/run_1' to '/home/arjun/results_dir/valid_results/orin-tflite_cpp-cpu-tflite-vmaster-default_config/mobilenet-v1-precision_float-1.0-224/singlestream/performance/tmp_power/run_1'
client 2024-01-28 21:41:10,186 [INFO] Done runs
