:::MLLOG {"namespace": "", "time_ms": 1707753796582, "event_type": "POINT_IN_TIME", "key": "weights_initialization", "value": null, "metadata": {"file": "model/feature_pyramid_network.py", "lineno": 195, "tensor": "module.backbone.fpn.extra_blocks.p6.weight"}}
:::MLLOG {"namespace": "", "time_ms": 1707753796623, "event_type": "POINT_IN_TIME", "key": "weights_initialization", "value": null, "metadata": {"file": "model/feature_pyramid_network.py", "lineno": 197, "tensor": "module.backbone.fpn.extra_blocks.p6.bias"}}
:::MLLOG {"namespace": "", "time_ms": 1707753796625, "event_type": "POINT_IN_TIME", "key": "weights_initialization", "value": null, "metadata": {"file": "model/feature_pyramid_network.py", "lineno": 195, "tensor": "module.backbone.fpn.extra_blocks.p7.weight"}}
:::MLLOG {"namespace": "", "time_ms": 1707753796629, "event_type": "POINT_IN_TIME", "key": "weights_initialization", "value": null, "metadata": {"file": "model/feature_pyramid_network.py", "lineno": 197, "tensor": "module.backbone.fpn.extra_blocks.p7.bias"}}
:::MLLOG {"namespace": "", "time_ms": 1707753796867, "event_type": "POINT_IN_TIME", "key": "weights_initialization", "value": null, "metadata": {"file": "model/resnet.py", "lineno": 187, "tensor": "module.backbone.body.conv1.weight"}}
:::MLLOG {"namespace": "", "time_ms": 1707753796868, "event_type": "POINT_IN_TIME", "key": "weights_initialization", "value": null, "metadata": {"file": "model/resnet.py", "lineno": 187, "tensor": "module.backbone.body.layer1.0.conv1.weight"}}
:::MLLOG {"namespace": "", "time_ms": 1707753796868, "event_type": "POINT_IN_TIME", "key": "weights_initialization", "value": null, "metadata": {"file": "model/resnet.py", "lineno": 187, "tensor": "module.backbone.body.layer1.0.conv2.weight"}}
:::MLLOG {"namespace": "", "time_ms": 1707753796868, "event_type": "POINT_IN_TIME", "key": "weights_initialization", "value": null, "metadata": {"file": "model/resnet.py", "lineno": 187, "tensor": "module.backbone.body.layer1.0.conv3.weight"}}
:::MLLOG {"namespace": "", "time_ms": 1707753796869, "event_type": "POINT_IN_TIME", "key": "weights_initialization", "value": null, "metadata": {"file": "model/resnet.py", "lineno": 187, "tensor": "module.backbone.body.layer1.0.downsample.0.weight"}}
:::MLLOG {"namespace": "", "time_ms": 1707753796869, "event_type": "POINT_IN_TIME", "key": "weights_initialization", "value": null, "metadata": {"file": "model/resnet.py", "lineno": 187, "tensor": "module.backbone.body.layer1.1.conv1.weight"}}
:::MLLOG {"namespace": "", "time_ms": 1707753796870, "event_type": "POINT_IN_TIME", "key": "weights_initialization", "value": null, "metadata": {"file": "model/resnet.py", "lineno": 187, "tensor": "module.backbone.body.layer1.1.conv2.weight"}}
:::MLLOG {"namespace": "", "time_ms": 1707753796870, "event_type": "POINT_IN_TIME", "key": "weights_initialization", "value": null, "metadata": {"file": "model/resnet.py", "lineno": 187, "tensor": "module.backbone.body.layer1.1.conv3.weight"}}
:::MLLOG {"namespace": "", "time_ms": 1707753796870, "event_type": "POINT_IN_TIME", "key": "weights_initialization", "value": null, "metadata": {"file": "model/resnet.py", "lineno": 187, "tensor": "module.backbone.body.layer1.2.conv1.weight"}}
:::MLLOG {"namespace": "", "time_ms": 1707753796871, "event_type": "POINT_IN_TIME", "key": "weights_initialization", "value": null, "metadata": {"file": "model/resnet.py", "lineno": 187, "tensor": "module.backbone.body.layer1.2.conv2.weight"}}
:::MLLOG {"namespace": "", "time_ms": 1707753796871, "event_type": "POINT_IN_TIME", "key": "weights_initialization", "value": null, "metadata": {"file": "model/resnet.py", "lineno": 187, "tensor": "module.backbone.body.layer1.2.conv3.weight"}}
:::MLLOG {"namespace": "", "time_ms": 1707753796871, "event_type": "POINT_IN_TIME", "key": "weights_initialization", "value": null, "metadata": {"file": "model/resnet.py", "lineno": 187, "tensor": "module.backbone.body.layer2.0.conv1.weight"}}
:::MLLOG {"namespace": "", "time_ms": 1707753796872, "event_type": "POINT_IN_TIME", "key": "weights_initialization", "value": null, "metadata": {"file": "model/resnet.py", "lineno": 187, "tensor": "module.backbone.body.layer2.0.conv2.weight"}}
:::MLLOG {"namespace": "", "time_ms": 1707753796872, "event_type": "POINT_IN_TIME", "key": "weights_initialization", "value": null, "metadata": {"file": "model/resnet.py", "lineno": 187, "tensor": "module.backbone.body.layer2.0.conv3.weight"}}
:::MLLOG {"namespace": "", "time_ms": 1707753796873, "event_type": "POINT_IN_TIME", "key": "weights_initialization", "value": null, "metadata": {"file": "model/resnet.py", "lineno": 187, "tensor": "module.backbone.body.layer2.0.downsample.0.weight"}}
:::MLLOG {"namespace": "", "time_ms": 1707753796875, "event_type": "POINT_IN_TIME", "key": "weights_initialization", "value": null, "metadata": {"file": "model/resnet.py", "lineno": 187, "tensor": "module.backbone.body.layer2.1.conv1.weight"}}
:::MLLOG {"namespace": "", "time_ms": 1707753796876, "event_type": "POINT_IN_TIME", "key": "weights_initialization", "value": null, "metadata": {"file": "model/resnet.py", "lineno": 187, "tensor": "module.backbone.body.layer2.1.conv2.weight"}}
:::MLLOG {"namespace": "", "time_ms": 1707753796876, "event_type": "POINT_IN_TIME", "key": "weights_initialization", "value": null, "metadata": {"file": "model/resnet.py", "lineno": 187, "tensor": "module.backbone.body.layer2.1.conv3.weight"}}
:::MLLOG {"namespace": "", "time_ms": 1707753796877, "event_type": "POINT_IN_TIME", "key": "weights_initialization", "value": null, "metadata": {"file": "model/resnet.py", "lineno": 187, "tensor": "module.backbone.body.layer2.2.conv1.weight"}}
:::MLLOG {"namespace": "", "time_ms": 1707753796879, "event_type": "POINT_IN_TIME", "key": "weights_initialization", "value": null, "metadata": {"file": "model/resnet.py", "lineno": 187, "tensor": "module.backbone.body.layer2.2.conv2.weight"}}
:::MLLOG {"namespace": "", "time_ms": 1707753796879, "event_type": "POINT_IN_TIME", "key": "weights_initialization", "value": null, "metadata": {"file": "model/resnet.py", "lineno": 187, "tensor": "module.backbone.body.layer2.2.conv3.weight"}}
:::MLLOG {"namespace": "", "time_ms": 1707753796880, "event_type": "POINT_IN_TIME", "key": "weights_initialization", "value": null, "metadata": {"file": "model/resnet.py", "lineno": 187, "tensor": "module.backbone.body.layer2.3.conv1.weight"}}
:::MLLOG {"namespace": "", "time_ms": 1707753796882, "event_type": "POINT_IN_TIME", "key": "weights_initialization", "value": null, "metadata": {"file": "model/resnet.py", "lineno": 187, "tensor": "module.backbone.body.layer2.3.conv2.weight"}}
:::MLLOG {"namespace": "", "time_ms": 1707753796882, "event_type": "POINT_IN_TIME", "key": "weights_initialization", "value": null, "metadata": {"file": "model/resnet.py", "lineno": 187, "tensor": "module.backbone.body.layer2.3.conv3.weight"}}
:::MLLOG {"namespace": "", "time_ms": 1707753796883, "event_type": "POINT_IN_TIME", "key": "weights_initialization", "value": null, "metadata": {"file": "model/resnet.py", "lineno": 187, "tensor": "module.backbone.body.layer3.0.conv1.weight"}}
:::MLLOG {"namespace": "", "time_ms": 1707753796885, "event_type": "POINT_IN_TIME", "key": "weights_initialization", "value": null, "metadata": {"file": "model/resnet.py", "lineno": 187, "tensor": "module.backbone.body.layer3.0.conv2.weight"}}
:::MLLOG {"namespace": "", "time_ms": 1707753796886, "event_type": "POINT_IN_TIME", "key": "weights_initialization", "value": null, "metadata": {"file": "model/resnet.py", "lineno": 187, "tensor": "module.backbone.body.layer3.0.conv3.weight"}}
:::MLLOG {"namespace": "", "time_ms": 1707753796890, "event_type": "POINT_IN_TIME", "key": "weights_initialization", "value": null, "metadata": {"file": "model/resnet.py", "lineno": 187, "tensor": "module.backbone.body.layer3.0.downsample.0.weight"}}
:::MLLOG {"namespace": "", "time_ms": 1707753796894, "event_type": "POINT_IN_TIME", "key": "weights_initialization", "value": null, "metadata": {"file": "model/resnet.py", "lineno": 187, "tensor": "module.backbone.body.layer3.1.conv1.weight"}}
:::MLLOG {"namespace": "", "time_ms": 1707753796898, "event_type": "POINT_IN_TIME", "key": "weights_initialization", "value": null, "metadata": {"file": "model/resnet.py", "lineno": 187, "tensor": "module.backbone.body.layer3.1.conv2.weight"}}
:::MLLOG {"namespace": "", "time_ms": 1707753796899, "event_type": "POINT_IN_TIME", "key": "weights_initialization", "value": null, "metadata": {"file": "model/resnet.py", "lineno": 187, "tensor": "module.backbone.body.layer3.1.conv3.weight"}}
:::MLLOG {"namespace": "", "time_ms": 1707753796903, "event_type": "POINT_IN_TIME", "key": "weights_initialization", "value": null, "metadata": {"file": "model/resnet.py", "lineno": 187, "tensor": "module.backbone.body.layer3.2.conv1.weight"}}
:::MLLOG {"namespace": "", "time_ms": 1707753796907, "event_type": "POINT_IN_TIME", "key": "weights_initialization", "value": null, "metadata": {"file": "model/resnet.py", "lineno": 187, "tensor": "module.backbone.body.layer3.2.conv2.weight"}}
:::MLLOG {"namespace": "", "time_ms": 1707753796908, "event_type": "POINT_IN_TIME", "key": "weights_initialization", "value": null, "metadata": {"file": "model/resnet.py", "lineno": 187, "tensor": "module.backbone.body.layer3.2.conv3.weight"}}
:::MLLOG {"namespace": "", "time_ms": 1707753796912, "event_type": "POINT_IN_TIME", "key": "weights_initialization", "value": null, "metadata": {"file": "model/resnet.py", "lineno": 187, "tensor": "module.backbone.body.layer3.3.conv1.weight"}}
:::MLLOG {"namespace": "", "time_ms": 1707753796916, "event_type": "POINT_IN_TIME", "key": "weights_initialization", "value": null, "metadata": {"file": "model/resnet.py", "lineno": 187, "tensor": "module.backbone.body.layer3.3.conv2.weight"}}
:::MLLOG {"namespace": "", "time_ms": 1707753796917, "event_type": "POINT_IN_TIME", "key": "weights_initialization", "value": null, "metadata": {"file": "model/resnet.py", "lineno": 187, "tensor": "module.backbone.body.layer3.3.conv3.weight"}}
:::MLLOG {"namespace": "", "time_ms": 1707753796921, "event_type": "POINT_IN_TIME", "key": "weights_initialization", "value": null, "metadata": {"file": "model/resnet.py", "lineno": 187, "tensor": "module.backbone.body.layer3.4.conv1.weight"}}
:::MLLOG {"namespace": "", "time_ms": 1707753796925, "event_type": "POINT_IN_TIME", "key": "weights_initialization", "value": null, "metadata": {"file": "model/resnet.py", "lineno": 187, "tensor": "module.backbone.body.layer3.4.conv2.weight"}}
:::MLLOG {"namespace": "", "time_ms": 1707753796926, "event_type": "POINT_IN_TIME", "key": "weights_initialization", "value": null, "metadata": {"file": "model/resnet.py", "lineno": 187, "tensor": "module.backbone.body.layer3.4.conv3.weight"}}
:::MLLOG {"namespace": "", "time_ms": 1707753796930, "event_type": "POINT_IN_TIME", "key": "weights_initialization", "value": null, "metadata": {"file": "model/resnet.py", "lineno": 187, "tensor": "module.backbone.body.layer3.5.conv1.weight"}}
:::MLLOG {"namespace": "", "time_ms": 1707753796934, "event_type": "POINT_IN_TIME", "key": "weights_initialization", "value": null, "metadata": {"file": "model/resnet.py", "lineno": 187, "tensor": "module.backbone.body.layer3.5.conv2.weight"}}
:::MLLOG {"namespace": "", "time_ms": 1707753796935, "event_type": "POINT_IN_TIME", "key": "weights_initialization", "value": null, "metadata": {"file": "model/resnet.py", "lineno": 187, "tensor": "module.backbone.body.layer3.5.conv3.weight"}}
:::MLLOG {"namespace": "", "time_ms": 1707753796938, "event_type": "POINT_IN_TIME", "key": "weights_initialization", "value": null, "metadata": {"file": "model/resnet.py", "lineno": 187, "tensor": "module.backbone.body.layer4.0.conv1.weight"}}
:::MLLOG {"namespace": "", "time_ms": 1707753796946, "event_type": "POINT_IN_TIME", "key": "weights_initialization", "value": null, "metadata": {"file": "model/resnet.py", "lineno": 187, "tensor": "module.backbone.body.layer4.0.conv2.weight"}}
:::MLLOG {"namespace": "", "time_ms": 1707753796949, "event_type": "POINT_IN_TIME", "key": "weights_initialization", "value": null, "metadata": {"file": "model/resnet.py", "lineno": 187, "tensor": "module.backbone.body.layer4.0.conv3.weight"}}
:::MLLOG {"namespace": "", "time_ms": 1707753796964, "event_type": "POINT_IN_TIME", "key": "weights_initialization", "value": null, "metadata": {"file": "model/resnet.py", "lineno": 187, "tensor": "module.backbone.body.layer4.0.downsample.0.weight"}}
:::MLLOG {"namespace": "", "time_ms": 1707753796980, "event_type": "POINT_IN_TIME", "key": "weights_initialization", "value": null, "metadata": {"file": "model/resnet.py", "lineno": 187, "tensor": "module.backbone.body.layer4.1.conv1.weight"}}
:::MLLOG {"namespace": "", "time_ms": 1707753796995, "event_type": "POINT_IN_TIME", "key": "weights_initialization", "value": null, "metadata": {"file": "model/resnet.py", "lineno": 187, "tensor": "module.backbone.body.layer4.1.conv2.weight"}}
:::MLLOG {"namespace": "", "time_ms": 1707753796997, "event_type": "POINT_IN_TIME", "key": "weights_initialization", "value": null, "metadata": {"file": "model/resnet.py", "lineno": 187, "tensor": "module.backbone.body.layer4.1.conv3.weight"}}
:::MLLOG {"namespace": "", "time_ms": 1707753797013, "event_type": "POINT_IN_TIME", "key": "weights_initialization", "value": null, "metadata": {"file": "model/resnet.py", "lineno": 187, "tensor": "module.backbone.body.layer4.2.conv1.weight"}}
:::MLLOG {"namespace": "", "time_ms": 1707753797029, "event_type": "POINT_IN_TIME", "key": "weights_initialization", "value": null, "metadata": {"file": "model/resnet.py", "lineno": 187, "tensor": "module.backbone.body.layer4.2.conv2.weight"}}
:::MLLOG {"namespace": "", "time_ms": 1707753797031, "event_type": "POINT_IN_TIME", "key": "weights_initialization", "value": null, "metadata": {"file": "model/resnet.py", "lineno": 187, "tensor": "module.backbone.body.layer4.2.conv3.weight"}}
:::MLLOG {"namespace": "", "time_ms": 1707753803747, "event_type": "POINT_IN_TIME", "key": "weights_initialization", "value": null, "metadata": {"file": "model/feature_pyramid_network.py", "lineno": 94, "tensor": "module.backbone.fpn.inner_blocks.0.weight"}}
:::MLLOG {"namespace": "", "time_ms": 1707753803749, "event_type": "POINT_IN_TIME", "key": "weights_initialization", "value": null, "metadata": {"file": "model/feature_pyramid_network.py", "lineno": 96, "tensor": "module.backbone.fpn.inner_blocks.0.bias"}}
:::MLLOG {"namespace": "", "time_ms": 1707753803749, "event_type": "POINT_IN_TIME", "key": "weights_initialization", "value": null, "metadata": {"file": "model/feature_pyramid_network.py", "lineno": 94, "tensor": "module.backbone.fpn.inner_blocks.1.weight"}}
:::MLLOG {"namespace": "", "time_ms": 1707753803750, "event_type": "POINT_IN_TIME", "key": "weights_initialization", "value": null, "metadata": {"file": "model/feature_pyramid_network.py", "lineno": 96, "tensor": "module.backbone.fpn.inner_blocks.1.bias"}}
:::MLLOG {"namespace": "", "time_ms": 1707753803750, "event_type": "POINT_IN_TIME", "key": "weights_initialization", "value": null, "metadata": {"file": "model/feature_pyramid_network.py", "lineno": 94, "tensor": "module.backbone.fpn.inner_blocks.2.weight"}}
:::MLLOG {"namespace": "", "time_ms": 1707753803754, "event_type": "POINT_IN_TIME", "key": "weights_initialization", "value": null, "metadata": {"file": "model/feature_pyramid_network.py", "lineno": 96, "tensor": "module.backbone.fpn.inner_blocks.2.bias"}}
:::MLLOG {"namespace": "", "time_ms": 1707753803754, "event_type": "POINT_IN_TIME", "key": "weights_initialization", "value": null, "metadata": {"file": "model/feature_pyramid_network.py", "lineno": 94, "tensor": "module.backbone.fpn.layer_blocks.0.weight"}}
:::MLLOG {"namespace": "", "time_ms": 1707753803757, "event_type": "POINT_IN_TIME", "key": "weights_initialization", "value": null, "metadata": {"file": "model/feature_pyramid_network.py", "lineno": 96, "tensor": "module.backbone.fpn.layer_blocks.0.bias"}}
:::MLLOG {"namespace": "", "time_ms": 1707753803757, "event_type": "POINT_IN_TIME", "key": "weights_initialization", "value": null, "metadata": {"file": "model/feature_pyramid_network.py", "lineno": 94, "tensor": "module.backbone.fpn.layer_blocks.1.weight"}}
:::MLLOG {"namespace": "", "time_ms": 1707753803761, "event_type": "POINT_IN_TIME", "key": "weights_initialization", "value": null, "metadata": {"file": "model/feature_pyramid_network.py", "lineno": 96, "tensor": "module.backbone.fpn.layer_blocks.1.bias"}}
:::MLLOG {"namespace": "", "time_ms": 1707753803761, "event_type": "POINT_IN_TIME", "key": "weights_initialization", "value": null, "metadata": {"file": "model/feature_pyramid_network.py", "lineno": 94, "tensor": "module.backbone.fpn.layer_blocks.2.weight"}}
:::MLLOG {"namespace": "", "time_ms": 1707753803764, "event_type": "POINT_IN_TIME", "key": "weights_initialization", "value": null, "metadata": {"file": "model/feature_pyramid_network.py", "lineno": 96, "tensor": "module.backbone.fpn.layer_blocks.2.bias"}}
:::MLLOG {"namespace": "", "time_ms": 1707753803785, "event_type": "POINT_IN_TIME", "key": "weights_initialization", "value": null, "metadata": {"file": "model/retinanet.py", "lineno": 90, "tensor": "module.head.classification_head.conv.0.weight"}}
:::MLLOG {"namespace": "", "time_ms": 1707753803788, "event_type": "POINT_IN_TIME", "key": "weights_initialization", "value": null, "metadata": {"file": "model/retinanet.py", "lineno": 92, "tensor": "module.head.classification_head.conv.0.bias"}}
:::MLLOG {"namespace": "", "time_ms": 1707753803788, "event_type": "POINT_IN_TIME", "key": "weights_initialization", "value": null, "metadata": {"file": "model/retinanet.py", "lineno": 90, "tensor": "module.head.classification_head.conv.2.weight"}}
:::MLLOG {"namespace": "", "time_ms": 1707753803792, "event_type": "POINT_IN_TIME", "key": "weights_initialization", "value": null, "metadata": {"file": "model/retinanet.py", "lineno": 92, "tensor": "module.head.classification_head.conv.2.bias"}}
:::MLLOG {"namespace": "", "time_ms": 1707753803792, "event_type": "POINT_IN_TIME", "key": "weights_initialization", "value": null, "metadata": {"file": "model/retinanet.py", "lineno": 90, "tensor": "module.head.classification_head.conv.4.weight"}}
:::MLLOG {"namespace": "", "time_ms": 1707753803795, "event_type": "POINT_IN_TIME", "key": "weights_initialization", "value": null, "metadata": {"file": "model/retinanet.py", "lineno": 92, "tensor": "module.head.classification_head.conv.4.bias"}}
:::MLLOG {"namespace": "", "time_ms": 1707753803795, "event_type": "POINT_IN_TIME", "key": "weights_initialization", "value": null, "metadata": {"file": "model/retinanet.py", "lineno": 90, "tensor": "module.head.classification_head.conv.6.weight"}}
:::MLLOG {"namespace": "", "time_ms": 1707753803799, "event_type": "POINT_IN_TIME", "key": "weights_initialization", "value": null, "metadata": {"file": "model/retinanet.py", "lineno": 92, "tensor": "module.head.classification_head.conv.6.bias"}}
:::MLLOG {"namespace": "", "time_ms": 1707753803835, "event_type": "POINT_IN_TIME", "key": "weights_initialization", "value": null, "metadata": {"file": "model/retinanet.py", "lineno": 96, "tensor": "module.head.classification_head.cls_logits.weight"}}
:::MLLOG {"namespace": "", "time_ms": 1707753803863, "event_type": "POINT_IN_TIME", "key": "weights_initialization", "value": null, "metadata": {"file": "model/retinanet.py", "lineno": 98, "tensor": "module.head.classification_head.cls_logits.bias"}}
:::MLLOG {"namespace": "", "time_ms": 1707753803880, "event_type": "POINT_IN_TIME", "key": "weights_initialization", "value": null, "metadata": {"file": "model/retinanet.py", "lineno": 180, "tensor": "module.head.regression_head.bbox_reg.weight"}}
:::MLLOG {"namespace": "", "time_ms": 1707753803880, "event_type": "POINT_IN_TIME", "key": "weights_initialization", "value": null, "metadata": {"file": "model/retinanet.py", "lineno": 182, "tensor": "module.head.regression_head.bbox_reg.bias"}}
:::MLLOG {"namespace": "", "time_ms": 1707753803880, "event_type": "POINT_IN_TIME", "key": "weights_initialization", "value": null, "metadata": {"file": "model/retinanet.py", "lineno": 187, "tensor": "module.head.regression_head.conv.0.weight"}}
:::MLLOG {"namespace": "", "time_ms": 1707753803884, "event_type": "POINT_IN_TIME", "key": "weights_initialization", "value": null, "metadata": {"file": "model/retinanet.py", "lineno": 189, "tensor": "module.head.regression_head.conv.0.bias"}}
:::MLLOG {"namespace": "", "time_ms": 1707753803884, "event_type": "POINT_IN_TIME", "key": "weights_initialization", "value": null, "metadata": {"file": "model/retinanet.py", "lineno": 187, "tensor": "module.head.regression_head.conv.2.weight"}}
:::MLLOG {"namespace": "", "time_ms": 1707753803888, "event_type": "POINT_IN_TIME", "key": "weights_initialization", "value": null, "metadata": {"file": "model/retinanet.py", "lineno": 189, "tensor": "module.head.regression_head.conv.2.bias"}}
:::MLLOG {"namespace": "", "time_ms": 1707753803888, "event_type": "POINT_IN_TIME", "key": "weights_initialization", "value": null, "metadata": {"file": "model/retinanet.py", "lineno": 187, "tensor": "module.head.regression_head.conv.4.weight"}}
:::MLLOG {"namespace": "", "time_ms": 1707753803891, "event_type": "POINT_IN_TIME", "key": "weights_initialization", "value": null, "metadata": {"file": "model/retinanet.py", "lineno": 189, "tensor": "module.head.regression_head.conv.4.bias"}}
:::MLLOG {"namespace": "", "time_ms": 1707753803891, "event_type": "POINT_IN_TIME", "key": "weights_initialization", "value": null, "metadata": {"file": "model/retinanet.py", "lineno": 187, "tensor": "module.head.regression_head.conv.6.weight"}}
:::MLLOG {"namespace": "", "time_ms": 1707753803895, "event_type": "POINT_IN_TIME", "key": "weights_initialization", "value": null, "metadata": {"file": "model/retinanet.py", "lineno": 189, "tensor": "module.head.regression_head.conv.6.bias"}}
