client 2024-01-30 23:40:38,935 [INFO] Creating output directory '/home/arjun/results_dir/valid_results/orin-tflite_cpp-cpu-tflite-vmaster-with_live_preprocessing/mobilenet-v1-precision_float-0.25-224/singlestream/performance/tmp_power'
client 2024-01-30 23:40:39,030 [INFO] Sending command to the server: 'mlcommons/power client v3'
client 2024-01-30 23:40:39,033 [INFO] Got response: 'mlcommons/power server v3'
client 2024-01-30 23:40:39,033 [INFO] Synchronizing with the server and with time.google.com...
client 2024-01-30 23:40:39,067 [INFO] NTP:offset = -0.006 s, delay = 0.026 s 
client 2024-01-30 23:40:39,067 [INFO] Sending command to the server: 'time'
client 2024-01-30 23:40:39,071 [INFO] Got response: '1706658039.065467'
client 2024-01-30 23:40:39,071 [INFO] The time difference between the client and the server is within range 2.360 ms..6.318 ms
client 2024-01-30 23:40:39,071 [INFO] Sending command to the server: 'new,,5c477b71-e6ea-4e5e-8597-e9d509dae160'
client 2024-01-30 23:40:39,076 [INFO] Got response: 'OK 2024-01-30_23-40-39,9655b2d9-7139-4f38-a757-a2668d79f43a'
client 2024-01-30 23:40:39,076 [INFO] Session id is '2024-01-30_23-40-39'
client 2024-01-30 23:40:39,076 [INFO] Sources: {"sources": {"__init__.py": "da39a3ee5e6b4b0d3255bfef95601890afd80709", "client.py": "33ca4f26368777ac06e01f9567b714a4b8063886", "lib/__init__.py": "da39a3ee5e6b4b0d3255bfef95601890afd80709", "lib/client.py": "ac2aa093c8e8bbc9569b9e2a3471bc64e58a2258", "lib/common.py": "611d8b29633d331eb19c9455ea3b5fa3284ed6df", "lib/external/__init__.py": "da39a3ee5e6b4b0d3255bfef95601890afd80709", "lib/external/ntplib.py": "4da8f970656505a40483206ef2b5d3dd5e81711d", "lib/server.py": "99303c836c683aa9017ec565104e636161d02acb", "lib/source_hashes.py": "60a2e02193209e8d392803326208d5466342da18", "lib/summary.py": "aa92f0a3f975eecd44d3c0cd0236342ccc9f941d", "lib/time_sync.py": "80894ef2389e540781ff78de94db16aa4203a14e", "server.py": "c3f90f2f7eeb4db30727556d0c815ebc89b3d28b", "tests/unit/__init__.py": "da39a3ee5e6b4b0d3255bfef95601890afd80709", "tests/unit/test_server.py": "948c1995d4008bc2aa6c4046a34ffa3858d6d671", "tests/unit/test_source_hashes.py": "00468a2907583c593e6574a1f6b404e4651c221a"}, "modules": {"ptd_client_server.lib.client": "lib/client.py", "ptd_client_server.lib.common": "lib/common.py", "ptd_client_server.lib.external.ntplib": "lib/external/ntplib.py", "ptd_client_server.lib.source_hashes": "lib/source_hashes.py", "ptd_client_server.lib.summary": "lib/summary.py", "ptd_client_server.lib.time_sync": "lib/time_sync.py"}}
client 2024-01-30 23:40:39,077 [INFO] Running workload in ranging mode
client 2024-01-30 23:40:39,077 [INFO] Synchronizing with the server and with time.google.com...
client 2024-01-30 23:40:39,102 [INFO] NTP:offset = -0.006 s, delay = 0.024 s 
client 2024-01-30 23:40:39,102 [INFO] Sending command to the server: 'time'
client 2024-01-30 23:40:39,106 [INFO] Got response: '1706658039.1001267'
client 2024-01-30 23:40:39,106 [INFO] The time difference between the client and the server is within range 2.773 ms..6.359 ms
client 2024-01-30 23:40:39,106 [INFO] Sending command to the server: 'session,2024-01-30_23-40-39,start,ranging'
client 2024-01-30 23:41:07,182 [INFO] Got response: 'OK'
client 2024-01-30 23:41:07,185 [INFO] Sending command to the server: 'time'
client 2024-01-30 23:41:07,188 [INFO] Got response: '1706658067.1825886'
client 2024-01-30 23:41:07,189 [INFO] The time difference between the client and the server is within range 2.831 ms..6.692 ms
client 2024-01-30 23:41:07,189 [INFO] Running the workload 'CM_MLPERF_RUN_COUNT=$(cat ${CM_RUN_DIR}/count.txt); echo ${CM_MLPERF_RUN_COUNT}; CM_MLPERF_RUN_COUNT=$((CM_MLPERF_RUN_COUNT+1)); echo ${CM_MLPERF_RUN_COUNT} > ${CM_RUN_DIR}/count.txt && if [ ${CM_MLPERF_RUN_COUNT} -eq "1" ]; then export CM_MLPERF_USER_CONF=${CM_MLPERF_RANGING_USER_CONF}; else export CM_MLPERF_USER_CONF=${CM_MLPERF_TESTING_USER_CONF}; fi && /home/arjun/run.out'
client 2024-01-30 23:46:09,746 [INFO] Sending command to the server: 'time'
client 2024-01-30 23:46:09,751 [INFO] Got response: '1706658369.744311'
client 2024-01-30 23:46:09,751 [INFO] The time difference between the client and the server is within range 1.959 ms..7.003 ms
client 2024-01-30 23:46:09,751 [INFO] Sending command to the server: 'session,2024-01-30_23-40-39,stop,ranging'
client 2024-01-30 23:46:20,321 [INFO] Got response: 'OK'
client 2024-01-30 23:46:20,323 [INFO] Sending command to the server: 'time'
client 2024-01-30 23:46:20,326 [INFO] Got response: '1706658380.3202794'
client 2024-01-30 23:46:20,327 [INFO] The time difference between the client and the server is within range 2.892 ms..7.068 ms
client 2024-01-30 23:46:20,344 [INFO] Copying loadgen logs from '/home/arjun/results_dir/valid_results/orin-tflite_cpp-cpu-tflite-vmaster-with_live_preprocessing/mobilenet-v1-precision_float-0.25-224/singlestream/performance/run_1' to '/home/arjun/results_dir/valid_results/orin-tflite_cpp-cpu-tflite-vmaster-with_live_preprocessing/mobilenet-v1-precision_float-0.25-224/singlestream/performance/tmp_power/ranging'
client 2024-01-30 23:46:20,346 [INFO] Running workload in testing mode
client 2024-01-30 23:46:20,347 [INFO] Synchronizing with the server and with time.google.com...
client 2024-01-30 23:46:20,378 [INFO] NTP:offset = -0.006 s, delay = 0.026 s 
client 2024-01-30 23:46:20,379 [INFO] Sending command to the server: 'time'
client 2024-01-30 23:46:20,383 [INFO] Got response: '1706658380.376599'
client 2024-01-30 23:46:20,383 [INFO] The time difference between the client and the server is within range 2.606 ms..7.166 ms
client 2024-01-30 23:46:20,383 [INFO] Sending command to the server: 'session,2024-01-30_23-40-39,start,testing'
client 2024-01-30 23:46:33,402 [INFO] Got response: 'OK'
client 2024-01-30 23:46:33,403 [INFO] Sending command to the server: 'time'
client 2024-01-30 23:46:33,406 [INFO] Got response: '1706658393.4005618'
client 2024-01-30 23:46:33,407 [INFO] The time difference between the client and the server is within range 2.843 ms..6.581 ms
client 2024-01-30 23:46:33,407 [INFO] Running the workload 'CM_MLPERF_RUN_COUNT=$(cat ${CM_RUN_DIR}/count.txt); echo ${CM_MLPERF_RUN_COUNT}; CM_MLPERF_RUN_COUNT=$((CM_MLPERF_RUN_COUNT+1)); echo ${CM_MLPERF_RUN_COUNT} > ${CM_RUN_DIR}/count.txt && if [ ${CM_MLPERF_RUN_COUNT} -eq "1" ]; then export CM_MLPERF_USER_CONF=${CM_MLPERF_RANGING_USER_CONF}; else export CM_MLPERF_USER_CONF=${CM_MLPERF_TESTING_USER_CONF}; fi && /home/arjun/run.out'
client 2024-01-30 23:56:37,808 [INFO] Sending command to the server: 'time'
client 2024-01-30 23:56:37,820 [INFO] Got response: '1706658997.812286'
client 2024-01-30 23:56:37,820 [INFO] The time difference between the client and the server is within range -4.249 ms..8.333 ms
client 2024-01-30 23:56:37,820 [INFO] Sending command to the server: 'session,2024-01-30_23-40-39,stop,testing'
client 2024-01-30 23:56:48,470 [INFO] Got response: 'OK'
client 2024-01-30 23:56:48,471 [INFO] Sending command to the server: 'time'
client 2024-01-30 23:56:48,475 [INFO] Got response: '1706659008.4669757'
client 2024-01-30 23:56:48,475 [INFO] The time difference between the client and the server is within range 4.145 ms..8.881 ms
client 2024-01-30 23:56:48,480 [INFO] Copying loadgen logs from '/home/arjun/results_dir/valid_results/orin-tflite_cpp-cpu-tflite-vmaster-with_live_preprocessing/mobilenet-v1-precision_float-0.25-224/singlestream/performance/run_1' to '/home/arjun/results_dir/valid_results/orin-tflite_cpp-cpu-tflite-vmaster-with_live_preprocessing/mobilenet-v1-precision_float-0.25-224/singlestream/performance/tmp_power/run_1'
client 2024-01-30 23:56:48,482 [INFO] Done runs
