Couldn't find any of the following OpenCL library: libOpenCL.so libGLES_mali.so libmali.so 
Graph file: /home/ec2-user/CM/repos/local/cache/49b2497f55db451f/efficientnet-lite2/efficientnet-lite2-fp32.tflite
Image dir: /home/ec2-user/CM/repos/local/cache/57179a1fc3fb4a40
Image list: /home/ec2-user/CM/repos/local/cache/57179a1fc3fb4a40/preprocessed_files.txt
Image size: 260
Image channels: 3
Prediction classes: 1000
Result dir: /home/ec2-user/CM/repos/local/cache/2b88026e7cd54ea9/valid_results/ip_172_31_41_189.us_west_2.compute.internal-tflite_armnn_cpp-cpu-armnn_tflite-v23.11-using_neon_with_live_preprocessing/efficientnet-fp32-lite2/singlestream/accuracy
How many images fit in memory buffer: 1024
Normalize: 1
Subtract mean: 0
Run time preprocessing: 1
Number of Threads: 4
Number of available imagefiles: 50000

Loading graph...
************* Type 2
Output tensor dimensions: 1*1000
Path to mlperf.conf : /home/ec2-user/CM/repos/local/cache/8a7eb07153174f8b/inference/mlperf.conf
Path to user.conf : /home/ec2-user/CM/repos/ctuning@mlcommons-ck/cm-mlops/script/generate-mlperf-inference-user-conf/tmp/1b39a3a633c043e789b1617a62785057.conf
Model Name: efficientnet
LoadGen Scenario: SingleStream
LoadGen Mode: accuracy
