client 2024-02-01 07:55:48,387 [INFO] Creating output directory '/home/arjun/results_dir/valid_results/orin-tflite_armnn_cpp-cpu-armnn_tflite-v23.05-using_neon/mobilenet-v2-precision_uint8-1.0-160/singlestream/performance/tmp_power'
client 2024-02-01 07:55:48,390 [INFO] Sending command to the server: 'mlcommons/power client v3'
client 2024-02-01 07:55:48,392 [INFO] Got response: 'mlcommons/power server v3'
client 2024-02-01 07:55:48,393 [INFO] Synchronizing with the server and with time.google.com...
client 2024-02-01 07:55:48,429 [INFO] NTP:offset = -0.004 s, delay = 0.021 s 
client 2024-02-01 07:55:48,429 [INFO] Sending command to the server: 'time'
client 2024-02-01 07:55:48,434 [INFO] Got response: '1706774148.4274516'
client 2024-02-01 07:55:48,434 [INFO] The time difference between the client and the server is within range 2.023 ms..6.927 ms
client 2024-02-01 07:55:48,434 [INFO] Sending command to the server: 'new,,2a6b4641-2117-49fd-9e1c-bc778118addb'
client 2024-02-01 07:55:48,438 [INFO] Got response: 'OK 2024-02-01_07-55-48,27008286-35f1-4e70-a562-179352091f29'
client 2024-02-01 07:55:48,438 [INFO] Session id is '2024-02-01_07-55-48'
client 2024-02-01 07:55:48,438 [INFO] Sources: {"sources": {"__init__.py": "da39a3ee5e6b4b0d3255bfef95601890afd80709", "client.py": "33ca4f26368777ac06e01f9567b714a4b8063886", "lib/__init__.py": "da39a3ee5e6b4b0d3255bfef95601890afd80709", "lib/client.py": "ac2aa093c8e8bbc9569b9e2a3471bc64e58a2258", "lib/common.py": "611d8b29633d331eb19c9455ea3b5fa3284ed6df", "lib/external/__init__.py": "da39a3ee5e6b4b0d3255bfef95601890afd80709", "lib/external/ntplib.py": "4da8f970656505a40483206ef2b5d3dd5e81711d", "lib/server.py": "99303c836c683aa9017ec565104e636161d02acb", "lib/source_hashes.py": "60a2e02193209e8d392803326208d5466342da18", "lib/summary.py": "aa92f0a3f975eecd44d3c0cd0236342ccc9f941d", "lib/time_sync.py": "80894ef2389e540781ff78de94db16aa4203a14e", "server.py": "c3f90f2f7eeb4db30727556d0c815ebc89b3d28b", "tests/unit/__init__.py": "da39a3ee5e6b4b0d3255bfef95601890afd80709", "tests/unit/test_server.py": "948c1995d4008bc2aa6c4046a34ffa3858d6d671", "tests/unit/test_source_hashes.py": "00468a2907583c593e6574a1f6b404e4651c221a"}, "modules": {"ptd_client_server.lib.client": "lib/client.py", "ptd_client_server.lib.common": "lib/common.py", "ptd_client_server.lib.external.ntplib": "lib/external/ntplib.py", "ptd_client_server.lib.source_hashes": "lib/source_hashes.py", "ptd_client_server.lib.summary": "lib/summary.py", "ptd_client_server.lib.time_sync": "lib/time_sync.py"}}
client 2024-02-01 07:55:48,439 [INFO] Running workload in ranging mode
client 2024-02-01 07:55:48,439 [INFO] Synchronizing with the server and with time.google.com...
client 2024-02-01 07:55:48,460 [INFO] NTP:offset = -0.004 s, delay = 0.020 s 
client 2024-02-01 07:55:48,460 [INFO] Sending command to the server: 'time'
client 2024-02-01 07:55:48,464 [INFO] Got response: '1706774148.4582922'
client 2024-02-01 07:55:48,464 [INFO] The time difference between the client and the server is within range 2.176 ms..6.055 ms
client 2024-02-01 07:55:48,464 [INFO] Sending command to the server: 'session,2024-02-01_07-55-48,start,ranging'
client 2024-02-01 07:56:16,530 [INFO] Got response: 'OK'
client 2024-02-01 07:56:16,532 [INFO] Sending command to the server: 'time'
client 2024-02-01 07:56:16,536 [INFO] Got response: '1706774176.5303462'
client 2024-02-01 07:56:16,537 [INFO] The time difference between the client and the server is within range 2.357 ms..6.585 ms
client 2024-02-01 07:56:16,537 [INFO] Running the workload 'CM_MLPERF_RUN_COUNT=$(cat ${CM_RUN_DIR}/count.txt); echo ${CM_MLPERF_RUN_COUNT}; CM_MLPERF_RUN_COUNT=$((CM_MLPERF_RUN_COUNT+1)); echo ${CM_MLPERF_RUN_COUNT} > ${CM_RUN_DIR}/count.txt && if [ ${CM_MLPERF_RUN_COUNT} -eq "1" ]; then export CM_MLPERF_USER_CONF=${CM_MLPERF_RANGING_USER_CONF}; else export CM_MLPERF_USER_CONF=${CM_MLPERF_TESTING_USER_CONF}; fi && /mnt/CM/repos/ctuning@mlcommons-ck/cm-mlops/script/benchmark-any-mlperf-inference-implementation/run.out'
client 2024-02-01 08:01:19,041 [INFO] Sending command to the server: 'time'
client 2024-02-01 08:01:19,046 [INFO] Got response: '1706774479.0403028'
client 2024-02-01 08:01:19,047 [INFO] The time difference between the client and the server is within range 1.305 ms..6.664 ms
client 2024-02-01 08:01:19,047 [INFO] Sending command to the server: 'session,2024-02-01_07-55-48,stop,ranging'
client 2024-02-01 08:01:29,682 [INFO] Got response: 'OK'
client 2024-02-01 08:01:29,683 [INFO] Sending command to the server: 'time'
client 2024-02-01 08:01:29,686 [INFO] Got response: '1706774489.6815755'
client 2024-02-01 08:01:29,687 [INFO] The time difference between the client and the server is within range 2.033 ms..5.582 ms
client 2024-02-01 08:01:29,705 [INFO] Copying loadgen logs from '/home/arjun/results_dir/valid_results/orin-tflite_armnn_cpp-cpu-armnn_tflite-v23.05-using_neon/mobilenet-v2-precision_uint8-1.0-160/singlestream/performance/run_1' to '/home/arjun/results_dir/valid_results/orin-tflite_armnn_cpp-cpu-armnn_tflite-v23.05-using_neon/mobilenet-v2-precision_uint8-1.0-160/singlestream/performance/tmp_power/ranging'
client 2024-02-01 08:01:29,707 [INFO] Running workload in testing mode
client 2024-02-01 08:01:29,708 [INFO] Synchronizing with the server and with time.google.com...
client 2024-02-01 08:01:29,736 [INFO] NTP:offset = -0.004 s, delay = 0.024 s 
client 2024-02-01 08:01:29,737 [INFO] Sending command to the server: 'time'
client 2024-02-01 08:01:29,740 [INFO] Got response: '1706774489.7346156'
client 2024-02-01 08:01:29,740 [INFO] The time difference between the client and the server is within range 2.504 ms..6.179 ms
client 2024-02-01 08:01:29,741 [INFO] Sending command to the server: 'session,2024-02-01_07-55-48,start,testing'
client 2024-02-01 08:01:42,761 [INFO] Got response: 'OK'
client 2024-02-01 08:01:42,762 [INFO] Sending command to the server: 'time'
client 2024-02-01 08:01:42,766 [INFO] Got response: '1706774502.7599988'
client 2024-02-01 08:01:42,766 [INFO] The time difference between the client and the server is within range 2.352 ms..6.434 ms
client 2024-02-01 08:01:42,766 [INFO] Running the workload 'CM_MLPERF_RUN_COUNT=$(cat ${CM_RUN_DIR}/count.txt); echo ${CM_MLPERF_RUN_COUNT}; CM_MLPERF_RUN_COUNT=$((CM_MLPERF_RUN_COUNT+1)); echo ${CM_MLPERF_RUN_COUNT} > ${CM_RUN_DIR}/count.txt && if [ ${CM_MLPERF_RUN_COUNT} -eq "1" ]; then export CM_MLPERF_USER_CONF=${CM_MLPERF_RANGING_USER_CONF}; else export CM_MLPERF_USER_CONF=${CM_MLPERF_TESTING_USER_CONF}; fi && /mnt/CM/repos/ctuning@mlcommons-ck/cm-mlops/script/benchmark-any-mlperf-inference-implementation/run.out'
client 2024-02-01 08:11:47,544 [INFO] Sending command to the server: 'time'
client 2024-02-01 08:11:47,548 [INFO] Got response: '1706775107.5416992'
client 2024-02-01 08:11:47,549 [INFO] The time difference between the client and the server is within range 2.519 ms..7.385 ms
client 2024-02-01 08:11:47,549 [INFO] Sending command to the server: 'session,2024-02-01_07-55-48,stop,testing'
client 2024-02-01 08:11:57,822 [INFO] Got response: 'OK'
client 2024-02-01 08:11:57,823 [INFO] Sending command to the server: 'time'
client 2024-02-01 08:11:57,826 [INFO] Got response: '1706775117.8195875'
client 2024-02-01 08:11:57,827 [INFO] The time difference between the client and the server is within range 3.431 ms..7.552 ms
client 2024-02-01 08:11:57,831 [INFO] Copying loadgen logs from '/home/arjun/results_dir/valid_results/orin-tflite_armnn_cpp-cpu-armnn_tflite-v23.05-using_neon/mobilenet-v2-precision_uint8-1.0-160/singlestream/performance/run_1' to '/home/arjun/results_dir/valid_results/orin-tflite_armnn_cpp-cpu-armnn_tflite-v23.05-using_neon/mobilenet-v2-precision_uint8-1.0-160/singlestream/performance/tmp_power/run_1'
client 2024-02-01 08:11:57,834 [INFO] Done runs
