Graph file: /home/ubuntu/CM/repos/local/cache/13a9a7a3439f41d6/mobilenet_v1_0.5_224.tflite
Image dir: /home/ubuntu/CM/repos/local/cache/cfb9616e7f244d8a
Image list: /home/ubuntu/CM/repos/local/cache/cfb9616e7f244d8a/preprocessed_files.txt
Image size: 224
Image channels: 3
Prediction classes: 1000
Result dir: /home/ubuntu/CM/repos/local/cache/9189d9e91ded4a64/valid_results/ip_172_31_17_121-tflite_cpp-cpu-tflite-vmaster-default_config/mobilenet-v1-precision_float-0.5-224/singlestream/performance/run_1
How many images fit in memory buffer: 1024
Normalize: 1
Subtract mean: 0
Run time preprocessing: 0
Number of Threads: 16
Number of available imagefiles: 50000

Loading graph...
INFO: Created TensorFlow Lite XNNPACK delegate for CPU.
Input tensor dimensions (NHWC): 1*224*224*3
Output tensor dimensions: 1*1001
Path to mlperf.conf : /home/ubuntu/CM/repos/local/cache/64edb80306f94124/inference/mlperf.conf
Path to user.conf : /home/ubuntu/CM/repos/ctuning@mlcommons-ck/cm-mlops/script/generate-mlperf-inference-user-conf/tmp/0d3be22b13fb47a488542b15276f24da.conf
Model Name: mobilenet
LoadGen Scenario: SingleStream
LoadGen Mode: performance
