client 2024-01-29 13:42:12,887 [INFO] Creating output directory '/home/arjun/results_dir/valid_results/orin-tflite_cpp-cpu-tflite-vmaster-default_config/mobilenet-v2-precision_uint8-0.35-192/singlestream/performance/tmp_power'
client 2024-01-29 13:42:12,890 [INFO] Sending command to the server: 'mlcommons/power client v3'
client 2024-01-29 13:42:12,895 [INFO] Got response: 'mlcommons/power server v3'
client 2024-01-29 13:42:12,895 [INFO] Synchronizing with the server and with time.google.com...
client 2024-01-29 13:42:12,922 [INFO] NTP:offset = -0.004 s, delay = 0.021 s 
client 2024-01-29 13:42:12,922 [INFO] Sending command to the server: 'time'
client 2024-01-29 13:42:12,926 [INFO] Got response: '1706535732.921963'
client 2024-01-29 13:42:12,926 [INFO] The time difference between the client and the server is within range 0.297 ms..4.558 ms
client 2024-01-29 13:42:12,926 [INFO] Sending command to the server: 'new,,4e2b12be-5397-4fcb-bebf-c571aa4d9fdc'
client 2024-01-29 13:42:12,930 [INFO] Got response: 'OK 2024-01-29_13-42-12,9c8f6c08-5a1e-426a-81b2-11ad96b5ad2a'
client 2024-01-29 13:42:12,930 [INFO] Session id is '2024-01-29_13-42-12'
client 2024-01-29 13:42:12,930 [INFO] Sources: {"sources": {"__init__.py": "da39a3ee5e6b4b0d3255bfef95601890afd80709", "client.py": "33ca4f26368777ac06e01f9567b714a4b8063886", "lib/__init__.py": "da39a3ee5e6b4b0d3255bfef95601890afd80709", "lib/client.py": "ac2aa093c8e8bbc9569b9e2a3471bc64e58a2258", "lib/common.py": "611d8b29633d331eb19c9455ea3b5fa3284ed6df", "lib/external/__init__.py": "da39a3ee5e6b4b0d3255bfef95601890afd80709", "lib/external/ntplib.py": "4da8f970656505a40483206ef2b5d3dd5e81711d", "lib/server.py": "99303c836c683aa9017ec565104e636161d02acb", "lib/source_hashes.py": "60a2e02193209e8d392803326208d5466342da18", "lib/summary.py": "aa92f0a3f975eecd44d3c0cd0236342ccc9f941d", "lib/time_sync.py": "80894ef2389e540781ff78de94db16aa4203a14e", "server.py": "c3f90f2f7eeb4db30727556d0c815ebc89b3d28b", "tests/unit/__init__.py": "da39a3ee5e6b4b0d3255bfef95601890afd80709", "tests/unit/test_server.py": "948c1995d4008bc2aa6c4046a34ffa3858d6d671", "tests/unit/test_source_hashes.py": "00468a2907583c593e6574a1f6b404e4651c221a"}, "modules": {"ptd_client_server.lib.client": "lib/client.py", "ptd_client_server.lib.common": "lib/common.py", "ptd_client_server.lib.external.ntplib": "lib/external/ntplib.py", "ptd_client_server.lib.source_hashes": "lib/source_hashes.py", "ptd_client_server.lib.summary": "lib/summary.py", "ptd_client_server.lib.time_sync": "lib/time_sync.py"}}
client 2024-01-29 13:42:12,930 [INFO] Running workload in ranging mode
client 2024-01-29 13:42:12,930 [INFO] Synchronizing with the server and with time.google.com...
client 2024-01-29 13:42:12,951 [INFO] NTP:offset = -0.004 s, delay = 0.020 s 
client 2024-01-29 13:42:12,951 [INFO] Sending command to the server: 'time'
client 2024-01-29 13:42:12,954 [INFO] Got response: '1706535732.9509559'
client 2024-01-29 13:42:12,955 [INFO] The time difference between the client and the server is within range 0.858 ms..4.113 ms
client 2024-01-29 13:42:12,955 [INFO] Sending command to the server: 'session,2024-01-29_13-42-12,start,ranging'
client 2024-01-29 13:42:41,042 [INFO] Got response: 'OK'
client 2024-01-29 13:42:41,045 [INFO] Sending command to the server: 'time'
client 2024-01-29 13:42:41,050 [INFO] Got response: '1706535761.0449476'
client 2024-01-29 13:42:41,050 [INFO] The time difference between the client and the server is within range 0.206 ms..5.446 ms
client 2024-01-29 13:42:41,050 [INFO] Running the workload 'CM_MLPERF_RUN_COUNT=$(cat ${CM_RUN_DIR}/count.txt); echo ${CM_MLPERF_RUN_COUNT}; CM_MLPERF_RUN_COUNT=$((CM_MLPERF_RUN_COUNT+1)); echo ${CM_MLPERF_RUN_COUNT} > ${CM_RUN_DIR}/count.txt && if [ ${CM_MLPERF_RUN_COUNT} -eq "1" ]; then export CM_MLPERF_USER_CONF=${CM_MLPERF_RANGING_USER_CONF}; else export CM_MLPERF_USER_CONF=${CM_MLPERF_TESTING_USER_CONF}; fi && /mnt/CM/repos/ctuning@mlcommons-ck/cm-mlops/script/benchmark-any-mlperf-inference-implementation/run.out'
client 2024-01-29 13:47:43,568 [INFO] Sending command to the server: 'time'
client 2024-01-29 13:47:43,650 [INFO] Got response: '1706536063.6449332'
client 2024-01-29 13:47:43,651 [INFO] The time difference between the client and the server is within range -76.128 ms..6.168 ms
client 2024-01-29 13:47:43,651 [INFO] Sending command to the server: 'session,2024-01-29_13-42-12,stop,ranging'
client 2024-01-29 13:47:54,143 [INFO] Got response: 'OK'
client 2024-01-29 13:47:54,144 [INFO] Sending command to the server: 'time'
client 2024-01-29 13:47:54,147 [INFO] Got response: '1706536074.1441627'
client 2024-01-29 13:47:54,148 [INFO] The time difference between the client and the server is within range 0.327 ms..3.793 ms
client 2024-01-29 13:47:54,165 [INFO] Copying loadgen logs from '/home/arjun/results_dir/valid_results/orin-tflite_cpp-cpu-tflite-vmaster-default_config/mobilenet-v2-precision_uint8-0.35-192/singlestream/performance/run_1' to '/home/arjun/results_dir/valid_results/orin-tflite_cpp-cpu-tflite-vmaster-default_config/mobilenet-v2-precision_uint8-0.35-192/singlestream/performance/tmp_power/ranging'
client 2024-01-29 13:47:54,168 [INFO] Running workload in testing mode
client 2024-01-29 13:47:54,168 [INFO] Synchronizing with the server and with time.google.com...
client 2024-01-29 13:47:54,206 [INFO] NTP:offset = -0.002 s, delay = 0.020 s 
client 2024-01-29 13:47:54,206 [INFO] Sending command to the server: 'time'
client 2024-01-29 13:47:54,210 [INFO] Got response: '1706536074.2061515'
client 2024-01-29 13:47:54,210 [INFO] The time difference between the client and the server is within range 0.632 ms..4.219 ms
client 2024-01-29 13:47:54,210 [INFO] Sending command to the server: 'session,2024-01-29_13-42-12,start,testing'
client 2024-01-29 13:48:07,234 [INFO] Got response: 'OK'
client 2024-01-29 13:48:07,234 [INFO] Sending command to the server: 'time'
client 2024-01-29 13:48:07,238 [INFO] Got response: '1706536087.2349544'
client 2024-01-29 13:48:07,238 [INFO] The time difference between the client and the server is within range -0.132 ms..3.934 ms
client 2024-01-29 13:48:07,239 [INFO] Running the workload 'CM_MLPERF_RUN_COUNT=$(cat ${CM_RUN_DIR}/count.txt); echo ${CM_MLPERF_RUN_COUNT}; CM_MLPERF_RUN_COUNT=$((CM_MLPERF_RUN_COUNT+1)); echo ${CM_MLPERF_RUN_COUNT} > ${CM_RUN_DIR}/count.txt && if [ ${CM_MLPERF_RUN_COUNT} -eq "1" ]; then export CM_MLPERF_USER_CONF=${CM_MLPERF_RANGING_USER_CONF}; else export CM_MLPERF_USER_CONF=${CM_MLPERF_TESTING_USER_CONF}; fi && /mnt/CM/repos/ctuning@mlcommons-ck/cm-mlops/script/benchmark-any-mlperf-inference-implementation/run.out'
client 2024-01-29 13:58:11,685 [INFO] Sending command to the server: 'time'
client 2024-01-29 13:58:11,816 [INFO] Got response: '1706536691.8115568'
client 2024-01-29 13:58:11,816 [INFO] The time difference between the client and the server is within range -126.088 ms..5.093 ms
client 2024-01-29 13:58:11,817 [INFO] Sending command to the server: 'session,2024-01-29_13-42-12,stop,testing'
client 2024-01-29 13:58:22,294 [INFO] Got response: 'OK'
client 2024-01-29 13:58:22,295 [INFO] Sending command to the server: 'time'
client 2024-01-29 13:58:22,298 [INFO] Got response: '1706536702.294821'
client 2024-01-29 13:58:22,298 [INFO] The time difference between the client and the server is within range 0.376 ms..3.980 ms
client 2024-01-29 13:58:22,303 [INFO] Copying loadgen logs from '/home/arjun/results_dir/valid_results/orin-tflite_cpp-cpu-tflite-vmaster-default_config/mobilenet-v2-precision_uint8-0.35-192/singlestream/performance/run_1' to '/home/arjun/results_dir/valid_results/orin-tflite_cpp-cpu-tflite-vmaster-default_config/mobilenet-v2-precision_uint8-0.35-192/singlestream/performance/tmp_power/run_1'
client 2024-01-29 13:58:22,306 [INFO] Done runs
