DeepSparse, Copyright 2021-present / Neuralmagic, Inc. version: 1.7.0.20240131 COMMUNITY | (caf33338) (release) (optimized) (system=neon, binary=neon)
2024-02-22 00:42:31 deepsparse.utils.onnx INFO     Generating input 'input_ids', type = int64, shape = [1, 384]
2024-02-22 00:42:31 deepsparse.utils.onnx INFO     Generating input 'attention_mask', type = int64, shape = [1, 384]
2024-02-22 00:42:31 deepsparse.utils.onnx INFO     Generating input 'token_type_ids', type = int64, shape = [1, 384]
================================================
MLPerf Results Summary
================================================
SUT name : PySUT
Scenario : Offline
Mode     : PerformanceOnly
Samples per second: 26.2901
Result is : VALID
  Min duration satisfied : Yes
  Min queries satisfied : Yes
  Early stopping satisfied: Yes

================================================
Additional Stats
================================================
Min latency (ns)                : 958445292
Max latency (ns)                : 621831257912
Mean latency (ns)               : 264745193045
50.00 percentile latency (ns)   : 241655200417
90.00 percentile latency (ns)   : 531710966412
95.00 percentile latency (ns)   : 577183553545
97.00 percentile latency (ns)   : 594719782289
99.00 percentile latency (ns)   : 612427178241
99.90 percentile latency (ns)   : 620865519537

================================================
Test Parameters Used
================================================
samples_per_query : 16348
target_qps : 24.7707
target_latency (ns): 0
max_async_queries : 1
min_duration (ms): 600000
max_duration (ms): 0
min_query_count : 1
max_query_count : 0
qsl_rng_seed : 13281865557512327830
sample_index_rng_seed : 198141574272810017
schedule_rng_seed : 7575108116881280410
accuracy_log_rng_seed : 0
accuracy_log_probability : 0
accuracy_log_sampling_target : 0
print_timestamps : 0
performance_issue_unique : 0
performance_issue_same : 0
performance_issue_same_index : 0
performance_sample_count : 10833

No warnings encountered during test.

No errors encountered during test.
Loading ONNX model... /home/cmuser/.cache/sparsezoo/neuralmagic/mobilebert-squad_wikipedia_bookcorpus-14layer_pruned50.4block/model.onnx
Constructing SUT...
Finished constructing SUT.
Constructing QSL...
Loading cached features from 'eval_features.pickle'...
Finished constructing QSL.
Warming up engine...
Running LoadGen test...
Done!
Destroying SUT...
Destroying QSL...
Finished destroying SUT.
Finished destroying QSL.
