client 2024-02-04 02:40:30,127 [INFO] Creating output directory '/home/arjun/results_dir/valid_results/orin-tflite_armnn_cpp-cpu-armnn_tflite-v23.11-using_neon_with_live_preprocessing/mobilenet-v1-precision_float-0.75-224/singlestream/performance/tmp_power'
client 2024-02-04 02:40:30,238 [INFO] Sending command to the server: 'mlcommons/power client v3'
client 2024-02-04 02:40:30,241 [INFO] Got response: 'mlcommons/power server v3'
client 2024-02-04 02:40:30,241 [INFO] Synchronizing with the server and with time.google.com...
client 2024-02-04 02:40:30,271 [INFO] NTP:offset = -0.001 s, delay = 0.022 s 
client 2024-02-04 02:40:30,272 [INFO] Sending command to the server: 'time'
client 2024-02-04 02:40:30,275 [INFO] Got response: '1707014430.274491'
client 2024-02-04 02:40:30,275 [INFO] The time difference between the client and the server is within range -2.435 ms..0.806 ms
client 2024-02-04 02:40:30,275 [INFO] Sending command to the server: 'new,,b8272861-29b2-4253-b995-d5b6be9cb9e1'
client 2024-02-04 02:40:30,288 [INFO] Got response: 'OK 2024-02-04_02-40-30,ed55ee14-a3da-4020-8a30-68117e329754'
client 2024-02-04 02:40:30,288 [INFO] Session id is '2024-02-04_02-40-30'
client 2024-02-04 02:40:30,288 [INFO] Sources: {"sources": {"__init__.py": "da39a3ee5e6b4b0d3255bfef95601890afd80709", "client.py": "33ca4f26368777ac06e01f9567b714a4b8063886", "lib/__init__.py": "da39a3ee5e6b4b0d3255bfef95601890afd80709", "lib/client.py": "ac2aa093c8e8bbc9569b9e2a3471bc64e58a2258", "lib/common.py": "611d8b29633d331eb19c9455ea3b5fa3284ed6df", "lib/external/__init__.py": "da39a3ee5e6b4b0d3255bfef95601890afd80709", "lib/external/ntplib.py": "4da8f970656505a40483206ef2b5d3dd5e81711d", "lib/server.py": "99303c836c683aa9017ec565104e636161d02acb", "lib/source_hashes.py": "60a2e02193209e8d392803326208d5466342da18", "lib/summary.py": "aa92f0a3f975eecd44d3c0cd0236342ccc9f941d", "lib/time_sync.py": "80894ef2389e540781ff78de94db16aa4203a14e", "server.py": "c3f90f2f7eeb4db30727556d0c815ebc89b3d28b", "tests/unit/__init__.py": "da39a3ee5e6b4b0d3255bfef95601890afd80709", "tests/unit/test_server.py": "948c1995d4008bc2aa6c4046a34ffa3858d6d671", "tests/unit/test_source_hashes.py": "00468a2907583c593e6574a1f6b404e4651c221a"}, "modules": {"ptd_client_server.lib.client": "lib/client.py", "ptd_client_server.lib.common": "lib/common.py", "ptd_client_server.lib.external.ntplib": "lib/external/ntplib.py", "ptd_client_server.lib.source_hashes": "lib/source_hashes.py", "ptd_client_server.lib.summary": "lib/summary.py", "ptd_client_server.lib.time_sync": "lib/time_sync.py"}}
client 2024-02-04 02:40:30,289 [INFO] Running workload in ranging mode
client 2024-02-04 02:40:30,289 [INFO] Synchronizing with the server and with time.google.com...
client 2024-02-04 02:40:30,312 [INFO] NTP:offset = -0.002 s, delay = 0.020 s 
client 2024-02-04 02:40:30,312 [INFO] Sending command to the server: 'time'
client 2024-02-04 02:40:30,315 [INFO] Got response: '1707014430.3152077'
client 2024-02-04 02:40:30,315 [INFO] The time difference between the client and the server is within range -2.530 ms..0.577 ms
client 2024-02-04 02:40:30,316 [INFO] Sending command to the server: 'session,2024-02-04_02-40-30,start,ranging'
client 2024-02-04 02:40:58,393 [INFO] Got response: 'OK'
client 2024-02-04 02:40:58,396 [INFO] Sending command to the server: 'time'
client 2024-02-04 02:40:58,399 [INFO] Got response: '1707014458.3987215'
client 2024-02-04 02:40:58,399 [INFO] The time difference between the client and the server is within range -2.661 ms..1.119 ms
client 2024-02-04 02:40:58,400 [INFO] Running the workload 'CM_MLPERF_RUN_COUNT=$(cat ${CM_RUN_DIR}/count.txt); echo ${CM_MLPERF_RUN_COUNT}; CM_MLPERF_RUN_COUNT=$((CM_MLPERF_RUN_COUNT+1)); echo ${CM_MLPERF_RUN_COUNT} > ${CM_RUN_DIR}/count.txt && if [ ${CM_MLPERF_RUN_COUNT} -eq "1" ]; then export CM_MLPERF_USER_CONF=${CM_MLPERF_RANGING_USER_CONF}; else export CM_MLPERF_USER_CONF=${CM_MLPERF_TESTING_USER_CONF}; fi && /mnt/CM/repos/ctuning@mlcommons-ck/cm-mlops/script/get-lib-armnn/run.out'
client 2024-02-04 02:46:02,181 [INFO] Sending command to the server: 'time'
client 2024-02-04 02:46:02,217 [INFO] Got response: '1707014762.21711'
client 2024-02-04 02:46:02,217 [INFO] The time difference between the client and the server is within range -36.312 ms..0.505 ms
client 2024-02-04 02:46:02,218 [INFO] Sending command to the server: 'session,2024-02-04_02-40-30,stop,ranging'
client 2024-02-04 02:46:12,449 [INFO] Got response: 'OK'
client 2024-02-04 02:46:12,450 [INFO] Sending command to the server: 'time'
client 2024-02-04 02:46:12,453 [INFO] Got response: '1707014772.4537525'
client 2024-02-04 02:46:12,454 [INFO] The time difference between the client and the server is within range -3.433 ms..0.426 ms
client 2024-02-04 02:46:12,473 [INFO] Copying loadgen logs from '/home/arjun/results_dir/valid_results/orin-tflite_armnn_cpp-cpu-armnn_tflite-v23.11-using_neon_with_live_preprocessing/mobilenet-v1-precision_float-0.75-224/singlestream/performance/run_1' to '/home/arjun/results_dir/valid_results/orin-tflite_armnn_cpp-cpu-armnn_tflite-v23.11-using_neon_with_live_preprocessing/mobilenet-v1-precision_float-0.75-224/singlestream/performance/tmp_power/ranging'
client 2024-02-04 02:46:12,476 [INFO] Running workload in testing mode
client 2024-02-04 02:46:12,476 [INFO] Synchronizing with the server and with time.google.com...
client 2024-02-04 02:46:12,502 [INFO] NTP:offset = -0.000 s, delay = 0.020 s 
client 2024-02-04 02:46:12,502 [INFO] Sending command to the server: 'time'
client 2024-02-04 02:46:12,506 [INFO] Got response: '1707014772.505807'
client 2024-02-04 02:46:12,506 [INFO] The time difference between the client and the server is within range -3.380 ms..0.540 ms
client 2024-02-04 02:46:12,506 [INFO] Sending command to the server: 'session,2024-02-04_02-40-30,start,testing'
client 2024-02-04 02:46:25,516 [INFO] Got response: 'OK'
client 2024-02-04 02:46:25,517 [INFO] Sending command to the server: 'time'
client 2024-02-04 02:46:25,520 [INFO] Got response: '1707014785.5207984'
client 2024-02-04 02:46:25,521 [INFO] The time difference between the client and the server is within range -3.301 ms..0.563 ms
client 2024-02-04 02:46:25,521 [INFO] Running the workload 'CM_MLPERF_RUN_COUNT=$(cat ${CM_RUN_DIR}/count.txt); echo ${CM_MLPERF_RUN_COUNT}; CM_MLPERF_RUN_COUNT=$((CM_MLPERF_RUN_COUNT+1)); echo ${CM_MLPERF_RUN_COUNT} > ${CM_RUN_DIR}/count.txt && if [ ${CM_MLPERF_RUN_COUNT} -eq "1" ]; then export CM_MLPERF_USER_CONF=${CM_MLPERF_RANGING_USER_CONF}; else export CM_MLPERF_USER_CONF=${CM_MLPERF_TESTING_USER_CONF}; fi && /mnt/CM/repos/ctuning@mlcommons-ck/cm-mlops/script/get-lib-armnn/run.out'
client 2024-02-04 02:56:30,539 [INFO] Sending command to the server: 'time'
client 2024-02-04 02:56:30,543 [INFO] Got response: '1707015390.5443692'
client 2024-02-04 02:56:30,543 [INFO] The time difference between the client and the server is within range -5.080 ms..-1.086 ms
client 2024-02-04 02:56:30,543 [INFO] Sending command to the server: 'session,2024-02-04_02-40-30,stop,testing'
client 2024-02-04 02:56:41,566 [INFO] Got response: 'OK'
client 2024-02-04 02:56:41,567 [INFO] Sending command to the server: 'time'
client 2024-02-04 02:56:41,570 [INFO] Got response: '1707015401.572062'
client 2024-02-04 02:56:41,571 [INFO] The time difference between the client and the server is within range -4.626 ms..-1.152 ms
client 2024-02-04 02:56:41,575 [INFO] Copying loadgen logs from '/home/arjun/results_dir/valid_results/orin-tflite_armnn_cpp-cpu-armnn_tflite-v23.11-using_neon_with_live_preprocessing/mobilenet-v1-precision_float-0.75-224/singlestream/performance/run_1' to '/home/arjun/results_dir/valid_results/orin-tflite_armnn_cpp-cpu-armnn_tflite-v23.11-using_neon_with_live_preprocessing/mobilenet-v1-precision_float-0.75-224/singlestream/performance/tmp_power/run_1'
client 2024-02-04 02:56:41,578 [INFO] Done runs
