[2024-02-14 14:32:45,061 main.py:230 INFO] Detected system ID: KnownSystem.phoenix
[2024-02-14 14:32:45,142 harness.py:238 INFO] The harness will load 1 plugins: ['build/plugins/RNNTOptPlugin/librnntoptplugin.so']
[2024-02-14 14:32:45,142 generate_conf_files.py:107 INFO] Generated measurements/ entries for phoenix_TRT/rnnt/SingleStream
[2024-02-14 14:32:45,142 __init__.py:46 INFO] Running command: ./build/bin/harness_rnnt --plugins="build/plugins/RNNTOptPlugin/librnntoptplugin.so" --logfile_outdir="/home/cmuser/results_dir/valid_results/2706260181c0-nvidia_original-gpu-tensorrt-vdefault-default_config/rnnt/singlestream/accuracy" --logfile_prefix="mlperf_log_" --performance_sample_count=2513 --test_mode="AccuracyOnly" --audio_batch_size=1 --audio_fp16_input=true --dali_batches_issue_ahead=1 --dali_pipeline_depth=1 --disable_encoder_plugin=true --num_warmups=32 --mlperf_conf_path="/home/cmuser/CM/repos/local/cache/3b78d3835d5e484c/inference/mlperf.conf" --user_conf_path="/home/cmuser/CM/repos/ctuning@mlcommons-ck/cm-mlops/script/generate-mlperf-inference-user-conf/tmp/674f11da1ffe4c38aacc3cbb0bc7aab0.conf" --batch_size=1 --cuda_graph=true --pipelined_execution=true --batch_sorting=false --enable_audio_processing=true --use_copy_kernel=true --streams_per_gpu=1 --start_from_device=false --audio_serialized_pipeline_file="build/bin/dali/dali_pipeline_gpu_fp16.pth" --scenario SingleStream --model rnnt --engine_dir="./build/engines/phoenix/rnnt/SingleStream"
[2024-02-14 14:32:45,142 __init__.py:53 INFO] Overriding Environment
audio_batch_size : 1
audio_fp16_input : True
benchmark : Benchmark.RNNT
buffer_manager_thread_count : 0
dali_batches_issue_ahead : 1
dali_pipeline_depth : 1
data_dir : /home/cmuser/local/cache/6057f3cefd9041b3/data
disable_encoder_plugin : True
gpu_batch_size : 1
gpu_copy_streams : 1
gpu_inference_streams : 1
input_dtype : fp16
input_format : linear
log_dir : /home/cmuser/CM/repos/local/cache/8eb0c2732f244924/repo/closed/NVIDIA/build/logs/2024.02.14-14.32.44
map_path : data_maps/rnnt_dev_clean_512/val_map.txt
mlperf_conf_path : /home/cmuser/CM/repos/local/cache/3b78d3835d5e484c/inference/mlperf.conf
nobatch_sorting : True
num_warmups : 32
precision : fp16
preprocessed_data_dir : /home/cmuser/local/cache/6057f3cefd9041b3/preprocessed_data
scenario : Scenario.SingleStream
single_stream_expected_latency_ns : 0
system : SystemConfiguration(host_cpu_conf=CPUConfiguration(layout={CPU(name='AMD Ryzen 9 7950X 16-Core Processor', architecture=<CPUArchitecture.x86_64: AliasedName(name='x86_64', aliases=(), patterns=())>, core_count=16, threads_per_core=2): 1}), host_mem_conf=MemoryConfiguration(host_memory_capacity=Memory(quantity=131.07376399999998, byte_suffix=<ByteSuffix.GB: (1000, 3)>, _num_bytes=131073764000), comparison_tolerance=0.05), accelerator_conf=AcceleratorConfiguration(layout=defaultdict(<class 'int'>, {GPU(name='NVIDIA GeForce RTX 4090', accelerator_type=<AcceleratorType.Discrete: AliasedName(name='Discrete', aliases=(), patterns=())>, vram=Memory(quantity=23.98828125, byte_suffix=<ByteSuffix.GiB: (1024, 3)>, _num_bytes=25757220864), max_power_limit=450.0, pci_id='0x268410DE', compute_sm=89): 1})), numa_conf=None, system_id='phoenix')
tensor_path : build/preprocessed_data/rnnt_dev_clean_512/fp16
test_mode : AccuracyOnly
use_graphs : True
user_conf_path : /home/cmuser/CM/repos/ctuning@mlcommons-ck/cm-mlops/script/generate-mlperf-inference-user-conf/tmp/674f11da1ffe4c38aacc3cbb0bc7aab0.conf
system_id : phoenix
config_name : phoenix_rnnt_SingleStream
workload_setting : WorkloadSetting(HarnessType.Custom, AccuracyTarget.k_99, PowerSetting.MaxP)
optimization_level : plugin-enabled
use_cpu : False
use_inferentia : False
num_profiles : 1
config_ver : custom_k_99_MaxP
accuracy_level : 99%
inference_server : custom
skip_file_checks : False
power_limit : None
cpu_freq : None
&&&& RUNNING RNN-T_Harness # ./build/bin/harness_rnnt
I0214 14:32:45.203652 214886 main_rnnt.cc:2903] Found 1 GPUs
[I] Starting creating QSL.
[I] Finished creating QSL.
[I] Starting creating SUT.
[I] Set to device 0
Dali pipeline creating..
Dali pipeline created
[I] Creating stream 0/1
[I] [TRT] Loaded engine size: 81 MiB
[I] [TRT] [MemUsageChange] Init cuDNN: CPU +7, GPU +12, now: CPU 120, GPU 1905 (MiB)
[I] [TRT] [MemUsageChange] TensorRT-managed allocation in engine deserialization: CPU +0, GPU +81, now: CPU 0, GPU 81 (MiB)
[I] [TRT] [MemUsageChange] Init cuDNN: CPU +0, GPU +8, now: CPU 120, GPU 1905 (MiB)
[I] [TRT] [MemUsageChange] TensorRT-managed allocation in IExecutionContext creation: CPU +0, GPU +58, now: CPU 0, GPU 139 (MiB)
[E] [TRT] 3: [runtime.cpp::~Runtime::399] Error Code 3: API Usage Error (Parameter check failed at: runtime/rt/runtime.cpp::~Runtime::399, condition: mEngineCounter.use_count() == 1. Destroying a runtime before destroying deserialized engines created by the runtime leads to undefined behavior.
)
[I] Created RnntEncoder runner: encoder
[I] [TRT] Loaded engine size: 3 MiB
[I] [TRT] [MemUsageChange] Init cuBLAS/cuBLASLt: CPU +0, GPU +8, now: CPU 45, GPU 1971 (MiB)
[I] [TRT] [MemUsageChange] Init cuDNN: CPU +0, GPU +10, now: CPU 45, GPU 1981 (MiB)
[I] [TRT] [MemUsageChange] TensorRT-managed allocation in engine deserialization: CPU +0, GPU +0, now: CPU 0, GPU 139 (MiB)
[I] [TRT] [MemUsageChange] Init cuBLAS/cuBLASLt: CPU +0, GPU +8, now: CPU 45, GPU 1985 (MiB)
[I] [TRT] [MemUsageChange] Init cuDNN: CPU +1, GPU +8, now: CPU 46, GPU 1993 (MiB)
[I] [TRT] [MemUsageChange] TensorRT-managed allocation in IExecutionContext creation: CPU +0, GPU +0, now: CPU 0, GPU 139 (MiB)
[E] [TRT] 3: [runtime.cpp::~Runtime::399] Error Code 3: API Usage Error (Parameter check failed at: runtime/rt/runtime.cpp::~Runtime::399, condition: mEngineCounter.use_count() == 1. Destroying a runtime before destroying deserialized engines created by the runtime leads to undefined behavior.
)
[I] Created RnntDecoder runner: decoder
[I] [TRT] Loaded engine size: 1 MiB
[I] [TRT] [MemUsageChange] TensorRT-managed allocation in engine deserialization: CPU +0, GPU +1, now: CPU 0, GPU 140 (MiB)
[I] [TRT] [MemUsageChange] TensorRT-managed allocation in IExecutionContext creation: CPU +0, GPU +0, now: CPU 0, GPU 140 (MiB)
[E] [TRT] 3: [runtime.cpp::~Runtime::399] Error Code 3: API Usage Error (Parameter check failed at: runtime/rt/runtime.cpp::~Runtime::399, condition: mEngineCounter.use_count() == 1. Destroying a runtime before destroying deserialized engines created by the runtime leads to undefined behavior.
)
[I] Created RnntJointFc1 runner: fc1_a
[I] [TRT] Loaded engine size: 2 MiB
[I] [TRT] [MemUsageChange] TensorRT-managed allocation in engine deserialization: CPU +0, GPU +0, now: CPU 0, GPU 140 (MiB)
[I] [TRT] [MemUsageChange] TensorRT-managed allocation in IExecutionContext creation: CPU +0, GPU +0, now: CPU 0, GPU 140 (MiB)
[E] [TRT] 3: [runtime.cpp::~Runtime::399] Error Code 3: API Usage Error (Parameter check failed at: runtime/rt/runtime.cpp::~Runtime::399, condition: mEngineCounter.use_count() == 1. Destroying a runtime before destroying deserialized engines created by the runtime leads to undefined behavior.
)
[I] Created RnntJointFc1 runner: fc1_b
[I] [TRT] Loaded engine size: 0 MiB
[I] [TRT] [MemUsageChange] TensorRT-managed allocation in engine deserialization: CPU +0, GPU +0, now: CPU 0, GPU 140 (MiB)
[I] [TRT] [MemUsageChange] TensorRT-managed allocation in IExecutionContext creation: CPU +0, GPU +0, now: CPU 0, GPU 140 (MiB)
[E] [TRT] 3: [runtime.cpp::~Runtime::399] Error Code 3: API Usage Error (Parameter check failed at: runtime/rt/runtime.cpp::~Runtime::399, condition: mEngineCounter.use_count() == 1. Destroying a runtime before destroying deserialized engines created by the runtime leads to undefined behavior.
)
[I] Created RnntJointBackend runner: joint_backend
[I] [TRT] Loaded engine size: 0 MiB
[I] [TRT] [MemUsageChange] Init cuBLAS/cuBLASLt: CPU +0, GPU +8, now: CPU 51, GPU 2003 (MiB)
[I] [TRT] [MemUsageChange] Init cuDNN: CPU +0, GPU +12, now: CPU 51, GPU 2015 (MiB)
[I] [TRT] [MemUsageChange] TensorRT-managed allocation in engine deserialization: CPU +0, GPU +0, now: CPU 0, GPU 140 (MiB)
[I] [TRT] [MemUsageChange] Init cuBLAS/cuBLASLt: CPU +0, GPU +8, now: CPU 51, GPU 2007 (MiB)
[I] [TRT] [MemUsageChange] Init cuDNN: CPU +0, GPU +8, now: CPU 51, GPU 2015 (MiB)
[I] [TRT] [MemUsageChange] TensorRT-managed allocation in IExecutionContext creation: CPU +0, GPU +0, now: CPU 0, GPU 140 (MiB)
[E] [TRT] 3: [runtime.cpp::~Runtime::399] Error Code 3: API Usage Error (Parameter check failed at: runtime/rt/runtime.cpp::~Runtime::399, condition: mEngineCounter.use_count() == 1. Destroying a runtime before destroying deserialized engines created by the runtime leads to undefined behavior.
)
[I] Created RnntIsel runner: isel
[I] [TRT] Loaded engine size: 0 MiB
[I] [TRT] [MemUsageChange] TensorRT-managed allocation in engine deserialization: CPU +0, GPU +0, now: CPU 0, GPU 140 (MiB)
[I] [TRT] [MemUsageChange] TensorRT-managed allocation in IExecutionContext creation: CPU +0, GPU +0, now: CPU 0, GPU 140 (MiB)
[E] [TRT] 3: [runtime.cpp::~Runtime::399] Error Code 3: API Usage Error (Parameter check failed at: runtime/rt/runtime.cpp::~Runtime::399, condition: mEngineCounter.use_count() == 1. Destroying a runtime before destroying deserialized engines created by the runtime leads to undefined behavior.
)
[I] Created RnntIgather runner: igather
[I] Instantiated RnntEngineContainer runner
cudaMemcpy blocking 
cudaMemcpy blocking 
[I] Instantiated RnntTensorContainer host memory
Stream::Stream sampleSize: 61440
Stream::Stream singleSampleSize: 480
Stream::Stream fullseqSampleSize: 61440
Stream::Stream mBatchSize: 1
[I] Finished creating SUT.
[I] Starting warming up SUT.
[I] Finished warming up SUT.
[I] Starting running actual test.

No warnings encountered during test.

No errors encountered during test.
[I] Finished running actual test.
&&&& PASSED RNN-T_Harness # ./build/bin/harness_rnnt
[2024-02-14 14:33:03,773 run_harness.py:170 INFO] Result: Accuracy run detected.
[2024-02-14 14:33:03,773 __init__.py:46 INFO] Running command: PYTHONPATH=/home/cmuser/CM/repos/local/cache/8eb0c2732f244924/repo/closed/NVIDIA:/home/cmuser/CM/repos/local/cache/3b78d3835d5e484c/inference/vision/classification_and_detection/python:/home/cmuser/CM/repos/local/cache/3b78d3835d5e484c/inference/tools/submission:/home/cmuser/CM/repos/ctuning@mlcommons-ck/cm-mlops/script/get-mlperf-inference-utils:/usr/lib/python38.zip:/usr/lib/python3.8:/usr/lib/python3.8/lib-dynload:/home/cmuser/.local/lib/python3.8/site-packages:/usr/local/lib/python3.8/dist-packages:/usr/lib/python3/dist-packages:/usr/lib/python3.8/dist-packages python3 -S /home/cmuser/CM/repos/local/cache/8eb0c2732f244924/repo/closed/NVIDIA/build/inference/speech_recognition/rnnt/accuracy_eval.py --log_dir /home/cmuser/results_dir/valid_results/2706260181c0-nvidia_original-gpu-tensorrt-vdefault-default_config/rnnt/singlestream/accuracy --dataset_dir build/preprocessed_data/LibriSpeech/dev-clean-wav --manifest build/preprocessed_data/LibriSpeech/dev-clean-wav.json --output_dtype int8
Word Error Rate: 7.434214976662383%, accuracy=92.56578502333763%
 
======================== Result summaries: ========================

