grep: power/server-2706260181c0.cfg: No such file or directory
grep: power/server-2706260181c0.cfg: No such file or directory
[2024-02-19 09:30:59,211 main.py:230 INFO] Detected system ID: KnownSystem.phoenix
[2024-02-19 09:30:59,293 harness.py:238 INFO] The harness will load 1 plugins: ['build/plugins/RNNTOptPlugin/librnntoptplugin.so']
[2024-02-19 09:30:59,294 generate_conf_files.py:107 INFO] Generated measurements/ entries for phoenix_TRT/rnnt/SingleStream
[2024-02-19 09:30:59,294 __init__.py:46 INFO] Running command: ./build/bin/harness_rnnt --plugins="build/plugins/RNNTOptPlugin/librnntoptplugin.so" --logfile_outdir="/home/cmuser/local/cache/f4ba7328d7f447f9/valid_results/2706260181c0-nvidia_original-gpu-tensorrt-vdefault-default_config/rnnt/singlestream/performance/run_1" --logfile_prefix="mlperf_log_" --performance_sample_count=2513 --test_mode="PerformanceOnly" --audio_batch_size=1 --audio_fp16_input=true --dali_batches_issue_ahead=1 --dali_pipeline_depth=1 --disable_encoder_plugin=true --num_warmups=32 --mlperf_conf_path="/home/cmuser/CM/repos/local/cache/94cf04c8097b4057/inference/mlperf.conf" --user_conf_path="/home/cmuser/CM/repos/ctuning@mlcommons-ck/cm-mlops/script/generate-mlperf-inference-user-conf/tmp/71094ed10c004b8b8ac5ae7b7bcd87dc.conf" --batch_size=1 --cuda_graph=true --pipelined_execution=true --batch_sorting=false --enable_audio_processing=true --use_copy_kernel=true --streams_per_gpu=1 --start_from_device=false --audio_serialized_pipeline_file="build/bin/dali/dali_pipeline_gpu_fp16.pth" --scenario SingleStream --model rnnt --engine_dir="./build/engines/phoenix/rnnt/SingleStream"
[2024-02-19 09:30:59,294 __init__.py:53 INFO] Overriding Environment
audio_batch_size : 1
audio_fp16_input : True
benchmark : Benchmark.RNNT
buffer_manager_thread_count : 0
dali_batches_issue_ahead : 1
dali_pipeline_depth : 1
data_dir : /home/cmuser/local/cache/6057f3cefd9041b3/data
disable_encoder_plugin : True
gpu_batch_size : 1
gpu_copy_streams : 1
gpu_inference_streams : 1
input_dtype : fp16
input_format : linear
log_dir : /home/cmuser/CM/repos/local/cache/8eb0c2732f244924/repo/closed/NVIDIA/build/logs/2024.02.19-09.30.58
map_path : data_maps/rnnt_dev_clean_512/val_map.txt
mlperf_conf_path : /home/cmuser/CM/repos/local/cache/94cf04c8097b4057/inference/mlperf.conf
nobatch_sorting : True
num_warmups : 32
precision : fp16
preprocessed_data_dir : /home/cmuser/local/cache/6057f3cefd9041b3/preprocessed_data
scenario : Scenario.SingleStream
single_stream_expected_latency_ns : 0
system : SystemConfiguration(host_cpu_conf=CPUConfiguration(layout={CPU(name='AMD Ryzen 9 7950X 16-Core Processor', architecture=<CPUArchitecture.x86_64: AliasedName(name='x86_64', aliases=(), patterns=())>, core_count=16, threads_per_core=2): 1}), host_mem_conf=MemoryConfiguration(host_memory_capacity=Memory(quantity=131.07376399999998, byte_suffix=<ByteSuffix.GB: (1000, 3)>, _num_bytes=131073764000), comparison_tolerance=0.05), accelerator_conf=AcceleratorConfiguration(layout=defaultdict(<class 'int'>, {GPU(name='NVIDIA GeForce RTX 4090', accelerator_type=<AcceleratorType.Discrete: AliasedName(name='Discrete', aliases=(), patterns=())>, vram=Memory(quantity=23.98828125, byte_suffix=<ByteSuffix.GiB: (1024, 3)>, _num_bytes=25757220864), max_power_limit=450.0, pci_id='0x268410DE', compute_sm=89): 1})), numa_conf=None, system_id='phoenix')
tensor_path : build/preprocessed_data/rnnt_dev_clean_512/fp16
test_mode : PerformanceOnly
use_graphs : True
user_conf_path : /home/cmuser/CM/repos/ctuning@mlcommons-ck/cm-mlops/script/generate-mlperf-inference-user-conf/tmp/71094ed10c004b8b8ac5ae7b7bcd87dc.conf
system_id : phoenix
config_name : phoenix_rnnt_SingleStream
workload_setting : WorkloadSetting(HarnessType.Custom, AccuracyTarget.k_99, PowerSetting.MaxP)
optimization_level : plugin-enabled
use_cpu : False
use_inferentia : False
num_profiles : 1
config_ver : custom_k_99_MaxP
accuracy_level : 99%
inference_server : custom
skip_file_checks : False
power_limit : None
cpu_freq : None
&&&& RUNNING RNN-T_Harness # ./build/bin/harness_rnnt
I0219 09:30:59.354374 40152 main_rnnt.cc:2903] Found 1 GPUs
[I] Starting creating QSL.
[I] Finished creating QSL.
[I] Starting creating SUT.
[I] Set to device 0
Dali pipeline creating..
Dali pipeline created
[I] Creating stream 0/1
[I] [TRT] Loaded engine size: 81 MiB
[I] [TRT] [MemUsageChange] Init cuDNN: CPU +7, GPU +12, now: CPU 120, GPU 1905 (MiB)
[I] [TRT] [MemUsageChange] TensorRT-managed allocation in engine deserialization: CPU +0, GPU +81, now: CPU 0, GPU 81 (MiB)
[I] [TRT] [MemUsageChange] Init cuDNN: CPU +0, GPU +8, now: CPU 120, GPU 1905 (MiB)
[I] [TRT] [MemUsageChange] TensorRT-managed allocation in IExecutionContext creation: CPU +0, GPU +58, now: CPU 0, GPU 139 (MiB)
[E] [TRT] 3: [runtime.cpp::~Runtime::399] Error Code 3: API Usage Error (Parameter check failed at: runtime/rt/runtime.cpp::~Runtime::399, condition: mEngineCounter.use_count() == 1. Destroying a runtime before destroying deserialized engines created by the runtime leads to undefined behavior.
)
[I] Created RnntEncoder runner: encoder
[I] [TRT] Loaded engine size: 3 MiB
[I] [TRT] [MemUsageChange] Init cuBLAS/cuBLASLt: CPU +0, GPU +8, now: CPU 45, GPU 1971 (MiB)
[I] [TRT] [MemUsageChange] Init cuDNN: CPU +0, GPU +10, now: CPU 45, GPU 1981 (MiB)
[I] [TRT] [MemUsageChange] TensorRT-managed allocation in engine deserialization: CPU +0, GPU +0, now: CPU 0, GPU 139 (MiB)
[I] [TRT] [MemUsageChange] Init cuBLAS/cuBLASLt: CPU +0, GPU +8, now: CPU 45, GPU 1985 (MiB)
[I] [TRT] [MemUsageChange] Init cuDNN: CPU +1, GPU +8, now: CPU 46, GPU 1993 (MiB)
[I] [TRT] [MemUsageChange] TensorRT-managed allocation in IExecutionContext creation: CPU +0, GPU +0, now: CPU 0, GPU 139 (MiB)
[E] [TRT] 3: [runtime.cpp::~Runtime::399] Error Code 3: API Usage Error (Parameter check failed at: runtime/rt/runtime.cpp::~Runtime::399, condition: mEngineCounter.use_count() == 1. Destroying a runtime before destroying deserialized engines created by the runtime leads to undefined behavior.
)
[I] Created RnntDecoder runner: decoder
[I] [TRT] Loaded engine size: 1 MiB
[I] [TRT] [MemUsageChange] TensorRT-managed allocation in engine deserialization: CPU +0, GPU +1, now: CPU 0, GPU 140 (MiB)
[I] [TRT] [MemUsageChange] TensorRT-managed allocation in IExecutionContext creation: CPU +0, GPU +0, now: CPU 0, GPU 140 (MiB)
[E] [TRT] 3: [runtime.cpp::~Runtime::399] Error Code 3: API Usage Error (Parameter check failed at: runtime/rt/runtime.cpp::~Runtime::399, condition: mEngineCounter.use_count() == 1. Destroying a runtime before destroying deserialized engines created by the runtime leads to undefined behavior.
)
[I] Created RnntJointFc1 runner: fc1_a
[I] [TRT] Loaded engine size: 2 MiB
[I] [TRT] [MemUsageChange] TensorRT-managed allocation in engine deserialization: CPU +0, GPU +0, now: CPU 0, GPU 140 (MiB)
[I] [TRT] [MemUsageChange] TensorRT-managed allocation in IExecutionContext creation: CPU +0, GPU +0, now: CPU 0, GPU 140 (MiB)
[E] [TRT] 3: [runtime.cpp::~Runtime::399] Error Code 3: API Usage Error (Parameter check failed at: runtime/rt/runtime.cpp::~Runtime::399, condition: mEngineCounter.use_count() == 1. Destroying a runtime before destroying deserialized engines created by the runtime leads to undefined behavior.
)
[I] Created RnntJointFc1 runner: fc1_b
[I] [TRT] Loaded engine size: 0 MiB
[I] [TRT] [MemUsageChange] TensorRT-managed allocation in engine deserialization: CPU +0, GPU +0, now: CPU 0, GPU 140 (MiB)
[I] [TRT] [MemUsageChange] TensorRT-managed allocation in IExecutionContext creation: CPU +0, GPU +0, now: CPU 0, GPU 140 (MiB)
[E] [TRT] 3: [runtime.cpp::~Runtime::399] Error Code 3: API Usage Error (Parameter check failed at: runtime/rt/runtime.cpp::~Runtime::399, condition: mEngineCounter.use_count() == 1. Destroying a runtime before destroying deserialized engines created by the runtime leads to undefined behavior.
)
[I] Created RnntJointBackend runner: joint_backend
[I] [TRT] Loaded engine size: 0 MiB
[I] [TRT] [MemUsageChange] Init cuBLAS/cuBLASLt: CPU +0, GPU +8, now: CPU 51, GPU 2003 (MiB)
[I] [TRT] [MemUsageChange] Init cuDNN: CPU +0, GPU +12, now: CPU 51, GPU 2015 (MiB)
[I] [TRT] [MemUsageChange] TensorRT-managed allocation in engine deserialization: CPU +0, GPU +0, now: CPU 0, GPU 140 (MiB)
[I] [TRT] [MemUsageChange] Init cuBLAS/cuBLASLt: CPU +0, GPU +8, now: CPU 51, GPU 2007 (MiB)
[I] [TRT] [MemUsageChange] Init cuDNN: CPU +0, GPU +8, now: CPU 51, GPU 2015 (MiB)
[I] [TRT] [MemUsageChange] TensorRT-managed allocation in IExecutionContext creation: CPU +0, GPU +0, now: CPU 0, GPU 140 (MiB)
[E] [TRT] 3: [runtime.cpp::~Runtime::399] Error Code 3: API Usage Error (Parameter check failed at: runtime/rt/runtime.cpp::~Runtime::399, condition: mEngineCounter.use_count() == 1. Destroying a runtime before destroying deserialized engines created by the runtime leads to undefined behavior.
)
[I] Created RnntIsel runner: isel
[I] [TRT] Loaded engine size: 0 MiB
[I] [TRT] [MemUsageChange] TensorRT-managed allocation in engine deserialization: CPU +0, GPU +0, now: CPU 0, GPU 140 (MiB)
[I] [TRT] [MemUsageChange] TensorRT-managed allocation in IExecutionContext creation: CPU +0, GPU +0, now: CPU 0, GPU 140 (MiB)
[E] [TRT] 3: [runtime.cpp::~Runtime::399] Error Code 3: API Usage Error (Parameter check failed at: runtime/rt/runtime.cpp::~Runtime::399, condition: mEngineCounter.use_count() == 1. Destroying a runtime before destroying deserialized engines created by the runtime leads to undefined behavior.
)
[I] Created RnntIgather runner: igather
[I] Instantiated RnntEngineContainer runner
cudaMemcpy blocking 
cudaMemcpy blocking 
[I] Instantiated RnntTensorContainer host memory
Stream::Stream sampleSize: 61440
Stream::Stream singleSampleSize: 480
Stream::Stream fullseqSampleSize: 61440
Stream::Stream mBatchSize: 1
[I] Finished creating SUT.
[I] Starting warming up SUT.
[I] Finished warming up SUT.
[I] Starting running actual test.
================================================
MLPerf Results Summary
================================================
SUT name : RNNT SERVER
Scenario : SingleStream
Mode     : PerformanceOnly
90th percentile latency (ns) : 9993367
Result is : VALID
  Min duration satisfied : Yes
  Min queries satisfied : Yes
  Early stopping satisfied: Yes
Early Stopping Result:
 * Processed at least 64 queries (91546).
 * Would discard 8942 highest latency queries.
 * Early stopping 90th percentile estimate: 10034956
 * Early stopping 99th percentile estimate: 12631375

================================================
Additional Stats
================================================
QPS w/ loadgen overhead         : 152.57
QPS w/o loadgen overhead        : 152.96

Min latency (ns)                : 1786020
Max latency (ns)                : 13969669
Mean latency (ns)               : 6537797
50.00 percentile latency (ns)   : 6128489
90.00 percentile latency (ns)   : 9993367
95.00 percentile latency (ns)   : 11153957
97.00 percentile latency (ns)   : 11762466
99.00 percentile latency (ns)   : 12582796
99.90 percentile latency (ns)   : 13321611

================================================
Test Parameters Used
================================================
samples_per_query : 1
target_qps : 388.162
target_latency (ns): 0
max_async_queries : 1
min_duration (ms): 600000
max_duration (ms): 660000
min_query_count : 100
max_query_count : 0
qsl_rng_seed : 13281865557512327830
sample_index_rng_seed : 198141574272810017
schedule_rng_seed : 7575108116881280410
accuracy_log_rng_seed : 0
accuracy_log_probability : 0
accuracy_log_sampling_target : 0
print_timestamps : 0
performance_issue_unique : 0
performance_issue_same : 0
performance_issue_same_index : 0
performance_sample_count : 2513

No warnings encountered during test.

No errors encountered during test.
[I] Finished running actual test.
&&&& PASSED RNN-T_Harness # ./build/bin/harness_rnnt
[2024-02-19 09:41:01,821 run_harness.py:170 INFO] Result: result_90.00_percentile_latency_ns: 9993367, Result is VALID
 
======================== Result summaries: ========================

