Graph file: /home/ubuntu/CM/repos/local/cache/593c5ce22f1844a1/mobilenet_v1_0.5_192_quant.tflite
Image dir: /home/ubuntu/CM/repos/local/cache/a00962971ffb4a6b
Image list: /home/ubuntu/CM/repos/local/cache/a00962971ffb4a6b/preprocessed_files.txt
Image size: 192
Image channels: 3
Prediction classes: 1000
Result dir: /home/ubuntu/CM/repos/local/cache/a4a5ea16d6484514/valid_results/ip_172_31_38_149-tflite_cpp-cpu-tflite-vmaster-default_config/mobilenet-v1-precision_uint8-0.5-192/singlestream/performance/run_1
How many images fit in memory buffer: 1024
Normalize: 1
Subtract mean: 0
Run time preprocessing: 1
Number of Threads: 2
Number of available imagefiles: 50000

Loading graph...
INFO: Created TensorFlow Lite XNNPACK delegate for CPU.
Input tensor dimensions (NHWC): 1*192*192*3
Output tensor dimensions: 1*1001
Path to mlperf.conf : /home/ubuntu/CM/repos/local/cache/3fb96ad6072347c2/inference/mlperf.conf
Path to user.conf : /home/ubuntu/CM/repos/ctuning@mlcommons-ck/cm-mlops/script/generate-mlperf-inference-user-conf/tmp/a96e0b163b6a426e8e5ddc2462d46a98.conf
Model Name: mobilenet
LoadGen Scenario: SingleStream
LoadGen Mode: performance
