client 2024-01-29 07:21:28,906 [INFO] Creating output directory '/home/arjun/results_dir/valid_results/orin-tflite_cpp-cpu-tflite-vmaster-default_config/mobilenet-v2-precision_float-1.0-160/singlestream/performance/tmp_power'
client 2024-01-29 07:21:28,909 [INFO] Sending command to the server: 'mlcommons/power client v3'
client 2024-01-29 07:21:28,912 [INFO] Got response: 'mlcommons/power server v3'
client 2024-01-29 07:21:28,912 [INFO] Synchronizing with the server and with time.google.com...
client 2024-01-29 07:21:28,939 [INFO] NTP:offset = -0.004 s, delay = 0.021 s 
client 2024-01-29 07:21:28,940 [INFO] Sending command to the server: 'time'
client 2024-01-29 07:21:28,943 [INFO] Got response: '1706512888.9401119'
client 2024-01-29 07:21:28,943 [INFO] The time difference between the client and the server is within range -0.079 ms..3.404 ms
client 2024-01-29 07:21:28,943 [INFO] Sending command to the server: 'new,,55ff04f3-099d-4c84-9548-1f0966a19f5d'
client 2024-01-29 07:21:28,947 [INFO] Got response: 'OK 2024-01-29_07-21-28,f020e8b7-5303-4962-9224-8fc66333eba4'
client 2024-01-29 07:21:28,947 [INFO] Session id is '2024-01-29_07-21-28'
client 2024-01-29 07:21:28,947 [INFO] Sources: {"sources": {"__init__.py": "da39a3ee5e6b4b0d3255bfef95601890afd80709", "client.py": "33ca4f26368777ac06e01f9567b714a4b8063886", "lib/__init__.py": "da39a3ee5e6b4b0d3255bfef95601890afd80709", "lib/client.py": "ac2aa093c8e8bbc9569b9e2a3471bc64e58a2258", "lib/common.py": "611d8b29633d331eb19c9455ea3b5fa3284ed6df", "lib/external/__init__.py": "da39a3ee5e6b4b0d3255bfef95601890afd80709", "lib/external/ntplib.py": "4da8f970656505a40483206ef2b5d3dd5e81711d", "lib/server.py": "99303c836c683aa9017ec565104e636161d02acb", "lib/source_hashes.py": "60a2e02193209e8d392803326208d5466342da18", "lib/summary.py": "aa92f0a3f975eecd44d3c0cd0236342ccc9f941d", "lib/time_sync.py": "80894ef2389e540781ff78de94db16aa4203a14e", "server.py": "c3f90f2f7eeb4db30727556d0c815ebc89b3d28b", "tests/unit/__init__.py": "da39a3ee5e6b4b0d3255bfef95601890afd80709", "tests/unit/test_server.py": "948c1995d4008bc2aa6c4046a34ffa3858d6d671", "tests/unit/test_source_hashes.py": "00468a2907583c593e6574a1f6b404e4651c221a"}, "modules": {"ptd_client_server.lib.client": "lib/client.py", "ptd_client_server.lib.common": "lib/common.py", "ptd_client_server.lib.external.ntplib": "lib/external/ntplib.py", "ptd_client_server.lib.source_hashes": "lib/source_hashes.py", "ptd_client_server.lib.summary": "lib/summary.py", "ptd_client_server.lib.time_sync": "lib/time_sync.py"}}
client 2024-01-29 07:21:28,947 [INFO] Running workload in ranging mode
client 2024-01-29 07:21:28,947 [INFO] Synchronizing with the server and with time.google.com...
client 2024-01-29 07:21:28,971 [INFO] NTP:offset = -0.004 s, delay = 0.022 s 
client 2024-01-29 07:21:28,971 [INFO] Sending command to the server: 'time'
client 2024-01-29 07:21:28,974 [INFO] Got response: '1706512888.9712636'
client 2024-01-29 07:21:28,974 [INFO] The time difference between the client and the server is within range 0.317 ms..3.255 ms
client 2024-01-29 07:21:28,974 [INFO] Sending command to the server: 'session,2024-01-29_07-21-28,start,ranging'
client 2024-01-29 07:21:57,049 [INFO] Got response: 'OK'
client 2024-01-29 07:21:57,050 [INFO] Sending command to the server: 'time'
client 2024-01-29 07:21:57,055 [INFO] Got response: '1706512917.0510542'
client 2024-01-29 07:21:57,055 [INFO] The time difference between the client and the server is within range -0.342 ms..4.568 ms
client 2024-01-29 07:21:57,055 [INFO] Running the workload 'CM_MLPERF_RUN_COUNT=$(cat ${CM_RUN_DIR}/count.txt); echo ${CM_MLPERF_RUN_COUNT}; CM_MLPERF_RUN_COUNT=$((CM_MLPERF_RUN_COUNT+1)); echo ${CM_MLPERF_RUN_COUNT} > ${CM_RUN_DIR}/count.txt && if [ ${CM_MLPERF_RUN_COUNT} -eq "1" ]; then export CM_MLPERF_USER_CONF=${CM_MLPERF_RANGING_USER_CONF}; else export CM_MLPERF_USER_CONF=${CM_MLPERF_TESTING_USER_CONF}; fi && /mnt/CM/repos/ctuning@mlcommons-ck/cm-mlops/script/benchmark-any-mlperf-inference-implementation/run.out'
client 2024-01-29 07:26:59,995 [INFO] Sending command to the server: 'time'
client 2024-01-29 07:27:00,011 [INFO] Got response: '1706513220.0066018'
client 2024-01-29 07:27:00,012 [INFO] The time difference between the client and the server is within range -11.271 ms..5.350 ms
client 2024-01-29 07:27:00,012 [INFO] Sending command to the server: 'session,2024-01-29_07-21-28,stop,ranging'
client 2024-01-29 07:27:10,154 [INFO] Got response: 'OK'
client 2024-01-29 07:27:10,155 [INFO] Sending command to the server: 'time'
client 2024-01-29 07:27:10,159 [INFO] Got response: '1706513230.1551545'
client 2024-01-29 07:27:10,159 [INFO] The time difference between the client and the server is within range 0.042 ms..4.215 ms
client 2024-01-29 07:27:10,176 [INFO] Copying loadgen logs from '/home/arjun/results_dir/valid_results/orin-tflite_cpp-cpu-tflite-vmaster-default_config/mobilenet-v2-precision_float-1.0-160/singlestream/performance/run_1' to '/home/arjun/results_dir/valid_results/orin-tflite_cpp-cpu-tflite-vmaster-default_config/mobilenet-v2-precision_float-1.0-160/singlestream/performance/tmp_power/ranging'
client 2024-01-29 07:27:10,179 [INFO] Running workload in testing mode
client 2024-01-29 07:27:10,180 [INFO] Synchronizing with the server and with time.google.com...
client 2024-01-29 07:27:10,207 [INFO] NTP:offset = -0.004 s, delay = 0.022 s 
client 2024-01-29 07:27:10,207 [INFO] Sending command to the server: 'time'
client 2024-01-29 07:27:10,210 [INFO] Got response: '1706513230.2072358'
client 2024-01-29 07:27:10,211 [INFO] The time difference between the client and the server is within range 0.130 ms..3.871 ms
client 2024-01-29 07:27:10,211 [INFO] Sending command to the server: 'session,2024-01-29_07-21-28,start,testing'
client 2024-01-29 07:27:23,234 [INFO] Got response: 'OK'
client 2024-01-29 07:27:23,235 [INFO] Sending command to the server: 'time'
client 2024-01-29 07:27:23,239 [INFO] Got response: '1706513243.2350712'
client 2024-01-29 07:27:23,239 [INFO] The time difference between the client and the server is within range 0.255 ms..4.584 ms
client 2024-01-29 07:27:23,239 [INFO] Running the workload 'CM_MLPERF_RUN_COUNT=$(cat ${CM_RUN_DIR}/count.txt); echo ${CM_MLPERF_RUN_COUNT}; CM_MLPERF_RUN_COUNT=$((CM_MLPERF_RUN_COUNT+1)); echo ${CM_MLPERF_RUN_COUNT} > ${CM_RUN_DIR}/count.txt && if [ ${CM_MLPERF_RUN_COUNT} -eq "1" ]; then export CM_MLPERF_USER_CONF=${CM_MLPERF_RANGING_USER_CONF}; else export CM_MLPERF_USER_CONF=${CM_MLPERF_TESTING_USER_CONF}; fi && /mnt/CM/repos/ctuning@mlcommons-ck/cm-mlops/script/benchmark-any-mlperf-inference-implementation/run.out'
client 2024-01-29 07:37:27,645 [INFO] Sending command to the server: 'time'
client 2024-01-29 07:37:27,650 [INFO] Got response: '1706513847.645408'
client 2024-01-29 07:37:27,650 [INFO] The time difference between the client and the server is within range -0.586 ms..5.121 ms
client 2024-01-29 07:37:27,650 [INFO] Sending command to the server: 'session,2024-01-29_07-21-28,stop,testing'
client 2024-01-29 07:37:38,292 [INFO] Got response: 'OK'
client 2024-01-29 07:37:38,293 [INFO] Sending command to the server: 'time'
client 2024-01-29 07:37:38,296 [INFO] Got response: '1706513858.292357'
client 2024-01-29 07:37:38,296 [INFO] The time difference between the client and the server is within range 0.816 ms..4.374 ms
client 2024-01-29 07:37:38,301 [INFO] Copying loadgen logs from '/home/arjun/results_dir/valid_results/orin-tflite_cpp-cpu-tflite-vmaster-default_config/mobilenet-v2-precision_float-1.0-160/singlestream/performance/run_1' to '/home/arjun/results_dir/valid_results/orin-tflite_cpp-cpu-tflite-vmaster-default_config/mobilenet-v2-precision_float-1.0-160/singlestream/performance/tmp_power/run_1'
client 2024-01-29 07:37:38,304 [INFO] Done runs
