client 2024-01-29 12:36:00,825 [INFO] Creating output directory '/home/arjun/results_dir/valid_results/orin-tflite_cpp-cpu-tflite-vmaster-default_config/mobilenet-v2-precision_uint8-0.5-128/singlestream/performance/tmp_power'
client 2024-01-29 12:36:00,849 [INFO] Sending command to the server: 'mlcommons/power client v3'
client 2024-01-29 12:36:00,851 [INFO] Got response: 'mlcommons/power server v3'
client 2024-01-29 12:36:00,852 [INFO] Synchronizing with the server and with time.google.com...
client 2024-01-29 12:36:00,878 [INFO] NTP:offset = -0.005 s, delay = 0.020 s 
client 2024-01-29 12:36:00,878 [INFO] Sending command to the server: 'time'
client 2024-01-29 12:36:00,881 [INFO] Got response: '1706531760.8776672'
client 2024-01-29 12:36:00,881 [INFO] The time difference between the client and the server is within range 0.880 ms..3.845 ms
client 2024-01-29 12:36:00,881 [INFO] Sending command to the server: 'new,,7517abca-a7bd-41a6-b871-64b19e80be5f'
client 2024-01-29 12:36:00,884 [INFO] Got response: 'OK 2024-01-29_12-36-00,d2592dc5-ce34-484c-ac91-701e7681e49a'
client 2024-01-29 12:36:00,884 [INFO] Session id is '2024-01-29_12-36-00'
client 2024-01-29 12:36:00,884 [INFO] Sources: {"sources": {"__init__.py": "da39a3ee5e6b4b0d3255bfef95601890afd80709", "client.py": "33ca4f26368777ac06e01f9567b714a4b8063886", "lib/__init__.py": "da39a3ee5e6b4b0d3255bfef95601890afd80709", "lib/client.py": "ac2aa093c8e8bbc9569b9e2a3471bc64e58a2258", "lib/common.py": "611d8b29633d331eb19c9455ea3b5fa3284ed6df", "lib/external/__init__.py": "da39a3ee5e6b4b0d3255bfef95601890afd80709", "lib/external/ntplib.py": "4da8f970656505a40483206ef2b5d3dd5e81711d", "lib/server.py": "99303c836c683aa9017ec565104e636161d02acb", "lib/source_hashes.py": "60a2e02193209e8d392803326208d5466342da18", "lib/summary.py": "aa92f0a3f975eecd44d3c0cd0236342ccc9f941d", "lib/time_sync.py": "80894ef2389e540781ff78de94db16aa4203a14e", "server.py": "c3f90f2f7eeb4db30727556d0c815ebc89b3d28b", "tests/unit/__init__.py": "da39a3ee5e6b4b0d3255bfef95601890afd80709", "tests/unit/test_server.py": "948c1995d4008bc2aa6c4046a34ffa3858d6d671", "tests/unit/test_source_hashes.py": "00468a2907583c593e6574a1f6b404e4651c221a"}, "modules": {"ptd_client_server.lib.client": "lib/client.py", "ptd_client_server.lib.common": "lib/common.py", "ptd_client_server.lib.external.ntplib": "lib/external/ntplib.py", "ptd_client_server.lib.source_hashes": "lib/source_hashes.py", "ptd_client_server.lib.summary": "lib/summary.py", "ptd_client_server.lib.time_sync": "lib/time_sync.py"}}
client 2024-01-29 12:36:00,884 [INFO] Running workload in ranging mode
client 2024-01-29 12:36:00,884 [INFO] Synchronizing with the server and with time.google.com...
client 2024-01-29 12:36:00,906 [INFO] NTP:offset = -0.004 s, delay = 0.020 s 
client 2024-01-29 12:36:00,906 [INFO] Sending command to the server: 'time'
client 2024-01-29 12:36:00,909 [INFO] Got response: '1706531760.9058845'
client 2024-01-29 12:36:00,909 [INFO] The time difference between the client and the server is within range 0.929 ms..3.810 ms
client 2024-01-29 12:36:00,909 [INFO] Sending command to the server: 'session,2024-01-29_12-36-00,start,ranging'
client 2024-01-29 12:36:28,993 [INFO] Got response: 'OK'
client 2024-01-29 12:36:28,995 [INFO] Sending command to the server: 'time'
client 2024-01-29 12:36:28,999 [INFO] Got response: '1706531788.9954507'
client 2024-01-29 12:36:28,999 [INFO] The time difference between the client and the server is within range 0.276 ms..4.424 ms
client 2024-01-29 12:36:29,000 [INFO] Running the workload 'CM_MLPERF_RUN_COUNT=$(cat ${CM_RUN_DIR}/count.txt); echo ${CM_MLPERF_RUN_COUNT}; CM_MLPERF_RUN_COUNT=$((CM_MLPERF_RUN_COUNT+1)); echo ${CM_MLPERF_RUN_COUNT} > ${CM_RUN_DIR}/count.txt && if [ ${CM_MLPERF_RUN_COUNT} -eq "1" ]; then export CM_MLPERF_USER_CONF=${CM_MLPERF_RANGING_USER_CONF}; else export CM_MLPERF_USER_CONF=${CM_MLPERF_TESTING_USER_CONF}; fi && /mnt/CM/repos/ctuning@mlcommons-ck/cm-mlops/script/benchmark-any-mlperf-inference-implementation/run.out'
client 2024-01-29 12:41:31,411 [INFO] Sending command to the server: 'time'
client 2024-01-29 12:41:31,491 [INFO] Got response: '1706532091.4858916'
client 2024-01-29 12:41:31,491 [INFO] The time difference between the client and the server is within range -74.675 ms..5.744 ms
client 2024-01-29 12:41:31,492 [INFO] Sending command to the server: 'session,2024-01-29_12-36-00,stop,ranging'
client 2024-01-29 12:41:42,100 [INFO] Got response: 'OK'
client 2024-01-29 12:41:42,101 [INFO] Sending command to the server: 'time'
client 2024-01-29 12:41:42,104 [INFO] Got response: '1706532102.1006248'
client 2024-01-29 12:41:42,105 [INFO] The time difference between the client and the server is within range 1.061 ms..4.640 ms
client 2024-01-29 12:41:42,122 [INFO] Copying loadgen logs from '/home/arjun/results_dir/valid_results/orin-tflite_cpp-cpu-tflite-vmaster-default_config/mobilenet-v2-precision_uint8-0.5-128/singlestream/performance/run_1' to '/home/arjun/results_dir/valid_results/orin-tflite_cpp-cpu-tflite-vmaster-default_config/mobilenet-v2-precision_uint8-0.5-128/singlestream/performance/tmp_power/ranging'
client 2024-01-29 12:41:42,124 [INFO] Running workload in testing mode
client 2024-01-29 12:41:42,125 [INFO] Synchronizing with the server and with time.google.com...
client 2024-01-29 12:41:42,151 [INFO] NTP:offset = -0.004 s, delay = 0.021 s 
client 2024-01-29 12:41:42,151 [INFO] Sending command to the server: 'time'
client 2024-01-29 12:41:42,155 [INFO] Got response: '1706532102.150814'
client 2024-01-29 12:41:42,155 [INFO] The time difference between the client and the server is within range 0.740 ms..4.483 ms
client 2024-01-29 12:41:42,155 [INFO] Sending command to the server: 'session,2024-01-29_12-36-00,start,testing'
client 2024-01-29 12:41:55,177 [INFO] Got response: 'OK'
client 2024-01-29 12:41:55,177 [INFO] Sending command to the server: 'time'
client 2024-01-29 12:41:55,181 [INFO] Got response: '1706532115.177087'
client 2024-01-29 12:41:55,181 [INFO] The time difference between the client and the server is within range 0.658 ms..4.414 ms
client 2024-01-29 12:41:55,181 [INFO] Running the workload 'CM_MLPERF_RUN_COUNT=$(cat ${CM_RUN_DIR}/count.txt); echo ${CM_MLPERF_RUN_COUNT}; CM_MLPERF_RUN_COUNT=$((CM_MLPERF_RUN_COUNT+1)); echo ${CM_MLPERF_RUN_COUNT} > ${CM_RUN_DIR}/count.txt && if [ ${CM_MLPERF_RUN_COUNT} -eq "1" ]; then export CM_MLPERF_USER_CONF=${CM_MLPERF_RANGING_USER_CONF}; else export CM_MLPERF_USER_CONF=${CM_MLPERF_TESTING_USER_CONF}; fi && /mnt/CM/repos/ctuning@mlcommons-ck/cm-mlops/script/benchmark-any-mlperf-inference-implementation/run.out'
client 2024-01-29 12:51:59,529 [INFO] Sending command to the server: 'time'
client 2024-01-29 12:51:59,533 [INFO] Got response: '1706532719.5286787'
client 2024-01-29 12:51:59,533 [INFO] The time difference between the client and the server is within range 0.282 ms..4.884 ms
client 2024-01-29 12:51:59,533 [INFO] Sending command to the server: 'session,2024-01-29_12-36-00,stop,testing'
client 2024-01-29 12:52:10,235 [INFO] Got response: 'OK'
client 2024-01-29 12:52:10,238 [INFO] Sending command to the server: 'time'
client 2024-01-29 12:52:10,241 [INFO] Got response: '1706532730.2371986'
client 2024-01-29 12:52:10,241 [INFO] The time difference between the client and the server is within range 0.806 ms..4.527 ms
client 2024-01-29 12:52:10,245 [INFO] Copying loadgen logs from '/home/arjun/results_dir/valid_results/orin-tflite_cpp-cpu-tflite-vmaster-default_config/mobilenet-v2-precision_uint8-0.5-128/singlestream/performance/run_1' to '/home/arjun/results_dir/valid_results/orin-tflite_cpp-cpu-tflite-vmaster-default_config/mobilenet-v2-precision_uint8-0.5-128/singlestream/performance/tmp_power/run_1'
client 2024-01-29 12:52:10,247 [INFO] Done runs
