client 2024-01-31 03:33:16,211 [INFO] Creating output directory '/home/arjun/results_dir/valid_results/orin-tflite_cpp-cpu-tflite-vmaster-with_live_preprocessing/mobilenet-v2-precision_float-0.5-160/singlestream/performance/tmp_power'
client 2024-01-31 03:33:16,320 [INFO] Sending command to the server: 'mlcommons/power client v3'
client 2024-01-31 03:33:16,323 [INFO] Got response: 'mlcommons/power server v3'
client 2024-01-31 03:33:16,323 [INFO] Synchronizing with the server and with time.google.com...
client 2024-01-31 03:33:16,353 [INFO] NTP:offset = -0.005 s, delay = 0.021 s 
client 2024-01-31 03:33:16,353 [INFO] Sending command to the server: 'time'
client 2024-01-31 03:33:16,356 [INFO] Got response: '1706671996.3528023'
client 2024-01-31 03:33:16,356 [INFO] The time difference between the client and the server is within range 0.651 ms..3.690 ms
client 2024-01-31 03:33:16,356 [INFO] Sending command to the server: 'new,,459499cf-f866-4f19-856a-6e4bc7090af7'
client 2024-01-31 03:33:16,359 [INFO] Got response: 'OK 2024-01-31_03-33-16,4ea23237-7db8-4b85-afdf-a9e6fea9e32b'
client 2024-01-31 03:33:16,359 [INFO] Session id is '2024-01-31_03-33-16'
client 2024-01-31 03:33:16,360 [INFO] Sources: {"sources": {"__init__.py": "da39a3ee5e6b4b0d3255bfef95601890afd80709", "client.py": "33ca4f26368777ac06e01f9567b714a4b8063886", "lib/__init__.py": "da39a3ee5e6b4b0d3255bfef95601890afd80709", "lib/client.py": "ac2aa093c8e8bbc9569b9e2a3471bc64e58a2258", "lib/common.py": "611d8b29633d331eb19c9455ea3b5fa3284ed6df", "lib/external/__init__.py": "da39a3ee5e6b4b0d3255bfef95601890afd80709", "lib/external/ntplib.py": "4da8f970656505a40483206ef2b5d3dd5e81711d", "lib/server.py": "99303c836c683aa9017ec565104e636161d02acb", "lib/source_hashes.py": "60a2e02193209e8d392803326208d5466342da18", "lib/summary.py": "aa92f0a3f975eecd44d3c0cd0236342ccc9f941d", "lib/time_sync.py": "80894ef2389e540781ff78de94db16aa4203a14e", "server.py": "c3f90f2f7eeb4db30727556d0c815ebc89b3d28b", "tests/unit/__init__.py": "da39a3ee5e6b4b0d3255bfef95601890afd80709", "tests/unit/test_server.py": "948c1995d4008bc2aa6c4046a34ffa3858d6d671", "tests/unit/test_source_hashes.py": "00468a2907583c593e6574a1f6b404e4651c221a"}, "modules": {"ptd_client_server.lib.client": "lib/client.py", "ptd_client_server.lib.common": "lib/common.py", "ptd_client_server.lib.external.ntplib": "lib/external/ntplib.py", "ptd_client_server.lib.source_hashes": "lib/source_hashes.py", "ptd_client_server.lib.summary": "lib/summary.py", "ptd_client_server.lib.time_sync": "lib/time_sync.py"}}
client 2024-01-31 03:33:16,360 [INFO] Running workload in ranging mode
client 2024-01-31 03:33:16,360 [INFO] Synchronizing with the server and with time.google.com...
client 2024-01-31 03:33:16,382 [INFO] NTP:offset = -0.005 s, delay = 0.020 s 
client 2024-01-31 03:33:16,382 [INFO] Sending command to the server: 'time'
client 2024-01-31 03:33:16,385 [INFO] Got response: '1706671996.3823245'
client 2024-01-31 03:33:16,386 [INFO] The time difference between the client and the server is within range 0.582 ms..3.735 ms
client 2024-01-31 03:33:16,386 [INFO] Sending command to the server: 'session,2024-01-31_03-33-16,start,ranging'
client 2024-01-31 03:33:44,464 [INFO] Got response: 'OK'
client 2024-01-31 03:33:44,467 [INFO] Sending command to the server: 'time'
client 2024-01-31 03:33:44,471 [INFO] Got response: '1706672024.4673195'
client 2024-01-31 03:33:44,471 [INFO] The time difference between the client and the server is within range 0.269 ms..4.507 ms
client 2024-01-31 03:33:44,472 [INFO] Running the workload 'CM_MLPERF_RUN_COUNT=$(cat ${CM_RUN_DIR}/count.txt); echo ${CM_MLPERF_RUN_COUNT}; CM_MLPERF_RUN_COUNT=$((CM_MLPERF_RUN_COUNT+1)); echo ${CM_MLPERF_RUN_COUNT} > ${CM_RUN_DIR}/count.txt && if [ ${CM_MLPERF_RUN_COUNT} -eq "1" ]; then export CM_MLPERF_USER_CONF=${CM_MLPERF_RANGING_USER_CONF}; else export CM_MLPERF_USER_CONF=${CM_MLPERF_TESTING_USER_CONF}; fi && /home/arjun/run.out'
client 2024-01-31 03:38:46,988 [INFO] Sending command to the server: 'time'
client 2024-01-31 03:38:47,007 [INFO] Got response: '1706672327.004499'
client 2024-01-31 03:38:47,008 [INFO] The time difference between the client and the server is within range -15.799 ms..3.401 ms
client 2024-01-31 03:38:47,008 [INFO] Sending command to the server: 'session,2024-01-31_03-33-16,stop,ranging'
client 2024-01-31 03:38:57,596 [INFO] Got response: 'OK'
client 2024-01-31 03:38:57,597 [INFO] Sending command to the server: 'time'
client 2024-01-31 03:38:57,600 [INFO] Got response: '1706672337.597318'
client 2024-01-31 03:38:57,601 [INFO] The time difference between the client and the server is within range -0.224 ms..3.847 ms
client 2024-01-31 03:38:57,619 [INFO] Copying loadgen logs from '/home/arjun/results_dir/valid_results/orin-tflite_cpp-cpu-tflite-vmaster-with_live_preprocessing/mobilenet-v2-precision_float-0.5-160/singlestream/performance/run_1' to '/home/arjun/results_dir/valid_results/orin-tflite_cpp-cpu-tflite-vmaster-with_live_preprocessing/mobilenet-v2-precision_float-0.5-160/singlestream/performance/tmp_power/ranging'
client 2024-01-31 03:38:57,621 [INFO] Running workload in testing mode
client 2024-01-31 03:38:57,622 [INFO] Synchronizing with the server and with time.google.com...
client 2024-01-31 03:38:57,646 [INFO] NTP:offset = -0.004 s, delay = 0.020 s 
client 2024-01-31 03:38:57,647 [INFO] Sending command to the server: 'time'
client 2024-01-31 03:38:57,650 [INFO] Got response: '1706672337.6472595'
client 2024-01-31 03:38:57,650 [INFO] The time difference between the client and the server is within range -0.237 ms..3.142 ms
client 2024-01-31 03:38:57,650 [INFO] Sending command to the server: 'session,2024-01-31_03-33-16,start,testing'
client 2024-01-31 03:39:10,661 [INFO] Got response: 'OK'
client 2024-01-31 03:39:10,662 [INFO] Sending command to the server: 'time'
client 2024-01-31 03:39:10,665 [INFO] Got response: '1706672350.6627157'
client 2024-01-31 03:39:10,666 [INFO] The time difference between the client and the server is within range -0.204 ms..3.289 ms
client 2024-01-31 03:39:10,666 [INFO] Running the workload 'CM_MLPERF_RUN_COUNT=$(cat ${CM_RUN_DIR}/count.txt); echo ${CM_MLPERF_RUN_COUNT}; CM_MLPERF_RUN_COUNT=$((CM_MLPERF_RUN_COUNT+1)); echo ${CM_MLPERF_RUN_COUNT} > ${CM_RUN_DIR}/count.txt && if [ ${CM_MLPERF_RUN_COUNT} -eq "1" ]; then export CM_MLPERF_USER_CONF=${CM_MLPERF_RANGING_USER_CONF}; else export CM_MLPERF_USER_CONF=${CM_MLPERF_TESTING_USER_CONF}; fi && /home/arjun/run.out'
client 2024-01-31 03:49:15,091 [INFO] Sending command to the server: 'time'
client 2024-01-31 03:49:15,093 [INFO] Got response: '1706672955.0921404'
client 2024-01-31 03:49:15,094 [INFO] The time difference between the client and the server is within range -1.219 ms..2.059 ms
client 2024-01-31 03:49:15,094 [INFO] Sending command to the server: 'session,2024-01-31_03-33-16,stop,testing'
client 2024-01-31 03:49:25,711 [INFO] Got response: 'OK'
client 2024-01-31 03:49:25,712 [INFO] Sending command to the server: 'time'
client 2024-01-31 03:49:25,716 [INFO] Got response: '1706672965.7134213'
client 2024-01-31 03:49:25,716 [INFO] The time difference between the client and the server is within range -0.881 ms..3.214 ms
client 2024-01-31 03:49:25,721 [INFO] Copying loadgen logs from '/home/arjun/results_dir/valid_results/orin-tflite_cpp-cpu-tflite-vmaster-with_live_preprocessing/mobilenet-v2-precision_float-0.5-160/singlestream/performance/run_1' to '/home/arjun/results_dir/valid_results/orin-tflite_cpp-cpu-tflite-vmaster-with_live_preprocessing/mobilenet-v2-precision_float-0.5-160/singlestream/performance/tmp_power/run_1'
client 2024-01-31 03:49:25,723 [INFO] Done runs
