client 2024-02-04 16:12:54,930 [INFO] Creating output directory '/home/arjun/results_dir/valid_results/orin-tflite_armnn_cpp-cpu-armnn_tflite-v23.11-using_neon/mobilenet-v2-precision_uint8-0.35-224/singlestream/performance/tmp_power'
client 2024-02-04 16:12:55,081 [INFO] Sending command to the server: 'mlcommons/power client v3'
client 2024-02-04 16:12:55,084 [INFO] Got response: 'mlcommons/power server v3'
client 2024-02-04 16:12:55,085 [INFO] Synchronizing with the server and with time.google.com...
client 2024-02-04 16:12:55,131 [INFO] NTP:offset = 0.002 s, delay = 0.021 s 
client 2024-02-04 16:12:55,132 [INFO] Sending command to the server: 'time'
client 2024-02-04 16:12:55,135 [INFO] Got response: '1707063175.1362774'
client 2024-02-04 16:12:55,136 [INFO] The time difference between the client and the server is within range -3.981 ms..-0.141 ms
client 2024-02-04 16:12:55,136 [INFO] Sending command to the server: 'new,,6b5be485-4cf7-4371-bf77-6423d0f724b9'
client 2024-02-04 16:12:55,139 [INFO] Got response: 'OK 2024-02-04_16-12-55,0158d8a7-fae0-4002-b69e-d4300fd86760'
client 2024-02-04 16:12:55,139 [INFO] Session id is '2024-02-04_16-12-55'
client 2024-02-04 16:12:55,140 [INFO] Sources: {"sources": {"__init__.py": "da39a3ee5e6b4b0d3255bfef95601890afd80709", "client.py": "33ca4f26368777ac06e01f9567b714a4b8063886", "lib/__init__.py": "da39a3ee5e6b4b0d3255bfef95601890afd80709", "lib/client.py": "ac2aa093c8e8bbc9569b9e2a3471bc64e58a2258", "lib/common.py": "611d8b29633d331eb19c9455ea3b5fa3284ed6df", "lib/external/__init__.py": "da39a3ee5e6b4b0d3255bfef95601890afd80709", "lib/external/ntplib.py": "4da8f970656505a40483206ef2b5d3dd5e81711d", "lib/server.py": "99303c836c683aa9017ec565104e636161d02acb", "lib/source_hashes.py": "60a2e02193209e8d392803326208d5466342da18", "lib/summary.py": "aa92f0a3f975eecd44d3c0cd0236342ccc9f941d", "lib/time_sync.py": "80894ef2389e540781ff78de94db16aa4203a14e", "server.py": "c3f90f2f7eeb4db30727556d0c815ebc89b3d28b", "tests/unit/__init__.py": "da39a3ee5e6b4b0d3255bfef95601890afd80709", "tests/unit/test_server.py": "948c1995d4008bc2aa6c4046a34ffa3858d6d671", "tests/unit/test_source_hashes.py": "00468a2907583c593e6574a1f6b404e4651c221a"}, "modules": {"ptd_client_server.lib.client": "lib/client.py", "ptd_client_server.lib.common": "lib/common.py", "ptd_client_server.lib.external.ntplib": "lib/external/ntplib.py", "ptd_client_server.lib.source_hashes": "lib/source_hashes.py", "ptd_client_server.lib.summary": "lib/summary.py", "ptd_client_server.lib.time_sync": "lib/time_sync.py"}}
client 2024-02-04 16:12:55,140 [INFO] Running workload in ranging mode
client 2024-02-04 16:12:55,140 [INFO] Synchronizing with the server and with time.google.com...
client 2024-02-04 16:12:55,188 [INFO] NTP:offset = 0.002 s, delay = 0.046 s 
client 2024-02-04 16:12:55,188 [INFO] Sending command to the server: 'time'
client 2024-02-04 16:12:55,192 [INFO] Got response: '1707063175.1926298'
client 2024-02-04 16:12:55,192 [INFO] The time difference between the client and the server is within range -4.187 ms..0.124 ms
client 2024-02-04 16:12:55,192 [INFO] Sending command to the server: 'session,2024-02-04_16-12-55,start,ranging'
client 2024-02-04 16:13:23,288 [INFO] Got response: 'OK'
client 2024-02-04 16:13:23,291 [INFO] Sending command to the server: 'time'
client 2024-02-04 16:13:23,294 [INFO] Got response: '1707063203.2950745'
client 2024-02-04 16:13:23,295 [INFO] The time difference between the client and the server is within range -4.139 ms..-0.056 ms
client 2024-02-04 16:13:23,295 [INFO] Running the workload 'CM_MLPERF_RUN_COUNT=$(cat ${CM_RUN_DIR}/count.txt); echo ${CM_MLPERF_RUN_COUNT}; CM_MLPERF_RUN_COUNT=$((CM_MLPERF_RUN_COUNT+1)); echo ${CM_MLPERF_RUN_COUNT} > ${CM_RUN_DIR}/count.txt && if [ ${CM_MLPERF_RUN_COUNT} -eq "1" ]; then export CM_MLPERF_USER_CONF=${CM_MLPERF_RANGING_USER_CONF}; else export CM_MLPERF_USER_CONF=${CM_MLPERF_TESTING_USER_CONF}; fi && /mnt/CM/repos/ctuning@mlcommons-ck/cm-mlops/script/get-lib-armnn/run.out'
client 2024-02-04 16:18:25,770 [INFO] Sending command to the server: 'time'
client 2024-02-04 16:18:25,774 [INFO] Got response: '1707063505.7755828'
client 2024-02-04 16:18:25,775 [INFO] The time difference between the client and the server is within range -5.344 ms..-0.376 ms
client 2024-02-04 16:18:25,775 [INFO] Sending command to the server: 'session,2024-02-04_16-12-55,stop,ranging'
client 2024-02-04 16:18:36,380 [INFO] Got response: 'OK'
client 2024-02-04 16:18:36,381 [INFO] Sending command to the server: 'time'
client 2024-02-04 16:18:36,384 [INFO] Got response: '1707063516.3853803'
client 2024-02-04 16:18:36,385 [INFO] The time difference between the client and the server is within range -4.407 ms..-0.461 ms
client 2024-02-04 16:18:36,403 [INFO] Copying loadgen logs from '/home/arjun/results_dir/valid_results/orin-tflite_armnn_cpp-cpu-armnn_tflite-v23.11-using_neon/mobilenet-v2-precision_uint8-0.35-224/singlestream/performance/run_1' to '/home/arjun/results_dir/valid_results/orin-tflite_armnn_cpp-cpu-armnn_tflite-v23.11-using_neon/mobilenet-v2-precision_uint8-0.35-224/singlestream/performance/tmp_power/ranging'
client 2024-02-04 16:18:36,406 [INFO] Running workload in testing mode
client 2024-02-04 16:18:36,406 [INFO] Synchronizing with the server and with time.google.com...
client 2024-02-04 16:18:36,431 [INFO] NTP:offset = 0.001 s, delay = 0.020 s 
client 2024-02-04 16:18:36,432 [INFO] Sending command to the server: 'time'
client 2024-02-04 16:18:36,435 [INFO] Got response: '1707063516.4364305'
client 2024-02-04 16:18:36,436 [INFO] The time difference between the client and the server is within range -4.348 ms..-0.352 ms
client 2024-02-04 16:18:36,436 [INFO] Sending command to the server: 'session,2024-02-04_16-12-55,start,testing'
client 2024-02-04 16:18:49,456 [INFO] Got response: 'OK'
client 2024-02-04 16:18:49,457 [INFO] Sending command to the server: 'time'
client 2024-02-04 16:18:49,460 [INFO] Got response: '1707063529.4617083'
client 2024-02-04 16:18:49,460 [INFO] The time difference between the client and the server is within range -4.265 ms..-1.329 ms
client 2024-02-04 16:18:49,460 [INFO] Running the workload 'CM_MLPERF_RUN_COUNT=$(cat ${CM_RUN_DIR}/count.txt); echo ${CM_MLPERF_RUN_COUNT}; CM_MLPERF_RUN_COUNT=$((CM_MLPERF_RUN_COUNT+1)); echo ${CM_MLPERF_RUN_COUNT} > ${CM_RUN_DIR}/count.txt && if [ ${CM_MLPERF_RUN_COUNT} -eq "1" ]; then export CM_MLPERF_USER_CONF=${CM_MLPERF_RANGING_USER_CONF}; else export CM_MLPERF_USER_CONF=${CM_MLPERF_TESTING_USER_CONF}; fi && /mnt/CM/repos/ctuning@mlcommons-ck/cm-mlops/script/get-lib-armnn/run.out'
client 2024-02-04 16:28:54,022 [INFO] Sending command to the server: 'time'
client 2024-02-04 16:28:54,064 [INFO] Got response: '1707064134.0673037'
client 2024-02-04 16:28:54,065 [INFO] The time difference between the client and the server is within range -44.568 ms..-2.020 ms
client 2024-02-04 16:28:54,065 [INFO] Sending command to the server: 'session,2024-02-04_16-12-55,stop,testing'
client 2024-02-04 16:29:04,508 [INFO] Got response: 'OK'
client 2024-02-04 16:29:04,509 [INFO] Sending command to the server: 'time'
client 2024-02-04 16:29:04,512 [INFO] Got response: '1707064144.5153482'
client 2024-02-04 16:29:04,513 [INFO] The time difference between the client and the server is within range -6.198 ms..-2.131 ms
client 2024-02-04 16:29:04,517 [INFO] Copying loadgen logs from '/home/arjun/results_dir/valid_results/orin-tflite_armnn_cpp-cpu-armnn_tflite-v23.11-using_neon/mobilenet-v2-precision_uint8-0.35-224/singlestream/performance/run_1' to '/home/arjun/results_dir/valid_results/orin-tflite_armnn_cpp-cpu-armnn_tflite-v23.11-using_neon/mobilenet-v2-precision_uint8-0.35-224/singlestream/performance/tmp_power/run_1'
client 2024-02-04 16:29:04,520 [INFO] Done runs
