Graph file: /home/ubuntu/CM/repos/local/cache/51d05d9dc8c4423c/mobilenet_v1_1.0_128_quant.tflite
Image dir: /home/ubuntu/CM/repos/local/cache/a6fd637f1e9a4183
Image list: /home/ubuntu/CM/repos/local/cache/a6fd637f1e9a4183/preprocessed_files.txt
Image size: 128
Image channels: 3
Prediction classes: 1000
Result dir: /home/ubuntu/CM/repos/local/cache/a4a5ea16d6484514/valid_results/ip_172_31_38_149-tflite_cpp-cpu-tflite-vmaster-default_config/mobilenet-v1-precision_uint8-1.0-128/singlestream/performance/run_1
How many images fit in memory buffer: 1024
Normalize: 1
Subtract mean: 0
Run time preprocessing: 1
Number of Threads: 2
Number of available imagefiles: 50000

Loading graph...
INFO: Created TensorFlow Lite XNNPACK delegate for CPU.
Input tensor dimensions (NHWC): 1*128*128*3
Output tensor dimensions: 1*1001
Path to mlperf.conf : /home/ubuntu/CM/repos/local/cache/3fb96ad6072347c2/inference/mlperf.conf
Path to user.conf : /home/ubuntu/CM/repos/ctuning@mlcommons-ck/cm-mlops/script/generate-mlperf-inference-user-conf/tmp/f5d6ab8430164e8cb1be7a4598362279.conf
Model Name: mobilenet
LoadGen Scenario: SingleStream
LoadGen Mode: performance
