client 2024-02-04 01:09:44,395 [INFO] Creating output directory '/home/arjun/results_dir/valid_results/orin-tflite_armnn_cpp-cpu-armnn_tflite-v23.11-using_neon_with_live_preprocessing/mobilenet-v1-precision_float-1.0-160/singlestream/performance/tmp_power'
client 2024-02-04 01:09:44,398 [INFO] Sending command to the server: 'mlcommons/power client v3'
client 2024-02-04 01:09:44,400 [INFO] Got response: 'mlcommons/power server v3'
client 2024-02-04 01:09:44,401 [INFO] Synchronizing with the server and with time.google.com...
client 2024-02-04 01:09:44,425 [INFO] NTP:offset = -0.000 s, delay = 0.019 s 
client 2024-02-04 01:09:44,425 [INFO] Sending command to the server: 'time'
client 2024-02-04 01:09:44,428 [INFO] Got response: '1707008984.4256399'
client 2024-02-04 01:09:44,428 [INFO] The time difference between the client and the server is within range 0.017 ms..3.172 ms
client 2024-02-04 01:09:44,428 [INFO] Sending command to the server: 'new,,741c6f9b-c6da-446d-b8bf-24de2376e51c'
client 2024-02-04 01:09:44,431 [INFO] Got response: 'OK 2024-02-04_01-09-44,f9c1fe9a-7437-4cc1-9288-e23fb5c717e9'
client 2024-02-04 01:09:44,431 [INFO] Session id is '2024-02-04_01-09-44'
client 2024-02-04 01:09:44,432 [INFO] Sources: {"sources": {"__init__.py": "da39a3ee5e6b4b0d3255bfef95601890afd80709", "client.py": "33ca4f26368777ac06e01f9567b714a4b8063886", "lib/__init__.py": "da39a3ee5e6b4b0d3255bfef95601890afd80709", "lib/client.py": "ac2aa093c8e8bbc9569b9e2a3471bc64e58a2258", "lib/common.py": "611d8b29633d331eb19c9455ea3b5fa3284ed6df", "lib/external/__init__.py": "da39a3ee5e6b4b0d3255bfef95601890afd80709", "lib/external/ntplib.py": "4da8f970656505a40483206ef2b5d3dd5e81711d", "lib/server.py": "99303c836c683aa9017ec565104e636161d02acb", "lib/source_hashes.py": "60a2e02193209e8d392803326208d5466342da18", "lib/summary.py": "aa92f0a3f975eecd44d3c0cd0236342ccc9f941d", "lib/time_sync.py": "80894ef2389e540781ff78de94db16aa4203a14e", "server.py": "c3f90f2f7eeb4db30727556d0c815ebc89b3d28b", "tests/unit/__init__.py": "da39a3ee5e6b4b0d3255bfef95601890afd80709", "tests/unit/test_server.py": "948c1995d4008bc2aa6c4046a34ffa3858d6d671", "tests/unit/test_source_hashes.py": "00468a2907583c593e6574a1f6b404e4651c221a"}, "modules": {"ptd_client_server.lib.client": "lib/client.py", "ptd_client_server.lib.common": "lib/common.py", "ptd_client_server.lib.external.ntplib": "lib/external/ntplib.py", "ptd_client_server.lib.source_hashes": "lib/source_hashes.py", "ptd_client_server.lib.summary": "lib/summary.py", "ptd_client_server.lib.time_sync": "lib/time_sync.py"}}
client 2024-02-04 01:09:44,432 [INFO] Running workload in ranging mode
client 2024-02-04 01:09:44,432 [INFO] Synchronizing with the server and with time.google.com...
client 2024-02-04 01:09:44,456 [INFO] NTP:offset = -0.003 s, delay = 0.023 s 
client 2024-02-04 01:09:44,457 [INFO] Sending command to the server: 'time'
client 2024-02-04 01:09:44,460 [INFO] Got response: '1707008984.4572847'
client 2024-02-04 01:09:44,460 [INFO] The time difference between the client and the server is within range -0.205 ms..3.079 ms
client 2024-02-04 01:09:44,460 [INFO] Sending command to the server: 'session,2024-02-04_01-09-44,start,ranging'
client 2024-02-04 01:10:12,537 [INFO] Got response: 'OK'
client 2024-02-04 01:10:12,538 [INFO] Sending command to the server: 'time'
client 2024-02-04 01:10:12,540 [INFO] Got response: '1707009012.537959'
client 2024-02-04 01:10:12,540 [INFO] The time difference between the client and the server is within range 0.105 ms..2.691 ms
client 2024-02-04 01:10:12,540 [INFO] Running the workload 'CM_MLPERF_RUN_COUNT=$(cat ${CM_RUN_DIR}/count.txt); echo ${CM_MLPERF_RUN_COUNT}; CM_MLPERF_RUN_COUNT=$((CM_MLPERF_RUN_COUNT+1)); echo ${CM_MLPERF_RUN_COUNT} > ${CM_RUN_DIR}/count.txt && if [ ${CM_MLPERF_RUN_COUNT} -eq "1" ]; then export CM_MLPERF_USER_CONF=${CM_MLPERF_RANGING_USER_CONF}; else export CM_MLPERF_USER_CONF=${CM_MLPERF_TESTING_USER_CONF}; fi && /mnt/CM/repos/ctuning@mlcommons-ck/cm-mlops/script/get-lib-armnn/run.out'
client 2024-02-04 01:15:15,174 [INFO] Sending command to the server: 'time'
client 2024-02-04 01:15:15,178 [INFO] Got response: '1707009315.1747992'
client 2024-02-04 01:15:15,178 [INFO] The time difference between the client and the server is within range -0.487 ms..3.490 ms
client 2024-02-04 01:15:15,178 [INFO] Sending command to the server: 'session,2024-02-04_01-09-44,stop,ranging'
client 2024-02-04 01:15:25,588 [INFO] Got response: 'OK'
client 2024-02-04 01:15:25,589 [INFO] Sending command to the server: 'time'
client 2024-02-04 01:15:25,592 [INFO] Got response: '1707009325.589716'
client 2024-02-04 01:15:25,593 [INFO] The time difference between the client and the server is within range 0.190 ms..3.335 ms
client 2024-02-04 01:15:25,610 [INFO] Copying loadgen logs from '/home/arjun/results_dir/valid_results/orin-tflite_armnn_cpp-cpu-armnn_tflite-v23.11-using_neon_with_live_preprocessing/mobilenet-v1-precision_float-1.0-160/singlestream/performance/run_1' to '/home/arjun/results_dir/valid_results/orin-tflite_armnn_cpp-cpu-armnn_tflite-v23.11-using_neon_with_live_preprocessing/mobilenet-v1-precision_float-1.0-160/singlestream/performance/tmp_power/ranging'
client 2024-02-04 01:15:25,613 [INFO] Running workload in testing mode
client 2024-02-04 01:15:25,613 [INFO] Synchronizing with the server and with time.google.com...
client 2024-02-04 01:15:25,639 [INFO] NTP:offset = 0.001 s, delay = 0.020 s 
client 2024-02-04 01:15:25,639 [INFO] Sending command to the server: 'time'
client 2024-02-04 01:15:25,642 [INFO] Got response: '1707009325.639283'
client 2024-02-04 01:15:25,642 [INFO] The time difference between the client and the server is within range 0.050 ms..3.306 ms
client 2024-02-04 01:15:25,642 [INFO] Sending command to the server: 'session,2024-02-04_01-09-44,start,testing'
client 2024-02-04 01:15:38,660 [INFO] Got response: 'OK'
client 2024-02-04 01:15:38,661 [INFO] Sending command to the server: 'time'
client 2024-02-04 01:15:38,665 [INFO] Got response: '1707009338.6614983'
client 2024-02-04 01:15:38,665 [INFO] The time difference between the client and the server is within range -0.274 ms..3.963 ms
client 2024-02-04 01:15:38,665 [INFO] Running the workload 'CM_MLPERF_RUN_COUNT=$(cat ${CM_RUN_DIR}/count.txt); echo ${CM_MLPERF_RUN_COUNT}; CM_MLPERF_RUN_COUNT=$((CM_MLPERF_RUN_COUNT+1)); echo ${CM_MLPERF_RUN_COUNT} > ${CM_RUN_DIR}/count.txt && if [ ${CM_MLPERF_RUN_COUNT} -eq "1" ]; then export CM_MLPERF_USER_CONF=${CM_MLPERF_RANGING_USER_CONF}; else export CM_MLPERF_USER_CONF=${CM_MLPERF_TESTING_USER_CONF}; fi && /mnt/CM/repos/ctuning@mlcommons-ck/cm-mlops/script/get-lib-armnn/run.out'
client 2024-02-04 01:25:43,413 [INFO] Sending command to the server: 'time'
client 2024-02-04 01:25:43,528 [INFO] Got response: '1707009943.5242858'
client 2024-02-04 01:25:43,528 [INFO] The time difference between the client and the server is within range -111.115 ms..4.065 ms
client 2024-02-04 01:25:43,528 [INFO] Sending command to the server: 'session,2024-02-04_01-09-44,stop,testing'
client 2024-02-04 01:25:53,706 [INFO] Got response: 'OK'
client 2024-02-04 01:25:53,707 [INFO] Sending command to the server: 'time'
client 2024-02-04 01:25:53,711 [INFO] Got response: '1707009953.7078521'
client 2024-02-04 01:25:53,711 [INFO] The time difference between the client and the server is within range -0.294 ms..3.938 ms
client 2024-02-04 01:25:53,716 [INFO] Copying loadgen logs from '/home/arjun/results_dir/valid_results/orin-tflite_armnn_cpp-cpu-armnn_tflite-v23.11-using_neon_with_live_preprocessing/mobilenet-v1-precision_float-1.0-160/singlestream/performance/run_1' to '/home/arjun/results_dir/valid_results/orin-tflite_armnn_cpp-cpu-armnn_tflite-v23.11-using_neon_with_live_preprocessing/mobilenet-v1-precision_float-1.0-160/singlestream/performance/tmp_power/run_1'
client 2024-02-04 01:25:53,718 [INFO] Done runs
