client 2024-02-04 07:05:48,548 [INFO] Creating output directory '/home/arjun/results_dir/valid_results/orin-tflite_armnn_cpp-cpu-armnn_tflite-v23.11-using_neon_with_live_preprocessing/mobilenet-v1-precision_float-0.25-224/singlestream/performance/tmp_power'
client 2024-02-04 07:05:48,552 [INFO] Sending command to the server: 'mlcommons/power client v3'
client 2024-02-04 07:05:48,555 [INFO] Got response: 'mlcommons/power server v3'
client 2024-02-04 07:05:48,555 [INFO] Synchronizing with the server and with time.google.com...
client 2024-02-04 07:05:48,582 [INFO] NTP:offset = -0.003 s, delay = 0.022 s 
client 2024-02-04 07:05:48,583 [INFO] Sending command to the server: 'time'
client 2024-02-04 07:05:48,586 [INFO] Got response: '1707030348.5851927'
client 2024-02-04 07:05:48,586 [INFO] The time difference between the client and the server is within range -2.139 ms..1.533 ms
client 2024-02-04 07:05:48,586 [INFO] Sending command to the server: 'new,,b781d1a4-aa1a-49d7-b162-813e4acae09f'
client 2024-02-04 07:05:48,589 [INFO] Got response: 'OK 2024-02-04_07-05-48,a7c9db05-4034-4266-8be0-aab2563b7253'
client 2024-02-04 07:05:48,589 [INFO] Session id is '2024-02-04_07-05-48'
client 2024-02-04 07:05:48,589 [INFO] Sources: {"sources": {"__init__.py": "da39a3ee5e6b4b0d3255bfef95601890afd80709", "client.py": "33ca4f26368777ac06e01f9567b714a4b8063886", "lib/__init__.py": "da39a3ee5e6b4b0d3255bfef95601890afd80709", "lib/client.py": "ac2aa093c8e8bbc9569b9e2a3471bc64e58a2258", "lib/common.py": "611d8b29633d331eb19c9455ea3b5fa3284ed6df", "lib/external/__init__.py": "da39a3ee5e6b4b0d3255bfef95601890afd80709", "lib/external/ntplib.py": "4da8f970656505a40483206ef2b5d3dd5e81711d", "lib/server.py": "99303c836c683aa9017ec565104e636161d02acb", "lib/source_hashes.py": "60a2e02193209e8d392803326208d5466342da18", "lib/summary.py": "aa92f0a3f975eecd44d3c0cd0236342ccc9f941d", "lib/time_sync.py": "80894ef2389e540781ff78de94db16aa4203a14e", "server.py": "c3f90f2f7eeb4db30727556d0c815ebc89b3d28b", "tests/unit/__init__.py": "da39a3ee5e6b4b0d3255bfef95601890afd80709", "tests/unit/test_server.py": "948c1995d4008bc2aa6c4046a34ffa3858d6d671", "tests/unit/test_source_hashes.py": "00468a2907583c593e6574a1f6b404e4651c221a"}, "modules": {"ptd_client_server.lib.client": "lib/client.py", "ptd_client_server.lib.common": "lib/common.py", "ptd_client_server.lib.external.ntplib": "lib/external/ntplib.py", "ptd_client_server.lib.source_hashes": "lib/source_hashes.py", "ptd_client_server.lib.summary": "lib/summary.py", "ptd_client_server.lib.time_sync": "lib/time_sync.py"}}
client 2024-02-04 07:05:48,589 [INFO] Running workload in ranging mode
client 2024-02-04 07:05:48,589 [INFO] Synchronizing with the server and with time.google.com...
client 2024-02-04 07:05:48,610 [INFO] NTP:offset = -0.003 s, delay = 0.020 s 
client 2024-02-04 07:05:48,610 [INFO] Sending command to the server: 'time'
client 2024-02-04 07:05:48,613 [INFO] Got response: '1707030348.612804'
client 2024-02-04 07:05:48,613 [INFO] The time difference between the client and the server is within range -1.996 ms..1.172 ms
client 2024-02-04 07:05:48,614 [INFO] Sending command to the server: 'session,2024-02-04_07-05-48,start,ranging'
client 2024-02-04 07:06:16,696 [INFO] Got response: 'OK'
client 2024-02-04 07:06:16,698 [INFO] Sending command to the server: 'time'
client 2024-02-04 07:06:16,703 [INFO] Got response: '1707030376.7011905'
client 2024-02-04 07:06:16,703 [INFO] The time difference between the client and the server is within range -2.352 ms..2.569 ms
client 2024-02-04 07:06:16,704 [INFO] Running the workload 'CM_MLPERF_RUN_COUNT=$(cat ${CM_RUN_DIR}/count.txt); echo ${CM_MLPERF_RUN_COUNT}; CM_MLPERF_RUN_COUNT=$((CM_MLPERF_RUN_COUNT+1)); echo ${CM_MLPERF_RUN_COUNT} > ${CM_RUN_DIR}/count.txt && if [ ${CM_MLPERF_RUN_COUNT} -eq "1" ]; then export CM_MLPERF_USER_CONF=${CM_MLPERF_RANGING_USER_CONF}; else export CM_MLPERF_USER_CONF=${CM_MLPERF_TESTING_USER_CONF}; fi && /mnt/CM/repos/ctuning@mlcommons-ck/cm-mlops/script/get-lib-armnn/run.out'
client 2024-02-04 07:11:19,198 [INFO] Sending command to the server: 'time'
client 2024-02-04 07:11:19,204 [INFO] Got response: '1707030679.2018096'
client 2024-02-04 07:11:19,204 [INFO] The time difference between the client and the server is within range -3.253 ms..2.623 ms
client 2024-02-04 07:11:19,204 [INFO] Sending command to the server: 'session,2024-02-04_07-05-48,stop,ranging'
client 2024-02-04 07:11:29,788 [INFO] Got response: 'OK'
client 2024-02-04 07:11:29,788 [INFO] Sending command to the server: 'time'
client 2024-02-04 07:11:29,791 [INFO] Got response: '1707030689.7898002'
client 2024-02-04 07:11:29,792 [INFO] The time difference between the client and the server is within range -1.280 ms..2.234 ms
client 2024-02-04 07:11:29,810 [INFO] Copying loadgen logs from '/home/arjun/results_dir/valid_results/orin-tflite_armnn_cpp-cpu-armnn_tflite-v23.11-using_neon_with_live_preprocessing/mobilenet-v1-precision_float-0.25-224/singlestream/performance/run_1' to '/home/arjun/results_dir/valid_results/orin-tflite_armnn_cpp-cpu-armnn_tflite-v23.11-using_neon_with_live_preprocessing/mobilenet-v1-precision_float-0.25-224/singlestream/performance/tmp_power/ranging'
client 2024-02-04 07:11:29,812 [INFO] Running workload in testing mode
client 2024-02-04 07:11:29,812 [INFO] Synchronizing with the server and with time.google.com...
client 2024-02-04 07:11:29,838 [INFO] NTP:offset = -0.002 s, delay = 0.021 s 
client 2024-02-04 07:11:29,839 [INFO] Sending command to the server: 'time'
client 2024-02-04 07:11:29,842 [INFO] Got response: '1707030689.8407912'
client 2024-02-04 07:11:29,842 [INFO] The time difference between the client and the server is within range -1.530 ms..1.978 ms
client 2024-02-04 07:11:29,843 [INFO] Sending command to the server: 'session,2024-02-04_07-05-48,start,testing'
client 2024-02-04 07:11:42,862 [INFO] Got response: 'OK'
client 2024-02-04 07:11:42,862 [INFO] Sending command to the server: 'time'
client 2024-02-04 07:11:42,866 [INFO] Got response: '1707030702.8640246'
client 2024-02-04 07:11:42,866 [INFO] The time difference between the client and the server is within range -1.366 ms..2.761 ms
client 2024-02-04 07:11:42,867 [INFO] Running the workload 'CM_MLPERF_RUN_COUNT=$(cat ${CM_RUN_DIR}/count.txt); echo ${CM_MLPERF_RUN_COUNT}; CM_MLPERF_RUN_COUNT=$((CM_MLPERF_RUN_COUNT+1)); echo ${CM_MLPERF_RUN_COUNT} > ${CM_RUN_DIR}/count.txt && if [ ${CM_MLPERF_RUN_COUNT} -eq "1" ]; then export CM_MLPERF_USER_CONF=${CM_MLPERF_RANGING_USER_CONF}; else export CM_MLPERF_USER_CONF=${CM_MLPERF_TESTING_USER_CONF}; fi && /mnt/CM/repos/ctuning@mlcommons-ck/cm-mlops/script/get-lib-armnn/run.out'
client 2024-02-04 07:21:47,632 [INFO] Sending command to the server: 'time'
client 2024-02-04 07:21:47,638 [INFO] Got response: '1707031307.6375113'
client 2024-02-04 07:21:47,639 [INFO] The time difference between the client and the server is within range -4.942 ms..1.628 ms
client 2024-02-04 07:21:47,639 [INFO] Sending command to the server: 'session,2024-02-04_07-05-48,stop,testing'
client 2024-02-04 07:21:57,917 [INFO] Got response: 'OK'
client 2024-02-04 07:21:57,918 [INFO] Sending command to the server: 'time'
client 2024-02-04 07:21:57,921 [INFO] Got response: '1707031317.9203973'
client 2024-02-04 07:21:57,922 [INFO] The time difference between the client and the server is within range -1.976 ms..1.643 ms
client 2024-02-04 07:21:57,926 [INFO] Copying loadgen logs from '/home/arjun/results_dir/valid_results/orin-tflite_armnn_cpp-cpu-armnn_tflite-v23.11-using_neon_with_live_preprocessing/mobilenet-v1-precision_float-0.25-224/singlestream/performance/run_1' to '/home/arjun/results_dir/valid_results/orin-tflite_armnn_cpp-cpu-armnn_tflite-v23.11-using_neon_with_live_preprocessing/mobilenet-v1-precision_float-0.25-224/singlestream/performance/tmp_power/run_1'
client 2024-02-04 07:21:57,929 [INFO] Done runs
