Graph file: /home/ubuntu/CM/repos/local/cache/cc9ac051381c497a/efficientnet-lite4/efficientnet-lite4-fp32.tflite
Image dir: /home/ubuntu/CM/repos/local/cache/f5c2cc66892a40f9
Image list: /home/ubuntu/CM/repos/local/cache/f5c2cc66892a40f9/preprocessed_files.txt
Image size: 300
Image channels: 3
Prediction classes: 1000
Result dir: /home/ubuntu/CM/repos/local/cache/0d27aeefb8a44716/valid_results/t2.xlarge-tflite_cpp-cpu-tflite-vmaster-default_config/efficientnet-fp32-lite4/singlestream/accuracy
How many images fit in memory buffer: 1024
Normalize: 1
Subtract mean: 0
Run time preprocessing: 0
Number of Threads: 4
Number of available imagefiles: 50000

Loading graph...
INFO: Created TensorFlow Lite XNNPACK delegate for CPU.
Input tensor dimensions (NHWC): 1*300*300*3
Output tensor dimensions: 1*1000
Path to mlperf.conf : /home/ubuntu/CM/repos/local/cache/b04c5c62d3014951/inference/mlperf.conf
Path to user.conf : /home/ubuntu/CM/repos/ctuning@mlcommons-ck/cm-mlops/script/generate-mlperf-inference-user-conf/tmp/d39018cfe167405c96815359ed37702f.conf
Model Name: efficientnet
LoadGen Scenario: SingleStream
LoadGen Mode: accuracy
