client 2024-02-01 15:56:40,535 [INFO] Creating output directory '/home/arjun/results_dir/valid_results/orin-tflite_armnn_cpp-cpu-armnn_tflite-v23.05-using_neon_with_live_preprocessing/mobilenet-v3-precision_float-large-minimalistic-224/singlestream/performance/tmp_power'
client 2024-02-01 15:56:40,582 [INFO] Sending command to the server: 'mlcommons/power client v3'
client 2024-02-01 15:56:40,585 [INFO] Got response: 'mlcommons/power server v3'
client 2024-02-01 15:56:40,585 [INFO] Synchronizing with the server and with time.google.com...
client 2024-02-01 15:56:40,626 [INFO] NTP:offset = -0.008 s, delay = 0.019 s 
client 2024-02-01 15:56:40,627 [INFO] Sending command to the server: 'time'
client 2024-02-01 15:56:40,631 [INFO] Got response: '1706803000.6216826'
client 2024-02-01 15:56:40,631 [INFO] The time difference between the client and the server is within range 5.376 ms..9.753 ms
client 2024-02-01 15:56:40,631 [INFO] Sending command to the server: 'new,,1e44dcc2-af38-4285-a9bb-0b1e291670ad'
client 2024-02-01 15:56:40,651 [INFO] Got response: 'OK 2024-02-01_15-56-40,bfbc096b-d8d1-4909-893f-4a16dde0abc3'
client 2024-02-01 15:56:40,651 [INFO] Session id is '2024-02-01_15-56-40'
client 2024-02-01 15:56:40,652 [INFO] Sources: {"sources": {"__init__.py": "da39a3ee5e6b4b0d3255bfef95601890afd80709", "client.py": "33ca4f26368777ac06e01f9567b714a4b8063886", "lib/__init__.py": "da39a3ee5e6b4b0d3255bfef95601890afd80709", "lib/client.py": "ac2aa093c8e8bbc9569b9e2a3471bc64e58a2258", "lib/common.py": "611d8b29633d331eb19c9455ea3b5fa3284ed6df", "lib/external/__init__.py": "da39a3ee5e6b4b0d3255bfef95601890afd80709", "lib/external/ntplib.py": "4da8f970656505a40483206ef2b5d3dd5e81711d", "lib/server.py": "99303c836c683aa9017ec565104e636161d02acb", "lib/source_hashes.py": "60a2e02193209e8d392803326208d5466342da18", "lib/summary.py": "aa92f0a3f975eecd44d3c0cd0236342ccc9f941d", "lib/time_sync.py": "80894ef2389e540781ff78de94db16aa4203a14e", "server.py": "c3f90f2f7eeb4db30727556d0c815ebc89b3d28b", "tests/unit/__init__.py": "da39a3ee5e6b4b0d3255bfef95601890afd80709", "tests/unit/test_server.py": "948c1995d4008bc2aa6c4046a34ffa3858d6d671", "tests/unit/test_source_hashes.py": "00468a2907583c593e6574a1f6b404e4651c221a"}, "modules": {"ptd_client_server.lib.client": "lib/client.py", "ptd_client_server.lib.common": "lib/common.py", "ptd_client_server.lib.external.ntplib": "lib/external/ntplib.py", "ptd_client_server.lib.source_hashes": "lib/source_hashes.py", "ptd_client_server.lib.summary": "lib/summary.py", "ptd_client_server.lib.time_sync": "lib/time_sync.py"}}
client 2024-02-01 15:56:40,652 [INFO] Running workload in ranging mode
client 2024-02-01 15:56:40,653 [INFO] Synchronizing with the server and with time.google.com...
client 2024-02-01 15:56:40,675 [INFO] NTP:offset = -0.007 s, delay = 0.020 s 
client 2024-02-01 15:56:40,675 [INFO] Sending command to the server: 'time'
client 2024-02-01 15:56:40,679 [INFO] Got response: '1706803000.670118'
client 2024-02-01 15:56:40,679 [INFO] The time difference between the client and the server is within range 5.649 ms..9.825 ms
client 2024-02-01 15:56:40,680 [INFO] Sending command to the server: 'session,2024-02-01_15-56-40,start,ranging'
client 2024-02-01 15:57:08,841 [INFO] Got response: 'OK'
client 2024-02-01 15:57:08,843 [INFO] Sending command to the server: 'time'
client 2024-02-01 15:57:08,846 [INFO] Got response: '1706803028.8369293'
client 2024-02-01 15:57:08,846 [INFO] The time difference between the client and the server is within range 6.318 ms..9.424 ms
client 2024-02-01 15:57:08,846 [INFO] Running the workload 'CM_MLPERF_RUN_COUNT=$(cat ${CM_RUN_DIR}/count.txt); echo ${CM_MLPERF_RUN_COUNT}; CM_MLPERF_RUN_COUNT=$((CM_MLPERF_RUN_COUNT+1)); echo ${CM_MLPERF_RUN_COUNT} > ${CM_RUN_DIR}/count.txt && if [ ${CM_MLPERF_RUN_COUNT} -eq "1" ]; then export CM_MLPERF_USER_CONF=${CM_MLPERF_RANGING_USER_CONF}; else export CM_MLPERF_USER_CONF=${CM_MLPERF_TESTING_USER_CONF}; fi && /mnt/CM/repos/ctuning@mlcommons-ck/cm-mlops/script/benchmark-any-mlperf-inference-implementation/run.out'
client 2024-02-01 16:02:11,494 [INFO] Sending command to the server: 'time'
client 2024-02-01 16:02:11,571 [INFO] Got response: '1706803331.5611336'
client 2024-02-01 16:02:11,571 [INFO] The time difference between the client and the server is within range -66.354 ms..10.427 ms
client 2024-02-01 16:02:11,571 [INFO] Sending command to the server: 'session,2024-02-01_15-56-40,stop,ranging'
client 2024-02-01 16:02:22,055 [INFO] Got response: 'OK'
client 2024-02-01 16:02:22,056 [INFO] Sending command to the server: 'time'
client 2024-02-01 16:02:22,059 [INFO] Got response: '1706803342.049924'
client 2024-02-01 16:02:22,059 [INFO] The time difference between the client and the server is within range 6.374 ms..9.433 ms
client 2024-02-01 16:02:22,076 [INFO] Copying loadgen logs from '/home/arjun/results_dir/valid_results/orin-tflite_armnn_cpp-cpu-armnn_tflite-v23.05-using_neon_with_live_preprocessing/mobilenet-v3-precision_float-large-minimalistic-224/singlestream/performance/run_1' to '/home/arjun/results_dir/valid_results/orin-tflite_armnn_cpp-cpu-armnn_tflite-v23.05-using_neon_with_live_preprocessing/mobilenet-v3-precision_float-large-minimalistic-224/singlestream/performance/tmp_power/ranging'
client 2024-02-01 16:02:22,078 [INFO] Running workload in testing mode
client 2024-02-01 16:02:22,078 [INFO] Synchronizing with the server and with time.google.com...
client 2024-02-01 16:02:22,110 [INFO] NTP:offset = -0.006 s, delay = 0.026 s 
client 2024-02-01 16:02:22,110 [INFO] Sending command to the server: 'time'
client 2024-02-01 16:02:22,114 [INFO] Got response: '1706803342.104493'
client 2024-02-01 16:02:22,114 [INFO] The time difference between the client and the server is within range 6.246 ms..10.090 ms
client 2024-02-01 16:02:22,114 [INFO] Sending command to the server: 'session,2024-02-01_15-56-40,start,testing'
client 2024-02-01 16:02:35,133 [INFO] Got response: 'OK'
client 2024-02-01 16:02:35,134 [INFO] Sending command to the server: 'time'
client 2024-02-01 16:02:35,136 [INFO] Got response: '1706803355.12786'
client 2024-02-01 16:02:35,136 [INFO] The time difference between the client and the server is within range 6.153 ms..8.657 ms
client 2024-02-01 16:02:35,136 [INFO] Running the workload 'CM_MLPERF_RUN_COUNT=$(cat ${CM_RUN_DIR}/count.txt); echo ${CM_MLPERF_RUN_COUNT}; CM_MLPERF_RUN_COUNT=$((CM_MLPERF_RUN_COUNT+1)); echo ${CM_MLPERF_RUN_COUNT} > ${CM_RUN_DIR}/count.txt && if [ ${CM_MLPERF_RUN_COUNT} -eq "1" ]; then export CM_MLPERF_USER_CONF=${CM_MLPERF_RANGING_USER_CONF}; else export CM_MLPERF_USER_CONF=${CM_MLPERF_TESTING_USER_CONF}; fi && /mnt/CM/repos/ctuning@mlcommons-ck/cm-mlops/script/benchmark-any-mlperf-inference-implementation/run.out'
client 2024-02-01 16:12:39,882 [INFO] Sending command to the server: 'time'
client 2024-02-01 16:12:40,010 [INFO] Got response: '1706803960.007391'
client 2024-02-01 16:12:40,010 [INFO] The time difference between the client and the server is within range -124.657 ms..3.051 ms
client 2024-02-01 16:12:40,010 [INFO] Sending command to the server: 'session,2024-02-01_15-56-40,stop,testing'
client 2024-02-01 16:12:50,183 [INFO] Got response: 'OK'
client 2024-02-01 16:12:50,184 [INFO] Sending command to the server: 'time'
client 2024-02-01 16:12:50,187 [INFO] Got response: '1706803970.1851285'
client 2024-02-01 16:12:50,188 [INFO] The time difference between the client and the server is within range -0.955 ms..2.787 ms
client 2024-02-01 16:12:50,192 [INFO] Copying loadgen logs from '/home/arjun/results_dir/valid_results/orin-tflite_armnn_cpp-cpu-armnn_tflite-v23.05-using_neon_with_live_preprocessing/mobilenet-v3-precision_float-large-minimalistic-224/singlestream/performance/run_1' to '/home/arjun/results_dir/valid_results/orin-tflite_armnn_cpp-cpu-armnn_tflite-v23.05-using_neon_with_live_preprocessing/mobilenet-v3-precision_float-large-minimalistic-224/singlestream/performance/tmp_power/run_1'
client 2024-02-01 16:12:50,195 [INFO] Done runs
