client 2024-01-29 00:11:05,701 [INFO] Creating output directory '/home/arjun/results_dir/valid_results/orin-tflite_cpp-cpu-tflite-vmaster-default_config/mobilenet-v1-precision_float-0.75-192/singlestream/performance/tmp_power'
client 2024-01-29 00:11:05,706 [INFO] Sending command to the server: 'mlcommons/power client v3'
client 2024-01-29 00:11:05,709 [INFO] Got response: 'mlcommons/power server v3'
client 2024-01-29 00:11:05,710 [INFO] Synchronizing with the server and with time.google.com...
client 2024-01-29 00:11:05,734 [INFO] NTP:offset = -0.004 s, delay = 0.019 s 
client 2024-01-29 00:11:05,734 [INFO] Sending command to the server: 'time'
client 2024-01-29 00:11:05,738 [INFO] Got response: '1706487065.73528'
client 2024-01-29 00:11:05,738 [INFO] The time difference between the client and the server is within range -0.542 ms..3.540 ms
client 2024-01-29 00:11:05,738 [INFO] Sending command to the server: 'new,,07b6d225-1140-414e-9138-98cf855dd70b'
client 2024-01-29 00:11:05,742 [INFO] Got response: 'OK 2024-01-29_00-11-05,a2d15f19-15bf-4a09-a120-95a5704ad9dc'
client 2024-01-29 00:11:05,742 [INFO] Session id is '2024-01-29_00-11-05'
client 2024-01-29 00:11:05,742 [INFO] Sources: {"sources": {"__init__.py": "da39a3ee5e6b4b0d3255bfef95601890afd80709", "client.py": "33ca4f26368777ac06e01f9567b714a4b8063886", "lib/__init__.py": "da39a3ee5e6b4b0d3255bfef95601890afd80709", "lib/client.py": "ac2aa093c8e8bbc9569b9e2a3471bc64e58a2258", "lib/common.py": "611d8b29633d331eb19c9455ea3b5fa3284ed6df", "lib/external/__init__.py": "da39a3ee5e6b4b0d3255bfef95601890afd80709", "lib/external/ntplib.py": "4da8f970656505a40483206ef2b5d3dd5e81711d", "lib/server.py": "99303c836c683aa9017ec565104e636161d02acb", "lib/source_hashes.py": "60a2e02193209e8d392803326208d5466342da18", "lib/summary.py": "aa92f0a3f975eecd44d3c0cd0236342ccc9f941d", "lib/time_sync.py": "80894ef2389e540781ff78de94db16aa4203a14e", "server.py": "c3f90f2f7eeb4db30727556d0c815ebc89b3d28b", "tests/unit/__init__.py": "da39a3ee5e6b4b0d3255bfef95601890afd80709", "tests/unit/test_server.py": "948c1995d4008bc2aa6c4046a34ffa3858d6d671", "tests/unit/test_source_hashes.py": "00468a2907583c593e6574a1f6b404e4651c221a"}, "modules": {"ptd_client_server.lib.client": "lib/client.py", "ptd_client_server.lib.common": "lib/common.py", "ptd_client_server.lib.external.ntplib": "lib/external/ntplib.py", "ptd_client_server.lib.source_hashes": "lib/source_hashes.py", "ptd_client_server.lib.summary": "lib/summary.py", "ptd_client_server.lib.time_sync": "lib/time_sync.py"}}
client 2024-01-29 00:11:05,743 [INFO] Running workload in ranging mode
client 2024-01-29 00:11:05,743 [INFO] Synchronizing with the server and with time.google.com...
client 2024-01-29 00:11:05,763 [INFO] NTP:offset = -0.004 s, delay = 0.019 s 
client 2024-01-29 00:11:05,763 [INFO] Sending command to the server: 'time'
client 2024-01-29 00:11:05,766 [INFO] Got response: '1706487065.763999'
client 2024-01-29 00:11:05,767 [INFO] The time difference between the client and the server is within range -0.022 ms..3.091 ms
client 2024-01-29 00:11:05,767 [INFO] Sending command to the server: 'session,2024-01-29_00-11-05,start,ranging'
client 2024-01-29 00:11:33,845 [INFO] Got response: 'OK'
client 2024-01-29 00:11:33,847 [INFO] Sending command to the server: 'time'
client 2024-01-29 00:11:33,851 [INFO] Got response: '1706487093.8479788'
client 2024-01-29 00:11:33,851 [INFO] The time difference between the client and the server is within range -0.439 ms..3.586 ms
client 2024-01-29 00:11:33,851 [INFO] Running the workload 'CM_MLPERF_RUN_COUNT=$(cat ${CM_RUN_DIR}/count.txt); echo ${CM_MLPERF_RUN_COUNT}; CM_MLPERF_RUN_COUNT=$((CM_MLPERF_RUN_COUNT+1)); echo ${CM_MLPERF_RUN_COUNT} > ${CM_RUN_DIR}/count.txt && if [ ${CM_MLPERF_RUN_COUNT} -eq "1" ]; then export CM_MLPERF_USER_CONF=${CM_MLPERF_RANGING_USER_CONF}; else export CM_MLPERF_USER_CONF=${CM_MLPERF_TESTING_USER_CONF}; fi && /mnt/CM/repos/ctuning@mlcommons-ck/cm-mlops/script/benchmark-any-mlperf-inference-implementation/run.out'
client 2024-01-29 00:16:36,752 [INFO] Sending command to the server: 'time'
client 2024-01-29 00:16:36,756 [INFO] Got response: '1706487396.7532234'
client 2024-01-29 00:16:36,757 [INFO] The time difference between the client and the server is within range -1.262 ms..3.801 ms
client 2024-01-29 00:16:36,757 [INFO] Sending command to the server: 'session,2024-01-29_00-11-05,stop,ranging'
client 2024-01-29 00:16:46,910 [INFO] Got response: 'OK'
client 2024-01-29 00:16:46,911 [INFO] Sending command to the server: 'time'
client 2024-01-29 00:16:46,914 [INFO] Got response: '1706487406.9110017'
client 2024-01-29 00:16:46,914 [INFO] The time difference between the client and the server is within range 0.252 ms..3.578 ms
client 2024-01-29 00:16:46,932 [INFO] Copying loadgen logs from '/home/arjun/results_dir/valid_results/orin-tflite_cpp-cpu-tflite-vmaster-default_config/mobilenet-v1-precision_float-0.75-192/singlestream/performance/run_1' to '/home/arjun/results_dir/valid_results/orin-tflite_cpp-cpu-tflite-vmaster-default_config/mobilenet-v1-precision_float-0.75-192/singlestream/performance/tmp_power/ranging'
client 2024-01-29 00:16:46,935 [INFO] Running workload in testing mode
client 2024-01-29 00:16:46,935 [INFO] Synchronizing with the server and with time.google.com...
client 2024-01-29 00:16:46,962 [INFO] NTP:offset = -0.004 s, delay = 0.021 s 
client 2024-01-29 00:16:46,962 [INFO] Sending command to the server: 'time'
client 2024-01-29 00:16:46,965 [INFO] Got response: '1706487406.9623895'
client 2024-01-29 00:16:46,965 [INFO] The time difference between the client and the server is within range -0.005 ms..3.147 ms
client 2024-01-29 00:16:46,965 [INFO] Sending command to the server: 'session,2024-01-29_00-11-05,start,testing'
client 2024-01-29 00:16:59,984 [INFO] Got response: 'OK'
client 2024-01-29 00:16:59,985 [INFO] Sending command to the server: 'time'
client 2024-01-29 00:16:59,988 [INFO] Got response: '1706487419.9853494'
client 2024-01-29 00:16:59,988 [INFO] The time difference between the client and the server is within range -0.291 ms..3.287 ms
client 2024-01-29 00:16:59,988 [INFO] Running the workload 'CM_MLPERF_RUN_COUNT=$(cat ${CM_RUN_DIR}/count.txt); echo ${CM_MLPERF_RUN_COUNT}; CM_MLPERF_RUN_COUNT=$((CM_MLPERF_RUN_COUNT+1)); echo ${CM_MLPERF_RUN_COUNT} > ${CM_RUN_DIR}/count.txt && if [ ${CM_MLPERF_RUN_COUNT} -eq "1" ]; then export CM_MLPERF_USER_CONF=${CM_MLPERF_RANGING_USER_CONF}; else export CM_MLPERF_USER_CONF=${CM_MLPERF_TESTING_USER_CONF}; fi && /mnt/CM/repos/ctuning@mlcommons-ck/cm-mlops/script/benchmark-any-mlperf-inference-implementation/run.out'
client 2024-01-29 00:27:04,645 [INFO] Sending command to the server: 'time'
client 2024-01-29 00:27:04,758 [INFO] Got response: '1706488024.7543967'
client 2024-01-29 00:27:04,759 [INFO] The time difference between the client and the server is within range -109.284 ms..5.071 ms
client 2024-01-29 00:27:04,759 [INFO] Sending command to the server: 'session,2024-01-29_00-11-05,stop,testing'
client 2024-01-29 00:27:15,043 [INFO] Got response: 'OK'
client 2024-01-29 00:27:15,044 [INFO] Sending command to the server: 'time'
client 2024-01-29 00:27:15,047 [INFO] Got response: '1706488035.0435963'
client 2024-01-29 00:27:15,047 [INFO] The time difference between the client and the server is within range 0.398 ms..4.249 ms
client 2024-01-29 00:27:15,052 [INFO] Copying loadgen logs from '/home/arjun/results_dir/valid_results/orin-tflite_cpp-cpu-tflite-vmaster-default_config/mobilenet-v1-precision_float-0.75-192/singlestream/performance/run_1' to '/home/arjun/results_dir/valid_results/orin-tflite_cpp-cpu-tflite-vmaster-default_config/mobilenet-v1-precision_float-0.75-192/singlestream/performance/tmp_power/run_1'
client 2024-01-29 00:27:15,055 [INFO] Done runs
