client 2024-02-09 05:25:17,704 [INFO] Sending command to the server: 'mlcommons/power client v3'
client 2024-02-09 05:25:17,705 [INFO] Got response: 'mlcommons/power server v3'
client 2024-02-09 05:25:17,705 [INFO] Sending command to the server: 'stop'
client 2024-02-09 05:25:17,706 [INFO] Got response: 'OK'
client 2024-02-09 05:25:17,706 [INFO] Synchronizing with the server and with ib-01.dc4-in.nvidia.com...
client 2024-02-09 05:25:17,924 [INFO] NTP:offset = 0.000 s, delay = 0.214 s 
client 2024-02-09 05:25:17,924 [INFO] Sending command to the server: 'time'
client 2024-02-09 05:25:17,925 [INFO] Got response: '1707456317.924676'
client 2024-02-09 05:25:17,925 [INFO] The time difference between the client and the server is within range -0.142 ms..1.038 ms
client 2024-02-09 05:25:17,925 [INFO] Sending command to the server: 'new,,faa1cc65-10b5-47a8-a928-cc71f8feaa77'
client 2024-02-09 05:25:17,927 [INFO] Got response: 'OK 2024-02-08_21-25-17,578df000-b338-4fe5-a9db-f7dfafee72ef'
client 2024-02-09 05:25:17,927 [INFO] Session id is '2024-02-08_21-25-17'
client 2024-02-09 05:25:17,927 [INFO] Sources: {"sources": {"__init__.py": "da39a3ee5e6b4b0d3255bfef95601890afd80709", "client.py": "33ca4f26368777ac06e01f9567b714a4b8063886", "lib/__init__.py": "da39a3ee5e6b4b0d3255bfef95601890afd80709", "lib/client.py": "ac2aa093c8e8bbc9569b9e2a3471bc64e58a2258", "lib/common.py": "611d8b29633d331eb19c9455ea3b5fa3284ed6df", "lib/external/__init__.py": "da39a3ee5e6b4b0d3255bfef95601890afd80709", "lib/external/ntplib.py": "4da8f970656505a40483206ef2b5d3dd5e81711d", "lib/server.py": "99303c836c683aa9017ec565104e636161d02acb", "lib/source_hashes.py": "60a2e02193209e8d392803326208d5466342da18", "lib/summary.py": "aa92f0a3f975eecd44d3c0cd0236342ccc9f941d", "lib/time_sync.py": "80894ef2389e540781ff78de94db16aa4203a14e", "server.py": "c3f90f2f7eeb4db30727556d0c815ebc89b3d28b", "tests/unit/__init__.py": "da39a3ee5e6b4b0d3255bfef95601890afd80709", "tests/unit/test_server.py": "948c1995d4008bc2aa6c4046a34ffa3858d6d671", "tests/unit/test_source_hashes.py": "00468a2907583c593e6574a1f6b404e4651c221a"}, "modules": {"ptd_client_server.lib.client": "lib/client.py", "ptd_client_server.lib.common": "lib/common.py", "ptd_client_server.lib.external.ntplib": "lib/external/ntplib.py", "ptd_client_server.lib.source_hashes": "lib/source_hashes.py", "ptd_client_server.lib.summary": "lib/summary.py", "ptd_client_server.lib.time_sync": "lib/time_sync.py"}}
client 2024-02-09 05:25:17,929 [INFO] Running workload in ranging mode
client 2024-02-09 05:25:17,929 [INFO] Synchronizing with the server and with ib-01.dc4-in.nvidia.com...
client 2024-02-09 05:25:18,145 [INFO] NTP:offset = 0.000 s, delay = 0.214 s 
client 2024-02-09 05:25:18,145 [INFO] Sending command to the server: 'time'
client 2024-02-09 05:25:18,146 [INFO] Got response: '1707456318.145921'
client 2024-02-09 05:25:18,147 [INFO] The time difference between the client and the server is within range -0.132 ms..1.077 ms
client 2024-02-09 05:25:18,147 [INFO] Sending command to the server: 'session,2024-02-08_21-25-17,start,ranging'
client 2024-02-09 05:25:58,061 [INFO] Got response: 'OK'
client 2024-02-09 05:25:58,061 [INFO] Sending command to the server: 'time'
client 2024-02-09 05:25:58,062 [INFO] Got response: '1707456358.0615015'
client 2024-02-09 05:25:58,062 [INFO] The time difference between the client and the server is within range -0.187 ms..0.908 ms
client 2024-02-09 05:25:58,062 [INFO] Running the workload 'LOG_DIR=/work/build/power_logs_temp python3.8 -m code.main --benchmarks=bert --scenarios=Server --test_mode=PerformanceOnly --config_ver=maxq --action="run_harness" \\\n\t\t2>&1 | tee -a /work/build/power_logs/2024.02.09-05.24.27/stdout.txt \\\n\t\t&& if [ ! -d /work/build/power_logs/2024.02.09-05.24.27/ranging_tmp ]; \\\n\t\t\tthen mkdir /work/build/power_logs/2024.02.09-05.24.27/ranging_tmp \\\n\t\t\t\t&& mv /work/build/power_logs_temp/* /work/build/power_logs/2024.02.09-05.24.27/ranging_tmp/ \\\n\t\t\t\t&& cp -v /work/build/power_logs/2024.02.09-05.24.27/ranging_tmp/*/*/*/mlperf_log_detail.txt /work/build/power_logs_temp/ \\\n\t\t\t\t&& cp -v /work/build/power_logs/2024.02.09-05.24.27/ranging_tmp/*/*/*/mlperf_log_summary.txt /work/build/power_logs_temp/; \\\n\t\t\telse mkdir /work/build/power_logs/2024.02.09-05.24.27/testing_tmp \\\n\t\t\t\t&& mv /work/build/power_logs_temp/* /work/build/power_logs/2024.02.09-05.24.27/testing_tmp/ \\\n\t\t\t\t&& cp -v /work/build/power_logs/2024.02.09-05.24.27/testing_tmp/*/*/*/mlperf_log_detail.txt /work/build/power_logs_temp/ \\\n\t\t\t\t&& cp -v /work/build/power_logs/2024.02.09-05.24.27/testing_tmp/*/*/*/mlperf_log_summary.txt /work/build/power_logs_temp/; fi'
client 2024-02-09 05:36:52,006 [INFO] Sending command to the server: 'time'
client 2024-02-09 05:36:52,008 [INFO] Got response: '1707457012.0070438'
client 2024-02-09 05:36:52,008 [INFO] The time difference between the client and the server is within range -0.213 ms..1.421 ms
client 2024-02-09 05:36:52,008 [INFO] Sending command to the server: 'session,2024-02-08_21-25-17,stop,ranging'
client 2024-02-09 05:37:02,151 [INFO] Got response: 'OK'
client 2024-02-09 05:37:02,151 [INFO] Sending command to the server: 'time'
client 2024-02-09 05:37:02,152 [INFO] Got response: '1707457022.1515813'
client 2024-02-09 05:37:02,152 [INFO] The time difference between the client and the server is within range 0.378 ms..1.210 ms
client 2024-02-09 05:37:02,161 [INFO] Copying loadgen logs from '/work/build/power_logs_temp' to '/work/build/power_logs/2024.02.09-05.24.27/2024-02-08_21-25-17/ranging'
client 2024-02-09 05:37:02,190 [INFO] Running workload in testing mode
client 2024-02-09 05:37:02,190 [INFO] Synchronizing with the server and with ib-01.dc4-in.nvidia.com...
client 2024-02-09 05:37:02,406 [INFO] NTP:offset = 0.000 s, delay = 0.214 s 
client 2024-02-09 05:37:02,406 [INFO] Sending command to the server: 'time'
client 2024-02-09 05:37:02,407 [INFO] Got response: '1707457022.406376'
client 2024-02-09 05:37:02,407 [INFO] The time difference between the client and the server is within range 0.184 ms..1.357 ms
client 2024-02-09 05:37:02,407 [INFO] Sending command to the server: 'session,2024-02-08_21-25-17,start,testing'
client 2024-02-09 05:37:24,033 [INFO] Got response: 'OK'
client 2024-02-09 05:37:24,033 [INFO] Sending command to the server: 'time'
client 2024-02-09 05:37:24,034 [INFO] Got response: '1707457044.0331824'
client 2024-02-09 05:37:24,034 [INFO] The time difference between the client and the server is within range 0.179 ms..1.250 ms
client 2024-02-09 05:37:24,034 [INFO] Running the workload 'LOG_DIR=/work/build/power_logs_temp python3.8 -m code.main --benchmarks=bert --scenarios=Server --test_mode=PerformanceOnly --config_ver=maxq --action="run_harness" \\\n\t\t2>&1 | tee -a /work/build/power_logs/2024.02.09-05.24.27/stdout.txt \\\n\t\t&& if [ ! -d /work/build/power_logs/2024.02.09-05.24.27/ranging_tmp ]; \\\n\t\t\tthen mkdir /work/build/power_logs/2024.02.09-05.24.27/ranging_tmp \\\n\t\t\t\t&& mv /work/build/power_logs_temp/* /work/build/power_logs/2024.02.09-05.24.27/ranging_tmp/ \\\n\t\t\t\t&& cp -v /work/build/power_logs/2024.02.09-05.24.27/ranging_tmp/*/*/*/mlperf_log_detail.txt /work/build/power_logs_temp/ \\\n\t\t\t\t&& cp -v /work/build/power_logs/2024.02.09-05.24.27/ranging_tmp/*/*/*/mlperf_log_summary.txt /work/build/power_logs_temp/; \\\n\t\t\telse mkdir /work/build/power_logs/2024.02.09-05.24.27/testing_tmp \\\n\t\t\t\t&& mv /work/build/power_logs_temp/* /work/build/power_logs/2024.02.09-05.24.27/testing_tmp/ \\\n\t\t\t\t&& cp -v /work/build/power_logs/2024.02.09-05.24.27/testing_tmp/*/*/*/mlperf_log_detail.txt /work/build/power_logs_temp/ \\\n\t\t\t\t&& cp -v /work/build/power_logs/2024.02.09-05.24.27/testing_tmp/*/*/*/mlperf_log_summary.txt /work/build/power_logs_temp/; fi'
client 2024-02-09 05:48:17,965 [INFO] Sending command to the server: 'time'
client 2024-02-09 05:48:17,966 [INFO] Got response: '1707457697.9651759'
client 2024-02-09 05:48:17,967 [INFO] The time difference between the client and the server is within range 0.175 ms..1.840 ms
client 2024-02-09 05:48:17,967 [INFO] Sending command to the server: 'session,2024-02-08_21-25-17,stop,testing'
client 2024-02-09 05:48:28,102 [INFO] Got response: 'OK'
client 2024-02-09 05:48:28,102 [INFO] Sending command to the server: 'time'
client 2024-02-09 05:48:28,103 [INFO] Got response: '1707457708.1020052'
client 2024-02-09 05:48:28,103 [INFO] The time difference between the client and the server is within range 0.789 ms..1.603 ms
client 2024-02-09 05:48:28,108 [INFO] Copying loadgen logs from '/work/build/power_logs_temp' to '/work/build/power_logs/2024.02.09-05.24.27/2024-02-08_21-25-17/run_1'
client 2024-02-09 05:48:28,141 [INFO] Done runs
