Graph file: /home/ubuntu/CM/repos/local/cache/22dc397e4b53419a/efficientnet-lite3/efficientnet-lite3-fp32.tflite
Image dir: /home/ubuntu/CM/repos/local/cache/c4ffd2a04c7d4705
Image list: /home/ubuntu/CM/repos/local/cache/c4ffd2a04c7d4705/preprocessed_files.txt
Image size: 280
Image channels: 3
Prediction classes: 1000
Result dir: /home/ubuntu/CM/repos/local/cache/53b88ca721a64101/valid_results/c5a.xlarge-tflite_cpp-cpu-tflite-vmaster-default_config/efficientnet-fp32-lite3/singlestream/performance/run_1
How many images fit in memory buffer: 1024
Normalize: 1
Subtract mean: 0
Run time preprocessing: 0
Number of Threads: 2
Number of available imagefiles: 50000

Loading graph...
INFO: Created TensorFlow Lite XNNPACK delegate for CPU.
Input tensor dimensions (NHWC): 1*280*280*3
Output tensor dimensions: 1*1000
Path to mlperf.conf : /home/ubuntu/CM/repos/local/cache/a34955efa6f84c88/inference/mlperf.conf
Path to user.conf : /home/ubuntu/CM/repos/ctuning@mlcommons-ck/cm-mlops/script/generate-mlperf-inference-user-conf/tmp/7c0c11f8e820463285f8134f82585fcf.conf
Model Name: efficientnet
LoadGen Scenario: SingleStream
LoadGen Mode: performance
