client 2024-02-21 10:51:02,856 [INFO] Creating output directory '/home/arjun/results_dir/valid_results/phoenix_Amd_Am5-reference-cpu-deepsparse-vdefault-default_config/mobilebert-14layer_pruned50_quant-none-vnni-bert-99/offline/performance/tmp_power'
client 2024-02-21 10:51:02,865 [INFO] Sending command to the server: 'mlcommons/power client v3'
client 2024-02-21 10:51:02,875 [INFO] Got response: 'mlcommons/power server v3'
client 2024-02-21 10:51:02,875 [INFO] Synchronizing with the server and with time.google.com...
client 2024-02-21 10:51:02,902 [INFO] NTP:offset = -0.003 s, delay = 0.025 s 
client 2024-02-21 10:51:02,902 [INFO] Sending command to the server: 'time'
client 2024-02-21 10:51:02,911 [INFO] Got response: '1708512662.8780463'
client 2024-02-21 10:51:02,911 [INFO] The time difference between the client and the server is within range 24.437 ms..33.405 ms
client 2024-02-21 10:51:02,911 [INFO] Sending command to the server: 'new,,bfb298ab-0f01-4d89-a32b-a003456286bf'
client 2024-02-21 10:51:02,922 [INFO] Got response: 'OK 2024-02-21_10-51-02,d9a1fbd7-9ed9-4f65-94b2-fe9b23819359'
client 2024-02-21 10:51:02,922 [INFO] Session id is '2024-02-21_10-51-02'
client 2024-02-21 10:51:02,922 [INFO] Sources: {"sources": {"__init__.py": "da39a3ee5e6b4b0d3255bfef95601890afd80709", "client.py": "33ca4f26368777ac06e01f9567b714a4b8063886", "lib/__init__.py": "da39a3ee5e6b4b0d3255bfef95601890afd80709", "lib/client.py": "ac2aa093c8e8bbc9569b9e2a3471bc64e58a2258", "lib/common.py": "611d8b29633d331eb19c9455ea3b5fa3284ed6df", "lib/external/__init__.py": "da39a3ee5e6b4b0d3255bfef95601890afd80709", "lib/external/ntplib.py": "4da8f970656505a40483206ef2b5d3dd5e81711d", "lib/server.py": "99303c836c683aa9017ec565104e636161d02acb", "lib/source_hashes.py": "60a2e02193209e8d392803326208d5466342da18", "lib/summary.py": "aa92f0a3f975eecd44d3c0cd0236342ccc9f941d", "lib/time_sync.py": "80894ef2389e540781ff78de94db16aa4203a14e", "server.py": "c3f90f2f7eeb4db30727556d0c815ebc89b3d28b", "tests/unit/__init__.py": "da39a3ee5e6b4b0d3255bfef95601890afd80709", "tests/unit/test_server.py": "948c1995d4008bc2aa6c4046a34ffa3858d6d671", "tests/unit/test_source_hashes.py": "00468a2907583c593e6574a1f6b404e4651c221a"}, "modules": {"ptd_client_server.lib.client": "lib/client.py", "ptd_client_server.lib.common": "lib/common.py", "ptd_client_server.lib.external.ntplib": "lib/external/ntplib.py", "ptd_client_server.lib.source_hashes": "lib/source_hashes.py", "ptd_client_server.lib.summary": "lib/summary.py", "ptd_client_server.lib.time_sync": "lib/time_sync.py"}}
client 2024-02-21 10:51:02,922 [INFO] Running workload in ranging mode
client 2024-02-21 10:51:02,922 [INFO] Synchronizing with the server and with time.google.com...
client 2024-02-21 10:51:02,943 [INFO] NTP:offset = -0.006 s, delay = 0.020 s 
client 2024-02-21 10:51:02,943 [INFO] Sending command to the server: 'time'
client 2024-02-21 10:51:02,951 [INFO] Got response: '1708512662.917912'
client 2024-02-21 10:51:02,951 [INFO] The time difference between the client and the server is within range 25.274 ms..33.778 ms
client 2024-02-21 10:51:02,951 [INFO] Sending command to the server: 'session,2024-02-21_10-51-02,start,ranging'
client 2024-02-21 10:51:26,872 [INFO] Got response: 'OK'
client 2024-02-21 10:51:26,872 [INFO] Sending command to the server: 'time'
client 2024-02-21 10:51:26,881 [INFO] Got response: '1708512686.8482969'
client 2024-02-21 10:51:26,881 [INFO] The time difference between the client and the server is within range 23.882 ms..33.395 ms
client 2024-02-21 10:51:26,881 [INFO] Running the workload 'CM_MLPERF_RUN_COUNT=$(cat ${CM_RUN_DIR}/count.txt); echo ${CM_MLPERF_RUN_COUNT}; CM_MLPERF_RUN_COUNT=$((CM_MLPERF_RUN_COUNT+1)); echo ${CM_MLPERF_RUN_COUNT} > ${CM_RUN_DIR}/count.txt && if [ ${CM_MLPERF_RUN_COUNT} -eq "1" ]; then export CM_MLPERF_USER_CONF=${CM_MLPERF_RANGING_USER_CONF}; else export CM_MLPERF_USER_CONF=${CM_MLPERF_TESTING_USER_CONF}; fi && /usr/bin/python3 run.py --backend=deepsparse --scenario=Offline --mlperf_conf "/home/arjun/CM/repos/local/cache/b5386651b8ab4bd4/inference/mlperf.conf" --user_conf "${CM_MLPERF_USER_CONF}" --quantized --batch_size=128 --model_path=/home/arjun/.cache/sparsezoo/2088879f-4211-4c25-8a70-daf64d43c6ca/model.onnx 2>&1 | tee /home/arjun/results_dir/valid_results/phoenix_Amd_Am5-reference-cpu-deepsparse-vdefault-default_config/mobilebert-14layer_pruned50_quant-none-vnni-bert-99/offline/performance/run_1/console.out'
client 2024-02-21 10:59:09,113 [INFO] Sending command to the server: 'time'
client 2024-02-21 10:59:09,122 [INFO] Got response: '1708513149.081698'
client 2024-02-21 10:59:09,122 [INFO] The time difference between the client and the server is within range 32.054 ms..41.160 ms
client 2024-02-21 10:59:09,122 [INFO] Sending command to the server: 'session,2024-02-21_10-51-02,stop,ranging'
client 2024-02-21 10:59:20,212 [INFO] Got response: 'OK'
client 2024-02-21 10:59:20,213 [INFO] Sending command to the server: 'time'
client 2024-02-21 10:59:20,221 [INFO] Got response: '1708513160.1820004'
client 2024-02-21 10:59:20,221 [INFO] The time difference between the client and the server is within range 31.029 ms..39.796 ms
client 2024-02-21 10:59:20,223 [INFO] Copying loadgen logs from '/home/arjun/results_dir/valid_results/phoenix_Amd_Am5-reference-cpu-deepsparse-vdefault-default_config/mobilebert-14layer_pruned50_quant-none-vnni-bert-99/offline/performance/run_1' to '/home/arjun/results_dir/valid_results/phoenix_Amd_Am5-reference-cpu-deepsparse-vdefault-default_config/mobilebert-14layer_pruned50_quant-none-vnni-bert-99/offline/performance/tmp_power/ranging'
client 2024-02-21 10:59:20,224 [INFO] Running workload in testing mode
client 2024-02-21 10:59:20,224 [INFO] Synchronizing with the server and with time.google.com...
client 2024-02-21 10:59:20,271 [INFO] NTP:offset = -0.004 s, delay = 0.047 s 
client 2024-02-21 10:59:20,271 [INFO] Sending command to the server: 'time'
client 2024-02-21 10:59:20,279 [INFO] Got response: '1708513160.2418034'
client 2024-02-21 10:59:20,279 [INFO] The time difference between the client and the server is within range 29.899 ms..38.148 ms
client 2024-02-21 10:59:20,279 [INFO] Sending command to the server: 'session,2024-02-21_10-51-02,start,testing'
client 2024-02-21 10:59:33,353 [INFO] Got response: 'OK'
client 2024-02-21 10:59:33,354 [INFO] Sending command to the server: 'time'
client 2024-02-21 10:59:33,363 [INFO] Got response: '1708513173.3221102'
client 2024-02-21 10:59:33,363 [INFO] The time difference between the client and the server is within range 31.965 ms..41.734 ms
client 2024-02-21 10:59:33,363 [INFO] Running the workload 'CM_MLPERF_RUN_COUNT=$(cat ${CM_RUN_DIR}/count.txt); echo ${CM_MLPERF_RUN_COUNT}; CM_MLPERF_RUN_COUNT=$((CM_MLPERF_RUN_COUNT+1)); echo ${CM_MLPERF_RUN_COUNT} > ${CM_RUN_DIR}/count.txt && if [ ${CM_MLPERF_RUN_COUNT} -eq "1" ]; then export CM_MLPERF_USER_CONF=${CM_MLPERF_RANGING_USER_CONF}; else export CM_MLPERF_USER_CONF=${CM_MLPERF_TESTING_USER_CONF}; fi && /usr/bin/python3 run.py --backend=deepsparse --scenario=Offline --mlperf_conf "/home/arjun/CM/repos/local/cache/b5386651b8ab4bd4/inference/mlperf.conf" --user_conf "${CM_MLPERF_USER_CONF}" --quantized --batch_size=128 --model_path=/home/arjun/.cache/sparsezoo/2088879f-4211-4c25-8a70-daf64d43c6ca/model.onnx 2>&1 | tee /home/arjun/results_dir/valid_results/phoenix_Amd_Am5-reference-cpu-deepsparse-vdefault-default_config/mobilebert-14layer_pruned50_quant-none-vnni-bert-99/offline/performance/run_1/console.out'
client 2024-02-21 11:13:37,674 [INFO] Sending command to the server: 'time'
client 2024-02-21 11:13:37,682 [INFO] Got response: '1708514017.6300411'
client 2024-02-21 11:13:37,682 [INFO] The time difference between the client and the server is within range 44.303 ms..52.898 ms
client 2024-02-21 11:13:37,682 [INFO] Sending command to the server: 'session,2024-02-21_10-51-02,stop,testing'
client 2024-02-21 11:13:48,415 [INFO] Got response: 'OK'
client 2024-02-21 11:13:48,415 [INFO] Sending command to the server: 'time'
client 2024-02-21 11:13:48,423 [INFO] Got response: '1708514028.3701653'
client 2024-02-21 11:13:48,423 [INFO] The time difference between the client and the server is within range 45.701 ms..53.262 ms
client 2024-02-21 11:13:48,423 [INFO] Copying loadgen logs from '/home/arjun/results_dir/valid_results/phoenix_Amd_Am5-reference-cpu-deepsparse-vdefault-default_config/mobilebert-14layer_pruned50_quant-none-vnni-bert-99/offline/performance/run_1' to '/home/arjun/results_dir/valid_results/phoenix_Amd_Am5-reference-cpu-deepsparse-vdefault-default_config/mobilebert-14layer_pruned50_quant-none-vnni-bert-99/offline/performance/tmp_power/run_1'
client 2024-02-21 11:13:48,424 [INFO] Done runs
