client 2024-01-31 22:15:15,789 [INFO] Creating output directory '/home/arjun/results_dir/valid_results/orin-tflite_armnn_cpp-cpu-armnn_tflite-v23.05-using_neon_with_live_preprocessing/mobilenet-v1-precision_float-1.0-192/singlestream/performance/tmp_power'
client 2024-01-31 22:15:15,828 [INFO] Sending command to the server: 'mlcommons/power client v3'
client 2024-01-31 22:15:15,830 [INFO] Got response: 'mlcommons/power server v3'
client 2024-01-31 22:15:15,830 [INFO] Synchronizing with the server and with time.google.com...
client 2024-01-31 22:15:15,856 [INFO] NTP:offset = -0.006 s, delay = 0.020 s 
client 2024-01-31 22:15:15,856 [INFO] Sending command to the server: 'time'
client 2024-01-31 22:15:15,859 [INFO] Got response: '1706739315.853259'
client 2024-01-31 22:15:15,859 [INFO] The time difference between the client and the server is within range 3.444 ms..6.221 ms
client 2024-01-31 22:15:15,859 [INFO] Sending command to the server: 'new,,8bda7460-4363-4786-9ba1-b1e9f11989c7'
client 2024-01-31 22:15:15,862 [INFO] Got response: 'OK 2024-01-31_22-15-15,e1c38d59-5080-468c-8307-0c908ea885cb'
client 2024-01-31 22:15:15,862 [INFO] Session id is '2024-01-31_22-15-15'
client 2024-01-31 22:15:15,862 [INFO] Sources: {"sources": {"__init__.py": "da39a3ee5e6b4b0d3255bfef95601890afd80709", "client.py": "33ca4f26368777ac06e01f9567b714a4b8063886", "lib/__init__.py": "da39a3ee5e6b4b0d3255bfef95601890afd80709", "lib/client.py": "ac2aa093c8e8bbc9569b9e2a3471bc64e58a2258", "lib/common.py": "611d8b29633d331eb19c9455ea3b5fa3284ed6df", "lib/external/__init__.py": "da39a3ee5e6b4b0d3255bfef95601890afd80709", "lib/external/ntplib.py": "4da8f970656505a40483206ef2b5d3dd5e81711d", "lib/server.py": "99303c836c683aa9017ec565104e636161d02acb", "lib/source_hashes.py": "60a2e02193209e8d392803326208d5466342da18", "lib/summary.py": "aa92f0a3f975eecd44d3c0cd0236342ccc9f941d", "lib/time_sync.py": "80894ef2389e540781ff78de94db16aa4203a14e", "server.py": "c3f90f2f7eeb4db30727556d0c815ebc89b3d28b", "tests/unit/__init__.py": "da39a3ee5e6b4b0d3255bfef95601890afd80709", "tests/unit/test_server.py": "948c1995d4008bc2aa6c4046a34ffa3858d6d671", "tests/unit/test_source_hashes.py": "00468a2907583c593e6574a1f6b404e4651c221a"}, "modules": {"ptd_client_server.lib.client": "lib/client.py", "ptd_client_server.lib.common": "lib/common.py", "ptd_client_server.lib.external.ntplib": "lib/external/ntplib.py", "ptd_client_server.lib.source_hashes": "lib/source_hashes.py", "ptd_client_server.lib.summary": "lib/summary.py", "ptd_client_server.lib.time_sync": "lib/time_sync.py"}}
client 2024-01-31 22:15:15,863 [INFO] Running workload in ranging mode
client 2024-01-31 22:15:15,863 [INFO] Synchronizing with the server and with time.google.com...
client 2024-01-31 22:15:15,885 [INFO] NTP:offset = -0.006 s, delay = 0.021 s 
client 2024-01-31 22:15:15,886 [INFO] Sending command to the server: 'time'
client 2024-01-31 22:15:15,889 [INFO] Got response: '1706739315.8828573'
client 2024-01-31 22:15:15,889 [INFO] The time difference between the client and the server is within range 3.289 ms..6.359 ms
client 2024-01-31 22:15:15,889 [INFO] Sending command to the server: 'session,2024-01-31_22-15-15,start,ranging'
client 2024-01-31 22:15:43,954 [INFO] Got response: 'OK'
client 2024-01-31 22:15:43,957 [INFO] Sending command to the server: 'time'
client 2024-01-31 22:15:43,960 [INFO] Got response: '1706739343.9540327'
client 2024-01-31 22:15:43,961 [INFO] The time difference between the client and the server is within range 3.030 ms..7.062 ms
client 2024-01-31 22:15:43,961 [INFO] Running the workload 'CM_MLPERF_RUN_COUNT=$(cat ${CM_RUN_DIR}/count.txt); echo ${CM_MLPERF_RUN_COUNT}; CM_MLPERF_RUN_COUNT=$((CM_MLPERF_RUN_COUNT+1)); echo ${CM_MLPERF_RUN_COUNT} > ${CM_RUN_DIR}/count.txt && if [ ${CM_MLPERF_RUN_COUNT} -eq "1" ]; then export CM_MLPERF_USER_CONF=${CM_MLPERF_RANGING_USER_CONF}; else export CM_MLPERF_USER_CONF=${CM_MLPERF_TESTING_USER_CONF}; fi && /mnt/CM/repos/ctuning@mlcommons-ck/cm-mlops/script/benchmark-any-mlperf-inference-implementation/run.out'
client 2024-01-31 22:20:48,781 [INFO] Sending command to the server: 'time'
client 2024-01-31 22:20:48,821 [INFO] Got response: '1706739648.814628'
client 2024-01-31 22:20:48,822 [INFO] The time difference between the client and the server is within range -32.969 ms..7.570 ms
client 2024-01-31 22:20:48,822 [INFO] Sending command to the server: 'session,2024-01-31_22-15-15,stop,ranging'
client 2024-01-31 22:20:59,097 [INFO] Got response: 'OK'
client 2024-01-31 22:20:59,099 [INFO] Sending command to the server: 'time'
client 2024-01-31 22:20:59,102 [INFO] Got response: '1706739659.0959723'
client 2024-01-31 22:20:59,102 [INFO] The time difference between the client and the server is within range 3.053 ms..6.392 ms
client 2024-01-31 22:20:59,119 [INFO] Copying loadgen logs from '/home/arjun/results_dir/valid_results/orin-tflite_armnn_cpp-cpu-armnn_tflite-v23.05-using_neon_with_live_preprocessing/mobilenet-v1-precision_float-1.0-192/singlestream/performance/run_1' to '/home/arjun/results_dir/valid_results/orin-tflite_armnn_cpp-cpu-armnn_tflite-v23.05-using_neon_with_live_preprocessing/mobilenet-v1-precision_float-1.0-192/singlestream/performance/tmp_power/ranging'
client 2024-01-31 22:20:59,122 [INFO] Running workload in testing mode
client 2024-01-31 22:20:59,122 [INFO] Synchronizing with the server and with time.google.com...
client 2024-01-31 22:20:59,148 [INFO] NTP:offset = -0.007 s, delay = 0.021 s 
client 2024-01-31 22:20:59,149 [INFO] Sending command to the server: 'time'
client 2024-01-31 22:20:59,153 [INFO] Got response: '1706739659.1466606'
client 2024-01-31 22:20:59,153 [INFO] The time difference between the client and the server is within range 2.488 ms..6.836 ms
client 2024-01-31 22:20:59,153 [INFO] Sending command to the server: 'session,2024-01-31_22-15-15,start,testing'
client 2024-01-31 22:21:12,177 [INFO] Got response: 'OK'
client 2024-01-31 22:21:12,178 [INFO] Sending command to the server: 'time'
client 2024-01-31 22:21:12,182 [INFO] Got response: '1706739672.1760988'
client 2024-01-31 22:21:12,182 [INFO] The time difference between the client and the server is within range 2.501 ms..6.740 ms
client 2024-01-31 22:21:12,183 [INFO] Running the workload 'CM_MLPERF_RUN_COUNT=$(cat ${CM_RUN_DIR}/count.txt); echo ${CM_MLPERF_RUN_COUNT}; CM_MLPERF_RUN_COUNT=$((CM_MLPERF_RUN_COUNT+1)); echo ${CM_MLPERF_RUN_COUNT} > ${CM_RUN_DIR}/count.txt && if [ ${CM_MLPERF_RUN_COUNT} -eq "1" ]; then export CM_MLPERF_USER_CONF=${CM_MLPERF_RANGING_USER_CONF}; else export CM_MLPERF_USER_CONF=${CM_MLPERF_TESTING_USER_CONF}; fi && /mnt/CM/repos/ctuning@mlcommons-ck/cm-mlops/script/benchmark-any-mlperf-inference-implementation/run.out'
client 2024-01-31 22:31:16,936 [INFO] Sending command to the server: 'time'
client 2024-01-31 22:31:16,940 [INFO] Got response: '1706740276.9339957'
client 2024-01-31 22:31:16,940 [INFO] The time difference between the client and the server is within range 2.065 ms..6.938 ms
client 2024-01-31 22:31:16,941 [INFO] Sending command to the server: 'session,2024-01-31_22-15-15,stop,testing'
client 2024-01-31 22:31:27,243 [INFO] Got response: 'OK'
client 2024-01-31 22:31:27,244 [INFO] Sending command to the server: 'time'
client 2024-01-31 22:31:27,247 [INFO] Got response: '1706740287.2411573'
client 2024-01-31 22:31:27,248 [INFO] The time difference between the client and the server is within range 2.846 ms..7.025 ms
client 2024-01-31 22:31:27,252 [INFO] Copying loadgen logs from '/home/arjun/results_dir/valid_results/orin-tflite_armnn_cpp-cpu-armnn_tflite-v23.05-using_neon_with_live_preprocessing/mobilenet-v1-precision_float-1.0-192/singlestream/performance/run_1' to '/home/arjun/results_dir/valid_results/orin-tflite_armnn_cpp-cpu-armnn_tflite-v23.05-using_neon_with_live_preprocessing/mobilenet-v1-precision_float-1.0-192/singlestream/performance/tmp_power/run_1'
client 2024-01-31 22:31:27,255 [INFO] Done runs
