Graph file: /home/ubuntu/CM/repos/local/cache/3ca57a56fc37452b/v2_192_50/model.tflite
Image dir: /home/ubuntu/CM/repos/local/cache/499ab2411e634f78
Image list: /home/ubuntu/CM/repos/local/cache/499ab2411e634f78/preprocessed_files.txt
Image size: 192
Image channels: 3
Prediction classes: 1000
Result dir: /home/ubuntu/CM/repos/local/cache/53b88ca721a64101/valid_results/c5a.xlarge-tflite_cpp-cpu-tflite-vmaster-default_config/mobilenet-v2-precision_uint8-0.5-192/singlestream/performance/run_1
How many images fit in memory buffer: 1024
Normalize: 1
Subtract mean: 0
Run time preprocessing: 1
Number of Threads: 2
Number of available imagefiles: 50000

Loading graph...
INFO: Created TensorFlow Lite XNNPACK delegate for CPU.
Input tensor dimensions (NHWC): 1*192*192*3
Output tensor dimensions: 1*1001
Path to mlperf.conf : /home/ubuntu/CM/repos/local/cache/a34955efa6f84c88/inference/mlperf.conf
Path to user.conf : /home/ubuntu/CM/repos/ctuning@mlcommons-ck/cm-mlops/script/generate-mlperf-inference-user-conf/tmp/638f15fe3bcd41f48e824a9582bee281.conf
Model Name: mobilenet
LoadGen Scenario: SingleStream
LoadGen Mode: performance
