client 2024-01-29 08:11:08,180 [INFO] Creating output directory '/home/arjun/results_dir/valid_results/orin-tflite_cpp-cpu-tflite-vmaster-default_config/mobilenet-v2-precision_uint8-1.0-128/singlestream/performance/tmp_power'
client 2024-01-29 08:11:08,183 [INFO] Sending command to the server: 'mlcommons/power client v3'
client 2024-01-29 08:11:08,187 [INFO] Got response: 'mlcommons/power server v3'
client 2024-01-29 08:11:08,187 [INFO] Synchronizing with the server and with time.google.com...
client 2024-01-29 08:11:08,214 [INFO] NTP:offset = -0.004 s, delay = 0.020 s 
client 2024-01-29 08:11:08,214 [INFO] Sending command to the server: 'time'
client 2024-01-29 08:11:08,218 [INFO] Got response: '1706515868.2150211'
client 2024-01-29 08:11:08,218 [INFO] The time difference between the client and the server is within range -0.334 ms..3.417 ms
client 2024-01-29 08:11:08,218 [INFO] Sending command to the server: 'new,,a6ae8916-35b8-45dd-8760-e0c706accda8'
client 2024-01-29 08:11:08,222 [INFO] Got response: 'OK 2024-01-29_08-11-08,ca8e2836-24ca-4af6-a041-79fc3ae0d0cc'
client 2024-01-29 08:11:08,222 [INFO] Session id is '2024-01-29_08-11-08'
client 2024-01-29 08:11:08,222 [INFO] Sources: {"sources": {"__init__.py": "da39a3ee5e6b4b0d3255bfef95601890afd80709", "client.py": "33ca4f26368777ac06e01f9567b714a4b8063886", "lib/__init__.py": "da39a3ee5e6b4b0d3255bfef95601890afd80709", "lib/client.py": "ac2aa093c8e8bbc9569b9e2a3471bc64e58a2258", "lib/common.py": "611d8b29633d331eb19c9455ea3b5fa3284ed6df", "lib/external/__init__.py": "da39a3ee5e6b4b0d3255bfef95601890afd80709", "lib/external/ntplib.py": "4da8f970656505a40483206ef2b5d3dd5e81711d", "lib/server.py": "99303c836c683aa9017ec565104e636161d02acb", "lib/source_hashes.py": "60a2e02193209e8d392803326208d5466342da18", "lib/summary.py": "aa92f0a3f975eecd44d3c0cd0236342ccc9f941d", "lib/time_sync.py": "80894ef2389e540781ff78de94db16aa4203a14e", "server.py": "c3f90f2f7eeb4db30727556d0c815ebc89b3d28b", "tests/unit/__init__.py": "da39a3ee5e6b4b0d3255bfef95601890afd80709", "tests/unit/test_server.py": "948c1995d4008bc2aa6c4046a34ffa3858d6d671", "tests/unit/test_source_hashes.py": "00468a2907583c593e6574a1f6b404e4651c221a"}, "modules": {"ptd_client_server.lib.client": "lib/client.py", "ptd_client_server.lib.common": "lib/common.py", "ptd_client_server.lib.external.ntplib": "lib/external/ntplib.py", "ptd_client_server.lib.source_hashes": "lib/source_hashes.py", "ptd_client_server.lib.summary": "lib/summary.py", "ptd_client_server.lib.time_sync": "lib/time_sync.py"}}
client 2024-01-29 08:11:08,223 [INFO] Running workload in ranging mode
client 2024-01-29 08:11:08,223 [INFO] Synchronizing with the server and with time.google.com...
client 2024-01-29 08:11:08,245 [INFO] NTP:offset = -0.004 s, delay = 0.021 s 
client 2024-01-29 08:11:08,245 [INFO] Sending command to the server: 'time'
client 2024-01-29 08:11:08,248 [INFO] Got response: '1706515868.2449157'
client 2024-01-29 08:11:08,248 [INFO] The time difference between the client and the server is within range 0.317 ms..3.478 ms
client 2024-01-29 08:11:08,248 [INFO] Sending command to the server: 'session,2024-01-29_08-11-08,start,ranging'
client 2024-01-29 08:11:36,317 [INFO] Got response: 'OK'
client 2024-01-29 08:11:36,320 [INFO] Sending command to the server: 'time'
client 2024-01-29 08:11:36,324 [INFO] Got response: '1706515896.3206646'
client 2024-01-29 08:11:36,325 [INFO] The time difference between the client and the server is within range -0.511 ms..4.543 ms
client 2024-01-29 08:11:36,325 [INFO] Running the workload 'CM_MLPERF_RUN_COUNT=$(cat ${CM_RUN_DIR}/count.txt); echo ${CM_MLPERF_RUN_COUNT}; CM_MLPERF_RUN_COUNT=$((CM_MLPERF_RUN_COUNT+1)); echo ${CM_MLPERF_RUN_COUNT} > ${CM_RUN_DIR}/count.txt && if [ ${CM_MLPERF_RUN_COUNT} -eq "1" ]; then export CM_MLPERF_USER_CONF=${CM_MLPERF_RANGING_USER_CONF}; else export CM_MLPERF_USER_CONF=${CM_MLPERF_TESTING_USER_CONF}; fi && /mnt/CM/repos/ctuning@mlcommons-ck/cm-mlops/script/benchmark-any-mlperf-inference-implementation/run.out'
client 2024-01-29 08:16:38,788 [INFO] Sending command to the server: 'time'
client 2024-01-29 08:16:38,792 [INFO] Got response: '1706516198.788586'
client 2024-01-29 08:16:38,792 [INFO] The time difference between the client and the server is within range -0.705 ms..3.760 ms
client 2024-01-29 08:16:38,792 [INFO] Sending command to the server: 'session,2024-01-29_08-11-08,stop,ranging'
client 2024-01-29 08:16:49,436 [INFO] Got response: 'OK'
client 2024-01-29 08:16:49,437 [INFO] Sending command to the server: 'time'
client 2024-01-29 08:16:49,440 [INFO] Got response: '1706516209.4370217'
client 2024-01-29 08:16:49,440 [INFO] The time difference between the client and the server is within range -0.018 ms..3.348 ms
client 2024-01-29 08:16:49,457 [INFO] Copying loadgen logs from '/home/arjun/results_dir/valid_results/orin-tflite_cpp-cpu-tflite-vmaster-default_config/mobilenet-v2-precision_uint8-1.0-128/singlestream/performance/run_1' to '/home/arjun/results_dir/valid_results/orin-tflite_cpp-cpu-tflite-vmaster-default_config/mobilenet-v2-precision_uint8-1.0-128/singlestream/performance/tmp_power/ranging'
client 2024-01-29 08:16:49,460 [INFO] Running workload in testing mode
client 2024-01-29 08:16:49,460 [INFO] Synchronizing with the server and with time.google.com...
client 2024-01-29 08:16:49,487 [INFO] NTP:offset = -0.003 s, delay = 0.022 s 
client 2024-01-29 08:16:49,487 [INFO] Sending command to the server: 'time'
client 2024-01-29 08:16:49,490 [INFO] Got response: '1706516209.4879098'
client 2024-01-29 08:16:49,491 [INFO] The time difference between the client and the server is within range -0.231 ms..3.142 ms
client 2024-01-29 08:16:49,491 [INFO] Sending command to the server: 'session,2024-01-29_08-11-08,start,testing'
client 2024-01-29 08:17:02,512 [INFO] Got response: 'OK'
client 2024-01-29 08:17:02,514 [INFO] Sending command to the server: 'time'
client 2024-01-29 08:17:02,517 [INFO] Got response: '1706516222.5142918'
client 2024-01-29 08:17:02,518 [INFO] The time difference between the client and the server is within range -0.183 ms..3.644 ms
client 2024-01-29 08:17:02,518 [INFO] Running the workload 'CM_MLPERF_RUN_COUNT=$(cat ${CM_RUN_DIR}/count.txt); echo ${CM_MLPERF_RUN_COUNT}; CM_MLPERF_RUN_COUNT=$((CM_MLPERF_RUN_COUNT+1)); echo ${CM_MLPERF_RUN_COUNT} > ${CM_RUN_DIR}/count.txt && if [ ${CM_MLPERF_RUN_COUNT} -eq "1" ]; then export CM_MLPERF_USER_CONF=${CM_MLPERF_RANGING_USER_CONF}; else export CM_MLPERF_USER_CONF=${CM_MLPERF_TESTING_USER_CONF}; fi && /mnt/CM/repos/ctuning@mlcommons-ck/cm-mlops/script/benchmark-any-mlperf-inference-implementation/run.out'
client 2024-01-29 08:27:06,633 [INFO] Sending command to the server: 'time'
client 2024-01-29 08:27:06,646 [INFO] Got response: '1706516826.6427226'
client 2024-01-29 08:27:06,646 [INFO] The time difference between the client and the server is within range -9.475 ms..4.062 ms
client 2024-01-29 08:27:06,647 [INFO] Sending command to the server: 'session,2024-01-29_08-11-08,stop,testing'
client 2024-01-29 08:27:17,574 [INFO] Got response: 'OK'
client 2024-01-29 08:27:17,575 [INFO] Sending command to the server: 'time'
client 2024-01-29 08:27:17,578 [INFO] Got response: '1706516837.5750887'
client 2024-01-29 08:27:17,579 [INFO] The time difference between the client and the server is within range 0.376 ms..4.014 ms
client 2024-01-29 08:27:17,584 [INFO] Copying loadgen logs from '/home/arjun/results_dir/valid_results/orin-tflite_cpp-cpu-tflite-vmaster-default_config/mobilenet-v2-precision_uint8-1.0-128/singlestream/performance/run_1' to '/home/arjun/results_dir/valid_results/orin-tflite_cpp-cpu-tflite-vmaster-default_config/mobilenet-v2-precision_uint8-1.0-128/singlestream/performance/tmp_power/run_1'
client 2024-01-29 08:27:17,586 [INFO] Done runs
