client 2024-02-19 13:41:35,156 [INFO] Creating output directory '/home/cmuser/local/cache/f4ba7328d7f447f9/valid_results/2706260181c0-nvidia_original-gpu-tensorrt-vdefault-default_config/3d-unet-99.9/offline/performance/tmp_power'
client 2024-02-19 13:41:35,164 [INFO] Sending command to the server: 'mlcommons/power client v3'
client 2024-02-19 13:41:35,172 [INFO] Got response: 'mlcommons/power server v3'
client 2024-02-19 13:41:35,172 [INFO] Synchronizing with the server and with time.google.com...
client 2024-02-19 13:41:35,208 [INFO] NTP:offset = -0.002 s, delay = 0.022 s 
client 2024-02-19 13:41:35,208 [INFO] Sending command to the server: 'time'
client 2024-02-19 13:41:35,217 [INFO] Got response: '1708378894.8498864'
client 2024-02-19 13:41:35,217 [INFO] The time difference between the client and the server is within range 358.799 ms..367.429 ms
client 2024-02-19 13:41:35,217 [INFO] Sending command to the server: 'new,,68ba2526-afb6-446a-9438-056334a912d8'
client 2024-02-19 13:41:35,227 [INFO] Got response: 'OK 2024-02-19_21-41-34,03f0dd03-e405-46d3-bf3d-d2e56e5d1d7a'
client 2024-02-19 13:41:35,227 [INFO] Session id is '2024-02-19_21-41-34'
client 2024-02-19 13:41:35,227 [INFO] Sources: {"sources": {"__init__.py": "da39a3ee5e6b4b0d3255bfef95601890afd80709", "client.py": "33ca4f26368777ac06e01f9567b714a4b8063886", "lib/__init__.py": "da39a3ee5e6b4b0d3255bfef95601890afd80709", "lib/client.py": "ac2aa093c8e8bbc9569b9e2a3471bc64e58a2258", "lib/common.py": "611d8b29633d331eb19c9455ea3b5fa3284ed6df", "lib/external/__init__.py": "da39a3ee5e6b4b0d3255bfef95601890afd80709", "lib/external/ntplib.py": "4da8f970656505a40483206ef2b5d3dd5e81711d", "lib/server.py": "99303c836c683aa9017ec565104e636161d02acb", "lib/source_hashes.py": "60a2e02193209e8d392803326208d5466342da18", "lib/summary.py": "aa92f0a3f975eecd44d3c0cd0236342ccc9f941d", "lib/time_sync.py": "80894ef2389e540781ff78de94db16aa4203a14e", "server.py": "c3f90f2f7eeb4db30727556d0c815ebc89b3d28b", "tests/unit/__init__.py": "da39a3ee5e6b4b0d3255bfef95601890afd80709", "tests/unit/test_server.py": "948c1995d4008bc2aa6c4046a34ffa3858d6d671", "tests/unit/test_source_hashes.py": "00468a2907583c593e6574a1f6b404e4651c221a"}, "modules": {"ptd_client_server.lib.client": "lib/client.py", "ptd_client_server.lib.common": "lib/common.py", "ptd_client_server.lib.external.ntplib": "lib/external/ntplib.py", "ptd_client_server.lib.source_hashes": "lib/source_hashes.py", "ptd_client_server.lib.summary": "lib/summary.py", "ptd_client_server.lib.time_sync": "lib/time_sync.py"}}
client 2024-02-19 13:41:35,227 [INFO] Running workload in ranging mode
client 2024-02-19 13:41:35,227 [INFO] Synchronizing with the server and with time.google.com...
client 2024-02-19 13:41:35,251 [INFO] NTP:offset = -0.002 s, delay = 0.019 s 
client 2024-02-19 13:41:35,251 [INFO] Sending command to the server: 'time'
client 2024-02-19 13:41:35,260 [INFO] Got response: '1708378894.8898866'
client 2024-02-19 13:41:35,260 [INFO] The time difference between the client and the server is within range 361.615 ms..370.583 ms
client 2024-02-19 13:41:35,260 [INFO] Sending command to the server: 'session,2024-02-19_21-41-34,start,ranging'
client 2024-02-19 13:41:59,174 [INFO] Got response: 'OK'
client 2024-02-19 13:41:59,174 [INFO] Sending command to the server: 'time'
client 2024-02-19 13:41:59,184 [INFO] Got response: '1708378918.8201783'
client 2024-02-19 13:41:59,184 [INFO] The time difference between the client and the server is within range 354.685 ms..364.174 ms
client 2024-02-19 13:41:59,184 [INFO] Running the workload 'CM_MLPERF_RUN_COUNT=$(cat ${CM_RUN_DIR}/count.txt); echo ${CM_MLPERF_RUN_COUNT}; CM_MLPERF_RUN_COUNT=$((CM_MLPERF_RUN_COUNT+1)); echo ${CM_MLPERF_RUN_COUNT} > ${CM_RUN_DIR}/count.txt && if [ ${CM_MLPERF_RUN_COUNT} -eq "1" ]; then export CM_MLPERF_USER_CONF=${CM_MLPERF_RANGING_USER_CONF}; else export CM_MLPERF_USER_CONF=${CM_MLPERF_TESTING_USER_CONF}; fi && make run_harness RUN_ARGS=" --benchmarks=3d-unet --scenarios=offline --test_mode=PerformanceOnly --config_ver=high_accuracy --user_conf_path=${CM_MLPERF_USER_CONF} --mlperf_conf_path=/home/cmuser/CM/repos/local/cache/94cf04c8097b4057/inference/mlperf.conf --gpu_batch_size=8 --no_audit_verify " 2>&1 | tee /home/cmuser/local/cache/f4ba7328d7f447f9/valid_results/2706260181c0-nvidia_original-gpu-tensorrt-vdefault-default_config/3d-unet-99.9/offline/performance/run_1/console.out'
client 2024-02-19 13:47:49,483 [INFO] Sending command to the server: 'time'
client 2024-02-19 13:47:49,494 [INFO] Got response: '1708379269.1241097'
client 2024-02-19 13:47:49,494 [INFO] The time difference between the client and the server is within range 359.238 ms..370.086 ms
client 2024-02-19 13:47:49,494 [INFO] Sending command to the server: 'session,2024-02-19_21-41-34,stop,ranging'
client 2024-02-19 13:48:00,297 [INFO] Got response: 'OK'
client 2024-02-19 13:48:00,297 [INFO] Sending command to the server: 'time'
client 2024-02-19 13:48:00,306 [INFO] Got response: '1708379279.934113'
client 2024-02-19 13:48:00,306 [INFO] The time difference between the client and the server is within range 363.096 ms..372.734 ms
client 2024-02-19 13:48:00,308 [INFO] Copying loadgen logs from '/home/cmuser/local/cache/f4ba7328d7f447f9/valid_results/2706260181c0-nvidia_original-gpu-tensorrt-vdefault-default_config/3d-unet-99.9/offline/performance/run_1' to '/home/cmuser/local/cache/f4ba7328d7f447f9/valid_results/2706260181c0-nvidia_original-gpu-tensorrt-vdefault-default_config/3d-unet-99.9/offline/performance/tmp_power/ranging'
client 2024-02-19 13:48:00,308 [INFO] Running workload in testing mode
client 2024-02-19 13:48:00,308 [INFO] Synchronizing with the server and with time.google.com...
client 2024-02-19 13:48:00,365 [INFO] NTP:offset = -0.001 s, delay = 0.050 s 
client 2024-02-19 13:48:00,365 [INFO] Sending command to the server: 'time'
client 2024-02-19 13:48:00,375 [INFO] Got response: '1708379280.004069'
client 2024-02-19 13:48:00,375 [INFO] The time difference between the client and the server is within range 361.465 ms..371.257 ms
client 2024-02-19 13:48:00,375 [INFO] Sending command to the server: 'session,2024-02-19_21-41-34,start,testing'
client 2024-02-19 13:48:13,434 [INFO] Got response: 'OK'
client 2024-02-19 13:48:13,434 [INFO] Sending command to the server: 'time'
client 2024-02-19 13:48:13,444 [INFO] Got response: '1708379293.0743825'
client 2024-02-19 13:48:13,444 [INFO] The time difference between the client and the server is within range 360.070 ms..369.896 ms
client 2024-02-19 13:48:13,444 [INFO] Running the workload 'CM_MLPERF_RUN_COUNT=$(cat ${CM_RUN_DIR}/count.txt); echo ${CM_MLPERF_RUN_COUNT}; CM_MLPERF_RUN_COUNT=$((CM_MLPERF_RUN_COUNT+1)); echo ${CM_MLPERF_RUN_COUNT} > ${CM_RUN_DIR}/count.txt && if [ ${CM_MLPERF_RUN_COUNT} -eq "1" ]; then export CM_MLPERF_USER_CONF=${CM_MLPERF_RANGING_USER_CONF}; else export CM_MLPERF_USER_CONF=${CM_MLPERF_TESTING_USER_CONF}; fi && make run_harness RUN_ARGS=" --benchmarks=3d-unet --scenarios=offline --test_mode=PerformanceOnly --config_ver=high_accuracy --user_conf_path=${CM_MLPERF_USER_CONF} --mlperf_conf_path=/home/cmuser/CM/repos/local/cache/94cf04c8097b4057/inference/mlperf.conf --gpu_batch_size=8 --no_audit_verify " 2>&1 | tee /home/cmuser/local/cache/f4ba7328d7f447f9/valid_results/2706260181c0-nvidia_original-gpu-tensorrt-vdefault-default_config/3d-unet-99.9/offline/performance/run_1/console.out'
client 2024-02-19 13:59:35,279 [INFO] Sending command to the server: 'time'
client 2024-02-19 13:59:35,290 [INFO] Got response: '1708379974.9119534'
client 2024-02-19 13:59:35,290 [INFO] The time difference between the client and the server is within range 367.970 ms..378.877 ms
client 2024-02-19 13:59:35,290 [INFO] Sending command to the server: 'session,2024-02-19_21-41-34,stop,testing'
client 2024-02-19 13:59:45,487 [INFO] Got response: 'OK'
client 2024-02-19 13:59:45,488 [INFO] Sending command to the server: 'time'
client 2024-02-19 13:59:45,498 [INFO] Got response: '1708379985.1181767'
client 2024-02-19 13:59:45,498 [INFO] The time difference between the client and the server is within range 369.916 ms..380.782 ms
client 2024-02-19 13:59:45,499 [INFO] Copying loadgen logs from '/home/cmuser/local/cache/f4ba7328d7f447f9/valid_results/2706260181c0-nvidia_original-gpu-tensorrt-vdefault-default_config/3d-unet-99.9/offline/performance/run_1' to '/home/cmuser/local/cache/f4ba7328d7f447f9/valid_results/2706260181c0-nvidia_original-gpu-tensorrt-vdefault-default_config/3d-unet-99.9/offline/performance/tmp_power/run_1'
client 2024-02-19 13:59:45,499 [INFO] Done runs
