client 2024-02-04 07:38:57,857 [INFO] Creating output directory '/home/arjun/results_dir/valid_results/orin-tflite_armnn_cpp-cpu-armnn_tflite-v23.11-using_neon_with_live_preprocessing/mobilenet-v1-precision_float-0.25-192/singlestream/performance/tmp_power'
client 2024-02-04 07:38:57,970 [INFO] Sending command to the server: 'mlcommons/power client v3'
client 2024-02-04 07:38:57,973 [INFO] Got response: 'mlcommons/power server v3'
client 2024-02-04 07:38:57,973 [INFO] Synchronizing with the server and with time.google.com...
client 2024-02-04 07:38:58,003 [INFO] NTP:offset = -0.002 s, delay = 0.021 s 
client 2024-02-04 07:38:58,003 [INFO] Sending command to the server: 'time'
client 2024-02-04 07:38:58,006 [INFO] Got response: '1707032338.0062854'
client 2024-02-04 07:38:58,007 [INFO] The time difference between the client and the server is within range -2.491 ms..0.735 ms
client 2024-02-04 07:38:58,007 [INFO] Sending command to the server: 'new,,2cab333b-fb03-465f-a877-5906e65e2899'
client 2024-02-04 07:38:58,009 [INFO] Got response: 'OK 2024-02-04_07-38-58,3bc32785-b050-4fa8-b20a-6579a6c8a02a'
client 2024-02-04 07:38:58,009 [INFO] Session id is '2024-02-04_07-38-58'
client 2024-02-04 07:38:58,010 [INFO] Sources: {"sources": {"__init__.py": "da39a3ee5e6b4b0d3255bfef95601890afd80709", "client.py": "33ca4f26368777ac06e01f9567b714a4b8063886", "lib/__init__.py": "da39a3ee5e6b4b0d3255bfef95601890afd80709", "lib/client.py": "ac2aa093c8e8bbc9569b9e2a3471bc64e58a2258", "lib/common.py": "611d8b29633d331eb19c9455ea3b5fa3284ed6df", "lib/external/__init__.py": "da39a3ee5e6b4b0d3255bfef95601890afd80709", "lib/external/ntplib.py": "4da8f970656505a40483206ef2b5d3dd5e81711d", "lib/server.py": "99303c836c683aa9017ec565104e636161d02acb", "lib/source_hashes.py": "60a2e02193209e8d392803326208d5466342da18", "lib/summary.py": "aa92f0a3f975eecd44d3c0cd0236342ccc9f941d", "lib/time_sync.py": "80894ef2389e540781ff78de94db16aa4203a14e", "server.py": "c3f90f2f7eeb4db30727556d0c815ebc89b3d28b", "tests/unit/__init__.py": "da39a3ee5e6b4b0d3255bfef95601890afd80709", "tests/unit/test_server.py": "948c1995d4008bc2aa6c4046a34ffa3858d6d671", "tests/unit/test_source_hashes.py": "00468a2907583c593e6574a1f6b404e4651c221a"}, "modules": {"ptd_client_server.lib.client": "lib/client.py", "ptd_client_server.lib.common": "lib/common.py", "ptd_client_server.lib.external.ntplib": "lib/external/ntplib.py", "ptd_client_server.lib.source_hashes": "lib/source_hashes.py", "ptd_client_server.lib.summary": "lib/summary.py", "ptd_client_server.lib.time_sync": "lib/time_sync.py"}}
client 2024-02-04 07:38:58,010 [INFO] Running workload in ranging mode
client 2024-02-04 07:38:58,010 [INFO] Synchronizing with the server and with time.google.com...
client 2024-02-04 07:38:58,034 [INFO] NTP:offset = -0.002 s, delay = 0.021 s 
client 2024-02-04 07:38:58,034 [INFO] Sending command to the server: 'time'
client 2024-02-04 07:38:58,037 [INFO] Got response: '1707032338.0366564'
client 2024-02-04 07:38:58,037 [INFO] The time difference between the client and the server is within range -2.284 ms..0.699 ms
client 2024-02-04 07:38:58,037 [INFO] Sending command to the server: 'session,2024-02-04_07-38-58,start,ranging'
client 2024-02-04 07:39:26,121 [INFO] Got response: 'OK'
client 2024-02-04 07:39:26,123 [INFO] Sending command to the server: 'time'
client 2024-02-04 07:39:26,128 [INFO] Got response: '1707032366.1270516'
client 2024-02-04 07:39:26,128 [INFO] The time difference between the client and the server is within range -3.334 ms..1.255 ms
client 2024-02-04 07:39:26,128 [INFO] Running the workload 'CM_MLPERF_RUN_COUNT=$(cat ${CM_RUN_DIR}/count.txt); echo ${CM_MLPERF_RUN_COUNT}; CM_MLPERF_RUN_COUNT=$((CM_MLPERF_RUN_COUNT+1)); echo ${CM_MLPERF_RUN_COUNT} > ${CM_RUN_DIR}/count.txt && if [ ${CM_MLPERF_RUN_COUNT} -eq "1" ]; then export CM_MLPERF_USER_CONF=${CM_MLPERF_RANGING_USER_CONF}; else export CM_MLPERF_USER_CONF=${CM_MLPERF_TESTING_USER_CONF}; fi && /mnt/CM/repos/ctuning@mlcommons-ck/cm-mlops/script/get-lib-armnn/run.out'
client 2024-02-04 07:44:28,665 [INFO] Sending command to the server: 'time'
client 2024-02-04 07:44:28,670 [INFO] Got response: '1707032668.669116'
client 2024-02-04 07:44:28,670 [INFO] The time difference between the client and the server is within range -3.696 ms..1.216 ms
client 2024-02-04 07:44:28,670 [INFO] Sending command to the server: 'session,2024-02-04_07-38-58,stop,ranging'
client 2024-02-04 07:44:39,203 [INFO] Got response: 'OK'
client 2024-02-04 07:44:39,203 [INFO] Sending command to the server: 'time'
client 2024-02-04 07:44:39,206 [INFO] Got response: '1707032679.2057822'
client 2024-02-04 07:44:39,206 [INFO] The time difference between the client and the server is within range -2.234 ms..0.949 ms
client 2024-02-04 07:44:39,224 [INFO] Copying loadgen logs from '/home/arjun/results_dir/valid_results/orin-tflite_armnn_cpp-cpu-armnn_tflite-v23.11-using_neon_with_live_preprocessing/mobilenet-v1-precision_float-0.25-192/singlestream/performance/run_1' to '/home/arjun/results_dir/valid_results/orin-tflite_armnn_cpp-cpu-armnn_tflite-v23.11-using_neon_with_live_preprocessing/mobilenet-v1-precision_float-0.25-192/singlestream/performance/tmp_power/ranging'
client 2024-02-04 07:44:39,226 [INFO] Running workload in testing mode
client 2024-02-04 07:44:39,227 [INFO] Synchronizing with the server and with time.google.com...
client 2024-02-04 07:44:39,255 [INFO] NTP:offset = -0.003 s, delay = 0.023 s 
client 2024-02-04 07:44:39,255 [INFO] Sending command to the server: 'time'
client 2024-02-04 07:44:39,258 [INFO] Got response: '1707032679.2583592'
client 2024-02-04 07:44:39,259 [INFO] The time difference between the client and the server is within range -2.472 ms..0.666 ms
client 2024-02-04 07:44:39,259 [INFO] Sending command to the server: 'session,2024-02-04_07-38-58,start,testing'
client 2024-02-04 07:44:52,282 [INFO] Got response: 'OK'
client 2024-02-04 07:44:52,283 [INFO] Sending command to the server: 'time'
client 2024-02-04 07:44:52,287 [INFO] Got response: '1707032692.2865489'
client 2024-02-04 07:44:52,287 [INFO] The time difference between the client and the server is within range -2.654 ms..0.938 ms
client 2024-02-04 07:44:52,287 [INFO] Running the workload 'CM_MLPERF_RUN_COUNT=$(cat ${CM_RUN_DIR}/count.txt); echo ${CM_MLPERF_RUN_COUNT}; CM_MLPERF_RUN_COUNT=$((CM_MLPERF_RUN_COUNT+1)); echo ${CM_MLPERF_RUN_COUNT} > ${CM_RUN_DIR}/count.txt && if [ ${CM_MLPERF_RUN_COUNT} -eq "1" ]; then export CM_MLPERF_USER_CONF=${CM_MLPERF_RANGING_USER_CONF}; else export CM_MLPERF_USER_CONF=${CM_MLPERF_TESTING_USER_CONF}; fi && /mnt/CM/repos/ctuning@mlcommons-ck/cm-mlops/script/get-lib-armnn/run.out'
client 2024-02-04 07:54:57,053 [INFO] Sending command to the server: 'time'
client 2024-02-04 07:54:57,156 [INFO] Got response: '1707033297.1554565'
client 2024-02-04 07:54:57,157 [INFO] The time difference between the client and the server is within range -101.798 ms..1.491 ms
client 2024-02-04 07:54:57,157 [INFO] Sending command to the server: 'session,2024-02-04_07-38-58,stop,testing'
client 2024-02-04 07:55:07,343 [INFO] Got response: 'OK'
client 2024-02-04 07:55:07,344 [INFO] Sending command to the server: 'time'
client 2024-02-04 07:55:07,347 [INFO] Got response: '1707033307.347531'
client 2024-02-04 07:55:07,348 [INFO] The time difference between the client and the server is within range -3.379 ms..0.455 ms
client 2024-02-04 07:55:07,352 [INFO] Copying loadgen logs from '/home/arjun/results_dir/valid_results/orin-tflite_armnn_cpp-cpu-armnn_tflite-v23.11-using_neon_with_live_preprocessing/mobilenet-v1-precision_float-0.25-192/singlestream/performance/run_1' to '/home/arjun/results_dir/valid_results/orin-tflite_armnn_cpp-cpu-armnn_tflite-v23.11-using_neon_with_live_preprocessing/mobilenet-v1-precision_float-0.25-192/singlestream/performance/tmp_power/run_1'
client 2024-02-04 07:55:07,354 [INFO] Done runs
