DeepSparse, Copyright 2021-present / Neuralmagic, Inc. version: 1.6.1 COMMUNITY | (eff4f95d) (release) (optimized) (system=avx2, binary=avx2)
[7f6a7cf5e640 >WARN<  operator() ./src/include/wand/utility/warnings.hpp:14] Generating emulated code for quantized (INT8) operations since no VNNI instructions were detected. Set NM_FAST_VNNI_EMULATION=1 to increase performance at the expense of accuracy.
2024-02-22 20:02:21 deepsparse.utils.onnx INFO     Generating input 'input_ids', type = int64, shape = [1, 384]
2024-02-22 20:02:21 deepsparse.utils.onnx INFO     Generating input 'attention_mask', type = int64, shape = [1, 384]
2024-02-22 20:02:21 deepsparse.utils.onnx INFO     Generating input 'token_type_ids', type = int64, shape = [1, 384]
Loading ONNX model... /home/ec2-user/.cache/sparsezoo/neuralmagic/bert-large-squad_wikipedia_bookcorpus-pruned80.4block_quantized/model.onnx
Constructing SUT...
Finished constructing SUT.
Constructing QSL...
Loading cached features from 'eval_features.pickle'...
Finished constructing QSL.
Warming up engine...
Running LoadGen test...
Done!
Destroying SUT...
Destroying QSL...
Finished destroying SUT.
Finished destroying QSL.

No warnings encountered during test.

No errors encountered during test.
