client 2024-02-01 08:28:58,013 [INFO] Creating output directory '/home/arjun/results_dir/valid_results/orin-tflite_armnn_cpp-cpu-armnn_tflite-v23.05-using_neon/mobilenet-v2-precision_uint8-1.0-128/singlestream/performance/tmp_power'
client 2024-02-01 08:28:58,015 [INFO] Sending command to the server: 'mlcommons/power client v3'
client 2024-02-01 08:28:58,017 [INFO] Got response: 'mlcommons/power server v3'
client 2024-02-01 08:28:58,017 [INFO] Synchronizing with the server and with time.google.com...
client 2024-02-01 08:28:58,054 [INFO] NTP:offset = -0.005 s, delay = 0.021 s 
client 2024-02-01 08:28:58,055 [INFO] Sending command to the server: 'time'
client 2024-02-01 08:28:58,057 [INFO] Got response: '1706776138.050864'
client 2024-02-01 08:28:58,057 [INFO] The time difference between the client and the server is within range 4.270 ms..7.032 ms
client 2024-02-01 08:28:58,058 [INFO] Sending command to the server: 'new,,a45e840d-9746-4f3c-96f9-ac552d5c07fe'
client 2024-02-01 08:28:58,060 [INFO] Got response: 'OK 2024-02-01_08-28-58,4a953f64-848c-455e-84df-7648bc1f636d'
client 2024-02-01 08:28:58,060 [INFO] Session id is '2024-02-01_08-28-58'
client 2024-02-01 08:28:58,060 [INFO] Sources: {"sources": {"__init__.py": "da39a3ee5e6b4b0d3255bfef95601890afd80709", "client.py": "33ca4f26368777ac06e01f9567b714a4b8063886", "lib/__init__.py": "da39a3ee5e6b4b0d3255bfef95601890afd80709", "lib/client.py": "ac2aa093c8e8bbc9569b9e2a3471bc64e58a2258", "lib/common.py": "611d8b29633d331eb19c9455ea3b5fa3284ed6df", "lib/external/__init__.py": "da39a3ee5e6b4b0d3255bfef95601890afd80709", "lib/external/ntplib.py": "4da8f970656505a40483206ef2b5d3dd5e81711d", "lib/server.py": "99303c836c683aa9017ec565104e636161d02acb", "lib/source_hashes.py": "60a2e02193209e8d392803326208d5466342da18", "lib/summary.py": "aa92f0a3f975eecd44d3c0cd0236342ccc9f941d", "lib/time_sync.py": "80894ef2389e540781ff78de94db16aa4203a14e", "server.py": "c3f90f2f7eeb4db30727556d0c815ebc89b3d28b", "tests/unit/__init__.py": "da39a3ee5e6b4b0d3255bfef95601890afd80709", "tests/unit/test_server.py": "948c1995d4008bc2aa6c4046a34ffa3858d6d671", "tests/unit/test_source_hashes.py": "00468a2907583c593e6574a1f6b404e4651c221a"}, "modules": {"ptd_client_server.lib.client": "lib/client.py", "ptd_client_server.lib.common": "lib/common.py", "ptd_client_server.lib.external.ntplib": "lib/external/ntplib.py", "ptd_client_server.lib.source_hashes": "lib/source_hashes.py", "ptd_client_server.lib.summary": "lib/summary.py", "ptd_client_server.lib.time_sync": "lib/time_sync.py"}}
client 2024-02-01 08:28:58,061 [INFO] Running workload in ranging mode
client 2024-02-01 08:28:58,061 [INFO] Synchronizing with the server and with time.google.com...
client 2024-02-01 08:28:58,081 [INFO] NTP:offset = -0.008 s, delay = 0.019 s 
client 2024-02-01 08:28:58,081 [INFO] Sending command to the server: 'time'
client 2024-02-01 08:28:58,084 [INFO] Got response: '1706776138.0773346'
client 2024-02-01 08:28:58,084 [INFO] The time difference between the client and the server is within range 4.274 ms..7.001 ms
client 2024-02-01 08:28:58,084 [INFO] Sending command to the server: 'session,2024-02-01_08-28-58,start,ranging'
client 2024-02-01 08:29:26,141 [INFO] Got response: 'OK'
client 2024-02-01 08:29:26,143 [INFO] Sending command to the server: 'time'
client 2024-02-01 08:29:26,147 [INFO] Got response: '1706776166.139829'
client 2024-02-01 08:29:26,147 [INFO] The time difference between the client and the server is within range 3.933 ms..7.994 ms
client 2024-02-01 08:29:26,148 [INFO] Running the workload 'CM_MLPERF_RUN_COUNT=$(cat ${CM_RUN_DIR}/count.txt); echo ${CM_MLPERF_RUN_COUNT}; CM_MLPERF_RUN_COUNT=$((CM_MLPERF_RUN_COUNT+1)); echo ${CM_MLPERF_RUN_COUNT} > ${CM_RUN_DIR}/count.txt && if [ ${CM_MLPERF_RUN_COUNT} -eq "1" ]; then export CM_MLPERF_USER_CONF=${CM_MLPERF_RANGING_USER_CONF}; else export CM_MLPERF_USER_CONF=${CM_MLPERF_TESTING_USER_CONF}; fi && /mnt/CM/repos/ctuning@mlcommons-ck/cm-mlops/script/benchmark-any-mlperf-inference-implementation/run.out'
client 2024-02-01 08:34:28,618 [INFO] Sending command to the server: 'time'
client 2024-02-01 08:34:28,622 [INFO] Got response: '1706776468.6146991'
client 2024-02-01 08:34:28,622 [INFO] The time difference between the client and the server is within range 3.163 ms..8.160 ms
client 2024-02-01 08:34:28,623 [INFO] Sending command to the server: 'session,2024-02-01_08-28-58,stop,ranging'
client 2024-02-01 08:34:39,298 [INFO] Got response: 'OK'
client 2024-02-01 08:34:39,299 [INFO] Sending command to the server: 'time'
client 2024-02-01 08:34:39,302 [INFO] Got response: '1706776479.2955694'
client 2024-02-01 08:34:39,303 [INFO] The time difference between the client and the server is within range 3.777 ms..7.463 ms
client 2024-02-01 08:34:39,320 [INFO] Copying loadgen logs from '/home/arjun/results_dir/valid_results/orin-tflite_armnn_cpp-cpu-armnn_tflite-v23.05-using_neon/mobilenet-v2-precision_uint8-1.0-128/singlestream/performance/run_1' to '/home/arjun/results_dir/valid_results/orin-tflite_armnn_cpp-cpu-armnn_tflite-v23.05-using_neon/mobilenet-v2-precision_uint8-1.0-128/singlestream/performance/tmp_power/ranging'
client 2024-02-01 08:34:39,322 [INFO] Running workload in testing mode
client 2024-02-01 08:34:39,322 [INFO] Synchronizing with the server and with time.google.com...
client 2024-02-01 08:34:39,349 [INFO] NTP:offset = -0.008 s, delay = 0.022 s 
client 2024-02-01 08:34:39,349 [INFO] Sending command to the server: 'time'
client 2024-02-01 08:34:39,353 [INFO] Got response: '1706776479.3458028'
client 2024-02-01 08:34:39,354 [INFO] The time difference between the client and the server is within range 4.105 ms..8.228 ms
client 2024-02-01 08:34:39,354 [INFO] Sending command to the server: 'session,2024-02-01_08-28-58,start,testing'
client 2024-02-01 08:34:52,376 [INFO] Got response: 'OK'
client 2024-02-01 08:34:52,376 [INFO] Sending command to the server: 'time'
client 2024-02-01 08:34:52,380 [INFO] Got response: '1706776492.3721688'
client 2024-02-01 08:34:52,380 [INFO] The time difference between the client and the server is within range 4.591 ms..8.571 ms
client 2024-02-01 08:34:52,380 [INFO] Running the workload 'CM_MLPERF_RUN_COUNT=$(cat ${CM_RUN_DIR}/count.txt); echo ${CM_MLPERF_RUN_COUNT}; CM_MLPERF_RUN_COUNT=$((CM_MLPERF_RUN_COUNT+1)); echo ${CM_MLPERF_RUN_COUNT} > ${CM_RUN_DIR}/count.txt && if [ ${CM_MLPERF_RUN_COUNT} -eq "1" ]; then export CM_MLPERF_USER_CONF=${CM_MLPERF_RANGING_USER_CONF}; else export CM_MLPERF_USER_CONF=${CM_MLPERF_TESTING_USER_CONF}; fi && /mnt/CM/repos/ctuning@mlcommons-ck/cm-mlops/script/benchmark-any-mlperf-inference-implementation/run.out'
client 2024-02-01 08:44:57,107 [INFO] Sending command to the server: 'time'
client 2024-02-01 08:44:57,184 [INFO] Got response: '1706777097.176063'
client 2024-02-01 08:44:57,184 [INFO] The time difference between the client and the server is within range -68.626 ms..8.576 ms
client 2024-02-01 08:44:57,185 [INFO] Sending command to the server: 'session,2024-02-01_08-28-58,stop,testing'
client 2024-02-01 08:45:07,430 [INFO] Got response: 'OK'
client 2024-02-01 08:45:07,432 [INFO] Sending command to the server: 'time'
client 2024-02-01 08:45:07,434 [INFO] Got response: '1706777107.4279232'
client 2024-02-01 08:45:07,435 [INFO] The time difference between the client and the server is within range 4.154 ms..7.274 ms
client 2024-02-01 08:45:07,439 [INFO] Copying loadgen logs from '/home/arjun/results_dir/valid_results/orin-tflite_armnn_cpp-cpu-armnn_tflite-v23.05-using_neon/mobilenet-v2-precision_uint8-1.0-128/singlestream/performance/run_1' to '/home/arjun/results_dir/valid_results/orin-tflite_armnn_cpp-cpu-armnn_tflite-v23.05-using_neon/mobilenet-v2-precision_uint8-1.0-128/singlestream/performance/tmp_power/run_1'
client 2024-02-01 08:45:07,442 [INFO] Done runs
