client 2024-02-19 09:25:05,997 [INFO] Creating output directory '/home/cmuser/local/cache/f4ba7328d7f447f9/valid_results/2706260181c0-nvidia_original-gpu-tensorrt-vdefault-default_config/rnnt/singlestream/performance/tmp_power'
client 2024-02-19 09:25:06,006 [INFO] Sending command to the server: 'mlcommons/power client v3'
client 2024-02-19 09:25:06,016 [INFO] Got response: 'mlcommons/power server v3'
client 2024-02-19 09:25:06,016 [INFO] Synchronizing with the server and with time.google.com...
client 2024-02-19 09:25:06,043 [INFO] NTP:offset = -0.000 s, delay = 0.021 s 
client 2024-02-19 09:25:06,044 [INFO] Sending command to the server: 'time'
client 2024-02-19 09:25:06,053 [INFO] Got response: '1708363505.8603666'
client 2024-02-19 09:25:06,053 [INFO] The time difference between the client and the server is within range 183.692 ms..193.467 ms
client 2024-02-19 09:25:06,053 [INFO] Sending command to the server: 'new,,ef5facad-4970-4c23-b610-d2051eb2182b'
client 2024-02-19 09:25:06,068 [INFO] Got response: 'OK 2024-02-19_17-25-05,e0181e07-e92e-4f6d-b9f7-320a1f5f0b98'
client 2024-02-19 09:25:06,069 [INFO] Session id is '2024-02-19_17-25-05'
client 2024-02-19 09:25:06,069 [INFO] Sources: {"sources": {"__init__.py": "da39a3ee5e6b4b0d3255bfef95601890afd80709", "client.py": "33ca4f26368777ac06e01f9567b714a4b8063886", "lib/__init__.py": "da39a3ee5e6b4b0d3255bfef95601890afd80709", "lib/client.py": "ac2aa093c8e8bbc9569b9e2a3471bc64e58a2258", "lib/common.py": "611d8b29633d331eb19c9455ea3b5fa3284ed6df", "lib/external/__init__.py": "da39a3ee5e6b4b0d3255bfef95601890afd80709", "lib/external/ntplib.py": "4da8f970656505a40483206ef2b5d3dd5e81711d", "lib/server.py": "99303c836c683aa9017ec565104e636161d02acb", "lib/source_hashes.py": "60a2e02193209e8d392803326208d5466342da18", "lib/summary.py": "aa92f0a3f975eecd44d3c0cd0236342ccc9f941d", "lib/time_sync.py": "80894ef2389e540781ff78de94db16aa4203a14e", "server.py": "c3f90f2f7eeb4db30727556d0c815ebc89b3d28b", "tests/unit/__init__.py": "da39a3ee5e6b4b0d3255bfef95601890afd80709", "tests/unit/test_server.py": "948c1995d4008bc2aa6c4046a34ffa3858d6d671", "tests/unit/test_source_hashes.py": "00468a2907583c593e6574a1f6b404e4651c221a"}, "modules": {"ptd_client_server.lib.client": "lib/client.py", "ptd_client_server.lib.common": "lib/common.py", "ptd_client_server.lib.external.ntplib": "lib/external/ntplib.py", "ptd_client_server.lib.source_hashes": "lib/source_hashes.py", "ptd_client_server.lib.summary": "lib/summary.py", "ptd_client_server.lib.time_sync": "lib/time_sync.py"}}
client 2024-02-19 09:25:06,069 [INFO] Running workload in ranging mode
client 2024-02-19 09:25:06,069 [INFO] Synchronizing with the server and with time.google.com...
client 2024-02-19 09:25:06,095 [INFO] NTP:offset = 0.002 s, delay = 0.021 s 
client 2024-02-19 09:25:06,095 [INFO] Sending command to the server: 'time'
client 2024-02-19 09:25:06,104 [INFO] Got response: '1708363505.9104972'
client 2024-02-19 09:25:06,104 [INFO] The time difference between the client and the server is within range 185.236 ms..194.061 ms
client 2024-02-19 09:25:06,104 [INFO] Sending command to the server: 'session,2024-02-19_17-25-05,start,ranging'
client 2024-02-19 09:25:30,076 [INFO] Got response: 'OK'
client 2024-02-19 09:25:30,077 [INFO] Sending command to the server: 'time'
client 2024-02-19 09:25:30,087 [INFO] Got response: '1708363529.890773'
client 2024-02-19 09:25:30,087 [INFO] The time difference between the client and the server is within range 186.248 ms..196.968 ms
client 2024-02-19 09:25:30,087 [INFO] Running the workload 'CM_MLPERF_RUN_COUNT=$(cat ${CM_RUN_DIR}/count.txt); echo ${CM_MLPERF_RUN_COUNT}; CM_MLPERF_RUN_COUNT=$((CM_MLPERF_RUN_COUNT+1)); echo ${CM_MLPERF_RUN_COUNT} > ${CM_RUN_DIR}/count.txt && if [ ${CM_MLPERF_RUN_COUNT} -eq "1" ]; then export CM_MLPERF_USER_CONF=${CM_MLPERF_RANGING_USER_CONF}; else export CM_MLPERF_USER_CONF=${CM_MLPERF_TESTING_USER_CONF}; fi && make run_harness RUN_ARGS=" --benchmarks=rnnt --scenarios=singlestream --test_mode=PerformanceOnly --user_conf_path=${CM_MLPERF_USER_CONF} --mlperf_conf_path=/home/cmuser/CM/repos/local/cache/94cf04c8097b4057/inference/mlperf.conf --gpu_batch_size=1 --no_audit_verify " 2>&1 | tee /home/cmuser/local/cache/f4ba7328d7f447f9/valid_results/2706260181c0-nvidia_original-gpu-tensorrt-vdefault-default_config/rnnt/singlestream/performance/run_1/console.out'
client 2024-02-19 09:30:34,222 [INFO] Sending command to the server: 'time'
client 2024-02-19 09:30:34,231 [INFO] Got response: '1708363834.0339048'
client 2024-02-19 09:30:34,231 [INFO] The time difference between the client and the server is within range 188.260 ms..197.487 ms
client 2024-02-19 09:30:34,231 [INFO] Sending command to the server: 'session,2024-02-19_17-25-05,stop,ranging'
client 2024-02-19 09:30:45,164 [INFO] Got response: 'OK'
client 2024-02-19 09:30:45,165 [INFO] Sending command to the server: 'time'
client 2024-02-19 09:30:45,173 [INFO] Got response: '1708363844.9740305'
client 2024-02-19 09:30:45,173 [INFO] The time difference between the client and the server is within range 191.019 ms..199.623 ms
client 2024-02-19 09:30:45,175 [INFO] Copying loadgen logs from '/home/cmuser/local/cache/f4ba7328d7f447f9/valid_results/2706260181c0-nvidia_original-gpu-tensorrt-vdefault-default_config/rnnt/singlestream/performance/run_1' to '/home/cmuser/local/cache/f4ba7328d7f447f9/valid_results/2706260181c0-nvidia_original-gpu-tensorrt-vdefault-default_config/rnnt/singlestream/performance/tmp_power/ranging'
client 2024-02-19 09:30:45,175 [INFO] Running workload in testing mode
client 2024-02-19 09:30:45,175 [INFO] Synchronizing with the server and with time.google.com...
client 2024-02-19 09:30:45,207 [INFO] NTP:offset = -0.001 s, delay = 0.020 s 
client 2024-02-19 09:30:45,207 [INFO] Sending command to the server: 'time'
client 2024-02-19 09:30:45,216 [INFO] Got response: '1708363845.0140228'
client 2024-02-19 09:30:45,216 [INFO] The time difference between the client and the server is within range 193.216 ms..202.596 ms
client 2024-02-19 09:30:45,216 [INFO] Sending command to the server: 'session,2024-02-19_17-25-05,start,testing'
client 2024-02-19 09:30:58,289 [INFO] Got response: 'OK'
client 2024-02-19 09:30:58,289 [INFO] Sending command to the server: 'time'
client 2024-02-19 09:30:58,299 [INFO] Got response: '1708363858.1009102'
client 2024-02-19 09:30:58,299 [INFO] The time difference between the client and the server is within range 188.716 ms..198.279 ms
client 2024-02-19 09:30:58,299 [INFO] Running the workload 'CM_MLPERF_RUN_COUNT=$(cat ${CM_RUN_DIR}/count.txt); echo ${CM_MLPERF_RUN_COUNT}; CM_MLPERF_RUN_COUNT=$((CM_MLPERF_RUN_COUNT+1)); echo ${CM_MLPERF_RUN_COUNT} > ${CM_RUN_DIR}/count.txt && if [ ${CM_MLPERF_RUN_COUNT} -eq "1" ]; then export CM_MLPERF_USER_CONF=${CM_MLPERF_RANGING_USER_CONF}; else export CM_MLPERF_USER_CONF=${CM_MLPERF_TESTING_USER_CONF}; fi && make run_harness RUN_ARGS=" --benchmarks=rnnt --scenarios=singlestream --test_mode=PerformanceOnly --user_conf_path=${CM_MLPERF_USER_CONF} --mlperf_conf_path=/home/cmuser/CM/repos/local/cache/94cf04c8097b4057/inference/mlperf.conf --gpu_batch_size=1 --no_audit_verify " 2>&1 | tee /home/cmuser/local/cache/f4ba7328d7f447f9/valid_results/2706260181c0-nvidia_original-gpu-tensorrt-vdefault-default_config/rnnt/singlestream/performance/run_1/console.out'
client 2024-02-19 09:41:02,046 [INFO] Sending command to the server: 'time'
client 2024-02-19 09:41:02,056 [INFO] Got response: '1708364461.8488'
client 2024-02-19 09:41:02,056 [INFO] The time difference between the client and the server is within range 197.956 ms..207.321 ms
client 2024-02-19 09:41:02,056 [INFO] Sending command to the server: 'session,2024-02-19_17-25-05,stop,testing'
client 2024-02-19 09:41:12,354 [INFO] Got response: 'OK'
client 2024-02-19 09:41:12,354 [INFO] Sending command to the server: 'time'
client 2024-02-19 09:41:12,364 [INFO] Got response: '1708364472.1587338'
client 2024-02-19 09:41:12,364 [INFO] The time difference between the client and the server is within range 196.261 ms..205.410 ms
client 2024-02-19 09:41:12,364 [INFO] Copying loadgen logs from '/home/cmuser/local/cache/f4ba7328d7f447f9/valid_results/2706260181c0-nvidia_original-gpu-tensorrt-vdefault-default_config/rnnt/singlestream/performance/run_1' to '/home/cmuser/local/cache/f4ba7328d7f447f9/valid_results/2706260181c0-nvidia_original-gpu-tensorrt-vdefault-default_config/rnnt/singlestream/performance/tmp_power/run_1'
client 2024-02-19 09:41:12,364 [INFO] Done runs
