client 2024-01-29 10:40:08,041 [INFO] Creating output directory '/home/arjun/results_dir/valid_results/orin-tflite_cpp-cpu-tflite-vmaster-default_config/mobilenet-v2-precision_float-0.5-224/singlestream/performance/tmp_power'
client 2024-01-29 10:40:08,045 [INFO] Sending command to the server: 'mlcommons/power client v3'
client 2024-01-29 10:40:08,048 [INFO] Got response: 'mlcommons/power server v3'
client 2024-01-29 10:40:08,048 [INFO] Synchronizing with the server and with time.google.com...
client 2024-01-29 10:40:08,074 [INFO] NTP:offset = -0.004 s, delay = 0.020 s 
client 2024-01-29 10:40:08,074 [INFO] Sending command to the server: 'time'
client 2024-01-29 10:40:08,077 [INFO] Got response: '1706524808.0751634'
client 2024-01-29 10:40:08,078 [INFO] The time difference between the client and the server is within range -0.865 ms..2.844 ms
client 2024-01-29 10:40:08,078 [INFO] Sending command to the server: 'new,,9e7d778b-08da-4817-9293-28a8ecc6f153'
client 2024-01-29 10:40:08,081 [INFO] Got response: 'OK 2024-01-29_10-40-08,36c3f8c8-f05d-4fd0-8db6-fb3741b75190'
client 2024-01-29 10:40:08,081 [INFO] Session id is '2024-01-29_10-40-08'
client 2024-01-29 10:40:08,081 [INFO] Sources: {"sources": {"__init__.py": "da39a3ee5e6b4b0d3255bfef95601890afd80709", "client.py": "33ca4f26368777ac06e01f9567b714a4b8063886", "lib/__init__.py": "da39a3ee5e6b4b0d3255bfef95601890afd80709", "lib/client.py": "ac2aa093c8e8bbc9569b9e2a3471bc64e58a2258", "lib/common.py": "611d8b29633d331eb19c9455ea3b5fa3284ed6df", "lib/external/__init__.py": "da39a3ee5e6b4b0d3255bfef95601890afd80709", "lib/external/ntplib.py": "4da8f970656505a40483206ef2b5d3dd5e81711d", "lib/server.py": "99303c836c683aa9017ec565104e636161d02acb", "lib/source_hashes.py": "60a2e02193209e8d392803326208d5466342da18", "lib/summary.py": "aa92f0a3f975eecd44d3c0cd0236342ccc9f941d", "lib/time_sync.py": "80894ef2389e540781ff78de94db16aa4203a14e", "server.py": "c3f90f2f7eeb4db30727556d0c815ebc89b3d28b", "tests/unit/__init__.py": "da39a3ee5e6b4b0d3255bfef95601890afd80709", "tests/unit/test_server.py": "948c1995d4008bc2aa6c4046a34ffa3858d6d671", "tests/unit/test_source_hashes.py": "00468a2907583c593e6574a1f6b404e4651c221a"}, "modules": {"ptd_client_server.lib.client": "lib/client.py", "ptd_client_server.lib.common": "lib/common.py", "ptd_client_server.lib.external.ntplib": "lib/external/ntplib.py", "ptd_client_server.lib.source_hashes": "lib/source_hashes.py", "ptd_client_server.lib.summary": "lib/summary.py", "ptd_client_server.lib.time_sync": "lib/time_sync.py"}}
client 2024-01-29 10:40:08,082 [INFO] Running workload in ranging mode
client 2024-01-29 10:40:08,082 [INFO] Synchronizing with the server and with time.google.com...
client 2024-01-29 10:40:08,103 [INFO] NTP:offset = -0.005 s, delay = 0.020 s 
client 2024-01-29 10:40:08,103 [INFO] Sending command to the server: 'time'
client 2024-01-29 10:40:08,106 [INFO] Got response: '1706524808.1039398'
client 2024-01-29 10:40:08,106 [INFO] The time difference between the client and the server is within range -0.262 ms..2.644 ms
client 2024-01-29 10:40:08,106 [INFO] Sending command to the server: 'session,2024-01-29_10-40-08,start,ranging'
client 2024-01-29 10:40:36,197 [INFO] Got response: 'OK'
client 2024-01-29 10:40:36,199 [INFO] Sending command to the server: 'time'
client 2024-01-29 10:40:36,204 [INFO] Got response: '1706524836.2011707'
client 2024-01-29 10:40:36,204 [INFO] The time difference between the client and the server is within range -1.412 ms..3.293 ms
client 2024-01-29 10:40:36,204 [INFO] Running the workload 'CM_MLPERF_RUN_COUNT=$(cat ${CM_RUN_DIR}/count.txt); echo ${CM_MLPERF_RUN_COUNT}; CM_MLPERF_RUN_COUNT=$((CM_MLPERF_RUN_COUNT+1)); echo ${CM_MLPERF_RUN_COUNT} > ${CM_RUN_DIR}/count.txt && if [ ${CM_MLPERF_RUN_COUNT} -eq "1" ]; then export CM_MLPERF_USER_CONF=${CM_MLPERF_RANGING_USER_CONF}; else export CM_MLPERF_USER_CONF=${CM_MLPERF_TESTING_USER_CONF}; fi && /mnt/CM/repos/ctuning@mlcommons-ck/cm-mlops/script/benchmark-any-mlperf-inference-implementation/run.out'
client 2024-01-29 10:45:39,182 [INFO] Sending command to the server: 'time'
client 2024-01-29 10:45:39,275 [INFO] Got response: '1706525139.271723'
client 2024-01-29 10:45:39,276 [INFO] The time difference between the client and the server is within range -89.193 ms..4.518 ms
client 2024-01-29 10:45:39,276 [INFO] Sending command to the server: 'session,2024-01-29_10-40-08,stop,ranging'
client 2024-01-29 10:45:50,297 [INFO] Got response: 'OK'
client 2024-01-29 10:45:50,298 [INFO] Sending command to the server: 'time'
client 2024-01-29 10:45:50,300 [INFO] Got response: '1706525150.2986736'
client 2024-01-29 10:45:50,301 [INFO] The time difference between the client and the server is within range -0.585 ms..2.291 ms
client 2024-01-29 10:45:50,319 [INFO] Copying loadgen logs from '/home/arjun/results_dir/valid_results/orin-tflite_cpp-cpu-tflite-vmaster-default_config/mobilenet-v2-precision_float-0.5-224/singlestream/performance/run_1' to '/home/arjun/results_dir/valid_results/orin-tflite_cpp-cpu-tflite-vmaster-default_config/mobilenet-v2-precision_float-0.5-224/singlestream/performance/tmp_power/ranging'
client 2024-01-29 10:45:50,322 [INFO] Running workload in testing mode
client 2024-01-29 10:45:50,322 [INFO] Synchronizing with the server and with time.google.com...
client 2024-01-29 10:45:50,349 [INFO] NTP:offset = -0.004 s, delay = 0.021 s 
client 2024-01-29 10:45:50,349 [INFO] Sending command to the server: 'time'
client 2024-01-29 10:45:50,353 [INFO] Got response: '1706525150.3509676'
client 2024-01-29 10:45:50,353 [INFO] The time difference between the client and the server is within range -1.320 ms..2.338 ms
client 2024-01-29 10:45:50,353 [INFO] Sending command to the server: 'session,2024-01-29_10-40-08,start,testing'
client 2024-01-29 10:46:03,371 [INFO] Got response: 'OK'
client 2024-01-29 10:46:03,372 [INFO] Sending command to the server: 'time'
client 2024-01-29 10:46:03,375 [INFO] Got response: '1706525163.3738117'
client 2024-01-29 10:46:03,376 [INFO] The time difference between the client and the server is within range -1.200 ms..2.301 ms
client 2024-01-29 10:46:03,376 [INFO] Running the workload 'CM_MLPERF_RUN_COUNT=$(cat ${CM_RUN_DIR}/count.txt); echo ${CM_MLPERF_RUN_COUNT}; CM_MLPERF_RUN_COUNT=$((CM_MLPERF_RUN_COUNT+1)); echo ${CM_MLPERF_RUN_COUNT} > ${CM_RUN_DIR}/count.txt && if [ ${CM_MLPERF_RUN_COUNT} -eq "1" ]; then export CM_MLPERF_USER_CONF=${CM_MLPERF_RANGING_USER_CONF}; else export CM_MLPERF_USER_CONF=${CM_MLPERF_TESTING_USER_CONF}; fi && /mnt/CM/repos/ctuning@mlcommons-ck/cm-mlops/script/benchmark-any-mlperf-inference-implementation/run.out'
client 2024-01-29 10:56:08,159 [INFO] Sending command to the server: 'time'
client 2024-01-29 10:56:08,223 [INFO] Got response: '1706525768.2212617'
client 2024-01-29 10:56:08,224 [INFO] The time difference between the client and the server is within range -62.246 ms..3.489 ms
client 2024-01-29 10:56:08,225 [INFO] Sending command to the server: 'session,2024-01-29_10-40-08,stop,testing'
client 2024-01-29 10:56:18,429 [INFO] Got response: 'OK'
client 2024-01-29 10:56:18,430 [INFO] Sending command to the server: 'time'
client 2024-01-29 10:56:18,435 [INFO] Got response: '1706525778.4324324'
client 2024-01-29 10:56:18,436 [INFO] The time difference between the client and the server is within range -1.975 ms..3.679 ms
client 2024-01-29 10:56:18,440 [INFO] Copying loadgen logs from '/home/arjun/results_dir/valid_results/orin-tflite_cpp-cpu-tflite-vmaster-default_config/mobilenet-v2-precision_float-0.5-224/singlestream/performance/run_1' to '/home/arjun/results_dir/valid_results/orin-tflite_cpp-cpu-tflite-vmaster-default_config/mobilenet-v2-precision_float-0.5-224/singlestream/performance/tmp_power/run_1'
client 2024-01-29 10:56:18,456 [INFO] Done runs
