client 2024-02-23 01:56:01,302 [INFO] Sending command to the server: 'mlcommons/power client v3'
client 2024-02-23 01:56:01,305 [INFO] Got response: 'mlcommons/power server v3'
client 2024-02-23 01:56:01,305 [INFO] Sending command to the server: 'stop'
client 2024-02-23 01:56:01,310 [INFO] Got response: 'OK'
client 2024-02-23 01:56:01,310 [INFO] Synchronizing with the server and with 100.64.0.18...
client 2024-02-23 01:56:01,314 [INFO] NTP:offset = 0.001 s, delay = 0.001 s 
client 2024-02-23 01:56:01,314 [INFO] Sending command to the server: 'time'
client 2024-02-23 01:56:01,318 [INFO] Got response: '1708653361.0780673'
client 2024-02-23 01:56:01,318 [INFO] The time difference between the client and the server is within range 236.810 ms..240.671 ms
client 2024-02-23 01:56:01,318 [INFO] Sending command to the server: 'new,,62596e98-e812-4113-bc4e-e7d3a3fff511'
client 2024-02-23 01:56:01,329 [INFO] Got response: 'OK 2024-02-23_01-56-01,1445244a-6bc3-4848-8677-871b378c939b'
client 2024-02-23 01:56:01,329 [INFO] Session id is '2024-02-23_01-56-01'
client 2024-02-23 01:56:01,329 [INFO] Sources: {"sources": {"__init__.py": "da39a3ee5e6b4b0d3255bfef95601890afd80709", "client.py": "33ca4f26368777ac06e01f9567b714a4b8063886", "lib/__init__.py": "da39a3ee5e6b4b0d3255bfef95601890afd80709", "lib/client.py": "ac2aa093c8e8bbc9569b9e2a3471bc64e58a2258", "lib/common.py": "611d8b29633d331eb19c9455ea3b5fa3284ed6df", "lib/external/__init__.py": "da39a3ee5e6b4b0d3255bfef95601890afd80709", "lib/external/ntplib.py": "4da8f970656505a40483206ef2b5d3dd5e81711d", "lib/server.py": "99303c836c683aa9017ec565104e636161d02acb", "lib/source_hashes.py": "60a2e02193209e8d392803326208d5466342da18", "lib/summary.py": "aa92f0a3f975eecd44d3c0cd0236342ccc9f941d", "lib/time_sync.py": "80894ef2389e540781ff78de94db16aa4203a14e", "server.py": "c3f90f2f7eeb4db30727556d0c815ebc89b3d28b", "tests/unit/__init__.py": "da39a3ee5e6b4b0d3255bfef95601890afd80709", "tests/unit/test_server.py": "948c1995d4008bc2aa6c4046a34ffa3858d6d671", "tests/unit/test_source_hashes.py": "00468a2907583c593e6574a1f6b404e4651c221a"}, "modules": {"ptd_client_server.lib.client": "lib/client.py", "ptd_client_server.lib.common": "lib/common.py", "ptd_client_server.lib.external.ntplib": "lib/external/ntplib.py", "ptd_client_server.lib.source_hashes": "lib/source_hashes.py", "ptd_client_server.lib.summary": "lib/summary.py", "ptd_client_server.lib.time_sync": "lib/time_sync.py"}}
client 2024-02-23 01:56:01,329 [INFO] Running workload in ranging mode
client 2024-02-23 01:56:01,330 [INFO] Synchronizing with the server and with 100.64.0.18...
client 2024-02-23 01:56:01,332 [INFO] NTP:offset = 0.001 s, delay = 0.001 s 
client 2024-02-23 01:56:01,332 [INFO] Sending command to the server: 'time'
client 2024-02-23 01:56:01,336 [INFO] Got response: '1708653361.0881016'
client 2024-02-23 01:56:01,336 [INFO] The time difference between the client and the server is within range 244.331 ms..248.389 ms
client 2024-02-23 01:56:01,336 [INFO] Sending command to the server: 'session,2024-02-23_01-56-01,start,ranging'
client 2024-02-23 01:56:25,195 [INFO] Got response: 'OK'
client 2024-02-23 01:56:25,195 [INFO] Sending command to the server: 'time'
client 2024-02-23 01:56:25,199 [INFO] Got response: '1708653384.9482388'
client 2024-02-23 01:56:25,199 [INFO] The time difference between the client and the server is within range 247.297 ms..251.024 ms
client 2024-02-23 01:56:25,199 [INFO] Running the workload 'LOG_DIR=/work/build/power_logs_temp python3.8 -m code.main --benchmarks=retinanet \t--scenarios=Offline \t--config_ver=default_maxq \t--test_mode=PerformanceOnly  --action="run_harness" \\\n\t\t2>&1 | tee -a /work/build/power_logs/2024.02.23-01.55.13/stdout.txt \\\n\t\t&& if [ ! -d /work/build/power_logs/2024.02.23-01.55.13/ranging_tmp ]; \\\n\t\t\tthen mkdir /work/build/power_logs/2024.02.23-01.55.13/ranging_tmp \\\n\t\t\t\t&& mv /work/build/power_logs_temp/* /work/build/power_logs/2024.02.23-01.55.13/ranging_tmp/ \\\n\t\t\t\t&& cp -v /work/build/power_logs/2024.02.23-01.55.13/ranging_tmp/*/*/*/mlperf_log_detail.txt /work/build/power_logs_temp/ \\\n\t\t\t\t&& cp -v /work/build/power_logs/2024.02.23-01.55.13/ranging_tmp/*/*/*/mlperf_log_summary.txt /work/build/power_logs_temp/; \\\n\t\t\telse mkdir /work/build/power_logs/2024.02.23-01.55.13/testing_tmp \\\n\t\t\t\t&& mv /work/build/power_logs_temp/* /work/build/power_logs/2024.02.23-01.55.13/testing_tmp/ \\\n\t\t\t\t&& cp -v /work/build/power_logs/2024.02.23-01.55.13/testing_tmp/*/*/*/mlperf_log_detail.txt /work/build/power_logs_temp/ \\\n\t\t\t\t&& cp -v /work/build/power_logs/2024.02.23-01.55.13/testing_tmp/*/*/*/mlperf_log_summary.txt /work/build/power_logs_temp/; fi'
client 2024-02-23 02:10:12,238 [INFO] Sending command to the server: 'time'
client 2024-02-23 02:10:12,241 [INFO] Got response: '1708654211.9925287'
client 2024-02-23 02:10:12,241 [INFO] The time difference between the client and the server is within range 245.864 ms..249.266 ms
client 2024-02-23 02:10:12,241 [INFO] Sending command to the server: 'session,2024-02-23_01-56-01,stop,ranging'
client 2024-02-23 02:10:23,326 [INFO] Got response: 'OK'
client 2024-02-23 02:10:23,326 [INFO] Sending command to the server: 'time'
client 2024-02-23 02:10:23,328 [INFO] Got response: '1708654223.0804737'
client 2024-02-23 02:10:23,328 [INFO] The time difference between the client and the server is within range 246.280 ms..247.985 ms
client 2024-02-23 02:10:23,335 [INFO] Copying loadgen logs from '/work/build/power_logs_temp' to '/work/build/power_logs/2024.02.23-01.55.13/2024-02-23_01-56-01/ranging'
client 2024-02-23 02:10:23,335 [INFO] Running workload in testing mode
client 2024-02-23 02:10:23,335 [INFO] Synchronizing with the server and with 100.64.0.18...
client 2024-02-23 02:10:23,336 [INFO] NTP:offset = 0.001 s, delay = 0.001 s 
client 2024-02-23 02:10:23,336 [INFO] Sending command to the server: 'time'
client 2024-02-23 02:10:23,339 [INFO] Got response: '1708654223.0904262'
client 2024-02-23 02:10:23,339 [INFO] The time difference between the client and the server is within range 246.501 ms..249.403 ms
client 2024-02-23 02:10:23,339 [INFO] Sending command to the server: 'session,2024-02-23_01-56-01,start,testing'
client 2024-02-23 02:10:36,477 [INFO] Got response: 'OK'
client 2024-02-23 02:10:36,477 [INFO] Sending command to the server: 'time'
client 2024-02-23 02:10:36,519 [INFO] Got response: '1708654236.2486284'
client 2024-02-23 02:10:36,519 [INFO] The time difference between the client and the server is within range 228.823 ms..271.021 ms
client 2024-02-23 02:10:36,519 [INFO] Running the workload 'LOG_DIR=/work/build/power_logs_temp python3.8 -m code.main --benchmarks=retinanet \t--scenarios=Offline \t--config_ver=default_maxq \t--test_mode=PerformanceOnly  --action="run_harness" \\\n\t\t2>&1 | tee -a /work/build/power_logs/2024.02.23-01.55.13/stdout.txt \\\n\t\t&& if [ ! -d /work/build/power_logs/2024.02.23-01.55.13/ranging_tmp ]; \\\n\t\t\tthen mkdir /work/build/power_logs/2024.02.23-01.55.13/ranging_tmp \\\n\t\t\t\t&& mv /work/build/power_logs_temp/* /work/build/power_logs/2024.02.23-01.55.13/ranging_tmp/ \\\n\t\t\t\t&& cp -v /work/build/power_logs/2024.02.23-01.55.13/ranging_tmp/*/*/*/mlperf_log_detail.txt /work/build/power_logs_temp/ \\\n\t\t\t\t&& cp -v /work/build/power_logs/2024.02.23-01.55.13/ranging_tmp/*/*/*/mlperf_log_summary.txt /work/build/power_logs_temp/; \\\n\t\t\telse mkdir /work/build/power_logs/2024.02.23-01.55.13/testing_tmp \\\n\t\t\t\t&& mv /work/build/power_logs_temp/* /work/build/power_logs/2024.02.23-01.55.13/testing_tmp/ \\\n\t\t\t\t&& cp -v /work/build/power_logs/2024.02.23-01.55.13/testing_tmp/*/*/*/mlperf_log_detail.txt /work/build/power_logs_temp/ \\\n\t\t\t\t&& cp -v /work/build/power_logs/2024.02.23-01.55.13/testing_tmp/*/*/*/mlperf_log_summary.txt /work/build/power_logs_temp/; fi'
client 2024-02-23 02:24:20,507 [INFO] Sending command to the server: 'time'
client 2024-02-23 02:24:20,511 [INFO] Got response: '1708655060.2554474'
client 2024-02-23 02:24:20,511 [INFO] The time difference between the client and the server is within range 251.471 ms..256.188 ms
client 2024-02-23 02:24:20,511 [INFO] Sending command to the server: 'session,2024-02-23_01-56-01,stop,testing'
client 2024-02-23 02:24:31,499 [INFO] Got response: 'OK'
client 2024-02-23 02:24:31,499 [INFO] Sending command to the server: 'time'
client 2024-02-23 02:24:31,501 [INFO] Got response: '1708655071.2433496'
client 2024-02-23 02:24:31,501 [INFO] The time difference between the client and the server is within range 255.991 ms..258.057 ms
client 2024-02-23 02:24:31,503 [INFO] Copying loadgen logs from '/work/build/power_logs_temp' to '/work/build/power_logs/2024.02.23-01.55.13/2024-02-23_01-56-01/run_1'
client 2024-02-23 02:24:31,503 [INFO] Done runs
