client 2024-01-26 06:35:42,706 [INFO] Creating output directory '/home/krai/work_collection/experiments_submission/generated_by_power_measurement_on_run_b170f9e7615c4ff0857984e37951e55a/power_logs'
client 2024-01-26 06:35:42,707 [INFO] Sending command to the server: 'mlcommons/power client v3'
client 2024-01-26 06:35:42,708 [INFO] Got response: 'mlcommons/power server v3'
client 2024-01-26 06:35:42,708 [INFO] Synchronizing with the server and with time.google.com...
client 2024-01-26 06:35:42,798 [INFO] NTP:offset = 0.011 s, delay = 0.088 s 
client 2024-01-26 06:35:42,798 [INFO] Sending command to the server: 'time'
client 2024-01-26 06:35:42,800 [INFO] Got response: '1706272542.8092072'
client 2024-01-26 06:35:42,800 [INFO] The time difference between the client and the server is within range -10.458 ms..-9.128 ms
client 2024-01-26 06:35:42,800 [INFO] Sending command to the server: 'new,,a2630691-9902-4cec-8948-a2a90909f0fc'
client 2024-01-26 06:35:42,801 [INFO] Got response: 'OK 2024-01-26_06-35-42,a79183b8-9294-49b8-a752-94dcf90b595f'
client 2024-01-26 06:35:42,801 [INFO] Session id is '2024-01-26_06-35-42'
client 2024-01-26 06:35:42,801 [INFO] Sources: {"sources": {"__init__.py": "da39a3ee5e6b4b0d3255bfef95601890afd80709", "client.py": "33ca4f26368777ac06e01f9567b714a4b8063886", "lib/__init__.py": "da39a3ee5e6b4b0d3255bfef95601890afd80709", "lib/client.py": "ac2aa093c8e8bbc9569b9e2a3471bc64e58a2258", "lib/common.py": "611d8b29633d331eb19c9455ea3b5fa3284ed6df", "lib/external/__init__.py": "da39a3ee5e6b4b0d3255bfef95601890afd80709", "lib/external/ntplib.py": "4da8f970656505a40483206ef2b5d3dd5e81711d", "lib/server.py": "99303c836c683aa9017ec565104e636161d02acb", "lib/source_hashes.py": "60a2e02193209e8d392803326208d5466342da18", "lib/summary.py": "aa92f0a3f975eecd44d3c0cd0236342ccc9f941d", "lib/time_sync.py": "80894ef2389e540781ff78de94db16aa4203a14e", "server.py": "c3f90f2f7eeb4db30727556d0c815ebc89b3d28b", "tests/unit/__init__.py": "da39a3ee5e6b4b0d3255bfef95601890afd80709", "tests/unit/test_server.py": "948c1995d4008bc2aa6c4046a34ffa3858d6d671", "tests/unit/test_source_hashes.py": "00468a2907583c593e6574a1f6b404e4651c221a"}, "modules": {"ptd_client_server.lib.client": "lib/client.py", "ptd_client_server.lib.common": "lib/common.py", "ptd_client_server.lib.external.ntplib": "lib/external/ntplib.py", "ptd_client_server.lib.source_hashes": "lib/source_hashes.py", "ptd_client_server.lib.summary": "lib/summary.py", "ptd_client_server.lib.time_sync": "lib/time_sync.py"}}
client 2024-01-26 06:35:42,801 [INFO] Running workload in ranging mode
client 2024-01-26 06:35:42,801 [INFO] Synchronizing with the server and with time.google.com...
client 2024-01-26 06:35:42,883 [INFO] NTP:offset = 0.007 s, delay = 0.081 s 
client 2024-01-26 06:35:42,883 [INFO] Sending command to the server: 'time'
client 2024-01-26 06:35:42,884 [INFO] Got response: '1706272542.8938818'
client 2024-01-26 06:35:42,884 [INFO] The time difference between the client and the server is within range -10.458 ms..-9.150 ms
client 2024-01-26 06:35:42,884 [INFO] Sending command to the server: 'session,2024-01-26_06-35-42,start,ranging'
client 2024-01-26 06:36:12,010 [INFO] Got response: 'OK'
client 2024-01-26 06:36:12,010 [INFO] Sending command to the server: 'time'
client 2024-01-26 06:36:12,012 [INFO] Got response: '1706272572.0212677'
client 2024-01-26 06:36:12,012 [INFO] The time difference between the client and the server is within range -10.446 ms..-9.202 ms
client 2024-01-26 06:36:12,012 [INFO] Running the workload 'axs byquery loadgen_output,task=image_classification,sut_name=r282_q8_pro_edge,model_name=resnet50,framework=kilt,device=qaic,collection_name=experiments_submission,loadgen_mode=PerformanceOnly,loadgen_compliance_test-,loadgen_scenario=SingleStream,_with_power+,symlink_to=/home/krai/work_collection/experiments_submission/generated_by_power_measurement_on_run_b170f9e7615c4ff0857984e37951e55a/last_mlperf_logs,power_client_entrydic_path=/home/krai/work_collection/experiments_submission/generated_by_power_measurement_on_run_b170f9e7615c4ff0857984e37951e55a/program_output.json,effective_no_ranging-'
client 2024-01-26 06:46:21,653 [INFO] Sending command to the server: 'time'
client 2024-01-26 06:46:21,654 [INFO] Got response: '1706273181.6655629'
client 2024-01-26 06:46:21,654 [INFO] The time difference between the client and the server is within range -12.395 ms..-10.746 ms
client 2024-01-26 06:46:21,654 [INFO] Sending command to the server: 'session,2024-01-26_06-35-42,stop,ranging'
client 2024-01-26 06:46:32,026 [INFO] Got response: 'OK'
client 2024-01-26 06:46:32,026 [INFO] Sending command to the server: 'time'
client 2024-01-26 06:46:32,027 [INFO] Got response: '1706273192.0380008'
client 2024-01-26 06:46:32,027 [INFO] The time difference between the client and the server is within range -11.455 ms..-10.946 ms
client 2024-01-26 06:46:32,030 [INFO] Copying loadgen logs from '/home/krai/work_collection/experiments_submission/generated_by_power_measurement_on_run_b170f9e7615c4ff0857984e37951e55a/last_mlperf_logs' to '/home/krai/work_collection/experiments_submission/generated_by_power_measurement_on_run_b170f9e7615c4ff0857984e37951e55a/power_logs/ranging'
client 2024-01-26 06:46:32,030 [INFO] Running workload in testing mode
client 2024-01-26 06:46:32,030 [INFO] Synchronizing with the server and with time.google.com...
client 2024-01-26 06:46:32,117 [INFO] NTP:offset = 0.012 s, delay = 0.086 s 
client 2024-01-26 06:46:32,117 [INFO] Sending command to the server: 'time'
client 2024-01-26 06:46:32,118 [INFO] Got response: '1706273192.1293597'
client 2024-01-26 06:46:32,118 [INFO] The time difference between the client and the server is within range -12.107 ms..-10.780 ms
client 2024-01-26 06:46:32,118 [INFO] Sending command to the server: 'session,2024-01-26_06-35-42,start,testing'
client 2024-01-26 06:46:45,136 [INFO] Got response: 'OK'
client 2024-01-26 06:46:45,136 [INFO] Sending command to the server: 'time'
client 2024-01-26 06:46:45,137 [INFO] Got response: '1706273205.1488657'
client 2024-01-26 06:46:45,138 [INFO] The time difference between the client and the server is within range -12.097 ms..-10.844 ms
client 2024-01-26 06:46:45,138 [INFO] Running the workload 'axs byquery loadgen_output,task=image_classification,sut_name=r282_q8_pro_edge,model_name=resnet50,framework=kilt,device=qaic,collection_name=experiments_submission,loadgen_mode=PerformanceOnly,loadgen_compliance_test-,loadgen_scenario=SingleStream,_with_power+,symlink_to=/home/krai/work_collection/experiments_submission/generated_by_power_measurement_on_run_b170f9e7615c4ff0857984e37951e55a/last_mlperf_logs,power_client_entrydic_path=/home/krai/work_collection/experiments_submission/generated_by_power_measurement_on_run_b170f9e7615c4ff0857984e37951e55a/program_output.json,effective_no_ranging-'
client 2024-01-26 06:56:57,808 [INFO] Sending command to the server: 'time'
client 2024-01-26 06:56:57,809 [INFO] Got response: '1706273817.8216202'
client 2024-01-26 06:56:57,809 [INFO] The time difference between the client and the server is within range -13.378 ms..-11.804 ms
client 2024-01-26 06:56:57,809 [INFO] Sending command to the server: 'session,2024-01-26_06-35-42,stop,testing'
client 2024-01-26 06:57:08,146 [INFO] Got response: 'OK'
client 2024-01-26 06:57:08,146 [INFO] Sending command to the server: 'time'
client 2024-01-26 06:57:08,147 [INFO] Got response: '1706273828.159302'
client 2024-01-26 06:57:08,147 [INFO] The time difference between the client and the server is within range -12.560 ms..-11.951 ms
client 2024-01-26 06:57:08,148 [INFO] Copying loadgen logs from '/home/krai/work_collection/experiments_submission/generated_by_power_measurement_on_run_b170f9e7615c4ff0857984e37951e55a/last_mlperf_logs' to '/home/krai/work_collection/experiments_submission/generated_by_power_measurement_on_run_b170f9e7615c4ff0857984e37951e55a/power_logs/run_1'
client 2024-01-26 06:57:08,148 [INFO] Done runs
