Graph file: /home/ubuntu/CM/repos/local/cache/08eb0d8a10654206/mobilenet_v1_0.75_192_quant.tflite
Image dir: /home/ubuntu/CM/repos/local/cache/21d5aaca5a3c4e85
Image list: /home/ubuntu/CM/repos/local/cache/21d5aaca5a3c4e85/preprocessed_files.txt
Image size: 192
Image channels: 3
Prediction classes: 1000
Result dir: /home/ubuntu/CM/repos/local/cache/9189d9e91ded4a64/valid_results/ip_172_31_17_121-tflite_cpp-cpu-tflite-vmaster-default_config/mobilenet-v1-precision_uint8-0.75-192/singlestream/performance/run_1
How many images fit in memory buffer: 1024
Normalize: 1
Subtract mean: 0
Run time preprocessing: 1
Number of Threads: 16
Number of available imagefiles: 50000

Loading graph...
INFO: Created TensorFlow Lite XNNPACK delegate for CPU.
Input tensor dimensions (NHWC): 1*192*192*3
Output tensor dimensions: 1*1001
Path to mlperf.conf : /home/ubuntu/CM/repos/local/cache/64edb80306f94124/inference/mlperf.conf
Path to user.conf : /home/ubuntu/CM/repos/ctuning@mlcommons-ck/cm-mlops/script/generate-mlperf-inference-user-conf/tmp/e81f0a981ebc4132b7346bec3ee486aa.conf
Model Name: mobilenet
LoadGen Scenario: SingleStream
LoadGen Mode: performance
