Graph file: /home/ec2-user/CM/repos/local/cache/888ebac365e948c7/efficientnet-lite3/efficientnet-lite3-fp32.tflite
Image dir: /home/ec2-user/CM/repos/local/cache/87329c3f5ca34142
Image list: /home/ec2-user/CM/repos/local/cache/87329c3f5ca34142/preprocessed_files.txt
Image size: 280
Image channels: 3
Prediction classes: 1000
Result dir: /home/ec2-user/CM/repos/local/cache/017d8e20e6854c20/valid_results/ip_172_31_30_110.us_west_2.compute.internal-tflite_cpp-cpu-tflite-vmaster-with_live_preprocessing/efficientnet-fp32-lite3/singlestream/performance/run_1
How many images fit in memory buffer: 1024
Normalize: 1
Subtract mean: 0
Run time preprocessing: 1
Number of Threads: 8
Number of available imagefiles: 50000

Loading graph...
INFO: Created TensorFlow Lite XNNPACK delegate for CPU.
Input tensor dimensions (NHWC): 1*280*280*3
Output tensor dimensions: 1*1000
Path to mlperf.conf : /home/ec2-user/CM/repos/local/cache/41e6ffe78d1840ee/inference/mlperf.conf
Path to user.conf : /home/ec2-user/CM/repos/ctuning@mlcommons-ck/cm-mlops/script/generate-mlperf-inference-user-conf/tmp/6c0e77d7ff374a628aeb2c694ae36f15.conf
Model Name: efficientnet
LoadGen Scenario: SingleStream
LoadGen Mode: performance
