client 2024-01-29 15:54:39,469 [INFO] Creating output directory '/home/arjun/results_dir/valid_results/orin-tflite_cpp-cpu-tflite-vmaster-default_config/mobilenet-v3-precision_uint8-large-minimalistic-224/singlestream/performance/tmp_power'
client 2024-01-29 15:54:39,472 [INFO] Sending command to the server: 'mlcommons/power client v3'
client 2024-01-29 15:54:39,475 [INFO] Got response: 'mlcommons/power server v3'
client 2024-01-29 15:54:39,475 [INFO] Synchronizing with the server and with time.google.com...
client 2024-01-29 15:54:39,502 [INFO] NTP:offset = -0.004 s, delay = 0.021 s 
client 2024-01-29 15:54:39,503 [INFO] Sending command to the server: 'time'
client 2024-01-29 15:54:39,507 [INFO] Got response: '1706543679.5028281'
client 2024-01-29 15:54:39,507 [INFO] The time difference between the client and the server is within range 0.231 ms..4.324 ms
client 2024-01-29 15:54:39,507 [INFO] Sending command to the server: 'new,,959ff003-5fdd-4e83-8642-4c9197646dc8'
client 2024-01-29 15:54:39,511 [INFO] Got response: 'OK 2024-01-29_15-54-39,7d54604a-a50d-4d23-ba39-2d4980254aac'
client 2024-01-29 15:54:39,511 [INFO] Session id is '2024-01-29_15-54-39'
client 2024-01-29 15:54:39,511 [INFO] Sources: {"sources": {"__init__.py": "da39a3ee5e6b4b0d3255bfef95601890afd80709", "client.py": "33ca4f26368777ac06e01f9567b714a4b8063886", "lib/__init__.py": "da39a3ee5e6b4b0d3255bfef95601890afd80709", "lib/client.py": "ac2aa093c8e8bbc9569b9e2a3471bc64e58a2258", "lib/common.py": "611d8b29633d331eb19c9455ea3b5fa3284ed6df", "lib/external/__init__.py": "da39a3ee5e6b4b0d3255bfef95601890afd80709", "lib/external/ntplib.py": "4da8f970656505a40483206ef2b5d3dd5e81711d", "lib/server.py": "99303c836c683aa9017ec565104e636161d02acb", "lib/source_hashes.py": "60a2e02193209e8d392803326208d5466342da18", "lib/summary.py": "aa92f0a3f975eecd44d3c0cd0236342ccc9f941d", "lib/time_sync.py": "80894ef2389e540781ff78de94db16aa4203a14e", "server.py": "c3f90f2f7eeb4db30727556d0c815ebc89b3d28b", "tests/unit/__init__.py": "da39a3ee5e6b4b0d3255bfef95601890afd80709", "tests/unit/test_server.py": "948c1995d4008bc2aa6c4046a34ffa3858d6d671", "tests/unit/test_source_hashes.py": "00468a2907583c593e6574a1f6b404e4651c221a"}, "modules": {"ptd_client_server.lib.client": "lib/client.py", "ptd_client_server.lib.common": "lib/common.py", "ptd_client_server.lib.external.ntplib": "lib/external/ntplib.py", "ptd_client_server.lib.source_hashes": "lib/source_hashes.py", "ptd_client_server.lib.summary": "lib/summary.py", "ptd_client_server.lib.time_sync": "lib/time_sync.py"}}
client 2024-01-29 15:54:39,511 [INFO] Running workload in ranging mode
client 2024-01-29 15:54:39,511 [INFO] Synchronizing with the server and with time.google.com...
client 2024-01-29 15:54:39,533 [INFO] NTP:offset = -0.004 s, delay = 0.021 s 
client 2024-01-29 15:54:39,533 [INFO] Sending command to the server: 'time'
client 2024-01-29 15:54:39,536 [INFO] Got response: '1706543679.5329964'
client 2024-01-29 15:54:39,536 [INFO] The time difference between the client and the server is within range 0.944 ms..3.735 ms
client 2024-01-29 15:54:39,536 [INFO] Sending command to the server: 'session,2024-01-29_15-54-39,start,ranging'
client 2024-01-29 15:55:07,619 [INFO] Got response: 'OK'
client 2024-01-29 15:55:07,621 [INFO] Sending command to the server: 'time'
client 2024-01-29 15:55:07,626 [INFO] Got response: '1706543707.6216116'
client 2024-01-29 15:55:07,626 [INFO] The time difference between the client and the server is within range -0.202 ms..4.965 ms
client 2024-01-29 15:55:07,626 [INFO] Running the workload 'CM_MLPERF_RUN_COUNT=$(cat ${CM_RUN_DIR}/count.txt); echo ${CM_MLPERF_RUN_COUNT}; CM_MLPERF_RUN_COUNT=$((CM_MLPERF_RUN_COUNT+1)); echo ${CM_MLPERF_RUN_COUNT} > ${CM_RUN_DIR}/count.txt && if [ ${CM_MLPERF_RUN_COUNT} -eq "1" ]; then export CM_MLPERF_USER_CONF=${CM_MLPERF_RANGING_USER_CONF}; else export CM_MLPERF_USER_CONF=${CM_MLPERF_TESTING_USER_CONF}; fi && /mnt/CM/repos/ctuning@mlcommons-ck/cm-mlops/script/benchmark-any-mlperf-inference-implementation/run.out'
client 2024-01-29 16:00:10,038 [INFO] Sending command to the server: 'time'
client 2024-01-29 16:00:10,042 [INFO] Got response: '1706544010.0379543'
client 2024-01-29 16:00:10,042 [INFO] The time difference between the client and the server is within range 0.074 ms..4.369 ms
client 2024-01-29 16:00:10,042 [INFO] Sending command to the server: 'session,2024-01-29_15-54-39,stop,ranging'
client 2024-01-29 16:00:20,758 [INFO] Got response: 'OK'
client 2024-01-29 16:00:20,758 [INFO] Sending command to the server: 'time'
client 2024-01-29 16:00:20,761 [INFO] Got response: '1706544020.7576187'
client 2024-01-29 16:00:20,762 [INFO] The time difference between the client and the server is within range 0.851 ms..4.310 ms
client 2024-01-29 16:00:20,778 [INFO] Copying loadgen logs from '/home/arjun/results_dir/valid_results/orin-tflite_cpp-cpu-tflite-vmaster-default_config/mobilenet-v3-precision_uint8-large-minimalistic-224/singlestream/performance/run_1' to '/home/arjun/results_dir/valid_results/orin-tflite_cpp-cpu-tflite-vmaster-default_config/mobilenet-v3-precision_uint8-large-minimalistic-224/singlestream/performance/tmp_power/ranging'
client 2024-01-29 16:00:20,780 [INFO] Running workload in testing mode
client 2024-01-29 16:00:20,781 [INFO] Synchronizing with the server and with time.google.com...
client 2024-01-29 16:00:20,807 [INFO] NTP:offset = -0.004 s, delay = 0.021 s 
client 2024-01-29 16:00:20,807 [INFO] Sending command to the server: 'time'
client 2024-01-29 16:00:20,810 [INFO] Got response: '1706544020.8068652'
client 2024-01-29 16:00:20,811 [INFO] The time difference between the client and the server is within range 0.615 ms..4.196 ms
client 2024-01-29 16:00:20,811 [INFO] Sending command to the server: 'session,2024-01-29_15-54-39,start,testing'
client 2024-01-29 16:00:33,831 [INFO] Got response: 'OK'
client 2024-01-29 16:00:33,832 [INFO] Sending command to the server: 'time'
client 2024-01-29 16:00:33,835 [INFO] Got response: '1706544033.8311772'
client 2024-01-29 16:00:33,835 [INFO] The time difference between the client and the server is within range 0.818 ms..4.285 ms
client 2024-01-29 16:00:33,835 [INFO] Running the workload 'CM_MLPERF_RUN_COUNT=$(cat ${CM_RUN_DIR}/count.txt); echo ${CM_MLPERF_RUN_COUNT}; CM_MLPERF_RUN_COUNT=$((CM_MLPERF_RUN_COUNT+1)); echo ${CM_MLPERF_RUN_COUNT} > ${CM_RUN_DIR}/count.txt && if [ ${CM_MLPERF_RUN_COUNT} -eq "1" ]; then export CM_MLPERF_USER_CONF=${CM_MLPERF_RANGING_USER_CONF}; else export CM_MLPERF_USER_CONF=${CM_MLPERF_TESTING_USER_CONF}; fi && /mnt/CM/repos/ctuning@mlcommons-ck/cm-mlops/script/benchmark-any-mlperf-inference-implementation/run.out'
client 2024-01-29 16:10:38,028 [INFO] Sending command to the server: 'time'
client 2024-01-29 16:10:38,033 [INFO] Got response: '1706544638.0283744'
client 2024-01-29 16:10:38,033 [INFO] The time difference between the client and the server is within range 0.199 ms..5.032 ms
client 2024-01-29 16:10:38,033 [INFO] Sending command to the server: 'session,2024-01-29_15-54-39,stop,testing'
client 2024-01-29 16:10:48,882 [INFO] Got response: 'OK'
client 2024-01-29 16:10:48,883 [INFO] Sending command to the server: 'time'
client 2024-01-29 16:10:48,886 [INFO] Got response: '1706544648.8825183'
client 2024-01-29 16:10:48,887 [INFO] The time difference between the client and the server is within range 1.131 ms..4.813 ms
client 2024-01-29 16:10:48,892 [INFO] Copying loadgen logs from '/home/arjun/results_dir/valid_results/orin-tflite_cpp-cpu-tflite-vmaster-default_config/mobilenet-v3-precision_uint8-large-minimalistic-224/singlestream/performance/run_1' to '/home/arjun/results_dir/valid_results/orin-tflite_cpp-cpu-tflite-vmaster-default_config/mobilenet-v3-precision_uint8-large-minimalistic-224/singlestream/performance/tmp_power/run_1'
client 2024-01-29 16:10:48,905 [INFO] Done runs
