Graph file: /home/ubuntu/CM/repos/local/cache/e610ea2ed0674b5f/mobilenet_v2_0.35_128.tflite
Image dir: /home/ubuntu/CM/repos/local/cache/e59e47309d044b78
Image list: /home/ubuntu/CM/repos/local/cache/e59e47309d044b78/preprocessed_files.txt
Image size: 128
Image channels: 3
Prediction classes: 1000
Result dir: /home/ubuntu/CM/repos/local/cache/a4a5ea16d6484514/valid_results/ip_172_31_38_149-tflite_cpp-cpu-tflite-vmaster-default_config/mobilenet-v2-precision_float-0.35-128/singlestream/performance/run_1
How many images fit in memory buffer: 1024
Normalize: 1
Subtract mean: 0
Run time preprocessing: 0
Number of Threads: 2
Number of available imagefiles: 50000

Loading graph...
INFO: Created TensorFlow Lite XNNPACK delegate for CPU.
Input tensor dimensions (NHWC): 1*128*128*3
Output tensor dimensions: 1*1001
Path to mlperf.conf : /home/ubuntu/CM/repos/local/cache/3fb96ad6072347c2/inference/mlperf.conf
Path to user.conf : /home/ubuntu/CM/repos/ctuning@mlcommons-ck/cm-mlops/script/generate-mlperf-inference-user-conf/tmp/03f8a2b48c47499f8da973658d0569eb.conf
Model Name: mobilenet
LoadGen Scenario: SingleStream
LoadGen Mode: performance
