client 2024-02-01 13:27:26,132 [INFO] Creating output directory '/home/arjun/results_dir/valid_results/orin-tflite_armnn_cpp-cpu-armnn_tflite-v23.05-using_neon/mobilenet-v2-precision_uint8-0.35-224/singlestream/performance/tmp_power'
client 2024-02-01 13:27:26,340 [INFO] Sending command to the server: 'mlcommons/power client v3'
client 2024-02-01 13:27:26,344 [INFO] Got response: 'mlcommons/power server v3'
client 2024-02-01 13:27:26,344 [INFO] Synchronizing with the server and with time.google.com...
client 2024-02-01 13:27:26,373 [INFO] NTP:offset = -0.005 s, delay = 0.021 s 
client 2024-02-01 13:27:26,374 [INFO] Sending command to the server: 'time'
client 2024-02-01 13:27:26,378 [INFO] Got response: '1706794046.370444'
client 2024-02-01 13:27:26,378 [INFO] The time difference between the client and the server is within range 3.586 ms..7.758 ms
client 2024-02-01 13:27:26,378 [INFO] Sending command to the server: 'new,,85562b0f-83fe-4b81-9943-85059ba2f3b9'
client 2024-02-01 13:27:26,392 [INFO] Got response: 'OK 2024-02-01_13-27-26,7042b28f-84a1-4687-afb8-98226634d193'
client 2024-02-01 13:27:26,392 [INFO] Session id is '2024-02-01_13-27-26'
client 2024-02-01 13:27:26,392 [INFO] Sources: {"sources": {"__init__.py": "da39a3ee5e6b4b0d3255bfef95601890afd80709", "client.py": "33ca4f26368777ac06e01f9567b714a4b8063886", "lib/__init__.py": "da39a3ee5e6b4b0d3255bfef95601890afd80709", "lib/client.py": "ac2aa093c8e8bbc9569b9e2a3471bc64e58a2258", "lib/common.py": "611d8b29633d331eb19c9455ea3b5fa3284ed6df", "lib/external/__init__.py": "da39a3ee5e6b4b0d3255bfef95601890afd80709", "lib/external/ntplib.py": "4da8f970656505a40483206ef2b5d3dd5e81711d", "lib/server.py": "99303c836c683aa9017ec565104e636161d02acb", "lib/source_hashes.py": "60a2e02193209e8d392803326208d5466342da18", "lib/summary.py": "aa92f0a3f975eecd44d3c0cd0236342ccc9f941d", "lib/time_sync.py": "80894ef2389e540781ff78de94db16aa4203a14e", "server.py": "c3f90f2f7eeb4db30727556d0c815ebc89b3d28b", "tests/unit/__init__.py": "da39a3ee5e6b4b0d3255bfef95601890afd80709", "tests/unit/test_server.py": "948c1995d4008bc2aa6c4046a34ffa3858d6d671", "tests/unit/test_source_hashes.py": "00468a2907583c593e6574a1f6b404e4651c221a"}, "modules": {"ptd_client_server.lib.client": "lib/client.py", "ptd_client_server.lib.common": "lib/common.py", "ptd_client_server.lib.external.ntplib": "lib/external/ntplib.py", "ptd_client_server.lib.source_hashes": "lib/source_hashes.py", "ptd_client_server.lib.summary": "lib/summary.py", "ptd_client_server.lib.time_sync": "lib/time_sync.py"}}
client 2024-02-01 13:27:26,393 [INFO] Running workload in ranging mode
client 2024-02-01 13:27:26,393 [INFO] Synchronizing with the server and with time.google.com...
client 2024-02-01 13:27:26,418 [INFO] NTP:offset = -0.004 s, delay = 0.022 s 
client 2024-02-01 13:27:26,418 [INFO] Sending command to the server: 'time'
client 2024-02-01 13:27:26,422 [INFO] Got response: '1706794046.4148464'
client 2024-02-01 13:27:26,422 [INFO] The time difference between the client and the server is within range 3.607 ms..7.466 ms
client 2024-02-01 13:27:26,422 [INFO] Sending command to the server: 'session,2024-02-01_13-27-26,start,ranging'
client 2024-02-01 13:27:54,580 [INFO] Got response: 'OK'
client 2024-02-01 13:27:54,581 [INFO] Sending command to the server: 'time'
client 2024-02-01 13:27:54,585 [INFO] Got response: '1706794074.5776894'
client 2024-02-01 13:27:54,585 [INFO] The time difference between the client and the server is within range 4.110 ms..7.834 ms
client 2024-02-01 13:27:54,585 [INFO] Running the workload 'CM_MLPERF_RUN_COUNT=$(cat ${CM_RUN_DIR}/count.txt); echo ${CM_MLPERF_RUN_COUNT}; CM_MLPERF_RUN_COUNT=$((CM_MLPERF_RUN_COUNT+1)); echo ${CM_MLPERF_RUN_COUNT} > ${CM_RUN_DIR}/count.txt && if [ ${CM_MLPERF_RUN_COUNT} -eq "1" ]; then export CM_MLPERF_USER_CONF=${CM_MLPERF_RANGING_USER_CONF}; else export CM_MLPERF_USER_CONF=${CM_MLPERF_TESTING_USER_CONF}; fi && /mnt/CM/repos/ctuning@mlcommons-ck/cm-mlops/script/benchmark-any-mlperf-inference-implementation/run.out'
client 2024-02-01 13:32:57,209 [INFO] Sending command to the server: 'time'
client 2024-02-01 13:32:57,213 [INFO] Got response: '1706794377.2058148'
client 2024-02-01 13:32:57,213 [INFO] The time difference between the client and the server is within range 3.148 ms..7.930 ms
client 2024-02-01 13:32:57,213 [INFO] Sending command to the server: 'session,2024-02-01_13-27-26,stop,ranging'
client 2024-02-01 13:33:07,786 [INFO] Got response: 'OK'
client 2024-02-01 13:33:07,787 [INFO] Sending command to the server: 'time'
client 2024-02-01 13:33:07,790 [INFO] Got response: '1706794387.7834818'
client 2024-02-01 13:33:07,791 [INFO] The time difference between the client and the server is within range 4.096 ms..7.809 ms
client 2024-02-01 13:33:07,808 [INFO] Copying loadgen logs from '/home/arjun/results_dir/valid_results/orin-tflite_armnn_cpp-cpu-armnn_tflite-v23.05-using_neon/mobilenet-v2-precision_uint8-0.35-224/singlestream/performance/run_1' to '/home/arjun/results_dir/valid_results/orin-tflite_armnn_cpp-cpu-armnn_tflite-v23.05-using_neon/mobilenet-v2-precision_uint8-0.35-224/singlestream/performance/tmp_power/ranging'
client 2024-02-01 13:33:07,810 [INFO] Running workload in testing mode
client 2024-02-01 13:33:07,811 [INFO] Synchronizing with the server and with time.google.com...
client 2024-02-01 13:33:07,837 [INFO] NTP:offset = -0.005 s, delay = 0.021 s 
client 2024-02-01 13:33:07,838 [INFO] Sending command to the server: 'time'
client 2024-02-01 13:33:07,840 [INFO] Got response: '1706794387.833509'
client 2024-02-01 13:33:07,840 [INFO] The time difference between the client and the server is within range 4.492 ms..7.419 ms
client 2024-02-01 13:33:07,841 [INFO] Sending command to the server: 'session,2024-02-01_13-27-26,start,testing'
client 2024-02-01 13:33:20,856 [INFO] Got response: 'OK'
client 2024-02-01 13:33:20,857 [INFO] Sending command to the server: 'time'
client 2024-02-01 13:33:20,860 [INFO] Got response: '1706794400.853386'
client 2024-02-01 13:33:20,861 [INFO] The time difference between the client and the server is within range 4.474 ms..7.905 ms
client 2024-02-01 13:33:20,861 [INFO] Running the workload 'CM_MLPERF_RUN_COUNT=$(cat ${CM_RUN_DIR}/count.txt); echo ${CM_MLPERF_RUN_COUNT}; CM_MLPERF_RUN_COUNT=$((CM_MLPERF_RUN_COUNT+1)); echo ${CM_MLPERF_RUN_COUNT} > ${CM_RUN_DIR}/count.txt && if [ ${CM_MLPERF_RUN_COUNT} -eq "1" ]; then export CM_MLPERF_USER_CONF=${CM_MLPERF_RANGING_USER_CONF}; else export CM_MLPERF_USER_CONF=${CM_MLPERF_TESTING_USER_CONF}; fi && /mnt/CM/repos/ctuning@mlcommons-ck/cm-mlops/script/benchmark-any-mlperf-inference-implementation/run.out'
client 2024-02-01 13:43:25,344 [INFO] Sending command to the server: 'time'
client 2024-02-01 13:43:25,348 [INFO] Got response: '1706795005.3404596'
client 2024-02-01 13:43:25,348 [INFO] The time difference between the client and the server is within range 3.953 ms..8.363 ms
client 2024-02-01 13:43:25,349 [INFO] Sending command to the server: 'session,2024-02-01_13-27-26,stop,testing'
client 2024-02-01 13:43:35,908 [INFO] Got response: 'OK'
client 2024-02-01 13:43:35,909 [INFO] Sending command to the server: 'time'
client 2024-02-01 13:43:35,913 [INFO] Got response: '1706795015.9050095'
client 2024-02-01 13:43:35,913 [INFO] The time difference between the client and the server is within range 4.631 ms..8.414 ms
client 2024-02-01 13:43:35,918 [INFO] Copying loadgen logs from '/home/arjun/results_dir/valid_results/orin-tflite_armnn_cpp-cpu-armnn_tflite-v23.05-using_neon/mobilenet-v2-precision_uint8-0.35-224/singlestream/performance/run_1' to '/home/arjun/results_dir/valid_results/orin-tflite_armnn_cpp-cpu-armnn_tflite-v23.05-using_neon/mobilenet-v2-precision_uint8-0.35-224/singlestream/performance/tmp_power/run_1'
client 2024-02-01 13:43:35,920 [INFO] Done runs
