client 2024-02-04 05:09:44,424 [INFO] Creating output directory '/home/arjun/results_dir/valid_results/orin-tflite_armnn_cpp-cpu-armnn_tflite-v23.11-using_neon/mobilenet-v1-precision_uint8-0.5-224/singlestream/performance/tmp_power'
client 2024-02-04 05:09:44,427 [INFO] Sending command to the server: 'mlcommons/power client v3'
client 2024-02-04 05:09:44,429 [INFO] Got response: 'mlcommons/power server v3'
client 2024-02-04 05:09:44,429 [INFO] Synchronizing with the server and with time.google.com...
client 2024-02-04 05:09:44,456 [INFO] NTP:offset = 0.000 s, delay = 0.021 s 
client 2024-02-04 05:09:44,457 [INFO] Sending command to the server: 'time'
client 2024-02-04 05:09:44,459 [INFO] Got response: '1707023384.4580228'
client 2024-02-04 05:09:44,460 [INFO] The time difference between the client and the server is within range -0.896 ms..1.999 ms
client 2024-02-04 05:09:44,460 [INFO] Sending command to the server: 'new,,ab80a38c-0f6a-4301-a028-d3ffce98e50f'
client 2024-02-04 05:09:44,462 [INFO] Got response: 'OK 2024-02-04_05-09-44,fe73603d-6a3e-488d-b291-7b2562bd82cf'
client 2024-02-04 05:09:44,462 [INFO] Session id is '2024-02-04_05-09-44'
client 2024-02-04 05:09:44,462 [INFO] Sources: {"sources": {"__init__.py": "da39a3ee5e6b4b0d3255bfef95601890afd80709", "client.py": "33ca4f26368777ac06e01f9567b714a4b8063886", "lib/__init__.py": "da39a3ee5e6b4b0d3255bfef95601890afd80709", "lib/client.py": "ac2aa093c8e8bbc9569b9e2a3471bc64e58a2258", "lib/common.py": "611d8b29633d331eb19c9455ea3b5fa3284ed6df", "lib/external/__init__.py": "da39a3ee5e6b4b0d3255bfef95601890afd80709", "lib/external/ntplib.py": "4da8f970656505a40483206ef2b5d3dd5e81711d", "lib/server.py": "99303c836c683aa9017ec565104e636161d02acb", "lib/source_hashes.py": "60a2e02193209e8d392803326208d5466342da18", "lib/summary.py": "aa92f0a3f975eecd44d3c0cd0236342ccc9f941d", "lib/time_sync.py": "80894ef2389e540781ff78de94db16aa4203a14e", "server.py": "c3f90f2f7eeb4db30727556d0c815ebc89b3d28b", "tests/unit/__init__.py": "da39a3ee5e6b4b0d3255bfef95601890afd80709", "tests/unit/test_server.py": "948c1995d4008bc2aa6c4046a34ffa3858d6d671", "tests/unit/test_source_hashes.py": "00468a2907583c593e6574a1f6b404e4651c221a"}, "modules": {"ptd_client_server.lib.client": "lib/client.py", "ptd_client_server.lib.common": "lib/common.py", "ptd_client_server.lib.external.ntplib": "lib/external/ntplib.py", "ptd_client_server.lib.source_hashes": "lib/source_hashes.py", "ptd_client_server.lib.summary": "lib/summary.py", "ptd_client_server.lib.time_sync": "lib/time_sync.py"}}
client 2024-02-04 05:09:44,463 [INFO] Running workload in ranging mode
client 2024-02-04 05:09:44,463 [INFO] Synchronizing with the server and with time.google.com...
client 2024-02-04 05:09:44,486 [INFO] NTP:offset = 0.000 s, delay = 0.022 s 
client 2024-02-04 05:09:44,486 [INFO] Sending command to the server: 'time'
client 2024-02-04 05:09:44,489 [INFO] Got response: '1707023384.4873366'
client 2024-02-04 05:09:44,489 [INFO] The time difference between the client and the server is within range -0.882 ms..1.856 ms
client 2024-02-04 05:09:44,489 [INFO] Sending command to the server: 'session,2024-02-04_05-09-44,start,ranging'
client 2024-02-04 05:10:12,570 [INFO] Got response: 'OK'
client 2024-02-04 05:10:12,573 [INFO] Sending command to the server: 'time'
client 2024-02-04 05:10:12,576 [INFO] Got response: '1707023412.5742207'
client 2024-02-04 05:10:12,577 [INFO] The time difference between the client and the server is within range -0.850 ms..2.960 ms
client 2024-02-04 05:10:12,577 [INFO] Running the workload 'CM_MLPERF_RUN_COUNT=$(cat ${CM_RUN_DIR}/count.txt); echo ${CM_MLPERF_RUN_COUNT}; CM_MLPERF_RUN_COUNT=$((CM_MLPERF_RUN_COUNT+1)); echo ${CM_MLPERF_RUN_COUNT} > ${CM_RUN_DIR}/count.txt && if [ ${CM_MLPERF_RUN_COUNT} -eq "1" ]; then export CM_MLPERF_USER_CONF=${CM_MLPERF_RANGING_USER_CONF}; else export CM_MLPERF_USER_CONF=${CM_MLPERF_TESTING_USER_CONF}; fi && /mnt/CM/repos/ctuning@mlcommons-ck/cm-mlops/script/get-lib-armnn/run.out'
client 2024-02-04 05:15:15,128 [INFO] Sending command to the server: 'time'
client 2024-02-04 05:15:15,132 [INFO] Got response: '1707023715.129516'
client 2024-02-04 05:15:15,132 [INFO] The time difference between the client and the server is within range -0.857 ms..2.909 ms
client 2024-02-04 05:15:15,132 [INFO] Sending command to the server: 'session,2024-02-04_05-09-44,stop,ranging'
client 2024-02-04 05:15:25,633 [INFO] Got response: 'OK'
client 2024-02-04 05:15:25,634 [INFO] Sending command to the server: 'time'
client 2024-02-04 05:15:25,637 [INFO] Got response: '1707023725.6352017'
client 2024-02-04 05:15:25,637 [INFO] The time difference between the client and the server is within range -1.096 ms..2.512 ms
client 2024-02-04 05:15:25,654 [INFO] Copying loadgen logs from '/home/arjun/results_dir/valid_results/orin-tflite_armnn_cpp-cpu-armnn_tflite-v23.11-using_neon/mobilenet-v1-precision_uint8-0.5-224/singlestream/performance/run_1' to '/home/arjun/results_dir/valid_results/orin-tflite_armnn_cpp-cpu-armnn_tflite-v23.11-using_neon/mobilenet-v1-precision_uint8-0.5-224/singlestream/performance/tmp_power/ranging'
client 2024-02-04 05:15:25,657 [INFO] Running workload in testing mode
client 2024-02-04 05:15:25,657 [INFO] Synchronizing with the server and with time.google.com...
client 2024-02-04 05:15:25,685 [INFO] NTP:offset = 0.000 s, delay = 0.023 s 
client 2024-02-04 05:15:25,685 [INFO] Sending command to the server: 'time'
client 2024-02-04 05:15:25,688 [INFO] Got response: '1707023725.685897'
client 2024-02-04 05:15:25,688 [INFO] The time difference between the client and the server is within range -0.598 ms..2.779 ms
client 2024-02-04 05:15:25,688 [INFO] Sending command to the server: 'session,2024-02-04_05-09-44,start,testing'
client 2024-02-04 05:15:38,705 [INFO] Got response: 'OK'
client 2024-02-04 05:15:38,706 [INFO] Sending command to the server: 'time'
client 2024-02-04 05:15:38,708 [INFO] Got response: '1707023738.7066321'
client 2024-02-04 05:15:38,709 [INFO] The time difference between the client and the server is within range -0.495 ms..2.597 ms
client 2024-02-04 05:15:38,709 [INFO] Running the workload 'CM_MLPERF_RUN_COUNT=$(cat ${CM_RUN_DIR}/count.txt); echo ${CM_MLPERF_RUN_COUNT}; CM_MLPERF_RUN_COUNT=$((CM_MLPERF_RUN_COUNT+1)); echo ${CM_MLPERF_RUN_COUNT} > ${CM_RUN_DIR}/count.txt && if [ ${CM_MLPERF_RUN_COUNT} -eq "1" ]; then export CM_MLPERF_USER_CONF=${CM_MLPERF_RANGING_USER_CONF}; else export CM_MLPERF_USER_CONF=${CM_MLPERF_TESTING_USER_CONF}; fi && /mnt/CM/repos/ctuning@mlcommons-ck/cm-mlops/script/get-lib-armnn/run.out'
client 2024-02-04 05:25:43,715 [INFO] Sending command to the server: 'time'
client 2024-02-04 05:25:43,718 [INFO] Got response: '1707024343.7160006'
client 2024-02-04 05:25:43,718 [INFO] The time difference between the client and the server is within range -0.632 ms..2.892 ms
client 2024-02-04 05:25:43,719 [INFO] Sending command to the server: 'session,2024-02-04_05-09-44,stop,testing'
client 2024-02-04 05:25:54,755 [INFO] Got response: 'OK'
client 2024-02-04 05:25:54,756 [INFO] Sending command to the server: 'time'
client 2024-02-04 05:25:54,760 [INFO] Got response: '1707024354.7568843'
client 2024-02-04 05:25:54,760 [INFO] The time difference between the client and the server is within range -0.332 ms..3.690 ms
client 2024-02-04 05:25:54,765 [INFO] Copying loadgen logs from '/home/arjun/results_dir/valid_results/orin-tflite_armnn_cpp-cpu-armnn_tflite-v23.11-using_neon/mobilenet-v1-precision_uint8-0.5-224/singlestream/performance/run_1' to '/home/arjun/results_dir/valid_results/orin-tflite_armnn_cpp-cpu-armnn_tflite-v23.11-using_neon/mobilenet-v1-precision_uint8-0.5-224/singlestream/performance/tmp_power/run_1'
client 2024-02-04 05:25:54,768 [INFO] Done runs
