Graph file: /home/ec2-user/CM/repos/local/cache/bd770054aa234ae5/efficientnet-lite4/efficientnet-lite4-fp32.tflite
Image dir: /home/ec2-user/CM/repos/local/cache/762d15a8e1d7474b
Image list: /home/ec2-user/CM/repos/local/cache/762d15a8e1d7474b/preprocessed_files.txt
Image size: 300
Image channels: 3
Prediction classes: 1000
Result dir: /home/ec2-user/CM/repos/local/cache/2b88026e7cd54ea9/valid_results/ip_172_31_41_189.us_west_2.compute.internal-tflite_cpp-cpu-tflite-vmaster-default_config/efficientnet-fp32-lite4/singlestream/performance/run_1
How many images fit in memory buffer: 1024
Normalize: 1
Subtract mean: 0
Run time preprocessing: 0
Number of Threads: 4
Number of available imagefiles: 50000

Loading graph...
INFO: Created TensorFlow Lite XNNPACK delegate for CPU.
Input tensor dimensions (NHWC): 1*300*300*3
Output tensor dimensions: 1*1000
Path to mlperf.conf : /home/ec2-user/CM/repos/local/cache/8a7eb07153174f8b/inference/mlperf.conf
Path to user.conf : /home/ec2-user/CM/repos/ctuning@mlcommons-ck/cm-mlops/script/generate-mlperf-inference-user-conf/tmp/017d79db209f49b3988ad757002304ab.conf
Model Name: efficientnet
LoadGen Scenario: SingleStream
LoadGen Mode: performance
