================================================
MLPerf Results Summary
================================================
SUT name : 
Scenario : Offline
Mode     : PerformanceOnly
Samples per second: 145.36
Result is : VALID
  Min duration satisfied : Yes
  Min queries satisfied : Yes
  Early stopping satisfied: Yes

================================================
Additional Stats
================================================
Min latency (ns)                : 88274596
Max latency (ns)                : 678744088780
Mean latency (ns)               : 335505532531
50.00 percentile latency (ns)   : 333420405351
90.00 percentile latency (ns)   : 609712807499
95.00 percentile latency (ns)   : 644388134323
97.00 percentile latency (ns)   : 658093683470
99.00 percentile latency (ns)   : 671897487564
99.90 percentile latency (ns)   : 678027364374

================================================
Test Parameters Used
================================================
samples_per_query : 98662
target_qps : 149.488
target_latency (ns): 0
max_async_queries : 1
min_duration (ms): 600000
max_duration (ms): 0
min_query_count : 1
max_query_count : 0
qsl_rng_seed : 13281865557512327830
sample_index_rng_seed : 198141574272810017
schedule_rng_seed : 7575108116881280410
accuracy_log_rng_seed : 0
accuracy_log_probability : 0
accuracy_log_sampling_target : 0
print_timestamps : 0
performance_issue_unique : 0
performance_issue_same : 0
performance_issue_same_index : 0
performance_sample_count : 10833

No warnings encountered during test.

No errors encountered during test.
Constructing QSL...
Loading cached features from 'eval_features.pickle'...
Finished constructing QSL.
