client 2024-02-19 13:21:33,964 [INFO] Creating output directory '/home/cmuser/local/cache/f4ba7328d7f447f9/valid_results/2706260181c0-nvidia_original-gpu-tensorrt-vdefault-default_config/resnet50/offline/performance/tmp_power'
client 2024-02-19 13:21:33,972 [INFO] Sending command to the server: 'mlcommons/power client v3'
client 2024-02-19 13:21:33,982 [INFO] Got response: 'mlcommons/power server v3'
client 2024-02-19 13:21:33,982 [INFO] Synchronizing with the server and with time.google.com...
client 2024-02-19 13:21:34,019 [INFO] NTP:offset = 0.001 s, delay = 0.025 s 
client 2024-02-19 13:21:34,019 [INFO] Sending command to the server: 'time'
client 2024-02-19 13:21:34,027 [INFO] Got response: '1708377693.6769798'
client 2024-02-19 13:21:34,027 [INFO] The time difference between the client and the server is within range 342.383 ms..350.350 ms
client 2024-02-19 13:21:34,027 [INFO] Sending command to the server: 'new,,a0ad0b68-102c-44c4-8fb0-05fd61757d4f'
client 2024-02-19 13:21:34,040 [INFO] Got response: 'OK 2024-02-19_21-21-33,554576cb-2ce4-44f2-a4fe-e50551e80f1d'
client 2024-02-19 13:21:34,040 [INFO] Session id is '2024-02-19_21-21-33'
client 2024-02-19 13:21:34,040 [INFO] Sources: {"sources": {"__init__.py": "da39a3ee5e6b4b0d3255bfef95601890afd80709", "client.py": "33ca4f26368777ac06e01f9567b714a4b8063886", "lib/__init__.py": "da39a3ee5e6b4b0d3255bfef95601890afd80709", "lib/client.py": "ac2aa093c8e8bbc9569b9e2a3471bc64e58a2258", "lib/common.py": "611d8b29633d331eb19c9455ea3b5fa3284ed6df", "lib/external/__init__.py": "da39a3ee5e6b4b0d3255bfef95601890afd80709", "lib/external/ntplib.py": "4da8f970656505a40483206ef2b5d3dd5e81711d", "lib/server.py": "99303c836c683aa9017ec565104e636161d02acb", "lib/source_hashes.py": "60a2e02193209e8d392803326208d5466342da18", "lib/summary.py": "aa92f0a3f975eecd44d3c0cd0236342ccc9f941d", "lib/time_sync.py": "80894ef2389e540781ff78de94db16aa4203a14e", "server.py": "c3f90f2f7eeb4db30727556d0c815ebc89b3d28b", "tests/unit/__init__.py": "da39a3ee5e6b4b0d3255bfef95601890afd80709", "tests/unit/test_server.py": "948c1995d4008bc2aa6c4046a34ffa3858d6d671", "tests/unit/test_source_hashes.py": "00468a2907583c593e6574a1f6b404e4651c221a"}, "modules": {"ptd_client_server.lib.client": "lib/client.py", "ptd_client_server.lib.common": "lib/common.py", "ptd_client_server.lib.external.ntplib": "lib/external/ntplib.py", "ptd_client_server.lib.source_hashes": "lib/source_hashes.py", "ptd_client_server.lib.summary": "lib/summary.py", "ptd_client_server.lib.time_sync": "lib/time_sync.py"}}
client 2024-02-19 13:21:34,040 [INFO] Running workload in ranging mode
client 2024-02-19 13:21:34,040 [INFO] Synchronizing with the server and with time.google.com...
client 2024-02-19 13:21:34,068 [INFO] NTP:offset = -0.001 s, delay = 0.022 s 
client 2024-02-19 13:21:34,068 [INFO] Sending command to the server: 'time'
client 2024-02-19 13:21:34,076 [INFO] Got response: '1708377693.7269466'
client 2024-02-19 13:21:34,076 [INFO] The time difference between the client and the server is within range 341.491 ms..349.861 ms
client 2024-02-19 13:21:34,076 [INFO] Sending command to the server: 'session,2024-02-19_21-21-33,start,ranging'
client 2024-02-19 13:21:57,971 [INFO] Got response: 'OK'
client 2024-02-19 13:21:57,971 [INFO] Sending command to the server: 'time'
client 2024-02-19 13:21:57,980 [INFO] Got response: '1708377717.6273541'
client 2024-02-19 13:21:57,980 [INFO] The time difference between the client and the server is within range 343.994 ms..353.240 ms
client 2024-02-19 13:21:57,980 [INFO] Running the workload 'CM_MLPERF_RUN_COUNT=$(cat ${CM_RUN_DIR}/count.txt); echo ${CM_MLPERF_RUN_COUNT}; CM_MLPERF_RUN_COUNT=$((CM_MLPERF_RUN_COUNT+1)); echo ${CM_MLPERF_RUN_COUNT} > ${CM_RUN_DIR}/count.txt && if [ ${CM_MLPERF_RUN_COUNT} -eq "1" ]; then export CM_MLPERF_USER_CONF=${CM_MLPERF_RANGING_USER_CONF}; else export CM_MLPERF_USER_CONF=${CM_MLPERF_TESTING_USER_CONF}; fi && make run_harness RUN_ARGS=" --benchmarks=resnet50 --scenarios=offline --test_mode=PerformanceOnly --user_conf_path=${CM_MLPERF_USER_CONF} --mlperf_conf_path=/home/cmuser/CM/repos/local/cache/94cf04c8097b4057/inference/mlperf.conf --gpu_batch_size=64 --no_audit_verify " 2>&1 | tee /home/cmuser/local/cache/f4ba7328d7f447f9/valid_results/2706260181c0-nvidia_original-gpu-tensorrt-vdefault-default_config/resnet50/offline/performance/run_1/console.out'
client 2024-02-19 13:27:45,086 [INFO] Sending command to the server: 'time'
client 2024-02-19 13:27:45,097 [INFO] Got response: '1708378064.7410865'
client 2024-02-19 13:27:45,097 [INFO] The time difference between the client and the server is within range 344.956 ms..356.295 ms
client 2024-02-19 13:27:45,097 [INFO] Sending command to the server: 'session,2024-02-19_21-21-33,stop,ranging'
client 2024-02-19 13:27:56,095 [INFO] Got response: 'OK'
client 2024-02-19 13:27:56,095 [INFO] Sending command to the server: 'time'
client 2024-02-19 13:27:56,107 [INFO] Got response: '1708378075.7410696'
client 2024-02-19 13:27:56,107 [INFO] The time difference between the client and the server is within range 354.378 ms..366.564 ms
client 2024-02-19 13:27:56,109 [INFO] Copying loadgen logs from '/home/cmuser/local/cache/f4ba7328d7f447f9/valid_results/2706260181c0-nvidia_original-gpu-tensorrt-vdefault-default_config/resnet50/offline/performance/run_1' to '/home/cmuser/local/cache/f4ba7328d7f447f9/valid_results/2706260181c0-nvidia_original-gpu-tensorrt-vdefault-default_config/resnet50/offline/performance/tmp_power/ranging'
client 2024-02-19 13:27:56,109 [INFO] Running workload in testing mode
client 2024-02-19 13:27:56,109 [INFO] Synchronizing with the server and with time.google.com...
client 2024-02-19 13:27:56,132 [INFO] NTP:offset = -0.003 s, delay = 0.017 s 
client 2024-02-19 13:27:56,132 [INFO] Sending command to the server: 'time'
client 2024-02-19 13:27:56,141 [INFO] Got response: '1708378075.781085'
client 2024-02-19 13:27:56,141 [INFO] The time difference between the client and the server is within range 351.116 ms..360.575 ms
client 2024-02-19 13:27:56,141 [INFO] Sending command to the server: 'session,2024-02-19_21-21-33,start,testing'
client 2024-02-19 13:28:09,210 [INFO] Got response: 'OK'
client 2024-02-19 13:28:09,210 [INFO] Sending command to the server: 'time'
client 2024-02-19 13:28:09,227 [INFO] Got response: '1708378088.8612652'
client 2024-02-19 13:28:09,227 [INFO] The time difference between the client and the server is within range 349.119 ms..366.010 ms
client 2024-02-19 13:28:09,227 [INFO] Running the workload 'CM_MLPERF_RUN_COUNT=$(cat ${CM_RUN_DIR}/count.txt); echo ${CM_MLPERF_RUN_COUNT}; CM_MLPERF_RUN_COUNT=$((CM_MLPERF_RUN_COUNT+1)); echo ${CM_MLPERF_RUN_COUNT} > ${CM_RUN_DIR}/count.txt && if [ ${CM_MLPERF_RUN_COUNT} -eq "1" ]; then export CM_MLPERF_USER_CONF=${CM_MLPERF_RANGING_USER_CONF}; else export CM_MLPERF_USER_CONF=${CM_MLPERF_TESTING_USER_CONF}; fi && make run_harness RUN_ARGS=" --benchmarks=resnet50 --scenarios=offline --test_mode=PerformanceOnly --user_conf_path=${CM_MLPERF_USER_CONF} --mlperf_conf_path=/home/cmuser/CM/repos/local/cache/94cf04c8097b4057/inference/mlperf.conf --gpu_batch_size=64 --no_audit_verify " 2>&1 | tee /home/cmuser/local/cache/f4ba7328d7f447f9/valid_results/2706260181c0-nvidia_original-gpu-tensorrt-vdefault-default_config/resnet50/offline/performance/run_1/console.out'
client 2024-02-19 13:39:37,746 [INFO] Sending command to the server: 'time'
client 2024-02-19 13:39:37,755 [INFO] Got response: '1708378777.3887956'
client 2024-02-19 13:39:37,755 [INFO] The time difference between the client and the server is within range 357.527 ms..367.042 ms
client 2024-02-19 13:39:37,755 [INFO] Sending command to the server: 'session,2024-02-19_21-21-33,stop,testing'
client 2024-02-19 13:39:48,284 [INFO] Got response: 'OK'
client 2024-02-19 13:39:48,285 [INFO] Sending command to the server: 'time'
client 2024-02-19 13:39:48,293 [INFO] Got response: '1708378787.9287329'
client 2024-02-19 13:39:48,293 [INFO] The time difference between the client and the server is within range 356.266 ms..364.614 ms
client 2024-02-19 13:39:48,293 [INFO] Copying loadgen logs from '/home/cmuser/local/cache/f4ba7328d7f447f9/valid_results/2706260181c0-nvidia_original-gpu-tensorrt-vdefault-default_config/resnet50/offline/performance/run_1' to '/home/cmuser/local/cache/f4ba7328d7f447f9/valid_results/2706260181c0-nvidia_original-gpu-tensorrt-vdefault-default_config/resnet50/offline/performance/tmp_power/run_1'
client 2024-02-19 13:39:48,294 [INFO] Done runs
