Graph file: /home/ubuntu/CM/repos/local/cache/2bc4fa09a58843c6/v3-small_224_1.0_float/v3-small_224_1.0_float.tflite
Image dir: /home/ubuntu/CM/repos/local/cache/18aba6ce05a647be
Image list: /home/ubuntu/CM/repos/local/cache/18aba6ce05a647be/preprocessed_files.txt
Image size: 224
Image channels: 3
Prediction classes: 1000
Result dir: /home/ubuntu/CM/repos/local/cache/0d27aeefb8a44716/valid_results/t2.xlarge-tflite_cpp-cpu-tflite-vmaster-with_live_preprocessing/mobilenet-v3-precision_float-small-224/singlestream/accuracy
How many images fit in memory buffer: 1024
Normalize: 1
Subtract mean: 0
Run time preprocessing: 1
Number of Threads: 4
Number of available imagefiles: 50000

Loading graph...
INFO: Created TensorFlow Lite XNNPACK delegate for CPU.
Input tensor dimensions (NHWC): 1*224*224*3
Output tensor dimensions: 1*1001
Path to mlperf.conf : /home/ubuntu/CM/repos/local/cache/b04c5c62d3014951/inference/mlperf.conf
Path to user.conf : /home/ubuntu/CM/repos/ctuning@mlcommons-ck/cm-mlops/script/generate-mlperf-inference-user-conf/tmp/7c33b7ca613e4583a1677cf66e03c475.conf
Model Name: mobilenet
LoadGen Scenario: SingleStream
LoadGen Mode: accuracy
