client 2024-02-01 06:49:28,822 [INFO] Creating output directory '/home/arjun/results_dir/valid_results/orin-tflite_armnn_cpp-cpu-armnn_tflite-v23.05-using_neon/mobilenet-v2-precision_uint8-1.0-224/singlestream/performance/tmp_power'
client 2024-02-01 06:49:28,846 [INFO] Sending command to the server: 'mlcommons/power client v3'
client 2024-02-01 06:49:28,848 [INFO] Got response: 'mlcommons/power server v3'
client 2024-02-01 06:49:28,848 [INFO] Synchronizing with the server and with time.google.com...
client 2024-02-01 06:49:28,876 [INFO] NTP:offset = -0.003 s, delay = 0.021 s 
client 2024-02-01 06:49:28,876 [INFO] Sending command to the server: 'time'
client 2024-02-01 06:49:28,879 [INFO] Got response: '1706770168.8740509'
client 2024-02-01 06:49:28,879 [INFO] The time difference between the client and the server is within range 2.514 ms..5.188 ms
client 2024-02-01 06:49:28,879 [INFO] Sending command to the server: 'new,,9d1fbd7e-e3c0-4953-85be-ef76a11599ed'
client 2024-02-01 06:49:28,881 [INFO] Got response: 'OK 2024-02-01_06-49-28,ff94892f-6aa2-4774-baff-203ccb795e86'
client 2024-02-01 06:49:28,882 [INFO] Session id is '2024-02-01_06-49-28'
client 2024-02-01 06:49:28,882 [INFO] Sources: {"sources": {"__init__.py": "da39a3ee5e6b4b0d3255bfef95601890afd80709", "client.py": "33ca4f26368777ac06e01f9567b714a4b8063886", "lib/__init__.py": "da39a3ee5e6b4b0d3255bfef95601890afd80709", "lib/client.py": "ac2aa093c8e8bbc9569b9e2a3471bc64e58a2258", "lib/common.py": "611d8b29633d331eb19c9455ea3b5fa3284ed6df", "lib/external/__init__.py": "da39a3ee5e6b4b0d3255bfef95601890afd80709", "lib/external/ntplib.py": "4da8f970656505a40483206ef2b5d3dd5e81711d", "lib/server.py": "99303c836c683aa9017ec565104e636161d02acb", "lib/source_hashes.py": "60a2e02193209e8d392803326208d5466342da18", "lib/summary.py": "aa92f0a3f975eecd44d3c0cd0236342ccc9f941d", "lib/time_sync.py": "80894ef2389e540781ff78de94db16aa4203a14e", "server.py": "c3f90f2f7eeb4db30727556d0c815ebc89b3d28b", "tests/unit/__init__.py": "da39a3ee5e6b4b0d3255bfef95601890afd80709", "tests/unit/test_server.py": "948c1995d4008bc2aa6c4046a34ffa3858d6d671", "tests/unit/test_source_hashes.py": "00468a2907583c593e6574a1f6b404e4651c221a"}, "modules": {"ptd_client_server.lib.client": "lib/client.py", "ptd_client_server.lib.common": "lib/common.py", "ptd_client_server.lib.external.ntplib": "lib/external/ntplib.py", "ptd_client_server.lib.source_hashes": "lib/source_hashes.py", "ptd_client_server.lib.summary": "lib/summary.py", "ptd_client_server.lib.time_sync": "lib/time_sync.py"}}
client 2024-02-01 06:49:28,882 [INFO] Running workload in ranging mode
client 2024-02-01 06:49:28,882 [INFO] Synchronizing with the server and with time.google.com...
client 2024-02-01 06:49:28,905 [INFO] NTP:offset = -0.004 s, delay = 0.022 s 
client 2024-02-01 06:49:28,906 [INFO] Sending command to the server: 'time'
client 2024-02-01 06:49:28,908 [INFO] Got response: '1706770168.9035792'
client 2024-02-01 06:49:28,908 [INFO] The time difference between the client and the server is within range 2.498 ms..4.647 ms
client 2024-02-01 06:49:28,908 [INFO] Sending command to the server: 'session,2024-02-01_06-49-28,start,ranging'
client 2024-02-01 06:49:56,961 [INFO] Got response: 'OK'
client 2024-02-01 06:49:56,963 [INFO] Sending command to the server: 'time'
client 2024-02-01 06:49:56,966 [INFO] Got response: '1706770196.9613194'
client 2024-02-01 06:49:56,966 [INFO] The time difference between the client and the server is within range 2.327 ms..5.118 ms
client 2024-02-01 06:49:56,966 [INFO] Running the workload 'CM_MLPERF_RUN_COUNT=$(cat ${CM_RUN_DIR}/count.txt); echo ${CM_MLPERF_RUN_COUNT}; CM_MLPERF_RUN_COUNT=$((CM_MLPERF_RUN_COUNT+1)); echo ${CM_MLPERF_RUN_COUNT} > ${CM_RUN_DIR}/count.txt && if [ ${CM_MLPERF_RUN_COUNT} -eq "1" ]; then export CM_MLPERF_USER_CONF=${CM_MLPERF_RANGING_USER_CONF}; else export CM_MLPERF_USER_CONF=${CM_MLPERF_TESTING_USER_CONF}; fi && /mnt/CM/repos/ctuning@mlcommons-ck/cm-mlops/script/benchmark-any-mlperf-inference-implementation/run.out'
client 2024-02-01 06:54:59,607 [INFO] Sending command to the server: 'time'
client 2024-02-01 06:54:59,612 [INFO] Got response: '1706770499.6066089'
client 2024-02-01 06:54:59,612 [INFO] The time difference between the client and the server is within range 0.601 ms..6.176 ms
client 2024-02-01 06:54:59,613 [INFO] Sending command to the server: 'session,2024-02-01_06-49-28,stop,ranging'
client 2024-02-01 06:55:10,140 [INFO] Got response: 'OK'
client 2024-02-01 06:55:10,141 [INFO] Sending command to the server: 'time'
client 2024-02-01 06:55:10,145 [INFO] Got response: '1706770510.139708'
client 2024-02-01 06:55:10,145 [INFO] The time difference between the client and the server is within range 2.177 ms..5.760 ms
client 2024-02-01 06:55:10,163 [INFO] Copying loadgen logs from '/home/arjun/results_dir/valid_results/orin-tflite_armnn_cpp-cpu-armnn_tflite-v23.05-using_neon/mobilenet-v2-precision_uint8-1.0-224/singlestream/performance/run_1' to '/home/arjun/results_dir/valid_results/orin-tflite_armnn_cpp-cpu-armnn_tflite-v23.05-using_neon/mobilenet-v2-precision_uint8-1.0-224/singlestream/performance/tmp_power/ranging'
client 2024-02-01 06:55:10,166 [INFO] Running workload in testing mode
client 2024-02-01 06:55:10,166 [INFO] Synchronizing with the server and with time.google.com...
client 2024-02-01 06:55:10,194 [INFO] NTP:offset = -0.003 s, delay = 0.022 s 
client 2024-02-01 06:55:10,194 [INFO] Sending command to the server: 'time'
client 2024-02-01 06:55:10,198 [INFO] Got response: '1706770510.192828'
client 2024-02-01 06:55:10,198 [INFO] The time difference between the client and the server is within range 2.120 ms..5.661 ms
client 2024-02-01 06:55:10,198 [INFO] Sending command to the server: 'session,2024-02-01_06-49-28,start,testing'
client 2024-02-01 06:55:23,218 [INFO] Got response: 'OK'
client 2024-02-01 06:55:23,218 [INFO] Sending command to the server: 'time'
client 2024-02-01 06:55:23,222 [INFO] Got response: '1706770523.217182'
client 2024-02-01 06:55:23,222 [INFO] The time difference between the client and the server is within range 1.742 ms..5.620 ms
client 2024-02-01 06:55:23,223 [INFO] Running the workload 'CM_MLPERF_RUN_COUNT=$(cat ${CM_RUN_DIR}/count.txt); echo ${CM_MLPERF_RUN_COUNT}; CM_MLPERF_RUN_COUNT=$((CM_MLPERF_RUN_COUNT+1)); echo ${CM_MLPERF_RUN_COUNT} > ${CM_RUN_DIR}/count.txt && if [ ${CM_MLPERF_RUN_COUNT} -eq "1" ]; then export CM_MLPERF_USER_CONF=${CM_MLPERF_RANGING_USER_CONF}; else export CM_MLPERF_USER_CONF=${CM_MLPERF_TESTING_USER_CONF}; fi && /mnt/CM/repos/ctuning@mlcommons-ck/cm-mlops/script/benchmark-any-mlperf-inference-implementation/run.out'
client 2024-02-01 07:05:27,940 [INFO] Sending command to the server: 'time'
client 2024-02-01 07:05:27,942 [INFO] Got response: '1706771127.938063'
client 2024-02-01 07:05:27,943 [INFO] The time difference between the client and the server is within range 1.786 ms..4.977 ms
client 2024-02-01 07:05:27,943 [INFO] Sending command to the server: 'session,2024-02-01_06-49-28,stop,testing'
client 2024-02-01 07:05:38,265 [INFO] Got response: 'OK'
client 2024-02-01 07:05:38,265 [INFO] Sending command to the server: 'time'
client 2024-02-01 07:05:38,268 [INFO] Got response: '1706771138.2631483'
client 2024-02-01 07:05:38,268 [INFO] The time difference between the client and the server is within range 2.314 ms..5.408 ms
client 2024-02-01 07:05:38,273 [INFO] Copying loadgen logs from '/home/arjun/results_dir/valid_results/orin-tflite_armnn_cpp-cpu-armnn_tflite-v23.05-using_neon/mobilenet-v2-precision_uint8-1.0-224/singlestream/performance/run_1' to '/home/arjun/results_dir/valid_results/orin-tflite_armnn_cpp-cpu-armnn_tflite-v23.05-using_neon/mobilenet-v2-precision_uint8-1.0-224/singlestream/performance/tmp_power/run_1'
client 2024-02-01 07:05:38,275 [INFO] Done runs
