Graph file: /home/ec2-user/CM/repos/local/cache/e19f4989f1d14efd/mobilenet_v2_0.35_192.tflite
Image dir: /home/ec2-user/CM/repos/local/cache/ef8dc9094ba9470a
Image list: /home/ec2-user/CM/repos/local/cache/ef8dc9094ba9470a/preprocessed_files.txt
Image size: 192
Image channels: 3
Prediction classes: 1000
Result dir: /home/ec2-user/CM/repos/local/cache/017d8e20e6854c20/valid_results/ip_172_31_30_110.us_west_2.compute.internal-tflite_cpp-cpu-tflite-vmaster-with_live_preprocessing/mobilenet-v2-precision_float-0.35-192/singlestream/performance/run_1
How many images fit in memory buffer: 1024
Normalize: 1
Subtract mean: 0
Run time preprocessing: 1
Number of Threads: 8
Number of available imagefiles: 50000

Loading graph...
INFO: Created TensorFlow Lite XNNPACK delegate for CPU.
Input tensor dimensions (NHWC): 1*192*192*3
Output tensor dimensions: 1*1001
Path to mlperf.conf : /home/ec2-user/CM/repos/local/cache/41e6ffe78d1840ee/inference/mlperf.conf
Path to user.conf : /home/ec2-user/CM/repos/ctuning@mlcommons-ck/cm-mlops/script/generate-mlperf-inference-user-conf/tmp/77235d62083a43d987449a8e52015839.conf
Model Name: mobilenet
LoadGen Scenario: SingleStream
LoadGen Mode: performance
