client 2024-02-01 17:36:10,252 [INFO] Creating output directory '/home/arjun/results_dir/valid_results/orin-tflite_armnn_cpp-cpu-armnn_tflite-v23.05-using_neon/efficientnet-int8-lite0/singlestream/performance/tmp_power'
client 2024-02-01 17:36:10,256 [INFO] Sending command to the server: 'mlcommons/power client v3'
client 2024-02-01 17:36:10,260 [INFO] Got response: 'mlcommons/power server v3'
client 2024-02-01 17:36:10,260 [INFO] Synchronizing with the server and with time.google.com...
client 2024-02-01 17:36:10,288 [INFO] NTP:offset = -0.001 s, delay = 0.023 s 
client 2024-02-01 17:36:10,289 [INFO] Sending command to the server: 'time'
client 2024-02-01 17:36:10,292 [INFO] Got response: '1706808970.2919695'
client 2024-02-01 17:36:10,293 [INFO] The time difference between the client and the server is within range -2.885 ms..1.098 ms
client 2024-02-01 17:36:10,293 [INFO] Sending command to the server: 'new,,a34d4f7b-d447-4d79-a351-ceb3c8f90123'
client 2024-02-01 17:36:10,297 [INFO] Got response: 'OK 2024-02-01_17-36-10,2308707c-6510-405e-a613-bc35e5debc84'
client 2024-02-01 17:36:10,297 [INFO] Session id is '2024-02-01_17-36-10'
client 2024-02-01 17:36:10,297 [INFO] Sources: {"sources": {"__init__.py": "da39a3ee5e6b4b0d3255bfef95601890afd80709", "client.py": "33ca4f26368777ac06e01f9567b714a4b8063886", "lib/__init__.py": "da39a3ee5e6b4b0d3255bfef95601890afd80709", "lib/client.py": "ac2aa093c8e8bbc9569b9e2a3471bc64e58a2258", "lib/common.py": "611d8b29633d331eb19c9455ea3b5fa3284ed6df", "lib/external/__init__.py": "da39a3ee5e6b4b0d3255bfef95601890afd80709", "lib/external/ntplib.py": "4da8f970656505a40483206ef2b5d3dd5e81711d", "lib/server.py": "99303c836c683aa9017ec565104e636161d02acb", "lib/source_hashes.py": "60a2e02193209e8d392803326208d5466342da18", "lib/summary.py": "aa92f0a3f975eecd44d3c0cd0236342ccc9f941d", "lib/time_sync.py": "80894ef2389e540781ff78de94db16aa4203a14e", "server.py": "c3f90f2f7eeb4db30727556d0c815ebc89b3d28b", "tests/unit/__init__.py": "da39a3ee5e6b4b0d3255bfef95601890afd80709", "tests/unit/test_server.py": "948c1995d4008bc2aa6c4046a34ffa3858d6d671", "tests/unit/test_source_hashes.py": "00468a2907583c593e6574a1f6b404e4651c221a"}, "modules": {"ptd_client_server.lib.client": "lib/client.py", "ptd_client_server.lib.common": "lib/common.py", "ptd_client_server.lib.external.ntplib": "lib/external/ntplib.py", "ptd_client_server.lib.source_hashes": "lib/source_hashes.py", "ptd_client_server.lib.summary": "lib/summary.py", "ptd_client_server.lib.time_sync": "lib/time_sync.py"}}
client 2024-02-01 17:36:10,297 [INFO] Running workload in ranging mode
client 2024-02-01 17:36:10,297 [INFO] Synchronizing with the server and with time.google.com...
client 2024-02-01 17:36:10,317 [INFO] NTP:offset = -0.001 s, delay = 0.019 s 
client 2024-02-01 17:36:10,317 [INFO] Sending command to the server: 'time'
client 2024-02-01 17:36:10,321 [INFO] Got response: '1706808970.3205698'
client 2024-02-01 17:36:10,321 [INFO] The time difference between the client and the server is within range -2.598 ms..0.708 ms
client 2024-02-01 17:36:10,321 [INFO] Sending command to the server: 'session,2024-02-01_17-36-10,start,ranging'
client 2024-02-01 17:36:38,387 [INFO] Got response: 'OK'
client 2024-02-01 17:36:38,390 [INFO] Sending command to the server: 'time'
client 2024-02-01 17:36:38,393 [INFO] Got response: '1706808998.3929098'
client 2024-02-01 17:36:38,393 [INFO] The time difference between the client and the server is within range -2.862 ms..0.644 ms
client 2024-02-01 17:36:38,393 [INFO] Running the workload 'CM_MLPERF_RUN_COUNT=$(cat ${CM_RUN_DIR}/count.txt); echo ${CM_MLPERF_RUN_COUNT}; CM_MLPERF_RUN_COUNT=$((CM_MLPERF_RUN_COUNT+1)); echo ${CM_MLPERF_RUN_COUNT} > ${CM_RUN_DIR}/count.txt && if [ ${CM_MLPERF_RUN_COUNT} -eq "1" ]; then export CM_MLPERF_USER_CONF=${CM_MLPERF_RANGING_USER_CONF}; else export CM_MLPERF_USER_CONF=${CM_MLPERF_TESTING_USER_CONF}; fi && /mnt/CM/repos/ctuning@mlcommons-ck/cm-mlops/script/benchmark-any-mlperf-inference-implementation/run.out'
client 2024-02-01 17:41:41,012 [INFO] Sending command to the server: 'time'
client 2024-02-01 17:41:41,015 [INFO] Got response: '1706809301.0151992'
client 2024-02-01 17:41:41,016 [INFO] The time difference between the client and the server is within range -3.427 ms..1.048 ms
client 2024-02-01 17:41:41,016 [INFO] Sending command to the server: 'session,2024-02-01_17-36-10,stop,ranging'
client 2024-02-01 17:41:51,589 [INFO] Got response: 'OK'
client 2024-02-01 17:41:51,589 [INFO] Sending command to the server: 'time'
client 2024-02-01 17:41:51,593 [INFO] Got response: '1706809311.5936184'
client 2024-02-01 17:41:51,594 [INFO] The time difference between the client and the server is within range -3.846 ms..0.597 ms
client 2024-02-01 17:41:51,613 [INFO] Copying loadgen logs from '/home/arjun/results_dir/valid_results/orin-tflite_armnn_cpp-cpu-armnn_tflite-v23.05-using_neon/efficientnet-int8-lite0/singlestream/performance/run_1' to '/home/arjun/results_dir/valid_results/orin-tflite_armnn_cpp-cpu-armnn_tflite-v23.05-using_neon/efficientnet-int8-lite0/singlestream/performance/tmp_power/ranging'
client 2024-02-01 17:41:51,615 [INFO] Running workload in testing mode
client 2024-02-01 17:41:51,616 [INFO] Synchronizing with the server and with time.google.com...
client 2024-02-01 17:41:51,685 [INFO] NTP:offset = 0.019 s, delay = 0.063 s 
client 2024-02-01 17:41:51,685 [INFO] Sending command to the server: 'time'
client 2024-02-01 17:41:51,689 [INFO] Got response: '1706809311.6889985'
client 2024-02-01 17:41:51,689 [INFO] The time difference between the client and the server is within range -3.541 ms..0.858 ms
client 2024-02-01 17:41:51,690 [INFO] Sending command to the server: 'session,2024-02-01_17-36-10,start,testing'
client 2024-02-01 17:42:04,714 [INFO] Got response: 'OK'
client 2024-02-01 17:42:04,714 [INFO] Sending command to the server: 'time'
client 2024-02-01 17:42:04,719 [INFO] Got response: '1706809324.717764'
client 2024-02-01 17:42:04,720 [INFO] The time difference between the client and the server is within range -2.937 ms..2.233 ms
client 2024-02-01 17:42:04,720 [INFO] Running the workload 'CM_MLPERF_RUN_COUNT=$(cat ${CM_RUN_DIR}/count.txt); echo ${CM_MLPERF_RUN_COUNT}; CM_MLPERF_RUN_COUNT=$((CM_MLPERF_RUN_COUNT+1)); echo ${CM_MLPERF_RUN_COUNT} > ${CM_RUN_DIR}/count.txt && if [ ${CM_MLPERF_RUN_COUNT} -eq "1" ]; then export CM_MLPERF_USER_CONF=${CM_MLPERF_RANGING_USER_CONF}; else export CM_MLPERF_USER_CONF=${CM_MLPERF_TESTING_USER_CONF}; fi && /mnt/CM/repos/ctuning@mlcommons-ck/cm-mlops/script/benchmark-any-mlperf-inference-implementation/run.out'
client 2024-02-01 17:52:09,361 [INFO] Sending command to the server: 'time'
client 2024-02-01 17:52:09,396 [INFO] Got response: '1706809929.3952231'
client 2024-02-01 17:52:09,397 [INFO] The time difference between the client and the server is within range -33.498 ms..2.004 ms
client 2024-02-01 17:52:09,397 [INFO] Sending command to the server: 'session,2024-02-01_17-36-10,stop,testing'
client 2024-02-01 17:52:19,770 [INFO] Got response: 'OK'
client 2024-02-01 17:52:19,771 [INFO] Sending command to the server: 'time'
client 2024-02-01 17:52:19,775 [INFO] Got response: '1706809939.7738123'
client 2024-02-01 17:52:19,775 [INFO] The time difference between the client and the server is within range -2.234 ms..1.827 ms
client 2024-02-01 17:52:19,780 [INFO] Copying loadgen logs from '/home/arjun/results_dir/valid_results/orin-tflite_armnn_cpp-cpu-armnn_tflite-v23.05-using_neon/efficientnet-int8-lite0/singlestream/performance/run_1' to '/home/arjun/results_dir/valid_results/orin-tflite_armnn_cpp-cpu-armnn_tflite-v23.05-using_neon/efficientnet-int8-lite0/singlestream/performance/tmp_power/run_1'
client 2024-02-01 17:52:19,796 [INFO] Done runs
