client 2024-01-29 01:17:17,592 [INFO] Creating output directory '/home/arjun/results_dir/valid_results/orin-tflite_cpp-cpu-tflite-vmaster-default_config/mobilenet-v1-precision_float-0.75-128/singlestream/performance/tmp_power'
client 2024-01-29 01:17:17,595 [INFO] Sending command to the server: 'mlcommons/power client v3'
client 2024-01-29 01:17:17,598 [INFO] Got response: 'mlcommons/power server v3'
client 2024-01-29 01:17:17,599 [INFO] Synchronizing with the server and with time.google.com...
client 2024-01-29 01:17:17,626 [INFO] NTP:offset = -0.004 s, delay = 0.021 s 
client 2024-01-29 01:17:17,626 [INFO] Sending command to the server: 'time'
client 2024-01-29 01:17:17,630 [INFO] Got response: '1706491037.6261911'
client 2024-01-29 01:17:17,630 [INFO] The time difference between the client and the server is within range 0.167 ms..4.108 ms
client 2024-01-29 01:17:17,630 [INFO] Sending command to the server: 'new,,f7c30c4c-5ae3-4614-9f8d-bdcd6ca1fecd'
client 2024-01-29 01:17:17,633 [INFO] Got response: 'OK 2024-01-29_01-17-17,d26f657d-2009-4db3-a637-ee6299a60ed3'
client 2024-01-29 01:17:17,634 [INFO] Session id is '2024-01-29_01-17-17'
client 2024-01-29 01:17:17,634 [INFO] Sources: {"sources": {"__init__.py": "da39a3ee5e6b4b0d3255bfef95601890afd80709", "client.py": "33ca4f26368777ac06e01f9567b714a4b8063886", "lib/__init__.py": "da39a3ee5e6b4b0d3255bfef95601890afd80709", "lib/client.py": "ac2aa093c8e8bbc9569b9e2a3471bc64e58a2258", "lib/common.py": "611d8b29633d331eb19c9455ea3b5fa3284ed6df", "lib/external/__init__.py": "da39a3ee5e6b4b0d3255bfef95601890afd80709", "lib/external/ntplib.py": "4da8f970656505a40483206ef2b5d3dd5e81711d", "lib/server.py": "99303c836c683aa9017ec565104e636161d02acb", "lib/source_hashes.py": "60a2e02193209e8d392803326208d5466342da18", "lib/summary.py": "aa92f0a3f975eecd44d3c0cd0236342ccc9f941d", "lib/time_sync.py": "80894ef2389e540781ff78de94db16aa4203a14e", "server.py": "c3f90f2f7eeb4db30727556d0c815ebc89b3d28b", "tests/unit/__init__.py": "da39a3ee5e6b4b0d3255bfef95601890afd80709", "tests/unit/test_server.py": "948c1995d4008bc2aa6c4046a34ffa3858d6d671", "tests/unit/test_source_hashes.py": "00468a2907583c593e6574a1f6b404e4651c221a"}, "modules": {"ptd_client_server.lib.client": "lib/client.py", "ptd_client_server.lib.common": "lib/common.py", "ptd_client_server.lib.external.ntplib": "lib/external/ntplib.py", "ptd_client_server.lib.source_hashes": "lib/source_hashes.py", "ptd_client_server.lib.summary": "lib/summary.py", "ptd_client_server.lib.time_sync": "lib/time_sync.py"}}
client 2024-01-29 01:17:17,634 [INFO] Running workload in ranging mode
client 2024-01-29 01:17:17,634 [INFO] Synchronizing with the server and with time.google.com...
client 2024-01-29 01:17:17,657 [INFO] NTP:offset = -0.005 s, delay = 0.021 s 
client 2024-01-29 01:17:17,657 [INFO] Sending command to the server: 'time'
client 2024-01-29 01:17:17,660 [INFO] Got response: '1706491037.6563323'
client 2024-01-29 01:17:17,660 [INFO] The time difference between the client and the server is within range 1.106 ms..4.052 ms
client 2024-01-29 01:17:17,660 [INFO] Sending command to the server: 'session,2024-01-29_01-17-17,start,ranging'
client 2024-01-29 01:17:45,733 [INFO] Got response: 'OK'
client 2024-01-29 01:17:45,735 [INFO] Sending command to the server: 'time'
client 2024-01-29 01:17:45,739 [INFO] Got response: '1706491065.7348936'
client 2024-01-29 01:17:45,739 [INFO] The time difference between the client and the server is within range 0.763 ms..4.676 ms
client 2024-01-29 01:17:45,739 [INFO] Running the workload 'CM_MLPERF_RUN_COUNT=$(cat ${CM_RUN_DIR}/count.txt); echo ${CM_MLPERF_RUN_COUNT}; CM_MLPERF_RUN_COUNT=$((CM_MLPERF_RUN_COUNT+1)); echo ${CM_MLPERF_RUN_COUNT} > ${CM_RUN_DIR}/count.txt && if [ ${CM_MLPERF_RUN_COUNT} -eq "1" ]; then export CM_MLPERF_USER_CONF=${CM_MLPERF_RANGING_USER_CONF}; else export CM_MLPERF_USER_CONF=${CM_MLPERF_TESTING_USER_CONF}; fi && /mnt/CM/repos/ctuning@mlcommons-ck/cm-mlops/script/benchmark-any-mlperf-inference-implementation/run.out'
client 2024-01-29 01:22:48,337 [INFO] Sending command to the server: 'time'
client 2024-01-29 01:22:48,342 [INFO] Got response: '1706491368.3374736'
client 2024-01-29 01:22:48,342 [INFO] The time difference between the client and the server is within range -0.055 ms..5.002 ms
client 2024-01-29 01:22:48,342 [INFO] Sending command to the server: 'session,2024-01-29_01-17-17,stop,ranging'
client 2024-01-29 01:22:58,827 [INFO] Got response: 'OK'
client 2024-01-29 01:22:58,828 [INFO] Sending command to the server: 'time'
client 2024-01-29 01:22:58,831 [INFO] Got response: '1706491378.8270595'
client 2024-01-29 01:22:58,831 [INFO] The time difference between the client and the server is within range 0.970 ms..4.708 ms
client 2024-01-29 01:22:58,850 [INFO] Copying loadgen logs from '/home/arjun/results_dir/valid_results/orin-tflite_cpp-cpu-tflite-vmaster-default_config/mobilenet-v1-precision_float-0.75-128/singlestream/performance/run_1' to '/home/arjun/results_dir/valid_results/orin-tflite_cpp-cpu-tflite-vmaster-default_config/mobilenet-v1-precision_float-0.75-128/singlestream/performance/tmp_power/ranging'
client 2024-01-29 01:22:58,853 [INFO] Running workload in testing mode
client 2024-01-29 01:22:58,853 [INFO] Synchronizing with the server and with time.google.com...
client 2024-01-29 01:22:58,881 [INFO] NTP:offset = -0.005 s, delay = 0.022 s 
client 2024-01-29 01:22:58,882 [INFO] Sending command to the server: 'time'
client 2024-01-29 01:22:58,886 [INFO] Got response: '1706491378.8819137'
client 2024-01-29 01:22:58,886 [INFO] The time difference between the client and the server is within range 0.361 ms..4.805 ms
client 2024-01-29 01:22:58,886 [INFO] Sending command to the server: 'session,2024-01-29_01-17-17,start,testing'
client 2024-01-29 01:23:11,905 [INFO] Got response: 'OK'
client 2024-01-29 01:23:11,906 [INFO] Sending command to the server: 'time'
client 2024-01-29 01:23:11,909 [INFO] Got response: '1706491391.905712'
client 2024-01-29 01:23:11,909 [INFO] The time difference between the client and the server is within range 0.757 ms..4.099 ms
client 2024-01-29 01:23:11,910 [INFO] Running the workload 'CM_MLPERF_RUN_COUNT=$(cat ${CM_RUN_DIR}/count.txt); echo ${CM_MLPERF_RUN_COUNT}; CM_MLPERF_RUN_COUNT=$((CM_MLPERF_RUN_COUNT+1)); echo ${CM_MLPERF_RUN_COUNT} > ${CM_RUN_DIR}/count.txt && if [ ${CM_MLPERF_RUN_COUNT} -eq "1" ]; then export CM_MLPERF_USER_CONF=${CM_MLPERF_RANGING_USER_CONF}; else export CM_MLPERF_USER_CONF=${CM_MLPERF_TESTING_USER_CONF}; fi && /mnt/CM/repos/ctuning@mlcommons-ck/cm-mlops/script/benchmark-any-mlperf-inference-implementation/run.out'
client 2024-01-29 01:33:16,255 [INFO] Sending command to the server: 'time'
client 2024-01-29 01:33:16,260 [INFO] Got response: '1706491996.2562966'
client 2024-01-29 01:33:16,260 [INFO] The time difference between the client and the server is within range -0.602 ms..4.419 ms
client 2024-01-29 01:33:16,260 [INFO] Sending command to the server: 'session,2024-01-29_01-17-17,stop,testing'
client 2024-01-29 01:33:26,969 [INFO] Got response: 'OK'
client 2024-01-29 01:33:26,970 [INFO] Sending command to the server: 'time'
client 2024-01-29 01:33:26,973 [INFO] Got response: '1706492006.9695919'
client 2024-01-29 01:33:26,973 [INFO] The time difference between the client and the server is within range 0.546 ms..3.895 ms
client 2024-01-29 01:33:26,978 [INFO] Copying loadgen logs from '/home/arjun/results_dir/valid_results/orin-tflite_cpp-cpu-tflite-vmaster-default_config/mobilenet-v1-precision_float-0.75-128/singlestream/performance/run_1' to '/home/arjun/results_dir/valid_results/orin-tflite_cpp-cpu-tflite-vmaster-default_config/mobilenet-v1-precision_float-0.75-128/singlestream/performance/tmp_power/run_1'
client 2024-01-29 01:33:26,981 [INFO] Done runs
