client 2024-02-01 18:26:01,573 [INFO] Creating output directory '/home/arjun/results_dir/valid_results/orin-tflite_armnn_cpp-cpu-armnn_tflite-v23.05-using_neon_with_live_preprocessing/efficientnet-fp32-lite2/singlestream/performance/tmp_power'
client 2024-02-01 18:26:01,641 [INFO] Sending command to the server: 'mlcommons/power client v3'
client 2024-02-01 18:26:01,645 [INFO] Got response: 'mlcommons/power server v3'
client 2024-02-01 18:26:01,645 [INFO] Synchronizing with the server and with time.google.com...
client 2024-02-01 18:26:01,678 [INFO] NTP:offset = -0.002 s, delay = 0.022 s 
client 2024-02-01 18:26:01,679 [INFO] Sending command to the server: 'time'
client 2024-02-01 18:26:01,683 [INFO] Got response: '1706811961.6825294'
client 2024-02-01 18:26:01,683 [INFO] The time difference between the client and the server is within range -3.320 ms..1.075 ms
client 2024-02-01 18:26:01,683 [INFO] Sending command to the server: 'new,,a1574108-0706-4162-a4e7-cbca6237cec9'
client 2024-02-01 18:26:01,688 [INFO] Got response: 'OK 2024-02-01_18-26-01,1132c7f7-ce5d-4635-8604-1f460ebb3693'
client 2024-02-01 18:26:01,688 [INFO] Session id is '2024-02-01_18-26-01'
client 2024-02-01 18:26:01,689 [INFO] Sources: {"sources": {"__init__.py": "da39a3ee5e6b4b0d3255bfef95601890afd80709", "client.py": "33ca4f26368777ac06e01f9567b714a4b8063886", "lib/__init__.py": "da39a3ee5e6b4b0d3255bfef95601890afd80709", "lib/client.py": "ac2aa093c8e8bbc9569b9e2a3471bc64e58a2258", "lib/common.py": "611d8b29633d331eb19c9455ea3b5fa3284ed6df", "lib/external/__init__.py": "da39a3ee5e6b4b0d3255bfef95601890afd80709", "lib/external/ntplib.py": "4da8f970656505a40483206ef2b5d3dd5e81711d", "lib/server.py": "99303c836c683aa9017ec565104e636161d02acb", "lib/source_hashes.py": "60a2e02193209e8d392803326208d5466342da18", "lib/summary.py": "aa92f0a3f975eecd44d3c0cd0236342ccc9f941d", "lib/time_sync.py": "80894ef2389e540781ff78de94db16aa4203a14e", "server.py": "c3f90f2f7eeb4db30727556d0c815ebc89b3d28b", "tests/unit/__init__.py": "da39a3ee5e6b4b0d3255bfef95601890afd80709", "tests/unit/test_server.py": "948c1995d4008bc2aa6c4046a34ffa3858d6d671", "tests/unit/test_source_hashes.py": "00468a2907583c593e6574a1f6b404e4651c221a"}, "modules": {"ptd_client_server.lib.client": "lib/client.py", "ptd_client_server.lib.common": "lib/common.py", "ptd_client_server.lib.external.ntplib": "lib/external/ntplib.py", "ptd_client_server.lib.source_hashes": "lib/source_hashes.py", "ptd_client_server.lib.summary": "lib/summary.py", "ptd_client_server.lib.time_sync": "lib/time_sync.py"}}
client 2024-02-01 18:26:01,689 [INFO] Running workload in ranging mode
client 2024-02-01 18:26:01,689 [INFO] Synchronizing with the server and with time.google.com...
client 2024-02-01 18:26:01,710 [INFO] NTP:offset = -0.002 s, delay = 0.020 s 
client 2024-02-01 18:26:01,710 [INFO] Sending command to the server: 'time'
client 2024-02-01 18:26:01,714 [INFO] Got response: '1706811961.7134426'
client 2024-02-01 18:26:01,714 [INFO] The time difference between the client and the server is within range -3.150 ms..1.210 ms
client 2024-02-01 18:26:01,714 [INFO] Sending command to the server: 'session,2024-02-01_18-26-01,start,ranging'
client 2024-02-01 18:26:29,874 [INFO] Got response: 'OK'
client 2024-02-01 18:26:29,877 [INFO] Sending command to the server: 'time'
client 2024-02-01 18:26:29,880 [INFO] Got response: '1706811989.8798008'
client 2024-02-01 18:26:29,881 [INFO] The time difference between the client and the server is within range -2.475 ms..1.343 ms
client 2024-02-01 18:26:29,881 [INFO] Running the workload 'CM_MLPERF_RUN_COUNT=$(cat ${CM_RUN_DIR}/count.txt); echo ${CM_MLPERF_RUN_COUNT}; CM_MLPERF_RUN_COUNT=$((CM_MLPERF_RUN_COUNT+1)); echo ${CM_MLPERF_RUN_COUNT} > ${CM_RUN_DIR}/count.txt && if [ ${CM_MLPERF_RUN_COUNT} -eq "1" ]; then export CM_MLPERF_USER_CONF=${CM_MLPERF_RANGING_USER_CONF}; else export CM_MLPERF_USER_CONF=${CM_MLPERF_TESTING_USER_CONF}; fi && /mnt/CM/repos/ctuning@mlcommons-ck/cm-mlops/script/benchmark-any-mlperf-inference-implementation/run.out'
client 2024-02-01 18:31:36,024 [INFO] Sending command to the server: 'time'
client 2024-02-01 18:31:36,078 [INFO] Got response: '1706812296.0774286'
client 2024-02-01 18:31:36,078 [INFO] The time difference between the client and the server is within range -52.904 ms..1.223 ms
client 2024-02-01 18:31:36,078 [INFO] Sending command to the server: 'session,2024-02-01_18-26-01,stop,ranging'
client 2024-02-01 18:31:47,092 [INFO] Got response: 'OK'
client 2024-02-01 18:31:47,093 [INFO] Sending command to the server: 'time'
client 2024-02-01 18:31:47,095 [INFO] Got response: '1706812307.0955586'
client 2024-02-01 18:31:47,096 [INFO] The time difference between the client and the server is within range -2.437 ms..0.684 ms
client 2024-02-01 18:31:47,112 [INFO] Copying loadgen logs from '/home/arjun/results_dir/valid_results/orin-tflite_armnn_cpp-cpu-armnn_tflite-v23.05-using_neon_with_live_preprocessing/efficientnet-fp32-lite2/singlestream/performance/run_1' to '/home/arjun/results_dir/valid_results/orin-tflite_armnn_cpp-cpu-armnn_tflite-v23.05-using_neon_with_live_preprocessing/efficientnet-fp32-lite2/singlestream/performance/tmp_power/ranging'
client 2024-02-01 18:31:47,114 [INFO] Running workload in testing mode
client 2024-02-01 18:31:47,115 [INFO] Synchronizing with the server and with time.google.com...
client 2024-02-01 18:31:47,152 [INFO] NTP:offset = -0.002 s, delay = 0.021 s 
client 2024-02-01 18:31:47,153 [INFO] Sending command to the server: 'time'
client 2024-02-01 18:31:47,156 [INFO] Got response: '1706812307.1559024'
client 2024-02-01 18:31:47,156 [INFO] The time difference between the client and the server is within range -2.670 ms..0.519 ms
client 2024-02-01 18:31:47,156 [INFO] Sending command to the server: 'session,2024-02-01_18-26-01,start,testing'
client 2024-02-01 18:32:00,175 [INFO] Got response: 'OK'
client 2024-02-01 18:32:00,176 [INFO] Sending command to the server: 'time'
client 2024-02-01 18:32:00,179 [INFO] Got response: '1706812320.1795173'
client 2024-02-01 18:32:00,180 [INFO] The time difference between the client and the server is within range -2.853 ms..0.490 ms
client 2024-02-01 18:32:00,180 [INFO] Running the workload 'CM_MLPERF_RUN_COUNT=$(cat ${CM_RUN_DIR}/count.txt); echo ${CM_MLPERF_RUN_COUNT}; CM_MLPERF_RUN_COUNT=$((CM_MLPERF_RUN_COUNT+1)); echo ${CM_MLPERF_RUN_COUNT} > ${CM_RUN_DIR}/count.txt && if [ ${CM_MLPERF_RUN_COUNT} -eq "1" ]; then export CM_MLPERF_USER_CONF=${CM_MLPERF_RANGING_USER_CONF}; else export CM_MLPERF_USER_CONF=${CM_MLPERF_TESTING_USER_CONF}; fi && /mnt/CM/repos/ctuning@mlcommons-ck/cm-mlops/script/benchmark-any-mlperf-inference-implementation/run.out'
client 2024-02-01 18:42:05,066 [INFO] Sending command to the server: 'time'
client 2024-02-01 18:42:05,120 [INFO] Got response: '1706812925.1194317'
client 2024-02-01 18:42:05,120 [INFO] The time difference between the client and the server is within range -53.475 ms..1.169 ms
client 2024-02-01 18:42:05,120 [INFO] Sending command to the server: 'session,2024-02-01_18-26-01,stop,testing'
client 2024-02-01 18:42:15,236 [INFO] Got response: 'OK'
client 2024-02-01 18:42:15,238 [INFO] Sending command to the server: 'time'
client 2024-02-01 18:42:15,241 [INFO] Got response: '1706812935.2413676'
client 2024-02-01 18:42:15,241 [INFO] The time difference between the client and the server is within range -3.264 ms..0.532 ms
client 2024-02-01 18:42:15,246 [INFO] Copying loadgen logs from '/home/arjun/results_dir/valid_results/orin-tflite_armnn_cpp-cpu-armnn_tflite-v23.05-using_neon_with_live_preprocessing/efficientnet-fp32-lite2/singlestream/performance/run_1' to '/home/arjun/results_dir/valid_results/orin-tflite_armnn_cpp-cpu-armnn_tflite-v23.05-using_neon_with_live_preprocessing/efficientnet-fp32-lite2/singlestream/performance/tmp_power/run_1'
client 2024-02-01 18:42:15,248 [INFO] Done runs
