client 2024-01-29 01:50:23,359 [INFO] Creating output directory '/home/arjun/results_dir/valid_results/orin-tflite_cpp-cpu-tflite-vmaster-default_config/mobilenet-v1-precision_float-0.5-224/singlestream/performance/tmp_power'
client 2024-01-29 01:50:23,378 [INFO] Sending command to the server: 'mlcommons/power client v3'
client 2024-01-29 01:50:23,381 [INFO] Got response: 'mlcommons/power server v3'
client 2024-01-29 01:50:23,381 [INFO] Synchronizing with the server and with time.google.com...
client 2024-01-29 01:50:23,408 [INFO] NTP:offset = -0.005 s, delay = 0.021 s 
client 2024-01-29 01:50:23,408 [INFO] Sending command to the server: 'time'
client 2024-01-29 01:50:23,411 [INFO] Got response: '1706493023.4083474'
client 2024-01-29 01:50:23,411 [INFO] The time difference between the client and the server is within range 0.619 ms..3.627 ms
client 2024-01-29 01:50:23,412 [INFO] Sending command to the server: 'new,,01d7f78d-9ca2-4cc5-aad6-763ad066b978'
client 2024-01-29 01:50:23,414 [INFO] Got response: 'OK 2024-01-29_01-50-23,f7a40c54-9534-4481-a8b2-4182c6302a77'
client 2024-01-29 01:50:23,414 [INFO] Session id is '2024-01-29_01-50-23'
client 2024-01-29 01:50:23,414 [INFO] Sources: {"sources": {"__init__.py": "da39a3ee5e6b4b0d3255bfef95601890afd80709", "client.py": "33ca4f26368777ac06e01f9567b714a4b8063886", "lib/__init__.py": "da39a3ee5e6b4b0d3255bfef95601890afd80709", "lib/client.py": "ac2aa093c8e8bbc9569b9e2a3471bc64e58a2258", "lib/common.py": "611d8b29633d331eb19c9455ea3b5fa3284ed6df", "lib/external/__init__.py": "da39a3ee5e6b4b0d3255bfef95601890afd80709", "lib/external/ntplib.py": "4da8f970656505a40483206ef2b5d3dd5e81711d", "lib/server.py": "99303c836c683aa9017ec565104e636161d02acb", "lib/source_hashes.py": "60a2e02193209e8d392803326208d5466342da18", "lib/summary.py": "aa92f0a3f975eecd44d3c0cd0236342ccc9f941d", "lib/time_sync.py": "80894ef2389e540781ff78de94db16aa4203a14e", "server.py": "c3f90f2f7eeb4db30727556d0c815ebc89b3d28b", "tests/unit/__init__.py": "da39a3ee5e6b4b0d3255bfef95601890afd80709", "tests/unit/test_server.py": "948c1995d4008bc2aa6c4046a34ffa3858d6d671", "tests/unit/test_source_hashes.py": "00468a2907583c593e6574a1f6b404e4651c221a"}, "modules": {"ptd_client_server.lib.client": "lib/client.py", "ptd_client_server.lib.common": "lib/common.py", "ptd_client_server.lib.external.ntplib": "lib/external/ntplib.py", "ptd_client_server.lib.source_hashes": "lib/source_hashes.py", "ptd_client_server.lib.summary": "lib/summary.py", "ptd_client_server.lib.time_sync": "lib/time_sync.py"}}
client 2024-01-29 01:50:23,414 [INFO] Running workload in ranging mode
client 2024-01-29 01:50:23,414 [INFO] Synchronizing with the server and with time.google.com...
client 2024-01-29 01:50:23,436 [INFO] NTP:offset = -0.005 s, delay = 0.021 s 
client 2024-01-29 01:50:23,436 [INFO] Sending command to the server: 'time'
client 2024-01-29 01:50:23,440 [INFO] Got response: '1706493023.4361887'
client 2024-01-29 01:50:23,440 [INFO] The time difference between the client and the server is within range 0.704 ms..3.967 ms
client 2024-01-29 01:50:23,440 [INFO] Sending command to the server: 'session,2024-01-29_01-50-23,start,ranging'
client 2024-01-29 01:50:51,520 [INFO] Got response: 'OK'
client 2024-01-29 01:50:51,522 [INFO] Sending command to the server: 'time'
client 2024-01-29 01:50:51,526 [INFO] Got response: '1706493051.522642'
client 2024-01-29 01:50:51,526 [INFO] The time difference between the client and the server is within range 0.057 ms..3.826 ms
client 2024-01-29 01:50:51,526 [INFO] Running the workload 'CM_MLPERF_RUN_COUNT=$(cat ${CM_RUN_DIR}/count.txt); echo ${CM_MLPERF_RUN_COUNT}; CM_MLPERF_RUN_COUNT=$((CM_MLPERF_RUN_COUNT+1)); echo ${CM_MLPERF_RUN_COUNT} > ${CM_RUN_DIR}/count.txt && if [ ${CM_MLPERF_RUN_COUNT} -eq "1" ]; then export CM_MLPERF_USER_CONF=${CM_MLPERF_RANGING_USER_CONF}; else export CM_MLPERF_USER_CONF=${CM_MLPERF_TESTING_USER_CONF}; fi && /mnt/CM/repos/ctuning@mlcommons-ck/cm-mlops/script/benchmark-any-mlperf-inference-implementation/run.out'
client 2024-01-29 01:55:54,527 [INFO] Sending command to the server: 'time'
client 2024-01-29 01:55:54,531 [INFO] Got response: '1706493354.5272245'
client 2024-01-29 01:55:54,531 [INFO] The time difference between the client and the server is within range 0.263 ms..4.199 ms
client 2024-01-29 01:55:54,531 [INFO] Sending command to the server: 'session,2024-01-29_01-50-23,stop,ranging'
client 2024-01-29 01:56:05,581 [INFO] Got response: 'OK'
client 2024-01-29 01:56:05,581 [INFO] Sending command to the server: 'time'
client 2024-01-29 01:56:05,584 [INFO] Got response: '1706493365.581103'
client 2024-01-29 01:56:05,585 [INFO] The time difference between the client and the server is within range 0.799 ms..4.028 ms
client 2024-01-29 01:56:05,602 [INFO] Copying loadgen logs from '/home/arjun/results_dir/valid_results/orin-tflite_cpp-cpu-tflite-vmaster-default_config/mobilenet-v1-precision_float-0.5-224/singlestream/performance/run_1' to '/home/arjun/results_dir/valid_results/orin-tflite_cpp-cpu-tflite-vmaster-default_config/mobilenet-v1-precision_float-0.5-224/singlestream/performance/tmp_power/ranging'
client 2024-01-29 01:56:05,605 [INFO] Running workload in testing mode
client 2024-01-29 01:56:05,605 [INFO] Synchronizing with the server and with time.google.com...
client 2024-01-29 01:56:05,632 [INFO] NTP:offset = -0.005 s, delay = 0.021 s 
client 2024-01-29 01:56:05,632 [INFO] Sending command to the server: 'time'
client 2024-01-29 01:56:05,635 [INFO] Got response: '1706493365.631926'
client 2024-01-29 01:56:05,635 [INFO] The time difference between the client and the server is within range 0.687 ms..3.964 ms
client 2024-01-29 01:56:05,636 [INFO] Sending command to the server: 'session,2024-01-29_01-50-23,start,testing'
client 2024-01-29 01:56:18,645 [INFO] Got response: 'OK'
client 2024-01-29 01:56:18,646 [INFO] Sending command to the server: 'time'
client 2024-01-29 01:56:18,653 [INFO] Got response: '1706493378.649416'
client 2024-01-29 01:56:18,653 [INFO] The time difference between the client and the server is within range -2.516 ms..4.257 ms
client 2024-01-29 01:56:18,654 [INFO] Running the workload 'CM_MLPERF_RUN_COUNT=$(cat ${CM_RUN_DIR}/count.txt); echo ${CM_MLPERF_RUN_COUNT}; CM_MLPERF_RUN_COUNT=$((CM_MLPERF_RUN_COUNT+1)); echo ${CM_MLPERF_RUN_COUNT} > ${CM_RUN_DIR}/count.txt && if [ ${CM_MLPERF_RUN_COUNT} -eq "1" ]; then export CM_MLPERF_USER_CONF=${CM_MLPERF_RANGING_USER_CONF}; else export CM_MLPERF_USER_CONF=${CM_MLPERF_TESTING_USER_CONF}; fi && /mnt/CM/repos/ctuning@mlcommons-ck/cm-mlops/script/benchmark-any-mlperf-inference-implementation/run.out'
client 2024-01-29 02:06:23,315 [INFO] Sending command to the server: 'time'
client 2024-01-29 02:06:23,485 [INFO] Got response: '1706493983.4802845'
client 2024-01-29 02:06:23,485 [INFO] The time difference between the client and the server is within range -164.957 ms..5.567 ms
client 2024-01-29 02:06:23,486 [INFO] Sending command to the server: 'session,2024-01-29_01-50-23,stop,testing'
client 2024-01-29 02:06:33,696 [INFO] Got response: 'OK'
client 2024-01-29 02:06:33,697 [INFO] Sending command to the server: 'time'
client 2024-01-29 02:06:33,700 [INFO] Got response: '1706493993.6969109'
client 2024-01-29 02:06:33,701 [INFO] The time difference between the client and the server is within range 0.663 ms..4.313 ms
client 2024-01-29 02:06:33,705 [INFO] Copying loadgen logs from '/home/arjun/results_dir/valid_results/orin-tflite_cpp-cpu-tflite-vmaster-default_config/mobilenet-v1-precision_float-0.5-224/singlestream/performance/run_1' to '/home/arjun/results_dir/valid_results/orin-tflite_cpp-cpu-tflite-vmaster-default_config/mobilenet-v1-precision_float-0.5-224/singlestream/performance/tmp_power/run_1'
client 2024-01-29 02:06:33,708 [INFO] Done runs
