client 2024-02-04 20:47:43,015 [INFO] Creating output directory '/home/arjun/results_dir/valid_results/orin-tflite_armnn_cpp-cpu-armnn_tflite-v23.11-using_neon/efficientnet-int8-lite0/singlestream/performance/tmp_power'
client 2024-02-04 20:47:43,046 [INFO] Sending command to the server: 'mlcommons/power client v3'
client 2024-02-04 20:47:43,051 [INFO] Got response: 'mlcommons/power server v3'
client 2024-02-04 20:47:43,052 [INFO] Synchronizing with the server and with time.google.com...
client 2024-02-04 20:47:43,090 [INFO] NTP:offset = 0.001 s, delay = 0.021 s 
client 2024-02-04 20:47:43,091 [INFO] Sending command to the server: 'time'
client 2024-02-04 20:47:43,094 [INFO] Got response: '1707079663.0939143'
client 2024-02-04 20:47:43,094 [INFO] The time difference between the client and the server is within range -2.643 ms..0.688 ms
client 2024-02-04 20:47:43,094 [INFO] Sending command to the server: 'new,,b8f686cd-74a4-4867-b1f3-4bdd96e7b9fb'
client 2024-02-04 20:47:43,097 [INFO] Got response: 'OK 2024-02-04_20-47-43,dea1e42b-ad7e-4f77-ae3e-842fc923611b'
client 2024-02-04 20:47:43,097 [INFO] Session id is '2024-02-04_20-47-43'
client 2024-02-04 20:47:43,097 [INFO] Sources: {"sources": {"__init__.py": "da39a3ee5e6b4b0d3255bfef95601890afd80709", "client.py": "33ca4f26368777ac06e01f9567b714a4b8063886", "lib/__init__.py": "da39a3ee5e6b4b0d3255bfef95601890afd80709", "lib/client.py": "ac2aa093c8e8bbc9569b9e2a3471bc64e58a2258", "lib/common.py": "611d8b29633d331eb19c9455ea3b5fa3284ed6df", "lib/external/__init__.py": "da39a3ee5e6b4b0d3255bfef95601890afd80709", "lib/external/ntplib.py": "4da8f970656505a40483206ef2b5d3dd5e81711d", "lib/server.py": "99303c836c683aa9017ec565104e636161d02acb", "lib/source_hashes.py": "60a2e02193209e8d392803326208d5466342da18", "lib/summary.py": "aa92f0a3f975eecd44d3c0cd0236342ccc9f941d", "lib/time_sync.py": "80894ef2389e540781ff78de94db16aa4203a14e", "server.py": "c3f90f2f7eeb4db30727556d0c815ebc89b3d28b", "tests/unit/__init__.py": "da39a3ee5e6b4b0d3255bfef95601890afd80709", "tests/unit/test_server.py": "948c1995d4008bc2aa6c4046a34ffa3858d6d671", "tests/unit/test_source_hashes.py": "00468a2907583c593e6574a1f6b404e4651c221a"}, "modules": {"ptd_client_server.lib.client": "lib/client.py", "ptd_client_server.lib.common": "lib/common.py", "ptd_client_server.lib.external.ntplib": "lib/external/ntplib.py", "ptd_client_server.lib.source_hashes": "lib/source_hashes.py", "ptd_client_server.lib.summary": "lib/summary.py", "ptd_client_server.lib.time_sync": "lib/time_sync.py"}}
client 2024-02-04 20:47:43,098 [INFO] Running workload in ranging mode
client 2024-02-04 20:47:43,098 [INFO] Synchronizing with the server and with time.google.com...
client 2024-02-04 20:47:43,122 [INFO] NTP:offset = 0.002 s, delay = 0.022 s 
client 2024-02-04 20:47:43,122 [INFO] Sending command to the server: 'time'
client 2024-02-04 20:47:43,125 [INFO] Got response: '1707079663.1249564'
client 2024-02-04 20:47:43,125 [INFO] The time difference between the client and the server is within range -2.639 ms..0.551 ms
client 2024-02-04 20:47:43,125 [INFO] Sending command to the server: 'session,2024-02-04_20-47-43,start,ranging'
client 2024-02-04 20:48:11,212 [INFO] Got response: 'OK'
client 2024-02-04 20:48:11,215 [INFO] Sending command to the server: 'time'
client 2024-02-04 20:48:11,218 [INFO] Got response: '1707079691.2179377'
client 2024-02-04 20:48:11,218 [INFO] The time difference between the client and the server is within range -2.886 ms..0.558 ms
client 2024-02-04 20:48:11,218 [INFO] Running the workload 'CM_MLPERF_RUN_COUNT=$(cat ${CM_RUN_DIR}/count.txt); echo ${CM_MLPERF_RUN_COUNT}; CM_MLPERF_RUN_COUNT=$((CM_MLPERF_RUN_COUNT+1)); echo ${CM_MLPERF_RUN_COUNT} > ${CM_RUN_DIR}/count.txt && if [ ${CM_MLPERF_RUN_COUNT} -eq "1" ]; then export CM_MLPERF_USER_CONF=${CM_MLPERF_RANGING_USER_CONF}; else export CM_MLPERF_USER_CONF=${CM_MLPERF_TESTING_USER_CONF}; fi && /mnt/CM/repos/ctuning@mlcommons-ck/cm-mlops/script/get-lib-armnn/run.out'
client 2024-02-04 20:53:13,493 [INFO] Sending command to the server: 'time'
client 2024-02-04 20:53:13,569 [INFO] Got response: '1707079993.566489'
client 2024-02-04 20:53:13,569 [INFO] The time difference between the client and the server is within range -72.769 ms..3.359 ms
client 2024-02-04 20:53:13,570 [INFO] Sending command to the server: 'session,2024-02-04_20-47-43,stop,ranging'
client 2024-02-04 20:53:24,317 [INFO] Got response: 'OK'
client 2024-02-04 20:53:24,317 [INFO] Sending command to the server: 'time'
client 2024-02-04 20:53:24,321 [INFO] Got response: '1707080004.3199804'
client 2024-02-04 20:53:24,322 [INFO] The time difference between the client and the server is within range -2.087 ms..2.368 ms
client 2024-02-04 20:53:24,339 [INFO] Copying loadgen logs from '/home/arjun/results_dir/valid_results/orin-tflite_armnn_cpp-cpu-armnn_tflite-v23.11-using_neon/efficientnet-int8-lite0/singlestream/performance/run_1' to '/home/arjun/results_dir/valid_results/orin-tflite_armnn_cpp-cpu-armnn_tflite-v23.11-using_neon/efficientnet-int8-lite0/singlestream/performance/tmp_power/ranging'
client 2024-02-04 20:53:24,342 [INFO] Running workload in testing mode
client 2024-02-04 20:53:24,342 [INFO] Synchronizing with the server and with time.google.com...
client 2024-02-04 20:53:24,369 [INFO] NTP:offset = 0.002 s, delay = 0.022 s 
client 2024-02-04 20:53:24,369 [INFO] Sending command to the server: 'time'
client 2024-02-04 20:53:24,372 [INFO] Got response: '1707080004.371256'
client 2024-02-04 20:53:24,373 [INFO] The time difference between the client and the server is within range -1.443 ms..1.765 ms
client 2024-02-04 20:53:24,373 [INFO] Sending command to the server: 'session,2024-02-04_20-47-43,start,testing'
client 2024-02-04 20:53:37,391 [INFO] Got response: 'OK'
client 2024-02-04 20:53:37,391 [INFO] Sending command to the server: 'time'
client 2024-02-04 20:53:37,395 [INFO] Got response: '1707080017.3935275'
client 2024-02-04 20:53:37,396 [INFO] The time difference between the client and the server is within range -1.647 ms..2.655 ms
client 2024-02-04 20:53:37,396 [INFO] Running the workload 'CM_MLPERF_RUN_COUNT=$(cat ${CM_RUN_DIR}/count.txt); echo ${CM_MLPERF_RUN_COUNT}; CM_MLPERF_RUN_COUNT=$((CM_MLPERF_RUN_COUNT+1)); echo ${CM_MLPERF_RUN_COUNT} > ${CM_RUN_DIR}/count.txt && if [ ${CM_MLPERF_RUN_COUNT} -eq "1" ]; then export CM_MLPERF_USER_CONF=${CM_MLPERF_RANGING_USER_CONF}; else export CM_MLPERF_USER_CONF=${CM_MLPERF_TESTING_USER_CONF}; fi && /mnt/CM/repos/ctuning@mlcommons-ck/cm-mlops/script/get-lib-armnn/run.out'
client 2024-02-04 21:03:41,835 [INFO] Sending command to the server: 'time'
client 2024-02-04 21:03:41,839 [INFO] Got response: '1707080621.837614'
client 2024-02-04 21:03:41,839 [INFO] The time difference between the client and the server is within range -2.680 ms..2.136 ms
client 2024-02-04 21:03:41,840 [INFO] Sending command to the server: 'session,2024-02-04_20-47-43,stop,testing'
client 2024-02-04 21:03:52,448 [INFO] Got response: 'OK'
client 2024-02-04 21:03:52,449 [INFO] Sending command to the server: 'time'
client 2024-02-04 21:03:52,453 [INFO] Got response: '1707080632.4510384'
client 2024-02-04 21:03:52,453 [INFO] The time difference between the client and the server is within range -1.751 ms..2.395 ms
client 2024-02-04 21:03:52,458 [INFO] Copying loadgen logs from '/home/arjun/results_dir/valid_results/orin-tflite_armnn_cpp-cpu-armnn_tflite-v23.11-using_neon/efficientnet-int8-lite0/singlestream/performance/run_1' to '/home/arjun/results_dir/valid_results/orin-tflite_armnn_cpp-cpu-armnn_tflite-v23.11-using_neon/efficientnet-int8-lite0/singlestream/performance/tmp_power/run_1'
client 2024-02-04 21:03:52,460 [INFO] Done runs
