client 2024-01-31 05:29:36,098 [INFO] Creating output directory '/home/arjun/results_dir/valid_results/orin-tflite_cpp-cpu-tflite-vmaster-with_live_preprocessing/mobilenet-v3-precision_float-large-minimalistic-224/singlestream/performance/tmp_power'
client 2024-01-31 05:29:36,101 [INFO] Sending command to the server: 'mlcommons/power client v3'
client 2024-01-31 05:29:36,103 [INFO] Got response: 'mlcommons/power server v3'
client 2024-01-31 05:29:36,103 [INFO] Synchronizing with the server and with time.google.com...
client 2024-01-31 05:29:36,128 [INFO] NTP:offset = -0.002 s, delay = 0.020 s 
client 2024-01-31 05:29:36,128 [INFO] Sending command to the server: 'time'
client 2024-01-31 05:29:36,131 [INFO] Got response: '1706678976.1287374'
client 2024-01-31 05:29:36,131 [INFO] The time difference between the client and the server is within range 0.051 ms..3.179 ms
client 2024-01-31 05:29:36,132 [INFO] Sending command to the server: 'new,,223aea46-0c22-45b5-8cd1-b0d464b4d8b4'
client 2024-01-31 05:29:36,134 [INFO] Got response: 'OK 2024-01-31_05-29-36,b579e689-ba00-4e15-8f8f-74024b2472ac'
client 2024-01-31 05:29:36,134 [INFO] Session id is '2024-01-31_05-29-36'
client 2024-01-31 05:29:36,134 [INFO] Sources: {"sources": {"__init__.py": "da39a3ee5e6b4b0d3255bfef95601890afd80709", "client.py": "33ca4f26368777ac06e01f9567b714a4b8063886", "lib/__init__.py": "da39a3ee5e6b4b0d3255bfef95601890afd80709", "lib/client.py": "ac2aa093c8e8bbc9569b9e2a3471bc64e58a2258", "lib/common.py": "611d8b29633d331eb19c9455ea3b5fa3284ed6df", "lib/external/__init__.py": "da39a3ee5e6b4b0d3255bfef95601890afd80709", "lib/external/ntplib.py": "4da8f970656505a40483206ef2b5d3dd5e81711d", "lib/server.py": "99303c836c683aa9017ec565104e636161d02acb", "lib/source_hashes.py": "60a2e02193209e8d392803326208d5466342da18", "lib/summary.py": "aa92f0a3f975eecd44d3c0cd0236342ccc9f941d", "lib/time_sync.py": "80894ef2389e540781ff78de94db16aa4203a14e", "server.py": "c3f90f2f7eeb4db30727556d0c815ebc89b3d28b", "tests/unit/__init__.py": "da39a3ee5e6b4b0d3255bfef95601890afd80709", "tests/unit/test_server.py": "948c1995d4008bc2aa6c4046a34ffa3858d6d671", "tests/unit/test_source_hashes.py": "00468a2907583c593e6574a1f6b404e4651c221a"}, "modules": {"ptd_client_server.lib.client": "lib/client.py", "ptd_client_server.lib.common": "lib/common.py", "ptd_client_server.lib.external.ntplib": "lib/external/ntplib.py", "ptd_client_server.lib.source_hashes": "lib/source_hashes.py", "ptd_client_server.lib.summary": "lib/summary.py", "ptd_client_server.lib.time_sync": "lib/time_sync.py"}}
client 2024-01-31 05:29:36,134 [INFO] Running workload in ranging mode
client 2024-01-31 05:29:36,134 [INFO] Synchronizing with the server and with time.google.com...
client 2024-01-31 05:29:36,153 [INFO] NTP:offset = -0.003 s, delay = 0.018 s 
client 2024-01-31 05:29:36,153 [INFO] Sending command to the server: 'time'
client 2024-01-31 05:29:36,156 [INFO] Got response: '1706678976.153318'
client 2024-01-31 05:29:36,156 [INFO] The time difference between the client and the server is within range 0.528 ms..3.138 ms
client 2024-01-31 05:29:36,156 [INFO] Sending command to the server: 'session,2024-01-31_05-29-36,start,ranging'
client 2024-01-31 05:30:04,238 [INFO] Got response: 'OK'
client 2024-01-31 05:30:04,240 [INFO] Sending command to the server: 'time'
client 2024-01-31 05:30:04,243 [INFO] Got response: '1706679004.240624'
client 2024-01-31 05:30:04,243 [INFO] The time difference between the client and the server is within range 0.205 ms..3.109 ms
client 2024-01-31 05:30:04,244 [INFO] Running the workload 'CM_MLPERF_RUN_COUNT=$(cat ${CM_RUN_DIR}/count.txt); echo ${CM_MLPERF_RUN_COUNT}; CM_MLPERF_RUN_COUNT=$((CM_MLPERF_RUN_COUNT+1)); echo ${CM_MLPERF_RUN_COUNT} > ${CM_RUN_DIR}/count.txt && if [ ${CM_MLPERF_RUN_COUNT} -eq "1" ]; then export CM_MLPERF_USER_CONF=${CM_MLPERF_RANGING_USER_CONF}; else export CM_MLPERF_USER_CONF=${CM_MLPERF_TESTING_USER_CONF}; fi && /home/arjun/run.out'
client 2024-01-31 05:35:06,886 [INFO] Sending command to the server: 'time'
client 2024-01-31 05:35:06,889 [INFO] Got response: '1706679306.8866696'
client 2024-01-31 05:35:06,890 [INFO] The time difference between the client and the server is within range -0.442 ms..3.508 ms
client 2024-01-31 05:35:06,890 [INFO] Sending command to the server: 'session,2024-01-31_05-29-36,stop,ranging'
client 2024-01-31 05:35:17,377 [INFO] Got response: 'OK'
client 2024-01-31 05:35:17,379 [INFO] Sending command to the server: 'time'
client 2024-01-31 05:35:17,383 [INFO] Got response: '1706679317.3793669'
client 2024-01-31 05:35:17,384 [INFO] The time difference between the client and the server is within range -0.219 ms..4.681 ms
client 2024-01-31 05:35:17,402 [INFO] Copying loadgen logs from '/home/arjun/results_dir/valid_results/orin-tflite_cpp-cpu-tflite-vmaster-with_live_preprocessing/mobilenet-v3-precision_float-large-minimalistic-224/singlestream/performance/run_1' to '/home/arjun/results_dir/valid_results/orin-tflite_cpp-cpu-tflite-vmaster-with_live_preprocessing/mobilenet-v3-precision_float-large-minimalistic-224/singlestream/performance/tmp_power/ranging'
client 2024-01-31 05:35:17,405 [INFO] Running workload in testing mode
client 2024-01-31 05:35:17,405 [INFO] Synchronizing with the server and with time.google.com...
client 2024-01-31 05:35:17,439 [INFO] NTP:offset = -0.002 s, delay = 0.028 s 
client 2024-01-31 05:35:17,440 [INFO] Sending command to the server: 'time'
client 2024-01-31 05:35:17,443 [INFO] Got response: '1706679317.4402533'
client 2024-01-31 05:35:17,443 [INFO] The time difference between the client and the server is within range -0.138 ms..3.299 ms
client 2024-01-31 05:35:17,443 [INFO] Sending command to the server: 'session,2024-01-31_05-29-36,start,testing'
client 2024-01-31 05:35:30,462 [INFO] Got response: 'OK'
client 2024-01-31 05:35:30,462 [INFO] Sending command to the server: 'time'
client 2024-01-31 05:35:30,465 [INFO] Got response: '1706679330.4629939'
client 2024-01-31 05:35:30,465 [INFO] The time difference between the client and the server is within range -0.040 ms..2.820 ms
client 2024-01-31 05:35:30,466 [INFO] Running the workload 'CM_MLPERF_RUN_COUNT=$(cat ${CM_RUN_DIR}/count.txt); echo ${CM_MLPERF_RUN_COUNT}; CM_MLPERF_RUN_COUNT=$((CM_MLPERF_RUN_COUNT+1)); echo ${CM_MLPERF_RUN_COUNT} > ${CM_RUN_DIR}/count.txt && if [ ${CM_MLPERF_RUN_COUNT} -eq "1" ]; then export CM_MLPERF_USER_CONF=${CM_MLPERF_RANGING_USER_CONF}; else export CM_MLPERF_USER_CONF=${CM_MLPERF_TESTING_USER_CONF}; fi && /home/arjun/run.out'
client 2024-01-31 05:45:34,867 [INFO] Sending command to the server: 'time'
client 2024-01-31 05:45:35,078 [INFO] Got response: '1706679935.0750585'
client 2024-01-31 05:45:35,079 [INFO] The time difference between the client and the server is within range -207.816 ms..4.719 ms
client 2024-01-31 05:45:35,080 [INFO] Sending command to the server: 'session,2024-01-31_05-29-36,stop,testing'
client 2024-01-31 05:45:45,512 [INFO] Got response: 'OK'
client 2024-01-31 05:45:45,513 [INFO] Sending command to the server: 'time'
client 2024-01-31 05:45:45,517 [INFO] Got response: '1706679945.5146532'
client 2024-01-31 05:45:45,517 [INFO] The time difference between the client and the server is within range -1.462 ms..2.808 ms
client 2024-01-31 05:45:45,522 [INFO] Copying loadgen logs from '/home/arjun/results_dir/valid_results/orin-tflite_cpp-cpu-tflite-vmaster-with_live_preprocessing/mobilenet-v3-precision_float-large-minimalistic-224/singlestream/performance/run_1' to '/home/arjun/results_dir/valid_results/orin-tflite_cpp-cpu-tflite-vmaster-with_live_preprocessing/mobilenet-v3-precision_float-large-minimalistic-224/singlestream/performance/tmp_power/run_1'
client 2024-01-31 05:45:45,525 [INFO] Done runs
