Graph file: /home/ubuntu/CM/repos/local/cache/eb7e58e390e94350/v2_128_35/model.tflite
Image dir: /home/ubuntu/CM/repos/local/cache/c77aaff3b96740d6
Image list: /home/ubuntu/CM/repos/local/cache/c77aaff3b96740d6/preprocessed_files.txt
Image size: 128
Image channels: 3
Prediction classes: 1000
Result dir: /home/ubuntu/CM/repos/local/cache/7d7675dc64fb47c1/valid_results/ip_172_31_22_165-tflite_cpp-cpu-tflite-vmaster-default_config/mobilenet-v2-precision_uint8-0.35-128/singlestream/performance/run_1
How many images fit in memory buffer: 1024
Normalize: 1
Subtract mean: 0
Run time preprocessing: 1
Number of Threads: 8
Number of available imagefiles: 50000

Loading graph...
INFO: Created TensorFlow Lite XNNPACK delegate for CPU.
Input tensor dimensions (NHWC): 1*128*128*3
Output tensor dimensions: 1*1001
Path to mlperf.conf : /home/ubuntu/CM/repos/local/cache/f3e5a00e87484e31/inference/mlperf.conf
Path to user.conf : /home/ubuntu/CM/repos/ctuning@mlcommons-ck/cm-mlops/script/generate-mlperf-inference-user-conf/tmp/4a1778ffd2b24f7faed59ef938457fe2.conf
Model Name: mobilenet
LoadGen Scenario: SingleStream
LoadGen Mode: performance
