client 2024-02-21 09:01:34,586 [INFO] Creating output directory '/home/arjun/CM/repos/local/cache/ebae02e3af2d40d4/valid_results/qrb5165-kilt-qaic-glow-vdefault-default_config/retinanet/multistream/performance/tmp_power'
client 2024-02-21 09:01:34,624 [INFO] Sending command to the server: 'mlcommons/power client v3'
client 2024-02-21 09:01:34,631 [INFO] Got response: 'mlcommons/power server v3'
client 2024-02-21 09:01:34,631 [INFO] Synchronizing with the server and with time.google.com...
client 2024-02-21 09:01:34,664 [INFO] NTP:offset = -0.002 s, delay = 0.016 s 
client 2024-02-21 09:01:34,664 [INFO] Sending command to the server: 'time'
client 2024-02-21 09:01:34,671 [INFO] Got response: '1708506094.6681275'
client 2024-02-21 09:01:34,671 [INFO] The time difference between the client and the server is within range -3.585 ms..3.661 ms
client 2024-02-21 09:01:34,671 [INFO] Sending command to the server: 'new,,710e9a2e-ce3b-469f-998b-e20cd2e3d019'
client 2024-02-21 09:01:34,680 [INFO] Got response: 'OK 2024-02-21_09-01-34,e40309d7-a7f2-4e9d-95e2-922bd38ac399'
client 2024-02-21 09:01:34,680 [INFO] Session id is '2024-02-21_09-01-34'
client 2024-02-21 09:01:34,681 [INFO] Sources: {"sources": {"__init__.py": "da39a3ee5e6b4b0d3255bfef95601890afd80709", "client.py": "33ca4f26368777ac06e01f9567b714a4b8063886", "lib/__init__.py": "da39a3ee5e6b4b0d3255bfef95601890afd80709", "lib/client.py": "ac2aa093c8e8bbc9569b9e2a3471bc64e58a2258", "lib/common.py": "611d8b29633d331eb19c9455ea3b5fa3284ed6df", "lib/external/__init__.py": "da39a3ee5e6b4b0d3255bfef95601890afd80709", "lib/external/ntplib.py": "4da8f970656505a40483206ef2b5d3dd5e81711d", "lib/server.py": "99303c836c683aa9017ec565104e636161d02acb", "lib/source_hashes.py": "60a2e02193209e8d392803326208d5466342da18", "lib/summary.py": "aa92f0a3f975eecd44d3c0cd0236342ccc9f941d", "lib/time_sync.py": "80894ef2389e540781ff78de94db16aa4203a14e", "server.py": "c3f90f2f7eeb4db30727556d0c815ebc89b3d28b", "tests/unit/__init__.py": "da39a3ee5e6b4b0d3255bfef95601890afd80709", "tests/unit/test_server.py": "948c1995d4008bc2aa6c4046a34ffa3858d6d671", "tests/unit/test_source_hashes.py": "00468a2907583c593e6574a1f6b404e4651c221a"}, "modules": {"ptd_client_server.lib.client": "lib/client.py", "ptd_client_server.lib.common": "lib/common.py", "ptd_client_server.lib.external.ntplib": "lib/external/ntplib.py", "ptd_client_server.lib.source_hashes": "lib/source_hashes.py", "ptd_client_server.lib.summary": "lib/summary.py", "ptd_client_server.lib.time_sync": "lib/time_sync.py"}}
client 2024-02-21 09:01:34,682 [INFO] Running workload in ranging mode
client 2024-02-21 09:01:34,682 [INFO] Synchronizing with the server and with time.google.com...
client 2024-02-21 09:01:34,741 [INFO] NTP:offset = -0.000 s, delay = 0.050 s 
client 2024-02-21 09:01:34,741 [INFO] Sending command to the server: 'time'
client 2024-02-21 09:01:34,749 [INFO] Got response: '1708506094.7457447'
client 2024-02-21 09:01:34,750 [INFO] The time difference between the client and the server is within range -4.157 ms..4.251 ms
client 2024-02-21 09:01:34,750 [INFO] Sending command to the server: 'session,2024-02-21_09-01-34,start,ranging'
client 2024-02-21 09:02:02,858 [INFO] Got response: 'OK'
client 2024-02-21 09:02:02,859 [INFO] Sending command to the server: 'time'
client 2024-02-21 09:02:02,865 [INFO] Got response: '1708506122.8626995'
client 2024-02-21 09:02:02,866 [INFO] The time difference between the client and the server is within range -3.229 ms..3.257 ms
client 2024-02-21 09:02:02,866 [INFO] Running the workload '/home/arjun/CM/repos/local/cache/ebae02e3af2d40d4/valid_results/qrb5165-kilt-qaic-glow-vdefault-default_config/retinanet/multistream/performance/run_1/run.out 2>&1 | tee /home/arjun/CM/repos/local/cache/ebae02e3af2d40d4/valid_results/qrb5165-kilt-qaic-glow-vdefault-default_config/retinanet/multistream/performance/run_1/console.out'
client 2024-02-21 09:12:11,673 [INFO] Sending command to the server: 'time'
client 2024-02-21 09:12:11,682 [INFO] Got response: '1708506731.6786253'
client 2024-02-21 09:12:11,682 [INFO] The time difference between the client and the server is within range -5.052 ms..4.212 ms
client 2024-02-21 09:12:11,683 [INFO] Sending command to the server: 'session,2024-02-21_09-01-34,stop,ranging'
client 2024-02-21 09:12:22,115 [INFO] Got response: 'OK'
client 2024-02-21 09:12:22,115 [INFO] Sending command to the server: 'time'
client 2024-02-21 09:12:22,122 [INFO] Got response: '1708506742.1189156'
client 2024-02-21 09:12:22,122 [INFO] The time difference between the client and the server is within range -3.591 ms..3.971 ms
client 2024-02-21 09:12:22,140 [INFO] Copying loadgen logs from '/home/arjun/CM/repos/local/cache/ebae02e3af2d40d4/valid_results/qrb5165-kilt-qaic-glow-vdefault-default_config/retinanet/multistream/performance/run_1' to '/home/arjun/CM/repos/local/cache/ebae02e3af2d40d4/valid_results/qrb5165-kilt-qaic-glow-vdefault-default_config/retinanet/multistream/performance/tmp_power/ranging'
client 2024-02-21 09:12:22,144 [INFO] Running workload in testing mode
client 2024-02-21 09:12:22,145 [INFO] Synchronizing with the server and with time.google.com...
client 2024-02-21 09:12:22,179 [INFO] NTP:offset = -0.000 s, delay = 0.019 s 
client 2024-02-21 09:12:22,179 [INFO] Sending command to the server: 'time'
client 2024-02-21 09:12:22,185 [INFO] Got response: '1708506742.1826172'
client 2024-02-21 09:12:22,185 [INFO] The time difference between the client and the server is within range -3.026 ms..3.317 ms
client 2024-02-21 09:12:22,186 [INFO] Sending command to the server: 'session,2024-02-21_09-01-34,start,testing'
client 2024-02-21 09:12:35,204 [INFO] Got response: 'OK'
client 2024-02-21 09:12:35,204 [INFO] Sending command to the server: 'time'
client 2024-02-21 09:12:35,211 [INFO] Got response: '1708506755.2086868'
client 2024-02-21 09:12:35,211 [INFO] The time difference between the client and the server is within range -3.773 ms..3.155 ms
client 2024-02-21 09:12:35,212 [INFO] Running the workload '/home/arjun/CM/repos/local/cache/ebae02e3af2d40d4/valid_results/qrb5165-kilt-qaic-glow-vdefault-default_config/retinanet/multistream/performance/run_1/run.out 2>&1 | tee /home/arjun/CM/repos/local/cache/ebae02e3af2d40d4/valid_results/qrb5165-kilt-qaic-glow-vdefault-default_config/retinanet/multistream/performance/run_1/console.out'
client 2024-02-21 09:22:43,993 [INFO] Sending command to the server: 'time'
client 2024-02-21 09:22:44,001 [INFO] Got response: '1708507363.9982214'
client 2024-02-21 09:22:44,002 [INFO] The time difference between the client and the server is within range -4.894 ms..3.851 ms
client 2024-02-21 09:22:44,002 [INFO] Sending command to the server: 'session,2024-02-21_09-01-34,stop,testing'
client 2024-02-21 09:22:54,229 [INFO] Got response: 'OK'
client 2024-02-21 09:22:54,229 [INFO] Sending command to the server: 'time'
client 2024-02-21 09:22:54,236 [INFO] Got response: '1708507374.2336056'
client 2024-02-21 09:22:54,236 [INFO] The time difference between the client and the server is within range -3.919 ms..2.774 ms
client 2024-02-21 09:22:54,240 [INFO] Copying loadgen logs from '/home/arjun/CM/repos/local/cache/ebae02e3af2d40d4/valid_results/qrb5165-kilt-qaic-glow-vdefault-default_config/retinanet/multistream/performance/run_1' to '/home/arjun/CM/repos/local/cache/ebae02e3af2d40d4/valid_results/qrb5165-kilt-qaic-glow-vdefault-default_config/retinanet/multistream/performance/tmp_power/run_1'
client 2024-02-21 09:22:54,245 [INFO] Done runs
