DeepSparse, Copyright 2021-present / Neuralmagic, Inc. version: 1.6.1 COMMUNITY | (eff4f95d) (release) (optimized) (system=avx2, binary=avx2)
2024-02-22 12:58:41 deepsparse.utils.onnx INFO     Generating input 'input_ids', type = int64, shape = [1, 384]
2024-02-22 12:58:41 deepsparse.utils.onnx INFO     Generating input 'attention_mask', type = int64, shape = [1, 384]
2024-02-22 12:58:41 deepsparse.utils.onnx INFO     Generating input 'token_type_ids', type = int64, shape = [1, 384]
================================================
MLPerf Results Summary
================================================
SUT name : PySUT
Scenario : SingleStream
Mode     : PerformanceOnly
90th percentile latency (ns) : 602684507
Result is : VALID
  Min duration satisfied : Yes
  Min queries satisfied : Yes
  Early stopping satisfied: Yes
Early Stopping Result:
 * Processed at least 64 queries (1497).
 * Would discard 121 highest latency queries.
 * Early stopping 90th percentile estimate: 602895930
 * Early stopping 99th percentile estimate: 632735319

================================================
Additional Stats
================================================
QPS w/ loadgen overhead         : 2.49
QPS w/o loadgen overhead        : 2.49

Min latency (ns)                : 291836121
Max latency (ns)                : 647244837
Mean latency (ns)               : 401132510
50.00 percentile latency (ns)   : 298107028
90.00 percentile latency (ns)   : 602684507
95.00 percentile latency (ns)   : 607637120
97.00 percentile latency (ns)   : 618511081
99.00 percentile latency (ns)   : 629454917
99.90 percentile latency (ns)   : 636858868

================================================
Test Parameters Used
================================================
samples_per_query : 1
target_qps : 2000
target_latency (ns): 0
max_async_queries : 1
min_duration (ms): 600000
max_duration (ms): 660000
min_query_count : 100
max_query_count : 0
qsl_rng_seed : 13281865557512327830
sample_index_rng_seed : 198141574272810017
schedule_rng_seed : 7575108116881280410
accuracy_log_rng_seed : 0
accuracy_log_probability : 0
accuracy_log_sampling_target : 0
print_timestamps : 0
performance_issue_unique : 0
performance_issue_same : 0
performance_issue_same_index : 0
performance_sample_count : 10833

No warnings encountered during test.

No errors encountered during test.
Loading ONNX model... /home/arjun/.cache/sparsezoo/neuralmagic/bert-large-squad_wikipedia_bookcorpus-base/model.onnx
Constructing SUT...
Finished constructing SUT.
Constructing QSL...
Loading cached features from 'eval_features.pickle'...
Finished constructing QSL.
Warming up engine...
Running LoadGen test...
Done!
Destroying SUT...
Destroying QSL...
Finished destroying SUT.
Finished destroying QSL.
