client 2024-02-09 12:42:36,854 [INFO] Sending command to the server: 'mlcommons/power client v3'
client 2024-02-09 12:42:36,855 [INFO] Got response: 'mlcommons/power server v3'
client 2024-02-09 12:42:36,855 [INFO] Sending command to the server: 'stop'
client 2024-02-09 12:42:36,856 [INFO] Got response: 'OK'
client 2024-02-09 12:42:36,856 [INFO] Synchronizing with the server and with ib-01.dc4-in.nvidia.com...
client 2024-02-09 12:42:37,073 [INFO] NTP:offset = -0.001 s, delay = 0.214 s 
client 2024-02-09 12:42:37,073 [INFO] Sending command to the server: 'time'
client 2024-02-09 12:42:37,075 [INFO] Got response: '1707482557.074052'
client 2024-02-09 12:42:37,075 [INFO] The time difference between the client and the server is within range -0.136 ms..1.062 ms
client 2024-02-09 12:42:37,075 [INFO] Sending command to the server: 'new,,c7952187-239e-458e-96f5-0d6f48c68efb'
client 2024-02-09 12:42:37,076 [INFO] Got response: 'OK 2024-02-09_04-42-37,1657b1fd-6aeb-4f8f-849b-f95fe3e10c9a'
client 2024-02-09 12:42:37,076 [INFO] Session id is '2024-02-09_04-42-37'
client 2024-02-09 12:42:37,076 [INFO] Sources: {"sources": {"__init__.py": "da39a3ee5e6b4b0d3255bfef95601890afd80709", "client.py": "33ca4f26368777ac06e01f9567b714a4b8063886", "lib/__init__.py": "da39a3ee5e6b4b0d3255bfef95601890afd80709", "lib/client.py": "ac2aa093c8e8bbc9569b9e2a3471bc64e58a2258", "lib/common.py": "611d8b29633d331eb19c9455ea3b5fa3284ed6df", "lib/external/__init__.py": "da39a3ee5e6b4b0d3255bfef95601890afd80709", "lib/external/ntplib.py": "4da8f970656505a40483206ef2b5d3dd5e81711d", "lib/server.py": "99303c836c683aa9017ec565104e636161d02acb", "lib/source_hashes.py": "60a2e02193209e8d392803326208d5466342da18", "lib/summary.py": "aa92f0a3f975eecd44d3c0cd0236342ccc9f941d", "lib/time_sync.py": "80894ef2389e540781ff78de94db16aa4203a14e", "server.py": "c3f90f2f7eeb4db30727556d0c815ebc89b3d28b", "tests/unit/__init__.py": "da39a3ee5e6b4b0d3255bfef95601890afd80709", "tests/unit/test_server.py": "948c1995d4008bc2aa6c4046a34ffa3858d6d671", "tests/unit/test_source_hashes.py": "00468a2907583c593e6574a1f6b404e4651c221a"}, "modules": {"ptd_client_server.lib.client": "lib/client.py", "ptd_client_server.lib.common": "lib/common.py", "ptd_client_server.lib.external.ntplib": "lib/external/ntplib.py", "ptd_client_server.lib.source_hashes": "lib/source_hashes.py", "ptd_client_server.lib.summary": "lib/summary.py", "ptd_client_server.lib.time_sync": "lib/time_sync.py"}}
client 2024-02-09 12:42:37,079 [INFO] Running workload in ranging mode
client 2024-02-09 12:42:37,079 [INFO] Synchronizing with the server and with ib-01.dc4-in.nvidia.com...
client 2024-02-09 12:42:37,295 [INFO] NTP:offset = -0.001 s, delay = 0.214 s 
client 2024-02-09 12:42:37,295 [INFO] Sending command to the server: 'time'
client 2024-02-09 12:42:37,296 [INFO] Got response: '1707482557.295405'
client 2024-02-09 12:42:37,296 [INFO] The time difference between the client and the server is within range -0.131 ms..1.062 ms
client 2024-02-09 12:42:37,296 [INFO] Sending command to the server: 'session,2024-02-09_04-42-37,start,ranging'
client 2024-02-09 12:43:17,206 [INFO] Got response: 'OK'
client 2024-02-09 12:43:17,206 [INFO] Sending command to the server: 'time'
client 2024-02-09 12:43:17,207 [INFO] Got response: '1707482597.207057'
client 2024-02-09 12:43:17,207 [INFO] The time difference between the client and the server is within range -0.178 ms..0.919 ms
client 2024-02-09 12:43:17,208 [INFO] Running the workload 'LOG_DIR=/work/build/power_logs_temp python3.8 -m code.main --benchmarks=rnnt --scenarios=Offline --test_mode=PerformanceOnly --config_ver=maxq --action="run_harness" \\\n\t\t2>&1 | tee -a /work/build/power_logs/2024.02.09-12.41.47/stdout.txt \\\n\t\t&& if [ ! -d /work/build/power_logs/2024.02.09-12.41.47/ranging_tmp ]; \\\n\t\t\tthen mkdir /work/build/power_logs/2024.02.09-12.41.47/ranging_tmp \\\n\t\t\t\t&& mv /work/build/power_logs_temp/* /work/build/power_logs/2024.02.09-12.41.47/ranging_tmp/ \\\n\t\t\t\t&& cp -v /work/build/power_logs/2024.02.09-12.41.47/ranging_tmp/*/*/*/mlperf_log_detail.txt /work/build/power_logs_temp/ \\\n\t\t\t\t&& cp -v /work/build/power_logs/2024.02.09-12.41.47/ranging_tmp/*/*/*/mlperf_log_summary.txt /work/build/power_logs_temp/; \\\n\t\t\telse mkdir /work/build/power_logs/2024.02.09-12.41.47/testing_tmp \\\n\t\t\t\t&& mv /work/build/power_logs_temp/* /work/build/power_logs/2024.02.09-12.41.47/testing_tmp/ \\\n\t\t\t\t&& cp -v /work/build/power_logs/2024.02.09-12.41.47/testing_tmp/*/*/*/mlperf_log_detail.txt /work/build/power_logs_temp/ \\\n\t\t\t\t&& cp -v /work/build/power_logs/2024.02.09-12.41.47/testing_tmp/*/*/*/mlperf_log_summary.txt /work/build/power_logs_temp/; fi'
client 2024-02-09 12:55:29,089 [INFO] Sending command to the server: 'time'
client 2024-02-09 12:55:29,091 [INFO] Got response: '1707483329.090499'
client 2024-02-09 12:55:29,091 [INFO] The time difference between the client and the server is within range -0.973 ms..0.696 ms
client 2024-02-09 12:55:29,091 [INFO] Sending command to the server: 'session,2024-02-09_04-42-37,stop,ranging'
client 2024-02-09 12:55:39,301 [INFO] Got response: 'OK'
client 2024-02-09 12:55:39,301 [INFO] Sending command to the server: 'time'
client 2024-02-09 12:55:39,302 [INFO] Got response: '1707483339.3022711'
client 2024-02-09 12:55:39,302 [INFO] The time difference between the client and the server is within range -0.436 ms..0.565 ms
client 2024-02-09 12:55:39,312 [INFO] Copying loadgen logs from '/work/build/power_logs_temp' to '/work/build/power_logs/2024.02.09-12.41.47/2024-02-09_04-42-37/ranging'
client 2024-02-09 12:55:39,328 [INFO] Running workload in testing mode
client 2024-02-09 12:55:39,328 [INFO] Synchronizing with the server and with ib-01.dc4-in.nvidia.com...
client 2024-02-09 12:55:39,547 [INFO] NTP:offset = 0.000 s, delay = 0.217 s 
client 2024-02-09 12:55:39,547 [INFO] Sending command to the server: 'time'
client 2024-02-09 12:55:39,548 [INFO] Got response: '1707483339.5477'
client 2024-02-09 12:55:39,548 [INFO] The time difference between the client and the server is within range -0.544 ms..0.596 ms
client 2024-02-09 12:55:39,548 [INFO] Sending command to the server: 'session,2024-02-09_04-42-37,start,testing'
client 2024-02-09 12:56:01,171 [INFO] Got response: 'OK'
client 2024-02-09 12:56:01,171 [INFO] Sending command to the server: 'time'
client 2024-02-09 12:56:01,172 [INFO] Got response: '1707483361.172138'
client 2024-02-09 12:56:01,172 [INFO] The time difference between the client and the server is within range -0.623 ms..0.495 ms
client 2024-02-09 12:56:01,172 [INFO] Running the workload 'LOG_DIR=/work/build/power_logs_temp python3.8 -m code.main --benchmarks=rnnt --scenarios=Offline --test_mode=PerformanceOnly --config_ver=maxq --action="run_harness" \\\n\t\t2>&1 | tee -a /work/build/power_logs/2024.02.09-12.41.47/stdout.txt \\\n\t\t&& if [ ! -d /work/build/power_logs/2024.02.09-12.41.47/ranging_tmp ]; \\\n\t\t\tthen mkdir /work/build/power_logs/2024.02.09-12.41.47/ranging_tmp \\\n\t\t\t\t&& mv /work/build/power_logs_temp/* /work/build/power_logs/2024.02.09-12.41.47/ranging_tmp/ \\\n\t\t\t\t&& cp -v /work/build/power_logs/2024.02.09-12.41.47/ranging_tmp/*/*/*/mlperf_log_detail.txt /work/build/power_logs_temp/ \\\n\t\t\t\t&& cp -v /work/build/power_logs/2024.02.09-12.41.47/ranging_tmp/*/*/*/mlperf_log_summary.txt /work/build/power_logs_temp/; \\\n\t\t\telse mkdir /work/build/power_logs/2024.02.09-12.41.47/testing_tmp \\\n\t\t\t\t&& mv /work/build/power_logs_temp/* /work/build/power_logs/2024.02.09-12.41.47/testing_tmp/ \\\n\t\t\t\t&& cp -v /work/build/power_logs/2024.02.09-12.41.47/testing_tmp/*/*/*/mlperf_log_detail.txt /work/build/power_logs_temp/ \\\n\t\t\t\t&& cp -v /work/build/power_logs/2024.02.09-12.41.47/testing_tmp/*/*/*/mlperf_log_summary.txt /work/build/power_logs_temp/; fi'
client 2024-02-09 13:08:24,202 [INFO] Sending command to the server: 'time'
client 2024-02-09 13:08:24,204 [INFO] Got response: '1707484104.2042854'
client 2024-02-09 13:08:24,204 [INFO] The time difference between the client and the server is within range -1.437 ms..0.272 ms
client 2024-02-09 13:08:24,204 [INFO] Sending command to the server: 'session,2024-02-09_04-42-37,stop,testing'
client 2024-02-09 13:08:35,246 [INFO] Got response: 'OK'
client 2024-02-09 13:08:35,246 [INFO] Sending command to the server: 'time'
client 2024-02-09 13:08:35,247 [INFO] Got response: '1707484115.2470198'
client 2024-02-09 13:08:35,247 [INFO] The time difference between the client and the server is within range -0.881 ms..0.010 ms
client 2024-02-09 13:08:35,252 [INFO] Copying loadgen logs from '/work/build/power_logs_temp' to '/work/build/power_logs/2024.02.09-12.41.47/2024-02-09_04-42-37/run_1'
client 2024-02-09 13:08:35,265 [INFO] Done runs
