client 2024-01-29 14:48:25,263 [INFO] Creating output directory '/home/arjun/results_dir/valid_results/orin-tflite_cpp-cpu-tflite-vmaster-default_config/mobilenet-v2-precision_uint8-0.35-128/singlestream/performance/tmp_power'
client 2024-01-29 14:48:25,266 [INFO] Sending command to the server: 'mlcommons/power client v3'
client 2024-01-29 14:48:25,270 [INFO] Got response: 'mlcommons/power server v3'
client 2024-01-29 14:48:25,270 [INFO] Synchronizing with the server and with time.google.com...
client 2024-01-29 14:48:25,297 [INFO] NTP:offset = -0.004 s, delay = 0.020 s 
client 2024-01-29 14:48:25,297 [INFO] Sending command to the server: 'time'
client 2024-01-29 14:48:25,301 [INFO] Got response: '1706539705.296605'
client 2024-01-29 14:48:25,301 [INFO] The time difference between the client and the server is within range 0.672 ms..4.706 ms
client 2024-01-29 14:48:25,301 [INFO] Sending command to the server: 'new,,bd514692-ff80-4480-ba0e-690a23791c9e'
client 2024-01-29 14:48:25,305 [INFO] Got response: 'OK 2024-01-29_14-48-25,da338789-5a48-42a0-883f-0f3a6b23f395'
client 2024-01-29 14:48:25,305 [INFO] Session id is '2024-01-29_14-48-25'
client 2024-01-29 14:48:25,305 [INFO] Sources: {"sources": {"__init__.py": "da39a3ee5e6b4b0d3255bfef95601890afd80709", "client.py": "33ca4f26368777ac06e01f9567b714a4b8063886", "lib/__init__.py": "da39a3ee5e6b4b0d3255bfef95601890afd80709", "lib/client.py": "ac2aa093c8e8bbc9569b9e2a3471bc64e58a2258", "lib/common.py": "611d8b29633d331eb19c9455ea3b5fa3284ed6df", "lib/external/__init__.py": "da39a3ee5e6b4b0d3255bfef95601890afd80709", "lib/external/ntplib.py": "4da8f970656505a40483206ef2b5d3dd5e81711d", "lib/server.py": "99303c836c683aa9017ec565104e636161d02acb", "lib/source_hashes.py": "60a2e02193209e8d392803326208d5466342da18", "lib/summary.py": "aa92f0a3f975eecd44d3c0cd0236342ccc9f941d", "lib/time_sync.py": "80894ef2389e540781ff78de94db16aa4203a14e", "server.py": "c3f90f2f7eeb4db30727556d0c815ebc89b3d28b", "tests/unit/__init__.py": "da39a3ee5e6b4b0d3255bfef95601890afd80709", "tests/unit/test_server.py": "948c1995d4008bc2aa6c4046a34ffa3858d6d671", "tests/unit/test_source_hashes.py": "00468a2907583c593e6574a1f6b404e4651c221a"}, "modules": {"ptd_client_server.lib.client": "lib/client.py", "ptd_client_server.lib.common": "lib/common.py", "ptd_client_server.lib.external.ntplib": "lib/external/ntplib.py", "ptd_client_server.lib.source_hashes": "lib/source_hashes.py", "ptd_client_server.lib.summary": "lib/summary.py", "ptd_client_server.lib.time_sync": "lib/time_sync.py"}}
client 2024-01-29 14:48:25,306 [INFO] Running workload in ranging mode
client 2024-01-29 14:48:25,306 [INFO] Synchronizing with the server and with time.google.com...
client 2024-01-29 14:48:25,328 [INFO] NTP:offset = -0.004 s, delay = 0.020 s 
client 2024-01-29 14:48:25,328 [INFO] Sending command to the server: 'time'
client 2024-01-29 14:48:25,331 [INFO] Got response: '1706539705.3270626'
client 2024-01-29 14:48:25,331 [INFO] The time difference between the client and the server is within range 1.043 ms..4.318 ms
client 2024-01-29 14:48:25,331 [INFO] Sending command to the server: 'session,2024-01-29_14-48-25,start,ranging'
client 2024-01-29 14:48:53,418 [INFO] Got response: 'OK'
client 2024-01-29 14:48:53,420 [INFO] Sending command to the server: 'time'
client 2024-01-29 14:48:53,425 [INFO] Got response: '1706539733.4205606'
client 2024-01-29 14:48:53,426 [INFO] The time difference between the client and the server is within range 0.290 ms..5.431 ms
client 2024-01-29 14:48:53,426 [INFO] Running the workload 'CM_MLPERF_RUN_COUNT=$(cat ${CM_RUN_DIR}/count.txt); echo ${CM_MLPERF_RUN_COUNT}; CM_MLPERF_RUN_COUNT=$((CM_MLPERF_RUN_COUNT+1)); echo ${CM_MLPERF_RUN_COUNT} > ${CM_RUN_DIR}/count.txt && if [ ${CM_MLPERF_RUN_COUNT} -eq "1" ]; then export CM_MLPERF_USER_CONF=${CM_MLPERF_RANGING_USER_CONF}; else export CM_MLPERF_USER_CONF=${CM_MLPERF_TESTING_USER_CONF}; fi && /mnt/CM/repos/ctuning@mlcommons-ck/cm-mlops/script/benchmark-any-mlperf-inference-implementation/run.out'
client 2024-01-29 14:53:55,771 [INFO] Sending command to the server: 'time'
client 2024-01-29 14:53:55,813 [INFO] Got response: '1706540035.8081048'
client 2024-01-29 14:53:55,814 [INFO] The time difference between the client and the server is within range -36.669 ms..5.892 ms
client 2024-01-29 14:53:55,814 [INFO] Sending command to the server: 'session,2024-01-29_14-48-25,stop,ranging'
client 2024-01-29 14:54:06,529 [INFO] Got response: 'OK'
client 2024-01-29 14:54:06,530 [INFO] Sending command to the server: 'time'
client 2024-01-29 14:54:06,533 [INFO] Got response: '1706540046.5290143'
client 2024-01-29 14:54:06,533 [INFO] The time difference between the client and the server is within range 1.196 ms..4.890 ms
client 2024-01-29 14:54:06,550 [INFO] Copying loadgen logs from '/home/arjun/results_dir/valid_results/orin-tflite_cpp-cpu-tflite-vmaster-default_config/mobilenet-v2-precision_uint8-0.35-128/singlestream/performance/run_1' to '/home/arjun/results_dir/valid_results/orin-tflite_cpp-cpu-tflite-vmaster-default_config/mobilenet-v2-precision_uint8-0.35-128/singlestream/performance/tmp_power/ranging'
client 2024-01-29 14:54:06,553 [INFO] Running workload in testing mode
client 2024-01-29 14:54:06,554 [INFO] Synchronizing with the server and with time.google.com...
client 2024-01-29 14:54:06,592 [INFO] NTP:offset = -0.004 s, delay = 0.020 s 
client 2024-01-29 14:54:06,592 [INFO] Sending command to the server: 'time'
client 2024-01-29 14:54:06,596 [INFO] Got response: '1706540046.5917428'
client 2024-01-29 14:54:06,596 [INFO] The time difference between the client and the server is within range 1.167 ms..4.870 ms
client 2024-01-29 14:54:06,596 [INFO] Sending command to the server: 'session,2024-01-29_14-48-25,start,testing'
client 2024-01-29 14:54:19,621 [INFO] Got response: 'OK'
client 2024-01-29 14:54:19,622 [INFO] Sending command to the server: 'time'
client 2024-01-29 14:54:19,626 [INFO] Got response: '1706540059.6214662'
client 2024-01-29 14:54:19,626 [INFO] The time difference between the client and the server is within range 0.667 ms..5.088 ms
client 2024-01-29 14:54:19,626 [INFO] Running the workload 'CM_MLPERF_RUN_COUNT=$(cat ${CM_RUN_DIR}/count.txt); echo ${CM_MLPERF_RUN_COUNT}; CM_MLPERF_RUN_COUNT=$((CM_MLPERF_RUN_COUNT+1)); echo ${CM_MLPERF_RUN_COUNT} > ${CM_RUN_DIR}/count.txt && if [ ${CM_MLPERF_RUN_COUNT} -eq "1" ]; then export CM_MLPERF_USER_CONF=${CM_MLPERF_RANGING_USER_CONF}; else export CM_MLPERF_USER_CONF=${CM_MLPERF_TESTING_USER_CONF}; fi && /mnt/CM/repos/ctuning@mlcommons-ck/cm-mlops/script/benchmark-any-mlperf-inference-implementation/run.out'
client 2024-01-29 15:04:24,001 [INFO] Sending command to the server: 'time'
client 2024-01-29 15:04:24,030 [INFO] Got response: '1706540664.0245783'
client 2024-01-29 15:04:24,030 [INFO] The time difference between the client and the server is within range -23.350 ms..6.106 ms
client 2024-01-29 15:04:24,031 [INFO] Sending command to the server: 'session,2024-01-29_14-48-25,stop,testing'
client 2024-01-29 15:04:34,675 [INFO] Got response: 'OK'
client 2024-01-29 15:04:34,676 [INFO] Sending command to the server: 'time'
client 2024-01-29 15:04:34,679 [INFO] Got response: '1706540674.674047'
client 2024-01-29 15:04:34,679 [INFO] The time difference between the client and the server is within range 1.931 ms..5.196 ms
client 2024-01-29 15:04:34,683 [INFO] Copying loadgen logs from '/home/arjun/results_dir/valid_results/orin-tflite_cpp-cpu-tflite-vmaster-default_config/mobilenet-v2-precision_uint8-0.35-128/singlestream/performance/run_1' to '/home/arjun/results_dir/valid_results/orin-tflite_cpp-cpu-tflite-vmaster-default_config/mobilenet-v2-precision_uint8-0.35-128/singlestream/performance/tmp_power/run_1'
client 2024-01-29 15:04:34,686 [INFO] Done runs
