Graph file: /home/ubuntu/CM/repos/local/cache/bd5410e149eb4589/mobilenet_v2_0.75_128.tflite
Image dir: /home/ubuntu/CM/repos/local/cache/2ac92e06d18e4e16
Image list: /home/ubuntu/CM/repos/local/cache/2ac92e06d18e4e16/preprocessed_files.txt
Image size: 128
Image channels: 3
Prediction classes: 1000
Result dir: /home/ubuntu/CM/repos/local/cache/53b88ca721a64101/valid_results/c5a.xlarge-tflite_cpp-cpu-tflite-vmaster-with_live_preprocessing/mobilenet-v2-precision_float-0.75-128/singlestream/performance/run_1
How many images fit in memory buffer: 1024
Normalize: 1
Subtract mean: 0
Run time preprocessing: 1
Number of Threads: 4
Number of available imagefiles: 50000

Loading graph...
INFO: Created TensorFlow Lite XNNPACK delegate for CPU.
Input tensor dimensions (NHWC): 1*128*128*3
Output tensor dimensions: 1*1001
Path to mlperf.conf : /home/ubuntu/CM/repos/local/cache/a34955efa6f84c88/inference/mlperf.conf
Path to user.conf : /home/ubuntu/CM/repos/ctuning@mlcommons-ck/cm-mlops/script/generate-mlperf-inference-user-conf/tmp/dfaf4470d6de40d1a89d18f77f88cf4c.conf
Model Name: mobilenet
LoadGen Scenario: SingleStream
LoadGen Mode: performance
