client 2024-02-01 03:47:05,403 [INFO] Creating output directory '/home/arjun/results_dir/valid_results/orin-tflite_armnn_cpp-cpu-armnn_tflite-v23.05-using_neon_with_live_preprocessing/mobilenet-v1-precision_float-0.5-128/singlestream/performance/tmp_power'
client 2024-02-01 03:47:05,497 [INFO] Sending command to the server: 'mlcommons/power client v3'
client 2024-02-01 03:47:05,500 [INFO] Got response: 'mlcommons/power server v3'
client 2024-02-01 03:47:05,500 [INFO] Synchronizing with the server and with time.google.com...
client 2024-02-01 03:47:05,528 [INFO] NTP:offset = -0.007 s, delay = 0.020 s 
client 2024-02-01 03:47:05,528 [INFO] Sending command to the server: 'time'
client 2024-02-01 03:47:05,531 [INFO] Got response: '1706759225.525047'
client 2024-02-01 03:47:05,531 [INFO] The time difference between the client and the server is within range 3.681 ms..6.592 ms
client 2024-02-01 03:47:05,531 [INFO] Sending command to the server: 'new,,77d2906a-a7cb-4ca5-95ac-81f9f00ecad3'
client 2024-02-01 03:47:05,533 [INFO] Got response: 'OK 2024-02-01_03-47-05,87461556-b9b6-4c3a-a5a6-7c7c0c0fb42b'
client 2024-02-01 03:47:05,533 [INFO] Session id is '2024-02-01_03-47-05'
client 2024-02-01 03:47:05,534 [INFO] Sources: {"sources": {"__init__.py": "da39a3ee5e6b4b0d3255bfef95601890afd80709", "client.py": "33ca4f26368777ac06e01f9567b714a4b8063886", "lib/__init__.py": "da39a3ee5e6b4b0d3255bfef95601890afd80709", "lib/client.py": "ac2aa093c8e8bbc9569b9e2a3471bc64e58a2258", "lib/common.py": "611d8b29633d331eb19c9455ea3b5fa3284ed6df", "lib/external/__init__.py": "da39a3ee5e6b4b0d3255bfef95601890afd80709", "lib/external/ntplib.py": "4da8f970656505a40483206ef2b5d3dd5e81711d", "lib/server.py": "99303c836c683aa9017ec565104e636161d02acb", "lib/source_hashes.py": "60a2e02193209e8d392803326208d5466342da18", "lib/summary.py": "aa92f0a3f975eecd44d3c0cd0236342ccc9f941d", "lib/time_sync.py": "80894ef2389e540781ff78de94db16aa4203a14e", "server.py": "c3f90f2f7eeb4db30727556d0c815ebc89b3d28b", "tests/unit/__init__.py": "da39a3ee5e6b4b0d3255bfef95601890afd80709", "tests/unit/test_server.py": "948c1995d4008bc2aa6c4046a34ffa3858d6d671", "tests/unit/test_source_hashes.py": "00468a2907583c593e6574a1f6b404e4651c221a"}, "modules": {"ptd_client_server.lib.client": "lib/client.py", "ptd_client_server.lib.common": "lib/common.py", "ptd_client_server.lib.external.ntplib": "lib/external/ntplib.py", "ptd_client_server.lib.source_hashes": "lib/source_hashes.py", "ptd_client_server.lib.summary": "lib/summary.py", "ptd_client_server.lib.time_sync": "lib/time_sync.py"}}
client 2024-02-01 03:47:05,534 [INFO] Running workload in ranging mode
client 2024-02-01 03:47:05,534 [INFO] Synchronizing with the server and with time.google.com...
client 2024-02-01 03:47:05,556 [INFO] NTP:offset = -0.008 s, delay = 0.020 s 
client 2024-02-01 03:47:05,556 [INFO] Sending command to the server: 'time'
client 2024-02-01 03:47:05,559 [INFO] Got response: '1706759225.5530858'
client 2024-02-01 03:47:05,559 [INFO] The time difference between the client and the server is within range 3.783 ms..6.506 ms
client 2024-02-01 03:47:05,559 [INFO] Sending command to the server: 'session,2024-02-01_03-47-05,start,ranging'
client 2024-02-01 03:47:33,643 [INFO] Got response: 'OK'
client 2024-02-01 03:47:33,646 [INFO] Sending command to the server: 'time'
client 2024-02-01 03:47:33,649 [INFO] Got response: '1706759253.642493'
client 2024-02-01 03:47:33,650 [INFO] The time difference between the client and the server is within range 3.513 ms..7.839 ms
client 2024-02-01 03:47:33,650 [INFO] Running the workload 'CM_MLPERF_RUN_COUNT=$(cat ${CM_RUN_DIR}/count.txt); echo ${CM_MLPERF_RUN_COUNT}; CM_MLPERF_RUN_COUNT=$((CM_MLPERF_RUN_COUNT+1)); echo ${CM_MLPERF_RUN_COUNT} > ${CM_RUN_DIR}/count.txt && if [ ${CM_MLPERF_RUN_COUNT} -eq "1" ]; then export CM_MLPERF_USER_CONF=${CM_MLPERF_RANGING_USER_CONF}; else export CM_MLPERF_USER_CONF=${CM_MLPERF_TESTING_USER_CONF}; fi && /mnt/CM/repos/ctuning@mlcommons-ck/cm-mlops/script/benchmark-any-mlperf-inference-implementation/run.out'
client 2024-02-01 03:52:36,241 [INFO] Sending command to the server: 'time'
client 2024-02-01 03:52:36,356 [INFO] Got response: '1706759556.3482091'
client 2024-02-01 03:52:36,357 [INFO] The time difference between the client and the server is within range -106.713 ms..8.737 ms
client 2024-02-01 03:52:36,357 [INFO] Sending command to the server: 'session,2024-02-01_03-47-05,stop,ranging'
client 2024-02-01 03:52:46,821 [INFO] Got response: 'OK'
client 2024-02-01 03:52:46,821 [INFO] Sending command to the server: 'time'
client 2024-02-01 03:52:46,825 [INFO] Got response: '1706759566.8179255'
client 2024-02-01 03:52:46,825 [INFO] The time difference between the client and the server is within range 3.764 ms..7.673 ms
client 2024-02-01 03:52:46,842 [INFO] Copying loadgen logs from '/home/arjun/results_dir/valid_results/orin-tflite_armnn_cpp-cpu-armnn_tflite-v23.05-using_neon_with_live_preprocessing/mobilenet-v1-precision_float-0.5-128/singlestream/performance/run_1' to '/home/arjun/results_dir/valid_results/orin-tflite_armnn_cpp-cpu-armnn_tflite-v23.05-using_neon_with_live_preprocessing/mobilenet-v1-precision_float-0.5-128/singlestream/performance/tmp_power/ranging'
client 2024-02-01 03:52:46,845 [INFO] Running workload in testing mode
client 2024-02-01 03:52:46,845 [INFO] Synchronizing with the server and with time.google.com...
client 2024-02-01 03:52:46,881 [INFO] NTP:offset = -0.008 s, delay = 0.021 s 
client 2024-02-01 03:52:46,882 [INFO] Sending command to the server: 'time'
client 2024-02-01 03:52:46,885 [INFO] Got response: '1706759566.8786397'
client 2024-02-01 03:52:46,885 [INFO] The time difference between the client and the server is within range 3.409 ms..7.051 ms
client 2024-02-01 03:52:46,885 [INFO] Sending command to the server: 'session,2024-02-01_03-47-05,start,testing'
client 2024-02-01 03:52:59,903 [INFO] Got response: 'OK'
client 2024-02-01 03:52:59,904 [INFO] Sending command to the server: 'time'
client 2024-02-01 03:52:59,907 [INFO] Got response: '1706759579.9004033'
client 2024-02-01 03:52:59,907 [INFO] The time difference between the client and the server is within range 4.078 ms..7.303 ms
client 2024-02-01 03:52:59,908 [INFO] Running the workload 'CM_MLPERF_RUN_COUNT=$(cat ${CM_RUN_DIR}/count.txt); echo ${CM_MLPERF_RUN_COUNT}; CM_MLPERF_RUN_COUNT=$((CM_MLPERF_RUN_COUNT+1)); echo ${CM_MLPERF_RUN_COUNT} > ${CM_RUN_DIR}/count.txt && if [ ${CM_MLPERF_RUN_COUNT} -eq "1" ]; then export CM_MLPERF_USER_CONF=${CM_MLPERF_RANGING_USER_CONF}; else export CM_MLPERF_USER_CONF=${CM_MLPERF_TESTING_USER_CONF}; fi && /mnt/CM/repos/ctuning@mlcommons-ck/cm-mlops/script/benchmark-any-mlperf-inference-implementation/run.out'
client 2024-02-01 04:03:04,565 [INFO] Sending command to the server: 'time'
client 2024-02-01 04:03:04,695 [INFO] Got response: '1706760184.6867995'
client 2024-02-01 04:03:04,695 [INFO] The time difference between the client and the server is within range -121.686 ms..8.898 ms
client 2024-02-01 04:03:04,696 [INFO] Sending command to the server: 'session,2024-02-01_03-47-05,stop,testing'
client 2024-02-01 04:03:14,953 [INFO] Got response: 'OK'
client 2024-02-01 04:03:14,954 [INFO] Sending command to the server: 'time'
client 2024-02-01 04:03:14,959 [INFO] Got response: '1706760194.9509184'
client 2024-02-01 04:03:14,959 [INFO] The time difference between the client and the server is within range 3.820 ms..8.600 ms
client 2024-02-01 04:03:14,964 [INFO] Copying loadgen logs from '/home/arjun/results_dir/valid_results/orin-tflite_armnn_cpp-cpu-armnn_tflite-v23.05-using_neon_with_live_preprocessing/mobilenet-v1-precision_float-0.5-128/singlestream/performance/run_1' to '/home/arjun/results_dir/valid_results/orin-tflite_armnn_cpp-cpu-armnn_tflite-v23.05-using_neon_with_live_preprocessing/mobilenet-v1-precision_float-0.5-128/singlestream/performance/tmp_power/run_1'
client 2024-02-01 04:03:14,966 [INFO] Done runs
