Graph file: /home/ubuntu/CM/repos/local/cache/05cea33d545a484a/efficientnet-lite0/efficientnet-lite0-fp32.tflite
Image dir: /home/ubuntu/CM/repos/local/cache/b1eec2a0ca954f00
Image list: /home/ubuntu/CM/repos/local/cache/b1eec2a0ca954f00/preprocessed_files.txt
Image size: 224
Image channels: 3
Prediction classes: 1000
Result dir: /home/ubuntu/CM/repos/local/cache/a4a5ea16d6484514/valid_results/ip_172_31_38_149-tflite_cpp-cpu-tflite-vmaster-with_live_preprocessing/efficientnet-fp32-lite0/singlestream/accuracy
How many images fit in memory buffer: 1024
Normalize: 1
Subtract mean: 0
Run time preprocessing: 1
Number of Threads: 4
Number of available imagefiles: 50000

Loading graph...
INFO: Created TensorFlow Lite XNNPACK delegate for CPU.
Input tensor dimensions (NHWC): 1*224*224*3
Output tensor dimensions: 1*1000
Path to mlperf.conf : /home/ubuntu/CM/repos/local/cache/3fb96ad6072347c2/inference/mlperf.conf
Path to user.conf : /home/ubuntu/CM/repos/ctuning@mlcommons-ck/cm-mlops/script/generate-mlperf-inference-user-conf/tmp/bef152a7afb04aafae36f3d056bb258a.conf
Model Name: efficientnet
LoadGen Scenario: SingleStream
LoadGen Mode: accuracy
