client 2024-02-04 04:36:34,951 [INFO] Creating output directory '/home/arjun/results_dir/valid_results/orin-tflite_armnn_cpp-cpu-armnn_tflite-v23.11-using_neon/mobilenet-v1-precision_uint8-0.75-128/singlestream/performance/tmp_power'
client 2024-02-04 04:36:34,954 [INFO] Sending command to the server: 'mlcommons/power client v3'
client 2024-02-04 04:36:34,956 [INFO] Got response: 'mlcommons/power server v3'
client 2024-02-04 04:36:34,957 [INFO] Synchronizing with the server and with time.google.com...
client 2024-02-04 04:36:34,984 [INFO] NTP:offset = -0.000 s, delay = 0.022 s 
client 2024-02-04 04:36:34,984 [INFO] Sending command to the server: 'time'
client 2024-02-04 04:36:34,987 [INFO] Got response: '1707021394.9868462'
client 2024-02-04 04:36:34,987 [INFO] The time difference between the client and the server is within range -1.947 ms..0.848 ms
client 2024-02-04 04:36:34,987 [INFO] Sending command to the server: 'new,,c66a89c9-759a-4348-9651-c64a31a2b4ba'
client 2024-02-04 04:36:34,990 [INFO] Got response: 'OK 2024-02-04_04-36-34,39684578-9d75-4439-a751-daf8be8898e6'
client 2024-02-04 04:36:34,990 [INFO] Session id is '2024-02-04_04-36-34'
client 2024-02-04 04:36:34,990 [INFO] Sources: {"sources": {"__init__.py": "da39a3ee5e6b4b0d3255bfef95601890afd80709", "client.py": "33ca4f26368777ac06e01f9567b714a4b8063886", "lib/__init__.py": "da39a3ee5e6b4b0d3255bfef95601890afd80709", "lib/client.py": "ac2aa093c8e8bbc9569b9e2a3471bc64e58a2258", "lib/common.py": "611d8b29633d331eb19c9455ea3b5fa3284ed6df", "lib/external/__init__.py": "da39a3ee5e6b4b0d3255bfef95601890afd80709", "lib/external/ntplib.py": "4da8f970656505a40483206ef2b5d3dd5e81711d", "lib/server.py": "99303c836c683aa9017ec565104e636161d02acb", "lib/source_hashes.py": "60a2e02193209e8d392803326208d5466342da18", "lib/summary.py": "aa92f0a3f975eecd44d3c0cd0236342ccc9f941d", "lib/time_sync.py": "80894ef2389e540781ff78de94db16aa4203a14e", "server.py": "c3f90f2f7eeb4db30727556d0c815ebc89b3d28b", "tests/unit/__init__.py": "da39a3ee5e6b4b0d3255bfef95601890afd80709", "tests/unit/test_server.py": "948c1995d4008bc2aa6c4046a34ffa3858d6d671", "tests/unit/test_source_hashes.py": "00468a2907583c593e6574a1f6b404e4651c221a"}, "modules": {"ptd_client_server.lib.client": "lib/client.py", "ptd_client_server.lib.common": "lib/common.py", "ptd_client_server.lib.external.ntplib": "lib/external/ntplib.py", "ptd_client_server.lib.source_hashes": "lib/source_hashes.py", "ptd_client_server.lib.summary": "lib/summary.py", "ptd_client_server.lib.time_sync": "lib/time_sync.py"}}
client 2024-02-04 04:36:34,990 [INFO] Running workload in ranging mode
client 2024-02-04 04:36:34,990 [INFO] Synchronizing with the server and with time.google.com...
client 2024-02-04 04:36:35,013 [INFO] NTP:offset = 0.001 s, delay = 0.021 s 
client 2024-02-04 04:36:35,013 [INFO] Sending command to the server: 'time'
client 2024-02-04 04:36:35,016 [INFO] Got response: '1707021395.015645'
client 2024-02-04 04:36:35,016 [INFO] The time difference between the client and the server is within range -1.859 ms..0.969 ms
client 2024-02-04 04:36:35,016 [INFO] Sending command to the server: 'session,2024-02-04_04-36-34,start,ranging'
client 2024-02-04 04:37:03,090 [INFO] Got response: 'OK'
client 2024-02-04 04:37:03,093 [INFO] Sending command to the server: 'time'
client 2024-02-04 04:37:03,096 [INFO] Got response: '1707021423.0951934'
client 2024-02-04 04:37:03,096 [INFO] The time difference between the client and the server is within range -2.119 ms..1.049 ms
client 2024-02-04 04:37:03,096 [INFO] Running the workload 'CM_MLPERF_RUN_COUNT=$(cat ${CM_RUN_DIR}/count.txt); echo ${CM_MLPERF_RUN_COUNT}; CM_MLPERF_RUN_COUNT=$((CM_MLPERF_RUN_COUNT+1)); echo ${CM_MLPERF_RUN_COUNT} > ${CM_RUN_DIR}/count.txt && if [ ${CM_MLPERF_RUN_COUNT} -eq "1" ]; then export CM_MLPERF_USER_CONF=${CM_MLPERF_RANGING_USER_CONF}; else export CM_MLPERF_USER_CONF=${CM_MLPERF_TESTING_USER_CONF}; fi && /mnt/CM/repos/ctuning@mlcommons-ck/cm-mlops/script/get-lib-armnn/run.out'
client 2024-02-04 04:42:05,638 [INFO] Sending command to the server: 'time'
client 2024-02-04 04:42:05,641 [INFO] Got response: '1707021725.6404397'
client 2024-02-04 04:42:05,642 [INFO] The time difference between the client and the server is within range -2.004 ms..1.671 ms
client 2024-02-04 04:42:05,642 [INFO] Sending command to the server: 'session,2024-02-04_04-36-34,stop,ranging'
client 2024-02-04 04:42:16,160 [INFO] Got response: 'OK'
client 2024-02-04 04:42:16,161 [INFO] Sending command to the server: 'time'
client 2024-02-04 04:42:16,164 [INFO] Got response: '1707021736.1633203'
client 2024-02-04 04:42:16,165 [INFO] The time difference between the client and the server is within range -1.849 ms..2.061 ms
client 2024-02-04 04:42:16,182 [INFO] Copying loadgen logs from '/home/arjun/results_dir/valid_results/orin-tflite_armnn_cpp-cpu-armnn_tflite-v23.11-using_neon/mobilenet-v1-precision_uint8-0.75-128/singlestream/performance/run_1' to '/home/arjun/results_dir/valid_results/orin-tflite_armnn_cpp-cpu-armnn_tflite-v23.11-using_neon/mobilenet-v1-precision_uint8-0.75-128/singlestream/performance/tmp_power/ranging'
client 2024-02-04 04:42:16,185 [INFO] Running workload in testing mode
client 2024-02-04 04:42:16,185 [INFO] Synchronizing with the server and with time.google.com...
client 2024-02-04 04:42:16,216 [INFO] NTP:offset = -0.000 s, delay = 0.026 s 
client 2024-02-04 04:42:16,216 [INFO] Sending command to the server: 'time'
client 2024-02-04 04:42:16,220 [INFO] Got response: '1707021736.2184305'
client 2024-02-04 04:42:16,220 [INFO] The time difference between the client and the server is within range -1.718 ms..2.003 ms
client 2024-02-04 04:42:16,220 [INFO] Sending command to the server: 'session,2024-02-04_04-36-34,start,testing'
client 2024-02-04 04:42:29,237 [INFO] Got response: 'OK'
client 2024-02-04 04:42:29,238 [INFO] Sending command to the server: 'time'
client 2024-02-04 04:42:29,240 [INFO] Got response: '1707021749.239809'
client 2024-02-04 04:42:29,240 [INFO] The time difference between the client and the server is within range -1.626 ms..1.101 ms
client 2024-02-04 04:42:29,241 [INFO] Running the workload 'CM_MLPERF_RUN_COUNT=$(cat ${CM_RUN_DIR}/count.txt); echo ${CM_MLPERF_RUN_COUNT}; CM_MLPERF_RUN_COUNT=$((CM_MLPERF_RUN_COUNT+1)); echo ${CM_MLPERF_RUN_COUNT} > ${CM_RUN_DIR}/count.txt && if [ ${CM_MLPERF_RUN_COUNT} -eq "1" ]; then export CM_MLPERF_USER_CONF=${CM_MLPERF_RANGING_USER_CONF}; else export CM_MLPERF_USER_CONF=${CM_MLPERF_TESTING_USER_CONF}; fi && /mnt/CM/repos/ctuning@mlcommons-ck/cm-mlops/script/get-lib-armnn/run.out'
client 2024-02-04 04:52:34,073 [INFO] Sending command to the server: 'time'
client 2024-02-04 04:52:34,152 [INFO] Got response: '1707022354.149339'
client 2024-02-04 04:52:34,153 [INFO] The time difference between the client and the server is within range -75.852 ms..3.794 ms
client 2024-02-04 04:52:34,153 [INFO] Sending command to the server: 'session,2024-02-04_04-36-34,stop,testing'
client 2024-02-04 04:52:44,289 [INFO] Got response: 'OK'
client 2024-02-04 04:52:44,290 [INFO] Sending command to the server: 'time'
client 2024-02-04 04:52:44,294 [INFO] Got response: '1707022364.292306'
client 2024-02-04 04:52:44,295 [INFO] The time difference between the client and the server is within range -1.435 ms..2.670 ms
client 2024-02-04 04:52:44,299 [INFO] Copying loadgen logs from '/home/arjun/results_dir/valid_results/orin-tflite_armnn_cpp-cpu-armnn_tflite-v23.11-using_neon/mobilenet-v1-precision_uint8-0.75-128/singlestream/performance/run_1' to '/home/arjun/results_dir/valid_results/orin-tflite_armnn_cpp-cpu-armnn_tflite-v23.11-using_neon/mobilenet-v1-precision_uint8-0.75-128/singlestream/performance/tmp_power/run_1'
client 2024-02-04 04:52:44,302 [INFO] Done runs
