client 2024-02-04 18:25:32,342 [INFO] Creating output directory '/home/arjun/results_dir/valid_results/orin-tflite_armnn_cpp-cpu-armnn_tflite-v23.11-using_neon/mobilenet-v3-precision_uint8-large-224/singlestream/performance/tmp_power'
client 2024-02-04 18:25:32,379 [INFO] Sending command to the server: 'mlcommons/power client v3'
client 2024-02-04 18:25:32,382 [INFO] Got response: 'mlcommons/power server v3'
client 2024-02-04 18:25:32,382 [INFO] Synchronizing with the server and with time.google.com...
client 2024-02-04 18:25:32,434 [INFO] NTP:offset = 0.001 s, delay = 0.045 s 
client 2024-02-04 18:25:32,434 [INFO] Sending command to the server: 'time'
client 2024-02-04 18:25:32,437 [INFO] Got response: '1707071132.4365678'
client 2024-02-04 18:25:32,437 [INFO] The time difference between the client and the server is within range -2.201 ms..1.267 ms
client 2024-02-04 18:25:32,438 [INFO] Sending command to the server: 'new,,12eb4cfe-8877-48fe-bf4a-8f4b3fb5f6a0'
client 2024-02-04 18:25:32,442 [INFO] Got response: 'OK 2024-02-04_18-25-32,b17591ec-c59b-472d-946b-219fea00d5d3'
client 2024-02-04 18:25:32,442 [INFO] Session id is '2024-02-04_18-25-32'
client 2024-02-04 18:25:32,442 [INFO] Sources: {"sources": {"__init__.py": "da39a3ee5e6b4b0d3255bfef95601890afd80709", "client.py": "33ca4f26368777ac06e01f9567b714a4b8063886", "lib/__init__.py": "da39a3ee5e6b4b0d3255bfef95601890afd80709", "lib/client.py": "ac2aa093c8e8bbc9569b9e2a3471bc64e58a2258", "lib/common.py": "611d8b29633d331eb19c9455ea3b5fa3284ed6df", "lib/external/__init__.py": "da39a3ee5e6b4b0d3255bfef95601890afd80709", "lib/external/ntplib.py": "4da8f970656505a40483206ef2b5d3dd5e81711d", "lib/server.py": "99303c836c683aa9017ec565104e636161d02acb", "lib/source_hashes.py": "60a2e02193209e8d392803326208d5466342da18", "lib/summary.py": "aa92f0a3f975eecd44d3c0cd0236342ccc9f941d", "lib/time_sync.py": "80894ef2389e540781ff78de94db16aa4203a14e", "server.py": "c3f90f2f7eeb4db30727556d0c815ebc89b3d28b", "tests/unit/__init__.py": "da39a3ee5e6b4b0d3255bfef95601890afd80709", "tests/unit/test_server.py": "948c1995d4008bc2aa6c4046a34ffa3858d6d671", "tests/unit/test_source_hashes.py": "00468a2907583c593e6574a1f6b404e4651c221a"}, "modules": {"ptd_client_server.lib.client": "lib/client.py", "ptd_client_server.lib.common": "lib/common.py", "ptd_client_server.lib.external.ntplib": "lib/external/ntplib.py", "ptd_client_server.lib.source_hashes": "lib/source_hashes.py", "ptd_client_server.lib.summary": "lib/summary.py", "ptd_client_server.lib.time_sync": "lib/time_sync.py"}}
client 2024-02-04 18:25:32,443 [INFO] Running workload in ranging mode
client 2024-02-04 18:25:32,443 [INFO] Synchronizing with the server and with time.google.com...
client 2024-02-04 18:25:32,465 [INFO] NTP:offset = -0.002 s, delay = 0.021 s 
client 2024-02-04 18:25:32,465 [INFO] Sending command to the server: 'time'
client 2024-02-04 18:25:32,468 [INFO] Got response: '1707071132.4675226'
client 2024-02-04 18:25:32,468 [INFO] The time difference between the client and the server is within range -1.855 ms..1.199 ms
client 2024-02-04 18:25:32,468 [INFO] Sending command to the server: 'session,2024-02-04_18-25-32,start,ranging'
client 2024-02-04 18:26:00,565 [INFO] Got response: 'OK'
client 2024-02-04 18:26:00,567 [INFO] Sending command to the server: 'time'
client 2024-02-04 18:26:00,571 [INFO] Got response: '1707071160.56928'
client 2024-02-04 18:26:00,571 [INFO] The time difference between the client and the server is within range -2.235 ms..2.184 ms
client 2024-02-04 18:26:00,571 [INFO] Running the workload 'CM_MLPERF_RUN_COUNT=$(cat ${CM_RUN_DIR}/count.txt); echo ${CM_MLPERF_RUN_COUNT}; CM_MLPERF_RUN_COUNT=$((CM_MLPERF_RUN_COUNT+1)); echo ${CM_MLPERF_RUN_COUNT} > ${CM_RUN_DIR}/count.txt && if [ ${CM_MLPERF_RUN_COUNT} -eq "1" ]; then export CM_MLPERF_USER_CONF=${CM_MLPERF_RANGING_USER_CONF}; else export CM_MLPERF_USER_CONF=${CM_MLPERF_TESTING_USER_CONF}; fi && /mnt/CM/repos/ctuning@mlcommons-ck/cm-mlops/script/get-lib-armnn/run.out'
client 2024-02-04 18:31:02,931 [INFO] Sending command to the server: 'time'
client 2024-02-04 18:31:02,935 [INFO] Got response: '1707071462.9339392'
client 2024-02-04 18:31:02,935 [INFO] The time difference between the client and the server is within range -2.912 ms..1.421 ms
client 2024-02-04 18:31:02,935 [INFO] Sending command to the server: 'session,2024-02-04_18-25-32,stop,ranging'
client 2024-02-04 18:31:13,670 [INFO] Got response: 'OK'
client 2024-02-04 18:31:13,670 [INFO] Sending command to the server: 'time'
client 2024-02-04 18:31:13,673 [INFO] Got response: '1707071473.6729543'
client 2024-02-04 18:31:13,673 [INFO] The time difference between the client and the server is within range -2.338 ms..0.730 ms
client 2024-02-04 18:31:13,691 [INFO] Copying loadgen logs from '/home/arjun/results_dir/valid_results/orin-tflite_armnn_cpp-cpu-armnn_tflite-v23.11-using_neon/mobilenet-v3-precision_uint8-large-224/singlestream/performance/run_1' to '/home/arjun/results_dir/valid_results/orin-tflite_armnn_cpp-cpu-armnn_tflite-v23.11-using_neon/mobilenet-v3-precision_uint8-large-224/singlestream/performance/tmp_power/ranging'
client 2024-02-04 18:31:13,693 [INFO] Running workload in testing mode
client 2024-02-04 18:31:13,694 [INFO] Synchronizing with the server and with time.google.com...
client 2024-02-04 18:31:13,725 [INFO] NTP:offset = -0.000 s, delay = 0.026 s 
client 2024-02-04 18:31:13,725 [INFO] Sending command to the server: 'time'
client 2024-02-04 18:31:13,729 [INFO] Got response: '1707071473.727793'
client 2024-02-04 18:31:13,729 [INFO] The time difference between the client and the server is within range -2.355 ms..1.678 ms
client 2024-02-04 18:31:13,729 [INFO] Sending command to the server: 'session,2024-02-04_18-25-32,start,testing'
client 2024-02-04 18:31:26,751 [INFO] Got response: 'OK'
client 2024-02-04 18:31:26,752 [INFO] Sending command to the server: 'time'
client 2024-02-04 18:31:26,754 [INFO] Got response: '1707071486.7538338'
client 2024-02-04 18:31:26,755 [INFO] The time difference between the client and the server is within range -1.691 ms..1.227 ms
client 2024-02-04 18:31:26,755 [INFO] Running the workload 'CM_MLPERF_RUN_COUNT=$(cat ${CM_RUN_DIR}/count.txt); echo ${CM_MLPERF_RUN_COUNT}; CM_MLPERF_RUN_COUNT=$((CM_MLPERF_RUN_COUNT+1)); echo ${CM_MLPERF_RUN_COUNT} > ${CM_RUN_DIR}/count.txt && if [ ${CM_MLPERF_RUN_COUNT} -eq "1" ]; then export CM_MLPERF_USER_CONF=${CM_MLPERF_RANGING_USER_CONF}; else export CM_MLPERF_USER_CONF=${CM_MLPERF_TESTING_USER_CONF}; fi && /mnt/CM/repos/ctuning@mlcommons-ck/cm-mlops/script/get-lib-armnn/run.out'
client 2024-02-04 18:41:31,206 [INFO] Sending command to the server: 'time'
client 2024-02-04 18:41:31,211 [INFO] Got response: '1707072091.2102492'
client 2024-02-04 18:41:31,211 [INFO] The time difference between the client and the server is within range -3.962 ms..1.111 ms
client 2024-02-04 18:41:31,211 [INFO] Sending command to the server: 'session,2024-02-04_18-25-32,stop,testing'
client 2024-02-04 18:41:41,807 [INFO] Got response: 'OK'
client 2024-02-04 18:41:41,808 [INFO] Sending command to the server: 'time'
client 2024-02-04 18:41:41,811 [INFO] Got response: '1707072101.810954'
client 2024-02-04 18:41:41,811 [INFO] The time difference between the client and the server is within range -2.686 ms..0.869 ms
client 2024-02-04 18:41:41,816 [INFO] Copying loadgen logs from '/home/arjun/results_dir/valid_results/orin-tflite_armnn_cpp-cpu-armnn_tflite-v23.11-using_neon/mobilenet-v3-precision_uint8-large-224/singlestream/performance/run_1' to '/home/arjun/results_dir/valid_results/orin-tflite_armnn_cpp-cpu-armnn_tflite-v23.11-using_neon/mobilenet-v3-precision_uint8-large-224/singlestream/performance/tmp_power/run_1'
client 2024-02-04 18:41:41,819 [INFO] Done runs
