client 2024-01-31 04:56:21,051 [INFO] Creating output directory '/home/arjun/results_dir/valid_results/orin-tflite_cpp-cpu-tflite-vmaster-with_live_preprocessing/mobilenet-v2-precision_float-0.35-128/singlestream/performance/tmp_power'
client 2024-01-31 04:56:21,106 [INFO] Sending command to the server: 'mlcommons/power client v3'
client 2024-01-31 04:56:21,108 [INFO] Got response: 'mlcommons/power server v3'
client 2024-01-31 04:56:21,108 [INFO] Synchronizing with the server and with time.google.com...
client 2024-01-31 04:56:21,139 [INFO] NTP:offset = -0.001 s, delay = 0.025 s 
client 2024-01-31 04:56:21,140 [INFO] Sending command to the server: 'time'
client 2024-01-31 04:56:21,142 [INFO] Got response: '1706676981.139087'
client 2024-01-31 04:56:21,143 [INFO] The time difference between the client and the server is within range 1.075 ms..4.063 ms
client 2024-01-31 04:56:21,143 [INFO] Sending command to the server: 'new,,da405e15-d46d-4573-be59-a0eb3e3830f5'
client 2024-01-31 04:56:21,146 [INFO] Got response: 'OK 2024-01-31_04-56-21,981876fd-abbe-4306-907c-8eec66f658e8'
client 2024-01-31 04:56:21,146 [INFO] Session id is '2024-01-31_04-56-21'
client 2024-01-31 04:56:21,146 [INFO] Sources: {"sources": {"__init__.py": "da39a3ee5e6b4b0d3255bfef95601890afd80709", "client.py": "33ca4f26368777ac06e01f9567b714a4b8063886", "lib/__init__.py": "da39a3ee5e6b4b0d3255bfef95601890afd80709", "lib/client.py": "ac2aa093c8e8bbc9569b9e2a3471bc64e58a2258", "lib/common.py": "611d8b29633d331eb19c9455ea3b5fa3284ed6df", "lib/external/__init__.py": "da39a3ee5e6b4b0d3255bfef95601890afd80709", "lib/external/ntplib.py": "4da8f970656505a40483206ef2b5d3dd5e81711d", "lib/server.py": "99303c836c683aa9017ec565104e636161d02acb", "lib/source_hashes.py": "60a2e02193209e8d392803326208d5466342da18", "lib/summary.py": "aa92f0a3f975eecd44d3c0cd0236342ccc9f941d", "lib/time_sync.py": "80894ef2389e540781ff78de94db16aa4203a14e", "server.py": "c3f90f2f7eeb4db30727556d0c815ebc89b3d28b", "tests/unit/__init__.py": "da39a3ee5e6b4b0d3255bfef95601890afd80709", "tests/unit/test_server.py": "948c1995d4008bc2aa6c4046a34ffa3858d6d671", "tests/unit/test_source_hashes.py": "00468a2907583c593e6574a1f6b404e4651c221a"}, "modules": {"ptd_client_server.lib.client": "lib/client.py", "ptd_client_server.lib.common": "lib/common.py", "ptd_client_server.lib.external.ntplib": "lib/external/ntplib.py", "ptd_client_server.lib.source_hashes": "lib/source_hashes.py", "ptd_client_server.lib.summary": "lib/summary.py", "ptd_client_server.lib.time_sync": "lib/time_sync.py"}}
client 2024-01-31 04:56:21,147 [INFO] Running workload in ranging mode
client 2024-01-31 04:56:21,147 [INFO] Synchronizing with the server and with time.google.com...
client 2024-01-31 04:56:21,166 [INFO] NTP:offset = -0.003 s, delay = 0.018 s 
client 2024-01-31 04:56:21,166 [INFO] Sending command to the server: 'time'
client 2024-01-31 04:56:21,169 [INFO] Got response: '1706676981.1656241'
client 2024-01-31 04:56:21,169 [INFO] The time difference between the client and the server is within range 0.684 ms..3.911 ms
client 2024-01-31 04:56:21,169 [INFO] Sending command to the server: 'session,2024-01-31_04-56-21,start,ranging'
client 2024-01-31 04:56:49,253 [INFO] Got response: 'OK'
client 2024-01-31 04:56:49,256 [INFO] Sending command to the server: 'time'
client 2024-01-31 04:56:49,259 [INFO] Got response: '1706677009.2551725'
client 2024-01-31 04:56:49,260 [INFO] The time difference between the client and the server is within range 0.918 ms..4.928 ms
client 2024-01-31 04:56:49,260 [INFO] Running the workload 'CM_MLPERF_RUN_COUNT=$(cat ${CM_RUN_DIR}/count.txt); echo ${CM_MLPERF_RUN_COUNT}; CM_MLPERF_RUN_COUNT=$((CM_MLPERF_RUN_COUNT+1)); echo ${CM_MLPERF_RUN_COUNT} > ${CM_RUN_DIR}/count.txt && if [ ${CM_MLPERF_RUN_COUNT} -eq "1" ]; then export CM_MLPERF_USER_CONF=${CM_MLPERF_RANGING_USER_CONF}; else export CM_MLPERF_USER_CONF=${CM_MLPERF_TESTING_USER_CONF}; fi && /home/arjun/run.out'
client 2024-01-31 05:01:51,783 [INFO] Sending command to the server: 'time'
client 2024-01-31 05:01:51,786 [INFO] Got response: '1706677311.782417'
client 2024-01-31 05:01:51,786 [INFO] The time difference between the client and the server is within range 0.499 ms..4.359 ms
client 2024-01-31 05:01:51,787 [INFO] Sending command to the server: 'session,2024-01-31_04-56-21,stop,ranging'
client 2024-01-31 05:02:02,393 [INFO] Got response: 'OK'
client 2024-01-31 05:02:02,394 [INFO] Sending command to the server: 'time'
client 2024-01-31 05:02:02,397 [INFO] Got response: '1706677322.3934276'
client 2024-01-31 05:02:02,397 [INFO] The time difference between the client and the server is within range 1.022 ms..4.300 ms
client 2024-01-31 05:02:02,415 [INFO] Copying loadgen logs from '/home/arjun/results_dir/valid_results/orin-tflite_cpp-cpu-tflite-vmaster-with_live_preprocessing/mobilenet-v2-precision_float-0.35-128/singlestream/performance/run_1' to '/home/arjun/results_dir/valid_results/orin-tflite_cpp-cpu-tflite-vmaster-with_live_preprocessing/mobilenet-v2-precision_float-0.35-128/singlestream/performance/tmp_power/ranging'
client 2024-01-31 05:02:02,417 [INFO] Running workload in testing mode
client 2024-01-31 05:02:02,418 [INFO] Synchronizing with the server and with time.google.com...
client 2024-01-31 05:02:02,449 [INFO] NTP:offset = -0.002 s, delay = 0.027 s 
client 2024-01-31 05:02:02,450 [INFO] Sending command to the server: 'time'
client 2024-01-31 05:02:02,453 [INFO] Got response: '1706677322.4494746'
client 2024-01-31 05:02:02,453 [INFO] The time difference between the client and the server is within range 0.781 ms..3.974 ms
client 2024-01-31 05:02:02,453 [INFO] Sending command to the server: 'session,2024-01-31_04-56-21,start,testing'
client 2024-01-31 05:02:15,468 [INFO] Got response: 'OK'
client 2024-01-31 05:02:15,469 [INFO] Sending command to the server: 'time'
client 2024-01-31 05:02:15,471 [INFO] Got response: '1706677335.4681394'
client 2024-01-31 05:02:15,472 [INFO] The time difference between the client and the server is within range 1.031 ms..4.085 ms
client 2024-01-31 05:02:15,472 [INFO] Running the workload 'CM_MLPERF_RUN_COUNT=$(cat ${CM_RUN_DIR}/count.txt); echo ${CM_MLPERF_RUN_COUNT}; CM_MLPERF_RUN_COUNT=$((CM_MLPERF_RUN_COUNT+1)); echo ${CM_MLPERF_RUN_COUNT} > ${CM_RUN_DIR}/count.txt && if [ ${CM_MLPERF_RUN_COUNT} -eq "1" ]; then export CM_MLPERF_USER_CONF=${CM_MLPERF_RANGING_USER_CONF}; else export CM_MLPERF_USER_CONF=${CM_MLPERF_TESTING_USER_CONF}; fi && /home/arjun/run.out'
client 2024-01-31 05:12:19,744 [INFO] Sending command to the server: 'time'
client 2024-01-31 05:12:19,779 [INFO] Got response: '1706677939.7760677'
client 2024-01-31 05:12:19,780 [INFO] The time difference between the client and the server is within range -32.066 ms..4.131 ms
client 2024-01-31 05:12:19,780 [INFO] Sending command to the server: 'session,2024-01-31_04-56-21,stop,testing'
client 2024-01-31 05:12:30,515 [INFO] Got response: 'OK'
client 2024-01-31 05:12:30,515 [INFO] Sending command to the server: 'time'
client 2024-01-31 05:12:30,518 [INFO] Got response: '1706677950.5150974'
client 2024-01-31 05:12:30,519 [INFO] The time difference between the client and the server is within range 0.701 ms..4.239 ms
client 2024-01-31 05:12:30,524 [INFO] Copying loadgen logs from '/home/arjun/results_dir/valid_results/orin-tflite_cpp-cpu-tflite-vmaster-with_live_preprocessing/mobilenet-v2-precision_float-0.35-128/singlestream/performance/run_1' to '/home/arjun/results_dir/valid_results/orin-tflite_cpp-cpu-tflite-vmaster-with_live_preprocessing/mobilenet-v2-precision_float-0.35-128/singlestream/performance/tmp_power/run_1'
client 2024-01-31 05:12:30,526 [INFO] Done runs
