client 2024-01-31 22:48:29,939 [INFO] Creating output directory '/home/arjun/results_dir/valid_results/orin-tflite_armnn_cpp-cpu-armnn_tflite-v23.05-using_neon_with_live_preprocessing/mobilenet-v1-precision_float-1.0-160/singlestream/performance/tmp_power'
client 2024-01-31 22:48:29,988 [INFO] Sending command to the server: 'mlcommons/power client v3'
client 2024-01-31 22:48:29,990 [INFO] Got response: 'mlcommons/power server v3'
client 2024-01-31 22:48:29,990 [INFO] Synchronizing with the server and with time.google.com...
client 2024-01-31 22:48:30,020 [INFO] NTP:offset = -0.008 s, delay = 0.020 s 
client 2024-01-31 22:48:30,020 [INFO] Sending command to the server: 'time'
client 2024-01-31 22:48:30,023 [INFO] Got response: '1706741310.0179415'
client 2024-01-31 22:48:30,023 [INFO] The time difference between the client and the server is within range 2.944 ms..5.706 ms
client 2024-01-31 22:48:30,023 [INFO] Sending command to the server: 'new,,b86f3bb7-bca2-48c1-b367-2ef8cf0c3819'
client 2024-01-31 22:48:30,026 [INFO] Got response: 'OK 2024-01-31_22-48-30,c4336966-7a4e-464b-a893-3a801d78bb75'
client 2024-01-31 22:48:30,026 [INFO] Session id is '2024-01-31_22-48-30'
client 2024-01-31 22:48:30,026 [INFO] Sources: {"sources": {"__init__.py": "da39a3ee5e6b4b0d3255bfef95601890afd80709", "client.py": "33ca4f26368777ac06e01f9567b714a4b8063886", "lib/__init__.py": "da39a3ee5e6b4b0d3255bfef95601890afd80709", "lib/client.py": "ac2aa093c8e8bbc9569b9e2a3471bc64e58a2258", "lib/common.py": "611d8b29633d331eb19c9455ea3b5fa3284ed6df", "lib/external/__init__.py": "da39a3ee5e6b4b0d3255bfef95601890afd80709", "lib/external/ntplib.py": "4da8f970656505a40483206ef2b5d3dd5e81711d", "lib/server.py": "99303c836c683aa9017ec565104e636161d02acb", "lib/source_hashes.py": "60a2e02193209e8d392803326208d5466342da18", "lib/summary.py": "aa92f0a3f975eecd44d3c0cd0236342ccc9f941d", "lib/time_sync.py": "80894ef2389e540781ff78de94db16aa4203a14e", "server.py": "c3f90f2f7eeb4db30727556d0c815ebc89b3d28b", "tests/unit/__init__.py": "da39a3ee5e6b4b0d3255bfef95601890afd80709", "tests/unit/test_server.py": "948c1995d4008bc2aa6c4046a34ffa3858d6d671", "tests/unit/test_source_hashes.py": "00468a2907583c593e6574a1f6b404e4651c221a"}, "modules": {"ptd_client_server.lib.client": "lib/client.py", "ptd_client_server.lib.common": "lib/common.py", "ptd_client_server.lib.external.ntplib": "lib/external/ntplib.py", "ptd_client_server.lib.source_hashes": "lib/source_hashes.py", "ptd_client_server.lib.summary": "lib/summary.py", "ptd_client_server.lib.time_sync": "lib/time_sync.py"}}
client 2024-01-31 22:48:30,027 [INFO] Running workload in ranging mode
client 2024-01-31 22:48:30,027 [INFO] Synchronizing with the server and with time.google.com...
client 2024-01-31 22:48:30,051 [INFO] NTP:offset = -0.008 s, delay = 0.023 s 
client 2024-01-31 22:48:30,051 [INFO] Sending command to the server: 'time'
client 2024-01-31 22:48:30,054 [INFO] Got response: '1706741310.0489168'
client 2024-01-31 22:48:30,054 [INFO] The time difference between the client and the server is within range 2.664 ms..5.747 ms
client 2024-01-31 22:48:30,054 [INFO] Sending command to the server: 'session,2024-01-31_22-48-30,start,ranging'
client 2024-01-31 22:48:58,124 [INFO] Got response: 'OK'
client 2024-01-31 22:48:58,127 [INFO] Sending command to the server: 'time'
client 2024-01-31 22:48:58,130 [INFO] Got response: '1706741338.1244626'
client 2024-01-31 22:48:58,131 [INFO] The time difference between the client and the server is within range 2.482 ms..6.576 ms
client 2024-01-31 22:48:58,131 [INFO] Running the workload 'CM_MLPERF_RUN_COUNT=$(cat ${CM_RUN_DIR}/count.txt); echo ${CM_MLPERF_RUN_COUNT}; CM_MLPERF_RUN_COUNT=$((CM_MLPERF_RUN_COUNT+1)); echo ${CM_MLPERF_RUN_COUNT} > ${CM_RUN_DIR}/count.txt && if [ ${CM_MLPERF_RUN_COUNT} -eq "1" ]; then export CM_MLPERF_USER_CONF=${CM_MLPERF_RANGING_USER_CONF}; else export CM_MLPERF_USER_CONF=${CM_MLPERF_TESTING_USER_CONF}; fi && /mnt/CM/repos/ctuning@mlcommons-ck/cm-mlops/script/benchmark-any-mlperf-inference-implementation/run.out'
client 2024-01-31 22:54:02,552 [INFO] Sending command to the server: 'time'
client 2024-01-31 22:54:02,590 [INFO] Got response: '1706741642.5838008'
client 2024-01-31 22:54:02,590 [INFO] The time difference between the client and the server is within range -31.301 ms..6.865 ms
client 2024-01-31 22:54:02,591 [INFO] Sending command to the server: 'session,2024-01-31_22-48-30,stop,ranging'
client 2024-01-31 22:54:13,285 [INFO] Got response: 'OK'
client 2024-01-31 22:54:13,285 [INFO] Sending command to the server: 'time'
client 2024-01-31 22:54:13,288 [INFO] Got response: '1706741653.2834387'
client 2024-01-31 22:54:13,288 [INFO] The time difference between the client and the server is within range 2.170 ms..5.376 ms
client 2024-01-31 22:54:13,307 [INFO] Copying loadgen logs from '/home/arjun/results_dir/valid_results/orin-tflite_armnn_cpp-cpu-armnn_tflite-v23.05-using_neon_with_live_preprocessing/mobilenet-v1-precision_float-1.0-160/singlestream/performance/run_1' to '/home/arjun/results_dir/valid_results/orin-tflite_armnn_cpp-cpu-armnn_tflite-v23.05-using_neon_with_live_preprocessing/mobilenet-v1-precision_float-1.0-160/singlestream/performance/tmp_power/ranging'
client 2024-01-31 22:54:13,310 [INFO] Running workload in testing mode
client 2024-01-31 22:54:13,310 [INFO] Synchronizing with the server and with time.google.com...
client 2024-01-31 22:54:13,337 [INFO] NTP:offset = -0.007 s, delay = 0.021 s 
client 2024-01-31 22:54:13,337 [INFO] Sending command to the server: 'time'
client 2024-01-31 22:54:13,342 [INFO] Got response: '1706741653.3366368'
client 2024-01-31 22:54:13,342 [INFO] The time difference between the client and the server is within range 0.672 ms..5.713 ms
client 2024-01-31 22:54:13,342 [INFO] Sending command to the server: 'session,2024-01-31_22-48-30,start,testing'
client 2024-01-31 22:54:26,359 [INFO] Got response: 'OK'
client 2024-01-31 22:54:26,360 [INFO] Sending command to the server: 'time'
client 2024-01-31 22:54:26,363 [INFO] Got response: '1706741666.3575976'
client 2024-01-31 22:54:26,364 [INFO] The time difference between the client and the server is within range 2.507 ms..6.455 ms
client 2024-01-31 22:54:26,364 [INFO] Running the workload 'CM_MLPERF_RUN_COUNT=$(cat ${CM_RUN_DIR}/count.txt); echo ${CM_MLPERF_RUN_COUNT}; CM_MLPERF_RUN_COUNT=$((CM_MLPERF_RUN_COUNT+1)); echo ${CM_MLPERF_RUN_COUNT} > ${CM_RUN_DIR}/count.txt && if [ ${CM_MLPERF_RUN_COUNT} -eq "1" ]; then export CM_MLPERF_USER_CONF=${CM_MLPERF_RANGING_USER_CONF}; else export CM_MLPERF_USER_CONF=${CM_MLPERF_TESTING_USER_CONF}; fi && /mnt/CM/repos/ctuning@mlcommons-ck/cm-mlops/script/benchmark-any-mlperf-inference-implementation/run.out'
client 2024-01-31 23:04:31,160 [INFO] Sending command to the server: 'time'
client 2024-01-31 23:04:31,165 [INFO] Got response: '1706742271.1594932'
client 2024-01-31 23:04:31,165 [INFO] The time difference between the client and the server is within range 1.265 ms..6.066 ms
client 2024-01-31 23:04:31,165 [INFO] Sending command to the server: 'session,2024-01-31_22-48-30,stop,testing'
client 2024-01-31 23:04:41,433 [INFO] Got response: 'OK'
client 2024-01-31 23:04:41,434 [INFO] Sending command to the server: 'time'
client 2024-01-31 23:04:41,437 [INFO] Got response: '1706742281.4324017'
client 2024-01-31 23:04:41,437 [INFO] The time difference between the client and the server is within range 1.717 ms..5.324 ms
client 2024-01-31 23:04:41,441 [INFO] Copying loadgen logs from '/home/arjun/results_dir/valid_results/orin-tflite_armnn_cpp-cpu-armnn_tflite-v23.05-using_neon_with_live_preprocessing/mobilenet-v1-precision_float-1.0-160/singlestream/performance/run_1' to '/home/arjun/results_dir/valid_results/orin-tflite_armnn_cpp-cpu-armnn_tflite-v23.05-using_neon_with_live_preprocessing/mobilenet-v1-precision_float-1.0-160/singlestream/performance/tmp_power/run_1'
client 2024-01-31 23:04:41,443 [INFO] Done runs
