client 2024-02-05 07:35:48,184 [INFO] Creating output directory '/home/krai/work_collection/experiments_submission/generated_by_power_measurement_on_run_c897c27373b049f080465c2533a969de/power_logs'
client 2024-02-05 07:35:48,187 [INFO] Sending command to the server: 'mlcommons/power client v3'
client 2024-02-05 07:35:48,188 [INFO] Got response: 'mlcommons/power server v3'
client 2024-02-05 07:35:48,188 [INFO] Synchronizing with the server and with time.google.com...
client 2024-02-05 07:35:48,281 [INFO] NTP:offset = 0.008 s, delay = 0.087 s 
client 2024-02-05 07:35:48,281 [INFO] Sending command to the server: 'time'
client 2024-02-05 07:35:48,283 [INFO] Got response: '1707140148.2832935'
client 2024-02-05 07:35:48,283 [INFO] The time difference between the client and the server is within range -1.312 ms..0.223 ms
client 2024-02-05 07:35:48,283 [INFO] Sending command to the server: 'new,,8576407a-1622-48e2-82cb-e0ec5498da10'
client 2024-02-05 07:35:48,285 [INFO] Got response: 'OK 2024-02-05_07-35-48,082bac71-795f-4fe3-9b93-bfe1bf326d5f'
client 2024-02-05 07:35:48,285 [INFO] Session id is '2024-02-05_07-35-48'
client 2024-02-05 07:35:48,285 [INFO] Sources: {"sources": {"__init__.py": "da39a3ee5e6b4b0d3255bfef95601890afd80709", "client.py": "33ca4f26368777ac06e01f9567b714a4b8063886", "lib/__init__.py": "da39a3ee5e6b4b0d3255bfef95601890afd80709", "lib/client.py": "ac2aa093c8e8bbc9569b9e2a3471bc64e58a2258", "lib/common.py": "611d8b29633d331eb19c9455ea3b5fa3284ed6df", "lib/external/__init__.py": "da39a3ee5e6b4b0d3255bfef95601890afd80709", "lib/external/ntplib.py": "4da8f970656505a40483206ef2b5d3dd5e81711d", "lib/server.py": "99303c836c683aa9017ec565104e636161d02acb", "lib/source_hashes.py": "60a2e02193209e8d392803326208d5466342da18", "lib/summary.py": "aa92f0a3f975eecd44d3c0cd0236342ccc9f941d", "lib/time_sync.py": "80894ef2389e540781ff78de94db16aa4203a14e", "server.py": "c3f90f2f7eeb4db30727556d0c815ebc89b3d28b", "tests/unit/__init__.py": "da39a3ee5e6b4b0d3255bfef95601890afd80709", "tests/unit/test_server.py": "948c1995d4008bc2aa6c4046a34ffa3858d6d671", "tests/unit/test_source_hashes.py": "00468a2907583c593e6574a1f6b404e4651c221a"}, "modules": {"ptd_client_server.lib.client": "lib/client.py", "ptd_client_server.lib.common": "lib/common.py", "ptd_client_server.lib.external.ntplib": "lib/external/ntplib.py", "ptd_client_server.lib.source_hashes": "lib/source_hashes.py", "ptd_client_server.lib.summary": "lib/summary.py", "ptd_client_server.lib.time_sync": "lib/time_sync.py"}}
client 2024-02-05 07:35:48,285 [INFO] Running workload in ranging mode
client 2024-02-05 07:35:48,285 [INFO] Synchronizing with the server and with time.google.com...
client 2024-02-05 07:35:48,357 [INFO] NTP:offset = 0.002 s, delay = 0.070 s 
client 2024-02-05 07:35:48,357 [INFO] Sending command to the server: 'time'
client 2024-02-05 07:35:48,359 [INFO] Got response: '1707140148.3591447'
client 2024-02-05 07:35:48,359 [INFO] The time difference between the client and the server is within range -1.307 ms..0.236 ms
client 2024-02-05 07:35:48,359 [INFO] Sending command to the server: 'session,2024-02-05_07-35-48,start,ranging'
client 2024-02-05 07:36:27,603 [INFO] Got response: 'OK'
client 2024-02-05 07:36:27,603 [INFO] Sending command to the server: 'time'
client 2024-02-05 07:36:27,605 [INFO] Got response: '1707140187.6052966'
client 2024-02-05 07:36:27,605 [INFO] The time difference between the client and the server is within range -1.340 ms..0.158 ms
client 2024-02-05 07:36:27,605 [INFO] Running the workload 'axs byquery loadgen_output,task=image_classification,sut_name=g293_q16e_ultra,model_name=resnet50,framework=kilt,device=qaic,collection_name=experiments_submission,loadgen_mode=PerformanceOnly,loadgen_compliance_test-,loadgen_scenario=Offline,_with_power+,symlink_to=/home/krai/work_collection/experiments_submission/generated_by_power_measurement_on_run_c897c27373b049f080465c2533a969de/last_mlperf_logs,power_client_entrydic_path=/home/krai/work_collection/experiments_submission/generated_by_power_measurement_on_run_c897c27373b049f080465c2533a969de/program_output.json,effective_no_ranging-'
client 2024-02-05 08:00:39,421 [INFO] Sending command to the server: 'time'
client 2024-02-05 08:00:39,422 [INFO] Got response: '1707141639.423553'
client 2024-02-05 08:00:39,422 [INFO] The time difference between the client and the server is within range -2.573 ms..-0.687 ms
client 2024-02-05 08:00:39,422 [INFO] Sending command to the server: 'session,2024-02-05_07-35-48,stop,ranging'
client 2024-02-05 08:00:49,673 [INFO] Got response: 'OK'
client 2024-02-05 08:00:49,673 [INFO] Sending command to the server: 'time'
client 2024-02-05 08:00:49,673 [INFO] Got response: '1707141649.674897'
client 2024-02-05 08:00:49,674 [INFO] The time difference between the client and the server is within range -1.498 ms..-0.870 ms
client 2024-02-05 08:00:49,683 [INFO] Copying loadgen logs from '/home/krai/work_collection/experiments_submission/generated_by_power_measurement_on_run_c897c27373b049f080465c2533a969de/last_mlperf_logs' to '/home/krai/work_collection/experiments_submission/generated_by_power_measurement_on_run_c897c27373b049f080465c2533a969de/power_logs/ranging'
client 2024-02-05 08:00:49,685 [INFO] Running workload in testing mode
client 2024-02-05 08:00:49,685 [INFO] Synchronizing with the server and with time.google.com...
client 2024-02-05 08:00:49,754 [INFO] NTP:offset = 0.001 s, delay = 0.067 s 
client 2024-02-05 08:00:49,754 [INFO] Sending command to the server: 'time'
client 2024-02-05 08:00:49,756 [INFO] Got response: '1707141649.7569697'
client 2024-02-05 08:00:49,756 [INFO] The time difference between the client and the server is within range -2.158 ms..-0.725 ms
client 2024-02-05 08:00:49,756 [INFO] Sending command to the server: 'session,2024-02-05_07-35-48,start,testing'
client 2024-02-05 08:01:11,375 [INFO] Got response: 'OK'
client 2024-02-05 08:01:11,375 [INFO] Sending command to the server: 'time'
client 2024-02-05 08:01:11,376 [INFO] Got response: '1707141671.3773508'
client 2024-02-05 08:01:11,376 [INFO] The time difference between the client and the server is within range -2.093 ms..-0.700 ms
client 2024-02-05 08:01:11,376 [INFO] Running the workload 'axs byquery loadgen_output,task=image_classification,sut_name=g293_q16e_ultra,model_name=resnet50,framework=kilt,device=qaic,collection_name=experiments_submission,loadgen_mode=PerformanceOnly,loadgen_compliance_test-,loadgen_scenario=Offline,_with_power+,symlink_to=/home/krai/work_collection/experiments_submission/generated_by_power_measurement_on_run_c897c27373b049f080465c2533a969de/last_mlperf_logs,power_client_entrydic_path=/home/krai/work_collection/experiments_submission/generated_by_power_measurement_on_run_c897c27373b049f080465c2533a969de/program_output.json,effective_no_ranging-'
client 2024-02-05 08:25:19,114 [INFO] Sending command to the server: 'time'
client 2024-02-05 08:25:19,116 [INFO] Got response: '1707143119.1161215'
client 2024-02-05 08:25:19,116 [INFO] The time difference between the client and the server is within range -1.827 ms..-0.023 ms
client 2024-02-05 08:25:19,116 [INFO] Sending command to the server: 'session,2024-02-05_07-35-48,stop,testing'
client 2024-02-05 08:25:29,403 [INFO] Got response: 'OK'
client 2024-02-05 08:25:29,403 [INFO] Sending command to the server: 'time'
client 2024-02-05 08:25:29,404 [INFO] Got response: '1707143129.4043677'
client 2024-02-05 08:25:29,404 [INFO] The time difference between the client and the server is within range -0.850 ms..-0.287 ms
client 2024-02-05 08:25:29,407 [INFO] Copying loadgen logs from '/home/krai/work_collection/experiments_submission/generated_by_power_measurement_on_run_c897c27373b049f080465c2533a969de/last_mlperf_logs' to '/home/krai/work_collection/experiments_submission/generated_by_power_measurement_on_run_c897c27373b049f080465c2533a969de/power_logs/run_1'
client 2024-02-05 08:25:29,408 [INFO] Done runs
