Graph file: /home/ubuntu/CM/repos/local/cache/2380b11bf7d64b32/mobilenet_v2_0.75_160.tflite
Image dir: /home/ubuntu/CM/repos/local/cache/c492cecc04d54665
Image list: /home/ubuntu/CM/repos/local/cache/c492cecc04d54665/preprocessed_files.txt
Image size: 160
Image channels: 3
Prediction classes: 1000
Result dir: /home/ubuntu/CM/repos/local/cache/a4a5ea16d6484514/valid_results/ip_172_31_38_149-tflite_cpp-cpu-tflite-vmaster-with_live_preprocessing/mobilenet-v2-precision_float-0.75-160/singlestream/performance/run_1
How many images fit in memory buffer: 1024
Normalize: 1
Subtract mean: 0
Run time preprocessing: 1
Number of Threads: 4
Number of available imagefiles: 50000

Loading graph...
INFO: Created TensorFlow Lite XNNPACK delegate for CPU.
Input tensor dimensions (NHWC): 1*160*160*3
Output tensor dimensions: 1*1001
Path to mlperf.conf : /home/ubuntu/CM/repos/local/cache/3fb96ad6072347c2/inference/mlperf.conf
Path to user.conf : /home/ubuntu/CM/repos/ctuning@mlcommons-ck/cm-mlops/script/generate-mlperf-inference-user-conf/tmp/ffeaaa04588b468eb682c3b1dcfd3581.conf
Model Name: mobilenet
LoadGen Scenario: SingleStream
LoadGen Mode: performance
