client 2024-01-29 17:50:46,886 [INFO] Creating output directory '/home/arjun/results_dir/valid_results/orin-tflite_cpp-cpu-tflite-vmaster-default_config/efficientnet-int8-lite1/singlestream/performance/tmp_power'
client 2024-01-29 17:50:47,025 [INFO] Sending command to the server: 'mlcommons/power client v3'
client 2024-01-29 17:50:47,029 [INFO] Got response: 'mlcommons/power server v3'
client 2024-01-29 17:50:47,029 [INFO] Synchronizing with the server and with time.google.com...
client 2024-01-29 17:50:47,096 [INFO] NTP:offset = 0.000 s, delay = 0.047 s 
client 2024-01-29 17:50:47,097 [INFO] Sending command to the server: 'time'
client 2024-01-29 17:50:47,100 [INFO] Got response: '1706550647.1001787'
client 2024-01-29 17:50:47,100 [INFO] The time difference between the client and the server is within range -3.056 ms..0.398 ms
client 2024-01-29 17:50:47,100 [INFO] Sending command to the server: 'new,,c034d1a3-532c-4cc2-ab06-2b99d95fdc3b'
client 2024-01-29 17:50:47,104 [INFO] Got response: 'OK 2024-01-29_17-50-47,4d3da0bf-953f-49f5-b9be-8237c392cb25'
client 2024-01-29 17:50:47,104 [INFO] Session id is '2024-01-29_17-50-47'
client 2024-01-29 17:50:47,104 [INFO] Sources: {"sources": {"__init__.py": "da39a3ee5e6b4b0d3255bfef95601890afd80709", "client.py": "33ca4f26368777ac06e01f9567b714a4b8063886", "lib/__init__.py": "da39a3ee5e6b4b0d3255bfef95601890afd80709", "lib/client.py": "ac2aa093c8e8bbc9569b9e2a3471bc64e58a2258", "lib/common.py": "611d8b29633d331eb19c9455ea3b5fa3284ed6df", "lib/external/__init__.py": "da39a3ee5e6b4b0d3255bfef95601890afd80709", "lib/external/ntplib.py": "4da8f970656505a40483206ef2b5d3dd5e81711d", "lib/server.py": "99303c836c683aa9017ec565104e636161d02acb", "lib/source_hashes.py": "60a2e02193209e8d392803326208d5466342da18", "lib/summary.py": "aa92f0a3f975eecd44d3c0cd0236342ccc9f941d", "lib/time_sync.py": "80894ef2389e540781ff78de94db16aa4203a14e", "server.py": "c3f90f2f7eeb4db30727556d0c815ebc89b3d28b", "tests/unit/__init__.py": "da39a3ee5e6b4b0d3255bfef95601890afd80709", "tests/unit/test_server.py": "948c1995d4008bc2aa6c4046a34ffa3858d6d671", "tests/unit/test_source_hashes.py": "00468a2907583c593e6574a1f6b404e4651c221a"}, "modules": {"ptd_client_server.lib.client": "lib/client.py", "ptd_client_server.lib.common": "lib/common.py", "ptd_client_server.lib.external.ntplib": "lib/external/ntplib.py", "ptd_client_server.lib.source_hashes": "lib/source_hashes.py", "ptd_client_server.lib.summary": "lib/summary.py", "ptd_client_server.lib.time_sync": "lib/time_sync.py"}}
client 2024-01-29 17:50:47,105 [INFO] Running workload in ranging mode
client 2024-01-29 17:50:47,105 [INFO] Synchronizing with the server and with time.google.com...
client 2024-01-29 17:50:47,126 [INFO] NTP:offset = -0.004 s, delay = 0.020 s 
client 2024-01-29 17:50:47,127 [INFO] Sending command to the server: 'time'
client 2024-01-29 17:50:47,130 [INFO] Got response: '1706550647.1301985'
client 2024-01-29 17:50:47,130 [INFO] The time difference between the client and the server is within range -3.126 ms..0.344 ms
client 2024-01-29 17:50:47,130 [INFO] Sending command to the server: 'session,2024-01-29_17-50-47,start,ranging'
client 2024-01-29 17:51:15,213 [INFO] Got response: 'OK'
client 2024-01-29 17:51:15,215 [INFO] Sending command to the server: 'time'
client 2024-01-29 17:51:15,220 [INFO] Got response: '1706550675.219395'
client 2024-01-29 17:51:15,220 [INFO] The time difference between the client and the server is within range -3.564 ms..1.065 ms
client 2024-01-29 17:51:15,220 [INFO] Running the workload 'CM_MLPERF_RUN_COUNT=$(cat ${CM_RUN_DIR}/count.txt); echo ${CM_MLPERF_RUN_COUNT}; CM_MLPERF_RUN_COUNT=$((CM_MLPERF_RUN_COUNT+1)); echo ${CM_MLPERF_RUN_COUNT} > ${CM_RUN_DIR}/count.txt && if [ ${CM_MLPERF_RUN_COUNT} -eq "1" ]; then export CM_MLPERF_USER_CONF=${CM_MLPERF_RANGING_USER_CONF}; else export CM_MLPERF_USER_CONF=${CM_MLPERF_TESTING_USER_CONF}; fi && /mnt/CM/repos/ctuning@mlcommons-ck/cm-mlops/script/benchmark-any-mlperf-inference-implementation/run.out'
client 2024-01-29 17:56:21,592 [INFO] Sending command to the server: 'time'
client 2024-01-29 17:56:21,597 [INFO] Got response: '1706550981.5968156'
client 2024-01-29 17:56:21,597 [INFO] The time difference between the client and the server is within range -4.470 ms..0.828 ms
client 2024-01-29 17:56:21,598 [INFO] Sending command to the server: 'session,2024-01-29_17-50-47,stop,ranging'
client 2024-01-29 17:56:32,352 [INFO] Got response: 'OK'
client 2024-01-29 17:56:32,354 [INFO] Sending command to the server: 'time'
client 2024-01-29 17:56:32,358 [INFO] Got response: '1706550992.3587515'
client 2024-01-29 17:56:32,358 [INFO] The time difference between the client and the server is within range -4.733 ms..0.034 ms
client 2024-01-29 17:56:32,377 [INFO] Copying loadgen logs from '/home/arjun/results_dir/valid_results/orin-tflite_cpp-cpu-tflite-vmaster-default_config/efficientnet-int8-lite1/singlestream/performance/run_1' to '/home/arjun/results_dir/valid_results/orin-tflite_cpp-cpu-tflite-vmaster-default_config/efficientnet-int8-lite1/singlestream/performance/tmp_power/ranging'
client 2024-01-29 17:56:32,380 [INFO] Running workload in testing mode
client 2024-01-29 17:56:32,380 [INFO] Synchronizing with the server and with time.google.com...
client 2024-01-29 17:56:32,412 [INFO] NTP:offset = -0.007 s, delay = 0.026 s 
client 2024-01-29 17:56:32,412 [INFO] Sending command to the server: 'time'
client 2024-01-29 17:56:32,416 [INFO] Got response: '1706550992.4165297'
client 2024-01-29 17:56:32,416 [INFO] The time difference between the client and the server is within range -3.856 ms..-0.150 ms
client 2024-01-29 17:56:32,416 [INFO] Sending command to the server: 'session,2024-01-29_17-50-47,start,testing'
client 2024-01-29 17:56:45,441 [INFO] Got response: 'OK'
client 2024-01-29 17:56:45,442 [INFO] Sending command to the server: 'time'
client 2024-01-29 17:56:45,447 [INFO] Got response: '1706551005.4468637'
client 2024-01-29 17:56:45,447 [INFO] The time difference between the client and the server is within range -4.446 ms..0.682 ms
client 2024-01-29 17:56:45,447 [INFO] Running the workload 'CM_MLPERF_RUN_COUNT=$(cat ${CM_RUN_DIR}/count.txt); echo ${CM_MLPERF_RUN_COUNT}; CM_MLPERF_RUN_COUNT=$((CM_MLPERF_RUN_COUNT+1)); echo ${CM_MLPERF_RUN_COUNT} > ${CM_RUN_DIR}/count.txt && if [ ${CM_MLPERF_RUN_COUNT} -eq "1" ]; then export CM_MLPERF_USER_CONF=${CM_MLPERF_RANGING_USER_CONF}; else export CM_MLPERF_USER_CONF=${CM_MLPERF_TESTING_USER_CONF}; fi && /mnt/CM/repos/ctuning@mlcommons-ck/cm-mlops/script/benchmark-any-mlperf-inference-implementation/run.out'
client 2024-01-29 18:06:49,953 [INFO] Sending command to the server: 'time'
client 2024-01-29 18:06:50,006 [INFO] Got response: '1706551610.0072136'
client 2024-01-29 18:06:50,007 [INFO] The time difference between the client and the server is within range -53.600 ms..0.187 ms
client 2024-01-29 18:06:50,007 [INFO] Sending command to the server: 'session,2024-01-29_17-50-47,stop,testing'
client 2024-01-29 18:07:00,496 [INFO] Got response: 'OK'
client 2024-01-29 18:07:00,497 [INFO] Sending command to the server: 'time'
client 2024-01-29 18:07:00,500 [INFO] Got response: '1706551620.5013323'
client 2024-01-29 18:07:00,501 [INFO] The time difference between the client and the server is within range -4.038 ms..-0.112 ms
client 2024-01-29 18:07:00,506 [INFO] Copying loadgen logs from '/home/arjun/results_dir/valid_results/orin-tflite_cpp-cpu-tflite-vmaster-default_config/efficientnet-int8-lite1/singlestream/performance/run_1' to '/home/arjun/results_dir/valid_results/orin-tflite_cpp-cpu-tflite-vmaster-default_config/efficientnet-int8-lite1/singlestream/performance/tmp_power/run_1'
client 2024-01-29 18:07:00,508 [INFO] Done runs
