client 2024-01-31 00:13:52,832 [INFO] Creating output directory '/home/arjun/results_dir/valid_results/orin-tflite_cpp-cpu-tflite-vmaster-with_live_preprocessing/mobilenet-v1-precision_float-0.25-160/singlestream/performance/tmp_power'
client 2024-01-31 00:13:52,835 [INFO] Sending command to the server: 'mlcommons/power client v3'
client 2024-01-31 00:13:52,838 [INFO] Got response: 'mlcommons/power server v3'
client 2024-01-31 00:13:52,838 [INFO] Synchronizing with the server and with time.google.com...
client 2024-01-31 00:13:52,869 [INFO] NTP:offset = -0.005 s, delay = 0.026 s 
client 2024-01-31 00:13:52,870 [INFO] Sending command to the server: 'time'
client 2024-01-31 00:13:52,873 [INFO] Got response: '1706660032.8671117'
client 2024-01-31 00:13:52,873 [INFO] The time difference between the client and the server is within range 2.901 ms..6.356 ms
client 2024-01-31 00:13:52,873 [INFO] Sending command to the server: 'new,,bb37b0b5-7c0c-4dfe-a025-89c2a87e8059'
client 2024-01-31 00:13:52,877 [INFO] Got response: 'OK 2024-01-31_00-13-52,e65daa7b-ee52-4d59-a21a-856b6bb26731'
client 2024-01-31 00:13:52,877 [INFO] Session id is '2024-01-31_00-13-52'
client 2024-01-31 00:13:52,878 [INFO] Sources: {"sources": {"__init__.py": "da39a3ee5e6b4b0d3255bfef95601890afd80709", "client.py": "33ca4f26368777ac06e01f9567b714a4b8063886", "lib/__init__.py": "da39a3ee5e6b4b0d3255bfef95601890afd80709", "lib/client.py": "ac2aa093c8e8bbc9569b9e2a3471bc64e58a2258", "lib/common.py": "611d8b29633d331eb19c9455ea3b5fa3284ed6df", "lib/external/__init__.py": "da39a3ee5e6b4b0d3255bfef95601890afd80709", "lib/external/ntplib.py": "4da8f970656505a40483206ef2b5d3dd5e81711d", "lib/server.py": "99303c836c683aa9017ec565104e636161d02acb", "lib/source_hashes.py": "60a2e02193209e8d392803326208d5466342da18", "lib/summary.py": "aa92f0a3f975eecd44d3c0cd0236342ccc9f941d", "lib/time_sync.py": "80894ef2389e540781ff78de94db16aa4203a14e", "server.py": "c3f90f2f7eeb4db30727556d0c815ebc89b3d28b", "tests/unit/__init__.py": "da39a3ee5e6b4b0d3255bfef95601890afd80709", "tests/unit/test_server.py": "948c1995d4008bc2aa6c4046a34ffa3858d6d671", "tests/unit/test_source_hashes.py": "00468a2907583c593e6574a1f6b404e4651c221a"}, "modules": {"ptd_client_server.lib.client": "lib/client.py", "ptd_client_server.lib.common": "lib/common.py", "ptd_client_server.lib.external.ntplib": "lib/external/ntplib.py", "ptd_client_server.lib.source_hashes": "lib/source_hashes.py", "ptd_client_server.lib.summary": "lib/summary.py", "ptd_client_server.lib.time_sync": "lib/time_sync.py"}}
client 2024-01-31 00:13:52,878 [INFO] Running workload in ranging mode
client 2024-01-31 00:13:52,878 [INFO] Synchronizing with the server and with time.google.com...
client 2024-01-31 00:13:52,897 [INFO] NTP:offset = -0.006 s, delay = 0.018 s 
client 2024-01-31 00:13:52,897 [INFO] Sending command to the server: 'time'
client 2024-01-31 00:13:52,901 [INFO] Got response: '1706660032.895302'
client 2024-01-31 00:13:52,901 [INFO] The time difference between the client and the server is within range 2.620 ms..6.411 ms
client 2024-01-31 00:13:52,901 [INFO] Sending command to the server: 'session,2024-01-31_00-13-52,start,ranging'
client 2024-01-31 00:14:21,080 [INFO] Got response: 'OK'
client 2024-01-31 00:14:21,083 [INFO] Sending command to the server: 'time'
client 2024-01-31 00:14:21,088 [INFO] Got response: '1706660061.0811436'
client 2024-01-31 00:14:21,088 [INFO] The time difference between the client and the server is within range 1.877 ms..7.443 ms
client 2024-01-31 00:14:21,088 [INFO] Running the workload 'CM_MLPERF_RUN_COUNT=$(cat ${CM_RUN_DIR}/count.txt); echo ${CM_MLPERF_RUN_COUNT}; CM_MLPERF_RUN_COUNT=$((CM_MLPERF_RUN_COUNT+1)); echo ${CM_MLPERF_RUN_COUNT} > ${CM_RUN_DIR}/count.txt && if [ ${CM_MLPERF_RUN_COUNT} -eq "1" ]; then export CM_MLPERF_USER_CONF=${CM_MLPERF_RANGING_USER_CONF}; else export CM_MLPERF_USER_CONF=${CM_MLPERF_TESTING_USER_CONF}; fi && /home/arjun/run.out'
client 2024-01-31 00:19:23,603 [INFO] Sending command to the server: 'time'
client 2024-01-31 00:19:23,607 [INFO] Got response: '1706660363.6027193'
client 2024-01-31 00:19:23,607 [INFO] The time difference between the client and the server is within range 0.372 ms..4.805 ms
client 2024-01-31 00:19:23,607 [INFO] Sending command to the server: 'session,2024-01-31_00-13-52,stop,ranging'
client 2024-01-31 00:19:34,220 [INFO] Got response: 'OK'
client 2024-01-31 00:19:34,220 [INFO] Sending command to the server: 'time'
client 2024-01-31 00:19:34,223 [INFO] Got response: '1706660374.2195656'
client 2024-01-31 00:19:34,223 [INFO] The time difference between the client and the server is within range 1.161 ms..4.284 ms
client 2024-01-31 00:19:34,235 [INFO] Copying loadgen logs from '/home/arjun/results_dir/valid_results/orin-tflite_cpp-cpu-tflite-vmaster-with_live_preprocessing/mobilenet-v1-precision_float-0.25-160/singlestream/performance/run_1' to '/home/arjun/results_dir/valid_results/orin-tflite_cpp-cpu-tflite-vmaster-with_live_preprocessing/mobilenet-v1-precision_float-0.25-160/singlestream/performance/tmp_power/ranging'
client 2024-01-31 00:19:34,237 [INFO] Running workload in testing mode
client 2024-01-31 00:19:34,237 [INFO] Synchronizing with the server and with time.google.com...
client 2024-01-31 00:19:34,267 [INFO] NTP:offset = -0.004 s, delay = 0.026 s 
client 2024-01-31 00:19:34,267 [INFO] Sending command to the server: 'time'
client 2024-01-31 00:19:34,270 [INFO] Got response: '1706660374.266498'
client 2024-01-31 00:19:34,270 [INFO] The time difference between the client and the server is within range 0.810 ms..4.431 ms
client 2024-01-31 00:19:34,271 [INFO] Sending command to the server: 'session,2024-01-31_00-13-52,start,testing'
client 2024-01-31 00:19:47,289 [INFO] Got response: 'OK'
client 2024-01-31 00:19:47,290 [INFO] Sending command to the server: 'time'
client 2024-01-31 00:19:47,292 [INFO] Got response: '1706660387.2890034'
client 2024-01-31 00:19:47,293 [INFO] The time difference between the client and the server is within range 1.108 ms..4.219 ms
client 2024-01-31 00:19:47,293 [INFO] Running the workload 'CM_MLPERF_RUN_COUNT=$(cat ${CM_RUN_DIR}/count.txt); echo ${CM_MLPERF_RUN_COUNT}; CM_MLPERF_RUN_COUNT=$((CM_MLPERF_RUN_COUNT+1)); echo ${CM_MLPERF_RUN_COUNT} > ${CM_RUN_DIR}/count.txt && if [ ${CM_MLPERF_RUN_COUNT} -eq "1" ]; then export CM_MLPERF_USER_CONF=${CM_MLPERF_RANGING_USER_CONF}; else export CM_MLPERF_USER_CONF=${CM_MLPERF_TESTING_USER_CONF}; fi && /home/arjun/run.out'
client 2024-01-31 00:29:51,699 [INFO] Sending command to the server: 'time'
client 2024-01-31 00:29:51,759 [INFO] Got response: '1706660991.7555323'
client 2024-01-31 00:29:51,759 [INFO] The time difference between the client and the server is within range -55.872 ms..4.249 ms
client 2024-01-31 00:29:51,760 [INFO] Sending command to the server: 'session,2024-01-31_00-13-52,stop,testing'
client 2024-01-31 00:30:02,356 [INFO] Got response: 'OK'
client 2024-01-31 00:30:02,356 [INFO] Sending command to the server: 'time'
client 2024-01-31 00:30:02,360 [INFO] Got response: '1706661002.3571508'
client 2024-01-31 00:30:02,361 [INFO] The time difference between the client and the server is within range -0.357 ms..4.025 ms
client 2024-01-31 00:30:02,365 [INFO] Copying loadgen logs from '/home/arjun/results_dir/valid_results/orin-tflite_cpp-cpu-tflite-vmaster-with_live_preprocessing/mobilenet-v1-precision_float-0.25-160/singlestream/performance/run_1' to '/home/arjun/results_dir/valid_results/orin-tflite_cpp-cpu-tflite-vmaster-with_live_preprocessing/mobilenet-v1-precision_float-0.25-160/singlestream/performance/tmp_power/run_1'
client 2024-01-31 00:30:02,368 [INFO] Done runs
