client 2024-02-04 22:18:10,270 [INFO] Creating output directory '/home/arjun/results_dir/valid_results/orin-tflite_armnn_cpp-cpu-armnn_tflite-v23.11-using_neon_with_live_preprocessing/efficientnet-fp32-lite2/singlestream/performance/tmp_power'
client 2024-02-04 22:18:10,385 [INFO] Sending command to the server: 'mlcommons/power client v3'
client 2024-02-04 22:18:10,388 [INFO] Got response: 'mlcommons/power server v3'
client 2024-02-04 22:18:10,388 [INFO] Synchronizing with the server and with time.google.com...
client 2024-02-04 22:18:10,415 [INFO] NTP:offset = -0.003 s, delay = 0.018 s 
client 2024-02-04 22:18:10,415 [INFO] Sending command to the server: 'time'
client 2024-02-04 22:18:10,419 [INFO] Got response: '1707085090.4173183'
client 2024-02-04 22:18:10,419 [INFO] The time difference between the client and the server is within range -1.652 ms..2.473 ms
client 2024-02-04 22:18:10,420 [INFO] Sending command to the server: 'new,,379b3dfb-3741-4a85-a4c4-1de442ee676e'
client 2024-02-04 22:18:10,422 [INFO] Got response: 'OK 2024-02-04_22-18-10,00403525-3580-4e8a-b131-6e9a3f1f1283'
client 2024-02-04 22:18:10,422 [INFO] Session id is '2024-02-04_22-18-10'
client 2024-02-04 22:18:10,423 [INFO] Sources: {"sources": {"__init__.py": "da39a3ee5e6b4b0d3255bfef95601890afd80709", "client.py": "33ca4f26368777ac06e01f9567b714a4b8063886", "lib/__init__.py": "da39a3ee5e6b4b0d3255bfef95601890afd80709", "lib/client.py": "ac2aa093c8e8bbc9569b9e2a3471bc64e58a2258", "lib/common.py": "611d8b29633d331eb19c9455ea3b5fa3284ed6df", "lib/external/__init__.py": "da39a3ee5e6b4b0d3255bfef95601890afd80709", "lib/external/ntplib.py": "4da8f970656505a40483206ef2b5d3dd5e81711d", "lib/server.py": "99303c836c683aa9017ec565104e636161d02acb", "lib/source_hashes.py": "60a2e02193209e8d392803326208d5466342da18", "lib/summary.py": "aa92f0a3f975eecd44d3c0cd0236342ccc9f941d", "lib/time_sync.py": "80894ef2389e540781ff78de94db16aa4203a14e", "server.py": "c3f90f2f7eeb4db30727556d0c815ebc89b3d28b", "tests/unit/__init__.py": "da39a3ee5e6b4b0d3255bfef95601890afd80709", "tests/unit/test_server.py": "948c1995d4008bc2aa6c4046a34ffa3858d6d671", "tests/unit/test_source_hashes.py": "00468a2907583c593e6574a1f6b404e4651c221a"}, "modules": {"ptd_client_server.lib.client": "lib/client.py", "ptd_client_server.lib.common": "lib/common.py", "ptd_client_server.lib.external.ntplib": "lib/external/ntplib.py", "ptd_client_server.lib.source_hashes": "lib/source_hashes.py", "ptd_client_server.lib.summary": "lib/summary.py", "ptd_client_server.lib.time_sync": "lib/time_sync.py"}}
client 2024-02-04 22:18:10,423 [INFO] Running workload in ranging mode
client 2024-02-04 22:18:10,423 [INFO] Synchronizing with the server and with time.google.com...
client 2024-02-04 22:18:10,449 [INFO] NTP:offset = -0.001 s, delay = 0.025 s 
client 2024-02-04 22:18:10,450 [INFO] Sending command to the server: 'time'
client 2024-02-04 22:18:10,453 [INFO] Got response: '1707085090.4509652'
client 2024-02-04 22:18:10,453 [INFO] The time difference between the client and the server is within range -0.986 ms..2.343 ms
client 2024-02-04 22:18:10,453 [INFO] Sending command to the server: 'session,2024-02-04_22-18-10,start,ranging'
client 2024-02-04 22:18:38,543 [INFO] Got response: 'OK'
client 2024-02-04 22:18:38,546 [INFO] Sending command to the server: 'time'
client 2024-02-04 22:18:38,550 [INFO] Got response: '1707085118.5478685'
client 2024-02-04 22:18:38,550 [INFO] The time difference between the client and the server is within range -1.431 ms..2.661 ms
client 2024-02-04 22:18:38,550 [INFO] Running the workload 'CM_MLPERF_RUN_COUNT=$(cat ${CM_RUN_DIR}/count.txt); echo ${CM_MLPERF_RUN_COUNT}; CM_MLPERF_RUN_COUNT=$((CM_MLPERF_RUN_COUNT+1)); echo ${CM_MLPERF_RUN_COUNT} > ${CM_RUN_DIR}/count.txt && if [ ${CM_MLPERF_RUN_COUNT} -eq "1" ]; then export CM_MLPERF_USER_CONF=${CM_MLPERF_RANGING_USER_CONF}; else export CM_MLPERF_USER_CONF=${CM_MLPERF_TESTING_USER_CONF}; fi && /mnt/CM/repos/ctuning@mlcommons-ck/cm-mlops/script/get-lib-armnn/run.out'
client 2024-02-04 22:23:41,447 [INFO] Sending command to the server: 'time'
client 2024-02-04 22:23:41,664 [INFO] Got response: '1707085421.6615434'
client 2024-02-04 22:23:41,664 [INFO] The time difference between the client and the server is within range -213.909 ms..3.231 ms
client 2024-02-04 22:23:41,665 [INFO] Sending command to the server: 'session,2024-02-04_22-18-10,stop,ranging'
client 2024-02-04 22:23:52,656 [INFO] Got response: 'OK'
client 2024-02-04 22:23:52,658 [INFO] Sending command to the server: 'time'
client 2024-02-04 22:23:52,662 [INFO] Got response: '1707085432.6591883'
client 2024-02-04 22:23:52,663 [INFO] The time difference between the client and the server is within range -1.217 ms..3.808 ms
client 2024-02-04 22:23:52,680 [INFO] Copying loadgen logs from '/home/arjun/results_dir/valid_results/orin-tflite_armnn_cpp-cpu-armnn_tflite-v23.11-using_neon_with_live_preprocessing/efficientnet-fp32-lite2/singlestream/performance/run_1' to '/home/arjun/results_dir/valid_results/orin-tflite_armnn_cpp-cpu-armnn_tflite-v23.11-using_neon_with_live_preprocessing/efficientnet-fp32-lite2/singlestream/performance/tmp_power/ranging'
client 2024-02-04 22:23:52,682 [INFO] Running workload in testing mode
client 2024-02-04 22:23:52,682 [INFO] Synchronizing with the server and with time.google.com...
client 2024-02-04 22:23:52,708 [INFO] NTP:offset = -0.002 s, delay = 0.021 s 
client 2024-02-04 22:23:52,709 [INFO] Sending command to the server: 'time'
client 2024-02-04 22:23:52,712 [INFO] Got response: '1707085432.710227'
client 2024-02-04 22:23:52,712 [INFO] The time difference between the client and the server is within range -1.260 ms..2.682 ms
client 2024-02-04 22:23:52,713 [INFO] Sending command to the server: 'session,2024-02-04_22-18-10,start,testing'
client 2024-02-04 22:24:05,732 [INFO] Got response: 'OK'
client 2024-02-04 22:24:05,732 [INFO] Sending command to the server: 'time'
client 2024-02-04 22:24:05,736 [INFO] Got response: '1707085445.7342114'
client 2024-02-04 22:24:05,737 [INFO] The time difference between the client and the server is within range -1.255 ms..3.010 ms
client 2024-02-04 22:24:05,737 [INFO] Running the workload 'CM_MLPERF_RUN_COUNT=$(cat ${CM_RUN_DIR}/count.txt); echo ${CM_MLPERF_RUN_COUNT}; CM_MLPERF_RUN_COUNT=$((CM_MLPERF_RUN_COUNT+1)); echo ${CM_MLPERF_RUN_COUNT} > ${CM_RUN_DIR}/count.txt && if [ ${CM_MLPERF_RUN_COUNT} -eq "1" ]; then export CM_MLPERF_USER_CONF=${CM_MLPERF_RANGING_USER_CONF}; else export CM_MLPERF_USER_CONF=${CM_MLPERF_TESTING_USER_CONF}; fi && /mnt/CM/repos/ctuning@mlcommons-ck/cm-mlops/script/get-lib-armnn/run.out'
client 2024-02-04 22:34:10,826 [INFO] Sending command to the server: 'time'
client 2024-02-04 22:34:11,015 [INFO] Got response: '1707086051.0130358'
client 2024-02-04 22:34:11,015 [INFO] The time difference between the client and the server is within range -186.872 ms..2.442 ms
client 2024-02-04 22:34:11,015 [INFO] Sending command to the server: 'session,2024-02-04_22-18-10,stop,testing'
client 2024-02-04 22:34:21,788 [INFO] Got response: 'OK'
client 2024-02-04 22:34:21,790 [INFO] Sending command to the server: 'time'
client 2024-02-04 22:34:21,793 [INFO] Got response: '1707086061.7916377'
client 2024-02-04 22:34:21,793 [INFO] The time difference between the client and the server is within range -1.451 ms..1.938 ms
client 2024-02-04 22:34:21,798 [INFO] Copying loadgen logs from '/home/arjun/results_dir/valid_results/orin-tflite_armnn_cpp-cpu-armnn_tflite-v23.11-using_neon_with_live_preprocessing/efficientnet-fp32-lite2/singlestream/performance/run_1' to '/home/arjun/results_dir/valid_results/orin-tflite_armnn_cpp-cpu-armnn_tflite-v23.11-using_neon_with_live_preprocessing/efficientnet-fp32-lite2/singlestream/performance/tmp_power/run_1'
client 2024-02-04 22:34:21,800 [INFO] Done runs
