Graph file: /home/ec2-user/CM/repos/local/cache/35908cfc7f72429e/mobilenet_v1_0.75_224_quant.tflite
Image dir: /home/ec2-user/CM/repos/local/cache/4b719247e0da4894
Image list: /home/ec2-user/CM/repos/local/cache/4b719247e0da4894/preprocessed_files.txt
Image size: 224
Image channels: 3
Prediction classes: 1000
Result dir: /home/ec2-user/CM/repos/local/cache/2b88026e7cd54ea9/valid_results/ip_172_31_41_189.us_west_2.compute.internal-tflite_cpp-cpu-tflite-vmaster-default_config/mobilenet-v1-precision_uint8-0.75-224/singlestream/accuracy
How many images fit in memory buffer: 1024
Normalize: 1
Subtract mean: 0
Run time preprocessing: 1
Number of Threads: 4
Number of available imagefiles: 50000

Loading graph...
INFO: Created TensorFlow Lite XNNPACK delegate for CPU.
Input tensor dimensions (NHWC): 1*224*224*3
Output tensor dimensions: 1*1001
Path to mlperf.conf : /home/ec2-user/CM/repos/local/cache/8a7eb07153174f8b/inference/mlperf.conf
Path to user.conf : /home/ec2-user/CM/repos/ctuning@mlcommons-ck/cm-mlops/script/generate-mlperf-inference-user-conf/tmp/e1d86986b2e549d18fc4db44a3ea78fd.conf
Model Name: mobilenet
LoadGen Scenario: SingleStream
LoadGen Mode: accuracy
