client 2024-01-31 04:23:07,140 [INFO] Creating output directory '/home/arjun/results_dir/valid_results/orin-tflite_cpp-cpu-tflite-vmaster-with_live_preprocessing/mobilenet-v2-precision_float-0.35-192/singlestream/performance/tmp_power'
client 2024-01-31 04:23:07,143 [INFO] Sending command to the server: 'mlcommons/power client v3'
client 2024-01-31 04:23:07,145 [INFO] Got response: 'mlcommons/power server v3'
client 2024-01-31 04:23:07,146 [INFO] Synchronizing with the server and with time.google.com...
client 2024-01-31 04:23:07,171 [INFO] NTP:offset = -0.004 s, delay = 0.019 s 
client 2024-01-31 04:23:07,172 [INFO] Sending command to the server: 'time'
client 2024-01-31 04:23:07,174 [INFO] Got response: '1706674987.171635'
client 2024-01-31 04:23:07,174 [INFO] The time difference between the client and the server is within range 0.484 ms..2.969 ms
client 2024-01-31 04:23:07,174 [INFO] Sending command to the server: 'new,,b2b09eaf-ad74-4724-876e-1e21dee7d353'
client 2024-01-31 04:23:07,176 [INFO] Got response: 'OK 2024-01-31_04-23-07,fa8999ab-8e04-4837-9d6e-967c2324b7cb'
client 2024-01-31 04:23:07,176 [INFO] Session id is '2024-01-31_04-23-07'
client 2024-01-31 04:23:07,177 [INFO] Sources: {"sources": {"__init__.py": "da39a3ee5e6b4b0d3255bfef95601890afd80709", "client.py": "33ca4f26368777ac06e01f9567b714a4b8063886", "lib/__init__.py": "da39a3ee5e6b4b0d3255bfef95601890afd80709", "lib/client.py": "ac2aa093c8e8bbc9569b9e2a3471bc64e58a2258", "lib/common.py": "611d8b29633d331eb19c9455ea3b5fa3284ed6df", "lib/external/__init__.py": "da39a3ee5e6b4b0d3255bfef95601890afd80709", "lib/external/ntplib.py": "4da8f970656505a40483206ef2b5d3dd5e81711d", "lib/server.py": "99303c836c683aa9017ec565104e636161d02acb", "lib/source_hashes.py": "60a2e02193209e8d392803326208d5466342da18", "lib/summary.py": "aa92f0a3f975eecd44d3c0cd0236342ccc9f941d", "lib/time_sync.py": "80894ef2389e540781ff78de94db16aa4203a14e", "server.py": "c3f90f2f7eeb4db30727556d0c815ebc89b3d28b", "tests/unit/__init__.py": "da39a3ee5e6b4b0d3255bfef95601890afd80709", "tests/unit/test_server.py": "948c1995d4008bc2aa6c4046a34ffa3858d6d671", "tests/unit/test_source_hashes.py": "00468a2907583c593e6574a1f6b404e4651c221a"}, "modules": {"ptd_client_server.lib.client": "lib/client.py", "ptd_client_server.lib.common": "lib/common.py", "ptd_client_server.lib.external.ntplib": "lib/external/ntplib.py", "ptd_client_server.lib.source_hashes": "lib/source_hashes.py", "ptd_client_server.lib.summary": "lib/summary.py", "ptd_client_server.lib.time_sync": "lib/time_sync.py"}}
client 2024-01-31 04:23:07,177 [INFO] Running workload in ranging mode
client 2024-01-31 04:23:07,177 [INFO] Synchronizing with the server and with time.google.com...
client 2024-01-31 04:23:07,198 [INFO] NTP:offset = -0.005 s, delay = 0.020 s 
client 2024-01-31 04:23:07,198 [INFO] Sending command to the server: 'time'
client 2024-01-31 04:23:07,201 [INFO] Got response: '1706674987.1984828'
client 2024-01-31 04:23:07,201 [INFO] The time difference between the client and the server is within range 0.471 ms..3.064 ms
client 2024-01-31 04:23:07,201 [INFO] Sending command to the server: 'session,2024-01-31_04-23-07,start,ranging'
client 2024-01-31 04:23:35,284 [INFO] Got response: 'OK'
client 2024-01-31 04:23:35,286 [INFO] Sending command to the server: 'time'
client 2024-01-31 04:23:35,290 [INFO] Got response: '1706675015.2866046'
client 2024-01-31 04:23:35,290 [INFO] The time difference between the client and the server is within range 0.048 ms..4.149 ms
client 2024-01-31 04:23:35,291 [INFO] Running the workload 'CM_MLPERF_RUN_COUNT=$(cat ${CM_RUN_DIR}/count.txt); echo ${CM_MLPERF_RUN_COUNT}; CM_MLPERF_RUN_COUNT=$((CM_MLPERF_RUN_COUNT+1)); echo ${CM_MLPERF_RUN_COUNT} > ${CM_RUN_DIR}/count.txt && if [ ${CM_MLPERF_RUN_COUNT} -eq "1" ]; then export CM_MLPERF_USER_CONF=${CM_MLPERF_RANGING_USER_CONF}; else export CM_MLPERF_USER_CONF=${CM_MLPERF_TESTING_USER_CONF}; fi && /home/arjun/run.out'
client 2024-01-31 04:28:37,808 [INFO] Sending command to the server: 'time'
client 2024-01-31 04:28:37,824 [INFO] Got response: '1706675317.8205163'
client 2024-01-31 04:28:37,825 [INFO] The time difference between the client and the server is within range -12.167 ms..5.093 ms
client 2024-01-31 04:28:37,826 [INFO] Sending command to the server: 'session,2024-01-31_04-23-07,stop,ranging'
client 2024-01-31 04:28:48,417 [INFO] Got response: 'OK'
client 2024-01-31 04:28:48,417 [INFO] Sending command to the server: 'time'
client 2024-01-31 04:28:48,420 [INFO] Got response: '1706675328.4166503'
client 2024-01-31 04:28:48,421 [INFO] The time difference between the client and the server is within range 0.952 ms..4.482 ms
client 2024-01-31 04:28:48,438 [INFO] Copying loadgen logs from '/home/arjun/results_dir/valid_results/orin-tflite_cpp-cpu-tflite-vmaster-with_live_preprocessing/mobilenet-v2-precision_float-0.35-192/singlestream/performance/run_1' to '/home/arjun/results_dir/valid_results/orin-tflite_cpp-cpu-tflite-vmaster-with_live_preprocessing/mobilenet-v2-precision_float-0.35-192/singlestream/performance/tmp_power/ranging'
client 2024-01-31 04:28:48,441 [INFO] Running workload in testing mode
client 2024-01-31 04:28:48,441 [INFO] Synchronizing with the server and with time.google.com...
client 2024-01-31 04:28:48,467 [INFO] NTP:offset = -0.004 s, delay = 0.021 s 
client 2024-01-31 04:28:48,467 [INFO] Sending command to the server: 'time'
client 2024-01-31 04:28:48,471 [INFO] Got response: '1706675328.4669943'
client 2024-01-31 04:28:48,471 [INFO] The time difference between the client and the server is within range 0.703 ms..4.222 ms
client 2024-01-31 04:28:48,471 [INFO] Sending command to the server: 'session,2024-01-31_04-23-07,start,testing'
client 2024-01-31 04:29:01,484 [INFO] Got response: 'OK'
client 2024-01-31 04:29:01,485 [INFO] Sending command to the server: 'time'
client 2024-01-31 04:29:01,488 [INFO] Got response: '1706675341.484636'
client 2024-01-31 04:29:01,488 [INFO] The time difference between the client and the server is within range 0.542 ms..4.287 ms
client 2024-01-31 04:29:01,489 [INFO] Running the workload 'CM_MLPERF_RUN_COUNT=$(cat ${CM_RUN_DIR}/count.txt); echo ${CM_MLPERF_RUN_COUNT}; CM_MLPERF_RUN_COUNT=$((CM_MLPERF_RUN_COUNT+1)); echo ${CM_MLPERF_RUN_COUNT} > ${CM_RUN_DIR}/count.txt && if [ ${CM_MLPERF_RUN_COUNT} -eq "1" ]; then export CM_MLPERF_USER_CONF=${CM_MLPERF_RANGING_USER_CONF}; else export CM_MLPERF_USER_CONF=${CM_MLPERF_TESTING_USER_CONF}; fi && /home/arjun/run.out'
client 2024-01-31 04:39:05,907 [INFO] Sending command to the server: 'time'
client 2024-01-31 04:39:05,931 [INFO] Got response: '1706675945.926878'
client 2024-01-31 04:39:05,932 [INFO] The time difference between the client and the server is within range -19.182 ms..5.287 ms
client 2024-01-31 04:39:05,932 [INFO] Sending command to the server: 'session,2024-01-31_04-23-07,stop,testing'
client 2024-01-31 04:39:16,538 [INFO] Got response: 'OK'
client 2024-01-31 04:39:16,538 [INFO] Sending command to the server: 'time'
client 2024-01-31 04:39:16,542 [INFO] Got response: '1706675956.5375166'
client 2024-01-31 04:39:16,542 [INFO] The time difference between the client and the server is within range 1.323 ms..4.878 ms
client 2024-01-31 04:39:16,547 [INFO] Copying loadgen logs from '/home/arjun/results_dir/valid_results/orin-tflite_cpp-cpu-tflite-vmaster-with_live_preprocessing/mobilenet-v2-precision_float-0.35-192/singlestream/performance/run_1' to '/home/arjun/results_dir/valid_results/orin-tflite_cpp-cpu-tflite-vmaster-with_live_preprocessing/mobilenet-v2-precision_float-0.35-192/singlestream/performance/tmp_power/run_1'
client 2024-01-31 04:39:16,549 [INFO] Done runs
