client 2024-02-04 00:17:14,223 [INFO] Creating output directory '/home/arjun/results_dir/valid_results/orin-tflite_armnn_cpp-cpu-armnn_tflite-v23.11-using_neon_with_live_preprocessing/mobilenet-v1-precision_float-1.0-192/singlestream/performance/tmp_power'
client 2024-02-04 00:17:14,227 [INFO] Sending command to the server: 'mlcommons/power client v3'
client 2024-02-04 00:17:14,230 [INFO] Got response: 'mlcommons/power server v3'
client 2024-02-04 00:17:14,230 [INFO] Synchronizing with the server and with time.google.com...
client 2024-02-04 00:17:14,276 [INFO] NTP:offset = 0.003 s, delay = 0.020 s 
client 2024-02-04 00:17:14,276 [INFO] Sending command to the server: 'time'
client 2024-02-04 00:17:14,280 [INFO] Got response: '1707005834.2834327'
client 2024-02-04 00:17:14,280 [INFO] The time difference between the client and the server is within range -6.471 ms..-2.874 ms
client 2024-02-04 00:17:14,280 [INFO] Sending command to the server: 'new,,7b2b589c-f28d-4f1b-939c-7f4425e4eff8'
client 2024-02-04 00:17:14,284 [INFO] Got response: 'OK 2024-02-04_00-17-14,3aacd9da-deda-4d12-a915-ffe10d4b341e'
client 2024-02-04 00:17:14,284 [INFO] Session id is '2024-02-04_00-17-14'
client 2024-02-04 00:17:14,284 [INFO] Sources: {"sources": {"__init__.py": "da39a3ee5e6b4b0d3255bfef95601890afd80709", "client.py": "33ca4f26368777ac06e01f9567b714a4b8063886", "lib/__init__.py": "da39a3ee5e6b4b0d3255bfef95601890afd80709", "lib/client.py": "ac2aa093c8e8bbc9569b9e2a3471bc64e58a2258", "lib/common.py": "611d8b29633d331eb19c9455ea3b5fa3284ed6df", "lib/external/__init__.py": "da39a3ee5e6b4b0d3255bfef95601890afd80709", "lib/external/ntplib.py": "4da8f970656505a40483206ef2b5d3dd5e81711d", "lib/server.py": "99303c836c683aa9017ec565104e636161d02acb", "lib/source_hashes.py": "60a2e02193209e8d392803326208d5466342da18", "lib/summary.py": "aa92f0a3f975eecd44d3c0cd0236342ccc9f941d", "lib/time_sync.py": "80894ef2389e540781ff78de94db16aa4203a14e", "server.py": "c3f90f2f7eeb4db30727556d0c815ebc89b3d28b", "tests/unit/__init__.py": "da39a3ee5e6b4b0d3255bfef95601890afd80709", "tests/unit/test_server.py": "948c1995d4008bc2aa6c4046a34ffa3858d6d671", "tests/unit/test_source_hashes.py": "00468a2907583c593e6574a1f6b404e4651c221a"}, "modules": {"ptd_client_server.lib.client": "lib/client.py", "ptd_client_server.lib.common": "lib/common.py", "ptd_client_server.lib.external.ntplib": "lib/external/ntplib.py", "ptd_client_server.lib.source_hashes": "lib/source_hashes.py", "ptd_client_server.lib.summary": "lib/summary.py", "ptd_client_server.lib.time_sync": "lib/time_sync.py"}}
client 2024-02-04 00:17:14,284 [INFO] Running workload in ranging mode
client 2024-02-04 00:17:14,284 [INFO] Synchronizing with the server and with time.google.com...
client 2024-02-04 00:17:14,305 [INFO] NTP:offset = 0.003 s, delay = 0.019 s 
client 2024-02-04 00:17:14,305 [INFO] Sending command to the server: 'time'
client 2024-02-04 00:17:14,308 [INFO] Got response: '1707005834.311584'
client 2024-02-04 00:17:14,308 [INFO] The time difference between the client and the server is within range -6.386 ms..-2.992 ms
client 2024-02-04 00:17:14,308 [INFO] Sending command to the server: 'session,2024-02-04_00-17-14,start,ranging'
client 2024-02-04 00:17:42,396 [INFO] Got response: 'OK'
client 2024-02-04 00:17:42,398 [INFO] Sending command to the server: 'time'
client 2024-02-04 00:17:42,402 [INFO] Got response: '1707005862.4060025'
client 2024-02-04 00:17:42,403 [INFO] The time difference between the client and the server is within range -7.172 ms..-2.733 ms
client 2024-02-04 00:17:42,403 [INFO] Running the workload 'CM_MLPERF_RUN_COUNT=$(cat ${CM_RUN_DIR}/count.txt); echo ${CM_MLPERF_RUN_COUNT}; CM_MLPERF_RUN_COUNT=$((CM_MLPERF_RUN_COUNT+1)); echo ${CM_MLPERF_RUN_COUNT} > ${CM_RUN_DIR}/count.txt && if [ ${CM_MLPERF_RUN_COUNT} -eq "1" ]; then export CM_MLPERF_USER_CONF=${CM_MLPERF_RANGING_USER_CONF}; else export CM_MLPERF_USER_CONF=${CM_MLPERF_TESTING_USER_CONF}; fi && /mnt/CM/repos/ctuning@mlcommons-ck/cm-mlops/script/get-lib-armnn/run.out'
client 2024-02-04 00:22:45,497 [INFO] Sending command to the server: 'time'
client 2024-02-04 00:22:45,502 [INFO] Got response: '1707006165.5048838'
client 2024-02-04 00:22:45,502 [INFO] The time difference between the client and the server is within range -7.289 ms..-2.089 ms
client 2024-02-04 00:22:45,503 [INFO] Sending command to the server: 'session,2024-02-04_00-17-14,stop,ranging'
client 2024-02-04 00:22:56,449 [INFO] Got response: 'OK'
client 2024-02-04 00:22:56,451 [INFO] Sending command to the server: 'time'
client 2024-02-04 00:22:56,454 [INFO] Got response: '1707006176.457635'
client 2024-02-04 00:22:56,455 [INFO] The time difference between the client and the server is within range -6.446 ms..-2.697 ms
client 2024-02-04 00:22:56,484 [INFO] Copying loadgen logs from '/home/arjun/results_dir/valid_results/orin-tflite_armnn_cpp-cpu-armnn_tflite-v23.11-using_neon_with_live_preprocessing/mobilenet-v1-precision_float-1.0-192/singlestream/performance/run_1' to '/home/arjun/results_dir/valid_results/orin-tflite_armnn_cpp-cpu-armnn_tflite-v23.11-using_neon_with_live_preprocessing/mobilenet-v1-precision_float-1.0-192/singlestream/performance/tmp_power/ranging'
client 2024-02-04 00:22:56,487 [INFO] Running workload in testing mode
client 2024-02-04 00:22:56,488 [INFO] Synchronizing with the server and with time.google.com...
client 2024-02-04 00:22:56,512 [INFO] NTP:offset = 0.003 s, delay = 0.019 s 
client 2024-02-04 00:22:56,512 [INFO] Sending command to the server: 'time'
client 2024-02-04 00:22:56,515 [INFO] Got response: '1707006176.518963'
client 2024-02-04 00:22:56,516 [INFO] The time difference between the client and the server is within range -6.663 ms..-2.951 ms
client 2024-02-04 00:22:56,516 [INFO] Sending command to the server: 'session,2024-02-04_00-17-14,start,testing'
client 2024-02-04 00:23:09,540 [INFO] Got response: 'OK'
client 2024-02-04 00:23:09,541 [INFO] Sending command to the server: 'time'
client 2024-02-04 00:23:09,544 [INFO] Got response: '1707006189.547883'
client 2024-02-04 00:23:09,545 [INFO] The time difference between the client and the server is within range -6.268 ms..-2.917 ms
client 2024-02-04 00:23:09,545 [INFO] Running the workload 'CM_MLPERF_RUN_COUNT=$(cat ${CM_RUN_DIR}/count.txt); echo ${CM_MLPERF_RUN_COUNT}; CM_MLPERF_RUN_COUNT=$((CM_MLPERF_RUN_COUNT+1)); echo ${CM_MLPERF_RUN_COUNT} > ${CM_RUN_DIR}/count.txt && if [ ${CM_MLPERF_RUN_COUNT} -eq "1" ]; then export CM_MLPERF_USER_CONF=${CM_MLPERF_RANGING_USER_CONF}; else export CM_MLPERF_USER_CONF=${CM_MLPERF_TESTING_USER_CONF}; fi && /mnt/CM/repos/ctuning@mlcommons-ck/cm-mlops/script/get-lib-armnn/run.out'
client 2024-02-04 00:33:14,781 [INFO] Sending command to the server: 'time'
client 2024-02-04 00:33:14,887 [INFO] Got response: '1707006794.88788'
client 2024-02-04 00:33:14,888 [INFO] The time difference between the client and the server is within range -107.049 ms..0.349 ms
client 2024-02-04 00:33:14,888 [INFO] Sending command to the server: 'session,2024-02-04_00-17-14,stop,testing'
client 2024-02-04 00:33:25,591 [INFO] Got response: 'OK'
client 2024-02-04 00:33:25,592 [INFO] Sending command to the server: 'time'
client 2024-02-04 00:33:25,595 [INFO] Got response: '1707006805.5958965'
client 2024-02-04 00:33:25,596 [INFO] The time difference between the client and the server is within range -3.214 ms..0.306 ms
client 2024-02-04 00:33:25,601 [INFO] Copying loadgen logs from '/home/arjun/results_dir/valid_results/orin-tflite_armnn_cpp-cpu-armnn_tflite-v23.11-using_neon_with_live_preprocessing/mobilenet-v1-precision_float-1.0-192/singlestream/performance/run_1' to '/home/arjun/results_dir/valid_results/orin-tflite_armnn_cpp-cpu-armnn_tflite-v23.11-using_neon_with_live_preprocessing/mobilenet-v1-precision_float-1.0-192/singlestream/performance/tmp_power/run_1'
client 2024-02-04 00:33:25,613 [INFO] Done runs
