client 2024-01-28 23:37:57,649 [INFO] Creating output directory '/home/arjun/results_dir/valid_results/orin-tflite_cpp-cpu-tflite-vmaster-default_config/mobilenet-v1-precision_float-0.75-224/singlestream/performance/tmp_power'
client 2024-01-28 23:37:57,653 [INFO] Sending command to the server: 'mlcommons/power client v3'
client 2024-01-28 23:37:57,657 [INFO] Got response: 'mlcommons/power server v3'
client 2024-01-28 23:37:57,657 [INFO] Synchronizing with the server and with time.google.com...
client 2024-01-28 23:37:57,683 [INFO] NTP:offset = -0.003 s, delay = 0.021 s 
client 2024-01-28 23:37:57,684 [INFO] Sending command to the server: 'time'
client 2024-01-28 23:37:57,688 [INFO] Got response: '1706485077.6850874'
client 2024-01-28 23:37:57,688 [INFO] The time difference between the client and the server is within range -1.062 ms..3.415 ms
client 2024-01-28 23:37:57,688 [INFO] Sending command to the server: 'new,,60cc2c5e-623e-4f92-a985-d330b23b6646'
client 2024-01-28 23:37:57,691 [INFO] Got response: 'OK 2024-01-28_23-37-57,9017a296-3f2b-414c-a203-2715817e498f'
client 2024-01-28 23:37:57,692 [INFO] Session id is '2024-01-28_23-37-57'
client 2024-01-28 23:37:57,692 [INFO] Sources: {"sources": {"__init__.py": "da39a3ee5e6b4b0d3255bfef95601890afd80709", "client.py": "33ca4f26368777ac06e01f9567b714a4b8063886", "lib/__init__.py": "da39a3ee5e6b4b0d3255bfef95601890afd80709", "lib/client.py": "ac2aa093c8e8bbc9569b9e2a3471bc64e58a2258", "lib/common.py": "611d8b29633d331eb19c9455ea3b5fa3284ed6df", "lib/external/__init__.py": "da39a3ee5e6b4b0d3255bfef95601890afd80709", "lib/external/ntplib.py": "4da8f970656505a40483206ef2b5d3dd5e81711d", "lib/server.py": "99303c836c683aa9017ec565104e636161d02acb", "lib/source_hashes.py": "60a2e02193209e8d392803326208d5466342da18", "lib/summary.py": "aa92f0a3f975eecd44d3c0cd0236342ccc9f941d", "lib/time_sync.py": "80894ef2389e540781ff78de94db16aa4203a14e", "server.py": "c3f90f2f7eeb4db30727556d0c815ebc89b3d28b", "tests/unit/__init__.py": "da39a3ee5e6b4b0d3255bfef95601890afd80709", "tests/unit/test_server.py": "948c1995d4008bc2aa6c4046a34ffa3858d6d671", "tests/unit/test_source_hashes.py": "00468a2907583c593e6574a1f6b404e4651c221a"}, "modules": {"ptd_client_server.lib.client": "lib/client.py", "ptd_client_server.lib.common": "lib/common.py", "ptd_client_server.lib.external.ntplib": "lib/external/ntplib.py", "ptd_client_server.lib.source_hashes": "lib/source_hashes.py", "ptd_client_server.lib.summary": "lib/summary.py", "ptd_client_server.lib.time_sync": "lib/time_sync.py"}}
client 2024-01-28 23:37:57,692 [INFO] Running workload in ranging mode
client 2024-01-28 23:37:57,692 [INFO] Synchronizing with the server and with time.google.com...
client 2024-01-28 23:37:57,714 [INFO] NTP:offset = -0.003 s, delay = 0.020 s 
client 2024-01-28 23:37:57,714 [INFO] Sending command to the server: 'time'
client 2024-01-28 23:37:57,717 [INFO] Got response: '1706485077.7144895'
client 2024-01-28 23:37:57,717 [INFO] The time difference between the client and the server is within range -0.283 ms..2.608 ms
client 2024-01-28 23:37:57,717 [INFO] Sending command to the server: 'session,2024-01-28_23-37-57,start,ranging'
client 2024-01-28 23:38:25,789 [INFO] Got response: 'OK'
client 2024-01-28 23:38:25,792 [INFO] Sending command to the server: 'time'
client 2024-01-28 23:38:25,796 [INFO] Got response: '1706485105.7935154'
client 2024-01-28 23:38:25,796 [INFO] The time difference between the client and the server is within range -1.296 ms..3.348 ms
client 2024-01-28 23:38:25,797 [INFO] Running the workload 'CM_MLPERF_RUN_COUNT=$(cat ${CM_RUN_DIR}/count.txt); echo ${CM_MLPERF_RUN_COUNT}; CM_MLPERF_RUN_COUNT=$((CM_MLPERF_RUN_COUNT+1)); echo ${CM_MLPERF_RUN_COUNT} > ${CM_RUN_DIR}/count.txt && if [ ${CM_MLPERF_RUN_COUNT} -eq "1" ]; then export CM_MLPERF_USER_CONF=${CM_MLPERF_RANGING_USER_CONF}; else export CM_MLPERF_USER_CONF=${CM_MLPERF_TESTING_USER_CONF}; fi && /mnt/CM/repos/ctuning@mlcommons-ck/cm-mlops/script/benchmark-any-mlperf-inference-implementation/run.out'
client 2024-01-28 23:43:28,849 [INFO] Sending command to the server: 'time'
client 2024-01-28 23:43:28,853 [INFO] Got response: '1706485408.850707'
client 2024-01-28 23:43:28,854 [INFO] The time difference between the client and the server is within range -1.178 ms..3.402 ms
client 2024-01-28 23:43:28,854 [INFO] Sending command to the server: 'session,2024-01-28_23-37-57,stop,ranging'
client 2024-01-28 23:43:39,862 [INFO] Got response: 'OK'
client 2024-01-28 23:43:39,863 [INFO] Sending command to the server: 'time'
client 2024-01-28 23:43:39,866 [INFO] Got response: '1706485419.863766'
client 2024-01-28 23:43:39,866 [INFO] The time difference between the client and the server is within range -0.612 ms..3.139 ms
client 2024-01-28 23:43:39,899 [INFO] Copying loadgen logs from '/home/arjun/results_dir/valid_results/orin-tflite_cpp-cpu-tflite-vmaster-default_config/mobilenet-v1-precision_float-0.75-224/singlestream/performance/run_1' to '/home/arjun/results_dir/valid_results/orin-tflite_cpp-cpu-tflite-vmaster-default_config/mobilenet-v1-precision_float-0.75-224/singlestream/performance/tmp_power/ranging'
client 2024-01-28 23:43:39,902 [INFO] Running workload in testing mode
client 2024-01-28 23:43:39,902 [INFO] Synchronizing with the server and with time.google.com...
client 2024-01-28 23:43:39,930 [INFO] NTP:offset = -0.004 s, delay = 0.023 s 
client 2024-01-28 23:43:39,930 [INFO] Sending command to the server: 'time'
client 2024-01-28 23:43:39,934 [INFO] Got response: '1706485419.9312263'
client 2024-01-28 23:43:39,934 [INFO] The time difference between the client and the server is within range -0.428 ms..3.237 ms
client 2024-01-28 23:43:39,934 [INFO] Sending command to the server: 'session,2024-01-28_23-37-57,start,testing'
client 2024-01-28 23:43:52,952 [INFO] Got response: 'OK'
client 2024-01-28 23:43:52,953 [INFO] Sending command to the server: 'time'
client 2024-01-28 23:43:52,959 [INFO] Got response: '1706485432.9537244'
client 2024-01-28 23:43:52,959 [INFO] The time difference between the client and the server is within range -0.587 ms..6.154 ms
client 2024-01-28 23:43:52,960 [INFO] Running the workload 'CM_MLPERF_RUN_COUNT=$(cat ${CM_RUN_DIR}/count.txt); echo ${CM_MLPERF_RUN_COUNT}; CM_MLPERF_RUN_COUNT=$((CM_MLPERF_RUN_COUNT+1)); echo ${CM_MLPERF_RUN_COUNT} > ${CM_RUN_DIR}/count.txt && if [ ${CM_MLPERF_RUN_COUNT} -eq "1" ]; then export CM_MLPERF_USER_CONF=${CM_MLPERF_RANGING_USER_CONF}; else export CM_MLPERF_USER_CONF=${CM_MLPERF_TESTING_USER_CONF}; fi && /mnt/CM/repos/ctuning@mlcommons-ck/cm-mlops/script/benchmark-any-mlperf-inference-implementation/run.out'
client 2024-01-28 23:53:57,999 [INFO] Sending command to the server: 'time'
client 2024-01-28 23:53:58,003 [INFO] Got response: '1706486038.0006483'
client 2024-01-28 23:53:58,004 [INFO] The time difference between the client and the server is within range -1.197 ms..3.435 ms
client 2024-01-28 23:53:58,004 [INFO] Sending command to the server: 'session,2024-01-28_23-37-57,stop,testing'
client 2024-01-28 23:54:09,009 [INFO] Got response: 'OK'
client 2024-01-28 23:54:09,010 [INFO] Sending command to the server: 'time'
client 2024-01-28 23:54:09,013 [INFO] Got response: '1706486049.0101955'
client 2024-01-28 23:54:09,014 [INFO] The time difference between the client and the server is within range -0.085 ms..3.911 ms
client 2024-01-28 23:54:09,018 [INFO] Copying loadgen logs from '/home/arjun/results_dir/valid_results/orin-tflite_cpp-cpu-tflite-vmaster-default_config/mobilenet-v1-precision_float-0.75-224/singlestream/performance/run_1' to '/home/arjun/results_dir/valid_results/orin-tflite_cpp-cpu-tflite-vmaster-default_config/mobilenet-v1-precision_float-0.75-224/singlestream/performance/tmp_power/run_1'
client 2024-01-28 23:54:09,021 [INFO] Done runs
