client 2024-02-21 13:33:36,455 [INFO] Creating output directory '/home/arjun/results_dir/valid_results/phoenix_Amd_Am5-reference-cpu-deepsparse-vdefault-default_config/bert-large-pruned80_quant-none-vnni-bert-99/offline/performance/tmp_power'
client 2024-02-21 13:33:36,463 [INFO] Sending command to the server: 'mlcommons/power client v3'
client 2024-02-21 13:33:36,473 [INFO] Got response: 'mlcommons/power server v3'
client 2024-02-21 13:33:36,473 [INFO] Synchronizing with the server and with time.google.com...
client 2024-02-21 13:33:36,519 [INFO] NTP:offset = -0.000 s, delay = 0.044 s 
client 2024-02-21 13:33:36,519 [INFO] Sending command to the server: 'time'
client 2024-02-21 13:33:36,528 [INFO] Got response: '1708522416.371605'
client 2024-02-21 13:33:36,528 [INFO] The time difference between the client and the server is within range 147.799 ms..157.038 ms
client 2024-02-21 13:33:36,528 [INFO] Sending command to the server: 'new,,ccbc1404-94ac-4374-b45b-114ea7e464f0'
client 2024-02-21 13:33:36,539 [INFO] Got response: 'OK 2024-02-21_13-33-36,c9715ead-3082-4430-99d9-532cef82ac96'
client 2024-02-21 13:33:36,540 [INFO] Session id is '2024-02-21_13-33-36'
client 2024-02-21 13:33:36,540 [INFO] Sources: {"sources": {"__init__.py": "da39a3ee5e6b4b0d3255bfef95601890afd80709", "client.py": "33ca4f26368777ac06e01f9567b714a4b8063886", "lib/__init__.py": "da39a3ee5e6b4b0d3255bfef95601890afd80709", "lib/client.py": "ac2aa093c8e8bbc9569b9e2a3471bc64e58a2258", "lib/common.py": "611d8b29633d331eb19c9455ea3b5fa3284ed6df", "lib/external/__init__.py": "da39a3ee5e6b4b0d3255bfef95601890afd80709", "lib/external/ntplib.py": "4da8f970656505a40483206ef2b5d3dd5e81711d", "lib/server.py": "99303c836c683aa9017ec565104e636161d02acb", "lib/source_hashes.py": "60a2e02193209e8d392803326208d5466342da18", "lib/summary.py": "aa92f0a3f975eecd44d3c0cd0236342ccc9f941d", "lib/time_sync.py": "80894ef2389e540781ff78de94db16aa4203a14e", "server.py": "c3f90f2f7eeb4db30727556d0c815ebc89b3d28b", "tests/unit/__init__.py": "da39a3ee5e6b4b0d3255bfef95601890afd80709", "tests/unit/test_server.py": "948c1995d4008bc2aa6c4046a34ffa3858d6d671", "tests/unit/test_source_hashes.py": "00468a2907583c593e6574a1f6b404e4651c221a"}, "modules": {"ptd_client_server.lib.client": "lib/client.py", "ptd_client_server.lib.common": "lib/common.py", "ptd_client_server.lib.external.ntplib": "lib/external/ntplib.py", "ptd_client_server.lib.source_hashes": "lib/source_hashes.py", "ptd_client_server.lib.summary": "lib/summary.py", "ptd_client_server.lib.time_sync": "lib/time_sync.py"}}
client 2024-02-21 13:33:36,540 [INFO] Running workload in ranging mode
client 2024-02-21 13:33:36,540 [INFO] Synchronizing with the server and with time.google.com...
client 2024-02-21 13:33:36,563 [INFO] NTP:offset = 0.001 s, delay = 0.023 s 
client 2024-02-21 13:33:36,563 [INFO] Sending command to the server: 'time'
client 2024-02-21 13:33:36,571 [INFO] Got response: '1708522416.411599'
client 2024-02-21 13:33:36,571 [INFO] The time difference between the client and the server is within range 151.947 ms..160.364 ms
client 2024-02-21 13:33:36,571 [INFO] Sending command to the server: 'session,2024-02-21_13-33-36,start,ranging'
client 2024-02-21 13:34:00,502 [INFO] Got response: 'OK'
client 2024-02-21 13:34:00,502 [INFO] Sending command to the server: 'time'
client 2024-02-21 13:34:00,511 [INFO] Got response: '1708522440.3518953'
client 2024-02-21 13:34:00,511 [INFO] The time difference between the client and the server is within range 150.362 ms..159.952 ms
client 2024-02-21 13:34:00,511 [INFO] Running the workload 'CM_MLPERF_RUN_COUNT=$(cat ${CM_RUN_DIR}/count.txt); echo ${CM_MLPERF_RUN_COUNT}; CM_MLPERF_RUN_COUNT=$((CM_MLPERF_RUN_COUNT+1)); echo ${CM_MLPERF_RUN_COUNT} > ${CM_RUN_DIR}/count.txt && if [ ${CM_MLPERF_RUN_COUNT} -eq "1" ]; then export CM_MLPERF_USER_CONF=${CM_MLPERF_RANGING_USER_CONF}; else export CM_MLPERF_USER_CONF=${CM_MLPERF_TESTING_USER_CONF}; fi && /usr/bin/python3 run.py --backend=deepsparse --scenario=Offline --mlperf_conf "/home/arjun/CM/repos/local/cache/b5386651b8ab4bd4/inference/mlperf.conf" --user_conf "${CM_MLPERF_USER_CONF}" --quantized --batch_size=128 --model_path=/home/arjun/.cache/sparsezoo/fac19d9e-b489-450b-b077-f1d6a2a68735/model.onnx 2>&1 | tee /home/arjun/results_dir/valid_results/phoenix_Amd_Am5-reference-cpu-deepsparse-vdefault-default_config/bert-large-pruned80_quant-none-vnni-bert-99/offline/performance/run_1/console.out'
client 2024-02-21 13:41:48,654 [INFO] Sending command to the server: 'time'
client 2024-02-21 13:41:48,664 [INFO] Got response: '1708522908.4953156'
client 2024-02-21 13:41:48,664 [INFO] The time difference between the client and the server is within range 158.764 ms..169.532 ms
client 2024-02-21 13:41:48,664 [INFO] Sending command to the server: 'session,2024-02-21_13-33-36,stop,ranging'
client 2024-02-21 13:41:59,888 [INFO] Got response: 'OK'
client 2024-02-21 13:41:59,888 [INFO] Sending command to the server: 'time'
client 2024-02-21 13:41:59,900 [INFO] Got response: '1708522919.735268'
client 2024-02-21 13:41:59,900 [INFO] The time difference between the client and the server is within range 153.644 ms..165.187 ms
client 2024-02-21 13:41:59,902 [INFO] Copying loadgen logs from '/home/arjun/results_dir/valid_results/phoenix_Amd_Am5-reference-cpu-deepsparse-vdefault-default_config/bert-large-pruned80_quant-none-vnni-bert-99/offline/performance/run_1' to '/home/arjun/results_dir/valid_results/phoenix_Amd_Am5-reference-cpu-deepsparse-vdefault-default_config/bert-large-pruned80_quant-none-vnni-bert-99/offline/performance/tmp_power/ranging'
client 2024-02-21 13:41:59,902 [INFO] Running workload in testing mode
client 2024-02-21 13:41:59,902 [INFO] Synchronizing with the server and with time.google.com...
client 2024-02-21 13:41:59,929 [INFO] NTP:offset = 0.000 s, delay = 0.027 s 
client 2024-02-21 13:41:59,930 [INFO] Sending command to the server: 'time'
client 2024-02-21 13:42:00,001 [INFO] Got response: '1708522919.8352838'
client 2024-02-21 13:42:00,001 [INFO] The time difference between the client and the server is within range 94.733 ms..166.124 ms
client 2024-02-21 13:42:00,001 [INFO] Sending command to the server: 'session,2024-02-21_13-33-36,start,testing'
client 2024-02-21 13:42:13,072 [INFO] Got response: 'OK'
client 2024-02-21 13:42:13,073 [INFO] Sending command to the server: 'time'
client 2024-02-21 13:42:13,082 [INFO] Got response: '1708522932.9154887'
client 2024-02-21 13:42:13,082 [INFO] The time difference between the client and the server is within range 157.553 ms..167.144 ms
client 2024-02-21 13:42:13,082 [INFO] Running the workload 'CM_MLPERF_RUN_COUNT=$(cat ${CM_RUN_DIR}/count.txt); echo ${CM_MLPERF_RUN_COUNT}; CM_MLPERF_RUN_COUNT=$((CM_MLPERF_RUN_COUNT+1)); echo ${CM_MLPERF_RUN_COUNT} > ${CM_RUN_DIR}/count.txt && if [ ${CM_MLPERF_RUN_COUNT} -eq "1" ]; then export CM_MLPERF_USER_CONF=${CM_MLPERF_RANGING_USER_CONF}; else export CM_MLPERF_USER_CONF=${CM_MLPERF_TESTING_USER_CONF}; fi && /usr/bin/python3 run.py --backend=deepsparse --scenario=Offline --mlperf_conf "/home/arjun/CM/repos/local/cache/b5386651b8ab4bd4/inference/mlperf.conf" --user_conf "${CM_MLPERF_USER_CONF}" --quantized --batch_size=128 --model_path=/home/arjun/.cache/sparsezoo/fac19d9e-b489-450b-b077-f1d6a2a68735/model.onnx 2>&1 | tee /home/arjun/results_dir/valid_results/phoenix_Amd_Am5-reference-cpu-deepsparse-vdefault-default_config/bert-large-pruned80_quant-none-vnni-bert-99/offline/performance/run_1/console.out'
client 2024-02-21 13:56:27,191 [INFO] Sending command to the server: 'time'
client 2024-02-21 13:56:27,202 [INFO] Got response: '1708523787.0231068'
client 2024-02-21 13:56:27,202 [INFO] The time difference between the client and the server is within range 168.664 ms..179.348 ms
client 2024-02-21 13:56:27,202 [INFO] Sending command to the server: 'session,2024-02-21_13-33-36,stop,testing'
client 2024-02-21 13:56:38,128 [INFO] Got response: 'OK'
client 2024-02-21 13:56:38,128 [INFO] Sending command to the server: 'time'
client 2024-02-21 13:56:38,139 [INFO] Got response: '1708523797.9530015'
client 2024-02-21 13:56:38,139 [INFO] The time difference between the client and the server is within range 175.579 ms..186.614 ms
client 2024-02-21 13:56:38,140 [INFO] Copying loadgen logs from '/home/arjun/results_dir/valid_results/phoenix_Amd_Am5-reference-cpu-deepsparse-vdefault-default_config/bert-large-pruned80_quant-none-vnni-bert-99/offline/performance/run_1' to '/home/arjun/results_dir/valid_results/phoenix_Amd_Am5-reference-cpu-deepsparse-vdefault-default_config/bert-large-pruned80_quant-none-vnni-bert-99/offline/performance/tmp_power/run_1'
client 2024-02-21 13:56:38,140 [INFO] Done runs
