client 2024-01-29 13:58:45,919 [INFO] Creating output directory '/home/arjun/results_dir/valid_results/orin-tflite_cpp-cpu-tflite-vmaster-default_config/mobilenet-v2-precision_float-0.35-160/singlestream/performance/tmp_power'
client 2024-01-29 13:58:45,923 [INFO] Sending command to the server: 'mlcommons/power client v3'
client 2024-01-29 13:58:45,927 [INFO] Got response: 'mlcommons/power server v3'
client 2024-01-29 13:58:45,927 [INFO] Synchronizing with the server and with time.google.com...
client 2024-01-29 13:58:45,953 [INFO] NTP:offset = -0.004 s, delay = 0.021 s 
client 2024-01-29 13:58:45,953 [INFO] Sending command to the server: 'time'
client 2024-01-29 13:58:45,957 [INFO] Got response: '1706536725.9535122'
client 2024-01-29 13:58:45,957 [INFO] The time difference between the client and the server is within range -0.089 ms..4.169 ms
client 2024-01-29 13:58:45,957 [INFO] Sending command to the server: 'new,,7f1df0e3-ea72-44b1-b3aa-2f772a8e807c'
client 2024-01-29 13:58:45,961 [INFO] Got response: 'OK 2024-01-29_13-58-45,0cd27a5b-2e3c-4750-b26a-a800ce5b9d41'
client 2024-01-29 13:58:45,961 [INFO] Session id is '2024-01-29_13-58-45'
client 2024-01-29 13:58:45,961 [INFO] Sources: {"sources": {"__init__.py": "da39a3ee5e6b4b0d3255bfef95601890afd80709", "client.py": "33ca4f26368777ac06e01f9567b714a4b8063886", "lib/__init__.py": "da39a3ee5e6b4b0d3255bfef95601890afd80709", "lib/client.py": "ac2aa093c8e8bbc9569b9e2a3471bc64e58a2258", "lib/common.py": "611d8b29633d331eb19c9455ea3b5fa3284ed6df", "lib/external/__init__.py": "da39a3ee5e6b4b0d3255bfef95601890afd80709", "lib/external/ntplib.py": "4da8f970656505a40483206ef2b5d3dd5e81711d", "lib/server.py": "99303c836c683aa9017ec565104e636161d02acb", "lib/source_hashes.py": "60a2e02193209e8d392803326208d5466342da18", "lib/summary.py": "aa92f0a3f975eecd44d3c0cd0236342ccc9f941d", "lib/time_sync.py": "80894ef2389e540781ff78de94db16aa4203a14e", "server.py": "c3f90f2f7eeb4db30727556d0c815ebc89b3d28b", "tests/unit/__init__.py": "da39a3ee5e6b4b0d3255bfef95601890afd80709", "tests/unit/test_server.py": "948c1995d4008bc2aa6c4046a34ffa3858d6d671", "tests/unit/test_source_hashes.py": "00468a2907583c593e6574a1f6b404e4651c221a"}, "modules": {"ptd_client_server.lib.client": "lib/client.py", "ptd_client_server.lib.common": "lib/common.py", "ptd_client_server.lib.external.ntplib": "lib/external/ntplib.py", "ptd_client_server.lib.source_hashes": "lib/source_hashes.py", "ptd_client_server.lib.summary": "lib/summary.py", "ptd_client_server.lib.time_sync": "lib/time_sync.py"}}
client 2024-01-29 13:58:45,962 [INFO] Running workload in ranging mode
client 2024-01-29 13:58:45,962 [INFO] Synchronizing with the server and with time.google.com...
client 2024-01-29 13:58:45,984 [INFO] NTP:offset = -0.005 s, delay = 0.021 s 
client 2024-01-29 13:58:45,984 [INFO] Sending command to the server: 'time'
client 2024-01-29 13:58:45,988 [INFO] Got response: '1706536725.9842136'
client 2024-01-29 13:58:45,988 [INFO] The time difference between the client and the server is within range 0.613 ms..4.269 ms
client 2024-01-29 13:58:45,988 [INFO] Sending command to the server: 'session,2024-01-29_13-58-45,start,ranging'
client 2024-01-29 13:59:14,069 [INFO] Got response: 'OK'
client 2024-01-29 13:59:14,072 [INFO] Sending command to the server: 'time'
client 2024-01-29 13:59:14,076 [INFO] Got response: '1706536754.0726948'
client 2024-01-29 13:59:14,077 [INFO] The time difference between the client and the server is within range -0.491 ms..4.493 ms
client 2024-01-29 13:59:14,077 [INFO] Running the workload 'CM_MLPERF_RUN_COUNT=$(cat ${CM_RUN_DIR}/count.txt); echo ${CM_MLPERF_RUN_COUNT}; CM_MLPERF_RUN_COUNT=$((CM_MLPERF_RUN_COUNT+1)); echo ${CM_MLPERF_RUN_COUNT} > ${CM_RUN_DIR}/count.txt && if [ ${CM_MLPERF_RUN_COUNT} -eq "1" ]; then export CM_MLPERF_USER_CONF=${CM_MLPERF_RANGING_USER_CONF}; else export CM_MLPERF_USER_CONF=${CM_MLPERF_TESTING_USER_CONF}; fi && /mnt/CM/repos/ctuning@mlcommons-ck/cm-mlops/script/benchmark-any-mlperf-inference-implementation/run.out'
client 2024-01-29 14:04:16,745 [INFO] Sending command to the server: 'time'
client 2024-01-29 14:04:16,949 [INFO] Got response: '1706537056.9454608'
client 2024-01-29 14:04:16,950 [INFO] The time difference between the client and the server is within range -200.340 ms..4.906 ms
client 2024-01-29 14:04:16,950 [INFO] Sending command to the server: 'session,2024-01-29_13-58-45,stop,ranging'
client 2024-01-29 14:04:27,178 [INFO] Got response: 'OK'
client 2024-01-29 14:04:27,178 [INFO] Sending command to the server: 'time'
client 2024-01-29 14:04:27,181 [INFO] Got response: '1706537067.178298'
client 2024-01-29 14:04:27,182 [INFO] The time difference between the client and the server is within range 0.593 ms..3.949 ms
client 2024-01-29 14:04:27,199 [INFO] Copying loadgen logs from '/home/arjun/results_dir/valid_results/orin-tflite_cpp-cpu-tflite-vmaster-default_config/mobilenet-v2-precision_float-0.35-160/singlestream/performance/run_1' to '/home/arjun/results_dir/valid_results/orin-tflite_cpp-cpu-tflite-vmaster-default_config/mobilenet-v2-precision_float-0.35-160/singlestream/performance/tmp_power/ranging'
client 2024-01-29 14:04:27,202 [INFO] Running workload in testing mode
client 2024-01-29 14:04:27,202 [INFO] Synchronizing with the server and with time.google.com...
client 2024-01-29 14:04:27,230 [INFO] NTP:offset = -0.005 s, delay = 0.023 s 
client 2024-01-29 14:04:27,230 [INFO] Sending command to the server: 'time'
client 2024-01-29 14:04:27,233 [INFO] Got response: '1706537067.2311363'
client 2024-01-29 14:04:27,234 [INFO] The time difference between the client and the server is within range -0.418 ms..3.025 ms
client 2024-01-29 14:04:27,234 [INFO] Sending command to the server: 'session,2024-01-29_13-58-45,start,testing'
client 2024-01-29 14:04:40,259 [INFO] Got response: 'OK'
client 2024-01-29 14:04:40,260 [INFO] Sending command to the server: 'time'
client 2024-01-29 14:04:40,264 [INFO] Got response: '1706537080.2601244'
client 2024-01-29 14:04:40,264 [INFO] The time difference between the client and the server is within range 0.057 ms..4.745 ms
client 2024-01-29 14:04:40,265 [INFO] Running the workload 'CM_MLPERF_RUN_COUNT=$(cat ${CM_RUN_DIR}/count.txt); echo ${CM_MLPERF_RUN_COUNT}; CM_MLPERF_RUN_COUNT=$((CM_MLPERF_RUN_COUNT+1)); echo ${CM_MLPERF_RUN_COUNT} > ${CM_RUN_DIR}/count.txt && if [ ${CM_MLPERF_RUN_COUNT} -eq "1" ]; then export CM_MLPERF_USER_CONF=${CM_MLPERF_RANGING_USER_CONF}; else export CM_MLPERF_USER_CONF=${CM_MLPERF_TESTING_USER_CONF}; fi && /mnt/CM/repos/ctuning@mlcommons-ck/cm-mlops/script/benchmark-any-mlperf-inference-implementation/run.out'
client 2024-01-29 14:14:44,677 [INFO] Sending command to the server: 'time'
client 2024-01-29 14:14:44,682 [INFO] Got response: '1706537684.678292'
client 2024-01-29 14:14:44,682 [INFO] The time difference between the client and the server is within range -0.552 ms..4.261 ms
client 2024-01-29 14:14:44,682 [INFO] Sending command to the server: 'session,2024-01-29_13-58-45,stop,testing'
client 2024-01-29 14:14:55,320 [INFO] Got response: 'OK'
client 2024-01-29 14:14:55,321 [INFO] Sending command to the server: 'time'
client 2024-01-29 14:14:55,324 [INFO] Got response: '1706537695.32068'
client 2024-01-29 14:14:55,324 [INFO] The time difference between the client and the server is within range 0.588 ms..3.963 ms
client 2024-01-29 14:14:55,329 [INFO] Copying loadgen logs from '/home/arjun/results_dir/valid_results/orin-tflite_cpp-cpu-tflite-vmaster-default_config/mobilenet-v2-precision_float-0.35-160/singlestream/performance/run_1' to '/home/arjun/results_dir/valid_results/orin-tflite_cpp-cpu-tflite-vmaster-default_config/mobilenet-v2-precision_float-0.35-160/singlestream/performance/tmp_power/run_1'
client 2024-01-29 14:14:55,332 [INFO] Done runs
