client 2024-01-30 22:00:55,854 [INFO] Creating output directory '/home/arjun/results_dir/valid_results/orin-tflite_cpp-cpu-tflite-vmaster-with_live_preprocessing/mobilenet-v1-precision_float-0.75-160/singlestream/performance/tmp_power'
client 2024-01-30 22:00:56,024 [INFO] Sending command to the server: 'mlcommons/power client v3'
client 2024-01-30 22:00:56,027 [INFO] Got response: 'mlcommons/power server v3'
client 2024-01-30 22:00:56,027 [INFO] Synchronizing with the server and with time.google.com...
client 2024-01-30 22:00:56,058 [INFO] NTP:offset = -0.005 s, delay = 0.022 s 
client 2024-01-30 22:00:56,058 [INFO] Sending command to the server: 'time'
client 2024-01-30 22:00:56,062 [INFO] Got response: '1706652056.053754'
client 2024-01-30 22:00:56,062 [INFO] The time difference between the client and the server is within range 4.764 ms..8.491 ms
client 2024-01-30 22:00:56,062 [INFO] Sending command to the server: 'new,,f1b42213-c678-4b7c-8c9a-df44eba060ad'
client 2024-01-30 22:00:56,066 [INFO] Got response: 'OK 2024-01-30_22-00-56,22d88928-dc1c-4365-8a38-a3414562a6db'
client 2024-01-30 22:00:56,066 [INFO] Session id is '2024-01-30_22-00-56'
client 2024-01-30 22:00:56,066 [INFO] Sources: {"sources": {"__init__.py": "da39a3ee5e6b4b0d3255bfef95601890afd80709", "client.py": "33ca4f26368777ac06e01f9567b714a4b8063886", "lib/__init__.py": "da39a3ee5e6b4b0d3255bfef95601890afd80709", "lib/client.py": "ac2aa093c8e8bbc9569b9e2a3471bc64e58a2258", "lib/common.py": "611d8b29633d331eb19c9455ea3b5fa3284ed6df", "lib/external/__init__.py": "da39a3ee5e6b4b0d3255bfef95601890afd80709", "lib/external/ntplib.py": "4da8f970656505a40483206ef2b5d3dd5e81711d", "lib/server.py": "99303c836c683aa9017ec565104e636161d02acb", "lib/source_hashes.py": "60a2e02193209e8d392803326208d5466342da18", "lib/summary.py": "aa92f0a3f975eecd44d3c0cd0236342ccc9f941d", "lib/time_sync.py": "80894ef2389e540781ff78de94db16aa4203a14e", "server.py": "c3f90f2f7eeb4db30727556d0c815ebc89b3d28b", "tests/unit/__init__.py": "da39a3ee5e6b4b0d3255bfef95601890afd80709", "tests/unit/test_server.py": "948c1995d4008bc2aa6c4046a34ffa3858d6d671", "tests/unit/test_source_hashes.py": "00468a2907583c593e6574a1f6b404e4651c221a"}, "modules": {"ptd_client_server.lib.client": "lib/client.py", "ptd_client_server.lib.common": "lib/common.py", "ptd_client_server.lib.external.ntplib": "lib/external/ntplib.py", "ptd_client_server.lib.source_hashes": "lib/source_hashes.py", "ptd_client_server.lib.summary": "lib/summary.py", "ptd_client_server.lib.time_sync": "lib/time_sync.py"}}
client 2024-01-30 22:00:56,067 [INFO] Running workload in ranging mode
client 2024-01-30 22:00:56,067 [INFO] Synchronizing with the server and with time.google.com...
client 2024-01-30 22:00:56,087 [INFO] NTP:offset = -0.006 s, delay = 0.018 s 
client 2024-01-30 22:00:56,087 [INFO] Sending command to the server: 'time'
client 2024-01-30 22:00:56,091 [INFO] Got response: '1706652056.0830126'
client 2024-01-30 22:00:56,091 [INFO] The time difference between the client and the server is within range 4.532 ms..8.900 ms
client 2024-01-30 22:00:56,092 [INFO] Sending command to the server: 'session,2024-01-30_22-00-56,start,ranging'
client 2024-01-30 22:01:24,173 [INFO] Got response: 'OK'
client 2024-01-30 22:01:24,176 [INFO] Sending command to the server: 'time'
client 2024-01-30 22:01:24,179 [INFO] Got response: '1706652084.1716664'
client 2024-01-30 22:01:24,180 [INFO] The time difference between the client and the server is within range 4.586 ms..8.411 ms
client 2024-01-30 22:01:24,180 [INFO] Running the workload 'CM_MLPERF_RUN_COUNT=$(cat ${CM_RUN_DIR}/count.txt); echo ${CM_MLPERF_RUN_COUNT}; CM_MLPERF_RUN_COUNT=$((CM_MLPERF_RUN_COUNT+1)); echo ${CM_MLPERF_RUN_COUNT} > ${CM_RUN_DIR}/count.txt && if [ ${CM_MLPERF_RUN_COUNT} -eq "1" ]; then export CM_MLPERF_USER_CONF=${CM_MLPERF_RANGING_USER_CONF}; else export CM_MLPERF_USER_CONF=${CM_MLPERF_TESTING_USER_CONF}; fi && /home/arjun/run.out'
client 2024-01-30 22:06:26,734 [INFO] Sending command to the server: 'time'
client 2024-01-30 22:06:26,739 [INFO] Got response: '1706652386.729781'
client 2024-01-30 22:06:26,739 [INFO] The time difference between the client and the server is within range 4.179 ms..9.649 ms
client 2024-01-30 22:06:26,739 [INFO] Sending command to the server: 'session,2024-01-30_22-00-56,stop,ranging'
client 2024-01-30 22:06:37,310 [INFO] Got response: 'OK'
client 2024-01-30 22:06:37,311 [INFO] Sending command to the server: 'time'
client 2024-01-30 22:06:37,315 [INFO] Got response: '1706652397.3064845'
client 2024-01-30 22:06:37,315 [INFO] The time difference between the client and the server is within range 5.320 ms..9.079 ms
client 2024-01-30 22:06:37,333 [INFO] Copying loadgen logs from '/home/arjun/results_dir/valid_results/orin-tflite_cpp-cpu-tflite-vmaster-with_live_preprocessing/mobilenet-v1-precision_float-0.75-160/singlestream/performance/run_1' to '/home/arjun/results_dir/valid_results/orin-tflite_cpp-cpu-tflite-vmaster-with_live_preprocessing/mobilenet-v1-precision_float-0.75-160/singlestream/performance/tmp_power/ranging'
client 2024-01-30 22:06:37,336 [INFO] Running workload in testing mode
client 2024-01-30 22:06:37,336 [INFO] Synchronizing with the server and with time.google.com...
client 2024-01-30 22:06:37,363 [INFO] NTP:offset = -0.004 s, delay = 0.022 s 
client 2024-01-30 22:06:37,363 [INFO] Sending command to the server: 'time'
client 2024-01-30 22:06:37,367 [INFO] Got response: '1706652397.358634'
client 2024-01-30 22:06:37,367 [INFO] The time difference between the client and the server is within range 5.233 ms..9.068 ms
client 2024-01-30 22:06:37,367 [INFO] Sending command to the server: 'session,2024-01-30_22-00-56,start,testing'
client 2024-01-30 22:06:50,388 [INFO] Got response: 'OK'
client 2024-01-30 22:06:50,389 [INFO] Sending command to the server: 'time'
client 2024-01-30 22:06:50,392 [INFO] Got response: '1706652410.3840976'
client 2024-01-30 22:06:50,392 [INFO] The time difference between the client and the server is within range 5.263 ms..8.654 ms
client 2024-01-30 22:06:50,393 [INFO] Running the workload 'CM_MLPERF_RUN_COUNT=$(cat ${CM_RUN_DIR}/count.txt); echo ${CM_MLPERF_RUN_COUNT}; CM_MLPERF_RUN_COUNT=$((CM_MLPERF_RUN_COUNT+1)); echo ${CM_MLPERF_RUN_COUNT} > ${CM_RUN_DIR}/count.txt && if [ ${CM_MLPERF_RUN_COUNT} -eq "1" ]; then export CM_MLPERF_USER_CONF=${CM_MLPERF_RANGING_USER_CONF}; else export CM_MLPERF_USER_CONF=${CM_MLPERF_TESTING_USER_CONF}; fi && /home/arjun/run.out'
client 2024-01-30 22:16:54,727 [INFO] Sending command to the server: 'time'
client 2024-01-30 22:16:54,806 [INFO] Got response: '1706653014.7960663'
client 2024-01-30 22:16:54,808 [INFO] The time difference between the client and the server is within range -68.436 ms..11.797 ms
client 2024-01-30 22:16:54,808 [INFO] Sending command to the server: 'session,2024-01-30_22-00-56,stop,testing'
client 2024-01-30 22:17:05,451 [INFO] Got response: 'OK'
client 2024-01-30 22:17:05,452 [INFO] Sending command to the server: 'time'
client 2024-01-30 22:17:05,456 [INFO] Got response: '1706653025.4468904'
client 2024-01-30 22:17:05,456 [INFO] The time difference between the client and the server is within range 5.610 ms..9.563 ms
client 2024-01-30 22:17:05,461 [INFO] Copying loadgen logs from '/home/arjun/results_dir/valid_results/orin-tflite_cpp-cpu-tflite-vmaster-with_live_preprocessing/mobilenet-v1-precision_float-0.75-160/singlestream/performance/run_1' to '/home/arjun/results_dir/valid_results/orin-tflite_cpp-cpu-tflite-vmaster-with_live_preprocessing/mobilenet-v1-precision_float-0.75-160/singlestream/performance/tmp_power/run_1'
client 2024-01-30 22:17:05,464 [INFO] Done runs
