Graph file: /home/ubuntu/CM/repos/local/cache/4a70a243c083425e/v3-small_224_1.0_uint8/v3-small_224_1.0_uint8.tflite
Image dir: /home/ubuntu/CM/repos/local/cache/1c2aed75d5234f93
Image list: /home/ubuntu/CM/repos/local/cache/1c2aed75d5234f93/preprocessed_files.txt
Image size: 224
Image channels: 3
Prediction classes: 1000
Result dir: /home/ubuntu/CM/repos/local/cache/a7ccb264d8f442f8/valid_results/ip_172_31_24_206-tflite_cpp-cpu-tflite-vmaster-default_config/mobilenet-v3-precision_uint8-small-224/singlestream/performance/run_1
How many images fit in memory buffer: 1024
Normalize: 1
Subtract mean: 0
Run time preprocessing: 1
Number of Threads: 4
Number of available imagefiles: 50000

Loading graph...
INFO: Created TensorFlow Lite XNNPACK delegate for CPU.
Input tensor dimensions (NHWC): 1*224*224*3
Output tensor dimensions: 1*1001
Path to mlperf.conf : /home/ubuntu/CM/repos/local/cache/ae32b951ac8043bc/inference/mlperf.conf
Path to user.conf : /home/ubuntu/CM/repos/ctuning@mlcommons-ck/cm-mlops/script/generate-mlperf-inference-user-conf/tmp/b1c70e1e0a184532a4cc86a0c7155fea.conf
Model Name: mobilenet
LoadGen Scenario: SingleStream
LoadGen Mode: performance
