client 2024-02-18 05:00:35,798 [INFO] Sending command to the server: 'mlcommons/power client v3'
client 2024-02-18 05:00:35,800 [INFO] Got response: 'mlcommons/power server v3'
client 2024-02-18 05:00:35,800 [INFO] Sending command to the server: 'stop'
client 2024-02-18 05:00:35,802 [INFO] Got response: 'OK'
client 2024-02-18 05:00:35,802 [INFO] Synchronizing with the server and with 100.64.0.18...
client 2024-02-18 05:00:35,806 [INFO] NTP:offset = 0.001 s, delay = 0.001 s 
client 2024-02-18 05:00:35,806 [INFO] Sending command to the server: 'time'
client 2024-02-18 05:00:35,808 [INFO] Got response: '1708232435.6947176'
client 2024-02-18 05:00:35,808 [INFO] The time difference between the client and the server is within range 111.809 ms..113.606 ms
client 2024-02-18 05:00:35,808 [INFO] Sending command to the server: 'new,,3cf207b6-9165-41bf-a856-71e3eef138f2'
client 2024-02-18 05:00:35,820 [INFO] Got response: 'OK 2024-02-18_05-00-35,b1d2c6c3-0e6b-49cc-b670-b9fe8cf4da6b'
client 2024-02-18 05:00:35,820 [INFO] Session id is '2024-02-18_05-00-35'
client 2024-02-18 05:00:35,820 [INFO] Sources: {"sources": {"__init__.py": "da39a3ee5e6b4b0d3255bfef95601890afd80709", "client.py": "33ca4f26368777ac06e01f9567b714a4b8063886", "lib/__init__.py": "da39a3ee5e6b4b0d3255bfef95601890afd80709", "lib/client.py": "ac2aa093c8e8bbc9569b9e2a3471bc64e58a2258", "lib/common.py": "611d8b29633d331eb19c9455ea3b5fa3284ed6df", "lib/external/__init__.py": "da39a3ee5e6b4b0d3255bfef95601890afd80709", "lib/external/ntplib.py": "4da8f970656505a40483206ef2b5d3dd5e81711d", "lib/server.py": "99303c836c683aa9017ec565104e636161d02acb", "lib/source_hashes.py": "60a2e02193209e8d392803326208d5466342da18", "lib/summary.py": "aa92f0a3f975eecd44d3c0cd0236342ccc9f941d", "lib/time_sync.py": "80894ef2389e540781ff78de94db16aa4203a14e", "server.py": "c3f90f2f7eeb4db30727556d0c815ebc89b3d28b", "tests/unit/__init__.py": "da39a3ee5e6b4b0d3255bfef95601890afd80709", "tests/unit/test_server.py": "948c1995d4008bc2aa6c4046a34ffa3858d6d671", "tests/unit/test_source_hashes.py": "00468a2907583c593e6574a1f6b404e4651c221a"}, "modules": {"ptd_client_server.lib.client": "lib/client.py", "ptd_client_server.lib.common": "lib/common.py", "ptd_client_server.lib.external.ntplib": "lib/external/ntplib.py", "ptd_client_server.lib.source_hashes": "lib/source_hashes.py", "ptd_client_server.lib.summary": "lib/summary.py", "ptd_client_server.lib.time_sync": "lib/time_sync.py"}}
client 2024-02-18 05:00:35,821 [INFO] Running workload in ranging mode
client 2024-02-18 05:00:35,821 [INFO] Synchronizing with the server and with 100.64.0.18...
client 2024-02-18 05:00:35,823 [INFO] NTP:offset = 0.001 s, delay = 0.001 s 
client 2024-02-18 05:00:35,823 [INFO] Sending command to the server: 'time'
client 2024-02-18 05:00:35,825 [INFO] Got response: '1708232435.7147188'
client 2024-02-18 05:00:35,825 [INFO] The time difference between the client and the server is within range 108.808 ms..111.103 ms
client 2024-02-18 05:00:35,825 [INFO] Sending command to the server: 'session,2024-02-18_05-00-35,start,ranging'
client 2024-02-18 05:00:59,709 [INFO] Got response: 'OK'
client 2024-02-18 05:00:59,710 [INFO] Sending command to the server: 'time'
client 2024-02-18 05:00:59,713 [INFO] Got response: '1708232459.6062975'
client 2024-02-18 05:00:59,714 [INFO] The time difference between the client and the server is within range 103.822 ms..107.797 ms
client 2024-02-18 05:00:59,714 [INFO] Running the workload 'LOG_DIR=/work/build/power_logs_temp python3.8 -m code.main --benchmarks=3d-unet --scenarios=SingleStream --config_ver=high_accuracy_maxq --action="run_harness" \\\n\t\t2>&1 | tee -a /work/build/power_logs/2024.02.18-04.59.49/stdout.txt \\\n\t\t&& if [ ! -d /work/build/power_logs/2024.02.18-04.59.49/ranging_tmp ]; \\\n\t\t\tthen mkdir /work/build/power_logs/2024.02.18-04.59.49/ranging_tmp \\\n\t\t\t\t&& mv /work/build/power_logs_temp/* /work/build/power_logs/2024.02.18-04.59.49/ranging_tmp/ \\\n\t\t\t\t&& cp -v /work/build/power_logs/2024.02.18-04.59.49/ranging_tmp/*/*/*/mlperf_log_detail.txt /work/build/power_logs_temp/ \\\n\t\t\t\t&& cp -v /work/build/power_logs/2024.02.18-04.59.49/ranging_tmp/*/*/*/mlperf_log_summary.txt /work/build/power_logs_temp/; \\\n\t\t\telse mkdir /work/build/power_logs/2024.02.18-04.59.49/testing_tmp \\\n\t\t\t\t&& mv /work/build/power_logs_temp/* /work/build/power_logs/2024.02.18-04.59.49/testing_tmp/ \\\n\t\t\t\t&& cp -v /work/build/power_logs/2024.02.18-04.59.49/testing_tmp/*/*/*/mlperf_log_detail.txt /work/build/power_logs_temp/ \\\n\t\t\t\t&& cp -v /work/build/power_logs/2024.02.18-04.59.49/testing_tmp/*/*/*/mlperf_log_summary.txt /work/build/power_logs_temp/; fi'
client 2024-02-18 05:34:00,943 [INFO] Sending command to the server: 'time'
client 2024-02-18 05:34:00,948 [INFO] Got response: '1708234440.8218625'
client 2024-02-18 05:34:00,948 [INFO] The time difference between the client and the server is within range 121.410 ms..126.939 ms
client 2024-02-18 05:34:00,948 [INFO] Sending command to the server: 'session,2024-02-18_05-00-35,stop,ranging'
client 2024-02-18 05:34:11,927 [INFO] Got response: 'OK'
client 2024-02-18 05:34:11,927 [INFO] Sending command to the server: 'time'
client 2024-02-18 05:34:11,930 [INFO] Got response: '1708234451.7988722'
client 2024-02-18 05:34:11,930 [INFO] The time difference between the client and the server is within range 128.753 ms..131.370 ms
client 2024-02-18 05:34:11,937 [INFO] Copying loadgen logs from '/work/build/power_logs_temp' to '/work/build/power_logs/2024.02.18-04.59.49/2024-02-18_05-00-35/ranging'
client 2024-02-18 05:34:11,937 [INFO] Running workload in testing mode
client 2024-02-18 05:34:11,938 [INFO] Synchronizing with the server and with 100.64.0.18...
client 2024-02-18 05:34:11,939 [INFO] NTP:offset = -0.000 s, delay = 0.001 s 
client 2024-02-18 05:34:11,939 [INFO] Sending command to the server: 'time'
client 2024-02-18 05:34:11,941 [INFO] Got response: '1708234451.8089614'
client 2024-02-18 05:34:11,941 [INFO] The time difference between the client and the server is within range 130.417 ms..133.002 ms
client 2024-02-18 05:34:11,942 [INFO] Sending command to the server: 'session,2024-02-18_05-00-35,start,testing'
client 2024-02-18 05:34:24,999 [INFO] Got response: 'OK'
client 2024-02-18 05:34:25,000 [INFO] Sending command to the server: 'time'
client 2024-02-18 05:34:25,004 [INFO] Got response: '1708234464.878272'
client 2024-02-18 05:34:25,004 [INFO] The time difference between the client and the server is within range 121.727 ms..125.982 ms
client 2024-02-18 05:34:25,004 [INFO] Running the workload 'LOG_DIR=/work/build/power_logs_temp python3.8 -m code.main --benchmarks=3d-unet --scenarios=SingleStream --config_ver=high_accuracy_maxq --action="run_harness" \\\n\t\t2>&1 | tee -a /work/build/power_logs/2024.02.18-04.59.49/stdout.txt \\\n\t\t&& if [ ! -d /work/build/power_logs/2024.02.18-04.59.49/ranging_tmp ]; \\\n\t\t\tthen mkdir /work/build/power_logs/2024.02.18-04.59.49/ranging_tmp \\\n\t\t\t\t&& mv /work/build/power_logs_temp/* /work/build/power_logs/2024.02.18-04.59.49/ranging_tmp/ \\\n\t\t\t\t&& cp -v /work/build/power_logs/2024.02.18-04.59.49/ranging_tmp/*/*/*/mlperf_log_detail.txt /work/build/power_logs_temp/ \\\n\t\t\t\t&& cp -v /work/build/power_logs/2024.02.18-04.59.49/ranging_tmp/*/*/*/mlperf_log_summary.txt /work/build/power_logs_temp/; \\\n\t\t\telse mkdir /work/build/power_logs/2024.02.18-04.59.49/testing_tmp \\\n\t\t\t\t&& mv /work/build/power_logs_temp/* /work/build/power_logs/2024.02.18-04.59.49/testing_tmp/ \\\n\t\t\t\t&& cp -v /work/build/power_logs/2024.02.18-04.59.49/testing_tmp/*/*/*/mlperf_log_detail.txt /work/build/power_logs_temp/ \\\n\t\t\t\t&& cp -v /work/build/power_logs/2024.02.18-04.59.49/testing_tmp/*/*/*/mlperf_log_summary.txt /work/build/power_logs_temp/; fi'
client 2024-02-18 06:07:32,699 [INFO] Sending command to the server: 'time'
client 2024-02-18 06:07:32,704 [INFO] Got response: '1708236452.5571904'
client 2024-02-18 06:07:32,704 [INFO] The time difference between the client and the server is within range 141.796 ms..147.482 ms
client 2024-02-18 06:07:32,704 [INFO] Sending command to the server: 'session,2024-02-18_05-00-35,stop,testing'
client 2024-02-18 06:07:43,152 [INFO] Got response: 'OK'
client 2024-02-18 06:07:43,152 [INFO] Sending command to the server: 'time'
client 2024-02-18 06:07:43,155 [INFO] Got response: '1708236463.017547'
client 2024-02-18 06:07:43,155 [INFO] The time difference between the client and the server is within range 135.303 ms..137.742 ms
client 2024-02-18 06:07:43,157 [INFO] Copying loadgen logs from '/work/build/power_logs_temp' to '/work/build/power_logs/2024.02.18-04.59.49/2024-02-18_05-00-35/run_1'
client 2024-02-18 06:07:43,157 [INFO] Done runs
