client 2024-01-26 12:40:50,035 [INFO] Creating output directory '/home/krai/work_collection/experiments_submission/generated_by_power_measurement_on_run_bb58ebb7735d4e379334adf2b6cc4d16/power_logs'
client 2024-01-26 12:40:50,036 [INFO] Sending command to the server: 'mlcommons/power client v3'
client 2024-01-26 12:40:50,037 [INFO] Got response: 'mlcommons/power server v3'
client 2024-01-26 12:40:50,037 [INFO] Synchronizing with the server and with time.google.com...
client 2024-01-26 12:40:50,110 [INFO] NTP:offset = -0.000 s, delay = 0.069 s 
client 2024-01-26 12:40:50,110 [INFO] Sending command to the server: 'time'
client 2024-01-26 12:40:50,111 [INFO] Got response: '1706294450.1130474'
client 2024-01-26 12:40:50,111 [INFO] The time difference between the client and the server is within range -2.493 ms..-1.162 ms
client 2024-01-26 12:40:50,111 [INFO] Sending command to the server: 'new,,c9e0a023-70a8-408d-9a49-b3c21779013e'
client 2024-01-26 12:40:50,113 [INFO] Got response: 'OK 2024-01-26_12-40-50,6617dbd1-1a90-4767-9302-5e3a868d3c76'
client 2024-01-26 12:40:50,113 [INFO] Session id is '2024-01-26_12-40-50'
client 2024-01-26 12:40:50,113 [INFO] Sources: {"sources": {"__init__.py": "da39a3ee5e6b4b0d3255bfef95601890afd80709", "client.py": "33ca4f26368777ac06e01f9567b714a4b8063886", "lib/__init__.py": "da39a3ee5e6b4b0d3255bfef95601890afd80709", "lib/client.py": "ac2aa093c8e8bbc9569b9e2a3471bc64e58a2258", "lib/common.py": "611d8b29633d331eb19c9455ea3b5fa3284ed6df", "lib/external/__init__.py": "da39a3ee5e6b4b0d3255bfef95601890afd80709", "lib/external/ntplib.py": "4da8f970656505a40483206ef2b5d3dd5e81711d", "lib/server.py": "99303c836c683aa9017ec565104e636161d02acb", "lib/source_hashes.py": "60a2e02193209e8d392803326208d5466342da18", "lib/summary.py": "aa92f0a3f975eecd44d3c0cd0236342ccc9f941d", "lib/time_sync.py": "80894ef2389e540781ff78de94db16aa4203a14e", "server.py": "c3f90f2f7eeb4db30727556d0c815ebc89b3d28b", "tests/unit/__init__.py": "da39a3ee5e6b4b0d3255bfef95601890afd80709", "tests/unit/test_server.py": "948c1995d4008bc2aa6c4046a34ffa3858d6d671", "tests/unit/test_source_hashes.py": "00468a2907583c593e6574a1f6b404e4651c221a"}, "modules": {"ptd_client_server.lib.client": "lib/client.py", "ptd_client_server.lib.common": "lib/common.py", "ptd_client_server.lib.external.ntplib": "lib/external/ntplib.py", "ptd_client_server.lib.source_hashes": "lib/source_hashes.py", "ptd_client_server.lib.summary": "lib/summary.py", "ptd_client_server.lib.time_sync": "lib/time_sync.py"}}
client 2024-01-26 12:40:50,113 [INFO] Running workload in ranging mode
client 2024-01-26 12:40:50,113 [INFO] Synchronizing with the server and with time.google.com...
client 2024-01-26 12:40:50,195 [INFO] NTP:offset = 0.002 s, delay = 0.081 s 
client 2024-01-26 12:40:50,196 [INFO] Sending command to the server: 'time'
client 2024-01-26 12:40:50,197 [INFO] Got response: '1706294450.1986206'
client 2024-01-26 12:40:50,197 [INFO] The time difference between the client and the server is within range -2.543 ms..-1.085 ms
client 2024-01-26 12:40:50,197 [INFO] Sending command to the server: 'session,2024-01-26_12-40-50,start,ranging'
client 2024-01-26 12:41:19,289 [INFO] Got response: 'OK'
client 2024-01-26 12:41:19,289 [INFO] Sending command to the server: 'time'
client 2024-01-26 12:41:19,290 [INFO] Got response: '1706294479.2922175'
client 2024-01-26 12:41:19,291 [INFO] The time difference between the client and the server is within range -2.278 ms..-1.166 ms
client 2024-01-26 12:41:19,291 [INFO] Running the workload 'axs byquery loadgen_output,task=object_detection,sut_name=r282_q8_pro_edge,model_name=retinanet,framework=kilt,device=qaic,collection_name=experiments_submission,loadgen_mode=PerformanceOnly,loadgen_compliance_test-,loadgen_scenario=MultiStream,_with_power+,symlink_to=/home/krai/work_collection/experiments_submission/generated_by_power_measurement_on_run_bb58ebb7735d4e379334adf2b6cc4d16/last_mlperf_logs,power_client_entrydic_path=/home/krai/work_collection/experiments_submission/generated_by_power_measurement_on_run_bb58ebb7735d4e379334adf2b6cc4d16/program_output.json,effective_no_ranging-'
client 2024-01-26 12:51:48,531 [INFO] Sending command to the server: 'time'
client 2024-01-26 12:51:48,533 [INFO] Got response: '1706295108.5354495'
client 2024-01-26 12:51:48,533 [INFO] The time difference between the client and the server is within range -3.837 ms..-2.186 ms
client 2024-01-26 12:51:48,533 [INFO] Sending command to the server: 'session,2024-01-26_12-40-50,stop,ranging'
client 2024-01-26 12:51:59,358 [INFO] Got response: 'OK'
client 2024-01-26 12:51:59,359 [INFO] Sending command to the server: 'time'
client 2024-01-26 12:51:59,359 [INFO] Got response: '1706295119.3622556'
client 2024-01-26 12:51:59,359 [INFO] The time difference between the client and the server is within range -3.167 ms..-2.396 ms
client 2024-01-26 12:51:59,365 [INFO] Copying loadgen logs from '/home/krai/work_collection/experiments_submission/generated_by_power_measurement_on_run_bb58ebb7735d4e379334adf2b6cc4d16/last_mlperf_logs' to '/home/krai/work_collection/experiments_submission/generated_by_power_measurement_on_run_bb58ebb7735d4e379334adf2b6cc4d16/power_logs/ranging'
client 2024-01-26 12:51:59,365 [INFO] Running workload in testing mode
client 2024-01-26 12:51:59,366 [INFO] Synchronizing with the server and with time.google.com...
client 2024-01-26 12:51:59,447 [INFO] NTP:offset = 0.004 s, delay = 0.081 s 
client 2024-01-26 12:51:59,447 [INFO] Sending command to the server: 'time'
client 2024-01-26 12:51:59,449 [INFO] Got response: '1706295119.4515753'
client 2024-01-26 12:51:59,449 [INFO] The time difference between the client and the server is within range -3.653 ms..-2.251 ms
client 2024-01-26 12:51:59,449 [INFO] Sending command to the server: 'session,2024-01-26_12-40-50,start,testing'
client 2024-01-26 12:52:12,467 [INFO] Got response: 'OK'
client 2024-01-26 12:52:12,467 [INFO] Sending command to the server: 'time'
client 2024-01-26 12:52:12,468 [INFO] Got response: '1706295132.4710205'
client 2024-01-26 12:52:12,468 [INFO] The time difference between the client and the server is within range -3.506 ms..-2.275 ms
client 2024-01-26 12:52:12,468 [INFO] Running the workload 'axs byquery loadgen_output,task=object_detection,sut_name=r282_q8_pro_edge,model_name=retinanet,framework=kilt,device=qaic,collection_name=experiments_submission,loadgen_mode=PerformanceOnly,loadgen_compliance_test-,loadgen_scenario=MultiStream,_with_power+,symlink_to=/home/krai/work_collection/experiments_submission/generated_by_power_measurement_on_run_bb58ebb7735d4e379334adf2b6cc4d16/last_mlperf_logs,power_client_entrydic_path=/home/krai/work_collection/experiments_submission/generated_by_power_measurement_on_run_bb58ebb7735d4e379334adf2b6cc4d16/program_output.json,effective_no_ranging-'
client 2024-01-26 13:02:38,652 [INFO] Sending command to the server: 'time'
client 2024-01-26 13:02:38,654 [INFO] Got response: '1706295758.6576135'
client 2024-01-26 13:02:38,654 [INFO] The time difference between the client and the server is within range -4.910 ms..-3.133 ms
client 2024-01-26 13:02:38,654 [INFO] Sending command to the server: 'session,2024-01-26_12-40-50,stop,testing'
client 2024-01-26 13:02:49,522 [INFO] Got response: 'OK'
client 2024-01-26 13:02:49,523 [INFO] Sending command to the server: 'time'
client 2024-01-26 13:02:49,524 [INFO] Got response: '1706295769.5276415'
client 2024-01-26 13:02:49,524 [INFO] The time difference between the client and the server is within range -4.488 ms..-3.197 ms
client 2024-01-26 13:02:49,525 [INFO] Copying loadgen logs from '/home/krai/work_collection/experiments_submission/generated_by_power_measurement_on_run_bb58ebb7735d4e379334adf2b6cc4d16/last_mlperf_logs' to '/home/krai/work_collection/experiments_submission/generated_by_power_measurement_on_run_bb58ebb7735d4e379334adf2b6cc4d16/power_logs/run_1'
client 2024-01-26 13:02:49,526 [INFO] Done runs
