client 2024-02-01 10:58:12,112 [INFO] Creating output directory '/home/arjun/results_dir/valid_results/orin-tflite_armnn_cpp-cpu-armnn_tflite-v23.05-using_neon_with_live_preprocessing/mobilenet-v2-precision_float-0.5-224/singlestream/performance/tmp_power'
client 2024-02-01 10:58:12,266 [INFO] Sending command to the server: 'mlcommons/power client v3'
client 2024-02-01 10:58:12,269 [INFO] Got response: 'mlcommons/power server v3'
client 2024-02-01 10:58:12,269 [INFO] Synchronizing with the server and with time.google.com...
client 2024-02-01 10:58:12,300 [INFO] NTP:offset = -0.007 s, delay = 0.022 s 
client 2024-02-01 10:58:12,300 [INFO] Sending command to the server: 'time'
client 2024-02-01 10:58:12,303 [INFO] Got response: '1706785092.296574'
client 2024-02-01 10:58:12,303 [INFO] The time difference between the client and the server is within range 3.843 ms..6.994 ms
client 2024-02-01 10:58:12,303 [INFO] Sending command to the server: 'new,,9ebc4045-e5a6-4553-aa21-da84011b29ac'
client 2024-02-01 10:58:12,306 [INFO] Got response: 'OK 2024-02-01_10-58-12,b404125d-bd7f-4afe-9e4b-883d9307aa88'
client 2024-02-01 10:58:12,306 [INFO] Session id is '2024-02-01_10-58-12'
client 2024-02-01 10:58:12,306 [INFO] Sources: {"sources": {"__init__.py": "da39a3ee5e6b4b0d3255bfef95601890afd80709", "client.py": "33ca4f26368777ac06e01f9567b714a4b8063886", "lib/__init__.py": "da39a3ee5e6b4b0d3255bfef95601890afd80709", "lib/client.py": "ac2aa093c8e8bbc9569b9e2a3471bc64e58a2258", "lib/common.py": "611d8b29633d331eb19c9455ea3b5fa3284ed6df", "lib/external/__init__.py": "da39a3ee5e6b4b0d3255bfef95601890afd80709", "lib/external/ntplib.py": "4da8f970656505a40483206ef2b5d3dd5e81711d", "lib/server.py": "99303c836c683aa9017ec565104e636161d02acb", "lib/source_hashes.py": "60a2e02193209e8d392803326208d5466342da18", "lib/summary.py": "aa92f0a3f975eecd44d3c0cd0236342ccc9f941d", "lib/time_sync.py": "80894ef2389e540781ff78de94db16aa4203a14e", "server.py": "c3f90f2f7eeb4db30727556d0c815ebc89b3d28b", "tests/unit/__init__.py": "da39a3ee5e6b4b0d3255bfef95601890afd80709", "tests/unit/test_server.py": "948c1995d4008bc2aa6c4046a34ffa3858d6d671", "tests/unit/test_source_hashes.py": "00468a2907583c593e6574a1f6b404e4651c221a"}, "modules": {"ptd_client_server.lib.client": "lib/client.py", "ptd_client_server.lib.common": "lib/common.py", "ptd_client_server.lib.external.ntplib": "lib/external/ntplib.py", "ptd_client_server.lib.source_hashes": "lib/source_hashes.py", "ptd_client_server.lib.summary": "lib/summary.py", "ptd_client_server.lib.time_sync": "lib/time_sync.py"}}
client 2024-02-01 10:58:12,307 [INFO] Running workload in ranging mode
client 2024-02-01 10:58:12,307 [INFO] Synchronizing with the server and with time.google.com...
client 2024-02-01 10:58:12,330 [INFO] NTP:offset = -0.007 s, delay = 0.021 s 
client 2024-02-01 10:58:12,330 [INFO] Sending command to the server: 'time'
client 2024-02-01 10:58:12,333 [INFO] Got response: '1706785092.3265996'
client 2024-02-01 10:58:12,333 [INFO] The time difference between the client and the server is within range 3.801 ms..7.165 ms
client 2024-02-01 10:58:12,333 [INFO] Sending command to the server: 'session,2024-02-01_10-58-12,start,ranging'
client 2024-02-01 10:58:40,397 [INFO] Got response: 'OK'
client 2024-02-01 10:58:40,400 [INFO] Sending command to the server: 'time'
client 2024-02-01 10:58:40,404 [INFO] Got response: '1706785120.3970122'
client 2024-02-01 10:58:40,404 [INFO] The time difference between the client and the server is within range 3.183 ms..7.585 ms
client 2024-02-01 10:58:40,404 [INFO] Running the workload 'CM_MLPERF_RUN_COUNT=$(cat ${CM_RUN_DIR}/count.txt); echo ${CM_MLPERF_RUN_COUNT}; CM_MLPERF_RUN_COUNT=$((CM_MLPERF_RUN_COUNT+1)); echo ${CM_MLPERF_RUN_COUNT} > ${CM_RUN_DIR}/count.txt && if [ ${CM_MLPERF_RUN_COUNT} -eq "1" ]; then export CM_MLPERF_USER_CONF=${CM_MLPERF_RANGING_USER_CONF}; else export CM_MLPERF_USER_CONF=${CM_MLPERF_TESTING_USER_CONF}; fi && /mnt/CM/repos/ctuning@mlcommons-ck/cm-mlops/script/benchmark-any-mlperf-inference-implementation/run.out'
client 2024-02-01 11:03:43,013 [INFO] Sending command to the server: 'time'
client 2024-02-01 11:03:43,017 [INFO] Got response: '1706785423.0104253'
client 2024-02-01 11:03:43,017 [INFO] The time difference between the client and the server is within range 2.953 ms..7.011 ms
client 2024-02-01 11:03:43,017 [INFO] Sending command to the server: 'session,2024-02-01_10-58-12,stop,ranging'
client 2024-02-01 11:03:53,583 [INFO] Got response: 'OK'
client 2024-02-01 11:03:53,583 [INFO] Sending command to the server: 'time'
client 2024-02-01 11:03:53,587 [INFO] Got response: '1706785433.580802'
client 2024-02-01 11:03:53,588 [INFO] The time difference between the client and the server is within range 3.064 ms..7.368 ms
client 2024-02-01 11:03:53,605 [INFO] Copying loadgen logs from '/home/arjun/results_dir/valid_results/orin-tflite_armnn_cpp-cpu-armnn_tflite-v23.05-using_neon_with_live_preprocessing/mobilenet-v2-precision_float-0.5-224/singlestream/performance/run_1' to '/home/arjun/results_dir/valid_results/orin-tflite_armnn_cpp-cpu-armnn_tflite-v23.05-using_neon_with_live_preprocessing/mobilenet-v2-precision_float-0.5-224/singlestream/performance/tmp_power/ranging'
client 2024-02-01 11:03:53,608 [INFO] Running workload in testing mode
client 2024-02-01 11:03:53,608 [INFO] Synchronizing with the server and with time.google.com...
client 2024-02-01 11:03:53,636 [INFO] NTP:offset = -0.007 s, delay = 0.022 s 
client 2024-02-01 11:03:53,636 [INFO] Sending command to the server: 'time'
client 2024-02-01 11:03:53,639 [INFO] Got response: '1706785433.633189'
client 2024-02-01 11:03:53,640 [INFO] The time difference between the client and the server is within range 3.188 ms..6.907 ms
client 2024-02-01 11:03:53,640 [INFO] Sending command to the server: 'session,2024-02-01_10-58-12,start,testing'
client 2024-02-01 11:04:06,661 [INFO] Got response: 'OK'
client 2024-02-01 11:04:06,661 [INFO] Sending command to the server: 'time'
client 2024-02-01 11:04:06,665 [INFO] Got response: '1706785446.6583798'
client 2024-02-01 11:04:06,665 [INFO] The time difference between the client and the server is within range 3.355 ms..7.506 ms
client 2024-02-01 11:04:06,666 [INFO] Running the workload 'CM_MLPERF_RUN_COUNT=$(cat ${CM_RUN_DIR}/count.txt); echo ${CM_MLPERF_RUN_COUNT}; CM_MLPERF_RUN_COUNT=$((CM_MLPERF_RUN_COUNT+1)); echo ${CM_MLPERF_RUN_COUNT} > ${CM_RUN_DIR}/count.txt && if [ ${CM_MLPERF_RUN_COUNT} -eq "1" ]; then export CM_MLPERF_USER_CONF=${CM_MLPERF_RANGING_USER_CONF}; else export CM_MLPERF_USER_CONF=${CM_MLPERF_TESTING_USER_CONF}; fi && /mnt/CM/repos/ctuning@mlcommons-ck/cm-mlops/script/benchmark-any-mlperf-inference-implementation/run.out'
client 2024-02-01 11:14:11,289 [INFO] Sending command to the server: 'time'
client 2024-02-01 11:14:11,346 [INFO] Got response: '1706786051.3394158'
client 2024-02-01 11:14:11,346 [INFO] The time difference between the client and the server is within range -50.285 ms..7.063 ms
client 2024-02-01 11:14:11,346 [INFO] Sending command to the server: 'session,2024-02-01_10-58-12,stop,testing'
client 2024-02-01 11:14:21,725 [INFO] Got response: 'OK'
client 2024-02-01 11:14:21,726 [INFO] Sending command to the server: 'time'
client 2024-02-01 11:14:21,730 [INFO] Got response: '1706786061.7238307'
client 2024-02-01 11:14:21,730 [INFO] The time difference between the client and the server is within range 2.704 ms..6.689 ms
client 2024-02-01 11:14:21,735 [INFO] Copying loadgen logs from '/home/arjun/results_dir/valid_results/orin-tflite_armnn_cpp-cpu-armnn_tflite-v23.05-using_neon_with_live_preprocessing/mobilenet-v2-precision_float-0.5-224/singlestream/performance/run_1' to '/home/arjun/results_dir/valid_results/orin-tflite_armnn_cpp-cpu-armnn_tflite-v23.05-using_neon_with_live_preprocessing/mobilenet-v2-precision_float-0.5-224/singlestream/performance/tmp_power/run_1'
client 2024-02-01 11:14:21,737 [INFO] Done runs
