client 2024-02-01 15:23:30,647 [INFO] Creating output directory '/home/arjun/results_dir/valid_results/orin-tflite_armnn_cpp-cpu-armnn_tflite-v23.05-using_neon_with_live_preprocessing/mobilenet-v3-precision_float-large-224/singlestream/performance/tmp_power'
client 2024-02-01 15:23:30,650 [INFO] Sending command to the server: 'mlcommons/power client v3'
client 2024-02-01 15:23:30,654 [INFO] Got response: 'mlcommons/power server v3'
client 2024-02-01 15:23:30,654 [INFO] Synchronizing with the server and with time.google.com...
client 2024-02-01 15:23:30,679 [INFO] NTP:offset = -0.006 s, delay = 0.020 s 
client 2024-02-01 15:23:30,679 [INFO] Sending command to the server: 'time'
client 2024-02-01 15:23:30,683 [INFO] Got response: '1706801010.6753132'
client 2024-02-01 15:23:30,683 [INFO] The time difference between the client and the server is within range 4.502 ms..7.826 ms
client 2024-02-01 15:23:30,683 [INFO] Sending command to the server: 'new,,736c8ec7-1b83-4f1a-b4cd-88771882e043'
client 2024-02-01 15:23:30,686 [INFO] Got response: 'OK 2024-02-01_15-23-30,38318b9b-a249-445b-a81e-03f699096b88'
client 2024-02-01 15:23:30,686 [INFO] Session id is '2024-02-01_15-23-30'
client 2024-02-01 15:23:30,686 [INFO] Sources: {"sources": {"__init__.py": "da39a3ee5e6b4b0d3255bfef95601890afd80709", "client.py": "33ca4f26368777ac06e01f9567b714a4b8063886", "lib/__init__.py": "da39a3ee5e6b4b0d3255bfef95601890afd80709", "lib/client.py": "ac2aa093c8e8bbc9569b9e2a3471bc64e58a2258", "lib/common.py": "611d8b29633d331eb19c9455ea3b5fa3284ed6df", "lib/external/__init__.py": "da39a3ee5e6b4b0d3255bfef95601890afd80709", "lib/external/ntplib.py": "4da8f970656505a40483206ef2b5d3dd5e81711d", "lib/server.py": "99303c836c683aa9017ec565104e636161d02acb", "lib/source_hashes.py": "60a2e02193209e8d392803326208d5466342da18", "lib/summary.py": "aa92f0a3f975eecd44d3c0cd0236342ccc9f941d", "lib/time_sync.py": "80894ef2389e540781ff78de94db16aa4203a14e", "server.py": "c3f90f2f7eeb4db30727556d0c815ebc89b3d28b", "tests/unit/__init__.py": "da39a3ee5e6b4b0d3255bfef95601890afd80709", "tests/unit/test_server.py": "948c1995d4008bc2aa6c4046a34ffa3858d6d671", "tests/unit/test_source_hashes.py": "00468a2907583c593e6574a1f6b404e4651c221a"}, "modules": {"ptd_client_server.lib.client": "lib/client.py", "ptd_client_server.lib.common": "lib/common.py", "ptd_client_server.lib.external.ntplib": "lib/external/ntplib.py", "ptd_client_server.lib.source_hashes": "lib/source_hashes.py", "ptd_client_server.lib.summary": "lib/summary.py", "ptd_client_server.lib.time_sync": "lib/time_sync.py"}}
client 2024-02-01 15:23:30,687 [INFO] Running workload in ranging mode
client 2024-02-01 15:23:30,687 [INFO] Synchronizing with the server and with time.google.com...
client 2024-02-01 15:23:30,714 [INFO] NTP:offset = -0.006 s, delay = 0.026 s 
client 2024-02-01 15:23:30,714 [INFO] Sending command to the server: 'time'
client 2024-02-01 15:23:30,718 [INFO] Got response: '1706801010.710577'
client 2024-02-01 15:23:30,719 [INFO] The time difference between the client and the server is within range 4.124 ms..8.465 ms
client 2024-02-01 15:23:30,719 [INFO] Sending command to the server: 'session,2024-02-01_15-23-30,start,ranging'
client 2024-02-01 15:23:58,877 [INFO] Got response: 'OK'
client 2024-02-01 15:23:58,879 [INFO] Sending command to the server: 'time'
client 2024-02-01 15:23:58,883 [INFO] Got response: '1706801038.8754425'
client 2024-02-01 15:23:58,884 [INFO] The time difference between the client and the server is within range 4.307 ms..8.498 ms
client 2024-02-01 15:23:58,884 [INFO] Running the workload 'CM_MLPERF_RUN_COUNT=$(cat ${CM_RUN_DIR}/count.txt); echo ${CM_MLPERF_RUN_COUNT}; CM_MLPERF_RUN_COUNT=$((CM_MLPERF_RUN_COUNT+1)); echo ${CM_MLPERF_RUN_COUNT} > ${CM_RUN_DIR}/count.txt && if [ ${CM_MLPERF_RUN_COUNT} -eq "1" ]; then export CM_MLPERF_USER_CONF=${CM_MLPERF_RANGING_USER_CONF}; else export CM_MLPERF_USER_CONF=${CM_MLPERF_TESTING_USER_CONF}; fi && /mnt/CM/repos/ctuning@mlcommons-ck/cm-mlops/script/benchmark-any-mlperf-inference-implementation/run.out'
client 2024-02-01 15:29:01,605 [INFO] Sending command to the server: 'time'
client 2024-02-01 15:29:01,714 [INFO] Got response: '1706801341.7059422'
client 2024-02-01 15:29:01,714 [INFO] The time difference between the client and the server is within range -100.188 ms..8.968 ms
client 2024-02-01 15:29:01,715 [INFO] Sending command to the server: 'session,2024-02-01_15-23-30,stop,ranging'
client 2024-02-01 15:29:12,070 [INFO] Got response: 'OK'
client 2024-02-01 15:29:12,071 [INFO] Sending command to the server: 'time'
client 2024-02-01 15:29:12,076 [INFO] Got response: '1706801352.067887'
client 2024-02-01 15:29:12,076 [INFO] The time difference between the client and the server is within range 3.975 ms..8.906 ms
client 2024-02-01 15:29:12,094 [INFO] Copying loadgen logs from '/home/arjun/results_dir/valid_results/orin-tflite_armnn_cpp-cpu-armnn_tflite-v23.05-using_neon_with_live_preprocessing/mobilenet-v3-precision_float-large-224/singlestream/performance/run_1' to '/home/arjun/results_dir/valid_results/orin-tflite_armnn_cpp-cpu-armnn_tflite-v23.05-using_neon_with_live_preprocessing/mobilenet-v3-precision_float-large-224/singlestream/performance/tmp_power/ranging'
client 2024-02-01 15:29:12,097 [INFO] Running workload in testing mode
client 2024-02-01 15:29:12,098 [INFO] Synchronizing with the server and with time.google.com...
client 2024-02-01 15:29:12,129 [INFO] NTP:offset = -0.006 s, delay = 0.026 s 
client 2024-02-01 15:29:12,129 [INFO] Sending command to the server: 'time'
client 2024-02-01 15:29:12,132 [INFO] Got response: '1706801352.1247218'
client 2024-02-01 15:29:12,133 [INFO] The time difference between the client and the server is within range 4.957 ms..8.268 ms
client 2024-02-01 15:29:12,133 [INFO] Sending command to the server: 'session,2024-02-01_15-23-30,start,testing'
client 2024-02-01 15:29:25,152 [INFO] Got response: 'OK'
client 2024-02-01 15:29:25,153 [INFO] Sending command to the server: 'time'
client 2024-02-01 15:29:25,155 [INFO] Got response: '1706801365.1479895'
client 2024-02-01 15:29:25,156 [INFO] The time difference between the client and the server is within range 4.965 ms..8.106 ms
client 2024-02-01 15:29:25,156 [INFO] Running the workload 'CM_MLPERF_RUN_COUNT=$(cat ${CM_RUN_DIR}/count.txt); echo ${CM_MLPERF_RUN_COUNT}; CM_MLPERF_RUN_COUNT=$((CM_MLPERF_RUN_COUNT+1)); echo ${CM_MLPERF_RUN_COUNT} > ${CM_RUN_DIR}/count.txt && if [ ${CM_MLPERF_RUN_COUNT} -eq "1" ]; then export CM_MLPERF_USER_CONF=${CM_MLPERF_RANGING_USER_CONF}; else export CM_MLPERF_USER_CONF=${CM_MLPERF_TESTING_USER_CONF}; fi && /mnt/CM/repos/ctuning@mlcommons-ck/cm-mlops/script/benchmark-any-mlperf-inference-implementation/run.out'
client 2024-02-01 15:39:29,792 [INFO] Sending command to the server: 'time'
client 2024-02-01 15:39:29,837 [INFO] Got response: '1706801969.8291268'
client 2024-02-01 15:39:29,838 [INFO] The time difference between the client and the server is within range -36.873 ms..8.855 ms
client 2024-02-01 15:39:29,838 [INFO] Sending command to the server: 'session,2024-02-01_15-23-30,stop,testing'
client 2024-02-01 15:39:40,203 [INFO] Got response: 'OK'
client 2024-02-01 15:39:40,205 [INFO] Sending command to the server: 'time'
client 2024-02-01 15:39:40,209 [INFO] Got response: '1706801980.2000048'
client 2024-02-01 15:39:40,209 [INFO] The time difference between the client and the server is within range 4.977 ms..9.467 ms
client 2024-02-01 15:39:40,214 [INFO] Copying loadgen logs from '/home/arjun/results_dir/valid_results/orin-tflite_armnn_cpp-cpu-armnn_tflite-v23.05-using_neon_with_live_preprocessing/mobilenet-v3-precision_float-large-224/singlestream/performance/run_1' to '/home/arjun/results_dir/valid_results/orin-tflite_armnn_cpp-cpu-armnn_tflite-v23.05-using_neon_with_live_preprocessing/mobilenet-v3-precision_float-large-224/singlestream/performance/tmp_power/run_1'
client 2024-02-01 15:39:40,216 [INFO] Done runs
