client 2024-02-03 23:21:17,082 [INFO] Creating output directory '/home/arjun/results_dir/valid_results/orin-tflite_armnn_cpp-cpu-armnn_tflite-v23.11-using_neon_with_live_preprocessing/mobilenet-v1-precision_float-1.0-224/singlestream/performance/tmp_power'
client 2024-02-03 23:21:17,133 [INFO] Sending command to the server: 'mlcommons/power client v3'
client 2024-02-03 23:21:17,137 [INFO] Got response: 'mlcommons/power server v3'
client 2024-02-03 23:21:17,137 [INFO] Synchronizing with the server and with time.google.com...
client 2024-02-03 23:21:17,201 [INFO] NTP:offset = -0.001 s, delay = 0.020 s 
client 2024-02-03 23:21:17,201 [INFO] Sending command to the server: 'time'
client 2024-02-03 23:21:17,206 [INFO] Got response: '1707002477.2056644'
client 2024-02-03 23:21:17,206 [INFO] The time difference between the client and the server is within range -3.893 ms..0.525 ms
client 2024-02-03 23:21:17,206 [INFO] Sending command to the server: 'new,,1bb4f35b-e0ee-4813-b7de-d224e15b2fc9'
client 2024-02-03 23:21:17,212 [INFO] Got response: 'OK 2024-02-03_23-21-17,df34e5db-27f1-4e0c-97d1-b7cff5a2ec65'
client 2024-02-03 23:21:17,212 [INFO] Session id is '2024-02-03_23-21-17'
client 2024-02-03 23:21:17,212 [INFO] Sources: {"sources": {"__init__.py": "da39a3ee5e6b4b0d3255bfef95601890afd80709", "client.py": "33ca4f26368777ac06e01f9567b714a4b8063886", "lib/__init__.py": "da39a3ee5e6b4b0d3255bfef95601890afd80709", "lib/client.py": "ac2aa093c8e8bbc9569b9e2a3471bc64e58a2258", "lib/common.py": "611d8b29633d331eb19c9455ea3b5fa3284ed6df", "lib/external/__init__.py": "da39a3ee5e6b4b0d3255bfef95601890afd80709", "lib/external/ntplib.py": "4da8f970656505a40483206ef2b5d3dd5e81711d", "lib/server.py": "99303c836c683aa9017ec565104e636161d02acb", "lib/source_hashes.py": "60a2e02193209e8d392803326208d5466342da18", "lib/summary.py": "aa92f0a3f975eecd44d3c0cd0236342ccc9f941d", "lib/time_sync.py": "80894ef2389e540781ff78de94db16aa4203a14e", "server.py": "c3f90f2f7eeb4db30727556d0c815ebc89b3d28b", "tests/unit/__init__.py": "da39a3ee5e6b4b0d3255bfef95601890afd80709", "tests/unit/test_server.py": "948c1995d4008bc2aa6c4046a34ffa3858d6d671", "tests/unit/test_source_hashes.py": "00468a2907583c593e6574a1f6b404e4651c221a"}, "modules": {"ptd_client_server.lib.client": "lib/client.py", "ptd_client_server.lib.common": "lib/common.py", "ptd_client_server.lib.external.ntplib": "lib/external/ntplib.py", "ptd_client_server.lib.source_hashes": "lib/source_hashes.py", "ptd_client_server.lib.summary": "lib/summary.py", "ptd_client_server.lib.time_sync": "lib/time_sync.py"}}
client 2024-02-03 23:21:17,213 [INFO] Running workload in ranging mode
client 2024-02-03 23:21:17,213 [INFO] Synchronizing with the server and with time.google.com...
client 2024-02-03 23:21:17,238 [INFO] NTP:offset = 0.002 s, delay = 0.023 s 
client 2024-02-03 23:21:17,239 [INFO] Sending command to the server: 'time'
client 2024-02-03 23:21:17,243 [INFO] Got response: '1707002477.242923'
client 2024-02-03 23:21:17,244 [INFO] The time difference between the client and the server is within range -3.900 ms..1.123 ms
client 2024-02-03 23:21:17,244 [INFO] Sending command to the server: 'session,2024-02-03_23-21-17,start,ranging'
client 2024-02-03 23:21:45,337 [INFO] Got response: 'OK'
client 2024-02-03 23:21:45,339 [INFO] Sending command to the server: 'time'
client 2024-02-03 23:21:45,344 [INFO] Got response: '1707002505.3446512'
client 2024-02-03 23:21:45,344 [INFO] The time difference between the client and the server is within range -4.798 ms..0.245 ms
client 2024-02-03 23:21:45,345 [INFO] Running the workload 'CM_MLPERF_RUN_COUNT=$(cat ${CM_RUN_DIR}/count.txt); echo ${CM_MLPERF_RUN_COUNT}; CM_MLPERF_RUN_COUNT=$((CM_MLPERF_RUN_COUNT+1)); echo ${CM_MLPERF_RUN_COUNT} > ${CM_RUN_DIR}/count.txt && if [ ${CM_MLPERF_RUN_COUNT} -eq "1" ]; then export CM_MLPERF_USER_CONF=${CM_MLPERF_RANGING_USER_CONF}; else export CM_MLPERF_USER_CONF=${CM_MLPERF_TESTING_USER_CONF}; fi && /mnt/CM/repos/ctuning@mlcommons-ck/cm-mlops/script/get-lib-armnn/run.out'
client 2024-02-03 23:26:48,137 [INFO] Sending command to the server: 'time'
client 2024-02-03 23:26:48,141 [INFO] Got response: '1707002808.1417968'
client 2024-02-03 23:26:48,141 [INFO] The time difference between the client and the server is within range -4.619 ms..-0.112 ms
client 2024-02-03 23:26:48,141 [INFO] Sending command to the server: 'session,2024-02-03_23-21-17,stop,ranging'
client 2024-02-03 23:26:58,399 [INFO] Got response: 'OK'
client 2024-02-03 23:26:58,400 [INFO] Sending command to the server: 'time'
client 2024-02-03 23:26:58,403 [INFO] Got response: '1707002818.4039574'
client 2024-02-03 23:26:58,403 [INFO] The time difference between the client and the server is within range -3.774 ms..-0.338 ms
client 2024-02-03 23:26:58,432 [INFO] Copying loadgen logs from '/home/arjun/results_dir/valid_results/orin-tflite_armnn_cpp-cpu-armnn_tflite-v23.11-using_neon_with_live_preprocessing/mobilenet-v1-precision_float-1.0-224/singlestream/performance/run_1' to '/home/arjun/results_dir/valid_results/orin-tflite_armnn_cpp-cpu-armnn_tflite-v23.11-using_neon_with_live_preprocessing/mobilenet-v1-precision_float-1.0-224/singlestream/performance/tmp_power/ranging'
client 2024-02-03 23:26:58,434 [INFO] Running workload in testing mode
client 2024-02-03 23:26:58,435 [INFO] Synchronizing with the server and with time.google.com...
client 2024-02-03 23:26:58,463 [INFO] NTP:offset = 0.002 s, delay = 0.023 s 
client 2024-02-03 23:26:58,463 [INFO] Sending command to the server: 'time'
client 2024-02-03 23:26:58,466 [INFO] Got response: '1707002818.4671059'
client 2024-02-03 23:26:58,466 [INFO] The time difference between the client and the server is within range -3.787 ms..-0.532 ms
client 2024-02-03 23:26:58,466 [INFO] Sending command to the server: 'session,2024-02-03_23-21-17,start,testing'
client 2024-02-03 23:27:11,489 [INFO] Got response: 'OK'
client 2024-02-03 23:27:11,491 [INFO] Sending command to the server: 'time'
client 2024-02-03 23:27:11,495 [INFO] Got response: '1707002831.4955747'
client 2024-02-03 23:27:11,495 [INFO] The time difference between the client and the server is within range -4.566 ms..-0.271 ms
client 2024-02-03 23:27:11,495 [INFO] Running the workload 'CM_MLPERF_RUN_COUNT=$(cat ${CM_RUN_DIR}/count.txt); echo ${CM_MLPERF_RUN_COUNT}; CM_MLPERF_RUN_COUNT=$((CM_MLPERF_RUN_COUNT+1)); echo ${CM_MLPERF_RUN_COUNT} > ${CM_RUN_DIR}/count.txt && if [ ${CM_MLPERF_RUN_COUNT} -eq "1" ]; then export CM_MLPERF_USER_CONF=${CM_MLPERF_RANGING_USER_CONF}; else export CM_MLPERF_USER_CONF=${CM_MLPERF_TESTING_USER_CONF}; fi && /mnt/CM/repos/ctuning@mlcommons-ck/cm-mlops/script/get-lib-armnn/run.out'
client 2024-02-03 23:37:15,898 [INFO] Sending command to the server: 'time'
client 2024-02-03 23:37:16,030 [INFO] Got response: '1707003436.0308418'
client 2024-02-03 23:37:16,030 [INFO] The time difference between the client and the server is within range -132.671 ms..-0.344 ms
client 2024-02-03 23:37:16,030 [INFO] Sending command to the server: 'session,2024-02-03_23-21-17,stop,testing'
client 2024-02-03 23:37:26,540 [INFO] Got response: 'OK'
client 2024-02-03 23:37:26,541 [INFO] Sending command to the server: 'time'
client 2024-02-03 23:37:26,544 [INFO] Got response: '1707003446.5463123'
client 2024-02-03 23:37:26,544 [INFO] The time difference between the client and the server is within range -4.887 ms..-1.708 ms
client 2024-02-03 23:37:26,549 [INFO] Copying loadgen logs from '/home/arjun/results_dir/valid_results/orin-tflite_armnn_cpp-cpu-armnn_tflite-v23.11-using_neon_with_live_preprocessing/mobilenet-v1-precision_float-1.0-224/singlestream/performance/run_1' to '/home/arjun/results_dir/valid_results/orin-tflite_armnn_cpp-cpu-armnn_tflite-v23.11-using_neon_with_live_preprocessing/mobilenet-v1-precision_float-1.0-224/singlestream/performance/tmp_power/run_1'
client 2024-02-03 23:37:26,552 [INFO] Done runs
