Graph file: /home/ubuntu/CM/repos/local/cache/03a6ada2ecb848d0/mobilenet_v1_1.0_224.tflite
Image dir: /home/ubuntu/CM/repos/local/cache/bec72af2d9634871
Image list: /home/ubuntu/CM/repos/local/cache/bec72af2d9634871/preprocessed_files.txt
Image size: 224
Image channels: 3
Prediction classes: 1000
Result dir: /home/ubuntu/CM/repos/local/cache/ab6453667ee043c6/valid_results/t2.2xlarge-tflite_cpp-cpu-tflite-vmaster-default_config/mobilenet-v1-precision_float-1.0-224/singlestream/accuracy
How many images fit in memory buffer: 1024
Normalize: 1
Subtract mean: 0
Run time preprocessing: 0
Number of Threads: 8
Number of available imagefiles: 50000

Loading graph...
INFO: Created TensorFlow Lite XNNPACK delegate for CPU.
Input tensor dimensions (NHWC): 1*224*224*3
Output tensor dimensions: 1*1001
Path to mlperf.conf : /home/ubuntu/CM/repos/local/cache/579980e63fab43fc/inference/mlperf.conf
Path to user.conf : /home/ubuntu/CM/repos/ctuning@mlcommons-ck/cm-mlops/script/generate-mlperf-inference-user-conf/tmp/14e17ff280004d07b76f9fc92548175c.conf
Model Name: mobilenet
LoadGen Scenario: SingleStream
LoadGen Mode: accuracy
