client 2024-01-29 06:15:14,422 [INFO] Creating output directory '/home/arjun/results_dir/valid_results/orin-tflite_cpp-cpu-tflite-vmaster-default_config/mobilenet-v2-precision_float-1.0-224/singlestream/performance/tmp_power'
client 2024-01-29 06:15:14,603 [INFO] Sending command to the server: 'mlcommons/power client v3'
client 2024-01-29 06:15:14,606 [INFO] Got response: 'mlcommons/power server v3'
client 2024-01-29 06:15:14,606 [INFO] Synchronizing with the server and with time.google.com...
client 2024-01-29 06:15:14,635 [INFO] NTP:offset = -0.005 s, delay = 0.021 s 
client 2024-01-29 06:15:14,636 [INFO] Sending command to the server: 'time'
client 2024-01-29 06:15:14,640 [INFO] Got response: '1706508914.638204'
client 2024-01-29 06:15:14,640 [INFO] The time difference between the client and the server is within range -1.991 ms..2.228 ms
client 2024-01-29 06:15:14,640 [INFO] Sending command to the server: 'new,,9c24fb5c-0bf3-42e8-b48a-643c9d341c6c'
client 2024-01-29 06:15:14,644 [INFO] Got response: 'OK 2024-01-29_06-15-14,94c29313-fac9-4efe-b65c-10d20e11651b'
client 2024-01-29 06:15:14,644 [INFO] Session id is '2024-01-29_06-15-14'
client 2024-01-29 06:15:14,645 [INFO] Sources: {"sources": {"__init__.py": "da39a3ee5e6b4b0d3255bfef95601890afd80709", "client.py": "33ca4f26368777ac06e01f9567b714a4b8063886", "lib/__init__.py": "da39a3ee5e6b4b0d3255bfef95601890afd80709", "lib/client.py": "ac2aa093c8e8bbc9569b9e2a3471bc64e58a2258", "lib/common.py": "611d8b29633d331eb19c9455ea3b5fa3284ed6df", "lib/external/__init__.py": "da39a3ee5e6b4b0d3255bfef95601890afd80709", "lib/external/ntplib.py": "4da8f970656505a40483206ef2b5d3dd5e81711d", "lib/server.py": "99303c836c683aa9017ec565104e636161d02acb", "lib/source_hashes.py": "60a2e02193209e8d392803326208d5466342da18", "lib/summary.py": "aa92f0a3f975eecd44d3c0cd0236342ccc9f941d", "lib/time_sync.py": "80894ef2389e540781ff78de94db16aa4203a14e", "server.py": "c3f90f2f7eeb4db30727556d0c815ebc89b3d28b", "tests/unit/__init__.py": "da39a3ee5e6b4b0d3255bfef95601890afd80709", "tests/unit/test_server.py": "948c1995d4008bc2aa6c4046a34ffa3858d6d671", "tests/unit/test_source_hashes.py": "00468a2907583c593e6574a1f6b404e4651c221a"}, "modules": {"ptd_client_server.lib.client": "lib/client.py", "ptd_client_server.lib.common": "lib/common.py", "ptd_client_server.lib.external.ntplib": "lib/external/ntplib.py", "ptd_client_server.lib.source_hashes": "lib/source_hashes.py", "ptd_client_server.lib.summary": "lib/summary.py", "ptd_client_server.lib.time_sync": "lib/time_sync.py"}}
client 2024-01-29 06:15:14,645 [INFO] Running workload in ranging mode
client 2024-01-29 06:15:14,645 [INFO] Synchronizing with the server and with time.google.com...
client 2024-01-29 06:15:14,666 [INFO] NTP:offset = -0.005 s, delay = 0.019 s 
client 2024-01-29 06:15:14,666 [INFO] Sending command to the server: 'time'
client 2024-01-29 06:15:14,669 [INFO] Got response: '1706508914.6681166'
client 2024-01-29 06:15:14,669 [INFO] The time difference between the client and the server is within range -1.289 ms..1.624 ms
client 2024-01-29 06:15:14,669 [INFO] Sending command to the server: 'session,2024-01-29_06-15-14,start,ranging'
client 2024-01-29 06:15:42,747 [INFO] Got response: 'OK'
client 2024-01-29 06:15:42,749 [INFO] Sending command to the server: 'time'
client 2024-01-29 06:15:42,752 [INFO] Got response: '1706508942.7509646'
client 2024-01-29 06:15:42,752 [INFO] The time difference between the client and the server is within range -1.770 ms..1.725 ms
client 2024-01-29 06:15:42,752 [INFO] Running the workload 'CM_MLPERF_RUN_COUNT=$(cat ${CM_RUN_DIR}/count.txt); echo ${CM_MLPERF_RUN_COUNT}; CM_MLPERF_RUN_COUNT=$((CM_MLPERF_RUN_COUNT+1)); echo ${CM_MLPERF_RUN_COUNT} > ${CM_RUN_DIR}/count.txt && if [ ${CM_MLPERF_RUN_COUNT} -eq "1" ]; then export CM_MLPERF_USER_CONF=${CM_MLPERF_RANGING_USER_CONF}; else export CM_MLPERF_USER_CONF=${CM_MLPERF_TESTING_USER_CONF}; fi && /mnt/CM/repos/ctuning@mlcommons-ck/cm-mlops/script/benchmark-any-mlperf-inference-implementation/run.out'
client 2024-01-29 06:20:45,862 [INFO] Sending command to the server: 'time'
client 2024-01-29 06:20:45,866 [INFO] Got response: '1706509245.8642697'
client 2024-01-29 06:20:45,866 [INFO] The time difference between the client and the server is within range -1.891 ms..2.533 ms
client 2024-01-29 06:20:45,866 [INFO] Sending command to the server: 'session,2024-01-29_06-15-14,stop,ranging'
client 2024-01-29 06:20:56,842 [INFO] Got response: 'OK'
client 2024-01-29 06:20:56,842 [INFO] Sending command to the server: 'time'
client 2024-01-29 06:20:56,845 [INFO] Got response: '1706509256.8433635'
client 2024-01-29 06:20:56,846 [INFO] The time difference between the client and the server is within range -0.762 ms..2.683 ms
client 2024-01-29 06:20:56,862 [INFO] Copying loadgen logs from '/home/arjun/results_dir/valid_results/orin-tflite_cpp-cpu-tflite-vmaster-default_config/mobilenet-v2-precision_float-1.0-224/singlestream/performance/run_1' to '/home/arjun/results_dir/valid_results/orin-tflite_cpp-cpu-tflite-vmaster-default_config/mobilenet-v2-precision_float-1.0-224/singlestream/performance/tmp_power/ranging'
client 2024-01-29 06:20:56,865 [INFO] Running workload in testing mode
client 2024-01-29 06:20:56,865 [INFO] Synchronizing with the server and with time.google.com...
client 2024-01-29 06:20:56,891 [INFO] NTP:offset = -0.004 s, delay = 0.021 s 
client 2024-01-29 06:20:56,891 [INFO] Sending command to the server: 'time'
client 2024-01-29 06:20:56,894 [INFO] Got response: '1706509256.892684'
client 2024-01-29 06:20:56,894 [INFO] The time difference between the client and the server is within range -0.952 ms..2.096 ms
client 2024-01-29 06:20:56,894 [INFO] Sending command to the server: 'session,2024-01-29_06-15-14,start,testing'
client 2024-01-29 06:21:09,916 [INFO] Got response: 'OK'
client 2024-01-29 06:21:09,916 [INFO] Sending command to the server: 'time'
client 2024-01-29 06:21:09,920 [INFO] Got response: '1706509269.9179358'
client 2024-01-29 06:21:09,920 [INFO] The time difference between the client and the server is within range -1.077 ms..2.345 ms
client 2024-01-29 06:21:09,920 [INFO] Running the workload 'CM_MLPERF_RUN_COUNT=$(cat ${CM_RUN_DIR}/count.txt); echo ${CM_MLPERF_RUN_COUNT}; CM_MLPERF_RUN_COUNT=$((CM_MLPERF_RUN_COUNT+1)); echo ${CM_MLPERF_RUN_COUNT} > ${CM_RUN_DIR}/count.txt && if [ ${CM_MLPERF_RUN_COUNT} -eq "1" ]; then export CM_MLPERF_USER_CONF=${CM_MLPERF_RANGING_USER_CONF}; else export CM_MLPERF_USER_CONF=${CM_MLPERF_TESTING_USER_CONF}; fi && /mnt/CM/repos/ctuning@mlcommons-ck/cm-mlops/script/benchmark-any-mlperf-inference-implementation/run.out'
client 2024-01-29 06:31:14,667 [INFO] Sending command to the server: 'time'
client 2024-01-29 06:31:14,731 [INFO] Got response: '1706509874.728389'
client 2024-01-29 06:31:14,732 [INFO] The time difference between the client and the server is within range -61.116 ms..3.980 ms
client 2024-01-29 06:31:14,732 [INFO] Sending command to the server: 'session,2024-01-29_06-15-14,stop,testing'
client 2024-01-29 06:31:24,966 [INFO] Got response: 'OK'
client 2024-01-29 06:31:24,966 [INFO] Sending command to the server: 'time'
client 2024-01-29 06:31:24,974 [INFO] Got response: '1706509884.9720774'
client 2024-01-29 06:31:24,974 [INFO] The time difference between the client and the server is within range -5.508 ms..2.396 ms
client 2024-01-29 06:31:24,978 [INFO] Copying loadgen logs from '/home/arjun/results_dir/valid_results/orin-tflite_cpp-cpu-tflite-vmaster-default_config/mobilenet-v2-precision_float-1.0-224/singlestream/performance/run_1' to '/home/arjun/results_dir/valid_results/orin-tflite_cpp-cpu-tflite-vmaster-default_config/mobilenet-v2-precision_float-1.0-224/singlestream/performance/tmp_power/run_1'
client 2024-01-29 06:31:24,981 [INFO] Done runs
