client 2024-01-29 01:00:44,633 [INFO] Creating output directory '/home/arjun/results_dir/valid_results/orin-tflite_cpp-cpu-tflite-vmaster-default_config/mobilenet-v1-precision_uint8-0.75-160/singlestream/performance/tmp_power'
client 2024-01-29 01:00:44,637 [INFO] Sending command to the server: 'mlcommons/power client v3'
client 2024-01-29 01:00:44,639 [INFO] Got response: 'mlcommons/power server v3'
client 2024-01-29 01:00:44,639 [INFO] Synchronizing with the server and with time.google.com...
client 2024-01-29 01:00:44,667 [INFO] NTP:offset = -0.006 s, delay = 0.022 s 
client 2024-01-29 01:00:44,667 [INFO] Sending command to the server: 'time'
client 2024-01-29 01:00:44,669 [INFO] Got response: '1706490044.6650488'
client 2024-01-29 01:00:44,669 [INFO] The time difference between the client and the server is within range 2.212 ms..4.694 ms
client 2024-01-29 01:00:44,669 [INFO] Sending command to the server: 'new,,503f35f6-4969-475c-a97d-3ab2e7f00c0a'
client 2024-01-29 01:00:44,672 [INFO] Got response: 'OK 2024-01-29_01-00-44,6abfd86c-c030-4a22-9e04-f70ebf0f491e'
client 2024-01-29 01:00:44,672 [INFO] Session id is '2024-01-29_01-00-44'
client 2024-01-29 01:00:44,672 [INFO] Sources: {"sources": {"__init__.py": "da39a3ee5e6b4b0d3255bfef95601890afd80709", "client.py": "33ca4f26368777ac06e01f9567b714a4b8063886", "lib/__init__.py": "da39a3ee5e6b4b0d3255bfef95601890afd80709", "lib/client.py": "ac2aa093c8e8bbc9569b9e2a3471bc64e58a2258", "lib/common.py": "611d8b29633d331eb19c9455ea3b5fa3284ed6df", "lib/external/__init__.py": "da39a3ee5e6b4b0d3255bfef95601890afd80709", "lib/external/ntplib.py": "4da8f970656505a40483206ef2b5d3dd5e81711d", "lib/server.py": "99303c836c683aa9017ec565104e636161d02acb", "lib/source_hashes.py": "60a2e02193209e8d392803326208d5466342da18", "lib/summary.py": "aa92f0a3f975eecd44d3c0cd0236342ccc9f941d", "lib/time_sync.py": "80894ef2389e540781ff78de94db16aa4203a14e", "server.py": "c3f90f2f7eeb4db30727556d0c815ebc89b3d28b", "tests/unit/__init__.py": "da39a3ee5e6b4b0d3255bfef95601890afd80709", "tests/unit/test_server.py": "948c1995d4008bc2aa6c4046a34ffa3858d6d671", "tests/unit/test_source_hashes.py": "00468a2907583c593e6574a1f6b404e4651c221a"}, "modules": {"ptd_client_server.lib.client": "lib/client.py", "ptd_client_server.lib.common": "lib/common.py", "ptd_client_server.lib.external.ntplib": "lib/external/ntplib.py", "ptd_client_server.lib.source_hashes": "lib/source_hashes.py", "ptd_client_server.lib.summary": "lib/summary.py", "ptd_client_server.lib.time_sync": "lib/time_sync.py"}}
client 2024-01-29 01:00:44,672 [INFO] Running workload in ranging mode
client 2024-01-29 01:00:44,672 [INFO] Synchronizing with the server and with time.google.com...
client 2024-01-29 01:00:44,693 [INFO] NTP:offset = -0.006 s, delay = 0.020 s 
client 2024-01-29 01:00:44,694 [INFO] Sending command to the server: 'time'
client 2024-01-29 01:00:44,696 [INFO] Got response: '1706490044.6919184'
client 2024-01-29 01:00:44,696 [INFO] The time difference between the client and the server is within range 2.177 ms..4.686 ms
client 2024-01-29 01:00:44,696 [INFO] Sending command to the server: 'session,2024-01-29_01-00-44,start,ranging'
client 2024-01-29 01:01:12,779 [INFO] Got response: 'OK'
client 2024-01-29 01:01:12,781 [INFO] Sending command to the server: 'time'
client 2024-01-29 01:01:12,784 [INFO] Got response: '1706490072.77981'
client 2024-01-29 01:01:12,784 [INFO] The time difference between the client and the server is within range 1.850 ms..4.970 ms
client 2024-01-29 01:01:12,785 [INFO] Running the workload 'CM_MLPERF_RUN_COUNT=$(cat ${CM_RUN_DIR}/count.txt); echo ${CM_MLPERF_RUN_COUNT}; CM_MLPERF_RUN_COUNT=$((CM_MLPERF_RUN_COUNT+1)); echo ${CM_MLPERF_RUN_COUNT} > ${CM_RUN_DIR}/count.txt && if [ ${CM_MLPERF_RUN_COUNT} -eq "1" ]; then export CM_MLPERF_USER_CONF=${CM_MLPERF_RANGING_USER_CONF}; else export CM_MLPERF_USER_CONF=${CM_MLPERF_TESTING_USER_CONF}; fi && /mnt/CM/repos/ctuning@mlcommons-ck/cm-mlops/script/benchmark-any-mlperf-inference-implementation/run.out'
client 2024-01-29 01:06:15,243 [INFO] Sending command to the server: 'time'
client 2024-01-29 01:06:15,247 [INFO] Got response: '1706490375.2424593'
client 2024-01-29 01:06:15,247 [INFO] The time difference between the client and the server is within range 0.302 ms..5.460 ms
client 2024-01-29 01:06:15,248 [INFO] Sending command to the server: 'session,2024-01-29_01-00-44,stop,ranging'
client 2024-01-29 01:06:25,872 [INFO] Got response: 'OK'
client 2024-01-29 01:06:25,873 [INFO] Sending command to the server: 'time'
client 2024-01-29 01:06:25,876 [INFO] Got response: '1706490385.8717823'
client 2024-01-29 01:06:25,876 [INFO] The time difference between the client and the server is within range 1.443 ms..4.473 ms
client 2024-01-29 01:06:25,893 [INFO] Copying loadgen logs from '/home/arjun/results_dir/valid_results/orin-tflite_cpp-cpu-tflite-vmaster-default_config/mobilenet-v1-precision_uint8-0.75-160/singlestream/performance/run_1' to '/home/arjun/results_dir/valid_results/orin-tflite_cpp-cpu-tflite-vmaster-default_config/mobilenet-v1-precision_uint8-0.75-160/singlestream/performance/tmp_power/ranging'
client 2024-01-29 01:06:25,896 [INFO] Running workload in testing mode
client 2024-01-29 01:06:25,897 [INFO] Synchronizing with the server and with time.google.com...
client 2024-01-29 01:06:25,923 [INFO] NTP:offset = -0.005 s, delay = 0.021 s 
client 2024-01-29 01:06:25,924 [INFO] Sending command to the server: 'time'
client 2024-01-29 01:06:25,928 [INFO] Got response: '1706490385.9234753'
client 2024-01-29 01:06:25,928 [INFO] The time difference between the client and the server is within range 0.540 ms..4.706 ms
client 2024-01-29 01:06:25,928 [INFO] Sending command to the server: 'session,2024-01-29_01-00-44,start,testing'
client 2024-01-29 01:06:38,950 [INFO] Got response: 'OK'
client 2024-01-29 01:06:38,951 [INFO] Sending command to the server: 'time'
client 2024-01-29 01:06:38,955 [INFO] Got response: '1706490398.9508631'
client 2024-01-29 01:06:38,955 [INFO] The time difference between the client and the server is within range 0.980 ms..4.704 ms
client 2024-01-29 01:06:38,955 [INFO] Running the workload 'CM_MLPERF_RUN_COUNT=$(cat ${CM_RUN_DIR}/count.txt); echo ${CM_MLPERF_RUN_COUNT}; CM_MLPERF_RUN_COUNT=$((CM_MLPERF_RUN_COUNT+1)); echo ${CM_MLPERF_RUN_COUNT} > ${CM_RUN_DIR}/count.txt && if [ ${CM_MLPERF_RUN_COUNT} -eq "1" ]; then export CM_MLPERF_USER_CONF=${CM_MLPERF_RANGING_USER_CONF}; else export CM_MLPERF_USER_CONF=${CM_MLPERF_TESTING_USER_CONF}; fi && /mnt/CM/repos/ctuning@mlcommons-ck/cm-mlops/script/benchmark-any-mlperf-inference-implementation/run.out'
client 2024-01-29 01:16:43,175 [INFO] Sending command to the server: 'time'
client 2024-01-29 01:16:43,179 [INFO] Got response: '1706491003.1752079'
client 2024-01-29 01:16:43,180 [INFO] The time difference between the client and the server is within range 0.160 ms..4.951 ms
client 2024-01-29 01:16:43,180 [INFO] Sending command to the server: 'session,2024-01-29_01-00-44,stop,testing'
client 2024-01-29 01:16:54,009 [INFO] Got response: 'OK'
client 2024-01-29 01:16:54,009 [INFO] Sending command to the server: 'time'
client 2024-01-29 01:16:54,013 [INFO] Got response: '1706491014.00914'
client 2024-01-29 01:16:54,013 [INFO] The time difference between the client and the server is within range 0.748 ms..4.370 ms
client 2024-01-29 01:16:54,018 [INFO] Copying loadgen logs from '/home/arjun/results_dir/valid_results/orin-tflite_cpp-cpu-tflite-vmaster-default_config/mobilenet-v1-precision_uint8-0.75-160/singlestream/performance/run_1' to '/home/arjun/results_dir/valid_results/orin-tflite_cpp-cpu-tflite-vmaster-default_config/mobilenet-v1-precision_uint8-0.75-160/singlestream/performance/tmp_power/run_1'
client 2024-01-29 01:16:54,020 [INFO] Done runs
