client 2024-01-29 02:23:30,373 [INFO] Creating output directory '/home/arjun/results_dir/valid_results/orin-tflite_cpp-cpu-tflite-vmaster-default_config/mobilenet-v1-precision_float-0.5-192/singlestream/performance/tmp_power'
client 2024-01-29 02:23:30,376 [INFO] Sending command to the server: 'mlcommons/power client v3'
client 2024-01-29 02:23:30,379 [INFO] Got response: 'mlcommons/power server v3'
client 2024-01-29 02:23:30,379 [INFO] Synchronizing with the server and with time.google.com...
client 2024-01-29 02:23:30,405 [INFO] NTP:offset = -0.003 s, delay = 0.020 s 
client 2024-01-29 02:23:30,405 [INFO] Sending command to the server: 'time'
client 2024-01-29 02:23:30,409 [INFO] Got response: '1706495010.4064379'
client 2024-01-29 02:23:30,409 [INFO] The time difference between the client and the server is within range -0.547 ms..2.856 ms
client 2024-01-29 02:23:30,409 [INFO] Sending command to the server: 'new,,284c92b7-4a46-40e9-a0b2-d3ed4507926d'
client 2024-01-29 02:23:30,412 [INFO] Got response: 'OK 2024-01-29_02-23-30,f95402fa-f959-4cf9-abb3-de3cfb6e4be5'
client 2024-01-29 02:23:30,412 [INFO] Session id is '2024-01-29_02-23-30'
client 2024-01-29 02:23:30,413 [INFO] Sources: {"sources": {"__init__.py": "da39a3ee5e6b4b0d3255bfef95601890afd80709", "client.py": "33ca4f26368777ac06e01f9567b714a4b8063886", "lib/__init__.py": "da39a3ee5e6b4b0d3255bfef95601890afd80709", "lib/client.py": "ac2aa093c8e8bbc9569b9e2a3471bc64e58a2258", "lib/common.py": "611d8b29633d331eb19c9455ea3b5fa3284ed6df", "lib/external/__init__.py": "da39a3ee5e6b4b0d3255bfef95601890afd80709", "lib/external/ntplib.py": "4da8f970656505a40483206ef2b5d3dd5e81711d", "lib/server.py": "99303c836c683aa9017ec565104e636161d02acb", "lib/source_hashes.py": "60a2e02193209e8d392803326208d5466342da18", "lib/summary.py": "aa92f0a3f975eecd44d3c0cd0236342ccc9f941d", "lib/time_sync.py": "80894ef2389e540781ff78de94db16aa4203a14e", "server.py": "c3f90f2f7eeb4db30727556d0c815ebc89b3d28b", "tests/unit/__init__.py": "da39a3ee5e6b4b0d3255bfef95601890afd80709", "tests/unit/test_server.py": "948c1995d4008bc2aa6c4046a34ffa3858d6d671", "tests/unit/test_source_hashes.py": "00468a2907583c593e6574a1f6b404e4651c221a"}, "modules": {"ptd_client_server.lib.client": "lib/client.py", "ptd_client_server.lib.common": "lib/common.py", "ptd_client_server.lib.external.ntplib": "lib/external/ntplib.py", "ptd_client_server.lib.source_hashes": "lib/source_hashes.py", "ptd_client_server.lib.summary": "lib/summary.py", "ptd_client_server.lib.time_sync": "lib/time_sync.py"}}
client 2024-01-29 02:23:30,413 [INFO] Running workload in ranging mode
client 2024-01-29 02:23:30,413 [INFO] Synchronizing with the server and with time.google.com...
client 2024-01-29 02:23:30,434 [INFO] NTP:offset = -0.005 s, delay = 0.020 s 
client 2024-01-29 02:23:30,434 [INFO] Sending command to the server: 'time'
client 2024-01-29 02:23:30,437 [INFO] Got response: '1706495010.4348257'
client 2024-01-29 02:23:30,437 [INFO] The time difference between the client and the server is within range -0.334 ms..2.755 ms
client 2024-01-29 02:23:30,437 [INFO] Sending command to the server: 'session,2024-01-29_02-23-30,start,ranging'
client 2024-01-29 02:23:58,515 [INFO] Got response: 'OK'
client 2024-01-29 02:23:58,518 [INFO] Sending command to the server: 'time'
client 2024-01-29 02:23:58,522 [INFO] Got response: '1706495038.5190628'
client 2024-01-29 02:23:58,522 [INFO] The time difference between the client and the server is within range -0.774 ms..3.389 ms
client 2024-01-29 02:23:58,522 [INFO] Running the workload 'CM_MLPERF_RUN_COUNT=$(cat ${CM_RUN_DIR}/count.txt); echo ${CM_MLPERF_RUN_COUNT}; CM_MLPERF_RUN_COUNT=$((CM_MLPERF_RUN_COUNT+1)); echo ${CM_MLPERF_RUN_COUNT} > ${CM_RUN_DIR}/count.txt && if [ ${CM_MLPERF_RUN_COUNT} -eq "1" ]; then export CM_MLPERF_USER_CONF=${CM_MLPERF_RANGING_USER_CONF}; else export CM_MLPERF_USER_CONF=${CM_MLPERF_TESTING_USER_CONF}; fi && /mnt/CM/repos/ctuning@mlcommons-ck/cm-mlops/script/benchmark-any-mlperf-inference-implementation/run.out'
client 2024-01-29 02:29:01,351 [INFO] Sending command to the server: 'time'
client 2024-01-29 02:29:01,531 [INFO] Got response: '1706495341.5272055'
client 2024-01-29 02:29:01,531 [INFO] The time difference between the client and the server is within range -176.274 ms..4.491 ms
client 2024-01-29 02:29:01,532 [INFO] Sending command to the server: 'session,2024-01-29_02-23-30,stop,ranging'
client 2024-01-29 02:29:12,588 [INFO] Got response: 'OK'
client 2024-01-29 02:29:12,589 [INFO] Sending command to the server: 'time'
client 2024-01-29 02:29:12,592 [INFO] Got response: '1706495352.589705'
client 2024-01-29 02:29:12,592 [INFO] The time difference between the client and the server is within range -0.431 ms..3.173 ms
client 2024-01-29 02:29:12,609 [INFO] Copying loadgen logs from '/home/arjun/results_dir/valid_results/orin-tflite_cpp-cpu-tflite-vmaster-default_config/mobilenet-v1-precision_float-0.5-192/singlestream/performance/run_1' to '/home/arjun/results_dir/valid_results/orin-tflite_cpp-cpu-tflite-vmaster-default_config/mobilenet-v1-precision_float-0.5-192/singlestream/performance/tmp_power/ranging'
client 2024-01-29 02:29:12,612 [INFO] Running workload in testing mode
client 2024-01-29 02:29:12,612 [INFO] Synchronizing with the server and with time.google.com...
client 2024-01-29 02:29:12,639 [INFO] NTP:offset = -0.004 s, delay = 0.021 s 
client 2024-01-29 02:29:12,639 [INFO] Sending command to the server: 'time'
client 2024-01-29 02:29:12,644 [INFO] Got response: '1706495352.6419156'
client 2024-01-29 02:29:12,644 [INFO] The time difference between the client and the server is within range -2.100 ms..2.810 ms
client 2024-01-29 02:29:12,644 [INFO] Sending command to the server: 'session,2024-01-29_02-23-30,start,testing'
client 2024-01-29 02:29:25,657 [INFO] Got response: 'OK'
client 2024-01-29 02:29:25,658 [INFO] Sending command to the server: 'time'
client 2024-01-29 02:29:25,660 [INFO] Got response: '1706495365.6584353'
client 2024-01-29 02:29:25,661 [INFO] The time difference between the client and the server is within range -0.321 ms..2.950 ms
client 2024-01-29 02:29:25,661 [INFO] Running the workload 'CM_MLPERF_RUN_COUNT=$(cat ${CM_RUN_DIR}/count.txt); echo ${CM_MLPERF_RUN_COUNT}; CM_MLPERF_RUN_COUNT=$((CM_MLPERF_RUN_COUNT+1)); echo ${CM_MLPERF_RUN_COUNT} > ${CM_RUN_DIR}/count.txt && if [ ${CM_MLPERF_RUN_COUNT} -eq "1" ]; then export CM_MLPERF_USER_CONF=${CM_MLPERF_RANGING_USER_CONF}; else export CM_MLPERF_USER_CONF=${CM_MLPERF_TESTING_USER_CONF}; fi && /mnt/CM/repos/ctuning@mlcommons-ck/cm-mlops/script/benchmark-any-mlperf-inference-implementation/run.out'
client 2024-01-29 02:39:30,243 [INFO] Sending command to the server: 'time'
client 2024-01-29 02:39:30,273 [INFO] Got response: '1706495970.2711792'
client 2024-01-29 02:39:30,274 [INFO] The time difference between the client and the server is within range -27.519 ms..3.106 ms
client 2024-01-29 02:39:30,274 [INFO] Sending command to the server: 'session,2024-01-29_02-23-30,stop,testing'
client 2024-01-29 02:39:40,707 [INFO] Got response: 'OK'
client 2024-01-29 02:39:40,707 [INFO] Sending command to the server: 'time'
client 2024-01-29 02:39:40,711 [INFO] Got response: '1706495980.7082734'
client 2024-01-29 02:39:40,711 [INFO] The time difference between the client and the server is within range -0.540 ms..3.293 ms
client 2024-01-29 02:39:40,716 [INFO] Copying loadgen logs from '/home/arjun/results_dir/valid_results/orin-tflite_cpp-cpu-tflite-vmaster-default_config/mobilenet-v1-precision_float-0.5-192/singlestream/performance/run_1' to '/home/arjun/results_dir/valid_results/orin-tflite_cpp-cpu-tflite-vmaster-default_config/mobilenet-v1-precision_float-0.5-192/singlestream/performance/tmp_power/run_1'
client 2024-01-29 02:39:40,718 [INFO] Done runs
