Graph file: /home/ubuntu/CM/repos/local/cache/061542cefdc84065/v2_192_50/model.tflite
Image dir: /home/ubuntu/CM/repos/local/cache/828ee84a16fa43d0
Image list: /home/ubuntu/CM/repos/local/cache/828ee84a16fa43d0/preprocessed_files.txt
Image size: 192
Image channels: 3
Prediction classes: 1000
Result dir: /home/ubuntu/CM/repos/local/cache/e8a21941e7c046ca/valid_results/ip_172_31_28_214-tflite_cpp-cpu-tflite-vmaster-default_config/mobilenet-v2-precision_uint8-0.5-192/singlestream/performance/run_1
How many images fit in memory buffer: 1024
Normalize: 1
Subtract mean: 0
Run time preprocessing: 1
Number of Threads: 2
Number of available imagefiles: 50000

Loading graph...
INFO: Created TensorFlow Lite XNNPACK delegate for CPU.
Input tensor dimensions (NHWC): 1*192*192*3
Output tensor dimensions: 1*1001
Path to mlperf.conf : /home/ubuntu/CM/repos/local/cache/86db7d79a6144a1d/inference/mlperf.conf
Path to user.conf : /home/ubuntu/CM/repos/ctuning@mlcommons-ck/cm-mlops/script/generate-mlperf-inference-user-conf/tmp/ec3b21fa21a341e1a2a60e77a63d5426.conf
Model Name: mobilenet
LoadGen Scenario: SingleStream
LoadGen Mode: performance
