Graph file: /home/ubuntu/CM/repos/local/cache/3fd7781f19af46bf/mobilenet_v2_0.35_192.tflite
Image dir: /home/ubuntu/CM/repos/local/cache/5821ae415596482d
Image list: /home/ubuntu/CM/repos/local/cache/5821ae415596482d/preprocessed_files.txt
Image size: 192
Image channels: 3
Prediction classes: 1000
Result dir: /home/ubuntu/CM/repos/local/cache/53b88ca721a64101/valid_results/c5a.xlarge-tflite_cpp-cpu-tflite-vmaster-with_live_preprocessing/mobilenet-v2-precision_float-0.35-192/singlestream/performance/run_1
How many images fit in memory buffer: 1024
Normalize: 1
Subtract mean: 0
Run time preprocessing: 1
Number of Threads: 4
Number of available imagefiles: 50000

Loading graph...
INFO: Created TensorFlow Lite XNNPACK delegate for CPU.
Input tensor dimensions (NHWC): 1*192*192*3
Output tensor dimensions: 1*1001
Path to mlperf.conf : /home/ubuntu/CM/repos/local/cache/a34955efa6f84c88/inference/mlperf.conf
Path to user.conf : /home/ubuntu/CM/repos/ctuning@mlcommons-ck/cm-mlops/script/generate-mlperf-inference-user-conf/tmp/fa0fb92bf1ba42b8a4b04cc6a3a584b1.conf
Model Name: mobilenet
LoadGen Scenario: SingleStream
LoadGen Mode: performance
