client 2024-02-23 05:58:57,567 [INFO] Sending command to the server: 'mlcommons/power client v3'
client 2024-02-23 05:58:57,570 [INFO] Got response: 'mlcommons/power server v3'
client 2024-02-23 05:58:57,570 [INFO] Sending command to the server: 'stop'
client 2024-02-23 05:58:57,574 [INFO] Got response: 'OK'
client 2024-02-23 05:58:57,574 [INFO] Synchronizing with the server and with 100.64.0.18...
client 2024-02-23 05:58:57,579 [INFO] NTP:offset = 0.000 s, delay = 0.001 s 
client 2024-02-23 05:58:57,579 [INFO] Sending command to the server: 'time'
client 2024-02-23 05:58:57,582 [INFO] Got response: '1708667937.578085'
client 2024-02-23 05:58:57,582 [INFO] The time difference between the client and the server is within range 1.133 ms..4.267 ms
client 2024-02-23 05:58:57,582 [INFO] Sending command to the server: 'new,,6dacf817-39d7-49db-ac2b-b136ede9aea2'
client 2024-02-23 05:58:57,588 [INFO] Got response: 'OK 2024-02-23_05-58-57,ac1f4617-9159-4d64-8a92-d47dda1ab611'
client 2024-02-23 05:58:57,589 [INFO] Session id is '2024-02-23_05-58-57'
client 2024-02-23 05:58:57,589 [INFO] Sources: {"sources": {"__init__.py": "da39a3ee5e6b4b0d3255bfef95601890afd80709", "client.py": "33ca4f26368777ac06e01f9567b714a4b8063886", "lib/__init__.py": "da39a3ee5e6b4b0d3255bfef95601890afd80709", "lib/client.py": "ac2aa093c8e8bbc9569b9e2a3471bc64e58a2258", "lib/common.py": "611d8b29633d331eb19c9455ea3b5fa3284ed6df", "lib/external/__init__.py": "da39a3ee5e6b4b0d3255bfef95601890afd80709", "lib/external/ntplib.py": "4da8f970656505a40483206ef2b5d3dd5e81711d", "lib/server.py": "99303c836c683aa9017ec565104e636161d02acb", "lib/source_hashes.py": "60a2e02193209e8d392803326208d5466342da18", "lib/summary.py": "aa92f0a3f975eecd44d3c0cd0236342ccc9f941d", "lib/time_sync.py": "80894ef2389e540781ff78de94db16aa4203a14e", "server.py": "c3f90f2f7eeb4db30727556d0c815ebc89b3d28b", "tests/unit/__init__.py": "da39a3ee5e6b4b0d3255bfef95601890afd80709", "tests/unit/test_server.py": "948c1995d4008bc2aa6c4046a34ffa3858d6d671", "tests/unit/test_source_hashes.py": "00468a2907583c593e6574a1f6b404e4651c221a"}, "modules": {"ptd_client_server.lib.client": "lib/client.py", "ptd_client_server.lib.common": "lib/common.py", "ptd_client_server.lib.external.ntplib": "lib/external/ntplib.py", "ptd_client_server.lib.source_hashes": "lib/source_hashes.py", "ptd_client_server.lib.summary": "lib/summary.py", "ptd_client_server.lib.time_sync": "lib/time_sync.py"}}
client 2024-02-23 05:58:57,589 [INFO] Running workload in ranging mode
client 2024-02-23 05:58:57,589 [INFO] Synchronizing with the server and with 100.64.0.18...
client 2024-02-23 05:58:57,591 [INFO] NTP:offset = 0.000 s, delay = 0.001 s 
client 2024-02-23 05:58:57,592 [INFO] Sending command to the server: 'time'
client 2024-02-23 05:58:57,595 [INFO] Got response: '1708667937.578085'
client 2024-02-23 05:58:57,595 [INFO] The time difference between the client and the server is within range 14.053 ms..17.558 ms
client 2024-02-23 05:58:57,595 [INFO] Sending command to the server: 'session,2024-02-23_05-58-57,start,ranging'
client 2024-02-23 05:59:23,306 [INFO] Got response: 'OK'
client 2024-02-23 05:59:23,306 [INFO] Sending command to the server: 'time'
client 2024-02-23 05:59:23,309 [INFO] Got response: '1708667963.2979023'
client 2024-02-23 05:59:23,309 [INFO] The time difference between the client and the server is within range 8.418 ms..11.584 ms
client 2024-02-23 05:59:23,309 [INFO] Running the workload 'LOG_DIR=/work/build/power_logs_temp python3.8 -m code.main --benchmarks=3d-unet \t--scenarios=Offline \t--config_ver=high_accuracy_maxq \t--test_mode=PerformanceOnly  --action="run_harness" \\\n\t\t2>&1 | tee -a /work/build/power_logs/2024.02.23-05.58.04/stdout.txt \\\n\t\t&& if [ ! -d /work/build/power_logs/2024.02.23-05.58.04/ranging_tmp ]; \\\n\t\t\tthen mkdir /work/build/power_logs/2024.02.23-05.58.04/ranging_tmp \\\n\t\t\t\t&& mv /work/build/power_logs_temp/* /work/build/power_logs/2024.02.23-05.58.04/ranging_tmp/ \\\n\t\t\t\t&& cp -v /work/build/power_logs/2024.02.23-05.58.04/ranging_tmp/*/*/*/mlperf_log_detail.txt /work/build/power_logs_temp/ \\\n\t\t\t\t&& cp -v /work/build/power_logs/2024.02.23-05.58.04/ranging_tmp/*/*/*/mlperf_log_summary.txt /work/build/power_logs_temp/; \\\n\t\t\telse mkdir /work/build/power_logs/2024.02.23-05.58.04/testing_tmp \\\n\t\t\t\t&& mv /work/build/power_logs_temp/* /work/build/power_logs/2024.02.23-05.58.04/testing_tmp/ \\\n\t\t\t\t&& cp -v /work/build/power_logs/2024.02.23-05.58.04/testing_tmp/*/*/*/mlperf_log_detail.txt /work/build/power_logs_temp/ \\\n\t\t\t\t&& cp -v /work/build/power_logs/2024.02.23-05.58.04/testing_tmp/*/*/*/mlperf_log_summary.txt /work/build/power_logs_temp/; fi'
client 2024-02-23 06:11:15,560 [INFO] Sending command to the server: 'time'
client 2024-02-23 06:11:15,564 [INFO] Got response: '1708668675.549189'
client 2024-02-23 06:11:15,564 [INFO] The time difference between the client and the server is within range 11.202 ms..15.098 ms
client 2024-02-23 06:11:15,564 [INFO] Sending command to the server: 'session,2024-02-23_05-58-57,stop,ranging'
client 2024-02-23 06:11:26,478 [INFO] Got response: 'OK'
client 2024-02-23 06:11:26,479 [INFO] Sending command to the server: 'time'
client 2024-02-23 06:11:26,480 [INFO] Got response: '1708668686.4528086'
client 2024-02-23 06:11:26,481 [INFO] The time difference between the client and the server is within range 26.167 ms..28.302 ms
client 2024-02-23 06:11:26,488 [INFO] Copying loadgen logs from '/work/build/power_logs_temp' to '/work/build/power_logs/2024.02.23-05.58.04/2024-02-23_05-58-57/ranging'
client 2024-02-23 06:11:26,488 [INFO] Running workload in testing mode
client 2024-02-23 06:11:26,488 [INFO] Synchronizing with the server and with 100.64.0.18...
client 2024-02-23 06:11:26,490 [INFO] NTP:offset = 0.000 s, delay = 0.001 s 
client 2024-02-23 06:11:26,490 [INFO] Sending command to the server: 'time'
client 2024-02-23 06:11:26,492 [INFO] Got response: '1708668686.4684732'
client 2024-02-23 06:11:26,492 [INFO] The time difference between the client and the server is within range 22.056 ms..23.907 ms
client 2024-02-23 06:11:26,492 [INFO] Sending command to the server: 'session,2024-02-23_05-58-57,start,testing'
client 2024-02-23 06:11:38,801 [INFO] Got response: 'OK'
client 2024-02-23 06:11:38,801 [INFO] Sending command to the server: 'time'
client 2024-02-23 06:11:38,804 [INFO] Got response: '1708668698.7814302'
client 2024-02-23 06:11:38,804 [INFO] The time difference between the client and the server is within range 20.275 ms..23.439 ms
client 2024-02-23 06:11:38,805 [INFO] Running the workload 'LOG_DIR=/work/build/power_logs_temp python3.8 -m code.main --benchmarks=3d-unet \t--scenarios=Offline \t--config_ver=high_accuracy_maxq \t--test_mode=PerformanceOnly  --action="run_harness" \\\n\t\t2>&1 | tee -a /work/build/power_logs/2024.02.23-05.58.04/stdout.txt \\\n\t\t&& if [ ! -d /work/build/power_logs/2024.02.23-05.58.04/ranging_tmp ]; \\\n\t\t\tthen mkdir /work/build/power_logs/2024.02.23-05.58.04/ranging_tmp \\\n\t\t\t\t&& mv /work/build/power_logs_temp/* /work/build/power_logs/2024.02.23-05.58.04/ranging_tmp/ \\\n\t\t\t\t&& cp -v /work/build/power_logs/2024.02.23-05.58.04/ranging_tmp/*/*/*/mlperf_log_detail.txt /work/build/power_logs_temp/ \\\n\t\t\t\t&& cp -v /work/build/power_logs/2024.02.23-05.58.04/ranging_tmp/*/*/*/mlperf_log_summary.txt /work/build/power_logs_temp/; \\\n\t\t\telse mkdir /work/build/power_logs/2024.02.23-05.58.04/testing_tmp \\\n\t\t\t\t&& mv /work/build/power_logs_temp/* /work/build/power_logs/2024.02.23-05.58.04/testing_tmp/ \\\n\t\t\t\t&& cp -v /work/build/power_logs/2024.02.23-05.58.04/testing_tmp/*/*/*/mlperf_log_detail.txt /work/build/power_logs_temp/ \\\n\t\t\t\t&& cp -v /work/build/power_logs/2024.02.23-05.58.04/testing_tmp/*/*/*/mlperf_log_summary.txt /work/build/power_logs_temp/; fi'
client 2024-02-23 06:23:31,304 [INFO] Sending command to the server: 'time'
client 2024-02-23 06:23:31,307 [INFO] Got response: '1708669411.2711365'
client 2024-02-23 06:23:31,307 [INFO] The time difference between the client and the server is within range 32.914 ms..36.548 ms
client 2024-02-23 06:23:31,307 [INFO] Sending command to the server: 'session,2024-02-23_05-58-57,stop,testing'
client 2024-02-23 06:23:41,905 [INFO] Got response: 'OK'
client 2024-02-23 06:23:41,906 [INFO] Sending command to the server: 'time'
client 2024-02-23 06:23:41,907 [INFO] Got response: '1708669421.8756037'
client 2024-02-23 06:23:41,907 [INFO] The time difference between the client and the server is within range 30.533 ms..31.654 ms
client 2024-02-23 06:23:41,909 [INFO] Copying loadgen logs from '/work/build/power_logs_temp' to '/work/build/power_logs/2024.02.23-05.58.04/2024-02-23_05-58-57/run_1'
client 2024-02-23 06:23:41,909 [INFO] Done runs
