client 2024-02-01 02:57:20,895 [INFO] Creating output directory '/home/arjun/results_dir/valid_results/orin-tflite_armnn_cpp-cpu-armnn_tflite-v23.05-using_neon/mobilenet-v1-precision_uint8-0.5-192/singlestream/performance/tmp_power'
client 2024-02-01 02:57:20,898 [INFO] Sending command to the server: 'mlcommons/power client v3'
client 2024-02-01 02:57:20,901 [INFO] Got response: 'mlcommons/power server v3'
client 2024-02-01 02:57:20,901 [INFO] Synchronizing with the server and with time.google.com...
client 2024-02-01 02:57:20,926 [INFO] NTP:offset = -0.006 s, delay = 0.019 s 
client 2024-02-01 02:57:20,926 [INFO] Sending command to the server: 'time'
client 2024-02-01 02:57:20,929 [INFO] Got response: '1706756240.9230018'
client 2024-02-01 02:57:20,929 [INFO] The time difference between the client and the server is within range 3.337 ms..6.135 ms
client 2024-02-01 02:57:20,929 [INFO] Sending command to the server: 'new,,3036400e-29d9-449b-b9e6-a0a8e90cd419'
client 2024-02-01 02:57:20,931 [INFO] Got response: 'OK 2024-02-01_02-57-20,9bbdbbde-4542-428f-a31a-51f14ecf0841'
client 2024-02-01 02:57:20,931 [INFO] Session id is '2024-02-01_02-57-20'
client 2024-02-01 02:57:20,931 [INFO] Sources: {"sources": {"__init__.py": "da39a3ee5e6b4b0d3255bfef95601890afd80709", "client.py": "33ca4f26368777ac06e01f9567b714a4b8063886", "lib/__init__.py": "da39a3ee5e6b4b0d3255bfef95601890afd80709", "lib/client.py": "ac2aa093c8e8bbc9569b9e2a3471bc64e58a2258", "lib/common.py": "611d8b29633d331eb19c9455ea3b5fa3284ed6df", "lib/external/__init__.py": "da39a3ee5e6b4b0d3255bfef95601890afd80709", "lib/external/ntplib.py": "4da8f970656505a40483206ef2b5d3dd5e81711d", "lib/server.py": "99303c836c683aa9017ec565104e636161d02acb", "lib/source_hashes.py": "60a2e02193209e8d392803326208d5466342da18", "lib/summary.py": "aa92f0a3f975eecd44d3c0cd0236342ccc9f941d", "lib/time_sync.py": "80894ef2389e540781ff78de94db16aa4203a14e", "server.py": "c3f90f2f7eeb4db30727556d0c815ebc89b3d28b", "tests/unit/__init__.py": "da39a3ee5e6b4b0d3255bfef95601890afd80709", "tests/unit/test_server.py": "948c1995d4008bc2aa6c4046a34ffa3858d6d671", "tests/unit/test_source_hashes.py": "00468a2907583c593e6574a1f6b404e4651c221a"}, "modules": {"ptd_client_server.lib.client": "lib/client.py", "ptd_client_server.lib.common": "lib/common.py", "ptd_client_server.lib.external.ntplib": "lib/external/ntplib.py", "ptd_client_server.lib.source_hashes": "lib/source_hashes.py", "ptd_client_server.lib.summary": "lib/summary.py", "ptd_client_server.lib.time_sync": "lib/time_sync.py"}}
client 2024-02-01 02:57:20,932 [INFO] Running workload in ranging mode
client 2024-02-01 02:57:20,932 [INFO] Synchronizing with the server and with time.google.com...
client 2024-02-01 02:57:20,952 [INFO] NTP:offset = -0.007 s, delay = 0.019 s 
client 2024-02-01 02:57:20,952 [INFO] Sending command to the server: 'time'
client 2024-02-01 02:57:20,955 [INFO] Got response: '1706756240.9494255'
client 2024-02-01 02:57:20,955 [INFO] The time difference between the client and the server is within range 3.416 ms..6.082 ms
client 2024-02-01 02:57:20,955 [INFO] Sending command to the server: 'session,2024-02-01_02-57-20,start,ranging'
client 2024-02-01 02:57:49,034 [INFO] Got response: 'OK'
client 2024-02-01 02:57:49,037 [INFO] Sending command to the server: 'time'
client 2024-02-01 02:57:49,040 [INFO] Got response: '1706756269.0341346'
client 2024-02-01 02:57:49,041 [INFO] The time difference between the client and the server is within range 2.996 ms..7.059 ms
client 2024-02-01 02:57:49,041 [INFO] Running the workload 'CM_MLPERF_RUN_COUNT=$(cat ${CM_RUN_DIR}/count.txt); echo ${CM_MLPERF_RUN_COUNT}; CM_MLPERF_RUN_COUNT=$((CM_MLPERF_RUN_COUNT+1)); echo ${CM_MLPERF_RUN_COUNT} > ${CM_RUN_DIR}/count.txt && if [ ${CM_MLPERF_RUN_COUNT} -eq "1" ]; then export CM_MLPERF_USER_CONF=${CM_MLPERF_RANGING_USER_CONF}; else export CM_MLPERF_USER_CONF=${CM_MLPERF_TESTING_USER_CONF}; fi && /mnt/CM/repos/ctuning@mlcommons-ck/cm-mlops/script/benchmark-any-mlperf-inference-implementation/run.out'
client 2024-02-01 03:02:51,647 [INFO] Sending command to the server: 'time'
client 2024-02-01 03:02:51,667 [INFO] Got response: '1706756571.66039'
client 2024-02-01 03:02:51,667 [INFO] The time difference between the client and the server is within range -13.454 ms..7.156 ms
client 2024-02-01 03:02:51,667 [INFO] Sending command to the server: 'session,2024-02-01_02-57-20,stop,ranging'
client 2024-02-01 03:03:02,195 [INFO] Got response: 'OK'
client 2024-02-01 03:03:02,196 [INFO] Sending command to the server: 'time'
client 2024-02-01 03:03:02,199 [INFO] Got response: '1706756582.1925259'
client 2024-02-01 03:03:02,199 [INFO] The time difference between the client and the server is within range 3.586 ms..7.270 ms
client 2024-02-01 03:03:02,217 [INFO] Copying loadgen logs from '/home/arjun/results_dir/valid_results/orin-tflite_armnn_cpp-cpu-armnn_tflite-v23.05-using_neon/mobilenet-v1-precision_uint8-0.5-192/singlestream/performance/run_1' to '/home/arjun/results_dir/valid_results/orin-tflite_armnn_cpp-cpu-armnn_tflite-v23.05-using_neon/mobilenet-v1-precision_uint8-0.5-192/singlestream/performance/tmp_power/ranging'
client 2024-02-01 03:03:02,220 [INFO] Running workload in testing mode
client 2024-02-01 03:03:02,220 [INFO] Synchronizing with the server and with time.google.com...
client 2024-02-01 03:03:02,245 [INFO] NTP:offset = -0.007 s, delay = 0.020 s 
client 2024-02-01 03:03:02,246 [INFO] Sending command to the server: 'time'
client 2024-02-01 03:03:02,249 [INFO] Got response: '1706756582.243082'
client 2024-02-01 03:03:02,250 [INFO] The time difference between the client and the server is within range 2.972 ms..7.015 ms
client 2024-02-01 03:03:02,250 [INFO] Sending command to the server: 'session,2024-02-01_02-57-20,start,testing'
client 2024-02-01 03:03:15,267 [INFO] Got response: 'OK'
client 2024-02-01 03:03:15,268 [INFO] Sending command to the server: 'time'
client 2024-02-01 03:03:15,271 [INFO] Got response: '1706756595.2650774'
client 2024-02-01 03:03:15,272 [INFO] The time difference between the client and the server is within range 3.337 ms..6.970 ms
client 2024-02-01 03:03:15,272 [INFO] Running the workload 'CM_MLPERF_RUN_COUNT=$(cat ${CM_RUN_DIR}/count.txt); echo ${CM_MLPERF_RUN_COUNT}; CM_MLPERF_RUN_COUNT=$((CM_MLPERF_RUN_COUNT+1)); echo ${CM_MLPERF_RUN_COUNT} > ${CM_RUN_DIR}/count.txt && if [ ${CM_MLPERF_RUN_COUNT} -eq "1" ]; then export CM_MLPERF_USER_CONF=${CM_MLPERF_RANGING_USER_CONF}; else export CM_MLPERF_USER_CONF=${CM_MLPERF_TESTING_USER_CONF}; fi && /mnt/CM/repos/ctuning@mlcommons-ck/cm-mlops/script/benchmark-any-mlperf-inference-implementation/run.out'
client 2024-02-01 03:13:19,994 [INFO] Sending command to the server: 'time'
client 2024-02-01 03:13:20,003 [INFO] Got response: '1706757199.9967437'
client 2024-02-01 03:13:20,003 [INFO] The time difference between the client and the server is within range -2.088 ms..6.732 ms
client 2024-02-01 03:13:20,003 [INFO] Sending command to the server: 'session,2024-02-01_02-57-20,stop,testing'
client 2024-02-01 03:13:30,315 [INFO] Got response: 'OK'
client 2024-02-01 03:13:30,316 [INFO] Sending command to the server: 'time'
client 2024-02-01 03:13:30,319 [INFO] Got response: '1706757210.3131394'
client 2024-02-01 03:13:30,319 [INFO] The time difference between the client and the server is within range 3.201 ms..6.597 ms
client 2024-02-01 03:13:30,324 [INFO] Copying loadgen logs from '/home/arjun/results_dir/valid_results/orin-tflite_armnn_cpp-cpu-armnn_tflite-v23.05-using_neon/mobilenet-v1-precision_uint8-0.5-192/singlestream/performance/run_1' to '/home/arjun/results_dir/valid_results/orin-tflite_armnn_cpp-cpu-armnn_tflite-v23.05-using_neon/mobilenet-v1-precision_uint8-0.5-192/singlestream/performance/tmp_power/run_1'
client 2024-02-01 03:13:30,327 [INFO] Done runs
