client 2024-01-26 10:34:36,134 [INFO] Creating output directory '/home/krai/work_collection/experiments_submission/generated_by_power_measurement_on_run_17d78e19f6ea4049b27fa5aefc9bfdf8/power_logs'
client 2024-01-26 10:34:36,135 [INFO] Sending command to the server: 'mlcommons/power client v3'
client 2024-01-26 10:34:36,136 [INFO] Got response: 'mlcommons/power server v3'
client 2024-01-26 10:34:36,136 [INFO] Synchronizing with the server and with time.google.com...
client 2024-01-26 10:34:36,216 [INFO] NTP:offset = -0.004 s, delay = 0.077 s 
client 2024-01-26 10:34:36,216 [INFO] Sending command to the server: 'time'
client 2024-01-26 10:34:36,217 [INFO] Got response: '1706286876.209879'
client 2024-01-26 10:34:36,217 [INFO] The time difference between the client and the server is within range 6.652 ms..7.875 ms
client 2024-01-26 10:34:36,217 [INFO] Sending command to the server: 'new,,607d7b10-1dd7-4bc1-ba04-29d10a99a988'
client 2024-01-26 10:34:36,219 [INFO] Got response: 'OK 2024-01-26_10-34-36,ac14b708-e645-4733-b80a-c1201396a7d1'
client 2024-01-26 10:34:36,219 [INFO] Session id is '2024-01-26_10-34-36'
client 2024-01-26 10:34:36,219 [INFO] Sources: {"sources": {"__init__.py": "da39a3ee5e6b4b0d3255bfef95601890afd80709", "client.py": "33ca4f26368777ac06e01f9567b714a4b8063886", "lib/__init__.py": "da39a3ee5e6b4b0d3255bfef95601890afd80709", "lib/client.py": "ac2aa093c8e8bbc9569b9e2a3471bc64e58a2258", "lib/common.py": "611d8b29633d331eb19c9455ea3b5fa3284ed6df", "lib/external/__init__.py": "da39a3ee5e6b4b0d3255bfef95601890afd80709", "lib/external/ntplib.py": "4da8f970656505a40483206ef2b5d3dd5e81711d", "lib/server.py": "99303c836c683aa9017ec565104e636161d02acb", "lib/source_hashes.py": "60a2e02193209e8d392803326208d5466342da18", "lib/summary.py": "aa92f0a3f975eecd44d3c0cd0236342ccc9f941d", "lib/time_sync.py": "80894ef2389e540781ff78de94db16aa4203a14e", "server.py": "c3f90f2f7eeb4db30727556d0c815ebc89b3d28b", "tests/unit/__init__.py": "da39a3ee5e6b4b0d3255bfef95601890afd80709", "tests/unit/test_server.py": "948c1995d4008bc2aa6c4046a34ffa3858d6d671", "tests/unit/test_source_hashes.py": "00468a2907583c593e6574a1f6b404e4651c221a"}, "modules": {"ptd_client_server.lib.client": "lib/client.py", "ptd_client_server.lib.common": "lib/common.py", "ptd_client_server.lib.external.ntplib": "lib/external/ntplib.py", "ptd_client_server.lib.source_hashes": "lib/source_hashes.py", "ptd_client_server.lib.summary": "lib/summary.py", "ptd_client_server.lib.time_sync": "lib/time_sync.py"}}
client 2024-01-26 10:34:36,219 [INFO] Running workload in ranging mode
client 2024-01-26 10:34:36,219 [INFO] Synchronizing with the server and with time.google.com...
client 2024-01-26 10:34:36,306 [INFO] NTP:offset = -0.006 s, delay = 0.086 s 
client 2024-01-26 10:34:36,306 [INFO] Sending command to the server: 'time'
client 2024-01-26 10:34:36,307 [INFO] Got response: '1706286876.2999122'
client 2024-01-26 10:34:36,307 [INFO] The time difference between the client and the server is within range 6.650 ms..7.909 ms
client 2024-01-26 10:34:36,307 [INFO] Sending command to the server: 'session,2024-01-26_10-34-36,start,ranging'
client 2024-01-26 10:35:05,432 [INFO] Got response: 'OK'
client 2024-01-26 10:35:05,432 [INFO] Sending command to the server: 'time'
client 2024-01-26 10:35:05,433 [INFO] Got response: '1706286905.4256651'
client 2024-01-26 10:35:05,433 [INFO] The time difference between the client and the server is within range 6.742 ms..7.969 ms
client 2024-01-26 10:35:05,433 [INFO] Running the workload 'axs byquery loadgen_output,task=object_detection,sut_name=r282_q8_pro_edge,model_name=retinanet,framework=kilt,device=qaic,collection_name=experiments_submission,loadgen_mode=PerformanceOnly,loadgen_compliance_test-,loadgen_scenario=Offline,_with_power+,symlink_to=/home/krai/work_collection/experiments_submission/generated_by_power_measurement_on_run_17d78e19f6ea4049b27fa5aefc9bfdf8/last_mlperf_logs,power_client_entrydic_path=/home/krai/work_collection/experiments_submission/generated_by_power_measurement_on_run_17d78e19f6ea4049b27fa5aefc9bfdf8/program_output.json,effective_no_ranging-'
client 2024-01-26 10:46:26,512 [INFO] Sending command to the server: 'time'
client 2024-01-26 10:46:26,514 [INFO] Got response: '1706287586.506096'
client 2024-01-26 10:46:26,514 [INFO] The time difference between the client and the server is within range 6.561 ms..8.143 ms
client 2024-01-26 10:46:26,514 [INFO] Sending command to the server: 'session,2024-01-26_10-34-36,stop,ranging'
client 2024-01-26 10:46:37,453 [INFO] Got response: 'OK'
client 2024-01-26 10:46:37,454 [INFO] Sending command to the server: 'time'
client 2024-01-26 10:46:37,455 [INFO] Got response: '1706287597.4470181'
client 2024-01-26 10:46:37,455 [INFO] The time difference between the client and the server is within range 7.026 ms..8.288 ms
client 2024-01-26 10:46:37,458 [INFO] Copying loadgen logs from '/home/krai/work_collection/experiments_submission/generated_by_power_measurement_on_run_17d78e19f6ea4049b27fa5aefc9bfdf8/last_mlperf_logs' to '/home/krai/work_collection/experiments_submission/generated_by_power_measurement_on_run_17d78e19f6ea4049b27fa5aefc9bfdf8/power_logs/ranging'
client 2024-01-26 10:46:37,458 [INFO] Running workload in testing mode
client 2024-01-26 10:46:37,458 [INFO] Synchronizing with the server and with time.google.com...
client 2024-01-26 10:46:37,549 [INFO] NTP:offset = -0.005 s, delay = 0.090 s 
client 2024-01-26 10:46:37,550 [INFO] Sending command to the server: 'time'
client 2024-01-26 10:46:37,551 [INFO] Got response: '1706287597.543252'
client 2024-01-26 10:46:37,551 [INFO] The time difference between the client and the server is within range 6.820 ms..8.099 ms
client 2024-01-26 10:46:37,551 [INFO] Sending command to the server: 'session,2024-01-26_10-34-36,start,testing'
client 2024-01-26 10:46:50,569 [INFO] Got response: 'OK'
client 2024-01-26 10:46:50,569 [INFO] Sending command to the server: 'time'
client 2024-01-26 10:46:50,570 [INFO] Got response: '1706287610.5621138'
client 2024-01-26 10:46:50,570 [INFO] The time difference between the client and the server is within range 7.103 ms..8.129 ms
client 2024-01-26 10:46:50,570 [INFO] Running the workload 'axs byquery loadgen_output,task=object_detection,sut_name=r282_q8_pro_edge,model_name=retinanet,framework=kilt,device=qaic,collection_name=experiments_submission,loadgen_mode=PerformanceOnly,loadgen_compliance_test-,loadgen_scenario=Offline,_with_power+,symlink_to=/home/krai/work_collection/experiments_submission/generated_by_power_measurement_on_run_17d78e19f6ea4049b27fa5aefc9bfdf8/last_mlperf_logs,power_client_entrydic_path=/home/krai/work_collection/experiments_submission/generated_by_power_measurement_on_run_17d78e19f6ea4049b27fa5aefc9bfdf8/program_output.json,effective_no_ranging-'
client 2024-01-26 10:58:12,066 [INFO] Sending command to the server: 'time'
client 2024-01-26 10:58:12,067 [INFO] Got response: '1706288292.0598757'
client 2024-01-26 10:58:12,067 [INFO] The time difference between the client and the server is within range 6.202 ms..7.793 ms
client 2024-01-26 10:58:12,067 [INFO] Sending command to the server: 'session,2024-01-26_10-34-36,stop,testing'
client 2024-01-26 10:58:22,579 [INFO] Got response: 'OK'
client 2024-01-26 10:58:22,579 [INFO] Sending command to the server: 'time'
client 2024-01-26 10:58:22,579 [INFO] Got response: '1706288302.5722287'
client 2024-01-26 10:58:22,579 [INFO] The time difference between the client and the server is within range 7.042 ms..7.651 ms
client 2024-01-26 10:58:22,580 [INFO] Copying loadgen logs from '/home/krai/work_collection/experiments_submission/generated_by_power_measurement_on_run_17d78e19f6ea4049b27fa5aefc9bfdf8/last_mlperf_logs' to '/home/krai/work_collection/experiments_submission/generated_by_power_measurement_on_run_17d78e19f6ea4049b27fa5aefc9bfdf8/power_logs/run_1'
client 2024-01-26 10:58:22,581 [INFO] Done runs
