client 2024-02-01 12:54:16,274 [INFO] Creating output directory '/home/arjun/results_dir/valid_results/orin-tflite_armnn_cpp-cpu-armnn_tflite-v23.05-using_neon/mobilenet-v2-precision_uint8-0.5-128/singlestream/performance/tmp_power'
client 2024-02-01 12:54:16,277 [INFO] Sending command to the server: 'mlcommons/power client v3'
client 2024-02-01 12:54:16,279 [INFO] Got response: 'mlcommons/power server v3'
client 2024-02-01 12:54:16,279 [INFO] Synchronizing with the server and with time.google.com...
client 2024-02-01 12:54:16,307 [INFO] NTP:offset = -0.004 s, delay = 0.023 s 
client 2024-02-01 12:54:16,308 [INFO] Sending command to the server: 'time'
client 2024-02-01 12:54:16,311 [INFO] Got response: '1706792056.30517'
client 2024-02-01 12:54:16,312 [INFO] The time difference between the client and the server is within range 2.825 ms..6.870 ms
client 2024-02-01 12:54:16,312 [INFO] Sending command to the server: 'new,,33fb51c1-8ff7-4edc-962f-a712205f06ab'
client 2024-02-01 12:54:16,316 [INFO] Got response: 'OK 2024-02-01_12-54-16,cd567c8e-54b2-4f89-a874-c69b8b0597e3'
client 2024-02-01 12:54:16,317 [INFO] Session id is '2024-02-01_12-54-16'
client 2024-02-01 12:54:16,317 [INFO] Sources: {"sources": {"__init__.py": "da39a3ee5e6b4b0d3255bfef95601890afd80709", "client.py": "33ca4f26368777ac06e01f9567b714a4b8063886", "lib/__init__.py": "da39a3ee5e6b4b0d3255bfef95601890afd80709", "lib/client.py": "ac2aa093c8e8bbc9569b9e2a3471bc64e58a2258", "lib/common.py": "611d8b29633d331eb19c9455ea3b5fa3284ed6df", "lib/external/__init__.py": "da39a3ee5e6b4b0d3255bfef95601890afd80709", "lib/external/ntplib.py": "4da8f970656505a40483206ef2b5d3dd5e81711d", "lib/server.py": "99303c836c683aa9017ec565104e636161d02acb", "lib/source_hashes.py": "60a2e02193209e8d392803326208d5466342da18", "lib/summary.py": "aa92f0a3f975eecd44d3c0cd0236342ccc9f941d", "lib/time_sync.py": "80894ef2389e540781ff78de94db16aa4203a14e", "server.py": "c3f90f2f7eeb4db30727556d0c815ebc89b3d28b", "tests/unit/__init__.py": "da39a3ee5e6b4b0d3255bfef95601890afd80709", "tests/unit/test_server.py": "948c1995d4008bc2aa6c4046a34ffa3858d6d671", "tests/unit/test_source_hashes.py": "00468a2907583c593e6574a1f6b404e4651c221a"}, "modules": {"ptd_client_server.lib.client": "lib/client.py", "ptd_client_server.lib.common": "lib/common.py", "ptd_client_server.lib.external.ntplib": "lib/external/ntplib.py", "ptd_client_server.lib.source_hashes": "lib/source_hashes.py", "ptd_client_server.lib.summary": "lib/summary.py", "ptd_client_server.lib.time_sync": "lib/time_sync.py"}}
client 2024-02-01 12:54:16,317 [INFO] Running workload in ranging mode
client 2024-02-01 12:54:16,317 [INFO] Synchronizing with the server and with time.google.com...
client 2024-02-01 12:54:16,342 [INFO] NTP:offset = -0.005 s, delay = 0.023 s 
client 2024-02-01 12:54:16,342 [INFO] Sending command to the server: 'time'
client 2024-02-01 12:54:16,345 [INFO] Got response: '1706792056.339034'
client 2024-02-01 12:54:16,345 [INFO] The time difference between the client and the server is within range 3.107 ms..6.744 ms
client 2024-02-01 12:54:16,345 [INFO] Sending command to the server: 'session,2024-02-01_12-54-16,start,ranging'
client 2024-02-01 12:54:44,496 [INFO] Got response: 'OK'
client 2024-02-01 12:54:44,497 [INFO] Sending command to the server: 'time'
client 2024-02-01 12:54:44,501 [INFO] Got response: '1706792084.4946105'
client 2024-02-01 12:54:44,501 [INFO] The time difference between the client and the server is within range 3.196 ms..7.213 ms
client 2024-02-01 12:54:44,502 [INFO] Running the workload 'CM_MLPERF_RUN_COUNT=$(cat ${CM_RUN_DIR}/count.txt); echo ${CM_MLPERF_RUN_COUNT}; CM_MLPERF_RUN_COUNT=$((CM_MLPERF_RUN_COUNT+1)); echo ${CM_MLPERF_RUN_COUNT} > ${CM_RUN_DIR}/count.txt && if [ ${CM_MLPERF_RUN_COUNT} -eq "1" ]; then export CM_MLPERF_USER_CONF=${CM_MLPERF_RANGING_USER_CONF}; else export CM_MLPERF_USER_CONF=${CM_MLPERF_TESTING_USER_CONF}; fi && /mnt/CM/repos/ctuning@mlcommons-ck/cm-mlops/script/benchmark-any-mlperf-inference-implementation/run.out'
client 2024-02-01 12:59:46,977 [INFO] Sending command to the server: 'time'
client 2024-02-01 12:59:47,044 [INFO] Got response: '1706792387.0368278'
client 2024-02-01 12:59:47,044 [INFO] The time difference between the client and the server is within range -59.902 ms..7.973 ms
client 2024-02-01 12:59:47,045 [INFO] Sending command to the server: 'session,2024-02-01_12-54-16,stop,ranging'
client 2024-02-01 12:59:57,765 [INFO] Got response: 'OK'
client 2024-02-01 12:59:57,766 [INFO] Sending command to the server: 'time'
client 2024-02-01 12:59:57,770 [INFO] Got response: '1706792397.7632492'
client 2024-02-01 12:59:57,770 [INFO] The time difference between the client and the server is within range 3.242 ms..7.394 ms
client 2024-02-01 12:59:57,787 [INFO] Copying loadgen logs from '/home/arjun/results_dir/valid_results/orin-tflite_armnn_cpp-cpu-armnn_tflite-v23.05-using_neon/mobilenet-v2-precision_uint8-0.5-128/singlestream/performance/run_1' to '/home/arjun/results_dir/valid_results/orin-tflite_armnn_cpp-cpu-armnn_tflite-v23.05-using_neon/mobilenet-v2-precision_uint8-0.5-128/singlestream/performance/tmp_power/ranging'
client 2024-02-01 12:59:57,790 [INFO] Running workload in testing mode
client 2024-02-01 12:59:57,790 [INFO] Synchronizing with the server and with time.google.com...
client 2024-02-01 12:59:57,818 [INFO] NTP:offset = -0.005 s, delay = 0.022 s 
client 2024-02-01 12:59:57,818 [INFO] Sending command to the server: 'time'
client 2024-02-01 12:59:57,822 [INFO] Got response: '1706792397.8162472'
client 2024-02-01 12:59:57,823 [INFO] The time difference between the client and the server is within range 2.225 ms..6.837 ms
client 2024-02-01 12:59:57,823 [INFO] Sending command to the server: 'session,2024-02-01_12-54-16,start,testing'
client 2024-02-01 13:00:10,843 [INFO] Got response: 'OK'
client 2024-02-01 13:00:10,845 [INFO] Sending command to the server: 'time'
client 2024-02-01 13:00:10,848 [INFO] Got response: '1706792410.841555'
client 2024-02-01 13:00:10,849 [INFO] The time difference between the client and the server is within range 3.582 ms..7.493 ms
client 2024-02-01 13:00:10,849 [INFO] Running the workload 'CM_MLPERF_RUN_COUNT=$(cat ${CM_RUN_DIR}/count.txt); echo ${CM_MLPERF_RUN_COUNT}; CM_MLPERF_RUN_COUNT=$((CM_MLPERF_RUN_COUNT+1)); echo ${CM_MLPERF_RUN_COUNT} > ${CM_RUN_DIR}/count.txt && if [ ${CM_MLPERF_RUN_COUNT} -eq "1" ]; then export CM_MLPERF_USER_CONF=${CM_MLPERF_RANGING_USER_CONF}; else export CM_MLPERF_USER_CONF=${CM_MLPERF_TESTING_USER_CONF}; fi && /mnt/CM/repos/ctuning@mlcommons-ck/cm-mlops/script/benchmark-any-mlperf-inference-implementation/run.out'
client 2024-02-01 13:10:15,426 [INFO] Sending command to the server: 'time'
client 2024-02-01 13:10:15,461 [INFO] Got response: '1706793015.45426'
client 2024-02-01 13:10:15,462 [INFO] The time difference between the client and the server is within range -28.194 ms..8.101 ms
client 2024-02-01 13:10:15,462 [INFO] Sending command to the server: 'session,2024-02-01_12-54-16,stop,testing'
client 2024-02-01 13:10:25,890 [INFO] Got response: 'OK'
client 2024-02-01 13:10:25,891 [INFO] Sending command to the server: 'time'
client 2024-02-01 13:10:25,894 [INFO] Got response: '1706793025.8879783'
client 2024-02-01 13:10:25,895 [INFO] The time difference between the client and the server is within range 3.865 ms..7.077 ms
client 2024-02-01 13:10:25,899 [INFO] Copying loadgen logs from '/home/arjun/results_dir/valid_results/orin-tflite_armnn_cpp-cpu-armnn_tflite-v23.05-using_neon/mobilenet-v2-precision_uint8-0.5-128/singlestream/performance/run_1' to '/home/arjun/results_dir/valid_results/orin-tflite_armnn_cpp-cpu-armnn_tflite-v23.05-using_neon/mobilenet-v2-precision_uint8-0.5-128/singlestream/performance/tmp_power/run_1'
client 2024-02-01 13:10:25,902 [INFO] Done runs
