client 2024-02-01 01:17:51,772 [INFO] Creating output directory '/home/arjun/results_dir/valid_results/orin-tflite_armnn_cpp-cpu-armnn_tflite-v23.05-using_neon/mobilenet-v1-precision_uint8-0.75-160/singlestream/performance/tmp_power'
client 2024-02-01 01:17:51,946 [INFO] Sending command to the server: 'mlcommons/power client v3'
client 2024-02-01 01:17:51,950 [INFO] Got response: 'mlcommons/power server v3'
client 2024-02-01 01:17:51,950 [INFO] Synchronizing with the server and with time.google.com...
client 2024-02-01 01:17:51,979 [INFO] NTP:offset = -0.006 s, delay = 0.020 s 
client 2024-02-01 01:17:51,979 [INFO] Sending command to the server: 'time'
client 2024-02-01 01:17:51,982 [INFO] Got response: '1706750271.9774377'
client 2024-02-01 01:17:51,982 [INFO] The time difference between the client and the server is within range 2.338 ms..5.261 ms
client 2024-02-01 01:17:51,982 [INFO] Sending command to the server: 'new,,f109cd8f-286d-4bcb-a7ad-af31d8ba8b62'
client 2024-02-01 01:17:51,990 [INFO] Got response: 'OK 2024-02-01_01-17-51,50dd0d2b-88bd-4278-b5d6-29aeec52b443'
client 2024-02-01 01:17:51,990 [INFO] Session id is '2024-02-01_01-17-51'
client 2024-02-01 01:17:51,990 [INFO] Sources: {"sources": {"__init__.py": "da39a3ee5e6b4b0d3255bfef95601890afd80709", "client.py": "33ca4f26368777ac06e01f9567b714a4b8063886", "lib/__init__.py": "da39a3ee5e6b4b0d3255bfef95601890afd80709", "lib/client.py": "ac2aa093c8e8bbc9569b9e2a3471bc64e58a2258", "lib/common.py": "611d8b29633d331eb19c9455ea3b5fa3284ed6df", "lib/external/__init__.py": "da39a3ee5e6b4b0d3255bfef95601890afd80709", "lib/external/ntplib.py": "4da8f970656505a40483206ef2b5d3dd5e81711d", "lib/server.py": "99303c836c683aa9017ec565104e636161d02acb", "lib/source_hashes.py": "60a2e02193209e8d392803326208d5466342da18", "lib/summary.py": "aa92f0a3f975eecd44d3c0cd0236342ccc9f941d", "lib/time_sync.py": "80894ef2389e540781ff78de94db16aa4203a14e", "server.py": "c3f90f2f7eeb4db30727556d0c815ebc89b3d28b", "tests/unit/__init__.py": "da39a3ee5e6b4b0d3255bfef95601890afd80709", "tests/unit/test_server.py": "948c1995d4008bc2aa6c4046a34ffa3858d6d671", "tests/unit/test_source_hashes.py": "00468a2907583c593e6574a1f6b404e4651c221a"}, "modules": {"ptd_client_server.lib.client": "lib/client.py", "ptd_client_server.lib.common": "lib/common.py", "ptd_client_server.lib.external.ntplib": "lib/external/ntplib.py", "ptd_client_server.lib.source_hashes": "lib/source_hashes.py", "ptd_client_server.lib.summary": "lib/summary.py", "ptd_client_server.lib.time_sync": "lib/time_sync.py"}}
client 2024-02-01 01:17:51,991 [INFO] Running workload in ranging mode
client 2024-02-01 01:17:51,991 [INFO] Synchronizing with the server and with time.google.com...
client 2024-02-01 01:17:52,012 [INFO] NTP:offset = -0.007 s, delay = 0.019 s 
client 2024-02-01 01:17:52,013 [INFO] Sending command to the server: 'time'
client 2024-02-01 01:17:52,015 [INFO] Got response: '1706750272.0107298'
client 2024-02-01 01:17:52,016 [INFO] The time difference between the client and the server is within range 2.321 ms..5.352 ms
client 2024-02-01 01:17:52,016 [INFO] Sending command to the server: 'session,2024-02-01_01-17-51,start,ranging'
client 2024-02-01 01:18:20,182 [INFO] Got response: 'OK'
client 2024-02-01 01:18:20,185 [INFO] Sending command to the server: 'time'
client 2024-02-01 01:18:20,188 [INFO] Got response: '1706750300.1834066'
client 2024-02-01 01:18:20,188 [INFO] The time difference between the client and the server is within range 1.772 ms..5.256 ms
client 2024-02-01 01:18:20,188 [INFO] Running the workload 'CM_MLPERF_RUN_COUNT=$(cat ${CM_RUN_DIR}/count.txt); echo ${CM_MLPERF_RUN_COUNT}; CM_MLPERF_RUN_COUNT=$((CM_MLPERF_RUN_COUNT+1)); echo ${CM_MLPERF_RUN_COUNT} > ${CM_RUN_DIR}/count.txt && if [ ${CM_MLPERF_RUN_COUNT} -eq "1" ]; then export CM_MLPERF_USER_CONF=${CM_MLPERF_RANGING_USER_CONF}; else export CM_MLPERF_USER_CONF=${CM_MLPERF_TESTING_USER_CONF}; fi && /mnt/CM/repos/ctuning@mlcommons-ck/cm-mlops/script/benchmark-any-mlperf-inference-implementation/run.out'
client 2024-02-01 01:23:22,794 [INFO] Sending command to the server: 'time'
client 2024-02-01 01:23:23,005 [INFO] Got response: '1706750602.999098'
client 2024-02-01 01:23:23,006 [INFO] The time difference between the client and the server is within range -204.530 ms..7.063 ms
client 2024-02-01 01:23:23,006 [INFO] Sending command to the server: 'session,2024-02-01_01-17-51,stop,ranging'
client 2024-02-01 01:23:33,361 [INFO] Got response: 'OK'
client 2024-02-01 01:23:33,362 [INFO] Sending command to the server: 'time'
client 2024-02-01 01:23:33,365 [INFO] Got response: '1706750613.360635'
client 2024-02-01 01:23:33,366 [INFO] The time difference between the client and the server is within range 1.596 ms..5.558 ms
client 2024-02-01 01:23:33,384 [INFO] Copying loadgen logs from '/home/arjun/results_dir/valid_results/orin-tflite_armnn_cpp-cpu-armnn_tflite-v23.05-using_neon/mobilenet-v1-precision_uint8-0.75-160/singlestream/performance/run_1' to '/home/arjun/results_dir/valid_results/orin-tflite_armnn_cpp-cpu-armnn_tflite-v23.05-using_neon/mobilenet-v1-precision_uint8-0.75-160/singlestream/performance/tmp_power/ranging'
client 2024-02-01 01:23:33,386 [INFO] Running workload in testing mode
client 2024-02-01 01:23:33,387 [INFO] Synchronizing with the server and with time.google.com...
client 2024-02-01 01:23:33,413 [INFO] NTP:offset = -0.005 s, delay = 0.021 s 
client 2024-02-01 01:23:33,413 [INFO] Sending command to the server: 'time'
client 2024-02-01 01:23:33,417 [INFO] Got response: '1706750613.4120567'
client 2024-02-01 01:23:33,417 [INFO] The time difference between the client and the server is within range 1.728 ms..5.274 ms
client 2024-02-01 01:23:33,417 [INFO] Sending command to the server: 'session,2024-02-01_01-17-51,start,testing'
client 2024-02-01 01:23:46,438 [INFO] Got response: 'OK'
client 2024-02-01 01:23:46,439 [INFO] Sending command to the server: 'time'
client 2024-02-01 01:23:46,441 [INFO] Got response: '1706750626.4369214'
client 2024-02-01 01:23:46,442 [INFO] The time difference between the client and the server is within range 2.201 ms..5.108 ms
client 2024-02-01 01:23:46,442 [INFO] Running the workload 'CM_MLPERF_RUN_COUNT=$(cat ${CM_RUN_DIR}/count.txt); echo ${CM_MLPERF_RUN_COUNT}; CM_MLPERF_RUN_COUNT=$((CM_MLPERF_RUN_COUNT+1)); echo ${CM_MLPERF_RUN_COUNT} > ${CM_RUN_DIR}/count.txt && if [ ${CM_MLPERF_RUN_COUNT} -eq "1" ]; then export CM_MLPERF_USER_CONF=${CM_MLPERF_RANGING_USER_CONF}; else export CM_MLPERF_USER_CONF=${CM_MLPERF_TESTING_USER_CONF}; fi && /mnt/CM/repos/ctuning@mlcommons-ck/cm-mlops/script/benchmark-any-mlperf-inference-implementation/run.out'
client 2024-02-01 01:33:51,106 [INFO] Sending command to the server: 'time'
client 2024-02-01 01:33:51,135 [INFO] Got response: '1706751231.1303718'
client 2024-02-01 01:33:51,136 [INFO] The time difference between the client and the server is within range -24.435 ms..5.856 ms
client 2024-02-01 01:33:51,136 [INFO] Sending command to the server: 'session,2024-02-01_01-17-51,stop,testing'
client 2024-02-01 01:34:01,489 [INFO] Got response: 'OK'
client 2024-02-01 01:34:01,490 [INFO] Sending command to the server: 'time'
client 2024-02-01 01:34:01,493 [INFO] Got response: '1706751241.4884388'
client 2024-02-01 01:34:01,494 [INFO] The time difference between the client and the server is within range 1.920 ms..5.833 ms
client 2024-02-01 01:34:01,498 [INFO] Copying loadgen logs from '/home/arjun/results_dir/valid_results/orin-tflite_armnn_cpp-cpu-armnn_tflite-v23.05-using_neon/mobilenet-v1-precision_uint8-0.75-160/singlestream/performance/run_1' to '/home/arjun/results_dir/valid_results/orin-tflite_armnn_cpp-cpu-armnn_tflite-v23.05-using_neon/mobilenet-v1-precision_uint8-0.75-160/singlestream/performance/tmp_power/run_1'
client 2024-02-01 01:34:01,501 [INFO] Done runs
