client 2024-01-29 05:58:41,252 [INFO] Creating output directory '/home/arjun/results_dir/valid_results/orin-tflite_cpp-cpu-tflite-vmaster-default_config/mobilenet-v1-precision_uint8-0.25-128/singlestream/performance/tmp_power'
client 2024-01-29 05:58:41,419 [INFO] Sending command to the server: 'mlcommons/power client v3'
client 2024-01-29 05:58:41,423 [INFO] Got response: 'mlcommons/power server v3'
client 2024-01-29 05:58:41,423 [INFO] Synchronizing with the server and with time.google.com...
client 2024-01-29 05:58:41,454 [INFO] NTP:offset = -0.002 s, delay = 0.025 s 
client 2024-01-29 05:58:41,454 [INFO] Sending command to the server: 'time'
client 2024-01-29 05:58:41,457 [INFO] Got response: '1706507921.454952'
client 2024-01-29 05:58:41,457 [INFO] The time difference between the client and the server is within range -0.728 ms..2.180 ms
client 2024-01-29 05:58:41,457 [INFO] Sending command to the server: 'new,,9906c047-e05f-4e72-92c9-7663b9dc7f9a'
client 2024-01-29 05:58:41,460 [INFO] Got response: 'OK 2024-01-29_05-58-41,b75ea494-499e-481e-aa97-947ae95fd362'
client 2024-01-29 05:58:41,460 [INFO] Session id is '2024-01-29_05-58-41'
client 2024-01-29 05:58:41,460 [INFO] Sources: {"sources": {"__init__.py": "da39a3ee5e6b4b0d3255bfef95601890afd80709", "client.py": "33ca4f26368777ac06e01f9567b714a4b8063886", "lib/__init__.py": "da39a3ee5e6b4b0d3255bfef95601890afd80709", "lib/client.py": "ac2aa093c8e8bbc9569b9e2a3471bc64e58a2258", "lib/common.py": "611d8b29633d331eb19c9455ea3b5fa3284ed6df", "lib/external/__init__.py": "da39a3ee5e6b4b0d3255bfef95601890afd80709", "lib/external/ntplib.py": "4da8f970656505a40483206ef2b5d3dd5e81711d", "lib/server.py": "99303c836c683aa9017ec565104e636161d02acb", "lib/source_hashes.py": "60a2e02193209e8d392803326208d5466342da18", "lib/summary.py": "aa92f0a3f975eecd44d3c0cd0236342ccc9f941d", "lib/time_sync.py": "80894ef2389e540781ff78de94db16aa4203a14e", "server.py": "c3f90f2f7eeb4db30727556d0c815ebc89b3d28b", "tests/unit/__init__.py": "da39a3ee5e6b4b0d3255bfef95601890afd80709", "tests/unit/test_server.py": "948c1995d4008bc2aa6c4046a34ffa3858d6d671", "tests/unit/test_source_hashes.py": "00468a2907583c593e6574a1f6b404e4651c221a"}, "modules": {"ptd_client_server.lib.client": "lib/client.py", "ptd_client_server.lib.common": "lib/common.py", "ptd_client_server.lib.external.ntplib": "lib/external/ntplib.py", "ptd_client_server.lib.source_hashes": "lib/source_hashes.py", "ptd_client_server.lib.summary": "lib/summary.py", "ptd_client_server.lib.time_sync": "lib/time_sync.py"}}
client 2024-01-29 05:58:41,461 [INFO] Running workload in ranging mode
client 2024-01-29 05:58:41,461 [INFO] Synchronizing with the server and with time.google.com...
client 2024-01-29 05:58:41,488 [INFO] NTP:offset = -0.003 s, delay = 0.025 s 
client 2024-01-29 05:58:41,488 [INFO] Sending command to the server: 'time'
client 2024-01-29 05:58:41,491 [INFO] Got response: '1706507921.489064'
client 2024-01-29 05:58:41,491 [INFO] The time difference between the client and the server is within range -0.733 ms..2.099 ms
client 2024-01-29 05:58:41,491 [INFO] Sending command to the server: 'session,2024-01-29_05-58-41,start,ranging'
client 2024-01-29 05:59:09,567 [INFO] Got response: 'OK'
client 2024-01-29 05:59:09,569 [INFO] Sending command to the server: 'time'
client 2024-01-29 05:59:09,573 [INFO] Got response: '1706507949.5707538'
client 2024-01-29 05:59:09,573 [INFO] The time difference between the client and the server is within range -1.056 ms..2.681 ms
client 2024-01-29 05:59:09,573 [INFO] Running the workload 'CM_MLPERF_RUN_COUNT=$(cat ${CM_RUN_DIR}/count.txt); echo ${CM_MLPERF_RUN_COUNT}; CM_MLPERF_RUN_COUNT=$((CM_MLPERF_RUN_COUNT+1)); echo ${CM_MLPERF_RUN_COUNT} > ${CM_RUN_DIR}/count.txt && if [ ${CM_MLPERF_RUN_COUNT} -eq "1" ]; then export CM_MLPERF_USER_CONF=${CM_MLPERF_RANGING_USER_CONF}; else export CM_MLPERF_USER_CONF=${CM_MLPERF_TESTING_USER_CONF}; fi && /mnt/CM/repos/ctuning@mlcommons-ck/cm-mlops/script/benchmark-any-mlperf-inference-implementation/run.out'
client 2024-01-29 06:04:12,140 [INFO] Sending command to the server: 'time'
client 2024-01-29 06:04:12,179 [INFO] Got response: '1706508252.1765893'
client 2024-01-29 06:04:12,179 [INFO] The time difference between the client and the server is within range -36.298 ms..3.221 ms
client 2024-01-29 06:04:12,180 [INFO] Sending command to the server: 'session,2024-01-29_05-58-41,stop,ranging'
client 2024-01-29 06:04:22,666 [INFO] Got response: 'OK'
client 2024-01-29 06:04:22,667 [INFO] Sending command to the server: 'time'
client 2024-01-29 06:04:22,670 [INFO] Got response: '1706508262.668478'
client 2024-01-29 06:04:22,670 [INFO] The time difference between the client and the server is within range -1.400 ms..2.377 ms
client 2024-01-29 06:04:22,688 [INFO] Copying loadgen logs from '/home/arjun/results_dir/valid_results/orin-tflite_cpp-cpu-tflite-vmaster-default_config/mobilenet-v1-precision_uint8-0.25-128/singlestream/performance/run_1' to '/home/arjun/results_dir/valid_results/orin-tflite_cpp-cpu-tflite-vmaster-default_config/mobilenet-v1-precision_uint8-0.25-128/singlestream/performance/tmp_power/ranging'
client 2024-01-29 06:04:22,691 [INFO] Running workload in testing mode
client 2024-01-29 06:04:22,692 [INFO] Synchronizing with the server and with time.google.com...
client 2024-01-29 06:04:22,730 [INFO] NTP:offset = -0.004 s, delay = 0.022 s 
client 2024-01-29 06:04:22,730 [INFO] Sending command to the server: 'time'
client 2024-01-29 06:04:22,734 [INFO] Got response: '1706508262.7318904'
client 2024-01-29 06:04:22,734 [INFO] The time difference between the client and the server is within range -1.451 ms..2.325 ms
client 2024-01-29 06:04:22,734 [INFO] Sending command to the server: 'session,2024-01-29_05-58-41,start,testing'
client 2024-01-29 06:04:35,756 [INFO] Got response: 'OK'
client 2024-01-29 06:04:35,756 [INFO] Sending command to the server: 'time'
client 2024-01-29 06:04:35,760 [INFO] Got response: '1706508275.7581453'
client 2024-01-29 06:04:35,760 [INFO] The time difference between the client and the server is within range -1.391 ms..2.291 ms
client 2024-01-29 06:04:35,760 [INFO] Running the workload 'CM_MLPERF_RUN_COUNT=$(cat ${CM_RUN_DIR}/count.txt); echo ${CM_MLPERF_RUN_COUNT}; CM_MLPERF_RUN_COUNT=$((CM_MLPERF_RUN_COUNT+1)); echo ${CM_MLPERF_RUN_COUNT} > ${CM_RUN_DIR}/count.txt && if [ ${CM_MLPERF_RUN_COUNT} -eq "1" ]; then export CM_MLPERF_USER_CONF=${CM_MLPERF_RANGING_USER_CONF}; else export CM_MLPERF_USER_CONF=${CM_MLPERF_TESTING_USER_CONF}; fi && /mnt/CM/repos/ctuning@mlcommons-ck/cm-mlops/script/benchmark-any-mlperf-inference-implementation/run.out'
client 2024-01-29 06:14:40,473 [INFO] Sending command to the server: 'time'
client 2024-01-29 06:14:40,477 [INFO] Got response: '1706508880.4755867'
client 2024-01-29 06:14:40,477 [INFO] The time difference between the client and the server is within range -2.085 ms..1.893 ms
client 2024-01-29 06:14:40,477 [INFO] Sending command to the server: 'session,2024-01-29_05-58-41,stop,testing'
client 2024-01-29 06:14:50,816 [INFO] Got response: 'OK'
client 2024-01-29 06:14:50,817 [INFO] Sending command to the server: 'time'
client 2024-01-29 06:14:50,820 [INFO] Got response: '1706508890.818421'
client 2024-01-29 06:14:50,820 [INFO] The time difference between the client and the server is within range -1.247 ms..2.118 ms
client 2024-01-29 06:14:50,825 [INFO] Copying loadgen logs from '/home/arjun/results_dir/valid_results/orin-tflite_cpp-cpu-tflite-vmaster-default_config/mobilenet-v1-precision_uint8-0.25-128/singlestream/performance/run_1' to '/home/arjun/results_dir/valid_results/orin-tflite_cpp-cpu-tflite-vmaster-default_config/mobilenet-v1-precision_uint8-0.25-128/singlestream/performance/tmp_power/run_1'
client 2024-01-29 06:14:50,827 [INFO] Done runs
