client 2024-01-29 17:00:54,124 [INFO] Creating output directory '/home/arjun/results_dir/valid_results/orin-tflite_cpp-cpu-tflite-vmaster-default_config/efficientnet-fp32-lite0/singlestream/performance/tmp_power'
client 2024-01-29 17:00:54,143 [INFO] Sending command to the server: 'mlcommons/power client v3'
client 2024-01-29 17:00:54,147 [INFO] Got response: 'mlcommons/power server v3'
client 2024-01-29 17:00:54,147 [INFO] Synchronizing with the server and with time.google.com...
client 2024-01-29 17:00:54,172 [INFO] NTP:offset = -0.004 s, delay = 0.019 s 
client 2024-01-29 17:00:54,172 [INFO] Sending command to the server: 'time'
client 2024-01-29 17:00:54,176 [INFO] Got response: '1706547654.1732495'
client 2024-01-29 17:00:54,176 [INFO] The time difference between the client and the server is within range -0.623 ms..3.352 ms
client 2024-01-29 17:00:54,176 [INFO] Sending command to the server: 'new,,3601b5dc-390a-4d39-80c6-442e73b013cb'
client 2024-01-29 17:00:54,180 [INFO] Got response: 'OK 2024-01-29_17-00-54,3f39d311-73bc-47ae-b2b3-922cd51d9e5e'
client 2024-01-29 17:00:54,180 [INFO] Session id is '2024-01-29_17-00-54'
client 2024-01-29 17:00:54,180 [INFO] Sources: {"sources": {"__init__.py": "da39a3ee5e6b4b0d3255bfef95601890afd80709", "client.py": "33ca4f26368777ac06e01f9567b714a4b8063886", "lib/__init__.py": "da39a3ee5e6b4b0d3255bfef95601890afd80709", "lib/client.py": "ac2aa093c8e8bbc9569b9e2a3471bc64e58a2258", "lib/common.py": "611d8b29633d331eb19c9455ea3b5fa3284ed6df", "lib/external/__init__.py": "da39a3ee5e6b4b0d3255bfef95601890afd80709", "lib/external/ntplib.py": "4da8f970656505a40483206ef2b5d3dd5e81711d", "lib/server.py": "99303c836c683aa9017ec565104e636161d02acb", "lib/source_hashes.py": "60a2e02193209e8d392803326208d5466342da18", "lib/summary.py": "aa92f0a3f975eecd44d3c0cd0236342ccc9f941d", "lib/time_sync.py": "80894ef2389e540781ff78de94db16aa4203a14e", "server.py": "c3f90f2f7eeb4db30727556d0c815ebc89b3d28b", "tests/unit/__init__.py": "da39a3ee5e6b4b0d3255bfef95601890afd80709", "tests/unit/test_server.py": "948c1995d4008bc2aa6c4046a34ffa3858d6d671", "tests/unit/test_source_hashes.py": "00468a2907583c593e6574a1f6b404e4651c221a"}, "modules": {"ptd_client_server.lib.client": "lib/client.py", "ptd_client_server.lib.common": "lib/common.py", "ptd_client_server.lib.external.ntplib": "lib/external/ntplib.py", "ptd_client_server.lib.source_hashes": "lib/source_hashes.py", "ptd_client_server.lib.summary": "lib/summary.py", "ptd_client_server.lib.time_sync": "lib/time_sync.py"}}
client 2024-01-29 17:00:54,181 [INFO] Running workload in ranging mode
client 2024-01-29 17:00:54,181 [INFO] Synchronizing with the server and with time.google.com...
client 2024-01-29 17:00:54,202 [INFO] NTP:offset = -0.005 s, delay = 0.020 s 
client 2024-01-29 17:00:54,202 [INFO] Sending command to the server: 'time'
client 2024-01-29 17:00:54,205 [INFO] Got response: '1706547654.202267'
client 2024-01-29 17:00:54,205 [INFO] The time difference between the client and the server is within range 0.144 ms..3.602 ms
client 2024-01-29 17:00:54,205 [INFO] Sending command to the server: 'session,2024-01-29_17-00-54,start,ranging'
client 2024-01-29 17:01:22,290 [INFO] Got response: 'OK'
client 2024-01-29 17:01:22,293 [INFO] Sending command to the server: 'time'
client 2024-01-29 17:01:22,297 [INFO] Got response: '1706547682.2934618'
client 2024-01-29 17:01:22,297 [INFO] The time difference between the client and the server is within range -0.170 ms..3.994 ms
client 2024-01-29 17:01:22,297 [INFO] Running the workload 'CM_MLPERF_RUN_COUNT=$(cat ${CM_RUN_DIR}/count.txt); echo ${CM_MLPERF_RUN_COUNT}; CM_MLPERF_RUN_COUNT=$((CM_MLPERF_RUN_COUNT+1)); echo ${CM_MLPERF_RUN_COUNT} > ${CM_RUN_DIR}/count.txt && if [ ${CM_MLPERF_RUN_COUNT} -eq "1" ]; then export CM_MLPERF_USER_CONF=${CM_MLPERF_RANGING_USER_CONF}; else export CM_MLPERF_USER_CONF=${CM_MLPERF_TESTING_USER_CONF}; fi && /mnt/CM/repos/ctuning@mlcommons-ck/cm-mlops/script/benchmark-any-mlperf-inference-implementation/run.out'
client 2024-01-29 17:06:25,700 [INFO] Sending command to the server: 'time'
client 2024-01-29 17:06:25,704 [INFO] Got response: '1706547985.7012103'
client 2024-01-29 17:06:25,705 [INFO] The time difference between the client and the server is within range -0.939 ms..3.921 ms
client 2024-01-29 17:06:25,705 [INFO] Sending command to the server: 'session,2024-01-29_17-00-54,stop,ranging'
client 2024-01-29 17:06:36,409 [INFO] Got response: 'OK'
client 2024-01-29 17:06:36,410 [INFO] Sending command to the server: 'time'
client 2024-01-29 17:06:36,414 [INFO] Got response: '1706547996.4113414'
client 2024-01-29 17:06:36,414 [INFO] The time difference between the client and the server is within range -0.580 ms..3.535 ms
client 2024-01-29 17:06:36,431 [INFO] Copying loadgen logs from '/home/arjun/results_dir/valid_results/orin-tflite_cpp-cpu-tflite-vmaster-default_config/efficientnet-fp32-lite0/singlestream/performance/run_1' to '/home/arjun/results_dir/valid_results/orin-tflite_cpp-cpu-tflite-vmaster-default_config/efficientnet-fp32-lite0/singlestream/performance/tmp_power/ranging'
client 2024-01-29 17:06:36,434 [INFO] Running workload in testing mode
client 2024-01-29 17:06:36,434 [INFO] Synchronizing with the server and with time.google.com...
client 2024-01-29 17:06:36,459 [INFO] NTP:offset = -0.004 s, delay = 0.020 s 
client 2024-01-29 17:06:36,459 [INFO] Sending command to the server: 'time'
client 2024-01-29 17:06:36,462 [INFO] Got response: '1706547996.4593897'
client 2024-01-29 17:06:36,462 [INFO] The time difference between the client and the server is within range -0.114 ms..3.036 ms
client 2024-01-29 17:06:36,462 [INFO] Sending command to the server: 'session,2024-01-29_17-00-54,start,testing'
client 2024-01-29 17:06:49,484 [INFO] Got response: 'OK'
client 2024-01-29 17:06:49,485 [INFO] Sending command to the server: 'time'
client 2024-01-29 17:06:49,488 [INFO] Got response: '1706548009.4853146'
client 2024-01-29 17:06:49,488 [INFO] The time difference between the client and the server is within range -0.034 ms..3.249 ms
client 2024-01-29 17:06:49,488 [INFO] Running the workload 'CM_MLPERF_RUN_COUNT=$(cat ${CM_RUN_DIR}/count.txt); echo ${CM_MLPERF_RUN_COUNT}; CM_MLPERF_RUN_COUNT=$((CM_MLPERF_RUN_COUNT+1)); echo ${CM_MLPERF_RUN_COUNT} > ${CM_RUN_DIR}/count.txt && if [ ${CM_MLPERF_RUN_COUNT} -eq "1" ]; then export CM_MLPERF_USER_CONF=${CM_MLPERF_RANGING_USER_CONF}; else export CM_MLPERF_USER_CONF=${CM_MLPERF_TESTING_USER_CONF}; fi && /mnt/CM/repos/ctuning@mlcommons-ck/cm-mlops/script/benchmark-any-mlperf-inference-implementation/run.out'
client 2024-01-29 17:16:54,180 [INFO] Sending command to the server: 'time'
client 2024-01-29 17:16:54,185 [INFO] Got response: '1706548614.182258'
client 2024-01-29 17:16:54,185 [INFO] The time difference between the client and the server is within range -1.796 ms..3.496 ms
client 2024-01-29 17:16:54,186 [INFO] Sending command to the server: 'session,2024-01-29_17-00-54,stop,testing'
client 2024-01-29 17:17:04,542 [INFO] Got response: 'OK'
client 2024-01-29 17:17:04,542 [INFO] Sending command to the server: 'time'
client 2024-01-29 17:17:04,547 [INFO] Got response: '1706548624.5434084'
client 2024-01-29 17:17:04,547 [INFO] The time difference between the client and the server is within range -0.499 ms..4.382 ms
client 2024-01-29 17:17:04,552 [INFO] Copying loadgen logs from '/home/arjun/results_dir/valid_results/orin-tflite_cpp-cpu-tflite-vmaster-default_config/efficientnet-fp32-lite0/singlestream/performance/run_1' to '/home/arjun/results_dir/valid_results/orin-tflite_cpp-cpu-tflite-vmaster-default_config/efficientnet-fp32-lite0/singlestream/performance/tmp_power/run_1'
client 2024-01-29 17:17:04,565 [INFO] Done runs
