client 2024-02-01 13:44:01,226 [INFO] Creating output directory '/home/arjun/results_dir/valid_results/orin-tflite_armnn_cpp-cpu-armnn_tflite-v23.05-using_neon_with_live_preprocessing/mobilenet-v2-precision_float-0.35-192/singlestream/performance/tmp_power'
client 2024-02-01 13:44:01,229 [INFO] Sending command to the server: 'mlcommons/power client v3'
client 2024-02-01 13:44:01,233 [INFO] Got response: 'mlcommons/power server v3'
client 2024-02-01 13:44:01,233 [INFO] Synchronizing with the server and with time.google.com...
client 2024-02-01 13:44:01,259 [INFO] NTP:offset = -0.004 s, delay = 0.021 s 
client 2024-02-01 13:44:01,259 [INFO] Sending command to the server: 'time'
client 2024-02-01 13:44:01,263 [INFO] Got response: '1706795041.255319'
client 2024-02-01 13:44:01,263 [INFO] The time difference between the client and the server is within range 3.955 ms..8.265 ms
client 2024-02-01 13:44:01,263 [INFO] Sending command to the server: 'new,,f22f18f4-78be-40c9-95c2-05f2aa005659'
client 2024-02-01 13:44:01,267 [INFO] Got response: 'OK 2024-02-01_13-44-01,ae5bee86-6f0e-4bc7-9ec0-31bcfb32fae4'
client 2024-02-01 13:44:01,267 [INFO] Session id is '2024-02-01_13-44-01'
client 2024-02-01 13:44:01,268 [INFO] Sources: {"sources": {"__init__.py": "da39a3ee5e6b4b0d3255bfef95601890afd80709", "client.py": "33ca4f26368777ac06e01f9567b714a4b8063886", "lib/__init__.py": "da39a3ee5e6b4b0d3255bfef95601890afd80709", "lib/client.py": "ac2aa093c8e8bbc9569b9e2a3471bc64e58a2258", "lib/common.py": "611d8b29633d331eb19c9455ea3b5fa3284ed6df", "lib/external/__init__.py": "da39a3ee5e6b4b0d3255bfef95601890afd80709", "lib/external/ntplib.py": "4da8f970656505a40483206ef2b5d3dd5e81711d", "lib/server.py": "99303c836c683aa9017ec565104e636161d02acb", "lib/source_hashes.py": "60a2e02193209e8d392803326208d5466342da18", "lib/summary.py": "aa92f0a3f975eecd44d3c0cd0236342ccc9f941d", "lib/time_sync.py": "80894ef2389e540781ff78de94db16aa4203a14e", "server.py": "c3f90f2f7eeb4db30727556d0c815ebc89b3d28b", "tests/unit/__init__.py": "da39a3ee5e6b4b0d3255bfef95601890afd80709", "tests/unit/test_server.py": "948c1995d4008bc2aa6c4046a34ffa3858d6d671", "tests/unit/test_source_hashes.py": "00468a2907583c593e6574a1f6b404e4651c221a"}, "modules": {"ptd_client_server.lib.client": "lib/client.py", "ptd_client_server.lib.common": "lib/common.py", "ptd_client_server.lib.external.ntplib": "lib/external/ntplib.py", "ptd_client_server.lib.source_hashes": "lib/source_hashes.py", "ptd_client_server.lib.summary": "lib/summary.py", "ptd_client_server.lib.time_sync": "lib/time_sync.py"}}
client 2024-02-01 13:44:01,268 [INFO] Running workload in ranging mode
client 2024-02-01 13:44:01,268 [INFO] Synchronizing with the server and with time.google.com...
client 2024-02-01 13:44:01,291 [INFO] NTP:offset = -0.004 s, delay = 0.022 s 
client 2024-02-01 13:44:01,291 [INFO] Sending command to the server: 'time'
client 2024-02-01 13:44:01,295 [INFO] Got response: '1706795041.2872427'
client 2024-02-01 13:44:01,295 [INFO] The time difference between the client and the server is within range 3.936 ms..8.221 ms
client 2024-02-01 13:44:01,295 [INFO] Sending command to the server: 'session,2024-02-01_13-44-01,start,ranging'
client 2024-02-01 13:44:29,353 [INFO] Got response: 'OK'
client 2024-02-01 13:44:29,356 [INFO] Sending command to the server: 'time'
client 2024-02-01 13:44:29,360 [INFO] Got response: '1706795069.3520985'
client 2024-02-01 13:44:29,361 [INFO] The time difference between the client and the server is within range 3.960 ms..9.241 ms
client 2024-02-01 13:44:29,361 [INFO] Running the workload 'CM_MLPERF_RUN_COUNT=$(cat ${CM_RUN_DIR}/count.txt); echo ${CM_MLPERF_RUN_COUNT}; CM_MLPERF_RUN_COUNT=$((CM_MLPERF_RUN_COUNT+1)); echo ${CM_MLPERF_RUN_COUNT} > ${CM_RUN_DIR}/count.txt && if [ ${CM_MLPERF_RUN_COUNT} -eq "1" ]; then export CM_MLPERF_USER_CONF=${CM_MLPERF_RANGING_USER_CONF}; else export CM_MLPERF_USER_CONF=${CM_MLPERF_TESTING_USER_CONF}; fi && /mnt/CM/repos/ctuning@mlcommons-ck/cm-mlops/script/benchmark-any-mlperf-inference-implementation/run.out'
client 2024-02-01 13:49:31,998 [INFO] Sending command to the server: 'time'
client 2024-02-01 13:49:32,020 [INFO] Got response: '1706795372.0137687'
client 2024-02-01 13:49:32,021 [INFO] The time difference between the client and the server is within range -15.925 ms..7.187 ms
client 2024-02-01 13:49:32,021 [INFO] Sending command to the server: 'session,2024-02-01_13-44-01,stop,ranging'
client 2024-02-01 13:49:42,552 [INFO] Got response: 'OK'
client 2024-02-01 13:49:42,553 [INFO] Sending command to the server: 'time'
client 2024-02-01 13:49:42,556 [INFO] Got response: '1706795382.5499952'
client 2024-02-01 13:49:42,556 [INFO] The time difference between the client and the server is within range 3.381 ms..6.883 ms
client 2024-02-01 13:49:42,573 [INFO] Copying loadgen logs from '/home/arjun/results_dir/valid_results/orin-tflite_armnn_cpp-cpu-armnn_tflite-v23.05-using_neon_with_live_preprocessing/mobilenet-v2-precision_float-0.35-192/singlestream/performance/run_1' to '/home/arjun/results_dir/valid_results/orin-tflite_armnn_cpp-cpu-armnn_tflite-v23.05-using_neon_with_live_preprocessing/mobilenet-v2-precision_float-0.35-192/singlestream/performance/tmp_power/ranging'
client 2024-02-01 13:49:42,575 [INFO] Running workload in testing mode
client 2024-02-01 13:49:42,575 [INFO] Synchronizing with the server and with time.google.com...
client 2024-02-01 13:49:42,602 [INFO] NTP:offset = -0.003 s, delay = 0.022 s 
client 2024-02-01 13:49:42,602 [INFO] Sending command to the server: 'time'
client 2024-02-01 13:49:42,606 [INFO] Got response: '1706795382.5995374'
client 2024-02-01 13:49:42,606 [INFO] The time difference between the client and the server is within range 3.171 ms..7.411 ms
client 2024-02-01 13:49:42,607 [INFO] Sending command to the server: 'session,2024-02-01_13-44-01,start,testing'
client 2024-02-01 13:49:55,625 [INFO] Got response: 'OK'
client 2024-02-01 13:49:55,626 [INFO] Sending command to the server: 'time'
client 2024-02-01 13:49:55,630 [INFO] Got response: '1706795395.6229525'
client 2024-02-01 13:49:55,630 [INFO] The time difference between the client and the server is within range 3.430 ms..7.397 ms
client 2024-02-01 13:49:55,630 [INFO] Running the workload 'CM_MLPERF_RUN_COUNT=$(cat ${CM_RUN_DIR}/count.txt); echo ${CM_MLPERF_RUN_COUNT}; CM_MLPERF_RUN_COUNT=$((CM_MLPERF_RUN_COUNT+1)); echo ${CM_MLPERF_RUN_COUNT} > ${CM_RUN_DIR}/count.txt && if [ ${CM_MLPERF_RUN_COUNT} -eq "1" ]; then export CM_MLPERF_USER_CONF=${CM_MLPERF_RANGING_USER_CONF}; else export CM_MLPERF_USER_CONF=${CM_MLPERF_TESTING_USER_CONF}; fi && /mnt/CM/repos/ctuning@mlcommons-ck/cm-mlops/script/benchmark-any-mlperf-inference-implementation/run.out'
client 2024-02-01 14:00:00,327 [INFO] Sending command to the server: 'time'
client 2024-02-01 14:00:00,355 [INFO] Got response: '1706796000.3485222'
client 2024-02-01 14:00:00,355 [INFO] The time difference between the client and the server is within range -21.208 ms..7.159 ms
client 2024-02-01 14:00:00,355 [INFO] Sending command to the server: 'session,2024-02-01_13-44-01,stop,testing'
client 2024-02-01 14:00:10,643 [INFO] Got response: 'OK'
client 2024-02-01 14:00:10,644 [INFO] Sending command to the server: 'time'
client 2024-02-01 14:00:10,647 [INFO] Got response: '1706796010.641676'
client 2024-02-01 14:00:10,648 [INFO] The time difference between the client and the server is within range 3.024 ms..6.378 ms
client 2024-02-01 14:00:10,652 [INFO] Copying loadgen logs from '/home/arjun/results_dir/valid_results/orin-tflite_armnn_cpp-cpu-armnn_tflite-v23.05-using_neon_with_live_preprocessing/mobilenet-v2-precision_float-0.35-192/singlestream/performance/run_1' to '/home/arjun/results_dir/valid_results/orin-tflite_armnn_cpp-cpu-armnn_tflite-v23.05-using_neon_with_live_preprocessing/mobilenet-v2-precision_float-0.35-192/singlestream/performance/tmp_power/run_1'
client 2024-02-01 14:00:10,654 [INFO] Done runs
