client 2024-02-04 09:01:53,506 [INFO] Creating output directory '/home/arjun/results_dir/valid_results/orin-tflite_armnn_cpp-cpu-armnn_tflite-v23.11-using_neon/mobilenet-v1-precision_uint8-0.25-128/singlestream/performance/tmp_power'
client 2024-02-04 09:01:53,509 [INFO] Sending command to the server: 'mlcommons/power client v3'
client 2024-02-04 09:01:53,513 [INFO] Got response: 'mlcommons/power server v3'
client 2024-02-04 09:01:53,513 [INFO] Synchronizing with the server and with time.google.com...
client 2024-02-04 09:01:53,540 [INFO] NTP:offset = 0.001 s, delay = 0.022 s 
client 2024-02-04 09:01:53,541 [INFO] Sending command to the server: 'time'
client 2024-02-04 09:01:53,544 [INFO] Got response: '1707037313.5433452'
client 2024-02-04 09:01:53,544 [INFO] The time difference between the client and the server is within range -2.285 ms..1.593 ms
client 2024-02-04 09:01:53,545 [INFO] Sending command to the server: 'new,,4499076e-dc1f-42a1-aee9-40203faf02f2'
client 2024-02-04 09:01:53,547 [INFO] Got response: 'OK 2024-02-04_09-01-53,470712c3-eb54-40be-a327-5016fc5db688'
client 2024-02-04 09:01:53,547 [INFO] Session id is '2024-02-04_09-01-53'
client 2024-02-04 09:01:53,547 [INFO] Sources: {"sources": {"__init__.py": "da39a3ee5e6b4b0d3255bfef95601890afd80709", "client.py": "33ca4f26368777ac06e01f9567b714a4b8063886", "lib/__init__.py": "da39a3ee5e6b4b0d3255bfef95601890afd80709", "lib/client.py": "ac2aa093c8e8bbc9569b9e2a3471bc64e58a2258", "lib/common.py": "611d8b29633d331eb19c9455ea3b5fa3284ed6df", "lib/external/__init__.py": "da39a3ee5e6b4b0d3255bfef95601890afd80709", "lib/external/ntplib.py": "4da8f970656505a40483206ef2b5d3dd5e81711d", "lib/server.py": "99303c836c683aa9017ec565104e636161d02acb", "lib/source_hashes.py": "60a2e02193209e8d392803326208d5466342da18", "lib/summary.py": "aa92f0a3f975eecd44d3c0cd0236342ccc9f941d", "lib/time_sync.py": "80894ef2389e540781ff78de94db16aa4203a14e", "server.py": "c3f90f2f7eeb4db30727556d0c815ebc89b3d28b", "tests/unit/__init__.py": "da39a3ee5e6b4b0d3255bfef95601890afd80709", "tests/unit/test_server.py": "948c1995d4008bc2aa6c4046a34ffa3858d6d671", "tests/unit/test_source_hashes.py": "00468a2907583c593e6574a1f6b404e4651c221a"}, "modules": {"ptd_client_server.lib.client": "lib/client.py", "ptd_client_server.lib.common": "lib/common.py", "ptd_client_server.lib.external.ntplib": "lib/external/ntplib.py", "ptd_client_server.lib.source_hashes": "lib/source_hashes.py", "ptd_client_server.lib.summary": "lib/summary.py", "ptd_client_server.lib.time_sync": "lib/time_sync.py"}}
client 2024-02-04 09:01:53,548 [INFO] Running workload in ranging mode
client 2024-02-04 09:01:53,548 [INFO] Synchronizing with the server and with time.google.com...
client 2024-02-04 09:01:53,571 [INFO] NTP:offset = 0.000 s, delay = 0.022 s 
client 2024-02-04 09:01:53,571 [INFO] Sending command to the server: 'time'
client 2024-02-04 09:01:53,574 [INFO] Got response: '1707037313.572782'
client 2024-02-04 09:01:53,574 [INFO] The time difference between the client and the server is within range -1.622 ms..1.445 ms
client 2024-02-04 09:01:53,574 [INFO] Sending command to the server: 'session,2024-02-04_09-01-53,start,ranging'
client 2024-02-04 09:02:21,662 [INFO] Got response: 'OK'
client 2024-02-04 09:02:21,664 [INFO] Sending command to the server: 'time'
client 2024-02-04 09:02:21,668 [INFO] Got response: '1707037341.6665938'
client 2024-02-04 09:02:21,668 [INFO] The time difference between the client and the server is within range -1.972 ms..2.055 ms
client 2024-02-04 09:02:21,668 [INFO] Running the workload 'CM_MLPERF_RUN_COUNT=$(cat ${CM_RUN_DIR}/count.txt); echo ${CM_MLPERF_RUN_COUNT}; CM_MLPERF_RUN_COUNT=$((CM_MLPERF_RUN_COUNT+1)); echo ${CM_MLPERF_RUN_COUNT} > ${CM_RUN_DIR}/count.txt && if [ ${CM_MLPERF_RUN_COUNT} -eq "1" ]; then export CM_MLPERF_USER_CONF=${CM_MLPERF_RANGING_USER_CONF}; else export CM_MLPERF_USER_CONF=${CM_MLPERF_TESTING_USER_CONF}; fi && /mnt/CM/repos/ctuning@mlcommons-ck/cm-mlops/script/get-lib-armnn/run.out'
client 2024-02-04 09:07:24,093 [INFO] Sending command to the server: 'time'
client 2024-02-04 09:07:24,097 [INFO] Got response: '1707037644.0953462'
client 2024-02-04 09:07:24,097 [INFO] The time difference between the client and the server is within range -2.103 ms..2.553 ms
client 2024-02-04 09:07:24,098 [INFO] Sending command to the server: 'session,2024-02-04_09-01-53,stop,ranging'
client 2024-02-04 09:07:34,746 [INFO] Got response: 'OK'
client 2024-02-04 09:07:34,747 [INFO] Sending command to the server: 'time'
client 2024-02-04 09:07:34,750 [INFO] Got response: '1707037654.748442'
client 2024-02-04 09:07:34,750 [INFO] The time difference between the client and the server is within range -1.117 ms..2.253 ms
client 2024-02-04 09:07:34,768 [INFO] Copying loadgen logs from '/home/arjun/results_dir/valid_results/orin-tflite_armnn_cpp-cpu-armnn_tflite-v23.11-using_neon/mobilenet-v1-precision_uint8-0.25-128/singlestream/performance/run_1' to '/home/arjun/results_dir/valid_results/orin-tflite_armnn_cpp-cpu-armnn_tflite-v23.11-using_neon/mobilenet-v1-precision_uint8-0.25-128/singlestream/performance/tmp_power/ranging'
client 2024-02-04 09:07:34,770 [INFO] Running workload in testing mode
client 2024-02-04 09:07:34,771 [INFO] Synchronizing with the server and with time.google.com...
client 2024-02-04 09:07:34,799 [INFO] NTP:offset = 0.001 s, delay = 0.023 s 
client 2024-02-04 09:07:34,799 [INFO] Sending command to the server: 'time'
client 2024-02-04 09:07:34,803 [INFO] Got response: '1707037654.8013437'
client 2024-02-04 09:07:34,803 [INFO] The time difference between the client and the server is within range -1.686 ms..1.869 ms
client 2024-02-04 09:07:34,803 [INFO] Sending command to the server: 'session,2024-02-04_09-01-53,start,testing'
client 2024-02-04 09:07:47,826 [INFO] Got response: 'OK'
client 2024-02-04 09:07:47,826 [INFO] Sending command to the server: 'time'
client 2024-02-04 09:07:47,829 [INFO] Got response: '1707037667.8282192'
client 2024-02-04 09:07:47,830 [INFO] The time difference between the client and the server is within range -1.399 ms..1.809 ms
client 2024-02-04 09:07:47,830 [INFO] Running the workload 'CM_MLPERF_RUN_COUNT=$(cat ${CM_RUN_DIR}/count.txt); echo ${CM_MLPERF_RUN_COUNT}; CM_MLPERF_RUN_COUNT=$((CM_MLPERF_RUN_COUNT+1)); echo ${CM_MLPERF_RUN_COUNT} > ${CM_RUN_DIR}/count.txt && if [ ${CM_MLPERF_RUN_COUNT} -eq "1" ]; then export CM_MLPERF_USER_CONF=${CM_MLPERF_RANGING_USER_CONF}; else export CM_MLPERF_USER_CONF=${CM_MLPERF_TESTING_USER_CONF}; fi && /mnt/CM/repos/ctuning@mlcommons-ck/cm-mlops/script/get-lib-armnn/run.out'
client 2024-02-04 09:17:52,677 [INFO] Sending command to the server: 'time'
client 2024-02-04 09:17:52,726 [INFO] Got response: '1707038272.7245004'
client 2024-02-04 09:17:52,727 [INFO] The time difference between the client and the server is within range -47.453 ms..2.852 ms
client 2024-02-04 09:17:52,727 [INFO] Sending command to the server: 'session,2024-02-04_09-01-53,stop,testing'
client 2024-02-04 09:18:02,840 [INFO] Got response: 'OK'
client 2024-02-04 09:18:02,841 [INFO] Sending command to the server: 'time'
client 2024-02-04 09:18:02,844 [INFO] Got response: '1707038282.8419435'
client 2024-02-04 09:18:02,845 [INFO] The time difference between the client and the server is within range -0.850 ms..3.244 ms
client 2024-02-04 09:18:02,849 [INFO] Copying loadgen logs from '/home/arjun/results_dir/valid_results/orin-tflite_armnn_cpp-cpu-armnn_tflite-v23.11-using_neon/mobilenet-v1-precision_uint8-0.25-128/singlestream/performance/run_1' to '/home/arjun/results_dir/valid_results/orin-tflite_armnn_cpp-cpu-armnn_tflite-v23.11-using_neon/mobilenet-v1-precision_uint8-0.25-128/singlestream/performance/tmp_power/run_1'
client 2024-02-04 09:18:02,852 [INFO] Done runs
