Couldn't find any of the following OpenCL library: libOpenCL.so libGLES_mali.so libmali.so 
Graph file: /home/ec2-user/CM/repos/local/cache/993bd91ecfe74874/efficientnet-lite0/efficientnet-lite0-int8.tflite
Image dir: /home/ec2-user/CM/repos/local/cache/16cff5334ec74c64
Image list: /home/ec2-user/CM/repos/local/cache/16cff5334ec74c64/preprocessed_files.txt
Image size: 224
Image channels: 3
Prediction classes: 1000
Result dir: /home/ec2-user/CM/repos/local/cache/2b88026e7cd54ea9/valid_results/ip_172_31_41_189.us_west_2.compute.internal-tflite_armnn_cpp-cpu-armnn_tflite-v23.11-using_neon/efficientnet-int8-lite0/singlestream/performance/run_1
How many images fit in memory buffer: 1024
Normalize: 1
Subtract mean: 0
Run time preprocessing: 1
Number of Threads: 4
Number of available imagefiles: 50000

Loading graph...
Output tensor dimensions: 1*1000
Path to mlperf.conf : /home/ec2-user/CM/repos/local/cache/8a7eb07153174f8b/inference/mlperf.conf
Path to user.conf : /home/ec2-user/CM/repos/ctuning@mlcommons-ck/cm-mlops/script/generate-mlperf-inference-user-conf/tmp/d092485f82ab469a9a4e3df727cf7069.conf
Model Name: efficientnet
LoadGen Scenario: SingleStream
LoadGen Mode: performance
