client 2024-02-01 06:16:18,887 [INFO] Creating output directory '/home/arjun/results_dir/valid_results/orin-tflite_armnn_cpp-cpu-armnn_tflite-v23.05-using_neon/mobilenet-v1-precision_uint8-0.25-128/singlestream/performance/tmp_power'
client 2024-02-01 06:16:18,890 [INFO] Sending command to the server: 'mlcommons/power client v3'
client 2024-02-01 06:16:18,892 [INFO] Got response: 'mlcommons/power server v3'
client 2024-02-01 06:16:18,893 [INFO] Synchronizing with the server and with time.google.com...
client 2024-02-01 06:16:18,919 [INFO] NTP:offset = -0.005 s, delay = 0.021 s 
client 2024-02-01 06:16:18,919 [INFO] Sending command to the server: 'time'
client 2024-02-01 06:16:18,924 [INFO] Got response: '1706768178.9173734'
client 2024-02-01 06:16:18,924 [INFO] The time difference between the client and the server is within range 2.186 ms..7.466 ms
client 2024-02-01 06:16:18,924 [INFO] Sending command to the server: 'new,,4f82fa7e-ab95-4780-91a9-479b216593a9'
client 2024-02-01 06:16:18,928 [INFO] Got response: 'OK 2024-02-01_06-16-18,55476c38-2b01-4edf-9f70-815846110662'
client 2024-02-01 06:16:18,928 [INFO] Session id is '2024-02-01_06-16-18'
client 2024-02-01 06:16:18,928 [INFO] Sources: {"sources": {"__init__.py": "da39a3ee5e6b4b0d3255bfef95601890afd80709", "client.py": "33ca4f26368777ac06e01f9567b714a4b8063886", "lib/__init__.py": "da39a3ee5e6b4b0d3255bfef95601890afd80709", "lib/client.py": "ac2aa093c8e8bbc9569b9e2a3471bc64e58a2258", "lib/common.py": "611d8b29633d331eb19c9455ea3b5fa3284ed6df", "lib/external/__init__.py": "da39a3ee5e6b4b0d3255bfef95601890afd80709", "lib/external/ntplib.py": "4da8f970656505a40483206ef2b5d3dd5e81711d", "lib/server.py": "99303c836c683aa9017ec565104e636161d02acb", "lib/source_hashes.py": "60a2e02193209e8d392803326208d5466342da18", "lib/summary.py": "aa92f0a3f975eecd44d3c0cd0236342ccc9f941d", "lib/time_sync.py": "80894ef2389e540781ff78de94db16aa4203a14e", "server.py": "c3f90f2f7eeb4db30727556d0c815ebc89b3d28b", "tests/unit/__init__.py": "da39a3ee5e6b4b0d3255bfef95601890afd80709", "tests/unit/test_server.py": "948c1995d4008bc2aa6c4046a34ffa3858d6d671", "tests/unit/test_source_hashes.py": "00468a2907583c593e6574a1f6b404e4651c221a"}, "modules": {"ptd_client_server.lib.client": "lib/client.py", "ptd_client_server.lib.common": "lib/common.py", "ptd_client_server.lib.external.ntplib": "lib/external/ntplib.py", "ptd_client_server.lib.source_hashes": "lib/source_hashes.py", "ptd_client_server.lib.summary": "lib/summary.py", "ptd_client_server.lib.time_sync": "lib/time_sync.py"}}
client 2024-02-01 06:16:18,928 [INFO] Running workload in ranging mode
client 2024-02-01 06:16:18,928 [INFO] Synchronizing with the server and with time.google.com...
client 2024-02-01 06:16:18,951 [INFO] NTP:offset = -0.006 s, delay = 0.022 s 
client 2024-02-01 06:16:18,951 [INFO] Sending command to the server: 'time'
client 2024-02-01 06:16:18,955 [INFO] Got response: '1706768178.9485133'
client 2024-02-01 06:16:18,955 [INFO] The time difference between the client and the server is within range 3.402 ms..7.344 ms
client 2024-02-01 06:16:18,955 [INFO] Sending command to the server: 'session,2024-02-01_06-16-18,start,ranging'
client 2024-02-01 06:16:47,124 [INFO] Got response: 'OK'
client 2024-02-01 06:16:47,126 [INFO] Sending command to the server: 'time'
client 2024-02-01 06:16:47,129 [INFO] Got response: '1706768207.1224122'
client 2024-02-01 06:16:47,129 [INFO] The time difference between the client and the server is within range 3.956 ms..7.173 ms
client 2024-02-01 06:16:47,129 [INFO] Running the workload 'CM_MLPERF_RUN_COUNT=$(cat ${CM_RUN_DIR}/count.txt); echo ${CM_MLPERF_RUN_COUNT}; CM_MLPERF_RUN_COUNT=$((CM_MLPERF_RUN_COUNT+1)); echo ${CM_MLPERF_RUN_COUNT} > ${CM_RUN_DIR}/count.txt && if [ ${CM_MLPERF_RUN_COUNT} -eq "1" ]; then export CM_MLPERF_USER_CONF=${CM_MLPERF_RANGING_USER_CONF}; else export CM_MLPERF_USER_CONF=${CM_MLPERF_TESTING_USER_CONF}; fi && /mnt/CM/repos/ctuning@mlcommons-ck/cm-mlops/script/benchmark-any-mlperf-inference-implementation/run.out'
client 2024-02-01 06:21:49,650 [INFO] Sending command to the server: 'time'
client 2024-02-01 06:21:49,654 [INFO] Got response: '1706768509.6469414'
client 2024-02-01 06:21:49,655 [INFO] The time difference between the client and the server is within range 2.949 ms..8.241 ms
client 2024-02-01 06:21:49,655 [INFO] Sending command to the server: 'session,2024-02-01_06-16-18,stop,ranging'
client 2024-02-01 06:22:00,267 [INFO] Got response: 'OK'
client 2024-02-01 06:22:00,268 [INFO] Sending command to the server: 'time'
client 2024-02-01 06:22:00,272 [INFO] Got response: '1706768520.2644715'
client 2024-02-01 06:22:00,272 [INFO] The time difference between the client and the server is within range 3.521 ms..7.887 ms
client 2024-02-01 06:22:00,289 [INFO] Copying loadgen logs from '/home/arjun/results_dir/valid_results/orin-tflite_armnn_cpp-cpu-armnn_tflite-v23.05-using_neon/mobilenet-v1-precision_uint8-0.25-128/singlestream/performance/run_1' to '/home/arjun/results_dir/valid_results/orin-tflite_armnn_cpp-cpu-armnn_tflite-v23.05-using_neon/mobilenet-v1-precision_uint8-0.25-128/singlestream/performance/tmp_power/ranging'
client 2024-02-01 06:22:00,292 [INFO] Running workload in testing mode
client 2024-02-01 06:22:00,292 [INFO] Synchronizing with the server and with time.google.com...
client 2024-02-01 06:22:00,320 [INFO] NTP:offset = -0.005 s, delay = 0.023 s 
client 2024-02-01 06:22:00,320 [INFO] Sending command to the server: 'time'
client 2024-02-01 06:22:00,324 [INFO] Got response: '1706768520.3171225'
client 2024-02-01 06:22:00,325 [INFO] The time difference between the client and the server is within range 3.710 ms..7.917 ms
client 2024-02-01 06:22:00,325 [INFO] Sending command to the server: 'session,2024-02-01_06-16-18,start,testing'
client 2024-02-01 06:22:13,346 [INFO] Got response: 'OK'
client 2024-02-01 06:22:13,347 [INFO] Sending command to the server: 'time'
client 2024-02-01 06:22:13,351 [INFO] Got response: '1706768533.3439538'
client 2024-02-01 06:22:13,351 [INFO] The time difference between the client and the server is within range 3.681 ms..7.710 ms
client 2024-02-01 06:22:13,351 [INFO] Running the workload 'CM_MLPERF_RUN_COUNT=$(cat ${CM_RUN_DIR}/count.txt); echo ${CM_MLPERF_RUN_COUNT}; CM_MLPERF_RUN_COUNT=$((CM_MLPERF_RUN_COUNT+1)); echo ${CM_MLPERF_RUN_COUNT} > ${CM_RUN_DIR}/count.txt && if [ ${CM_MLPERF_RUN_COUNT} -eq "1" ]; then export CM_MLPERF_USER_CONF=${CM_MLPERF_RANGING_USER_CONF}; else export CM_MLPERF_USER_CONF=${CM_MLPERF_TESTING_USER_CONF}; fi && /mnt/CM/repos/ctuning@mlcommons-ck/cm-mlops/script/benchmark-any-mlperf-inference-implementation/run.out'
client 2024-02-01 06:32:18,146 [INFO] Sending command to the server: 'time'
client 2024-02-01 06:32:18,253 [INFO] Got response: '1706769138.2460835'
client 2024-02-01 06:32:18,254 [INFO] The time difference between the client and the server is within range -99.296 ms..7.986 ms
client 2024-02-01 06:32:18,254 [INFO] Sending command to the server: 'session,2024-02-01_06-16-18,stop,testing'
client 2024-02-01 06:32:28,405 [INFO] Got response: 'OK'
client 2024-02-01 06:32:28,405 [INFO] Sending command to the server: 'time'
client 2024-02-01 06:32:28,408 [INFO] Got response: '1706769148.4024544'
client 2024-02-01 06:32:28,408 [INFO] The time difference between the client and the server is within range 3.048 ms..6.270 ms
client 2024-02-01 06:32:28,413 [INFO] Copying loadgen logs from '/home/arjun/results_dir/valid_results/orin-tflite_armnn_cpp-cpu-armnn_tflite-v23.05-using_neon/mobilenet-v1-precision_uint8-0.25-128/singlestream/performance/run_1' to '/home/arjun/results_dir/valid_results/orin-tflite_armnn_cpp-cpu-armnn_tflite-v23.05-using_neon/mobilenet-v1-precision_uint8-0.25-128/singlestream/performance/tmp_power/run_1'
client 2024-02-01 06:32:28,415 [INFO] Done runs
