client 2024-02-13 11:56:26,885 [INFO] Creating output directory '/home/krai/work_collection/experiments_submission/generated_by_power_measurement_on_run_9a464e332ef7472ea119d7e48e656db6/power_logs'
client 2024-02-13 11:56:26,886 [INFO] Sending command to the server: 'mlcommons/power client v3'
client 2024-02-13 11:56:26,887 [INFO] Got response: 'mlcommons/power server v3'
client 2024-02-13 11:56:26,887 [INFO] Synchronizing with the server and with time.google.com...
client 2024-02-13 11:56:26,960 [INFO] NTP:offset = 0.009 s, delay = 0.070 s 
client 2024-02-13 11:56:26,960 [INFO] Sending command to the server: 'time'
client 2024-02-13 11:56:26,961 [INFO] Got response: '1707846986.9637275'
client 2024-02-13 11:56:26,961 [INFO] The time difference between the client and the server is within range -3.144 ms..-2.039 ms
client 2024-02-13 11:56:26,961 [INFO] Sending command to the server: 'new,,ef8e44d0-b2b3-4bb7-bcfb-50e0bacb5cb6'
client 2024-02-13 11:56:26,963 [INFO] Got response: 'OK 2024-02-13_11-56-26,fe03295b-d4e2-44fb-bfcb-89d2a837bdb1'
client 2024-02-13 11:56:26,963 [INFO] Session id is '2024-02-13_11-56-26'
client 2024-02-13 11:56:26,963 [INFO] Sources: {"sources": {"__init__.py": "da39a3ee5e6b4b0d3255bfef95601890afd80709", "client.py": "33ca4f26368777ac06e01f9567b714a4b8063886", "lib/__init__.py": "da39a3ee5e6b4b0d3255bfef95601890afd80709", "lib/client.py": "ac2aa093c8e8bbc9569b9e2a3471bc64e58a2258", "lib/common.py": "611d8b29633d331eb19c9455ea3b5fa3284ed6df", "lib/external/__init__.py": "da39a3ee5e6b4b0d3255bfef95601890afd80709", "lib/external/ntplib.py": "4da8f970656505a40483206ef2b5d3dd5e81711d", "lib/server.py": "99303c836c683aa9017ec565104e636161d02acb", "lib/source_hashes.py": "60a2e02193209e8d392803326208d5466342da18", "lib/summary.py": "aa92f0a3f975eecd44d3c0cd0236342ccc9f941d", "lib/time_sync.py": "80894ef2389e540781ff78de94db16aa4203a14e", "server.py": "c3f90f2f7eeb4db30727556d0c815ebc89b3d28b", "tests/unit/__init__.py": "da39a3ee5e6b4b0d3255bfef95601890afd80709", "tests/unit/test_server.py": "948c1995d4008bc2aa6c4046a34ffa3858d6d671", "tests/unit/test_source_hashes.py": "00468a2907583c593e6574a1f6b404e4651c221a"}, "modules": {"ptd_client_server.lib.client": "lib/client.py", "ptd_client_server.lib.common": "lib/common.py", "ptd_client_server.lib.external.ntplib": "lib/external/ntplib.py", "ptd_client_server.lib.source_hashes": "lib/source_hashes.py", "ptd_client_server.lib.summary": "lib/summary.py", "ptd_client_server.lib.time_sync": "lib/time_sync.py"}}
client 2024-02-13 11:56:26,963 [INFO] Running workload in ranging mode
client 2024-02-13 11:56:26,963 [INFO] Synchronizing with the server and with time.google.com...
client 2024-02-13 11:56:27,047 [INFO] NTP:offset = 0.006 s, delay = 0.084 s 
client 2024-02-13 11:56:27,047 [INFO] Sending command to the server: 'time'
client 2024-02-13 11:56:27,049 [INFO] Got response: '1707846987.0512176'
client 2024-02-13 11:56:27,049 [INFO] The time difference between the client and the server is within range -3.321 ms..-2.013 ms
client 2024-02-13 11:56:27,049 [INFO] Sending command to the server: 'session,2024-02-13_11-56-26,start,ranging'
client 2024-02-13 11:56:56,103 [INFO] Got response: 'OK'
client 2024-02-13 11:56:56,103 [INFO] Sending command to the server: 'time'
client 2024-02-13 11:56:56,104 [INFO] Got response: '1707847016.1065'
client 2024-02-13 11:56:56,104 [INFO] The time difference between the client and the server is within range -3.300 ms..-1.709 ms
client 2024-02-13 11:56:56,104 [INFO] Running the workload 'axs byquery loadgen_output,task=image_classification,sut_name=r282_q2_ultra_edge,model_name=resnet50,framework=kilt,device=qaic,collection_name=experiments_submission,loadgen_mode=PerformanceOnly,loadgen_compliance_test-,loadgen_scenario=MultiStream,_with_power+,symlink_to=/home/krai/work_collection/experiments_submission/generated_by_power_measurement_on_run_9a464e332ef7472ea119d7e48e656db6/last_mlperf_logs,power_client_entrydic_path=/home/krai/work_collection/experiments_submission/generated_by_power_measurement_on_run_9a464e332ef7472ea119d7e48e656db6/program_output.json,effective_no_ranging-'
client 2024-02-13 12:08:33,122 [INFO] Sending command to the server: 'time'
client 2024-02-13 12:08:33,123 [INFO] Got response: '1707847713.126368'
client 2024-02-13 12:08:33,123 [INFO] The time difference between the client and the server is within range -4.156 ms..-2.446 ms
client 2024-02-13 12:08:33,123 [INFO] Sending command to the server: 'session,2024-02-13_11-56-26,stop,ranging'
client 2024-02-13 12:08:44,126 [INFO] Got response: 'OK'
client 2024-02-13 12:08:44,127 [INFO] Sending command to the server: 'time'
client 2024-02-13 12:08:44,127 [INFO] Got response: '1707847724.1301901'
client 2024-02-13 12:08:44,127 [INFO] The time difference between the client and the server is within range -3.196 ms..-2.578 ms
client 2024-02-13 12:08:44,131 [INFO] Copying loadgen logs from '/home/krai/work_collection/experiments_submission/generated_by_power_measurement_on_run_9a464e332ef7472ea119d7e48e656db6/last_mlperf_logs' to '/home/krai/work_collection/experiments_submission/generated_by_power_measurement_on_run_9a464e332ef7472ea119d7e48e656db6/power_logs/ranging'
client 2024-02-13 12:08:44,131 [INFO] Running workload in testing mode
client 2024-02-13 12:08:44,131 [INFO] Synchronizing with the server and with time.google.com...
client 2024-02-13 12:08:44,208 [INFO] NTP:offset = 0.001 s, delay = 0.076 s 
client 2024-02-13 12:08:44,208 [INFO] Sending command to the server: 'time'
client 2024-02-13 12:08:44,209 [INFO] Got response: '1707847724.2124045'
client 2024-02-13 12:08:44,209 [INFO] The time difference between the client and the server is within range -3.763 ms..-2.478 ms
client 2024-02-13 12:08:44,209 [INFO] Sending command to the server: 'session,2024-02-13_11-56-26,start,testing'
client 2024-02-13 12:08:57,221 [INFO] Got response: 'OK'
client 2024-02-13 12:08:57,221 [INFO] Sending command to the server: 'time'
client 2024-02-13 12:08:57,222 [INFO] Got response: '1707847737.2252831'
client 2024-02-13 12:08:57,222 [INFO] The time difference between the client and the server is within range -3.767 ms..-2.517 ms
client 2024-02-13 12:08:57,222 [INFO] Running the workload 'axs byquery loadgen_output,task=image_classification,sut_name=r282_q2_ultra_edge,model_name=resnet50,framework=kilt,device=qaic,collection_name=experiments_submission,loadgen_mode=PerformanceOnly,loadgen_compliance_test-,loadgen_scenario=MultiStream,_with_power+,symlink_to=/home/krai/work_collection/experiments_submission/generated_by_power_measurement_on_run_9a464e332ef7472ea119d7e48e656db6/last_mlperf_logs,power_client_entrydic_path=/home/krai/work_collection/experiments_submission/generated_by_power_measurement_on_run_9a464e332ef7472ea119d7e48e656db6/program_output.json,effective_no_ranging-'
client 2024-02-13 12:19:24,416 [INFO] Sending command to the server: 'time'
client 2024-02-13 12:19:24,418 [INFO] Got response: '1707848364.421503'
client 2024-02-13 12:19:24,418 [INFO] The time difference between the client and the server is within range -5.092 ms..-3.406 ms
client 2024-02-13 12:19:24,418 [INFO] Sending command to the server: 'session,2024-02-13_11-56-26,stop,testing'
client 2024-02-13 12:19:35,231 [INFO] Got response: 'OK'
client 2024-02-13 12:19:35,231 [INFO] Sending command to the server: 'time'
client 2024-02-13 12:19:35,232 [INFO] Got response: '1707848375.235794'
client 2024-02-13 12:19:35,232 [INFO] The time difference between the client and the server is within range -4.259 ms..-3.579 ms
client 2024-02-13 12:19:35,233 [INFO] Copying loadgen logs from '/home/krai/work_collection/experiments_submission/generated_by_power_measurement_on_run_9a464e332ef7472ea119d7e48e656db6/last_mlperf_logs' to '/home/krai/work_collection/experiments_submission/generated_by_power_measurement_on_run_9a464e332ef7472ea119d7e48e656db6/power_logs/run_1'
client 2024-02-13 12:19:35,233 [INFO] Done runs
