client 2024-02-01 19:15:59,607 [INFO] Creating output directory '/home/arjun/results_dir/valid_results/orin-tflite_armnn_cpp-cpu-armnn_tflite-v23.05-using_neon/efficientnet-int8-lite3/singlestream/performance/tmp_power'
client 2024-02-01 19:15:59,633 [INFO] Sending command to the server: 'mlcommons/power client v3'
client 2024-02-01 19:15:59,637 [INFO] Got response: 'mlcommons/power server v3'
client 2024-02-01 19:15:59,637 [INFO] Synchronizing with the server and with time.google.com...
client 2024-02-01 19:15:59,664 [INFO] NTP:offset = 0.000 s, delay = 0.020 s 
client 2024-02-01 19:15:59,664 [INFO] Sending command to the server: 'time'
client 2024-02-01 19:15:59,668 [INFO] Got response: '1706814959.6669996'
client 2024-02-01 19:15:59,668 [INFO] The time difference between the client and the server is within range -2.756 ms..1.781 ms
client 2024-02-01 19:15:59,668 [INFO] Sending command to the server: 'new,,32653d70-ab44-45b9-a58b-0a83ec302eb8'
client 2024-02-01 19:15:59,672 [INFO] Got response: 'OK 2024-02-01_19-15-59,0fad4aa0-bc61-420d-80d7-6585e4b6dc23'
client 2024-02-01 19:15:59,672 [INFO] Session id is '2024-02-01_19-15-59'
client 2024-02-01 19:15:59,672 [INFO] Sources: {"sources": {"__init__.py": "da39a3ee5e6b4b0d3255bfef95601890afd80709", "client.py": "33ca4f26368777ac06e01f9567b714a4b8063886", "lib/__init__.py": "da39a3ee5e6b4b0d3255bfef95601890afd80709", "lib/client.py": "ac2aa093c8e8bbc9569b9e2a3471bc64e58a2258", "lib/common.py": "611d8b29633d331eb19c9455ea3b5fa3284ed6df", "lib/external/__init__.py": "da39a3ee5e6b4b0d3255bfef95601890afd80709", "lib/external/ntplib.py": "4da8f970656505a40483206ef2b5d3dd5e81711d", "lib/server.py": "99303c836c683aa9017ec565104e636161d02acb", "lib/source_hashes.py": "60a2e02193209e8d392803326208d5466342da18", "lib/summary.py": "aa92f0a3f975eecd44d3c0cd0236342ccc9f941d", "lib/time_sync.py": "80894ef2389e540781ff78de94db16aa4203a14e", "server.py": "c3f90f2f7eeb4db30727556d0c815ebc89b3d28b", "tests/unit/__init__.py": "da39a3ee5e6b4b0d3255bfef95601890afd80709", "tests/unit/test_server.py": "948c1995d4008bc2aa6c4046a34ffa3858d6d671", "tests/unit/test_source_hashes.py": "00468a2907583c593e6574a1f6b404e4651c221a"}, "modules": {"ptd_client_server.lib.client": "lib/client.py", "ptd_client_server.lib.common": "lib/common.py", "ptd_client_server.lib.external.ntplib": "lib/external/ntplib.py", "ptd_client_server.lib.source_hashes": "lib/source_hashes.py", "ptd_client_server.lib.summary": "lib/summary.py", "ptd_client_server.lib.time_sync": "lib/time_sync.py"}}
client 2024-02-01 19:15:59,673 [INFO] Running workload in ranging mode
client 2024-02-01 19:15:59,673 [INFO] Synchronizing with the server and with time.google.com...
client 2024-02-01 19:15:59,694 [INFO] NTP:offset = -0.000 s, delay = 0.019 s 
client 2024-02-01 19:15:59,694 [INFO] Sending command to the server: 'time'
client 2024-02-01 19:15:59,698 [INFO] Got response: '1706814959.6969304'
client 2024-02-01 19:15:59,698 [INFO] The time difference between the client and the server is within range -2.363 ms..1.712 ms
client 2024-02-01 19:15:59,698 [INFO] Sending command to the server: 'session,2024-02-01_19-15-59,start,ranging'
client 2024-02-01 19:16:27,768 [INFO] Got response: 'OK'
client 2024-02-01 19:16:27,770 [INFO] Sending command to the server: 'time'
client 2024-02-01 19:16:27,774 [INFO] Got response: '1706814987.7729712'
client 2024-02-01 19:16:27,774 [INFO] The time difference between the client and the server is within range -2.368 ms..1.580 ms
client 2024-02-01 19:16:27,774 [INFO] Running the workload 'CM_MLPERF_RUN_COUNT=$(cat ${CM_RUN_DIR}/count.txt); echo ${CM_MLPERF_RUN_COUNT}; CM_MLPERF_RUN_COUNT=$((CM_MLPERF_RUN_COUNT+1)); echo ${CM_MLPERF_RUN_COUNT} > ${CM_RUN_DIR}/count.txt && if [ ${CM_MLPERF_RUN_COUNT} -eq "1" ]; then export CM_MLPERF_USER_CONF=${CM_MLPERF_RANGING_USER_CONF}; else export CM_MLPERF_USER_CONF=${CM_MLPERF_TESTING_USER_CONF}; fi && /mnt/CM/repos/ctuning@mlcommons-ck/cm-mlops/script/benchmark-any-mlperf-inference-implementation/run.out'
client 2024-02-01 19:21:34,453 [INFO] Sending command to the server: 'time'
client 2024-02-01 19:21:34,458 [INFO] Got response: '1706815294.4567714'
client 2024-02-01 19:21:34,458 [INFO] The time difference between the client and the server is within range -3.123 ms..2.144 ms
client 2024-02-01 19:21:34,459 [INFO] Sending command to the server: 'session,2024-02-01_19-15-59,stop,ranging'
client 2024-02-01 19:21:45,016 [INFO] Got response: 'OK'
client 2024-02-01 19:21:45,017 [INFO] Sending command to the server: 'time'
client 2024-02-01 19:21:45,020 [INFO] Got response: '1706815305.019391'
client 2024-02-01 19:21:45,020 [INFO] The time difference between the client and the server is within range -1.761 ms..1.419 ms
client 2024-02-01 19:21:45,035 [INFO] Copying loadgen logs from '/home/arjun/results_dir/valid_results/orin-tflite_armnn_cpp-cpu-armnn_tflite-v23.05-using_neon/efficientnet-int8-lite3/singlestream/performance/run_1' to '/home/arjun/results_dir/valid_results/orin-tflite_armnn_cpp-cpu-armnn_tflite-v23.05-using_neon/efficientnet-int8-lite3/singlestream/performance/tmp_power/ranging'
client 2024-02-01 19:21:45,036 [INFO] Running workload in testing mode
client 2024-02-01 19:21:45,036 [INFO] Synchronizing with the server and with time.google.com...
client 2024-02-01 19:21:45,060 [INFO] NTP:offset = 0.000 s, delay = 0.019 s 
client 2024-02-01 19:21:45,060 [INFO] Sending command to the server: 'time'
client 2024-02-01 19:21:45,063 [INFO] Got response: '1706815305.0622077'
client 2024-02-01 19:21:45,063 [INFO] The time difference between the client and the server is within range -1.850 ms..1.498 ms
client 2024-02-01 19:21:45,063 [INFO] Sending command to the server: 'session,2024-02-01_19-15-59,start,testing'
client 2024-02-01 19:21:58,083 [INFO] Got response: 'OK'
client 2024-02-01 19:21:58,084 [INFO] Sending command to the server: 'time'
client 2024-02-01 19:21:58,086 [INFO] Got response: '1706815318.0858166'
client 2024-02-01 19:21:58,087 [INFO] The time difference between the client and the server is within range -1.647 ms..1.415 ms
client 2024-02-01 19:21:58,087 [INFO] Running the workload 'CM_MLPERF_RUN_COUNT=$(cat ${CM_RUN_DIR}/count.txt); echo ${CM_MLPERF_RUN_COUNT}; CM_MLPERF_RUN_COUNT=$((CM_MLPERF_RUN_COUNT+1)); echo ${CM_MLPERF_RUN_COUNT} > ${CM_RUN_DIR}/count.txt && if [ ${CM_MLPERF_RUN_COUNT} -eq "1" ]; then export CM_MLPERF_USER_CONF=${CM_MLPERF_RANGING_USER_CONF}; else export CM_MLPERF_USER_CONF=${CM_MLPERF_TESTING_USER_CONF}; fi && /mnt/CM/repos/ctuning@mlcommons-ck/cm-mlops/script/benchmark-any-mlperf-inference-implementation/run.out'
client 2024-02-01 19:32:03,088 [INFO] Sending command to the server: 'time'
client 2024-02-01 19:32:03,091 [INFO] Got response: '1706815923.0901008'
client 2024-02-01 19:32:03,092 [INFO] The time difference between the client and the server is within range -1.907 ms..1.902 ms
client 2024-02-01 19:32:03,092 [INFO] Sending command to the server: 'session,2024-02-01_19-15-59,stop,testing'
client 2024-02-01 19:32:14,136 [INFO] Got response: 'OK'
client 2024-02-01 19:32:14,138 [INFO] Sending command to the server: 'time'
client 2024-02-01 19:32:14,141 [INFO] Got response: '1706815934.1398299'
client 2024-02-01 19:32:14,142 [INFO] The time difference between the client and the server is within range -1.831 ms..2.380 ms
client 2024-02-01 19:32:14,147 [INFO] Copying loadgen logs from '/home/arjun/results_dir/valid_results/orin-tflite_armnn_cpp-cpu-armnn_tflite-v23.05-using_neon/efficientnet-int8-lite3/singlestream/performance/run_1' to '/home/arjun/results_dir/valid_results/orin-tflite_armnn_cpp-cpu-armnn_tflite-v23.05-using_neon/efficientnet-int8-lite3/singlestream/performance/tmp_power/run_1'
client 2024-02-01 19:32:14,149 [INFO] Done runs
