client 2024-02-04 17:19:13,858 [INFO] Creating output directory '/home/arjun/results_dir/valid_results/orin-tflite_armnn_cpp-cpu-armnn_tflite-v23.11-using_neon/mobilenet-v2-precision_uint8-0.35-160/singlestream/performance/tmp_power'
client 2024-02-04 17:19:13,861 [INFO] Sending command to the server: 'mlcommons/power client v3'
client 2024-02-04 17:19:13,865 [INFO] Got response: 'mlcommons/power server v3'
client 2024-02-04 17:19:13,865 [INFO] Synchronizing with the server and with time.google.com...
client 2024-02-04 17:19:13,893 [INFO] NTP:offset = 0.000 s, delay = 0.023 s 
client 2024-02-04 17:19:13,893 [INFO] Sending command to the server: 'time'
client 2024-02-04 17:19:13,897 [INFO] Got response: '1707067153.8953898'
client 2024-02-04 17:19:13,897 [INFO] The time difference between the client and the server is within range -1.565 ms..1.991 ms
client 2024-02-04 17:19:13,897 [INFO] Sending command to the server: 'new,,9a7e9600-148e-419a-8f81-56807429d96a'
client 2024-02-04 17:19:13,899 [INFO] Got response: 'OK 2024-02-04_17-19-13,23c06de4-0633-44f8-98d8-7e7c6fe51681'
client 2024-02-04 17:19:13,899 [INFO] Session id is '2024-02-04_17-19-13'
client 2024-02-04 17:19:13,900 [INFO] Sources: {"sources": {"__init__.py": "da39a3ee5e6b4b0d3255bfef95601890afd80709", "client.py": "33ca4f26368777ac06e01f9567b714a4b8063886", "lib/__init__.py": "da39a3ee5e6b4b0d3255bfef95601890afd80709", "lib/client.py": "ac2aa093c8e8bbc9569b9e2a3471bc64e58a2258", "lib/common.py": "611d8b29633d331eb19c9455ea3b5fa3284ed6df", "lib/external/__init__.py": "da39a3ee5e6b4b0d3255bfef95601890afd80709", "lib/external/ntplib.py": "4da8f970656505a40483206ef2b5d3dd5e81711d", "lib/server.py": "99303c836c683aa9017ec565104e636161d02acb", "lib/source_hashes.py": "60a2e02193209e8d392803326208d5466342da18", "lib/summary.py": "aa92f0a3f975eecd44d3c0cd0236342ccc9f941d", "lib/time_sync.py": "80894ef2389e540781ff78de94db16aa4203a14e", "server.py": "c3f90f2f7eeb4db30727556d0c815ebc89b3d28b", "tests/unit/__init__.py": "da39a3ee5e6b4b0d3255bfef95601890afd80709", "tests/unit/test_server.py": "948c1995d4008bc2aa6c4046a34ffa3858d6d671", "tests/unit/test_source_hashes.py": "00468a2907583c593e6574a1f6b404e4651c221a"}, "modules": {"ptd_client_server.lib.client": "lib/client.py", "ptd_client_server.lib.common": "lib/common.py", "ptd_client_server.lib.external.ntplib": "lib/external/ntplib.py", "ptd_client_server.lib.source_hashes": "lib/source_hashes.py", "ptd_client_server.lib.summary": "lib/summary.py", "ptd_client_server.lib.time_sync": "lib/time_sync.py"}}
client 2024-02-04 17:19:13,900 [INFO] Running workload in ranging mode
client 2024-02-04 17:19:13,900 [INFO] Synchronizing with the server and with time.google.com...
client 2024-02-04 17:19:13,946 [INFO] NTP:offset = 0.001 s, delay = 0.045 s 
client 2024-02-04 17:19:13,946 [INFO] Sending command to the server: 'time'
client 2024-02-04 17:19:13,950 [INFO] Got response: '1707067153.9483337'
client 2024-02-04 17:19:13,950 [INFO] The time difference between the client and the server is within range -1.696 ms..2.028 ms
client 2024-02-04 17:19:13,950 [INFO] Sending command to the server: 'session,2024-02-04_17-19-13,start,ranging'
client 2024-02-04 17:19:42,036 [INFO] Got response: 'OK'
client 2024-02-04 17:19:42,038 [INFO] Sending command to the server: 'time'
client 2024-02-04 17:19:42,041 [INFO] Got response: '1707067182.0398743'
client 2024-02-04 17:19:42,042 [INFO] The time difference between the client and the server is within range -1.704 ms..2.291 ms
client 2024-02-04 17:19:42,042 [INFO] Running the workload 'CM_MLPERF_RUN_COUNT=$(cat ${CM_RUN_DIR}/count.txt); echo ${CM_MLPERF_RUN_COUNT}; CM_MLPERF_RUN_COUNT=$((CM_MLPERF_RUN_COUNT+1)); echo ${CM_MLPERF_RUN_COUNT} > ${CM_RUN_DIR}/count.txt && if [ ${CM_MLPERF_RUN_COUNT} -eq "1" ]; then export CM_MLPERF_USER_CONF=${CM_MLPERF_RANGING_USER_CONF}; else export CM_MLPERF_USER_CONF=${CM_MLPERF_TESTING_USER_CONF}; fi && /mnt/CM/repos/ctuning@mlcommons-ck/cm-mlops/script/get-lib-armnn/run.out'
client 2024-02-04 17:24:44,344 [INFO] Sending command to the server: 'time'
client 2024-02-04 17:24:44,435 [INFO] Got response: '1707067484.431967'
client 2024-02-04 17:24:44,436 [INFO] The time difference between the client and the server is within range -87.300 ms..4.656 ms
client 2024-02-04 17:24:44,437 [INFO] Sending command to the server: 'session,2024-02-04_17-19-13,stop,ranging'
client 2024-02-04 17:24:55,136 [INFO] Got response: 'OK'
client 2024-02-04 17:24:55,137 [INFO] Sending command to the server: 'time'
client 2024-02-04 17:24:55,140 [INFO] Got response: '1707067495.138335'
client 2024-02-04 17:24:55,140 [INFO] The time difference between the client and the server is within range -0.723 ms..2.523 ms
client 2024-02-04 17:24:55,158 [INFO] Copying loadgen logs from '/home/arjun/results_dir/valid_results/orin-tflite_armnn_cpp-cpu-armnn_tflite-v23.11-using_neon/mobilenet-v2-precision_uint8-0.35-160/singlestream/performance/run_1' to '/home/arjun/results_dir/valid_results/orin-tflite_armnn_cpp-cpu-armnn_tflite-v23.11-using_neon/mobilenet-v2-precision_uint8-0.35-160/singlestream/performance/tmp_power/ranging'
client 2024-02-04 17:24:55,160 [INFO] Running workload in testing mode
client 2024-02-04 17:24:55,161 [INFO] Synchronizing with the server and with time.google.com...
client 2024-02-04 17:24:55,212 [INFO] NTP:offset = 0.001 s, delay = 0.046 s 
client 2024-02-04 17:24:55,212 [INFO] Sending command to the server: 'time'
client 2024-02-04 17:24:55,216 [INFO] Got response: '1707067495.2143807'
client 2024-02-04 17:24:55,216 [INFO] The time difference between the client and the server is within range -1.805 ms..2.284 ms
client 2024-02-04 17:24:55,216 [INFO] Sending command to the server: 'session,2024-02-04_17-19-13,start,testing'
client 2024-02-04 17:25:08,241 [INFO] Got response: 'OK'
client 2024-02-04 17:25:08,241 [INFO] Sending command to the server: 'time'
client 2024-02-04 17:25:08,246 [INFO] Got response: '1707067508.243384'
client 2024-02-04 17:25:08,247 [INFO] The time difference between the client and the server is within range -1.491 ms..3.600 ms
client 2024-02-04 17:25:08,247 [INFO] Running the workload 'CM_MLPERF_RUN_COUNT=$(cat ${CM_RUN_DIR}/count.txt); echo ${CM_MLPERF_RUN_COUNT}; CM_MLPERF_RUN_COUNT=$((CM_MLPERF_RUN_COUNT+1)); echo ${CM_MLPERF_RUN_COUNT} > ${CM_RUN_DIR}/count.txt && if [ ${CM_MLPERF_RUN_COUNT} -eq "1" ]; then export CM_MLPERF_USER_CONF=${CM_MLPERF_RANGING_USER_CONF}; else export CM_MLPERF_USER_CONF=${CM_MLPERF_TESTING_USER_CONF}; fi && /mnt/CM/repos/ctuning@mlcommons-ck/cm-mlops/script/get-lib-armnn/run.out'
client 2024-02-04 17:35:12,637 [INFO] Sending command to the server: 'time'
client 2024-02-04 17:35:12,660 [INFO] Got response: '1707068112.6575086'
client 2024-02-04 17:35:12,661 [INFO] The time difference between the client and the server is within range -20.757 ms..3.525 ms
client 2024-02-04 17:35:12,661 [INFO] Sending command to the server: 'session,2024-02-04_17-19-13,stop,testing'
client 2024-02-04 17:35:23,296 [INFO] Got response: 'OK'
client 2024-02-04 17:35:23,298 [INFO] Sending command to the server: 'time'
client 2024-02-04 17:35:23,301 [INFO] Got response: '1707068123.2985692'
client 2024-02-04 17:35:23,301 [INFO] The time difference between the client and the server is within range -0.536 ms..2.883 ms
client 2024-02-04 17:35:23,306 [INFO] Copying loadgen logs from '/home/arjun/results_dir/valid_results/orin-tflite_armnn_cpp-cpu-armnn_tflite-v23.11-using_neon/mobilenet-v2-precision_uint8-0.35-160/singlestream/performance/run_1' to '/home/arjun/results_dir/valid_results/orin-tflite_armnn_cpp-cpu-armnn_tflite-v23.11-using_neon/mobilenet-v2-precision_uint8-0.35-160/singlestream/performance/tmp_power/run_1'
client 2024-02-04 17:35:23,308 [INFO] Done runs
