[2024-02-16 02:23:17,477 main.py:230 INFO] Detected system ID: KnownSystem.spr
[2024-02-16 02:23:18,141 generate_conf_files.py:107 INFO] Generated measurements/ entries for spr_TRT/bert-99/Offline
[2024-02-16 02:23:18,141 __init__.py:46 INFO] Running command: ./build/bin/harness_bert --logfile_outdir="/home/cmuser/local/cache/f88c69500c934b67/valid_results/e7848e83534a-nvidia_original-gpu-tensorrt-vdefault-default_config/bert-99/offline/performance/run_1" --logfile_prefix="mlperf_log_" --performance_sample_count=10833 --test_mode="PerformanceOnly" --gpu_batch_size=256 --mlperf_conf_path="/home/cmuser/CM/repos/local/cache/30a1e017eddd4007/inference/mlperf.conf" --tensor_path="build/preprocessed_data/squad_tokenized/input_ids.npy,build/preprocessed_data/squad_tokenized/segment_ids.npy,build/preprocessed_data/squad_tokenized/input_mask.npy" --use_graphs=false --user_conf_path="/home/cmuser/CM/repos/ctuning@mlcommons-ck/cm-mlops/script/generate-mlperf-inference-user-conf/tmp/6bdd7b84f9ab4865a39defa84ae30468.conf" --gpu_inference_streams=2 --gpu_copy_streams=2 --gpu_engines="./build/engines/spr/bert/Offline/bert-Offline-gpu-int8_S_384_B_256_P_2_vs.custom_k_99_MaxP.plan" --scenario Offline --model bert
[2024-02-16 02:23:18,141 __init__.py:53 INFO] Overriding Environment
benchmark : Benchmark.BERT
buffer_manager_thread_count : 0
coalesced_tensor : True
data_dir : /home/cmuser/local/cache/b1f8faeaa7384886/data
enable_interleaved : False
gpu_batch_size : 256
gpu_copy_streams : 2
gpu_inference_streams : 2
input_dtype : int32
input_format : linear
log_dir : /home/cmuser/CM/repos/local/cache/8fc141ed37f54f54/repo/closed/NVIDIA/build/logs/2024.02.16-02.23.15
mlperf_conf_path : /home/cmuser/CM/repos/local/cache/30a1e017eddd4007/inference/mlperf.conf
offline_expected_qps : 8000.0
precision : int8
preprocessed_data_dir : /home/cmuser/local/cache/b1f8faeaa7384886/preprocessed_data
scenario : Scenario.Offline
system : SystemConfiguration(host_cpu_conf=CPUConfiguration(layout={CPU(name='Intel(R) Xeon(R) w7-2495X', architecture=<CPUArchitecture.x86_64: AliasedName(name='x86_64', aliases=(), patterns=())>, core_count=24, threads_per_core=2): 1}), host_mem_conf=MemoryConfiguration(host_memory_capacity=Memory(quantity=197.33004, byte_suffix=<ByteSuffix.GB: (1000, 3)>, _num_bytes=197330040000), comparison_tolerance=0.05), accelerator_conf=AcceleratorConfiguration(layout=defaultdict(<class 'int'>, {GPU(name='NVIDIA GeForce RTX 4090', accelerator_type=<AcceleratorType.Discrete: AliasedName(name='Discrete', aliases=(), patterns=())>, vram=Memory(quantity=23.98828125, byte_suffix=<ByteSuffix.GiB: (1024, 3)>, _num_bytes=25757220864), max_power_limit=450.0, pci_id='0x268410DE', compute_sm=89): 2})), numa_conf=None, system_id='spr')
tensor_path : build/preprocessed_data/squad_tokenized/input_ids.npy,build/preprocessed_data/squad_tokenized/segment_ids.npy,build/preprocessed_data/squad_tokenized/input_mask.npy
test_mode : PerformanceOnly
use_graphs : False
user_conf_path : /home/cmuser/CM/repos/ctuning@mlcommons-ck/cm-mlops/script/generate-mlperf-inference-user-conf/tmp/6bdd7b84f9ab4865a39defa84ae30468.conf
system_id : spr
config_name : spr_bert_Offline
workload_setting : WorkloadSetting(HarnessType.Custom, AccuracyTarget.k_99, PowerSetting.MaxP)
optimization_level : plugin-enabled
use_cpu : False
use_inferentia : False
num_profiles : 2
config_ver : custom_k_99_MaxP
accuracy_level : 99%
inference_server : custom
skip_file_checks : True
power_limit : None
cpu_freq : None
&&&& RUNNING BERT_HARNESS # ./build/bin/harness_bert
I0216 02:23:18.181005 345138 main_bert.cc:163] Found 2 GPUs
I0216 02:23:18.307102 345138 bert_server.cc:142] Engine Path: ./build/engines/spr/bert/Offline/bert-Offline-gpu-int8_S_384_B_256_P_2_vs.custom_k_99_MaxP.plan
[I] [TRT] Loaded engine size: 414 MiB
[I] [TRT] Loaded engine size: 414 MiB
[W] [TRT] Using an engine plan file across different models of devices is not recommended and is likely to affect performance or even cause errors.
[I] [TRT] [MemUsageChange] Init cuBLAS/cuBLASLt: CPU +65, GPU +8, now: CPU 778, GPU 1225 (MiB)
[I] [TRT] [MemUsageChange] Init cuDNN: CPU +2, GPU +10, now: CPU 780, GPU 1235 (MiB)
[I] [TRT] [MemUsageChange] TensorRT-managed allocation in engine deserialization: CPU +0, GPU +581, now: CPU 0, GPU 581 (MiB)
[I] [TRT] [MemUsageChange] Init cuBLAS/cuBLASLt: CPU +6, GPU +8, now: CPU 728, GPU 933 (MiB)
[I] [TRT] [MemUsageChange] Init cuDNN: CPU +1, GPU +10, now: CPU 729, GPU 943 (MiB)
[I] [TRT] [MemUsageChange] TensorRT-managed allocation in engine deserialization: CPU +1, GPU +291, now: CPU 1, GPU 581 (MiB)
I0216 02:23:18.832455 345138 bert_server.cc:203] Engines Creation Completed
I0216 02:23:18.843632 345138 bert_core_vs.cc:385] Engine - Device Memory requirements: 704644608
I0216 02:23:18.843638 345138 bert_core_vs.cc:393] Engine - Number of Optimization Profiles: 2
I0216 02:23:18.843643 345138 bert_core_vs.cc:415] Engine - Profile 0 maxDims 98304 Bmax=256 Smax=384
[I] [TRT] [MemUsageChange] Init cuBLAS/cuBLASLt: CPU +1, GPU +8, now: CPU 316, GPU 1901 (MiB)
[I] [TRT] [MemUsageChange] Init cuDNN: CPU +0, GPU +8, now: CPU 316, GPU 1909 (MiB)
I0216 02:23:18.911459 345138 bert_core_vs.cc:426] Setting Opt.Prof. to 0
I0216 02:23:18.911473 345138 bert_core_vs.cc:444] Context creation complete. Max supported batchSize: 256
[I] [TRT] [MemUsageChange] TensorRT-managed allocation in IExecutionContext creation: CPU +0, GPU +0, now: CPU 1, GPU 581 (MiB)
I0216 02:23:18.912240 345138 bert_core_vs.cc:476] Setup complete
I0216 02:23:18.912370 345138 bert_core_vs.cc:385] Engine - Device Memory requirements: 704644608
I0216 02:23:18.912374 345138 bert_core_vs.cc:393] Engine - Number of Optimization Profiles: 2
I0216 02:23:18.912377 345138 bert_core_vs.cc:415] Engine - Profile 0 maxDims 98304 Bmax=256 Smax=384
[I] [TRT] [MemUsageChange] Init cuBLAS/cuBLASLt: CPU +1, GPU +8, now: CPU 439, GPU 1609 (MiB)
[I] [TRT] [MemUsageChange] Init cuDNN: CPU +0, GPU +8, now: CPU 439, GPU 1617 (MiB)
I0216 02:23:18.976095 345138 bert_core_vs.cc:426] Setting Opt.Prof. to 0
I0216 02:23:18.976109 345138 bert_core_vs.cc:444] Context creation complete. Max supported batchSize: 256
[I] [TRT] [MemUsageChange] TensorRT-managed allocation in IExecutionContext creation: CPU +0, GPU +0, now: CPU 1, GPU 581 (MiB)
I0216 02:23:18.976804 345138 bert_core_vs.cc:476] Setup complete
I0216 02:23:18.976943 345138 bert_core_vs.cc:385] Engine - Device Memory requirements: 704644608
I0216 02:23:18.976945 345138 bert_core_vs.cc:393] Engine - Number of Optimization Profiles: 2
I0216 02:23:18.976949 345138 bert_core_vs.cc:415] Engine - Profile 1 maxDims 98304 Bmax=256 Smax=384
[I] [TRT] [MemUsageChange] Init cuBLAS/cuBLASLt: CPU +1, GPU +8, now: CPU 562, GPU 2715 (MiB)
[I] [TRT] [MemUsageChange] Init cuDNN: CPU +0, GPU +10, now: CPU 562, GPU 2725 (MiB)
I0216 02:23:19.039917 345138 bert_core_vs.cc:426] Setting Opt.Prof. to 1
[I] [TRT] Could not set default profile 0 for execution context. Profile index must be set explicitly.
[I] [TRT] [MemUsageChange] TensorRT-managed allocation in IExecutionContext creation: CPU +1, GPU +0, now: CPU 2, GPU 581 (MiB)
I0216 02:23:19.040243 345138 bert_core_vs.cc:444] Context creation complete. Max supported batchSize: 256
I0216 02:23:19.041054 345138 bert_core_vs.cc:476] Setup complete
I0216 02:23:19.041198 345138 bert_core_vs.cc:385] Engine - Device Memory requirements: 704644608
I0216 02:23:19.041200 345138 bert_core_vs.cc:393] Engine - Number of Optimization Profiles: 2
I0216 02:23:19.041204 345138 bert_core_vs.cc:415] Engine - Profile 1 maxDims 98304 Bmax=256 Smax=384
[I] [TRT] [MemUsageChange] Init cuBLAS/cuBLASLt: CPU +0, GPU +8, now: CPU 685, GPU 2423 (MiB)
[I] [TRT] [MemUsageChange] Init cuDNN: CPU +0, GPU +10, now: CPU 685, GPU 2433 (MiB)
I0216 02:23:19.103364 345138 bert_core_vs.cc:426] Setting Opt.Prof. to 1
[I] [TRT] Could not set default profile 0 for execution context. Profile index must be set explicitly.
[I] [TRT] [MemUsageChange] TensorRT-managed allocation in IExecutionContext creation: CPU +0, GPU +0, now: CPU 2, GPU 581 (MiB)
I0216 02:23:19.103668 345138 bert_core_vs.cc:444] Context creation complete. Max supported batchSize: 256
I0216 02:23:19.104458 345138 bert_core_vs.cc:476] Setup complete
I0216 02:23:19.556454 345138 main_bert.cc:184] Starting running actual test.
I0216 02:34:03.555290 345138 main_bert.cc:190] Finished running actual test.
================================================
MLPerf Results Summary
================================================
SUT name : BERT SERVER
Scenario : Offline
Mode     : PerformanceOnly
Samples per second: 8212.08
Result is : VALID
  Min duration satisfied : Yes
  Min queries satisfied : Yes
  Early stopping satisfied: Yes

================================================
Additional Stats
================================================
Min latency (ns)                : 1437981326
Max latency (ns)                : 642954888853
Mean latency (ns)               : 389571848932
50.00 percentile latency (ns)   : 414879751618
90.00 percentile latency (ns)   : 613047206784
95.00 percentile latency (ns)   : 630695443328
97.00 percentile latency (ns)   : 636544992464
99.00 percentile latency (ns)   : 641196104506
99.90 percentile latency (ns)   : 642814450780

================================================
Test Parameters Used
================================================
samples_per_query : 5280000
target_qps : 8000
target_latency (ns): 0
max_async_queries : 1
min_duration (ms): 600000
max_duration (ms): 0
min_query_count : 1
max_query_count : 0
qsl_rng_seed : 13281865557512327830
sample_index_rng_seed : 198141574272810017
schedule_rng_seed : 7575108116881280410
accuracy_log_rng_seed : 0
accuracy_log_probability : 0
accuracy_log_sampling_target : 0
print_timestamps : 0
performance_issue_unique : 0
performance_issue_same : 0
performance_issue_same_index : 0
performance_sample_count : 10833

No warnings encountered during test.

No errors encountered during test.
[2024-02-16 02:34:03,750 run_harness.py:170 INFO] Result: result_samples_per_second: 8212.08, Result is VALID
 
======================== Result summaries: ========================

