Graph file: /home/ubuntu/CM/repos/local/cache/eeb552f770d34db0/mobilenet_v1_0.75_128.tflite
Image dir: /home/ubuntu/CM/repos/local/cache/e59e47309d044b78
Image list: /home/ubuntu/CM/repos/local/cache/e59e47309d044b78/preprocessed_files.txt
Image size: 128
Image channels: 3
Prediction classes: 1000
Result dir: /home/ubuntu/CM/repos/local/cache/a4a5ea16d6484514/valid_results/ip_172_31_38_149-tflite_cpp-cpu-tflite-vmaster-default_config/mobilenet-v1-precision_float-0.75-128/singlestream/performance/run_1
How many images fit in memory buffer: 1024
Normalize: 1
Subtract mean: 0
Run time preprocessing: 0
Number of Threads: 2
Number of available imagefiles: 50000

Loading graph...
INFO: Created TensorFlow Lite XNNPACK delegate for CPU.
Input tensor dimensions (NHWC): 1*128*128*3
Output tensor dimensions: 1*1001
Path to mlperf.conf : /home/ubuntu/CM/repos/local/cache/3fb96ad6072347c2/inference/mlperf.conf
Path to user.conf : /home/ubuntu/CM/repos/ctuning@mlcommons-ck/cm-mlops/script/generate-mlperf-inference-user-conf/tmp/c02b78292df64320a5f566f2f687b188.conf
Model Name: mobilenet
LoadGen Scenario: SingleStream
LoadGen Mode: performance
