client 2024-01-29 13:25:39,831 [INFO] Creating output directory '/home/arjun/results_dir/valid_results/orin-tflite_cpp-cpu-tflite-vmaster-default_config/mobilenet-v2-precision_float-0.35-192/singlestream/performance/tmp_power'
client 2024-01-29 13:25:39,834 [INFO] Sending command to the server: 'mlcommons/power client v3'
client 2024-01-29 13:25:39,837 [INFO] Got response: 'mlcommons/power server v3'
client 2024-01-29 13:25:39,837 [INFO] Synchronizing with the server and with time.google.com...
client 2024-01-29 13:25:39,863 [INFO] NTP:offset = -0.003 s, delay = 0.021 s 
client 2024-01-29 13:25:39,863 [INFO] Sending command to the server: 'time'
client 2024-01-29 13:25:39,868 [INFO] Got response: '1706534739.8637373'
client 2024-01-29 13:25:39,868 [INFO] The time difference between the client and the server is within range 0.229 ms..4.616 ms
client 2024-01-29 13:25:39,868 [INFO] Sending command to the server: 'new,,b1a5f660-61ec-4619-986a-28b5300abc02'
client 2024-01-29 13:25:39,872 [INFO] Got response: 'OK 2024-01-29_13-25-39,ab62f717-4f2f-4702-b13d-b566181abb1e'
client 2024-01-29 13:25:39,873 [INFO] Session id is '2024-01-29_13-25-39'
client 2024-01-29 13:25:39,873 [INFO] Sources: {"sources": {"__init__.py": "da39a3ee5e6b4b0d3255bfef95601890afd80709", "client.py": "33ca4f26368777ac06e01f9567b714a4b8063886", "lib/__init__.py": "da39a3ee5e6b4b0d3255bfef95601890afd80709", "lib/client.py": "ac2aa093c8e8bbc9569b9e2a3471bc64e58a2258", "lib/common.py": "611d8b29633d331eb19c9455ea3b5fa3284ed6df", "lib/external/__init__.py": "da39a3ee5e6b4b0d3255bfef95601890afd80709", "lib/external/ntplib.py": "4da8f970656505a40483206ef2b5d3dd5e81711d", "lib/server.py": "99303c836c683aa9017ec565104e636161d02acb", "lib/source_hashes.py": "60a2e02193209e8d392803326208d5466342da18", "lib/summary.py": "aa92f0a3f975eecd44d3c0cd0236342ccc9f941d", "lib/time_sync.py": "80894ef2389e540781ff78de94db16aa4203a14e", "server.py": "c3f90f2f7eeb4db30727556d0c815ebc89b3d28b", "tests/unit/__init__.py": "da39a3ee5e6b4b0d3255bfef95601890afd80709", "tests/unit/test_server.py": "948c1995d4008bc2aa6c4046a34ffa3858d6d671", "tests/unit/test_source_hashes.py": "00468a2907583c593e6574a1f6b404e4651c221a"}, "modules": {"ptd_client_server.lib.client": "lib/client.py", "ptd_client_server.lib.common": "lib/common.py", "ptd_client_server.lib.external.ntplib": "lib/external/ntplib.py", "ptd_client_server.lib.source_hashes": "lib/source_hashes.py", "ptd_client_server.lib.summary": "lib/summary.py", "ptd_client_server.lib.time_sync": "lib/time_sync.py"}}
client 2024-01-29 13:25:39,873 [INFO] Running workload in ranging mode
client 2024-01-29 13:25:39,873 [INFO] Synchronizing with the server and with time.google.com...
client 2024-01-29 13:25:39,896 [INFO] NTP:offset = -0.003 s, delay = 0.021 s 
client 2024-01-29 13:25:39,896 [INFO] Sending command to the server: 'time'
client 2024-01-29 13:25:39,898 [INFO] Got response: '1706534739.894853'
client 2024-01-29 13:25:39,898 [INFO] The time difference between the client and the server is within range 1.316 ms..3.981 ms
client 2024-01-29 13:25:39,898 [INFO] Sending command to the server: 'session,2024-01-29_13-25-39,start,ranging'
client 2024-01-29 13:26:07,986 [INFO] Got response: 'OK'
client 2024-01-29 13:26:07,988 [INFO] Sending command to the server: 'time'
client 2024-01-29 13:26:07,991 [INFO] Got response: '1706534767.9879582'
client 2024-01-29 13:26:07,992 [INFO] The time difference between the client and the server is within range 0.639 ms..4.332 ms
client 2024-01-29 13:26:07,992 [INFO] Running the workload 'CM_MLPERF_RUN_COUNT=$(cat ${CM_RUN_DIR}/count.txt); echo ${CM_MLPERF_RUN_COUNT}; CM_MLPERF_RUN_COUNT=$((CM_MLPERF_RUN_COUNT+1)); echo ${CM_MLPERF_RUN_COUNT} > ${CM_RUN_DIR}/count.txt && if [ ${CM_MLPERF_RUN_COUNT} -eq "1" ]; then export CM_MLPERF_USER_CONF=${CM_MLPERF_RANGING_USER_CONF}; else export CM_MLPERF_USER_CONF=${CM_MLPERF_TESTING_USER_CONF}; fi && /mnt/CM/repos/ctuning@mlcommons-ck/cm-mlops/script/benchmark-any-mlperf-inference-implementation/run.out'
client 2024-01-29 13:31:10,798 [INFO] Sending command to the server: 'time'
client 2024-01-29 13:31:10,870 [INFO] Got response: '1706535070.860622'
client 2024-01-29 13:31:10,871 [INFO] The time difference between the client and the server is within range -61.897 ms..10.300 ms
client 2024-01-29 13:31:10,871 [INFO] Sending command to the server: 'session,2024-01-29_13-25-39,stop,ranging'
client 2024-01-29 13:31:21,095 [INFO] Got response: 'OK'
client 2024-01-29 13:31:21,096 [INFO] Sending command to the server: 'time'
client 2024-01-29 13:31:21,099 [INFO] Got response: '1706535081.0946128'
client 2024-01-29 13:31:21,100 [INFO] The time difference between the client and the server is within range 1.627 ms..5.302 ms
client 2024-01-29 13:31:21,117 [INFO] Copying loadgen logs from '/home/arjun/results_dir/valid_results/orin-tflite_cpp-cpu-tflite-vmaster-default_config/mobilenet-v2-precision_float-0.35-192/singlestream/performance/run_1' to '/home/arjun/results_dir/valid_results/orin-tflite_cpp-cpu-tflite-vmaster-default_config/mobilenet-v2-precision_float-0.35-192/singlestream/performance/tmp_power/ranging'
client 2024-01-29 13:31:21,120 [INFO] Running workload in testing mode
client 2024-01-29 13:31:21,120 [INFO] Synchronizing with the server and with time.google.com...
client 2024-01-29 13:31:21,147 [INFO] NTP:offset = -0.004 s, delay = 0.021 s 
client 2024-01-29 13:31:21,147 [INFO] Sending command to the server: 'time'
client 2024-01-29 13:31:21,151 [INFO] Got response: '1706535081.1467192'
client 2024-01-29 13:31:21,152 [INFO] The time difference between the client and the server is within range 0.987 ms..5.436 ms
client 2024-01-29 13:31:21,152 [INFO] Sending command to the server: 'session,2024-01-29_13-25-39,start,testing'
client 2024-01-29 13:31:34,171 [INFO] Got response: 'OK'
client 2024-01-29 13:31:34,171 [INFO] Sending command to the server: 'time'
client 2024-01-29 13:31:34,175 [INFO] Got response: '1706535094.1702483'
client 2024-01-29 13:31:34,175 [INFO] The time difference between the client and the server is within range 1.214 ms..5.495 ms
client 2024-01-29 13:31:34,175 [INFO] Running the workload 'CM_MLPERF_RUN_COUNT=$(cat ${CM_RUN_DIR}/count.txt); echo ${CM_MLPERF_RUN_COUNT}; CM_MLPERF_RUN_COUNT=$((CM_MLPERF_RUN_COUNT+1)); echo ${CM_MLPERF_RUN_COUNT} > ${CM_RUN_DIR}/count.txt && if [ ${CM_MLPERF_RUN_COUNT} -eq "1" ]; then export CM_MLPERF_USER_CONF=${CM_MLPERF_RANGING_USER_CONF}; else export CM_MLPERF_USER_CONF=${CM_MLPERF_TESTING_USER_CONF}; fi && /mnt/CM/repos/ctuning@mlcommons-ck/cm-mlops/script/benchmark-any-mlperf-inference-implementation/run.out'
client 2024-01-29 13:41:38,673 [INFO] Sending command to the server: 'time'
client 2024-01-29 13:41:38,676 [INFO] Got response: '1706535698.6725376'
client 2024-01-29 13:41:38,677 [INFO] The time difference between the client and the server is within range 0.484 ms..4.723 ms
client 2024-01-29 13:41:38,677 [INFO] Sending command to the server: 'session,2024-01-29_13-25-39,stop,testing'
client 2024-01-29 13:41:49,223 [INFO] Got response: 'OK'
client 2024-01-29 13:41:49,223 [INFO] Sending command to the server: 'time'
client 2024-01-29 13:41:49,226 [INFO] Got response: '1706535709.222484'
client 2024-01-29 13:41:49,227 [INFO] The time difference between the client and the server is within range 1.357 ms..4.597 ms
client 2024-01-29 13:41:49,231 [INFO] Copying loadgen logs from '/home/arjun/results_dir/valid_results/orin-tflite_cpp-cpu-tflite-vmaster-default_config/mobilenet-v2-precision_float-0.35-192/singlestream/performance/run_1' to '/home/arjun/results_dir/valid_results/orin-tflite_cpp-cpu-tflite-vmaster-default_config/mobilenet-v2-precision_float-0.35-192/singlestream/performance/tmp_power/run_1'
client 2024-01-29 13:41:49,247 [INFO] Done runs
