client 2024-01-29 15:38:05,405 [INFO] Creating output directory '/home/arjun/results_dir/valid_results/orin-tflite_cpp-cpu-tflite-vmaster-default_config/mobilenet-v3-precision_float-large-minimalistic-224/singlestream/performance/tmp_power'
client 2024-01-29 15:38:05,440 [INFO] Sending command to the server: 'mlcommons/power client v3'
client 2024-01-29 15:38:05,444 [INFO] Got response: 'mlcommons/power server v3'
client 2024-01-29 15:38:05,444 [INFO] Synchronizing with the server and with time.google.com...
client 2024-01-29 15:38:05,471 [INFO] NTP:offset = -0.004 s, delay = 0.021 s 
client 2024-01-29 15:38:05,472 [INFO] Sending command to the server: 'time'
client 2024-01-29 15:38:05,476 [INFO] Got response: '1706542685.4721909'
client 2024-01-29 15:38:05,476 [INFO] The time difference between the client and the server is within range -0.027 ms..4.295 ms
client 2024-01-29 15:38:05,476 [INFO] Sending command to the server: 'new,,fafae804-c1fa-4fac-b2cd-84b8c4b5c795'
client 2024-01-29 15:38:05,481 [INFO] Got response: 'OK 2024-01-29_15-38-05,aeb59cd4-5083-4a43-a414-679e8057e5e3'
client 2024-01-29 15:38:05,481 [INFO] Session id is '2024-01-29_15-38-05'
client 2024-01-29 15:38:05,481 [INFO] Sources: {"sources": {"__init__.py": "da39a3ee5e6b4b0d3255bfef95601890afd80709", "client.py": "33ca4f26368777ac06e01f9567b714a4b8063886", "lib/__init__.py": "da39a3ee5e6b4b0d3255bfef95601890afd80709", "lib/client.py": "ac2aa093c8e8bbc9569b9e2a3471bc64e58a2258", "lib/common.py": "611d8b29633d331eb19c9455ea3b5fa3284ed6df", "lib/external/__init__.py": "da39a3ee5e6b4b0d3255bfef95601890afd80709", "lib/external/ntplib.py": "4da8f970656505a40483206ef2b5d3dd5e81711d", "lib/server.py": "99303c836c683aa9017ec565104e636161d02acb", "lib/source_hashes.py": "60a2e02193209e8d392803326208d5466342da18", "lib/summary.py": "aa92f0a3f975eecd44d3c0cd0236342ccc9f941d", "lib/time_sync.py": "80894ef2389e540781ff78de94db16aa4203a14e", "server.py": "c3f90f2f7eeb4db30727556d0c815ebc89b3d28b", "tests/unit/__init__.py": "da39a3ee5e6b4b0d3255bfef95601890afd80709", "tests/unit/test_server.py": "948c1995d4008bc2aa6c4046a34ffa3858d6d671", "tests/unit/test_source_hashes.py": "00468a2907583c593e6574a1f6b404e4651c221a"}, "modules": {"ptd_client_server.lib.client": "lib/client.py", "ptd_client_server.lib.common": "lib/common.py", "ptd_client_server.lib.external.ntplib": "lib/external/ntplib.py", "ptd_client_server.lib.source_hashes": "lib/source_hashes.py", "ptd_client_server.lib.summary": "lib/summary.py", "ptd_client_server.lib.time_sync": "lib/time_sync.py"}}
client 2024-01-29 15:38:05,482 [INFO] Running workload in ranging mode
client 2024-01-29 15:38:05,482 [INFO] Synchronizing with the server and with time.google.com...
client 2024-01-29 15:38:05,505 [INFO] NTP:offset = -0.004 s, delay = 0.021 s 
client 2024-01-29 15:38:05,505 [INFO] Sending command to the server: 'time'
client 2024-01-29 15:38:05,508 [INFO] Got response: '1706542685.5042791'
client 2024-01-29 15:38:05,508 [INFO] The time difference between the client and the server is within range 0.915 ms..3.997 ms
client 2024-01-29 15:38:05,508 [INFO] Sending command to the server: 'session,2024-01-29_15-38-05,start,ranging'
client 2024-01-29 15:38:33,583 [INFO] Got response: 'OK'
client 2024-01-29 15:38:33,586 [INFO] Sending command to the server: 'time'
client 2024-01-29 15:38:33,589 [INFO] Got response: '1706542713.586109'
client 2024-01-29 15:38:33,590 [INFO] The time difference between the client and the server is within range 0.248 ms..4.000 ms
client 2024-01-29 15:38:33,590 [INFO] Running the workload 'CM_MLPERF_RUN_COUNT=$(cat ${CM_RUN_DIR}/count.txt); echo ${CM_MLPERF_RUN_COUNT}; CM_MLPERF_RUN_COUNT=$((CM_MLPERF_RUN_COUNT+1)); echo ${CM_MLPERF_RUN_COUNT} > ${CM_RUN_DIR}/count.txt && if [ ${CM_MLPERF_RUN_COUNT} -eq "1" ]; then export CM_MLPERF_USER_CONF=${CM_MLPERF_RANGING_USER_CONF}; else export CM_MLPERF_USER_CONF=${CM_MLPERF_TESTING_USER_CONF}; fi && /mnt/CM/repos/ctuning@mlcommons-ck/cm-mlops/script/benchmark-any-mlperf-inference-implementation/run.out'
client 2024-01-29 15:43:36,727 [INFO] Sending command to the server: 'time'
client 2024-01-29 15:43:36,732 [INFO] Got response: '1706543016.7279055'
client 2024-01-29 15:43:36,732 [INFO] The time difference between the client and the server is within range -0.733 ms..4.450 ms
client 2024-01-29 15:43:36,732 [INFO] Sending command to the server: 'session,2024-01-29_15-38-05,stop,ranging'
client 2024-01-29 15:43:47,689 [INFO] Got response: 'OK'
client 2024-01-29 15:43:47,690 [INFO] Sending command to the server: 'time'
client 2024-01-29 15:43:47,697 [INFO] Got response: '1706543027.6891499'
client 2024-01-29 15:43:47,698 [INFO] The time difference between the client and the server is within range 0.864 ms..8.923 ms
client 2024-01-29 15:43:47,716 [INFO] Copying loadgen logs from '/home/arjun/results_dir/valid_results/orin-tflite_cpp-cpu-tflite-vmaster-default_config/mobilenet-v3-precision_float-large-minimalistic-224/singlestream/performance/run_1' to '/home/arjun/results_dir/valid_results/orin-tflite_cpp-cpu-tflite-vmaster-default_config/mobilenet-v3-precision_float-large-minimalistic-224/singlestream/performance/tmp_power/ranging'
client 2024-01-29 15:43:47,719 [INFO] Running workload in testing mode
client 2024-01-29 15:43:47,719 [INFO] Synchronizing with the server and with time.google.com...
client 2024-01-29 15:43:47,761 [INFO] NTP:offset = -0.002 s, delay = 0.021 s 
client 2024-01-29 15:43:47,761 [INFO] Sending command to the server: 'time'
client 2024-01-29 15:43:47,764 [INFO] Got response: '1706543027.7609053'
client 2024-01-29 15:43:47,765 [INFO] The time difference between the client and the server is within range 0.624 ms..4.277 ms
client 2024-01-29 15:43:47,765 [INFO] Sending command to the server: 'session,2024-01-29_15-38-05,start,testing'
client 2024-01-29 15:44:00,783 [INFO] Got response: 'OK'
client 2024-01-29 15:44:00,784 [INFO] Sending command to the server: 'time'
client 2024-01-29 15:44:00,788 [INFO] Got response: '1706543040.7838066'
client 2024-01-29 15:44:00,788 [INFO] The time difference between the client and the server is within range 0.490 ms..4.749 ms
client 2024-01-29 15:44:00,788 [INFO] Running the workload 'CM_MLPERF_RUN_COUNT=$(cat ${CM_RUN_DIR}/count.txt); echo ${CM_MLPERF_RUN_COUNT}; CM_MLPERF_RUN_COUNT=$((CM_MLPERF_RUN_COUNT+1)); echo ${CM_MLPERF_RUN_COUNT} > ${CM_RUN_DIR}/count.txt && if [ ${CM_MLPERF_RUN_COUNT} -eq "1" ]; then export CM_MLPERF_USER_CONF=${CM_MLPERF_RANGING_USER_CONF}; else export CM_MLPERF_USER_CONF=${CM_MLPERF_TESTING_USER_CONF}; fi && /mnt/CM/repos/ctuning@mlcommons-ck/cm-mlops/script/benchmark-any-mlperf-inference-implementation/run.out'
client 2024-01-29 15:54:05,551 [INFO] Sending command to the server: 'time'
client 2024-01-29 15:54:05,555 [INFO] Got response: '1706543645.55167'
client 2024-01-29 15:54:05,556 [INFO] The time difference between the client and the server is within range -0.343 ms..4.646 ms
client 2024-01-29 15:54:05,556 [INFO] Sending command to the server: 'session,2024-01-29_15-38-05,stop,testing'
client 2024-01-29 15:54:15,845 [INFO] Got response: 'OK'
client 2024-01-29 15:54:15,846 [INFO] Sending command to the server: 'time'
client 2024-01-29 15:54:15,849 [INFO] Got response: '1706543655.8456178'
client 2024-01-29 15:54:15,849 [INFO] The time difference between the client and the server is within range 0.722 ms..4.132 ms
client 2024-01-29 15:54:15,854 [INFO] Copying loadgen logs from '/home/arjun/results_dir/valid_results/orin-tflite_cpp-cpu-tflite-vmaster-default_config/mobilenet-v3-precision_float-large-minimalistic-224/singlestream/performance/run_1' to '/home/arjun/results_dir/valid_results/orin-tflite_cpp-cpu-tflite-vmaster-default_config/mobilenet-v3-precision_float-large-minimalistic-224/singlestream/performance/tmp_power/run_1'
client 2024-01-29 15:54:15,857 [INFO] Done runs
