Graph file: /home/ubuntu/CM/repos/local/cache/ebe5ac249add4749/mobilenet_v1_0.25_224.tflite
Image dir: /home/ubuntu/CM/repos/local/cache/f4d73e1c2a8042d5
Image list: /home/ubuntu/CM/repos/local/cache/f4d73e1c2a8042d5/preprocessed_files.txt
Image size: 224
Image channels: 3
Prediction classes: 1000
Result dir: /home/ubuntu/CM/repos/local/cache/a4a5ea16d6484514/valid_results/ip_172_31_38_149-tflite_cpp-cpu-tflite-vmaster-default_config/mobilenet-v1-precision_float-0.25-224/singlestream/performance/run_1
How many images fit in memory buffer: 1024
Normalize: 1
Subtract mean: 0
Run time preprocessing: 0
Number of Threads: 2
Number of available imagefiles: 50000

Loading graph...
INFO: Created TensorFlow Lite XNNPACK delegate for CPU.
Input tensor dimensions (NHWC): 1*224*224*3
Output tensor dimensions: 1*1001
Path to mlperf.conf : /home/ubuntu/CM/repos/local/cache/3fb96ad6072347c2/inference/mlperf.conf
Path to user.conf : /home/ubuntu/CM/repos/ctuning@mlcommons-ck/cm-mlops/script/generate-mlperf-inference-user-conf/tmp/f3d8cdd7a20248029ba79d90e698a81f.conf
Model Name: mobilenet
LoadGen Scenario: SingleStream
LoadGen Mode: performance
