Graph file: /home/ubuntu/CM/repos/local/cache/1315c44e8cd843d1/efficientnet-lite0/efficientnet-lite0-fp32.tflite
Image dir: /home/ubuntu/CM/repos/local/cache/4e2d24a3d7b64724
Image list: /home/ubuntu/CM/repos/local/cache/4e2d24a3d7b64724/preprocessed_files.txt
Image size: 224
Image channels: 3
Prediction classes: 1000
Result dir: /home/ubuntu/CM/repos/local/cache/6f95210fc6c14185/valid_results/ip_172_31_9_222-tflite_cpp-cpu-tflite-vmaster-default_config/efficientnet-fp32-lite0/singlestream/performance/run_1
How many images fit in memory buffer: 1024
Normalize: 1
Subtract mean: 0
Run time preprocessing: 0
Number of Threads: 16
Number of available imagefiles: 50000

Loading graph...
INFO: Created TensorFlow Lite XNNPACK delegate for CPU.
Input tensor dimensions (NHWC): 1*224*224*3
Output tensor dimensions: 1*1000
Path to mlperf.conf : /home/ubuntu/CM/repos/local/cache/dc2b293bbc704ecb/inference/mlperf.conf
Path to user.conf : /home/ubuntu/CM/repos/ctuning@mlcommons-ck/cm-mlops/script/generate-mlperf-inference-user-conf/tmp/e07eb26d97c0480bb901b5b001c9128e.conf
Model Name: efficientnet
LoadGen Scenario: SingleStream
LoadGen Mode: performance
