client 2024-02-01 17:19:35,339 [INFO] Creating output directory '/home/arjun/results_dir/valid_results/orin-tflite_armnn_cpp-cpu-armnn_tflite-v23.05-using_neon_with_live_preprocessing/efficientnet-fp32-lite0/singlestream/performance/tmp_power'
client 2024-02-01 17:19:35,343 [INFO] Sending command to the server: 'mlcommons/power client v3'
client 2024-02-01 17:19:35,345 [INFO] Got response: 'mlcommons/power server v3'
client 2024-02-01 17:19:35,345 [INFO] Synchronizing with the server and with time.google.com...
client 2024-02-01 17:19:35,374 [INFO] NTP:offset = -0.003 s, delay = 0.023 s 
client 2024-02-01 17:19:35,374 [INFO] Sending command to the server: 'time'
client 2024-02-01 17:19:35,377 [INFO] Got response: '1706807975.3766837'
client 2024-02-01 17:19:35,377 [INFO] The time difference between the client and the server is within range -2.420 ms..1.118 ms
client 2024-02-01 17:19:35,377 [INFO] Sending command to the server: 'new,,d9a1979d-568c-49fd-8984-8320c8e9da19'
client 2024-02-01 17:19:35,381 [INFO] Got response: 'OK 2024-02-01_17-19-35,ad682398-b87f-4c7c-a918-8762fba1ee4b'
client 2024-02-01 17:19:35,381 [INFO] Session id is '2024-02-01_17-19-35'
client 2024-02-01 17:19:35,381 [INFO] Sources: {"sources": {"__init__.py": "da39a3ee5e6b4b0d3255bfef95601890afd80709", "client.py": "33ca4f26368777ac06e01f9567b714a4b8063886", "lib/__init__.py": "da39a3ee5e6b4b0d3255bfef95601890afd80709", "lib/client.py": "ac2aa093c8e8bbc9569b9e2a3471bc64e58a2258", "lib/common.py": "611d8b29633d331eb19c9455ea3b5fa3284ed6df", "lib/external/__init__.py": "da39a3ee5e6b4b0d3255bfef95601890afd80709", "lib/external/ntplib.py": "4da8f970656505a40483206ef2b5d3dd5e81711d", "lib/server.py": "99303c836c683aa9017ec565104e636161d02acb", "lib/source_hashes.py": "60a2e02193209e8d392803326208d5466342da18", "lib/summary.py": "aa92f0a3f975eecd44d3c0cd0236342ccc9f941d", "lib/time_sync.py": "80894ef2389e540781ff78de94db16aa4203a14e", "server.py": "c3f90f2f7eeb4db30727556d0c815ebc89b3d28b", "tests/unit/__init__.py": "da39a3ee5e6b4b0d3255bfef95601890afd80709", "tests/unit/test_server.py": "948c1995d4008bc2aa6c4046a34ffa3858d6d671", "tests/unit/test_source_hashes.py": "00468a2907583c593e6574a1f6b404e4651c221a"}, "modules": {"ptd_client_server.lib.client": "lib/client.py", "ptd_client_server.lib.common": "lib/common.py", "ptd_client_server.lib.external.ntplib": "lib/external/ntplib.py", "ptd_client_server.lib.source_hashes": "lib/source_hashes.py", "ptd_client_server.lib.summary": "lib/summary.py", "ptd_client_server.lib.time_sync": "lib/time_sync.py"}}
client 2024-02-01 17:19:35,382 [INFO] Running workload in ranging mode
client 2024-02-01 17:19:35,382 [INFO] Synchronizing with the server and with time.google.com...
client 2024-02-01 17:19:35,405 [INFO] NTP:offset = -0.001 s, delay = 0.021 s 
client 2024-02-01 17:19:35,405 [INFO] Sending command to the server: 'time'
client 2024-02-01 17:19:35,408 [INFO] Got response: '1706807975.407612'
client 2024-02-01 17:19:35,408 [INFO] The time difference between the client and the server is within range -2.332 ms..1.086 ms
client 2024-02-01 17:19:35,408 [INFO] Sending command to the server: 'session,2024-02-01_17-19-35,start,ranging'
client 2024-02-01 17:20:03,579 [INFO] Got response: 'OK'
client 2024-02-01 17:20:03,581 [INFO] Sending command to the server: 'time'
client 2024-02-01 17:20:03,584 [INFO] Got response: '1706808003.583714'
client 2024-02-01 17:20:03,585 [INFO] The time difference between the client and the server is within range -2.254 ms..1.430 ms
client 2024-02-01 17:20:03,585 [INFO] Running the workload 'CM_MLPERF_RUN_COUNT=$(cat ${CM_RUN_DIR}/count.txt); echo ${CM_MLPERF_RUN_COUNT}; CM_MLPERF_RUN_COUNT=$((CM_MLPERF_RUN_COUNT+1)); echo ${CM_MLPERF_RUN_COUNT} > ${CM_RUN_DIR}/count.txt && if [ ${CM_MLPERF_RUN_COUNT} -eq "1" ]; then export CM_MLPERF_USER_CONF=${CM_MLPERF_RANGING_USER_CONF}; else export CM_MLPERF_USER_CONF=${CM_MLPERF_TESTING_USER_CONF}; fi && /mnt/CM/repos/ctuning@mlcommons-ck/cm-mlops/script/benchmark-any-mlperf-inference-implementation/run.out'
client 2024-02-01 17:25:06,329 [INFO] Sending command to the server: 'time'
client 2024-02-01 17:25:06,422 [INFO] Got response: '1706808306.4204898'
client 2024-02-01 17:25:06,422 [INFO] The time difference between the client and the server is within range -91.268 ms..1.997 ms
client 2024-02-01 17:25:06,422 [INFO] Sending command to the server: 'session,2024-02-01_17-19-35,stop,ranging'
client 2024-02-01 17:25:16,799 [INFO] Got response: 'OK'
client 2024-02-01 17:25:16,800 [INFO] Sending command to the server: 'time'
client 2024-02-01 17:25:16,805 [INFO] Got response: '1706808316.8039682'
client 2024-02-01 17:25:16,805 [INFO] The time difference between the client and the server is within range -3.140 ms..1.695 ms
client 2024-02-01 17:25:16,822 [INFO] Copying loadgen logs from '/home/arjun/results_dir/valid_results/orin-tflite_armnn_cpp-cpu-armnn_tflite-v23.05-using_neon_with_live_preprocessing/efficientnet-fp32-lite0/singlestream/performance/run_1' to '/home/arjun/results_dir/valid_results/orin-tflite_armnn_cpp-cpu-armnn_tflite-v23.05-using_neon_with_live_preprocessing/efficientnet-fp32-lite0/singlestream/performance/tmp_power/ranging'
client 2024-02-01 17:25:16,824 [INFO] Running workload in testing mode
client 2024-02-01 17:25:16,825 [INFO] Synchronizing with the server and with time.google.com...
client 2024-02-01 17:25:16,853 [INFO] NTP:offset = -0.001 s, delay = 0.023 s 
client 2024-02-01 17:25:16,853 [INFO] Sending command to the server: 'time'
client 2024-02-01 17:25:16,857 [INFO] Got response: '1706808316.8559752'
client 2024-02-01 17:25:16,857 [INFO] The time difference between the client and the server is within range -2.577 ms..1.315 ms
client 2024-02-01 17:25:16,857 [INFO] Sending command to the server: 'session,2024-02-01_17-19-35,start,testing'
client 2024-02-01 17:25:29,876 [INFO] Got response: 'OK'
client 2024-02-01 17:25:29,877 [INFO] Sending command to the server: 'time'
client 2024-02-01 17:25:29,880 [INFO] Got response: '1706808329.8797007'
client 2024-02-01 17:25:29,880 [INFO] The time difference between the client and the server is within range -1.916 ms..1.062 ms
client 2024-02-01 17:25:29,881 [INFO] Running the workload 'CM_MLPERF_RUN_COUNT=$(cat ${CM_RUN_DIR}/count.txt); echo ${CM_MLPERF_RUN_COUNT}; CM_MLPERF_RUN_COUNT=$((CM_MLPERF_RUN_COUNT+1)); echo ${CM_MLPERF_RUN_COUNT} > ${CM_RUN_DIR}/count.txt && if [ ${CM_MLPERF_RUN_COUNT} -eq "1" ]; then export CM_MLPERF_USER_CONF=${CM_MLPERF_RANGING_USER_CONF}; else export CM_MLPERF_USER_CONF=${CM_MLPERF_TESTING_USER_CONF}; fi && /mnt/CM/repos/ctuning@mlcommons-ck/cm-mlops/script/benchmark-any-mlperf-inference-implementation/run.out'
client 2024-02-01 17:35:34,725 [INFO] Sending command to the server: 'time'
client 2024-02-01 17:35:34,845 [INFO] Got response: '1706808934.8447819'
client 2024-02-01 17:35:34,846 [INFO] The time difference between the client and the server is within range -119.297 ms..1.275 ms
client 2024-02-01 17:35:34,846 [INFO] Sending command to the server: 'session,2024-02-01_17-19-35,stop,testing'
client 2024-02-01 17:35:44,936 [INFO] Got response: 'OK'
client 2024-02-01 17:35:44,937 [INFO] Sending command to the server: 'time'
client 2024-02-01 17:35:44,940 [INFO] Got response: '1706808944.9396126'
client 2024-02-01 17:35:44,940 [INFO] The time difference between the client and the server is within range -2.263 ms..0.865 ms
client 2024-02-01 17:35:44,944 [INFO] Copying loadgen logs from '/home/arjun/results_dir/valid_results/orin-tflite_armnn_cpp-cpu-armnn_tflite-v23.05-using_neon_with_live_preprocessing/efficientnet-fp32-lite0/singlestream/performance/run_1' to '/home/arjun/results_dir/valid_results/orin-tflite_armnn_cpp-cpu-armnn_tflite-v23.05-using_neon_with_live_preprocessing/efficientnet-fp32-lite0/singlestream/performance/tmp_power/run_1'
client 2024-02-01 17:35:44,947 [INFO] Done runs
