client 2024-02-19 03:25:18,803 [INFO] Sending command to the server: 'mlcommons/power client v3'
client 2024-02-19 03:25:18,806 [INFO] Got response: 'mlcommons/power server v3'
client 2024-02-19 03:25:18,806 [INFO] Sending command to the server: 'stop'
client 2024-02-19 03:25:18,811 [INFO] Got response: 'OK'
client 2024-02-19 03:25:18,811 [INFO] Synchronizing with the server and with 100.64.0.18...
client 2024-02-19 03:25:18,816 [INFO] NTP:offset = -0.001 s, delay = 0.001 s 
client 2024-02-19 03:25:18,817 [INFO] Sending command to the server: 'time'
client 2024-02-19 03:25:18,821 [INFO] Got response: '1708313118.80669'
client 2024-02-19 03:25:18,821 [INFO] The time difference between the client and the server is within range 10.306 ms..14.471 ms
client 2024-02-19 03:25:18,821 [INFO] Sending command to the server: 'new,,d1444af9-34c6-4823-9bc1-1d4425aec8b5'
client 2024-02-19 03:25:18,832 [INFO] Got response: 'OK 2024-02-19_03-25-18,6689284c-9335-4206-a5cc-c686abae228a'
client 2024-02-19 03:25:18,832 [INFO] Session id is '2024-02-19_03-25-18'
client 2024-02-19 03:25:18,832 [INFO] Sources: {"sources": {"__init__.py": "da39a3ee5e6b4b0d3255bfef95601890afd80709", "client.py": "33ca4f26368777ac06e01f9567b714a4b8063886", "lib/__init__.py": "da39a3ee5e6b4b0d3255bfef95601890afd80709", "lib/client.py": "ac2aa093c8e8bbc9569b9e2a3471bc64e58a2258", "lib/common.py": "611d8b29633d331eb19c9455ea3b5fa3284ed6df", "lib/external/__init__.py": "da39a3ee5e6b4b0d3255bfef95601890afd80709", "lib/external/ntplib.py": "4da8f970656505a40483206ef2b5d3dd5e81711d", "lib/server.py": "99303c836c683aa9017ec565104e636161d02acb", "lib/source_hashes.py": "60a2e02193209e8d392803326208d5466342da18", "lib/summary.py": "aa92f0a3f975eecd44d3c0cd0236342ccc9f941d", "lib/time_sync.py": "80894ef2389e540781ff78de94db16aa4203a14e", "server.py": "c3f90f2f7eeb4db30727556d0c815ebc89b3d28b", "tests/unit/__init__.py": "da39a3ee5e6b4b0d3255bfef95601890afd80709", "tests/unit/test_server.py": "948c1995d4008bc2aa6c4046a34ffa3858d6d671", "tests/unit/test_source_hashes.py": "00468a2907583c593e6574a1f6b404e4651c221a"}, "modules": {"ptd_client_server.lib.client": "lib/client.py", "ptd_client_server.lib.common": "lib/common.py", "ptd_client_server.lib.external.ntplib": "lib/external/ntplib.py", "ptd_client_server.lib.source_hashes": "lib/source_hashes.py", "ptd_client_server.lib.summary": "lib/summary.py", "ptd_client_server.lib.time_sync": "lib/time_sync.py"}}
client 2024-02-19 03:25:18,833 [INFO] Running workload in ranging mode
client 2024-02-19 03:25:18,833 [INFO] Synchronizing with the server and with 100.64.0.18...
client 2024-02-19 03:25:18,835 [INFO] NTP:offset = -0.001 s, delay = 0.001 s 
client 2024-02-19 03:25:18,835 [INFO] Sending command to the server: 'time'
client 2024-02-19 03:25:18,839 [INFO] Got response: '1708313118.8266847'
client 2024-02-19 03:25:18,840 [INFO] The time difference between the client and the server is within range 8.913 ms..13.337 ms
client 2024-02-19 03:25:18,840 [INFO] Sending command to the server: 'session,2024-02-19_03-25-18,start,ranging'
client 2024-02-19 03:25:42,773 [INFO] Got response: 'OK'
client 2024-02-19 03:25:42,774 [INFO] Sending command to the server: 'time'
client 2024-02-19 03:25:42,777 [INFO] Got response: '1708313142.7728565'
client 2024-02-19 03:25:42,777 [INFO] The time difference between the client and the server is within range 1.127 ms..5.085 ms
client 2024-02-19 03:25:42,778 [INFO] Running the workload 'LOG_DIR=/work/build/power_logs_temp python3.8 -m code.main --benchmarks=rnnt \t--scenarios=Offline \t--config_ver=default_maxq \t--test_mode=PerformanceOnly  --action="run_harness" \\\n\t\t2>&1 | tee -a /work/build/power_logs/2024.02.19-03.24.32/stdout.txt \\\n\t\t&& if [ ! -d /work/build/power_logs/2024.02.19-03.24.32/ranging_tmp ]; \\\n\t\t\tthen mkdir /work/build/power_logs/2024.02.19-03.24.32/ranging_tmp \\\n\t\t\t\t&& mv /work/build/power_logs_temp/* /work/build/power_logs/2024.02.19-03.24.32/ranging_tmp/ \\\n\t\t\t\t&& cp -v /work/build/power_logs/2024.02.19-03.24.32/ranging_tmp/*/*/*/mlperf_log_detail.txt /work/build/power_logs_temp/ \\\n\t\t\t\t&& cp -v /work/build/power_logs/2024.02.19-03.24.32/ranging_tmp/*/*/*/mlperf_log_summary.txt /work/build/power_logs_temp/; \\\n\t\t\telse mkdir /work/build/power_logs/2024.02.19-03.24.32/testing_tmp \\\n\t\t\t\t&& mv /work/build/power_logs_temp/* /work/build/power_logs/2024.02.19-03.24.32/testing_tmp/ \\\n\t\t\t\t&& cp -v /work/build/power_logs/2024.02.19-03.24.32/testing_tmp/*/*/*/mlperf_log_detail.txt /work/build/power_logs_temp/ \\\n\t\t\t\t&& cp -v /work/build/power_logs/2024.02.19-03.24.32/testing_tmp/*/*/*/mlperf_log_summary.txt /work/build/power_logs_temp/; fi'
client 2024-02-19 03:37:00,329 [INFO] Sending command to the server: 'time'
client 2024-02-19 03:37:00,334 [INFO] Got response: '1708313820.321859'
client 2024-02-19 03:37:00,335 [INFO] The time difference between the client and the server is within range 7.968 ms..13.257 ms
client 2024-02-19 03:37:00,335 [INFO] Sending command to the server: 'session,2024-02-19_03-25-18,stop,ranging'
client 2024-02-19 03:37:10,893 [INFO] Got response: 'OK'
client 2024-02-19 03:37:10,893 [INFO] Sending command to the server: 'time'
client 2024-02-19 03:37:10,895 [INFO] Got response: '1708313830.885992'
client 2024-02-19 03:37:10,895 [INFO] The time difference between the client and the server is within range 7.519 ms..9.656 ms
client 2024-02-19 03:37:10,902 [INFO] Copying loadgen logs from '/work/build/power_logs_temp' to '/work/build/power_logs/2024.02.19-03.24.32/2024-02-19_03-25-18/ranging'
client 2024-02-19 03:37:10,902 [INFO] Running workload in testing mode
client 2024-02-19 03:37:10,902 [INFO] Synchronizing with the server and with 100.64.0.18...
client 2024-02-19 03:37:10,903 [INFO] NTP:offset = -0.001 s, delay = 0.001 s 
client 2024-02-19 03:37:10,903 [INFO] Sending command to the server: 'time'
client 2024-02-19 03:37:10,905 [INFO] Got response: '1708313830.8960931'
client 2024-02-19 03:37:10,905 [INFO] The time difference between the client and the server is within range 7.825 ms..9.899 ms
client 2024-02-19 03:37:10,906 [INFO] Sending command to the server: 'session,2024-02-19_03-25-18,start,testing'
client 2024-02-19 03:37:23,966 [INFO] Got response: 'OK'
client 2024-02-19 03:37:23,966 [INFO] Sending command to the server: 'time'
client 2024-02-19 03:37:23,970 [INFO] Got response: '1708313843.9580116'
client 2024-02-19 03:37:23,971 [INFO] The time difference between the client and the server is within range 8.780 ms..13.009 ms
client 2024-02-19 03:37:23,971 [INFO] Running the workload 'LOG_DIR=/work/build/power_logs_temp python3.8 -m code.main --benchmarks=rnnt \t--scenarios=Offline \t--config_ver=default_maxq \t--test_mode=PerformanceOnly  --action="run_harness" \\\n\t\t2>&1 | tee -a /work/build/power_logs/2024.02.19-03.24.32/stdout.txt \\\n\t\t&& if [ ! -d /work/build/power_logs/2024.02.19-03.24.32/ranging_tmp ]; \\\n\t\t\tthen mkdir /work/build/power_logs/2024.02.19-03.24.32/ranging_tmp \\\n\t\t\t\t&& mv /work/build/power_logs_temp/* /work/build/power_logs/2024.02.19-03.24.32/ranging_tmp/ \\\n\t\t\t\t&& cp -v /work/build/power_logs/2024.02.19-03.24.32/ranging_tmp/*/*/*/mlperf_log_detail.txt /work/build/power_logs_temp/ \\\n\t\t\t\t&& cp -v /work/build/power_logs/2024.02.19-03.24.32/ranging_tmp/*/*/*/mlperf_log_summary.txt /work/build/power_logs_temp/; \\\n\t\t\telse mkdir /work/build/power_logs/2024.02.19-03.24.32/testing_tmp \\\n\t\t\t\t&& mv /work/build/power_logs_temp/* /work/build/power_logs/2024.02.19-03.24.32/testing_tmp/ \\\n\t\t\t\t&& cp -v /work/build/power_logs/2024.02.19-03.24.32/testing_tmp/*/*/*/mlperf_log_detail.txt /work/build/power_logs_temp/ \\\n\t\t\t\t&& cp -v /work/build/power_logs/2024.02.19-03.24.32/testing_tmp/*/*/*/mlperf_log_summary.txt /work/build/power_logs_temp/; fi'
client 2024-02-19 03:48:41,271 [INFO] Sending command to the server: 'time'
client 2024-02-19 03:48:41,276 [INFO] Got response: '1708314521.2514873'
client 2024-02-19 03:48:41,276 [INFO] The time difference between the client and the server is within range 19.555 ms..24.970 ms
client 2024-02-19 03:48:41,276 [INFO] Sending command to the server: 'session,2024-02-19_03-25-18,stop,testing'
client 2024-02-19 03:48:52,021 [INFO] Got response: 'OK'
client 2024-02-19 03:48:52,021 [INFO] Sending command to the server: 'time'
client 2024-02-19 03:48:52,023 [INFO] Got response: '1708314531.9992182'
client 2024-02-19 03:48:52,024 [INFO] The time difference between the client and the server is within range 22.442 ms..24.797 ms
client 2024-02-19 03:48:52,025 [INFO] Copying loadgen logs from '/work/build/power_logs_temp' to '/work/build/power_logs/2024.02.19-03.24.32/2024-02-19_03-25-18/run_1'
client 2024-02-19 03:48:52,026 [INFO] Done runs
