[2024-02-14 15:37:58,169 main.py:230 INFO] Detected system ID: KnownSystem.spr
[2024-02-14 15:37:58,593 harness.py:238 INFO] The harness will load 3 plugins: ['build/plugins/pixelShuffle3DPlugin/libpixelshuffle3dplugin.so', 'build/plugins/conv3D1X1X1K4Plugin/libconv3D1X1X1K4Plugin.so', 'build/plugins/conv3D3X3X3C1K32Plugin/libconv3D3X3X3C1K32Plugin.so']
[2024-02-14 15:37:58,593 generate_conf_files.py:107 INFO] Generated measurements/ entries for spr_TRT/3d-unet-99.9/Offline
[2024-02-14 15:37:58,593 __init__.py:46 INFO] Running command: ./build/bin/harness_3dunet --plugins="build/plugins/pixelShuffle3DPlugin/libpixelshuffle3dplugin.so,build/plugins/conv3D1X1X1K4Plugin/libconv3D1X1X1K4Plugin.so,build/plugins/conv3D3X3X3C1K32Plugin/libconv3D3X3X3C1K32Plugin.so" --logfile_outdir="/home/cmuser/results_dir/valid_results/e7848e83534a-nvidia_original-gpu-tensorrt-vdefault-default_config/3d-unet-99.9/offline/performance/run_1" --logfile_prefix="mlperf_log_" --performance_sample_count=43 --test_mode="PerformanceOnly" --gpu_copy_streams=1 --gpu_inference_streams=1 --gpu_batch_size=8 --map_path="data_maps/kits19/val_map.txt" --mlperf_conf_path="/home/cmuser/CM/repos/local/cache/64ed88a664624323/inference/mlperf.conf" --tensor_path="build/preprocessed_data/KiTS19/inference/int8" --use_graphs=false --user_conf_path="/home/cmuser/CM/repos/ctuning@mlcommons-ck/cm-mlops/script/generate-mlperf-inference-user-conf/tmp/d9e565de18f743399866ac0cf7343451.conf" --unet3d_sw_gaussian_patch_path="/home/cmuser/local/cache/b1f8faeaa7384886/preprocessed_data/KiTS19/etc/gaussian_patches.npy" --gpu_engines="./build/engines/spr/3d-unet/Offline/3d-unet-Offline-gpu-b8-int8.custom_k_99_9_MaxP.plan" --max_dlas=0 --slice_overlap_patch_kernel_cg_impl=false --scenario Offline --model 3d-unet
[2024-02-14 15:37:58,593 __init__.py:53 INFO] Overriding Environment
benchmark : Benchmark.UNET3D
buffer_manager_thread_count : 0
data_dir : /home/cmuser/local/cache/b1f8faeaa7384886/data
gpu_batch_size : 8
gpu_copy_streams : 1
gpu_inference_streams : 1
input_dtype : int8
input_format : linear
log_dir : /home/cmuser/CM/repos/local/cache/8fc141ed37f54f54/repo/closed/NVIDIA/build/logs/2024.02.14-15.37.56
map_path : data_maps/kits19/val_map.txt
mlperf_conf_path : /home/cmuser/CM/repos/local/cache/64ed88a664624323/inference/mlperf.conf
offline_expected_qps : 0.0
precision : int8
preprocessed_data_dir : /home/cmuser/local/cache/b1f8faeaa7384886/preprocessed_data
scenario : Scenario.Offline
slice_overlap_patch_kernel_cg_impl : False
system : SystemConfiguration(host_cpu_conf=CPUConfiguration(layout={CPU(name='Intel(R) Xeon(R) w7-2495X', architecture=<CPUArchitecture.x86_64: AliasedName(name='x86_64', aliases=(), patterns=())>, core_count=24, threads_per_core=2): 1}), host_mem_conf=MemoryConfiguration(host_memory_capacity=Memory(quantity=197.33004, byte_suffix=<ByteSuffix.GB: (1000, 3)>, _num_bytes=197330040000), comparison_tolerance=0.05), accelerator_conf=AcceleratorConfiguration(layout=defaultdict(<class 'int'>, {GPU(name='NVIDIA GeForce RTX 4090', accelerator_type=<AcceleratorType.Discrete: AliasedName(name='Discrete', aliases=(), patterns=())>, vram=Memory(quantity=23.98828125, byte_suffix=<ByteSuffix.GiB: (1024, 3)>, _num_bytes=25757220864), max_power_limit=450.0, pci_id='0x268410DE', compute_sm=89): 2})), numa_conf=None, system_id='spr')
tensor_path : build/preprocessed_data/KiTS19/inference/int8
test_mode : PerformanceOnly
unet3d_sw_gaussian_patch_path : /home/cmuser/local/cache/b1f8faeaa7384886/preprocessed_data/KiTS19/etc/gaussian_patches.npy
use_graphs : False
user_conf_path : /home/cmuser/CM/repos/ctuning@mlcommons-ck/cm-mlops/script/generate-mlperf-inference-user-conf/tmp/d9e565de18f743399866ac0cf7343451.conf
system_id : spr
config_name : spr_3d-unet_Offline
workload_setting : WorkloadSetting(HarnessType.Custom, AccuracyTarget.k_99_9, PowerSetting.MaxP)
optimization_level : plugin-enabled
use_cpu : False
use_inferentia : False
num_profiles : 1
config_ver : custom_k_99_9_MaxP
accuracy_level : 99.9%
inference_server : custom
skip_file_checks : False
power_limit : None
cpu_freq : None
&&&& RUNNING MLPerf_Inference_3DUNet_Harness # ./build/bin/harness_3dunet
[I] mlperf.conf path: /home/cmuser/CM/repos/local/cache/64ed88a664624323/inference/mlperf.conf
[I] user.conf path: /home/cmuser/CM/repos/ctuning@mlcommons-ck/cm-mlops/script/generate-mlperf-inference-user-conf/tmp/d9e565de18f743399866ac0cf7343451.conf
Creating QSL.
Finished Creating QSL.
Setting up SUT.
[I] [TRT] Loaded engine size: 31 MiB
[I] [TRT] [MemUsageChange] Init cuBLAS/cuBLASLt: CPU +0, GPU +8, now: CPU 79, GPU 1097 (MiB)
[I] [TRT] [MemUsageChange] Init cuDNN: CPU +0, GPU +10, now: CPU 79, GPU 1107 (MiB)
[I] [TRT] [MemUsageChange] TensorRT-managed allocation in engine deserialization: CPU +0, GPU +29, now: CPU 0, GPU 29 (MiB)
[I] Device:0: ./build/engines/spr/3d-unet/Offline/3d-unet-Offline-gpu-b8-int8.custom_k_99_9_MaxP.plan has been successfully loaded.
[I] [TRT] Loaded engine size: 31 MiB
[W] [TRT] Using an engine plan file across different models of devices is not recommended and is likely to affect performance or even cause errors.
[I] [TRT] [MemUsageChange] Init cuBLAS/cuBLASLt: CPU +0, GPU +8, now: CPU 112, GPU 805 (MiB)
[I] [TRT] [MemUsageChange] Init cuDNN: CPU +0, GPU +10, now: CPU 112, GPU 815 (MiB)
[I] [TRT] [MemUsageChange] TensorRT-managed allocation in engine deserialization: CPU +0, GPU +30, now: CPU 0, GPU 59 (MiB)
[I] Device:1: ./build/engines/spr/3d-unet/Offline/3d-unet-Offline-gpu-b8-int8.custom_k_99_9_MaxP.plan has been successfully loaded.
[E] [TRT] 3: [runtime.cpp::~Runtime::399] Error Code 3: API Usage Error (Parameter check failed at: runtime/rt/runtime.cpp::~Runtime::399, condition: mEngineCounter.use_count() == 1. Destroying a runtime before destroying deserialized engines created by the runtime leads to undefined behavior.
)
[I] [TRT] [MemUsageChange] Init cuBLAS/cuBLASLt: CPU +0, GPU +8, now: CPU 81, GPU 1813 (MiB)
[I] [TRT] [MemUsageChange] Init cuDNN: CPU +0, GPU +8, now: CPU 81, GPU 1821 (MiB)
[I] [TRT] [MemUsageChange] TensorRT-managed allocation in IExecutionContext creation: CPU +0, GPU +2218, now: CPU 0, GPU 2277 (MiB)
[I] [TRT] [MemUsageChange] Init cuBLAS/cuBLASLt: CPU +0, GPU +8, now: CPU 88, GPU 1521 (MiB)
[I] [TRT] [MemUsageChange] Init cuDNN: CPU +0, GPU +8, now: CPU 88, GPU 1529 (MiB)
[I] [TRT] [MemUsageChange] TensorRT-managed allocation in IExecutionContext creation: CPU +0, GPU +2217, now: CPU 0, GPU 4494 (MiB)
[I] Creating batcher thread: 0 EnableBatcherThreadPerDevice: true
[I] Creating batcher thread: 1 EnableBatcherThreadPerDevice: true
Finished setting up SUT.
Starting warmup. Running for a minimum of 5 seconds.
Finished warmup. Ran for 5.43933s.
Starting running actual test.
================================================
MLPerf Results Summary
================================================
SUT name : Server_3DUNet
Scenario : Offline
Mode     : PerformanceOnly
Samples per second: 8.30662
Result is : INVALID
  Min duration satisfied : NO
  Min queries satisfied : Yes
  Early stopping satisfied: Yes
Recommendations:
 * Increase expected QPS so the loadgen pre-generates a larger (coalesced) query.

================================================
Additional Stats
================================================
Min latency (ns)                : 236593238
Max latency (ns)                : 82825512935
Mean latency (ns)               : 41328776491
50.00 percentile latency (ns)   : 41318164640
90.00 percentile latency (ns)   : 74041368203
95.00 percentile latency (ns)   : 78624809131
97.00 percentile latency (ns)   : 80439302418
99.00 percentile latency (ns)   : 81994500773
99.90 percentile latency (ns)   : 82825512935

================================================
Test Parameters Used
================================================
samples_per_query : 666
target_qps : 1.01
target_latency (ns): 0
max_async_queries : 1
min_duration (ms): 600000
max_duration (ms): 0
min_query_count : 1
max_query_count : 0
qsl_rng_seed : 13281865557512327830
sample_index_rng_seed : 198141574272810017
schedule_rng_seed : 7575108116881280410
accuracy_log_rng_seed : 0
accuracy_log_probability : 0
accuracy_log_sampling_target : 0
print_timestamps : 0
performance_issue_unique : 0
performance_issue_same : 0
performance_issue_same_index : 0
performance_sample_count : 43

No warnings encountered during test.

No errors encountered during test.
Finished running actual test.
Device Device:0 processed:
  52 batches of size 2
  16 batches of size 3
  56 batches of size 4
  25 batches of size 5
  2679 batches of size 8
  Memcpy Calls: 0
  PerSampleCudaMemcpy Calls: 340
  BatchedCudaMemcpy Calls: 0
Device Device:1 processed:
  76 batches of size 2
  16 batches of size 3
  56 batches of size 4
  23 batches of size 5
  2713 batches of size 8
  Memcpy Calls: 0
  PerSampleCudaMemcpy Calls: 348
  BatchedCudaMemcpy Calls: 0
&&&& PASSED MLPerf_Inference_3DUNet_Harness # ./build/bin/harness_3dunet
[2024-02-14 15:39:28,675 run_harness.py:170 INFO] Result: result_samples_per_second: 8.30662, Result is INVALID
 
======================== Result summaries: ========================

