Graph file: /home/ec2-user/CM/repos/local/cache/a1a42bd760d040c7/v2_224_50/model.tflite
Image dir: /home/ec2-user/CM/repos/local/cache/254970408b4540e1
Image list: /home/ec2-user/CM/repos/local/cache/254970408b4540e1/preprocessed_files.txt
Image size: 224
Image channels: 3
Prediction classes: 1000
Result dir: /home/ec2-user/CM/repos/local/cache/017d8e20e6854c20/valid_results/ip_172_31_30_110.us_west_2.compute.internal-tflite_cpp-cpu-tflite-vmaster-default_config/mobilenet-v2-precision_uint8-0.5-224/singlestream/performance/run_1
How many images fit in memory buffer: 1024
Normalize: 1
Subtract mean: 0
Run time preprocessing: 1
Number of Threads: 4
Number of available imagefiles: 50000

Loading graph...
INFO: Created TensorFlow Lite XNNPACK delegate for CPU.
Input tensor dimensions (NHWC): 1*224*224*3
Output tensor dimensions: 1*1001
Path to mlperf.conf : /home/ec2-user/CM/repos/local/cache/41e6ffe78d1840ee/inference/mlperf.conf
Path to user.conf : /home/ec2-user/CM/repos/ctuning@mlcommons-ck/cm-mlops/script/generate-mlperf-inference-user-conf/tmp/84fc8c6c17a84df0b6ffc4233bac88b4.conf
Model Name: mobilenet
LoadGen Scenario: SingleStream
LoadGen Mode: performance
