client 2024-01-29 02:06:57,372 [INFO] Creating output directory '/home/arjun/results_dir/valid_results/orin-tflite_cpp-cpu-tflite-vmaster-default_config/mobilenet-v1-precision_uint8-0.5-224/singlestream/performance/tmp_power'
client 2024-01-29 02:06:57,376 [INFO] Sending command to the server: 'mlcommons/power client v3'
client 2024-01-29 02:06:57,378 [INFO] Got response: 'mlcommons/power server v3'
client 2024-01-29 02:06:57,378 [INFO] Synchronizing with the server and with time.google.com...
client 2024-01-29 02:06:57,414 [INFO] NTP:offset = -0.002 s, delay = 0.020 s 
client 2024-01-29 02:06:57,414 [INFO] Sending command to the server: 'time'
client 2024-01-29 02:06:57,417 [INFO] Got response: '1706494017.41438'
client 2024-01-29 02:06:57,417 [INFO] The time difference between the client and the server is within range 0.556 ms..3.516 ms
client 2024-01-29 02:06:57,418 [INFO] Sending command to the server: 'new,,2e961313-2a4c-4ba4-a456-c8f9c844b0e7'
client 2024-01-29 02:06:57,420 [INFO] Got response: 'OK 2024-01-29_02-06-57,1e66d5ab-923d-4ef9-94c9-08d4a3b345d6'
client 2024-01-29 02:06:57,420 [INFO] Session id is '2024-01-29_02-06-57'
client 2024-01-29 02:06:57,420 [INFO] Sources: {"sources": {"__init__.py": "da39a3ee5e6b4b0d3255bfef95601890afd80709", "client.py": "33ca4f26368777ac06e01f9567b714a4b8063886", "lib/__init__.py": "da39a3ee5e6b4b0d3255bfef95601890afd80709", "lib/client.py": "ac2aa093c8e8bbc9569b9e2a3471bc64e58a2258", "lib/common.py": "611d8b29633d331eb19c9455ea3b5fa3284ed6df", "lib/external/__init__.py": "da39a3ee5e6b4b0d3255bfef95601890afd80709", "lib/external/ntplib.py": "4da8f970656505a40483206ef2b5d3dd5e81711d", "lib/server.py": "99303c836c683aa9017ec565104e636161d02acb", "lib/source_hashes.py": "60a2e02193209e8d392803326208d5466342da18", "lib/summary.py": "aa92f0a3f975eecd44d3c0cd0236342ccc9f941d", "lib/time_sync.py": "80894ef2389e540781ff78de94db16aa4203a14e", "server.py": "c3f90f2f7eeb4db30727556d0c815ebc89b3d28b", "tests/unit/__init__.py": "da39a3ee5e6b4b0d3255bfef95601890afd80709", "tests/unit/test_server.py": "948c1995d4008bc2aa6c4046a34ffa3858d6d671", "tests/unit/test_source_hashes.py": "00468a2907583c593e6574a1f6b404e4651c221a"}, "modules": {"ptd_client_server.lib.client": "lib/client.py", "ptd_client_server.lib.common": "lib/common.py", "ptd_client_server.lib.external.ntplib": "lib/external/ntplib.py", "ptd_client_server.lib.source_hashes": "lib/source_hashes.py", "ptd_client_server.lib.summary": "lib/summary.py", "ptd_client_server.lib.time_sync": "lib/time_sync.py"}}
client 2024-01-29 02:06:57,420 [INFO] Running workload in ranging mode
client 2024-01-29 02:06:57,421 [INFO] Synchronizing with the server and with time.google.com...
client 2024-01-29 02:06:57,442 [INFO] NTP:offset = -0.004 s, delay = 0.020 s 
client 2024-01-29 02:06:57,442 [INFO] Sending command to the server: 'time'
client 2024-01-29 02:06:57,446 [INFO] Got response: '1706494017.4429746'
client 2024-01-29 02:06:57,446 [INFO] The time difference between the client and the server is within range -0.018 ms..3.754 ms
client 2024-01-29 02:06:57,446 [INFO] Sending command to the server: 'session,2024-01-29_02-06-57,start,ranging'
client 2024-01-29 02:07:25,528 [INFO] Got response: 'OK'
client 2024-01-29 02:07:25,530 [INFO] Sending command to the server: 'time'
client 2024-01-29 02:07:25,533 [INFO] Got response: '1706494045.5301223'
client 2024-01-29 02:07:25,533 [INFO] The time difference between the client and the server is within range 0.396 ms..3.437 ms
client 2024-01-29 02:07:25,533 [INFO] Running the workload 'CM_MLPERF_RUN_COUNT=$(cat ${CM_RUN_DIR}/count.txt); echo ${CM_MLPERF_RUN_COUNT}; CM_MLPERF_RUN_COUNT=$((CM_MLPERF_RUN_COUNT+1)); echo ${CM_MLPERF_RUN_COUNT} > ${CM_RUN_DIR}/count.txt && if [ ${CM_MLPERF_RUN_COUNT} -eq "1" ]; then export CM_MLPERF_USER_CONF=${CM_MLPERF_RANGING_USER_CONF}; else export CM_MLPERF_USER_CONF=${CM_MLPERF_TESTING_USER_CONF}; fi && /mnt/CM/repos/ctuning@mlcommons-ck/cm-mlops/script/benchmark-any-mlperf-inference-implementation/run.out'
client 2024-01-29 02:12:28,010 [INFO] Sending command to the server: 'time'
client 2024-01-29 02:12:28,015 [INFO] Got response: '1706494348.0108938'
client 2024-01-29 02:12:28,015 [INFO] The time difference between the client and the server is within range -0.829 ms..4.429 ms
client 2024-01-29 02:12:28,015 [INFO] Sending command to the server: 'session,2024-01-29_02-06-57,stop,ranging'
client 2024-01-29 02:12:38,612 [INFO] Got response: 'OK'
client 2024-01-29 02:12:38,613 [INFO] Sending command to the server: 'time'
client 2024-01-29 02:12:38,616 [INFO] Got response: '1706494358.6132672'
client 2024-01-29 02:12:38,616 [INFO] The time difference between the client and the server is within range 0.397 ms..3.617 ms
client 2024-01-29 02:12:38,633 [INFO] Copying loadgen logs from '/home/arjun/results_dir/valid_results/orin-tflite_cpp-cpu-tflite-vmaster-default_config/mobilenet-v1-precision_uint8-0.5-224/singlestream/performance/run_1' to '/home/arjun/results_dir/valid_results/orin-tflite_cpp-cpu-tflite-vmaster-default_config/mobilenet-v1-precision_uint8-0.5-224/singlestream/performance/tmp_power/ranging'
client 2024-01-29 02:12:38,636 [INFO] Running workload in testing mode
client 2024-01-29 02:12:38,636 [INFO] Synchronizing with the server and with time.google.com...
client 2024-01-29 02:12:38,664 [INFO] NTP:offset = -0.004 s, delay = 0.022 s 
client 2024-01-29 02:12:38,664 [INFO] Sending command to the server: 'time'
client 2024-01-29 02:12:38,668 [INFO] Got response: '1706494358.665106'
client 2024-01-29 02:12:38,668 [INFO] The time difference between the client and the server is within range -0.330 ms..3.486 ms
client 2024-01-29 02:12:38,668 [INFO] Sending command to the server: 'session,2024-01-29_02-06-57,start,testing'
client 2024-01-29 02:12:51,690 [INFO] Got response: 'OK'
client 2024-01-29 02:12:51,691 [INFO] Sending command to the server: 'time'
client 2024-01-29 02:12:51,694 [INFO] Got response: '1706494371.6912937'
client 2024-01-29 02:12:51,695 [INFO] The time difference between the client and the server is within range 0.065 ms..3.762 ms
client 2024-01-29 02:12:51,695 [INFO] Running the workload 'CM_MLPERF_RUN_COUNT=$(cat ${CM_RUN_DIR}/count.txt); echo ${CM_MLPERF_RUN_COUNT}; CM_MLPERF_RUN_COUNT=$((CM_MLPERF_RUN_COUNT+1)); echo ${CM_MLPERF_RUN_COUNT} > ${CM_RUN_DIR}/count.txt && if [ ${CM_MLPERF_RUN_COUNT} -eq "1" ]; then export CM_MLPERF_USER_CONF=${CM_MLPERF_RANGING_USER_CONF}; else export CM_MLPERF_USER_CONF=${CM_MLPERF_TESTING_USER_CONF}; fi && /mnt/CM/repos/ctuning@mlcommons-ck/cm-mlops/script/benchmark-any-mlperf-inference-implementation/run.out'
client 2024-01-29 02:22:55,911 [INFO] Sending command to the server: 'time'
client 2024-01-29 02:22:55,916 [INFO] Got response: '1706494975.9127607'
client 2024-01-29 02:22:55,916 [INFO] The time difference between the client and the server is within range -1.048 ms..3.618 ms
client 2024-01-29 02:22:55,916 [INFO] Sending command to the server: 'session,2024-01-29_02-06-57,stop,testing'
client 2024-01-29 02:23:06,749 [INFO] Got response: 'OK'
client 2024-01-29 02:23:06,750 [INFO] Sending command to the server: 'time'
client 2024-01-29 02:23:06,753 [INFO] Got response: '1706494986.75098'
client 2024-01-29 02:23:06,753 [INFO] The time difference between the client and the server is within range -0.094 ms..2.718 ms
client 2024-01-29 02:23:06,758 [INFO] Copying loadgen logs from '/home/arjun/results_dir/valid_results/orin-tflite_cpp-cpu-tflite-vmaster-default_config/mobilenet-v1-precision_uint8-0.5-224/singlestream/performance/run_1' to '/home/arjun/results_dir/valid_results/orin-tflite_cpp-cpu-tflite-vmaster-default_config/mobilenet-v1-precision_uint8-0.5-224/singlestream/performance/tmp_power/run_1'
client 2024-01-29 02:23:06,760 [INFO] Done runs
