client 2024-01-29 16:27:46,564 [INFO] Creating output directory '/home/arjun/results_dir/valid_results/orin-tflite_cpp-cpu-tflite-vmaster-default_config/mobilenet-v3-precision_uint8-small-224/singlestream/performance/tmp_power'
client 2024-01-29 16:27:46,734 [INFO] Sending command to the server: 'mlcommons/power client v3'
client 2024-01-29 16:27:46,737 [INFO] Got response: 'mlcommons/power server v3'
client 2024-01-29 16:27:46,737 [INFO] Synchronizing with the server and with time.google.com...
client 2024-01-29 16:27:46,766 [INFO] NTP:offset = -0.005 s, delay = 0.021 s 
client 2024-01-29 16:27:46,766 [INFO] Sending command to the server: 'time'
client 2024-01-29 16:27:46,770 [INFO] Got response: '1706545666.766225'
client 2024-01-29 16:27:46,770 [INFO] The time difference between the client and the server is within range 0.606 ms..4.232 ms
client 2024-01-29 16:27:46,770 [INFO] Sending command to the server: 'new,,256671e8-d9fd-4c70-85fd-f344b666da3a'
client 2024-01-29 16:27:46,774 [INFO] Got response: 'OK 2024-01-29_16-27-46,c25c64ef-63e3-49a2-91b3-3ebc6c99b004'
client 2024-01-29 16:27:46,774 [INFO] Session id is '2024-01-29_16-27-46'
client 2024-01-29 16:27:46,774 [INFO] Sources: {"sources": {"__init__.py": "da39a3ee5e6b4b0d3255bfef95601890afd80709", "client.py": "33ca4f26368777ac06e01f9567b714a4b8063886", "lib/__init__.py": "da39a3ee5e6b4b0d3255bfef95601890afd80709", "lib/client.py": "ac2aa093c8e8bbc9569b9e2a3471bc64e58a2258", "lib/common.py": "611d8b29633d331eb19c9455ea3b5fa3284ed6df", "lib/external/__init__.py": "da39a3ee5e6b4b0d3255bfef95601890afd80709", "lib/external/ntplib.py": "4da8f970656505a40483206ef2b5d3dd5e81711d", "lib/server.py": "99303c836c683aa9017ec565104e636161d02acb", "lib/source_hashes.py": "60a2e02193209e8d392803326208d5466342da18", "lib/summary.py": "aa92f0a3f975eecd44d3c0cd0236342ccc9f941d", "lib/time_sync.py": "80894ef2389e540781ff78de94db16aa4203a14e", "server.py": "c3f90f2f7eeb4db30727556d0c815ebc89b3d28b", "tests/unit/__init__.py": "da39a3ee5e6b4b0d3255bfef95601890afd80709", "tests/unit/test_server.py": "948c1995d4008bc2aa6c4046a34ffa3858d6d671", "tests/unit/test_source_hashes.py": "00468a2907583c593e6574a1f6b404e4651c221a"}, "modules": {"ptd_client_server.lib.client": "lib/client.py", "ptd_client_server.lib.common": "lib/common.py", "ptd_client_server.lib.external.ntplib": "lib/external/ntplib.py", "ptd_client_server.lib.source_hashes": "lib/source_hashes.py", "ptd_client_server.lib.summary": "lib/summary.py", "ptd_client_server.lib.time_sync": "lib/time_sync.py"}}
client 2024-01-29 16:27:46,775 [INFO] Running workload in ranging mode
client 2024-01-29 16:27:46,775 [INFO] Synchronizing with the server and with time.google.com...
client 2024-01-29 16:27:46,797 [INFO] NTP:offset = -0.004 s, delay = 0.020 s 
client 2024-01-29 16:27:46,797 [INFO] Sending command to the server: 'time'
client 2024-01-29 16:27:46,800 [INFO] Got response: '1706545666.7970192'
client 2024-01-29 16:27:46,800 [INFO] The time difference between the client and the server is within range 0.788 ms..3.871 ms
client 2024-01-29 16:27:46,801 [INFO] Sending command to the server: 'session,2024-01-29_16-27-46,start,ranging'
client 2024-01-29 16:28:14,874 [INFO] Got response: 'OK'
client 2024-01-29 16:28:14,877 [INFO] Sending command to the server: 'time'
client 2024-01-29 16:28:14,880 [INFO] Got response: '1706545694.876549'
client 2024-01-29 16:28:14,880 [INFO] The time difference between the client and the server is within range 0.612 ms..4.336 ms
client 2024-01-29 16:28:14,881 [INFO] Running the workload 'CM_MLPERF_RUN_COUNT=$(cat ${CM_RUN_DIR}/count.txt); echo ${CM_MLPERF_RUN_COUNT}; CM_MLPERF_RUN_COUNT=$((CM_MLPERF_RUN_COUNT+1)); echo ${CM_MLPERF_RUN_COUNT} > ${CM_RUN_DIR}/count.txt && if [ ${CM_MLPERF_RUN_COUNT} -eq "1" ]; then export CM_MLPERF_USER_CONF=${CM_MLPERF_RANGING_USER_CONF}; else export CM_MLPERF_USER_CONF=${CM_MLPERF_TESTING_USER_CONF}; fi && /mnt/CM/repos/ctuning@mlcommons-ck/cm-mlops/script/benchmark-any-mlperf-inference-implementation/run.out'
client 2024-01-29 16:33:17,389 [INFO] Sending command to the server: 'time'
client 2024-01-29 16:33:17,395 [INFO] Got response: '1706545997.3911462'
client 2024-01-29 16:33:17,395 [INFO] The time difference between the client and the server is within range -1.874 ms..4.481 ms
client 2024-01-29 16:33:17,395 [INFO] Sending command to the server: 'session,2024-01-29_16-27-46,stop,ranging'
client 2024-01-29 16:33:27,989 [INFO] Got response: 'OK'
client 2024-01-29 16:33:27,989 [INFO] Sending command to the server: 'time'
client 2024-01-29 16:33:27,992 [INFO] Got response: '1706546007.9887426'
client 2024-01-29 16:33:27,993 [INFO] The time difference between the client and the server is within range 1.180 ms..4.459 ms
client 2024-01-29 16:33:28,010 [INFO] Copying loadgen logs from '/home/arjun/results_dir/valid_results/orin-tflite_cpp-cpu-tflite-vmaster-default_config/mobilenet-v3-precision_uint8-small-224/singlestream/performance/run_1' to '/home/arjun/results_dir/valid_results/orin-tflite_cpp-cpu-tflite-vmaster-default_config/mobilenet-v3-precision_uint8-small-224/singlestream/performance/tmp_power/ranging'
client 2024-01-29 16:33:28,012 [INFO] Running workload in testing mode
client 2024-01-29 16:33:28,013 [INFO] Synchronizing with the server and with time.google.com...
client 2024-01-29 16:33:28,039 [INFO] NTP:offset = -0.005 s, delay = 0.021 s 
client 2024-01-29 16:33:28,039 [INFO] Sending command to the server: 'time'
client 2024-01-29 16:33:28,043 [INFO] Got response: '1706546008.0396035'
client 2024-01-29 16:33:28,043 [INFO] The time difference between the client and the server is within range 0.049 ms..4.264 ms
client 2024-01-29 16:33:28,044 [INFO] Sending command to the server: 'session,2024-01-29_16-27-46,start,testing'
client 2024-01-29 16:33:41,062 [INFO] Got response: 'OK'
client 2024-01-29 16:33:41,063 [INFO] Sending command to the server: 'time'
client 2024-01-29 16:33:41,068 [INFO] Got response: '1706546021.0632074'
client 2024-01-29 16:33:41,068 [INFO] The time difference between the client and the server is within range 0.583 ms..5.525 ms
client 2024-01-29 16:33:41,069 [INFO] Running the workload 'CM_MLPERF_RUN_COUNT=$(cat ${CM_RUN_DIR}/count.txt); echo ${CM_MLPERF_RUN_COUNT}; CM_MLPERF_RUN_COUNT=$((CM_MLPERF_RUN_COUNT+1)); echo ${CM_MLPERF_RUN_COUNT} > ${CM_RUN_DIR}/count.txt && if [ ${CM_MLPERF_RUN_COUNT} -eq "1" ]; then export CM_MLPERF_USER_CONF=${CM_MLPERF_RANGING_USER_CONF}; else export CM_MLPERF_USER_CONF=${CM_MLPERF_TESTING_USER_CONF}; fi && /mnt/CM/repos/ctuning@mlcommons-ck/cm-mlops/script/benchmark-any-mlperf-inference-implementation/run.out'
client 2024-01-29 16:43:45,549 [INFO] Sending command to the server: 'time'
client 2024-01-29 16:43:45,726 [INFO] Got response: '1706546625.7216449'
client 2024-01-29 16:43:45,727 [INFO] The time difference between the client and the server is within range -172.009 ms..5.415 ms
client 2024-01-29 16:43:45,727 [INFO] Sending command to the server: 'session,2024-01-29_16-27-46,stop,testing'
client 2024-01-29 16:43:56,118 [INFO] Got response: 'OK'
client 2024-01-29 16:43:56,119 [INFO] Sending command to the server: 'time'
client 2024-01-29 16:43:56,122 [INFO] Got response: '1706546636.118441'
client 2024-01-29 16:43:56,122 [INFO] The time difference between the client and the server is within range 0.924 ms..4.247 ms
client 2024-01-29 16:43:56,127 [INFO] Copying loadgen logs from '/home/arjun/results_dir/valid_results/orin-tflite_cpp-cpu-tflite-vmaster-default_config/mobilenet-v3-precision_uint8-small-224/singlestream/performance/run_1' to '/home/arjun/results_dir/valid_results/orin-tflite_cpp-cpu-tflite-vmaster-default_config/mobilenet-v3-precision_uint8-small-224/singlestream/performance/tmp_power/run_1'
client 2024-01-29 16:43:56,139 [INFO] Done runs
