client 2024-02-01 15:06:55,679 [INFO] Creating output directory '/home/arjun/results_dir/valid_results/orin-tflite_armnn_cpp-cpu-armnn_tflite-v23.05-using_neon/mobilenet-v2-precision_uint8-0.35-128/singlestream/performance/tmp_power'
client 2024-02-01 15:06:55,716 [INFO] Sending command to the server: 'mlcommons/power client v3'
client 2024-02-01 15:06:55,720 [INFO] Got response: 'mlcommons/power server v3'
client 2024-02-01 15:06:55,720 [INFO] Synchronizing with the server and with time.google.com...
client 2024-02-01 15:06:55,746 [INFO] NTP:offset = -0.005 s, delay = 0.020 s 
client 2024-02-01 15:06:55,746 [INFO] Sending command to the server: 'time'
client 2024-02-01 15:06:55,750 [INFO] Got response: '1706800015.7445922'
client 2024-02-01 15:06:55,750 [INFO] The time difference between the client and the server is within range 2.177 ms..6.061 ms
client 2024-02-01 15:06:55,750 [INFO] Sending command to the server: 'new,,4937e7bb-654a-4b6d-aab5-1a3c25e1f58d'
client 2024-02-01 15:06:55,755 [INFO] Got response: 'OK 2024-02-01_15-06-55,cd1f4af2-669c-4b39-aaa7-50bcd30c03a5'
client 2024-02-01 15:06:55,755 [INFO] Session id is '2024-02-01_15-06-55'
client 2024-02-01 15:06:55,755 [INFO] Sources: {"sources": {"__init__.py": "da39a3ee5e6b4b0d3255bfef95601890afd80709", "client.py": "33ca4f26368777ac06e01f9567b714a4b8063886", "lib/__init__.py": "da39a3ee5e6b4b0d3255bfef95601890afd80709", "lib/client.py": "ac2aa093c8e8bbc9569b9e2a3471bc64e58a2258", "lib/common.py": "611d8b29633d331eb19c9455ea3b5fa3284ed6df", "lib/external/__init__.py": "da39a3ee5e6b4b0d3255bfef95601890afd80709", "lib/external/ntplib.py": "4da8f970656505a40483206ef2b5d3dd5e81711d", "lib/server.py": "99303c836c683aa9017ec565104e636161d02acb", "lib/source_hashes.py": "60a2e02193209e8d392803326208d5466342da18", "lib/summary.py": "aa92f0a3f975eecd44d3c0cd0236342ccc9f941d", "lib/time_sync.py": "80894ef2389e540781ff78de94db16aa4203a14e", "server.py": "c3f90f2f7eeb4db30727556d0c815ebc89b3d28b", "tests/unit/__init__.py": "da39a3ee5e6b4b0d3255bfef95601890afd80709", "tests/unit/test_server.py": "948c1995d4008bc2aa6c4046a34ffa3858d6d671", "tests/unit/test_source_hashes.py": "00468a2907583c593e6574a1f6b404e4651c221a"}, "modules": {"ptd_client_server.lib.client": "lib/client.py", "ptd_client_server.lib.common": "lib/common.py", "ptd_client_server.lib.external.ntplib": "lib/external/ntplib.py", "ptd_client_server.lib.source_hashes": "lib/source_hashes.py", "ptd_client_server.lib.summary": "lib/summary.py", "ptd_client_server.lib.time_sync": "lib/time_sync.py"}}
client 2024-02-01 15:06:55,756 [INFO] Running workload in ranging mode
client 2024-02-01 15:06:55,756 [INFO] Synchronizing with the server and with time.google.com...
client 2024-02-01 15:06:55,784 [INFO] NTP:offset = -0.004 s, delay = 0.026 s 
client 2024-02-01 15:06:55,784 [INFO] Sending command to the server: 'time'
client 2024-02-01 15:06:55,788 [INFO] Got response: '1706800015.7823906'
client 2024-02-01 15:06:55,788 [INFO] The time difference between the client and the server is within range 1.915 ms..5.913 ms
client 2024-02-01 15:06:55,788 [INFO] Sending command to the server: 'session,2024-02-01_15-06-55,start,ranging'
client 2024-02-01 15:07:23,942 [INFO] Got response: 'OK'
client 2024-02-01 15:07:23,945 [INFO] Sending command to the server: 'time'
client 2024-02-01 15:07:23,949 [INFO] Got response: '1706800043.9432049'
client 2024-02-01 15:07:23,949 [INFO] The time difference between the client and the server is within range 2.468 ms..6.603 ms
client 2024-02-01 15:07:23,950 [INFO] Running the workload 'CM_MLPERF_RUN_COUNT=$(cat ${CM_RUN_DIR}/count.txt); echo ${CM_MLPERF_RUN_COUNT}; CM_MLPERF_RUN_COUNT=$((CM_MLPERF_RUN_COUNT+1)); echo ${CM_MLPERF_RUN_COUNT} > ${CM_RUN_DIR}/count.txt && if [ ${CM_MLPERF_RUN_COUNT} -eq "1" ]; then export CM_MLPERF_USER_CONF=${CM_MLPERF_RANGING_USER_CONF}; else export CM_MLPERF_USER_CONF=${CM_MLPERF_TESTING_USER_CONF}; fi && /mnt/CM/repos/ctuning@mlcommons-ck/cm-mlops/script/benchmark-any-mlperf-inference-implementation/run.out'
client 2024-02-01 15:12:26,379 [INFO] Sending command to the server: 'time'
client 2024-02-01 15:12:26,382 [INFO] Got response: '1706800346.375954'
client 2024-02-01 15:12:26,383 [INFO] The time difference between the client and the server is within range 2.951 ms..7.085 ms
client 2024-02-01 15:12:26,383 [INFO] Sending command to the server: 'session,2024-02-01_15-06-55,stop,ranging'
client 2024-02-01 15:12:37,157 [INFO] Got response: 'OK'
client 2024-02-01 15:12:37,159 [INFO] Sending command to the server: 'time'
client 2024-02-01 15:12:37,161 [INFO] Got response: '1706800357.155311'
client 2024-02-01 15:12:37,161 [INFO] The time difference between the client and the server is within range 3.646 ms..6.370 ms
client 2024-02-01 15:12:37,179 [INFO] Copying loadgen logs from '/home/arjun/results_dir/valid_results/orin-tflite_armnn_cpp-cpu-armnn_tflite-v23.05-using_neon/mobilenet-v2-precision_uint8-0.35-128/singlestream/performance/run_1' to '/home/arjun/results_dir/valid_results/orin-tflite_armnn_cpp-cpu-armnn_tflite-v23.05-using_neon/mobilenet-v2-precision_uint8-0.35-128/singlestream/performance/tmp_power/ranging'
client 2024-02-01 15:12:37,181 [INFO] Running workload in testing mode
client 2024-02-01 15:12:37,181 [INFO] Synchronizing with the server and with time.google.com...
client 2024-02-01 15:12:37,210 [INFO] NTP:offset = -0.006 s, delay = 0.023 s 
client 2024-02-01 15:12:37,210 [INFO] Sending command to the server: 'time'
client 2024-02-01 15:12:37,214 [INFO] Got response: '1706800357.2078965'
client 2024-02-01 15:12:37,215 [INFO] The time difference between the client and the server is within range 2.969 ms..7.180 ms
client 2024-02-01 15:12:37,215 [INFO] Sending command to the server: 'session,2024-02-01_15-06-55,start,testing'
client 2024-02-01 15:12:50,236 [INFO] Got response: 'OK'
client 2024-02-01 15:12:50,237 [INFO] Sending command to the server: 'time'
client 2024-02-01 15:12:50,242 [INFO] Got response: '1706800370.2341478'
client 2024-02-01 15:12:50,242 [INFO] The time difference between the client and the server is within range 3.221 ms..8.103 ms
client 2024-02-01 15:12:50,242 [INFO] Running the workload 'CM_MLPERF_RUN_COUNT=$(cat ${CM_RUN_DIR}/count.txt); echo ${CM_MLPERF_RUN_COUNT}; CM_MLPERF_RUN_COUNT=$((CM_MLPERF_RUN_COUNT+1)); echo ${CM_MLPERF_RUN_COUNT} > ${CM_RUN_DIR}/count.txt && if [ ${CM_MLPERF_RUN_COUNT} -eq "1" ]; then export CM_MLPERF_USER_CONF=${CM_MLPERF_RANGING_USER_CONF}; else export CM_MLPERF_USER_CONF=${CM_MLPERF_TESTING_USER_CONF}; fi && /mnt/CM/repos/ctuning@mlcommons-ck/cm-mlops/script/benchmark-any-mlperf-inference-implementation/run.out'
client 2024-02-01 15:22:54,652 [INFO] Sending command to the server: 'time'
client 2024-02-01 15:22:54,763 [INFO] Got response: '1706800974.7545142'
client 2024-02-01 15:22:54,763 [INFO] The time difference between the client and the server is within range -101.784 ms..9.205 ms
client 2024-02-01 15:22:54,764 [INFO] Sending command to the server: 'session,2024-02-01_15-06-55,stop,testing'
client 2024-02-01 15:23:05,300 [INFO] Got response: 'OK'
client 2024-02-01 15:23:05,301 [INFO] Sending command to the server: 'time'
client 2024-02-01 15:23:05,304 [INFO] Got response: '1706800985.2971256'
client 2024-02-01 15:23:05,305 [INFO] The time difference between the client and the server is within range 4.425 ms..8.111 ms
client 2024-02-01 15:23:05,310 [INFO] Copying loadgen logs from '/home/arjun/results_dir/valid_results/orin-tflite_armnn_cpp-cpu-armnn_tflite-v23.05-using_neon/mobilenet-v2-precision_uint8-0.35-128/singlestream/performance/run_1' to '/home/arjun/results_dir/valid_results/orin-tflite_armnn_cpp-cpu-armnn_tflite-v23.05-using_neon/mobilenet-v2-precision_uint8-0.35-128/singlestream/performance/tmp_power/run_1'
client 2024-02-01 15:23:05,312 [INFO] Done runs
