client 2024-02-01 17:03:00,320 [INFO] Creating output directory '/home/arjun/results_dir/valid_results/orin-tflite_armnn_cpp-cpu-armnn_tflite-v23.05-using_neon_with_live_preprocessing/mobilenet-v3-precision_float-small-minimalistic-224/singlestream/performance/tmp_power'
client 2024-02-01 17:03:00,426 [INFO] Sending command to the server: 'mlcommons/power client v3'
client 2024-02-01 17:03:00,430 [INFO] Got response: 'mlcommons/power server v3'
client 2024-02-01 17:03:00,430 [INFO] Synchronizing with the server and with time.google.com...
client 2024-02-01 17:03:00,460 [INFO] NTP:offset = 0.000 s, delay = 0.021 s 
client 2024-02-01 17:03:00,460 [INFO] Sending command to the server: 'time'
client 2024-02-01 17:03:00,464 [INFO] Got response: '1706806980.4639757'
client 2024-02-01 17:03:00,464 [INFO] The time difference between the client and the server is within range -3.674 ms..0.508 ms
client 2024-02-01 17:03:00,464 [INFO] Sending command to the server: 'new,,c8083443-6797-4d76-a0fa-bbc1eb6afb2f'
client 2024-02-01 17:03:00,468 [INFO] Got response: 'OK 2024-02-01_17-03-00,11a3cecc-baaa-40b0-81f5-5d0d9fd306d0'
client 2024-02-01 17:03:00,469 [INFO] Session id is '2024-02-01_17-03-00'
client 2024-02-01 17:03:00,469 [INFO] Sources: {"sources": {"__init__.py": "da39a3ee5e6b4b0d3255bfef95601890afd80709", "client.py": "33ca4f26368777ac06e01f9567b714a4b8063886", "lib/__init__.py": "da39a3ee5e6b4b0d3255bfef95601890afd80709", "lib/client.py": "ac2aa093c8e8bbc9569b9e2a3471bc64e58a2258", "lib/common.py": "611d8b29633d331eb19c9455ea3b5fa3284ed6df", "lib/external/__init__.py": "da39a3ee5e6b4b0d3255bfef95601890afd80709", "lib/external/ntplib.py": "4da8f970656505a40483206ef2b5d3dd5e81711d", "lib/server.py": "99303c836c683aa9017ec565104e636161d02acb", "lib/source_hashes.py": "60a2e02193209e8d392803326208d5466342da18", "lib/summary.py": "aa92f0a3f975eecd44d3c0cd0236342ccc9f941d", "lib/time_sync.py": "80894ef2389e540781ff78de94db16aa4203a14e", "server.py": "c3f90f2f7eeb4db30727556d0c815ebc89b3d28b", "tests/unit/__init__.py": "da39a3ee5e6b4b0d3255bfef95601890afd80709", "tests/unit/test_server.py": "948c1995d4008bc2aa6c4046a34ffa3858d6d671", "tests/unit/test_source_hashes.py": "00468a2907583c593e6574a1f6b404e4651c221a"}, "modules": {"ptd_client_server.lib.client": "lib/client.py", "ptd_client_server.lib.common": "lib/common.py", "ptd_client_server.lib.external.ntplib": "lib/external/ntplib.py", "ptd_client_server.lib.source_hashes": "lib/source_hashes.py", "ptd_client_server.lib.summary": "lib/summary.py", "ptd_client_server.lib.time_sync": "lib/time_sync.py"}}
client 2024-02-01 17:03:00,469 [INFO] Running workload in ranging mode
client 2024-02-01 17:03:00,470 [INFO] Synchronizing with the server and with time.google.com...
client 2024-02-01 17:03:00,493 [INFO] NTP:offset = -0.001 s, delay = 0.021 s 
client 2024-02-01 17:03:00,493 [INFO] Sending command to the server: 'time'
client 2024-02-01 17:03:00,497 [INFO] Got response: '1706806980.4972274'
client 2024-02-01 17:03:00,497 [INFO] The time difference between the client and the server is within range -3.536 ms..0.373 ms
client 2024-02-01 17:03:00,497 [INFO] Sending command to the server: 'session,2024-02-01_17-03-00,start,ranging'
client 2024-02-01 17:03:28,564 [INFO] Got response: 'OK'
client 2024-02-01 17:03:28,566 [INFO] Sending command to the server: 'time'
client 2024-02-01 17:03:28,569 [INFO] Got response: '1706807008.5694096'
client 2024-02-01 17:03:28,570 [INFO] The time difference between the client and the server is within range -3.220 ms..0.812 ms
client 2024-02-01 17:03:28,570 [INFO] Running the workload 'CM_MLPERF_RUN_COUNT=$(cat ${CM_RUN_DIR}/count.txt); echo ${CM_MLPERF_RUN_COUNT}; CM_MLPERF_RUN_COUNT=$((CM_MLPERF_RUN_COUNT+1)); echo ${CM_MLPERF_RUN_COUNT} > ${CM_RUN_DIR}/count.txt && if [ ${CM_MLPERF_RUN_COUNT} -eq "1" ]; then export CM_MLPERF_USER_CONF=${CM_MLPERF_RANGING_USER_CONF}; else export CM_MLPERF_USER_CONF=${CM_MLPERF_TESTING_USER_CONF}; fi && /mnt/CM/repos/ctuning@mlcommons-ck/cm-mlops/script/benchmark-any-mlperf-inference-implementation/run.out'
client 2024-02-01 17:08:31,249 [INFO] Sending command to the server: 'time'
client 2024-02-01 17:08:31,254 [INFO] Got response: '1706807311.253785'
client 2024-02-01 17:08:31,254 [INFO] The time difference between the client and the server is within range -4.517 ms..1.140 ms
client 2024-02-01 17:08:31,255 [INFO] Sending command to the server: 'session,2024-02-01_17-03-00,stop,ranging'
client 2024-02-01 17:08:41,791 [INFO] Got response: 'OK'
client 2024-02-01 17:08:41,792 [INFO] Sending command to the server: 'time'
client 2024-02-01 17:08:41,795 [INFO] Got response: '1706807321.795584'
client 2024-02-01 17:08:41,795 [INFO] The time difference between the client and the server is within range -3.211 ms..0.149 ms
client 2024-02-01 17:08:41,826 [INFO] Copying loadgen logs from '/home/arjun/results_dir/valid_results/orin-tflite_armnn_cpp-cpu-armnn_tflite-v23.05-using_neon_with_live_preprocessing/mobilenet-v3-precision_float-small-minimalistic-224/singlestream/performance/run_1' to '/home/arjun/results_dir/valid_results/orin-tflite_armnn_cpp-cpu-armnn_tflite-v23.05-using_neon_with_live_preprocessing/mobilenet-v3-precision_float-small-minimalistic-224/singlestream/performance/tmp_power/ranging'
client 2024-02-01 17:08:41,828 [INFO] Running workload in testing mode
client 2024-02-01 17:08:41,829 [INFO] Synchronizing with the server and with time.google.com...
client 2024-02-01 17:08:41,855 [INFO] NTP:offset = -0.000 s, delay = 0.022 s 
client 2024-02-01 17:08:41,855 [INFO] Sending command to the server: 'time'
client 2024-02-01 17:08:41,859 [INFO] Got response: '1706807321.8589983'
client 2024-02-01 17:08:41,859 [INFO] The time difference between the client and the server is within range -3.095 ms..0.269 ms
client 2024-02-01 17:08:41,859 [INFO] Sending command to the server: 'session,2024-02-01_17-03-00,start,testing'
client 2024-02-01 17:08:54,876 [INFO] Got response: 'OK'
client 2024-02-01 17:08:54,876 [INFO] Sending command to the server: 'time'
client 2024-02-01 17:08:54,879 [INFO] Got response: '1706807334.8794026'
client 2024-02-01 17:08:54,879 [INFO] The time difference between the client and the server is within range -2.706 ms..0.380 ms
client 2024-02-01 17:08:54,880 [INFO] Running the workload 'CM_MLPERF_RUN_COUNT=$(cat ${CM_RUN_DIR}/count.txt); echo ${CM_MLPERF_RUN_COUNT}; CM_MLPERF_RUN_COUNT=$((CM_MLPERF_RUN_COUNT+1)); echo ${CM_MLPERF_RUN_COUNT} > ${CM_RUN_DIR}/count.txt && if [ ${CM_MLPERF_RUN_COUNT} -eq "1" ]; then export CM_MLPERF_USER_CONF=${CM_MLPERF_RANGING_USER_CONF}; else export CM_MLPERF_USER_CONF=${CM_MLPERF_TESTING_USER_CONF}; fi && /mnt/CM/repos/ctuning@mlcommons-ck/cm-mlops/script/benchmark-any-mlperf-inference-implementation/run.out'
client 2024-02-01 17:18:59,647 [INFO] Sending command to the server: 'time'
client 2024-02-01 17:18:59,724 [INFO] Got response: '1706807939.7233055'
client 2024-02-01 17:18:59,725 [INFO] The time difference between the client and the server is within range -76.260 ms..1.770 ms
client 2024-02-01 17:18:59,725 [INFO] Sending command to the server: 'session,2024-02-01_17-03-00,stop,testing'
client 2024-02-01 17:19:09,926 [INFO] Got response: 'OK'
client 2024-02-01 17:19:09,927 [INFO] Sending command to the server: 'time'
client 2024-02-01 17:19:09,931 [INFO] Got response: '1706807949.9299839'
client 2024-02-01 17:19:09,931 [INFO] The time difference between the client and the server is within range -2.107 ms..1.458 ms
client 2024-02-01 17:19:09,936 [INFO] Copying loadgen logs from '/home/arjun/results_dir/valid_results/orin-tflite_armnn_cpp-cpu-armnn_tflite-v23.05-using_neon_with_live_preprocessing/mobilenet-v3-precision_float-small-minimalistic-224/singlestream/performance/run_1' to '/home/arjun/results_dir/valid_results/orin-tflite_armnn_cpp-cpu-armnn_tflite-v23.05-using_neon_with_live_preprocessing/mobilenet-v3-precision_float-small-minimalistic-224/singlestream/performance/tmp_power/run_1'
client 2024-02-01 17:19:09,938 [INFO] Done runs
