Graph file: /home/ubuntu/CM/repos/local/cache/9b547bc42acc426c/mobilenet_v2_1.0_128.tflite
Image dir: /home/ubuntu/CM/repos/local/cache/347cd45a421945be
Image list: /home/ubuntu/CM/repos/local/cache/347cd45a421945be/preprocessed_files.txt
Image size: 128
Image channels: 3
Prediction classes: 1000
Result dir: /home/ubuntu/CM/repos/local/cache/c951c448d62a4016/valid_results/ip_172_31_55_41-tflite_cpp-cpu-tflite-vmaster-with_live_preprocessing/mobilenet-v2-precision_float-1.0-128/singlestream/performance/run_1
How many images fit in memory buffer: 1024
Normalize: 1
Subtract mean: 0
Run time preprocessing: 1
Number of Threads: 8
Number of available imagefiles: 50000

Loading graph...
INFO: Created TensorFlow Lite XNNPACK delegate for CPU.
Input tensor dimensions (NHWC): 1*128*128*3
Output tensor dimensions: 1*1001
Path to mlperf.conf : /home/ubuntu/CM/repos/local/cache/50b84cc0948543d2/inference/mlperf.conf
Path to user.conf : /home/ubuntu/CM/repos/ctuning@mlcommons-ck/cm-mlops/script/generate-mlperf-inference-user-conf/tmp/9f411f61b32d463580795929ce16cc96.conf
Model Name: mobilenet
LoadGen Scenario: SingleStream
LoadGen Mode: performance
