client 2024-02-01 10:25:02,385 [INFO] Creating output directory '/home/arjun/results_dir/valid_results/orin-tflite_armnn_cpp-cpu-armnn_tflite-v23.05-using_neon_with_live_preprocessing/mobilenet-v2-precision_float-0.75-128/singlestream/performance/tmp_power'
client 2024-02-01 10:25:02,388 [INFO] Sending command to the server: 'mlcommons/power client v3'
client 2024-02-01 10:25:02,392 [INFO] Got response: 'mlcommons/power server v3'
client 2024-02-01 10:25:02,392 [INFO] Synchronizing with the server and with time.google.com...
client 2024-02-01 10:25:02,418 [INFO] NTP:offset = -0.006 s, delay = 0.021 s 
client 2024-02-01 10:25:02,418 [INFO] Sending command to the server: 'time'
client 2024-02-01 10:25:02,422 [INFO] Got response: '1706783102.4170327'
client 2024-02-01 10:25:02,422 [INFO] The time difference between the client and the server is within range 1.759 ms..5.443 ms
client 2024-02-01 10:25:02,422 [INFO] Sending command to the server: 'new,,1ec9d75e-8e4d-4f01-91ab-6342102d4ddc'
client 2024-02-01 10:25:02,426 [INFO] Got response: 'OK 2024-02-01_10-25-02,20dfb1f6-3bf0-4783-a2ea-889978408b7e'
client 2024-02-01 10:25:02,426 [INFO] Session id is '2024-02-01_10-25-02'
client 2024-02-01 10:25:02,426 [INFO] Sources: {"sources": {"__init__.py": "da39a3ee5e6b4b0d3255bfef95601890afd80709", "client.py": "33ca4f26368777ac06e01f9567b714a4b8063886", "lib/__init__.py": "da39a3ee5e6b4b0d3255bfef95601890afd80709", "lib/client.py": "ac2aa093c8e8bbc9569b9e2a3471bc64e58a2258", "lib/common.py": "611d8b29633d331eb19c9455ea3b5fa3284ed6df", "lib/external/__init__.py": "da39a3ee5e6b4b0d3255bfef95601890afd80709", "lib/external/ntplib.py": "4da8f970656505a40483206ef2b5d3dd5e81711d", "lib/server.py": "99303c836c683aa9017ec565104e636161d02acb", "lib/source_hashes.py": "60a2e02193209e8d392803326208d5466342da18", "lib/summary.py": "aa92f0a3f975eecd44d3c0cd0236342ccc9f941d", "lib/time_sync.py": "80894ef2389e540781ff78de94db16aa4203a14e", "server.py": "c3f90f2f7eeb4db30727556d0c815ebc89b3d28b", "tests/unit/__init__.py": "da39a3ee5e6b4b0d3255bfef95601890afd80709", "tests/unit/test_server.py": "948c1995d4008bc2aa6c4046a34ffa3858d6d671", "tests/unit/test_source_hashes.py": "00468a2907583c593e6574a1f6b404e4651c221a"}, "modules": {"ptd_client_server.lib.client": "lib/client.py", "ptd_client_server.lib.common": "lib/common.py", "ptd_client_server.lib.external.ntplib": "lib/external/ntplib.py", "ptd_client_server.lib.source_hashes": "lib/source_hashes.py", "ptd_client_server.lib.summary": "lib/summary.py", "ptd_client_server.lib.time_sync": "lib/time_sync.py"}}
client 2024-02-01 10:25:02,427 [INFO] Running workload in ranging mode
client 2024-02-01 10:25:02,427 [INFO] Synchronizing with the server and with time.google.com...
client 2024-02-01 10:25:02,448 [INFO] NTP:offset = -0.007 s, delay = 0.020 s 
client 2024-02-01 10:25:02,448 [INFO] Sending command to the server: 'time'
client 2024-02-01 10:25:02,452 [INFO] Got response: '1706783102.4468126'
client 2024-02-01 10:25:02,452 [INFO] The time difference between the client and the server is within range 1.415 ms..5.360 ms
client 2024-02-01 10:25:02,452 [INFO] Sending command to the server: 'session,2024-02-01_10-25-02,start,ranging'
client 2024-02-01 10:25:30,614 [INFO] Got response: 'OK'
client 2024-02-01 10:25:30,617 [INFO] Sending command to the server: 'time'
client 2024-02-01 10:25:30,620 [INFO] Got response: '1706783130.61522'
client 2024-02-01 10:25:30,620 [INFO] The time difference between the client and the server is within range 1.911 ms..5.385 ms
client 2024-02-01 10:25:30,620 [INFO] Running the workload 'CM_MLPERF_RUN_COUNT=$(cat ${CM_RUN_DIR}/count.txt); echo ${CM_MLPERF_RUN_COUNT}; CM_MLPERF_RUN_COUNT=$((CM_MLPERF_RUN_COUNT+1)); echo ${CM_MLPERF_RUN_COUNT} > ${CM_RUN_DIR}/count.txt && if [ ${CM_MLPERF_RUN_COUNT} -eq "1" ]; then export CM_MLPERF_USER_CONF=${CM_MLPERF_RANGING_USER_CONF}; else export CM_MLPERF_USER_CONF=${CM_MLPERF_TESTING_USER_CONF}; fi && /mnt/CM/repos/ctuning@mlcommons-ck/cm-mlops/script/benchmark-any-mlperf-inference-implementation/run.out'
client 2024-02-01 10:30:33,160 [INFO] Sending command to the server: 'time'
client 2024-02-01 10:30:33,163 [INFO] Got response: '1706783433.1578152'
client 2024-02-01 10:30:33,163 [INFO] The time difference between the client and the server is within range 2.280 ms..5.779 ms
client 2024-02-01 10:30:33,163 [INFO] Sending command to the server: 'session,2024-02-01_10-25-02,stop,ranging'
client 2024-02-01 10:30:43,816 [INFO] Got response: 'OK'
client 2024-02-01 10:30:43,817 [INFO] Sending command to the server: 'time'
client 2024-02-01 10:30:43,819 [INFO] Got response: '1706783443.8145068'
client 2024-02-01 10:30:43,820 [INFO] The time difference between the client and the server is within range 2.489 ms..5.685 ms
client 2024-02-01 10:30:43,838 [INFO] Copying loadgen logs from '/home/arjun/results_dir/valid_results/orin-tflite_armnn_cpp-cpu-armnn_tflite-v23.05-using_neon_with_live_preprocessing/mobilenet-v2-precision_float-0.75-128/singlestream/performance/run_1' to '/home/arjun/results_dir/valid_results/orin-tflite_armnn_cpp-cpu-armnn_tflite-v23.05-using_neon_with_live_preprocessing/mobilenet-v2-precision_float-0.75-128/singlestream/performance/tmp_power/ranging'
client 2024-02-01 10:30:43,840 [INFO] Running workload in testing mode
client 2024-02-01 10:30:43,841 [INFO] Synchronizing with the server and with time.google.com...
client 2024-02-01 10:30:43,888 [INFO] NTP:offset = -0.004 s, delay = 0.027 s 
client 2024-02-01 10:30:43,888 [INFO] Sending command to the server: 'time'
client 2024-02-01 10:30:43,892 [INFO] Got response: '1706783443.8863962'
client 2024-02-01 10:30:43,892 [INFO] The time difference between the client and the server is within range 2.177 ms..5.838 ms
client 2024-02-01 10:30:43,892 [INFO] Sending command to the server: 'session,2024-02-01_10-25-02,start,testing'
client 2024-02-01 10:30:56,912 [INFO] Got response: 'OK'
client 2024-02-01 10:30:56,912 [INFO] Sending command to the server: 'time'
client 2024-02-01 10:30:56,915 [INFO] Got response: '1706783456.9100344'
client 2024-02-01 10:30:56,915 [INFO] The time difference between the client and the server is within range 2.641 ms..5.884 ms
client 2024-02-01 10:30:56,916 [INFO] Running the workload 'CM_MLPERF_RUN_COUNT=$(cat ${CM_RUN_DIR}/count.txt); echo ${CM_MLPERF_RUN_COUNT}; CM_MLPERF_RUN_COUNT=$((CM_MLPERF_RUN_COUNT+1)); echo ${CM_MLPERF_RUN_COUNT} > ${CM_RUN_DIR}/count.txt && if [ ${CM_MLPERF_RUN_COUNT} -eq "1" ]; then export CM_MLPERF_USER_CONF=${CM_MLPERF_RANGING_USER_CONF}; else export CM_MLPERF_USER_CONF=${CM_MLPERF_TESTING_USER_CONF}; fi && /mnt/CM/repos/ctuning@mlcommons-ck/cm-mlops/script/benchmark-any-mlperf-inference-implementation/run.out'
client 2024-02-01 10:41:01,484 [INFO] Sending command to the server: 'time'
client 2024-02-01 10:41:01,489 [INFO] Got response: '1706784061.4818997'
client 2024-02-01 10:41:01,490 [INFO] The time difference between the client and the server is within range 2.287 ms..8.288 ms
client 2024-02-01 10:41:01,490 [INFO] Sending command to the server: 'session,2024-02-01_10-25-02,stop,testing'
client 2024-02-01 10:41:11,981 [INFO] Got response: 'OK'
client 2024-02-01 10:41:11,982 [INFO] Sending command to the server: 'time'
client 2024-02-01 10:41:11,986 [INFO] Got response: '1706784071.9801004'
client 2024-02-01 10:41:11,987 [INFO] The time difference between the client and the server is within range 2.731 ms..7.125 ms
client 2024-02-01 10:41:11,991 [INFO] Copying loadgen logs from '/home/arjun/results_dir/valid_results/orin-tflite_armnn_cpp-cpu-armnn_tflite-v23.05-using_neon_with_live_preprocessing/mobilenet-v2-precision_float-0.75-128/singlestream/performance/run_1' to '/home/arjun/results_dir/valid_results/orin-tflite_armnn_cpp-cpu-armnn_tflite-v23.05-using_neon_with_live_preprocessing/mobilenet-v2-precision_float-0.75-128/singlestream/performance/tmp_power/run_1'
client 2024-02-01 10:41:11,994 [INFO] Done runs
