Graph file: /home/ubuntu/CM/repos/local/cache/abf84825eec54978/efficientnet-lite4/efficientnet-lite4-int8.tflite
Image dir: /home/ubuntu/CM/repos/local/cache/92852cd4c0b149be
Image list: /home/ubuntu/CM/repos/local/cache/92852cd4c0b149be/preprocessed_files.txt
Image size: 300
Image channels: 3
Prediction classes: 1000
Result dir: /home/ubuntu/CM/repos/local/cache/9aa1379abfa84bac/valid_results/ip_172_31_35_99-tflite_cpp-cpu-tflite-vmaster-default_config/efficientnet-int8-lite4/singlestream/performance/run_1
How many images fit in memory buffer: 1024
Normalize: 1
Subtract mean: 0
Run time preprocessing: 1
Number of Threads: 4
Number of available imagefiles: 50000

Loading graph...
INFO: Created TensorFlow Lite XNNPACK delegate for CPU.
Input tensor dimensions (NHWC): 1*300*300*3
Output tensor dimensions: 1*1000
Path to mlperf.conf : /home/ubuntu/CM/repos/local/cache/b31bc314ab8a48f9/inference/mlperf.conf
Path to user.conf : /home/ubuntu/CM/repos/ctuning@mlcommons-ck/cm-mlops/script/generate-mlperf-inference-user-conf/tmp/2b73efd2083a4e9195688536253182d5.conf
Model Name: efficientnet
LoadGen Scenario: SingleStream
LoadGen Mode: performance
