DeepSparse, Copyright 2021-present / Neuralmagic, Inc. version: 1.5.2 COMMUNITY | (93c38382) (release) (optimized) (system=avx512_vnni, binary=avx512)
2024-02-21 11:57:18 deepsparse.utils.onnx INFO     Generating input 'input_ids', type = int64, shape = [128, 384]
2024-02-21 11:57:18 deepsparse.utils.onnx INFO     Generating input 'attention_mask', type = int64, shape = [128, 384]
2024-02-21 11:57:18 deepsparse.utils.onnx INFO     Generating input 'token_type_ids', type = int64, shape = [128, 384]
================================================
MLPerf Results Summary
================================================
SUT name : PySUT
Scenario : Offline
Mode     : PerformanceOnly
Samples per second: 211.088
Result is : VALID
  Min duration satisfied : Yes
  Min queries satisfied : Yes
  Early stopping satisfied: Yes

================================================
Additional Stats
================================================
Min latency (ns)                : 874848051
Max latency (ns)                : 761012827700
Mean latency (ns)               : 288124906428
50.00 percentile latency (ns)   : 242600160117
90.00 percentile latency (ns)   : 628304150441
95.00 percentile latency (ns)   : 694655021288
97.00 percentile latency (ns)   : 720988263440
99.00 percentile latency (ns)   : 747321684438
99.90 percentile latency (ns)   : 758906999797

================================================
Test Parameters Used
================================================
samples_per_query : 160641
target_qps : 243.396
target_latency (ns): 0
max_async_queries : 1
min_duration (ms): 600000
max_duration (ms): 0
min_query_count : 1
max_query_count : 0
qsl_rng_seed : 13281865557512327830
sample_index_rng_seed : 198141574272810017
schedule_rng_seed : 7575108116881280410
accuracy_log_rng_seed : 0
accuracy_log_probability : 0
accuracy_log_sampling_target : 0
print_timestamps : 0
performance_issue_unique : 0
performance_issue_same : 0
performance_issue_same_index : 0
performance_sample_count : 10833

No warnings encountered during test.

No errors encountered during test.
Loading ONNX model... /home/arjun/.cache/sparsezoo/981483f2-fee5-4574-b67e-0f55fd984262/model.onnx
Constructing SUT...
Finished constructing SUT.
Constructing QSL...
Loading cached features from 'eval_features.pickle'...
Finished constructing QSL.
Warming up engine...
Running LoadGen test...
Done!
Destroying SUT...
Destroying QSL...
Finished destroying SUT.
Finished destroying QSL.
