client 2024-02-04 23:53:00,555 [INFO] Creating output directory '/home/arjun/results_dir/valid_results/orin-tflite_armnn_cpp-cpu-armnn_tflite-v23.11-using_neon/efficientnet-int8-lite3/singlestream/performance/tmp_power'
client 2024-02-04 23:53:00,559 [INFO] Sending command to the server: 'mlcommons/power client v3'
client 2024-02-04 23:53:00,561 [INFO] Got response: 'mlcommons/power server v3'
client 2024-02-04 23:53:00,561 [INFO] Synchronizing with the server and with time.google.com...
client 2024-02-04 23:53:00,603 [INFO] NTP:offset = 0.002 s, delay = 0.022 s 
client 2024-02-04 23:53:00,603 [INFO] Sending command to the server: 'time'
client 2024-02-04 23:53:00,607 [INFO] Got response: '1707090780.6068048'
client 2024-02-04 23:53:00,607 [INFO] The time difference between the client and the server is within range -3.399 ms..0.384 ms
client 2024-02-04 23:53:00,607 [INFO] Sending command to the server: 'new,,b8703cd7-12af-4db7-81f0-ccd694f9db86'
client 2024-02-04 23:53:00,610 [INFO] Got response: 'OK 2024-02-04_23-53-00,369b2c79-336d-4475-ad99-cc0022f2816c'
client 2024-02-04 23:53:00,610 [INFO] Session id is '2024-02-04_23-53-00'
client 2024-02-04 23:53:00,610 [INFO] Sources: {"sources": {"__init__.py": "da39a3ee5e6b4b0d3255bfef95601890afd80709", "client.py": "33ca4f26368777ac06e01f9567b714a4b8063886", "lib/__init__.py": "da39a3ee5e6b4b0d3255bfef95601890afd80709", "lib/client.py": "ac2aa093c8e8bbc9569b9e2a3471bc64e58a2258", "lib/common.py": "611d8b29633d331eb19c9455ea3b5fa3284ed6df", "lib/external/__init__.py": "da39a3ee5e6b4b0d3255bfef95601890afd80709", "lib/external/ntplib.py": "4da8f970656505a40483206ef2b5d3dd5e81711d", "lib/server.py": "99303c836c683aa9017ec565104e636161d02acb", "lib/source_hashes.py": "60a2e02193209e8d392803326208d5466342da18", "lib/summary.py": "aa92f0a3f975eecd44d3c0cd0236342ccc9f941d", "lib/time_sync.py": "80894ef2389e540781ff78de94db16aa4203a14e", "server.py": "c3f90f2f7eeb4db30727556d0c815ebc89b3d28b", "tests/unit/__init__.py": "da39a3ee5e6b4b0d3255bfef95601890afd80709", "tests/unit/test_server.py": "948c1995d4008bc2aa6c4046a34ffa3858d6d671", "tests/unit/test_source_hashes.py": "00468a2907583c593e6574a1f6b404e4651c221a"}, "modules": {"ptd_client_server.lib.client": "lib/client.py", "ptd_client_server.lib.common": "lib/common.py", "ptd_client_server.lib.external.ntplib": "lib/external/ntplib.py", "ptd_client_server.lib.source_hashes": "lib/source_hashes.py", "ptd_client_server.lib.summary": "lib/summary.py", "ptd_client_server.lib.time_sync": "lib/time_sync.py"}}
client 2024-02-04 23:53:00,611 [INFO] Running workload in ranging mode
client 2024-02-04 23:53:00,611 [INFO] Synchronizing with the server and with time.google.com...
client 2024-02-04 23:53:00,637 [INFO] NTP:offset = 0.002 s, delay = 0.025 s 
client 2024-02-04 23:53:00,637 [INFO] Sending command to the server: 'time'
client 2024-02-04 23:53:00,640 [INFO] Got response: '1707090780.6408255'
client 2024-02-04 23:53:00,640 [INFO] The time difference between the client and the server is within range -2.948 ms..0.051 ms
client 2024-02-04 23:53:00,641 [INFO] Sending command to the server: 'session,2024-02-04_23-53-00,start,ranging'
client 2024-02-04 23:53:28,741 [INFO] Got response: 'OK'
client 2024-02-04 23:53:28,744 [INFO] Sending command to the server: 'time'
client 2024-02-04 23:53:28,748 [INFO] Got response: '1707090808.748043'
client 2024-02-04 23:53:28,749 [INFO] The time difference between the client and the server is within range -3.279 ms..0.910 ms
client 2024-02-04 23:53:28,749 [INFO] Running the workload 'CM_MLPERF_RUN_COUNT=$(cat ${CM_RUN_DIR}/count.txt); echo ${CM_MLPERF_RUN_COUNT}; CM_MLPERF_RUN_COUNT=$((CM_MLPERF_RUN_COUNT+1)); echo ${CM_MLPERF_RUN_COUNT} > ${CM_RUN_DIR}/count.txt && if [ ${CM_MLPERF_RUN_COUNT} -eq "1" ]; then export CM_MLPERF_USER_CONF=${CM_MLPERF_RANGING_USER_CONF}; else export CM_MLPERF_USER_CONF=${CM_MLPERF_TESTING_USER_CONF}; fi && /mnt/CM/repos/ctuning@mlcommons-ck/cm-mlops/script/get-lib-armnn/run.out'
client 2024-02-04 23:58:31,518 [INFO] Sending command to the server: 'time'
client 2024-02-04 23:58:31,579 [INFO] Got response: '1707091111.5785656'
client 2024-02-04 23:58:31,580 [INFO] The time difference between the client and the server is within range -59.777 ms..1.656 ms
client 2024-02-04 23:58:31,580 [INFO] Sending command to the server: 'session,2024-02-04_23-53-00,stop,ranging'
client 2024-02-04 23:58:41,870 [INFO] Got response: 'OK'
client 2024-02-04 23:58:41,871 [INFO] Sending command to the server: 'time'
client 2024-02-04 23:58:41,874 [INFO] Got response: '1707091121.874959'
client 2024-02-04 23:58:41,875 [INFO] The time difference between the client and the server is within range -3.365 ms..0.287 ms
client 2024-02-04 23:58:41,892 [INFO] Copying loadgen logs from '/home/arjun/results_dir/valid_results/orin-tflite_armnn_cpp-cpu-armnn_tflite-v23.11-using_neon/efficientnet-int8-lite3/singlestream/performance/run_1' to '/home/arjun/results_dir/valid_results/orin-tflite_armnn_cpp-cpu-armnn_tflite-v23.11-using_neon/efficientnet-int8-lite3/singlestream/performance/tmp_power/ranging'
client 2024-02-04 23:58:41,895 [INFO] Running workload in testing mode
client 2024-02-04 23:58:41,896 [INFO] Synchronizing with the server and with time.google.com...
client 2024-02-04 23:58:41,922 [INFO] NTP:offset = 0.001 s, delay = 0.021 s 
client 2024-02-04 23:58:41,922 [INFO] Sending command to the server: 'time'
client 2024-02-04 23:58:41,925 [INFO] Got response: '1707091121.9254303'
client 2024-02-04 23:58:41,926 [INFO] The time difference between the client and the server is within range -3.073 ms..0.731 ms
client 2024-02-04 23:58:41,926 [INFO] Sending command to the server: 'session,2024-02-04_23-53-00,start,testing'
client 2024-02-04 23:58:54,946 [INFO] Got response: 'OK'
client 2024-02-04 23:58:54,947 [INFO] Sending command to the server: 'time'
client 2024-02-04 23:58:54,950 [INFO] Got response: '1707091134.950389'
client 2024-02-04 23:58:54,951 [INFO] The time difference between the client and the server is within range -2.963 ms..0.804 ms
client 2024-02-04 23:58:54,951 [INFO] Running the workload 'CM_MLPERF_RUN_COUNT=$(cat ${CM_RUN_DIR}/count.txt); echo ${CM_MLPERF_RUN_COUNT}; CM_MLPERF_RUN_COUNT=$((CM_MLPERF_RUN_COUNT+1)); echo ${CM_MLPERF_RUN_COUNT} > ${CM_RUN_DIR}/count.txt && if [ ${CM_MLPERF_RUN_COUNT} -eq "1" ]; then export CM_MLPERF_USER_CONF=${CM_MLPERF_RANGING_USER_CONF}; else export CM_MLPERF_USER_CONF=${CM_MLPERF_TESTING_USER_CONF}; fi && /mnt/CM/repos/ctuning@mlcommons-ck/cm-mlops/script/get-lib-armnn/run.out'
client 2024-02-05 00:08:59,745 [INFO] Sending command to the server: 'time'
client 2024-02-05 00:08:59,775 [INFO] Got response: '1707091739.7737703'
client 2024-02-05 00:08:59,775 [INFO] The time difference between the client and the server is within range -28.211 ms..1.848 ms
client 2024-02-05 00:08:59,776 [INFO] Sending command to the server: 'session,2024-02-04_23-53-00,stop,testing'
client 2024-02-05 00:09:10,005 [INFO] Got response: 'OK'
client 2024-02-05 00:09:10,006 [INFO] Sending command to the server: 'time'
client 2024-02-05 00:09:10,009 [INFO] Got response: '1707091750.009637'
client 2024-02-05 00:09:10,010 [INFO] The time difference between the client and the server is within range -3.153 ms..0.556 ms
client 2024-02-05 00:09:10,014 [INFO] Copying loadgen logs from '/home/arjun/results_dir/valid_results/orin-tflite_armnn_cpp-cpu-armnn_tflite-v23.11-using_neon/efficientnet-int8-lite3/singlestream/performance/run_1' to '/home/arjun/results_dir/valid_results/orin-tflite_armnn_cpp-cpu-armnn_tflite-v23.11-using_neon/efficientnet-int8-lite3/singlestream/performance/tmp_power/run_1'
client 2024-02-05 00:09:10,017 [INFO] Done runs
