client 2024-02-04 02:57:06,845 [INFO] Creating output directory '/home/arjun/results_dir/valid_results/orin-tflite_armnn_cpp-cpu-armnn_tflite-v23.11-using_neon/mobilenet-v1-precision_uint8-0.75-224/singlestream/performance/tmp_power'
client 2024-02-04 02:57:06,912 [INFO] Sending command to the server: 'mlcommons/power client v3'
client 2024-02-04 02:57:06,915 [INFO] Got response: 'mlcommons/power server v3'
client 2024-02-04 02:57:06,915 [INFO] Synchronizing with the server and with time.google.com...
client 2024-02-04 02:57:06,947 [INFO] NTP:offset = 0.000 s, delay = 0.021 s 
client 2024-02-04 02:57:06,948 [INFO] Sending command to the server: 'time'
client 2024-02-04 02:57:06,951 [INFO] Got response: '1707015426.9531026'
client 2024-02-04 02:57:06,952 [INFO] The time difference between the client and the server is within range -4.836 ms..-0.986 ms
client 2024-02-04 02:57:06,952 [INFO] Sending command to the server: 'new,,4a36f9e7-97ee-4655-9f81-098b36f1d49c'
client 2024-02-04 02:57:06,955 [INFO] Got response: 'OK 2024-02-04_02-57-06,ebbdfe81-54b2-450b-ba2a-b40d66a77328'
client 2024-02-04 02:57:06,956 [INFO] Session id is '2024-02-04_02-57-06'
client 2024-02-04 02:57:06,956 [INFO] Sources: {"sources": {"__init__.py": "da39a3ee5e6b4b0d3255bfef95601890afd80709", "client.py": "33ca4f26368777ac06e01f9567b714a4b8063886", "lib/__init__.py": "da39a3ee5e6b4b0d3255bfef95601890afd80709", "lib/client.py": "ac2aa093c8e8bbc9569b9e2a3471bc64e58a2258", "lib/common.py": "611d8b29633d331eb19c9455ea3b5fa3284ed6df", "lib/external/__init__.py": "da39a3ee5e6b4b0d3255bfef95601890afd80709", "lib/external/ntplib.py": "4da8f970656505a40483206ef2b5d3dd5e81711d", "lib/server.py": "99303c836c683aa9017ec565104e636161d02acb", "lib/source_hashes.py": "60a2e02193209e8d392803326208d5466342da18", "lib/summary.py": "aa92f0a3f975eecd44d3c0cd0236342ccc9f941d", "lib/time_sync.py": "80894ef2389e540781ff78de94db16aa4203a14e", "server.py": "c3f90f2f7eeb4db30727556d0c815ebc89b3d28b", "tests/unit/__init__.py": "da39a3ee5e6b4b0d3255bfef95601890afd80709", "tests/unit/test_server.py": "948c1995d4008bc2aa6c4046a34ffa3858d6d671", "tests/unit/test_source_hashes.py": "00468a2907583c593e6574a1f6b404e4651c221a"}, "modules": {"ptd_client_server.lib.client": "lib/client.py", "ptd_client_server.lib.common": "lib/common.py", "ptd_client_server.lib.external.ntplib": "lib/external/ntplib.py", "ptd_client_server.lib.source_hashes": "lib/source_hashes.py", "ptd_client_server.lib.summary": "lib/summary.py", "ptd_client_server.lib.time_sync": "lib/time_sync.py"}}
client 2024-02-04 02:57:06,957 [INFO] Running workload in ranging mode
client 2024-02-04 02:57:06,957 [INFO] Synchronizing with the server and with time.google.com...
client 2024-02-04 02:57:06,981 [INFO] NTP:offset = -0.000 s, delay = 0.022 s 
client 2024-02-04 02:57:06,981 [INFO] Sending command to the server: 'time'
client 2024-02-04 02:57:06,984 [INFO] Got response: '1707015426.9858332'
client 2024-02-04 02:57:06,984 [INFO] The time difference between the client and the server is within range -4.370 ms..-1.549 ms
client 2024-02-04 02:57:06,984 [INFO] Sending command to the server: 'session,2024-02-04_02-57-06,start,ranging'
client 2024-02-04 02:57:35,067 [INFO] Got response: 'OK'
client 2024-02-04 02:57:35,069 [INFO] Sending command to the server: 'time'
client 2024-02-04 02:57:35,073 [INFO] Got response: '1707015455.074487'
client 2024-02-04 02:57:35,073 [INFO] The time difference between the client and the server is within range -4.709 ms..-0.660 ms
client 2024-02-04 02:57:35,074 [INFO] Running the workload 'CM_MLPERF_RUN_COUNT=$(cat ${CM_RUN_DIR}/count.txt); echo ${CM_MLPERF_RUN_COUNT}; CM_MLPERF_RUN_COUNT=$((CM_MLPERF_RUN_COUNT+1)); echo ${CM_MLPERF_RUN_COUNT} > ${CM_RUN_DIR}/count.txt && if [ ${CM_MLPERF_RUN_COUNT} -eq "1" ]; then export CM_MLPERF_USER_CONF=${CM_MLPERF_RANGING_USER_CONF}; else export CM_MLPERF_USER_CONF=${CM_MLPERF_TESTING_USER_CONF}; fi && /mnt/CM/repos/ctuning@mlcommons-ck/cm-mlops/script/get-lib-armnn/run.out'
client 2024-02-04 03:02:37,692 [INFO] Sending command to the server: 'time'
client 2024-02-04 03:02:37,866 [INFO] Got response: '1707015757.8675332'
client 2024-02-04 03:02:37,867 [INFO] The time difference between the client and the server is within range -174.948 ms..-0.600 ms
client 2024-02-04 03:02:37,867 [INFO] Sending command to the server: 'session,2024-02-04_02-57-06,stop,ranging'
client 2024-02-04 03:02:48,122 [INFO] Got response: 'OK'
client 2024-02-04 03:02:48,123 [INFO] Sending command to the server: 'time'
client 2024-02-04 03:02:48,126 [INFO] Got response: '1707015768.1287699'
client 2024-02-04 03:02:48,127 [INFO] The time difference between the client and the server is within range -5.032 ms..-1.582 ms
client 2024-02-04 03:02:48,144 [INFO] Copying loadgen logs from '/home/arjun/results_dir/valid_results/orin-tflite_armnn_cpp-cpu-armnn_tflite-v23.11-using_neon/mobilenet-v1-precision_uint8-0.75-224/singlestream/performance/run_1' to '/home/arjun/results_dir/valid_results/orin-tflite_armnn_cpp-cpu-armnn_tflite-v23.11-using_neon/mobilenet-v1-precision_uint8-0.75-224/singlestream/performance/tmp_power/ranging'
client 2024-02-04 03:02:48,147 [INFO] Running workload in testing mode
client 2024-02-04 03:02:48,147 [INFO] Synchronizing with the server and with time.google.com...
client 2024-02-04 03:02:48,174 [INFO] NTP:offset = 0.001 s, delay = 0.021 s 
client 2024-02-04 03:02:48,174 [INFO] Sending command to the server: 'time'
client 2024-02-04 03:02:48,178 [INFO] Got response: '1707015768.1801274'
client 2024-02-04 03:02:48,178 [INFO] The time difference between the client and the server is within range -5.181 ms..-1.427 ms
client 2024-02-04 03:02:48,178 [INFO] Sending command to the server: 'session,2024-02-04_02-57-06,start,testing'
client 2024-02-04 03:03:01,195 [INFO] Got response: 'OK'
client 2024-02-04 03:03:01,196 [INFO] Sending command to the server: 'time'
client 2024-02-04 03:03:01,199 [INFO] Got response: '1707015781.2018425'
client 2024-02-04 03:03:01,200 [INFO] The time difference between the client and the server is within range -5.051 ms..-1.714 ms
client 2024-02-04 03:03:01,200 [INFO] Running the workload 'CM_MLPERF_RUN_COUNT=$(cat ${CM_RUN_DIR}/count.txt); echo ${CM_MLPERF_RUN_COUNT}; CM_MLPERF_RUN_COUNT=$((CM_MLPERF_RUN_COUNT+1)); echo ${CM_MLPERF_RUN_COUNT} > ${CM_RUN_DIR}/count.txt && if [ ${CM_MLPERF_RUN_COUNT} -eq "1" ]; then export CM_MLPERF_USER_CONF=${CM_MLPERF_RANGING_USER_CONF}; else export CM_MLPERF_USER_CONF=${CM_MLPERF_TESTING_USER_CONF}; fi && /mnt/CM/repos/ctuning@mlcommons-ck/cm-mlops/script/get-lib-armnn/run.out'
client 2024-02-04 03:13:06,093 [INFO] Sending command to the server: 'time'
client 2024-02-04 03:13:06,096 [INFO] Got response: '1707016386.0989625'
client 2024-02-04 03:13:06,096 [INFO] The time difference between the client and the server is within range -6.275 ms..-2.440 ms
client 2024-02-04 03:13:06,096 [INFO] Sending command to the server: 'session,2024-02-04_02-57-06,stop,testing'
client 2024-02-04 03:13:16,245 [INFO] Got response: 'OK'
client 2024-02-04 03:13:16,246 [INFO] Sending command to the server: 'time'
client 2024-02-04 03:13:16,249 [INFO] Got response: '1707016396.252462'
client 2024-02-04 03:13:16,250 [INFO] The time difference between the client and the server is within range -5.584 ms..-2.334 ms
client 2024-02-04 03:13:16,254 [INFO] Copying loadgen logs from '/home/arjun/results_dir/valid_results/orin-tflite_armnn_cpp-cpu-armnn_tflite-v23.11-using_neon/mobilenet-v1-precision_uint8-0.75-224/singlestream/performance/run_1' to '/home/arjun/results_dir/valid_results/orin-tflite_armnn_cpp-cpu-armnn_tflite-v23.11-using_neon/mobilenet-v1-precision_uint8-0.75-224/singlestream/performance/tmp_power/run_1'
client 2024-02-04 03:13:16,257 [INFO] Done runs
