client 2024-01-29 10:07:01,610 [INFO] Creating output directory '/home/arjun/results_dir/valid_results/orin-tflite_cpp-cpu-tflite-vmaster-default_config/mobilenet-v2-precision_float-0.75-128/singlestream/performance/tmp_power'
client 2024-01-29 10:07:01,613 [INFO] Sending command to the server: 'mlcommons/power client v3'
client 2024-01-29 10:07:01,616 [INFO] Got response: 'mlcommons/power server v3'
client 2024-01-29 10:07:01,616 [INFO] Synchronizing with the server and with time.google.com...
client 2024-01-29 10:07:01,643 [INFO] NTP:offset = -0.005 s, delay = 0.021 s 
client 2024-01-29 10:07:01,643 [INFO] Sending command to the server: 'time'
client 2024-01-29 10:07:01,646 [INFO] Got response: '1706522821.642492'
client 2024-01-29 10:07:01,646 [INFO] The time difference between the client and the server is within range 1.002 ms..4.071 ms
client 2024-01-29 10:07:01,646 [INFO] Sending command to the server: 'new,,3b48516e-1a8b-4194-8677-4283042c0741'
client 2024-01-29 10:07:01,650 [INFO] Got response: 'OK 2024-01-29_10-07-01,7abadecf-c2b9-4f70-b29b-9d389afd67c4'
client 2024-01-29 10:07:01,650 [INFO] Session id is '2024-01-29_10-07-01'
client 2024-01-29 10:07:01,650 [INFO] Sources: {"sources": {"__init__.py": "da39a3ee5e6b4b0d3255bfef95601890afd80709", "client.py": "33ca4f26368777ac06e01f9567b714a4b8063886", "lib/__init__.py": "da39a3ee5e6b4b0d3255bfef95601890afd80709", "lib/client.py": "ac2aa093c8e8bbc9569b9e2a3471bc64e58a2258", "lib/common.py": "611d8b29633d331eb19c9455ea3b5fa3284ed6df", "lib/external/__init__.py": "da39a3ee5e6b4b0d3255bfef95601890afd80709", "lib/external/ntplib.py": "4da8f970656505a40483206ef2b5d3dd5e81711d", "lib/server.py": "99303c836c683aa9017ec565104e636161d02acb", "lib/source_hashes.py": "60a2e02193209e8d392803326208d5466342da18", "lib/summary.py": "aa92f0a3f975eecd44d3c0cd0236342ccc9f941d", "lib/time_sync.py": "80894ef2389e540781ff78de94db16aa4203a14e", "server.py": "c3f90f2f7eeb4db30727556d0c815ebc89b3d28b", "tests/unit/__init__.py": "da39a3ee5e6b4b0d3255bfef95601890afd80709", "tests/unit/test_server.py": "948c1995d4008bc2aa6c4046a34ffa3858d6d671", "tests/unit/test_source_hashes.py": "00468a2907583c593e6574a1f6b404e4651c221a"}, "modules": {"ptd_client_server.lib.client": "lib/client.py", "ptd_client_server.lib.common": "lib/common.py", "ptd_client_server.lib.external.ntplib": "lib/external/ntplib.py", "ptd_client_server.lib.source_hashes": "lib/source_hashes.py", "ptd_client_server.lib.summary": "lib/summary.py", "ptd_client_server.lib.time_sync": "lib/time_sync.py"}}
client 2024-01-29 10:07:01,650 [INFO] Running workload in ranging mode
client 2024-01-29 10:07:01,650 [INFO] Synchronizing with the server and with time.google.com...
client 2024-01-29 10:07:01,671 [INFO] NTP:offset = -0.005 s, delay = 0.019 s 
client 2024-01-29 10:07:01,672 [INFO] Sending command to the server: 'time'
client 2024-01-29 10:07:01,674 [INFO] Got response: '1706522821.671206'
client 2024-01-29 10:07:01,674 [INFO] The time difference between the client and the server is within range 0.819 ms..3.757 ms
client 2024-01-29 10:07:01,675 [INFO] Sending command to the server: 'session,2024-01-29_10-07-01,start,ranging'
client 2024-01-29 10:07:29,876 [INFO] Got response: 'OK'
client 2024-01-29 10:07:29,878 [INFO] Sending command to the server: 'time'
client 2024-01-29 10:07:29,882 [INFO] Got response: '1706522849.877975'
client 2024-01-29 10:07:29,882 [INFO] The time difference between the client and the server is within range 0.872 ms..4.509 ms
client 2024-01-29 10:07:29,882 [INFO] Running the workload 'CM_MLPERF_RUN_COUNT=$(cat ${CM_RUN_DIR}/count.txt); echo ${CM_MLPERF_RUN_COUNT}; CM_MLPERF_RUN_COUNT=$((CM_MLPERF_RUN_COUNT+1)); echo ${CM_MLPERF_RUN_COUNT} > ${CM_RUN_DIR}/count.txt && if [ ${CM_MLPERF_RUN_COUNT} -eq "1" ]; then export CM_MLPERF_USER_CONF=${CM_MLPERF_RANGING_USER_CONF}; else export CM_MLPERF_USER_CONF=${CM_MLPERF_TESTING_USER_CONF}; fi && /mnt/CM/repos/ctuning@mlcommons-ck/cm-mlops/script/benchmark-any-mlperf-inference-implementation/run.out'
client 2024-01-29 10:12:32,506 [INFO] Sending command to the server: 'time'
client 2024-01-29 10:12:32,511 [INFO] Got response: '1706523152.5065186'
client 2024-01-29 10:12:32,511 [INFO] The time difference between the client and the server is within range -0.355 ms..4.981 ms
client 2024-01-29 10:12:32,511 [INFO] Sending command to the server: 'session,2024-01-29_10-07-01,stop,ranging'
client 2024-01-29 10:12:43,100 [INFO] Got response: 'OK'
client 2024-01-29 10:12:43,100 [INFO] Sending command to the server: 'time'
client 2024-01-29 10:12:43,103 [INFO] Got response: '1706523163.0992832'
client 2024-01-29 10:12:43,104 [INFO] The time difference between the client and the server is within range 1.185 ms..4.934 ms
client 2024-01-29 10:12:43,121 [INFO] Copying loadgen logs from '/home/arjun/results_dir/valid_results/orin-tflite_cpp-cpu-tflite-vmaster-default_config/mobilenet-v2-precision_float-0.75-128/singlestream/performance/run_1' to '/home/arjun/results_dir/valid_results/orin-tflite_cpp-cpu-tflite-vmaster-default_config/mobilenet-v2-precision_float-0.75-128/singlestream/performance/tmp_power/ranging'
client 2024-01-29 10:12:43,124 [INFO] Running workload in testing mode
client 2024-01-29 10:12:43,124 [INFO] Synchronizing with the server and with time.google.com...
client 2024-01-29 10:12:43,150 [INFO] NTP:offset = -0.005 s, delay = 0.021 s 
client 2024-01-29 10:12:43,151 [INFO] Sending command to the server: 'time'
client 2024-01-29 10:12:43,154 [INFO] Got response: '1706523163.1501644'
client 2024-01-29 10:12:43,154 [INFO] The time difference between the client and the server is within range 0.891 ms..4.428 ms
client 2024-01-29 10:12:43,154 [INFO] Sending command to the server: 'session,2024-01-29_10-07-01,start,testing'
client 2024-01-29 10:12:56,171 [INFO] Got response: 'OK'
client 2024-01-29 10:12:56,172 [INFO] Sending command to the server: 'time'
client 2024-01-29 10:12:56,175 [INFO] Got response: '1706523176.17128'
client 2024-01-29 10:12:56,175 [INFO] The time difference between the client and the server is within range 1.086 ms..4.260 ms
client 2024-01-29 10:12:56,175 [INFO] Running the workload 'CM_MLPERF_RUN_COUNT=$(cat ${CM_RUN_DIR}/count.txt); echo ${CM_MLPERF_RUN_COUNT}; CM_MLPERF_RUN_COUNT=$((CM_MLPERF_RUN_COUNT+1)); echo ${CM_MLPERF_RUN_COUNT} > ${CM_RUN_DIR}/count.txt && if [ ${CM_MLPERF_RUN_COUNT} -eq "1" ]; then export CM_MLPERF_USER_CONF=${CM_MLPERF_RANGING_USER_CONF}; else export CM_MLPERF_USER_CONF=${CM_MLPERF_TESTING_USER_CONF}; fi && /mnt/CM/repos/ctuning@mlcommons-ck/cm-mlops/script/benchmark-any-mlperf-inference-implementation/run.out'
client 2024-01-29 10:23:00,292 [INFO] Sending command to the server: 'time'
client 2024-01-29 10:23:00,310 [INFO] Got response: '1706523780.3070161'
client 2024-01-29 10:23:00,310 [INFO] The time difference between the client and the server is within range -14.943 ms..3.883 ms
client 2024-01-29 10:23:00,311 [INFO] Sending command to the server: 'session,2024-01-29_10-07-01,stop,testing'
client 2024-01-29 10:23:11,227 [INFO] Got response: 'OK'
client 2024-01-29 10:23:11,228 [INFO] Sending command to the server: 'time'
client 2024-01-29 10:23:11,231 [INFO] Got response: '1706523791.2282226'
client 2024-01-29 10:23:11,231 [INFO] The time difference between the client and the server is within range 0.251 ms..3.664 ms
client 2024-01-29 10:23:11,236 [INFO] Copying loadgen logs from '/home/arjun/results_dir/valid_results/orin-tflite_cpp-cpu-tflite-vmaster-default_config/mobilenet-v2-precision_float-0.75-128/singlestream/performance/run_1' to '/home/arjun/results_dir/valid_results/orin-tflite_cpp-cpu-tflite-vmaster-default_config/mobilenet-v2-precision_float-0.75-128/singlestream/performance/tmp_power/run_1'
client 2024-01-29 10:23:11,249 [INFO] Done runs
