Graph file: /home/ubuntu/CM/repos/local/cache/1ee6a2483a864c7d/v2_192_35/model.tflite
Image dir: /home/ubuntu/CM/repos/local/cache/b5a9dd7ff7ac474c
Image list: /home/ubuntu/CM/repos/local/cache/b5a9dd7ff7ac474c/preprocessed_files.txt
Image size: 192
Image channels: 3
Prediction classes: 1000
Result dir: /home/ubuntu/CM/repos/local/cache/9aa1379abfa84bac/valid_results/ip_172_31_35_99-tflite_cpp-cpu-tflite-vmaster-default_config/mobilenet-v2-precision_uint8-0.35-192/singlestream/performance/run_1
How many images fit in memory buffer: 1024
Normalize: 1
Subtract mean: 0
Run time preprocessing: 1
Number of Threads: 4
Number of available imagefiles: 50000

Loading graph...
INFO: Created TensorFlow Lite XNNPACK delegate for CPU.
Input tensor dimensions (NHWC): 1*192*192*3
Output tensor dimensions: 1*1001
Path to mlperf.conf : /home/ubuntu/CM/repos/local/cache/b31bc314ab8a48f9/inference/mlperf.conf
Path to user.conf : /home/ubuntu/CM/repos/ctuning@mlcommons-ck/cm-mlops/script/generate-mlperf-inference-user-conf/tmp/7b760fe5500149db84ddd2ba0e6ae457.conf
Model Name: mobilenet
LoadGen Scenario: SingleStream
LoadGen Mode: performance
