Graph file: /home/ubuntu/CM/repos/local/cache/7d6c3def961b4b47/mobilenet_v2_0.5_224.tflite
Image dir: /home/ubuntu/CM/repos/local/cache/dfc53bf0f0054a8f
Image list: /home/ubuntu/CM/repos/local/cache/dfc53bf0f0054a8f/preprocessed_files.txt
Image size: 224
Image channels: 3
Prediction classes: 1000
Result dir: /home/ubuntu/CM/repos/local/cache/7d7675dc64fb47c1/valid_results/ip_172_31_22_165-tflite_cpp-cpu-tflite-vmaster-default_config/mobilenet-v2-precision_float-0.5-224/singlestream/performance/run_1
How many images fit in memory buffer: 1024
Normalize: 1
Subtract mean: 0
Run time preprocessing: 0
Number of Threads: 8
Number of available imagefiles: 50000

Loading graph...
INFO: Created TensorFlow Lite XNNPACK delegate for CPU.
Input tensor dimensions (NHWC): 1*224*224*3
Output tensor dimensions: 1*1001
Path to mlperf.conf : /home/ubuntu/CM/repos/local/cache/f3e5a00e87484e31/inference/mlperf.conf
Path to user.conf : /home/ubuntu/CM/repos/ctuning@mlcommons-ck/cm-mlops/script/generate-mlperf-inference-user-conf/tmp/0a0b017c6d3c4499a244b0509a8ac355.conf
Model Name: mobilenet
LoadGen Scenario: SingleStream
LoadGen Mode: performance
