Graph file: /home/ec2-user/CM/repos/local/cache/26fbb5c3ccd54342/efficientnet-lite1/efficientnet-lite1-int8.tflite
Image dir: /home/ec2-user/CM/repos/local/cache/5808b142a37041dc
Image list: /home/ec2-user/CM/repos/local/cache/5808b142a37041dc/preprocessed_files.txt
Image size: 240
Image channels: 3
Prediction classes: 1000
Result dir: /home/ec2-user/CM/repos/local/cache/017d8e20e6854c20/valid_results/ip_172_31_30_110.us_west_2.compute.internal-tflite_cpp-cpu-tflite-vmaster-default_config/efficientnet-int8-lite1/singlestream/accuracy
How many images fit in memory buffer: 1024
Normalize: 1
Subtract mean: 0
Run time preprocessing: 1
Number of Threads: 4
Number of available imagefiles: 50000

Loading graph...
INFO: Created TensorFlow Lite XNNPACK delegate for CPU.
Input tensor dimensions (NHWC): 1*240*240*3
Output tensor dimensions: 1*1000
Path to mlperf.conf : /home/ec2-user/CM/repos/local/cache/41e6ffe78d1840ee/inference/mlperf.conf
Path to user.conf : /home/ec2-user/CM/repos/ctuning@mlcommons-ck/cm-mlops/script/generate-mlperf-inference-user-conf/tmp/f925367e29bc4001bc91b46ceaae62a5.conf
Model Name: efficientnet
LoadGen Scenario: SingleStream
LoadGen Mode: accuracy
