client 2024-02-19 14:00:45,867 [INFO] Creating output directory '/home/cmuser/local/cache/f4ba7328d7f447f9/valid_results/2706260181c0-nvidia_original-gpu-tensorrt-vdefault-default_config/retinanet/singlestream/performance/tmp_power'
client 2024-02-19 14:00:45,878 [INFO] Sending command to the server: 'mlcommons/power client v3'
client 2024-02-19 14:00:45,887 [INFO] Got response: 'mlcommons/power server v3'
client 2024-02-19 14:00:45,888 [INFO] Synchronizing with the server and with time.google.com...
client 2024-02-19 14:00:45,920 [INFO] NTP:offset = 0.002 s, delay = 0.021 s 
client 2024-02-19 14:00:45,920 [INFO] Sending command to the server: 'time'
client 2024-02-19 14:00:45,930 [INFO] Got response: '1708380045.5488882'
client 2024-02-19 14:00:45,930 [INFO] The time difference between the client and the server is within range 371.737 ms..381.695 ms
client 2024-02-19 14:00:45,930 [INFO] Sending command to the server: 'new,,4a24fd9e-4644-41a2-88a7-5b14dd5211d6'
client 2024-02-19 14:00:45,941 [INFO] Got response: 'OK 2024-02-19_22-00-45,75f5e35a-0cca-46e1-81b8-bc77e7d2744d'
client 2024-02-19 14:00:45,942 [INFO] Session id is '2024-02-19_22-00-45'
client 2024-02-19 14:00:45,942 [INFO] Sources: {"sources": {"__init__.py": "da39a3ee5e6b4b0d3255bfef95601890afd80709", "client.py": "33ca4f26368777ac06e01f9567b714a4b8063886", "lib/__init__.py": "da39a3ee5e6b4b0d3255bfef95601890afd80709", "lib/client.py": "ac2aa093c8e8bbc9569b9e2a3471bc64e58a2258", "lib/common.py": "611d8b29633d331eb19c9455ea3b5fa3284ed6df", "lib/external/__init__.py": "da39a3ee5e6b4b0d3255bfef95601890afd80709", "lib/external/ntplib.py": "4da8f970656505a40483206ef2b5d3dd5e81711d", "lib/server.py": "99303c836c683aa9017ec565104e636161d02acb", "lib/source_hashes.py": "60a2e02193209e8d392803326208d5466342da18", "lib/summary.py": "aa92f0a3f975eecd44d3c0cd0236342ccc9f941d", "lib/time_sync.py": "80894ef2389e540781ff78de94db16aa4203a14e", "server.py": "c3f90f2f7eeb4db30727556d0c815ebc89b3d28b", "tests/unit/__init__.py": "da39a3ee5e6b4b0d3255bfef95601890afd80709", "tests/unit/test_server.py": "948c1995d4008bc2aa6c4046a34ffa3858d6d671", "tests/unit/test_source_hashes.py": "00468a2907583c593e6574a1f6b404e4651c221a"}, "modules": {"ptd_client_server.lib.client": "lib/client.py", "ptd_client_server.lib.common": "lib/common.py", "ptd_client_server.lib.external.ntplib": "lib/external/ntplib.py", "ptd_client_server.lib.source_hashes": "lib/source_hashes.py", "ptd_client_server.lib.summary": "lib/summary.py", "ptd_client_server.lib.time_sync": "lib/time_sync.py"}}
client 2024-02-19 14:00:45,942 [INFO] Running workload in ranging mode
client 2024-02-19 14:00:45,942 [INFO] Synchronizing with the server and with time.google.com...
client 2024-02-19 14:00:46,063 [INFO] NTP:offset = 0.002 s, delay = 0.115 s 
client 2024-02-19 14:00:46,063 [INFO] Sending command to the server: 'time'
client 2024-02-19 14:00:46,073 [INFO] Got response: '1708380045.6989038'
client 2024-02-19 14:00:46,073 [INFO] The time difference between the client and the server is within range 364.496 ms..374.986 ms
client 2024-02-19 14:00:46,073 [INFO] Sending command to the server: 'session,2024-02-19_22-00-45,start,ranging'
client 2024-02-19 14:01:09,987 [INFO] Got response: 'OK'
client 2024-02-19 14:01:09,987 [INFO] Sending command to the server: 'time'
client 2024-02-19 14:01:09,997 [INFO] Got response: '1708380069.6192696'
client 2024-02-19 14:01:09,997 [INFO] The time difference between the client and the server is within range 367.840 ms..377.847 ms
client 2024-02-19 14:01:09,997 [INFO] Running the workload 'CM_MLPERF_RUN_COUNT=$(cat ${CM_RUN_DIR}/count.txt); echo ${CM_MLPERF_RUN_COUNT}; CM_MLPERF_RUN_COUNT=$((CM_MLPERF_RUN_COUNT+1)); echo ${CM_MLPERF_RUN_COUNT} > ${CM_RUN_DIR}/count.txt && if [ ${CM_MLPERF_RUN_COUNT} -eq "1" ]; then export CM_MLPERF_USER_CONF=${CM_MLPERF_RANGING_USER_CONF}; else export CM_MLPERF_USER_CONF=${CM_MLPERF_TESTING_USER_CONF}; fi && make run_harness RUN_ARGS=" --benchmarks=retinanet --scenarios=singlestream --test_mode=PerformanceOnly --user_conf_path=${CM_MLPERF_USER_CONF} --mlperf_conf_path=/home/cmuser/CM/repos/local/cache/94cf04c8097b4057/inference/mlperf.conf --gpu_batch_size=1 --no_audit_verify " 2>&1 | tee /home/cmuser/local/cache/f4ba7328d7f447f9/valid_results/2706260181c0-nvidia_original-gpu-tensorrt-vdefault-default_config/retinanet/singlestream/performance/run_1/console.out'
client 2024-02-19 14:06:17,554 [INFO] Sending command to the server: 'time'
client 2024-02-19 14:06:17,565 [INFO] Got response: '1708380377.1826448'
client 2024-02-19 14:06:17,565 [INFO] The time difference between the client and the server is within range 372.014 ms..382.848 ms
client 2024-02-19 14:06:17,565 [INFO] Sending command to the server: 'session,2024-02-19_22-00-45,stop,ranging'
client 2024-02-19 14:06:28,090 [INFO] Got response: 'OK'
client 2024-02-19 14:06:28,090 [INFO] Sending command to the server: 'time'
client 2024-02-19 14:06:28,097 [INFO] Got response: '1708380387.718599'
client 2024-02-19 14:06:28,098 [INFO] The time difference between the client and the server is within range 371.691 ms..379.423 ms
client 2024-02-19 14:06:28,099 [INFO] Copying loadgen logs from '/home/cmuser/local/cache/f4ba7328d7f447f9/valid_results/2706260181c0-nvidia_original-gpu-tensorrt-vdefault-default_config/retinanet/singlestream/performance/run_1' to '/home/cmuser/local/cache/f4ba7328d7f447f9/valid_results/2706260181c0-nvidia_original-gpu-tensorrt-vdefault-default_config/retinanet/singlestream/performance/tmp_power/ranging'
client 2024-02-19 14:06:28,100 [INFO] Running workload in testing mode
client 2024-02-19 14:06:28,100 [INFO] Synchronizing with the server and with time.google.com...
client 2024-02-19 14:06:28,165 [INFO] NTP:offset = -0.001 s, delay = 0.050 s 
client 2024-02-19 14:06:28,165 [INFO] Sending command to the server: 'time'
client 2024-02-19 14:06:28,173 [INFO] Got response: '1708380387.788594'
client 2024-02-19 14:06:28,173 [INFO] The time difference between the client and the server is within range 376.980 ms..385.058 ms
client 2024-02-19 14:06:28,173 [INFO] Sending command to the server: 'session,2024-02-19_22-00-45,start,testing'
client 2024-02-19 14:06:41,239 [INFO] Got response: 'OK'
client 2024-02-19 14:06:41,239 [INFO] Sending command to the server: 'time'
client 2024-02-19 14:06:41,249 [INFO] Got response: '1708380400.8689094'
client 2024-02-19 14:06:41,249 [INFO] The time difference between the client and the server is within range 370.200 ms..380.238 ms
client 2024-02-19 14:06:41,249 [INFO] Running the workload 'CM_MLPERF_RUN_COUNT=$(cat ${CM_RUN_DIR}/count.txt); echo ${CM_MLPERF_RUN_COUNT}; CM_MLPERF_RUN_COUNT=$((CM_MLPERF_RUN_COUNT+1)); echo ${CM_MLPERF_RUN_COUNT} > ${CM_RUN_DIR}/count.txt && if [ ${CM_MLPERF_RUN_COUNT} -eq "1" ]; then export CM_MLPERF_USER_CONF=${CM_MLPERF_RANGING_USER_CONF}; else export CM_MLPERF_USER_CONF=${CM_MLPERF_TESTING_USER_CONF}; fi && make run_harness RUN_ARGS=" --benchmarks=retinanet --scenarios=singlestream --test_mode=PerformanceOnly --user_conf_path=${CM_MLPERF_USER_CONF} --mlperf_conf_path=/home/cmuser/CM/repos/local/cache/94cf04c8097b4057/inference/mlperf.conf --gpu_batch_size=1 --no_audit_verify " 2>&1 | tee /home/cmuser/local/cache/f4ba7328d7f447f9/valid_results/2706260181c0-nvidia_original-gpu-tensorrt-vdefault-default_config/retinanet/singlestream/performance/run_1/console.out'
client 2024-02-19 14:16:49,344 [INFO] Sending command to the server: 'time'
client 2024-02-19 14:16:49,355 [INFO] Got response: '1708381008.9654994'
client 2024-02-19 14:16:49,355 [INFO] The time difference between the client and the server is within range 378.680 ms..389.718 ms
client 2024-02-19 14:16:49,355 [INFO] Sending command to the server: 'session,2024-02-19_22-00-45,stop,testing'
client 2024-02-19 14:17:00,301 [INFO] Got response: 'OK'
client 2024-02-19 14:17:00,301 [INFO] Sending command to the server: 'time'
client 2024-02-19 14:17:00,310 [INFO] Got response: '1708381019.925427'
client 2024-02-19 14:17:00,310 [INFO] The time difference between the client and the server is within range 375.808 ms..384.722 ms
client 2024-02-19 14:17:00,310 [INFO] Copying loadgen logs from '/home/cmuser/local/cache/f4ba7328d7f447f9/valid_results/2706260181c0-nvidia_original-gpu-tensorrt-vdefault-default_config/retinanet/singlestream/performance/run_1' to '/home/cmuser/local/cache/f4ba7328d7f447f9/valid_results/2706260181c0-nvidia_original-gpu-tensorrt-vdefault-default_config/retinanet/singlestream/performance/tmp_power/run_1'
client 2024-02-19 14:17:00,310 [INFO] Done runs
