Graph file: /home/ubuntu/CM/repos/local/cache/84cda7edfa524610/mobilenet_v1_0.5_160_quant.tflite
Image dir: /home/ubuntu/CM/repos/local/cache/27a4552d3bba4dfd
Image list: /home/ubuntu/CM/repos/local/cache/27a4552d3bba4dfd/preprocessed_files.txt
Image size: 160
Image channels: 3
Prediction classes: 1000
Result dir: /home/ubuntu/CM/repos/local/cache/e8a21941e7c046ca/valid_results/ip_172_31_28_214-tflite_cpp-cpu-tflite-vmaster-default_config/mobilenet-v1-precision_uint8-0.5-160/singlestream/performance/run_1
How many images fit in memory buffer: 1024
Normalize: 1
Subtract mean: 0
Run time preprocessing: 1
Number of Threads: 2
Number of available imagefiles: 50000

Loading graph...
INFO: Created TensorFlow Lite XNNPACK delegate for CPU.
Input tensor dimensions (NHWC): 1*160*160*3
Output tensor dimensions: 1*1001
Path to mlperf.conf : /home/ubuntu/CM/repos/local/cache/86db7d79a6144a1d/inference/mlperf.conf
Path to user.conf : /home/ubuntu/CM/repos/ctuning@mlcommons-ck/cm-mlops/script/generate-mlperf-inference-user-conf/tmp/56ea96fcda0344ed8536bf7b83c2457b.conf
Model Name: mobilenet
LoadGen Scenario: SingleStream
LoadGen Mode: performance
