client 2024-02-22 07:00:52,315 [INFO] Sending command to the server: 'mlcommons/power client v3'
client 2024-02-22 07:00:52,317 [INFO] Got response: 'mlcommons/power server v3'
client 2024-02-22 07:00:52,317 [INFO] Sending command to the server: 'stop'
client 2024-02-22 07:00:52,321 [INFO] Got response: 'OK'
client 2024-02-22 07:00:52,322 [INFO] Synchronizing with the server and with 100.64.0.18...
client 2024-02-22 07:00:52,326 [INFO] NTP:offset = 0.001 s, delay = 0.001 s 
client 2024-02-22 07:00:52,326 [INFO] Sending command to the server: 'time'
client 2024-02-22 07:00:52,329 [INFO] Got response: '1708585252.1304612'
client 2024-02-22 07:00:52,329 [INFO] The time difference between the client and the server is within range 196.061 ms..199.317 ms
client 2024-02-22 07:00:52,329 [INFO] Sending command to the server: 'new,,f606f682-5f5d-4cf0-9fb1-0381c844eb99'
client 2024-02-22 07:00:52,336 [INFO] Got response: 'OK 2024-02-22_07-00-52,86353c9e-8589-49a0-a7c9-4a1b55826415'
client 2024-02-22 07:00:52,336 [INFO] Session id is '2024-02-22_07-00-52'
client 2024-02-22 07:00:52,336 [INFO] Sources: {"sources": {"__init__.py": "da39a3ee5e6b4b0d3255bfef95601890afd80709", "client.py": "33ca4f26368777ac06e01f9567b714a4b8063886", "lib/__init__.py": "da39a3ee5e6b4b0d3255bfef95601890afd80709", "lib/client.py": "ac2aa093c8e8bbc9569b9e2a3471bc64e58a2258", "lib/common.py": "611d8b29633d331eb19c9455ea3b5fa3284ed6df", "lib/external/__init__.py": "da39a3ee5e6b4b0d3255bfef95601890afd80709", "lib/external/ntplib.py": "4da8f970656505a40483206ef2b5d3dd5e81711d", "lib/server.py": "99303c836c683aa9017ec565104e636161d02acb", "lib/source_hashes.py": "60a2e02193209e8d392803326208d5466342da18", "lib/summary.py": "aa92f0a3f975eecd44d3c0cd0236342ccc9f941d", "lib/time_sync.py": "80894ef2389e540781ff78de94db16aa4203a14e", "server.py": "c3f90f2f7eeb4db30727556d0c815ebc89b3d28b", "tests/unit/__init__.py": "da39a3ee5e6b4b0d3255bfef95601890afd80709", "tests/unit/test_server.py": "948c1995d4008bc2aa6c4046a34ffa3858d6d671", "tests/unit/test_source_hashes.py": "00468a2907583c593e6574a1f6b404e4651c221a"}, "modules": {"ptd_client_server.lib.client": "lib/client.py", "ptd_client_server.lib.common": "lib/common.py", "ptd_client_server.lib.external.ntplib": "lib/external/ntplib.py", "ptd_client_server.lib.source_hashes": "lib/source_hashes.py", "ptd_client_server.lib.summary": "lib/summary.py", "ptd_client_server.lib.time_sync": "lib/time_sync.py"}}
client 2024-02-22 07:00:52,337 [INFO] Running workload in ranging mode
client 2024-02-22 07:00:52,337 [INFO] Synchronizing with the server and with 100.64.0.18...
client 2024-02-22 07:00:52,339 [INFO] NTP:offset = 0.001 s, delay = 0.001 s 
client 2024-02-22 07:00:52,339 [INFO] Sending command to the server: 'time'
client 2024-02-22 07:00:52,343 [INFO] Got response: '1708585252.1460268'
client 2024-02-22 07:00:52,343 [INFO] The time difference between the client and the server is within range 193.736 ms..197.370 ms
client 2024-02-22 07:00:52,343 [INFO] Sending command to the server: 'session,2024-02-22_07-00-52,start,ranging'
client 2024-02-22 07:01:17,903 [INFO] Got response: 'OK'
client 2024-02-22 07:01:17,903 [INFO] Sending command to the server: 'time'
client 2024-02-22 07:01:17,906 [INFO] Got response: '1708585277.7014613'
client 2024-02-22 07:01:17,907 [INFO] The time difference between the client and the server is within range 202.005 ms..205.536 ms
client 2024-02-22 07:01:17,907 [INFO] Running the workload 'LOG_DIR=/work/build/power_logs_temp python3.8 -m code.main --benchmarks=stable-diffusion-xl \t--scenarios=Server \t--config_ver=default_maxq \t--test_mode=PerformanceOnly  --action="run_harness" \\\n\t\t2>&1 | tee -a /work/build/power_logs/2024.02.22-07.00.00/stdout.txt \\\n\t\t&& if [ ! -d /work/build/power_logs/2024.02.22-07.00.00/ranging_tmp ]; \\\n\t\t\tthen mkdir /work/build/power_logs/2024.02.22-07.00.00/ranging_tmp \\\n\t\t\t\t&& mv /work/build/power_logs_temp/* /work/build/power_logs/2024.02.22-07.00.00/ranging_tmp/ \\\n\t\t\t\t&& cp -v /work/build/power_logs/2024.02.22-07.00.00/ranging_tmp/*/*/*/mlperf_log_detail.txt /work/build/power_logs_temp/ \\\n\t\t\t\t&& cp -v /work/build/power_logs/2024.02.22-07.00.00/ranging_tmp/*/*/*/mlperf_log_summary.txt /work/build/power_logs_temp/; \\\n\t\t\telse mkdir /work/build/power_logs/2024.02.22-07.00.00/testing_tmp \\\n\t\t\t\t&& mv /work/build/power_logs_temp/* /work/build/power_logs/2024.02.22-07.00.00/testing_tmp/ \\\n\t\t\t\t&& cp -v /work/build/power_logs/2024.02.22-07.00.00/testing_tmp/*/*/*/mlperf_log_detail.txt /work/build/power_logs_temp/ \\\n\t\t\t\t&& cp -v /work/build/power_logs/2024.02.22-07.00.00/testing_tmp/*/*/*/mlperf_log_summary.txt /work/build/power_logs_temp/; fi'
client 2024-02-22 07:15:04,832 [INFO] Sending command to the server: 'time'
client 2024-02-22 07:15:04,835 [INFO] Got response: '1708586104.6128788'
client 2024-02-22 07:15:04,835 [INFO] The time difference between the client and the server is within range 219.083 ms..222.769 ms
client 2024-02-22 07:15:04,835 [INFO] Sending command to the server: 'session,2024-02-22_07-00-52,stop,ranging'
client 2024-02-22 07:15:15,075 [INFO] Got response: 'OK'
client 2024-02-22 07:15:15,076 [INFO] Sending command to the server: 'time'
client 2024-02-22 07:15:15,077 [INFO] Got response: '1708586114.8573484'
client 2024-02-22 07:15:15,077 [INFO] The time difference between the client and the server is within range 218.804 ms..219.978 ms
client 2024-02-22 07:15:15,084 [INFO] Copying loadgen logs from '/work/build/power_logs_temp' to '/work/build/power_logs/2024.02.22-07.00.00/2024-02-22_07-00-52/ranging'
client 2024-02-22 07:15:15,084 [INFO] Running workload in testing mode
client 2024-02-22 07:15:15,084 [INFO] Synchronizing with the server and with 100.64.0.18...
client 2024-02-22 07:15:15,086 [INFO] NTP:offset = 0.001 s, delay = 0.001 s 
client 2024-02-22 07:15:15,086 [INFO] Sending command to the server: 'time'
client 2024-02-22 07:15:15,087 [INFO] Got response: '1708586114.872996'
client 2024-02-22 07:15:15,087 [INFO] The time difference between the client and the server is within range 213.322 ms..214.844 ms
client 2024-02-22 07:15:15,087 [INFO] Sending command to the server: 'session,2024-02-22_07-00-52,start,testing'
client 2024-02-22 07:15:27,392 [INFO] Got response: 'OK'
client 2024-02-22 07:15:27,392 [INFO] Sending command to the server: 'time'
client 2024-02-22 07:15:27,396 [INFO] Got response: '1708586127.174578'
client 2024-02-22 07:15:27,396 [INFO] The time difference between the client and the server is within range 218.201 ms..221.800 ms
client 2024-02-22 07:15:27,396 [INFO] Running the workload 'LOG_DIR=/work/build/power_logs_temp python3.8 -m code.main --benchmarks=stable-diffusion-xl \t--scenarios=Server \t--config_ver=default_maxq \t--test_mode=PerformanceOnly  --action="run_harness" \\\n\t\t2>&1 | tee -a /work/build/power_logs/2024.02.22-07.00.00/stdout.txt \\\n\t\t&& if [ ! -d /work/build/power_logs/2024.02.22-07.00.00/ranging_tmp ]; \\\n\t\t\tthen mkdir /work/build/power_logs/2024.02.22-07.00.00/ranging_tmp \\\n\t\t\t\t&& mv /work/build/power_logs_temp/* /work/build/power_logs/2024.02.22-07.00.00/ranging_tmp/ \\\n\t\t\t\t&& cp -v /work/build/power_logs/2024.02.22-07.00.00/ranging_tmp/*/*/*/mlperf_log_detail.txt /work/build/power_logs_temp/ \\\n\t\t\t\t&& cp -v /work/build/power_logs/2024.02.22-07.00.00/ranging_tmp/*/*/*/mlperf_log_summary.txt /work/build/power_logs_temp/; \\\n\t\t\telse mkdir /work/build/power_logs/2024.02.22-07.00.00/testing_tmp \\\n\t\t\t\t&& mv /work/build/power_logs_temp/* /work/build/power_logs/2024.02.22-07.00.00/testing_tmp/ \\\n\t\t\t\t&& cp -v /work/build/power_logs/2024.02.22-07.00.00/testing_tmp/*/*/*/mlperf_log_detail.txt /work/build/power_logs_temp/ \\\n\t\t\t\t&& cp -v /work/build/power_logs/2024.02.22-07.00.00/testing_tmp/*/*/*/mlperf_log_summary.txt /work/build/power_logs_temp/; fi'
client 2024-02-22 07:29:13,828 [INFO] Sending command to the server: 'time'
client 2024-02-22 07:29:13,832 [INFO] Got response: '1708586953.5894403'
client 2024-02-22 07:29:13,832 [INFO] The time difference between the client and the server is within range 239.171 ms..242.801 ms
client 2024-02-22 07:29:13,832 [INFO] Sending command to the server: 'session,2024-02-22_07-00-52,stop,testing'
client 2024-02-22 07:29:24,523 [INFO] Got response: 'OK'
client 2024-02-22 07:29:24,523 [INFO] Sending command to the server: 'time'
client 2024-02-22 07:29:24,524 [INFO] Got response: '1708586964.2977197'
client 2024-02-22 07:29:24,524 [INFO] The time difference between the client and the server is within range 225.646 ms..226.880 ms
client 2024-02-22 07:29:24,526 [INFO] Copying loadgen logs from '/work/build/power_logs_temp' to '/work/build/power_logs/2024.02.22-07.00.00/2024-02-22_07-00-52/run_1'
client 2024-02-22 07:29:24,527 [INFO] Done runs
