DeepSparse, Copyright 2021-present / Neuralmagic, Inc. version: 1.5.2 COMMUNITY | (93c38382) (release) (optimized) (system=avx512_vnni, binary=avx512)
2024-02-21 01:26:46 deepsparse.utils.onnx INFO     Generating input 'input_ids', type = int64, shape = [1, 384]
2024-02-21 01:26:46 deepsparse.utils.onnx INFO     Generating input 'attention_mask', type = int64, shape = [1, 384]
2024-02-21 01:26:46 deepsparse.utils.onnx INFO     Generating input 'token_type_ids', type = int64, shape = [1, 384]
================================================
MLPerf Results Summary
================================================
SUT name : PySUT
Scenario : SingleStream
Mode     : PerformanceOnly
90th percentile latency (ns) : 5456065
Result is : VALID
  Min duration satisfied : Yes
  Min queries satisfied : Yes
  Early stopping satisfied: Yes
Early Stopping Result:
 * Processed at least 64 queries (156378).
 * Would discard 15360 highest latency queries.
 * Early stopping 90th percentile estimate: 5456608
 * Early stopping 99th percentile estimate: 5498563

================================================
Additional Stats
================================================
QPS w/ loadgen overhead         : 260.63
QPS w/o loadgen overhead        : 261.10

Min latency (ns)                : 2650056
Max latency (ns)                : 27210516
Mean latency (ns)               : 3830004
50.00 percentile latency (ns)   : 3913380
90.00 percentile latency (ns)   : 5456065
95.00 percentile latency (ns)   : 5473155
97.00 percentile latency (ns)   : 5482101
99.00 percentile latency (ns)   : 5497771
99.90 percentile latency (ns)   : 5534550

================================================
Test Parameters Used
================================================
samples_per_query : 1
target_qps : 725.056
target_latency (ns): 0
max_async_queries : 1
min_duration (ms): 600000
max_duration (ms): 660000
min_query_count : 100
max_query_count : 0
qsl_rng_seed : 13281865557512327830
sample_index_rng_seed : 198141574272810017
schedule_rng_seed : 7575108116881280410
accuracy_log_rng_seed : 0
accuracy_log_probability : 0
accuracy_log_sampling_target : 0
print_timestamps : 0
performance_issue_unique : 0
performance_issue_same : 0
performance_issue_same_index : 0
performance_sample_count : 10833

No warnings encountered during test.

No errors encountered during test.
Loading ONNX model... /home/arjun/.cache/sparsezoo/2088879f-4211-4c25-8a70-daf64d43c6ca/model.onnx
Constructing SUT...
Finished constructing SUT.
Constructing QSL...
Loading cached features from 'eval_features.pickle'...
Finished constructing QSL.
Warming up engine...
Running LoadGen test...
Done!
Destroying SUT...
Destroying QSL...
Finished destroying SUT.
Finished destroying QSL.
