Couldn't find any of the following OpenCL library: libOpenCL.so libGLES_mali.so libmali.so 
Graph file: /home/arjun/CM/repos/local/cache/22724cb236054a9b/v2_224_75/model.tflite
Image dir: /home/arjun/CM/repos/local/cache/fdfe265640654d31
Image list: /home/arjun/CM/repos/local/cache/fdfe265640654d31/preprocessed_files.txt
Image size: 224
Image channels: 3
Prediction classes: 1000
Result dir: /home/arjun/results_dir/valid_results/raspberrypi-tflite_armnn_cpp-cpu-armnn_tflite-v23.05-using_neon/mobilenet-v2-precision_uint8-0.75-224/singlestream/accuracy
How many images fit in memory buffer: 1024
Normalize: 1
Subtract mean: 0
Run time preprocessing: 1
Number of Threads: 4
Number of available imagefiles: 50000

Loading graph...
Output tensor dimensions: 1*1001
Path to mlperf.conf : /home/arjun/CM/repos/local/cache/16427ed1f1b54be1/inference/mlperf.conf
Path to user.conf : /home/arjun/CM/repos/ctuning@mlcommons-ck/cm-mlops/script/generate-mlperf-inference-user-conf/tmp/bbc97ed7a8a042468f26d7456d57d194.conf
Model Name: mobilenet
LoadGen Scenario: SingleStream
LoadGen Mode: accuracy
