Graph file: /home/ubuntu/CM/repos/local/cache/53904092e81a4d03/mobilenet_v1_0.75_224.tflite
Image dir: /home/ubuntu/CM/repos/local/cache/b9df0c7348a54324
Image list: /home/ubuntu/CM/repos/local/cache/b9df0c7348a54324/preprocessed_files.txt
Image size: 224
Image channels: 3
Prediction classes: 1000
Result dir: /home/ubuntu/CM/repos/local/cache/e8a21941e7c046ca/valid_results/ip_172_31_28_214-tflite_cpp-cpu-tflite-vmaster-default_config/mobilenet-v1-precision_float-0.75-224/singlestream/performance/run_1
How many images fit in memory buffer: 1024
Normalize: 1
Subtract mean: 0
Run time preprocessing: 0
Number of Threads: 2
Number of available imagefiles: 50000

Loading graph...
INFO: Created TensorFlow Lite XNNPACK delegate for CPU.
Input tensor dimensions (NHWC): 1*224*224*3
Output tensor dimensions: 1*1001
Path to mlperf.conf : /home/ubuntu/CM/repos/local/cache/86db7d79a6144a1d/inference/mlperf.conf
Path to user.conf : /home/ubuntu/CM/repos/ctuning@mlcommons-ck/cm-mlops/script/generate-mlperf-inference-user-conf/tmp/59203ffbc6de4996b7d35bafff569bed.conf
Model Name: mobilenet
LoadGen Scenario: SingleStream
LoadGen Mode: performance
