client 2024-02-04 10:41:21,016 [INFO] Creating output directory '/home/arjun/results_dir/valid_results/orin-tflite_armnn_cpp-cpu-armnn_tflite-v23.11-using_neon/mobilenet-v2-precision_uint8-1.0-160/singlestream/performance/tmp_power'
client 2024-02-04 10:41:21,070 [INFO] Sending command to the server: 'mlcommons/power client v3'
client 2024-02-04 10:41:21,073 [INFO] Got response: 'mlcommons/power server v3'
client 2024-02-04 10:41:21,074 [INFO] Synchronizing with the server and with time.google.com...
client 2024-02-04 10:41:21,100 [INFO] NTP:offset = -0.002 s, delay = 0.020 s 
client 2024-02-04 10:41:21,100 [INFO] Sending command to the server: 'time'
client 2024-02-04 10:41:21,104 [INFO] Got response: '1707043281.1023304'
client 2024-02-04 10:41:21,104 [INFO] The time difference between the client and the server is within range -1.940 ms..2.100 ms
client 2024-02-04 10:41:21,104 [INFO] Sending command to the server: 'new,,b75955d0-9cc0-4541-b736-95fd50016840'
client 2024-02-04 10:41:21,109 [INFO] Got response: 'OK 2024-02-04_10-41-21,8781eb19-c369-4251-8081-5ba1e7a445e6'
client 2024-02-04 10:41:21,109 [INFO] Session id is '2024-02-04_10-41-21'
client 2024-02-04 10:41:21,109 [INFO] Sources: {"sources": {"__init__.py": "da39a3ee5e6b4b0d3255bfef95601890afd80709", "client.py": "33ca4f26368777ac06e01f9567b714a4b8063886", "lib/__init__.py": "da39a3ee5e6b4b0d3255bfef95601890afd80709", "lib/client.py": "ac2aa093c8e8bbc9569b9e2a3471bc64e58a2258", "lib/common.py": "611d8b29633d331eb19c9455ea3b5fa3284ed6df", "lib/external/__init__.py": "da39a3ee5e6b4b0d3255bfef95601890afd80709", "lib/external/ntplib.py": "4da8f970656505a40483206ef2b5d3dd5e81711d", "lib/server.py": "99303c836c683aa9017ec565104e636161d02acb", "lib/source_hashes.py": "60a2e02193209e8d392803326208d5466342da18", "lib/summary.py": "aa92f0a3f975eecd44d3c0cd0236342ccc9f941d", "lib/time_sync.py": "80894ef2389e540781ff78de94db16aa4203a14e", "server.py": "c3f90f2f7eeb4db30727556d0c815ebc89b3d28b", "tests/unit/__init__.py": "da39a3ee5e6b4b0d3255bfef95601890afd80709", "tests/unit/test_server.py": "948c1995d4008bc2aa6c4046a34ffa3858d6d671", "tests/unit/test_source_hashes.py": "00468a2907583c593e6574a1f6b404e4651c221a"}, "modules": {"ptd_client_server.lib.client": "lib/client.py", "ptd_client_server.lib.common": "lib/common.py", "ptd_client_server.lib.external.ntplib": "lib/external/ntplib.py", "ptd_client_server.lib.source_hashes": "lib/source_hashes.py", "ptd_client_server.lib.summary": "lib/summary.py", "ptd_client_server.lib.time_sync": "lib/time_sync.py"}}
client 2024-02-04 10:41:21,109 [INFO] Running workload in ranging mode
client 2024-02-04 10:41:21,110 [INFO] Synchronizing with the server and with time.google.com...
client 2024-02-04 10:41:21,133 [INFO] NTP:offset = -0.003 s, delay = 0.021 s 
client 2024-02-04 10:41:21,133 [INFO] Sending command to the server: 'time'
client 2024-02-04 10:41:21,135 [INFO] Got response: '1707043281.1345444'
client 2024-02-04 10:41:21,136 [INFO] The time difference between the client and the server is within range -1.204 ms..1.555 ms
client 2024-02-04 10:41:21,136 [INFO] Sending command to the server: 'session,2024-02-04_10-41-21,start,ranging'
client 2024-02-04 10:41:49,230 [INFO] Got response: 'OK'
client 2024-02-04 10:41:49,232 [INFO] Sending command to the server: 'time'
client 2024-02-04 10:41:49,236 [INFO] Got response: '1707043309.2342486'
client 2024-02-04 10:41:49,236 [INFO] The time difference between the client and the server is within range -1.664 ms..2.173 ms
client 2024-02-04 10:41:49,236 [INFO] Running the workload 'CM_MLPERF_RUN_COUNT=$(cat ${CM_RUN_DIR}/count.txt); echo ${CM_MLPERF_RUN_COUNT}; CM_MLPERF_RUN_COUNT=$((CM_MLPERF_RUN_COUNT+1)); echo ${CM_MLPERF_RUN_COUNT} > ${CM_RUN_DIR}/count.txt && if [ ${CM_MLPERF_RUN_COUNT} -eq "1" ]; then export CM_MLPERF_USER_CONF=${CM_MLPERF_RANGING_USER_CONF}; else export CM_MLPERF_USER_CONF=${CM_MLPERF_TESTING_USER_CONF}; fi && /mnt/CM/repos/ctuning@mlcommons-ck/cm-mlops/script/get-lib-armnn/run.out'
client 2024-02-04 10:46:51,592 [INFO] Sending command to the server: 'time'
client 2024-02-04 10:46:51,628 [INFO] Got response: '1707043611.6249633'
client 2024-02-04 10:46:51,628 [INFO] The time difference between the client and the server is within range -32.478 ms..3.519 ms
client 2024-02-04 10:46:51,628 [INFO] Sending command to the server: 'session,2024-02-04_10-41-21,stop,ranging'
client 2024-02-04 10:47:02,333 [INFO] Got response: 'OK'
client 2024-02-04 10:47:02,334 [INFO] Sending command to the server: 'time'
client 2024-02-04 10:47:02,338 [INFO] Got response: '1707043622.335149'
client 2024-02-04 10:47:02,338 [INFO] The time difference between the client and the server is within range -0.706 ms..3.317 ms
client 2024-02-04 10:47:02,355 [INFO] Copying loadgen logs from '/home/arjun/results_dir/valid_results/orin-tflite_armnn_cpp-cpu-armnn_tflite-v23.11-using_neon/mobilenet-v2-precision_uint8-1.0-160/singlestream/performance/run_1' to '/home/arjun/results_dir/valid_results/orin-tflite_armnn_cpp-cpu-armnn_tflite-v23.11-using_neon/mobilenet-v2-precision_uint8-1.0-160/singlestream/performance/tmp_power/ranging'
client 2024-02-04 10:47:02,357 [INFO] Running workload in testing mode
client 2024-02-04 10:47:02,358 [INFO] Synchronizing with the server and with time.google.com...
client 2024-02-04 10:47:02,385 [INFO] NTP:offset = -0.003 s, delay = 0.023 s 
client 2024-02-04 10:47:02,386 [INFO] Sending command to the server: 'time'
client 2024-02-04 10:47:02,389 [INFO] Got response: '1707043622.386806'
client 2024-02-04 10:47:02,390 [INFO] The time difference between the client and the server is within range -0.716 ms..3.160 ms
client 2024-02-04 10:47:02,390 [INFO] Sending command to the server: 'session,2024-02-04_10-41-21,start,testing'
client 2024-02-04 10:47:15,413 [INFO] Got response: 'OK'
client 2024-02-04 10:47:15,414 [INFO] Sending command to the server: 'time'
client 2024-02-04 10:47:15,416 [INFO] Got response: '1707043635.4142962'
client 2024-02-04 10:47:15,416 [INFO] The time difference between the client and the server is within range -0.183 ms..2.386 ms
client 2024-02-04 10:47:15,416 [INFO] Running the workload 'CM_MLPERF_RUN_COUNT=$(cat ${CM_RUN_DIR}/count.txt); echo ${CM_MLPERF_RUN_COUNT}; CM_MLPERF_RUN_COUNT=$((CM_MLPERF_RUN_COUNT+1)); echo ${CM_MLPERF_RUN_COUNT} > ${CM_RUN_DIR}/count.txt && if [ ${CM_MLPERF_RUN_COUNT} -eq "1" ]; then export CM_MLPERF_USER_CONF=${CM_MLPERF_RANGING_USER_CONF}; else export CM_MLPERF_USER_CONF=${CM_MLPERF_TESTING_USER_CONF}; fi && /mnt/CM/repos/ctuning@mlcommons-ck/cm-mlops/script/get-lib-armnn/run.out'
client 2024-02-04 10:57:20,084 [INFO] Sending command to the server: 'time'
client 2024-02-04 10:57:20,089 [INFO] Got response: '1707044240.084809'
client 2024-02-04 10:57:20,089 [INFO] The time difference between the client and the server is within range -0.197 ms..5.029 ms
client 2024-02-04 10:57:20,090 [INFO] Sending command to the server: 'session,2024-02-04_10-41-21,stop,testing'
client 2024-02-04 10:57:30,470 [INFO] Got response: 'OK'
client 2024-02-04 10:57:30,471 [INFO] Sending command to the server: 'time'
client 2024-02-04 10:57:30,473 [INFO] Got response: '1707044250.469944'
client 2024-02-04 10:57:30,473 [INFO] The time difference between the client and the server is within range 1.224 ms..3.849 ms
client 2024-02-04 10:57:30,478 [INFO] Copying loadgen logs from '/home/arjun/results_dir/valid_results/orin-tflite_armnn_cpp-cpu-armnn_tflite-v23.11-using_neon/mobilenet-v2-precision_uint8-1.0-160/singlestream/performance/run_1' to '/home/arjun/results_dir/valid_results/orin-tflite_armnn_cpp-cpu-armnn_tflite-v23.11-using_neon/mobilenet-v2-precision_uint8-1.0-160/singlestream/performance/tmp_power/run_1'
client 2024-02-04 10:57:30,480 [INFO] Done runs
