Graph file: /home/ubuntu/CM/repos/local/cache/6a84aec629f9442d/efficientnet-lite1/efficientnet-lite1-int8.tflite
Image dir: /home/ubuntu/CM/repos/local/cache/72a0192604644f11
Image list: /home/ubuntu/CM/repos/local/cache/72a0192604644f11/preprocessed_files.txt
Image size: 240
Image channels: 3
Prediction classes: 1000
Result dir: /home/ubuntu/CM/repos/local/cache/7d7675dc64fb47c1/valid_results/ip_172_31_22_165-tflite_cpp-cpu-tflite-vmaster-default_config/efficientnet-int8-lite1/singlestream/accuracy
How many images fit in memory buffer: 1024
Normalize: 1
Subtract mean: 0
Run time preprocessing: 1
Number of Threads: 8
Number of available imagefiles: 50000

Loading graph...
INFO: Created TensorFlow Lite XNNPACK delegate for CPU.
Input tensor dimensions (NHWC): 1*240*240*3
Output tensor dimensions: 1*1000
Path to mlperf.conf : /home/ubuntu/CM/repos/local/cache/f3e5a00e87484e31/inference/mlperf.conf
Path to user.conf : /home/ubuntu/CM/repos/ctuning@mlcommons-ck/cm-mlops/script/generate-mlperf-inference-user-conf/tmp/5464315e7dac4b69bfb3858eaa425e59.conf
Model Name: efficientnet
LoadGen Scenario: SingleStream
LoadGen Mode: accuracy
