Graph file: /home/ubuntu/CM/repos/local/cache/38e7633fda8546db/efficientnet-lite4/efficientnet-lite4-fp32.tflite
Image dir: /home/ubuntu/CM/repos/local/cache/c43c4e8ff2fe422a
Image list: /home/ubuntu/CM/repos/local/cache/c43c4e8ff2fe422a/preprocessed_files.txt
Image size: 300
Image channels: 3
Prediction classes: 1000
Result dir: /home/ubuntu/CM/repos/local/cache/9189d9e91ded4a64/valid_results/ip_172_31_17_121-tflite_cpp-cpu-tflite-vmaster-default_config/efficientnet-fp32-lite4/singlestream/accuracy
How many images fit in memory buffer: 1024
Normalize: 1
Subtract mean: 0
Run time preprocessing: 0
Number of Threads: 16
Number of available imagefiles: 50000

Loading graph...
INFO: Created TensorFlow Lite XNNPACK delegate for CPU.
Input tensor dimensions (NHWC): 1*300*300*3
Output tensor dimensions: 1*1000
Path to mlperf.conf : /home/ubuntu/CM/repos/local/cache/64edb80306f94124/inference/mlperf.conf
Path to user.conf : /home/ubuntu/CM/repos/ctuning@mlcommons-ck/cm-mlops/script/generate-mlperf-inference-user-conf/tmp/ea437b10c5fe453bad69396ff76cd802.conf
Model Name: efficientnet
LoadGen Scenario: SingleStream
LoadGen Mode: accuracy
