client 2024-02-22 04:10:07,144 [INFO] Sending command to the server: 'mlcommons/power client v3'
client 2024-02-22 04:10:07,146 [INFO] Got response: 'mlcommons/power server v3'
client 2024-02-22 04:10:07,146 [INFO] Sending command to the server: 'stop'
client 2024-02-22 04:10:07,150 [INFO] Got response: 'OK'
client 2024-02-22 04:10:07,151 [INFO] Synchronizing with the server and with 100.64.0.18...
client 2024-02-22 04:10:07,154 [INFO] NTP:offset = 0.001 s, delay = 0.001 s 
client 2024-02-22 04:10:07,155 [INFO] Sending command to the server: 'time'
client 2024-02-22 04:10:07,158 [INFO] Got response: '1708575007.0649505'
client 2024-02-22 04:10:07,158 [INFO] The time difference between the client and the server is within range 90.157 ms..93.374 ms
client 2024-02-22 04:10:07,158 [INFO] Sending command to the server: 'new,,9648fe41-e13f-41f5-8d0f-47e046e5370e'
client 2024-02-22 04:10:07,164 [INFO] Got response: 'OK 2024-02-22_04-10-07,47902a28-9ae7-47af-9d08-6013dcbaa765'
client 2024-02-22 04:10:07,164 [INFO] Session id is '2024-02-22_04-10-07'
client 2024-02-22 04:10:07,165 [INFO] Sources: {"sources": {"__init__.py": "da39a3ee5e6b4b0d3255bfef95601890afd80709", "client.py": "33ca4f26368777ac06e01f9567b714a4b8063886", "lib/__init__.py": "da39a3ee5e6b4b0d3255bfef95601890afd80709", "lib/client.py": "ac2aa093c8e8bbc9569b9e2a3471bc64e58a2258", "lib/common.py": "611d8b29633d331eb19c9455ea3b5fa3284ed6df", "lib/external/__init__.py": "da39a3ee5e6b4b0d3255bfef95601890afd80709", "lib/external/ntplib.py": "4da8f970656505a40483206ef2b5d3dd5e81711d", "lib/server.py": "99303c836c683aa9017ec565104e636161d02acb", "lib/source_hashes.py": "60a2e02193209e8d392803326208d5466342da18", "lib/summary.py": "aa92f0a3f975eecd44d3c0cd0236342ccc9f941d", "lib/time_sync.py": "80894ef2389e540781ff78de94db16aa4203a14e", "server.py": "c3f90f2f7eeb4db30727556d0c815ebc89b3d28b", "tests/unit/__init__.py": "da39a3ee5e6b4b0d3255bfef95601890afd80709", "tests/unit/test_server.py": "948c1995d4008bc2aa6c4046a34ffa3858d6d671", "tests/unit/test_source_hashes.py": "00468a2907583c593e6574a1f6b404e4651c221a"}, "modules": {"ptd_client_server.lib.client": "lib/client.py", "ptd_client_server.lib.common": "lib/common.py", "ptd_client_server.lib.external.ntplib": "lib/external/ntplib.py", "ptd_client_server.lib.source_hashes": "lib/source_hashes.py", "ptd_client_server.lib.summary": "lib/summary.py", "ptd_client_server.lib.time_sync": "lib/time_sync.py"}}
client 2024-02-22 04:10:07,165 [INFO] Running workload in ranging mode
client 2024-02-22 04:10:07,165 [INFO] Synchronizing with the server and with 100.64.0.18...
client 2024-02-22 04:10:07,167 [INFO] NTP:offset = 0.001 s, delay = 0.001 s 
client 2024-02-22 04:10:07,167 [INFO] Sending command to the server: 'time'
client 2024-02-22 04:10:07,171 [INFO] Got response: '1708575007.0806468'
client 2024-02-22 04:10:07,171 [INFO] The time difference between the client and the server is within range 87.316 ms..90.852 ms
client 2024-02-22 04:10:07,171 [INFO] Sending command to the server: 'session,2024-02-22_04-10-07,start,ranging'
client 2024-02-22 04:10:32,794 [INFO] Got response: 'OK'
client 2024-02-22 04:10:32,794 [INFO] Sending command to the server: 'time'
client 2024-02-22 04:10:32,797 [INFO] Got response: '1708575032.7096436'
client 2024-02-22 04:10:32,797 [INFO] The time difference between the client and the server is within range 85.152 ms..88.305 ms
client 2024-02-22 04:10:32,798 [INFO] Running the workload 'LOG_DIR=/work/build/power_logs_temp python3.8 -m code.main --benchmarks=resnet50 \t--scenarios=Offline \t--config_ver=default_maxq \t--test_mode=PerformanceOnly  --action="run_harness" \\\n\t\t2>&1 | tee -a /work/build/power_logs/2024.02.22-04.09.15/stdout.txt \\\n\t\t&& if [ ! -d /work/build/power_logs/2024.02.22-04.09.15/ranging_tmp ]; \\\n\t\t\tthen mkdir /work/build/power_logs/2024.02.22-04.09.15/ranging_tmp \\\n\t\t\t\t&& mv /work/build/power_logs_temp/* /work/build/power_logs/2024.02.22-04.09.15/ranging_tmp/ \\\n\t\t\t\t&& cp -v /work/build/power_logs/2024.02.22-04.09.15/ranging_tmp/*/*/*/mlperf_log_detail.txt /work/build/power_logs_temp/ \\\n\t\t\t\t&& cp -v /work/build/power_logs/2024.02.22-04.09.15/ranging_tmp/*/*/*/mlperf_log_summary.txt /work/build/power_logs_temp/; \\\n\t\t\telse mkdir /work/build/power_logs/2024.02.22-04.09.15/testing_tmp \\\n\t\t\t\t&& mv /work/build/power_logs_temp/* /work/build/power_logs/2024.02.22-04.09.15/testing_tmp/ \\\n\t\t\t\t&& cp -v /work/build/power_logs/2024.02.22-04.09.15/testing_tmp/*/*/*/mlperf_log_detail.txt /work/build/power_logs_temp/ \\\n\t\t\t\t&& cp -v /work/build/power_logs/2024.02.22-04.09.15/testing_tmp/*/*/*/mlperf_log_summary.txt /work/build/power_logs_temp/; fi'
client 2024-02-22 04:23:18,810 [INFO] Sending command to the server: 'time'
client 2024-02-22 04:23:18,814 [INFO] Got response: '1708575798.7259321'
client 2024-02-22 04:23:18,814 [INFO] The time difference between the client and the server is within range 84.817 ms..88.861 ms
client 2024-02-22 04:23:18,814 [INFO] Sending command to the server: 'session,2024-02-22_04-10-07,stop,ranging'
client 2024-02-22 04:23:29,940 [INFO] Got response: 'OK'
client 2024-02-22 04:23:29,940 [INFO] Sending command to the server: 'time'
client 2024-02-22 04:23:29,941 [INFO] Got response: '1708575809.8576279'
client 2024-02-22 04:23:29,942 [INFO] The time difference between the client and the server is within range 82.752 ms..84.356 ms
client 2024-02-22 04:23:29,948 [INFO] Copying loadgen logs from '/work/build/power_logs_temp' to '/work/build/power_logs/2024.02.22-04.09.15/2024-02-22_04-10-07/ranging'
client 2024-02-22 04:23:29,949 [INFO] Running workload in testing mode
client 2024-02-22 04:23:29,949 [INFO] Synchronizing with the server and with 100.64.0.18...
client 2024-02-22 04:23:29,951 [INFO] NTP:offset = 0.001 s, delay = 0.001 s 
client 2024-02-22 04:23:29,951 [INFO] Sending command to the server: 'time'
client 2024-02-22 04:23:29,952 [INFO] Got response: '1708575809.8732765'
client 2024-02-22 04:23:29,952 [INFO] The time difference between the client and the server is within range 77.923 ms..79.206 ms
client 2024-02-22 04:23:29,952 [INFO] Sending command to the server: 'session,2024-02-22_04-10-07,start,testing'
client 2024-02-22 04:23:42,268 [INFO] Got response: 'OK'
client 2024-02-22 04:23:42,268 [INFO] Sending command to the server: 'time'
client 2024-02-22 04:23:42,271 [INFO] Got response: '1708575822.1834266'
client 2024-02-22 04:23:42,271 [INFO] The time difference between the client and the server is within range 85.214 ms..88.310 ms
client 2024-02-22 04:23:42,271 [INFO] Running the workload 'LOG_DIR=/work/build/power_logs_temp python3.8 -m code.main --benchmarks=resnet50 \t--scenarios=Offline \t--config_ver=default_maxq \t--test_mode=PerformanceOnly  --action="run_harness" \\\n\t\t2>&1 | tee -a /work/build/power_logs/2024.02.22-04.09.15/stdout.txt \\\n\t\t&& if [ ! -d /work/build/power_logs/2024.02.22-04.09.15/ranging_tmp ]; \\\n\t\t\tthen mkdir /work/build/power_logs/2024.02.22-04.09.15/ranging_tmp \\\n\t\t\t\t&& mv /work/build/power_logs_temp/* /work/build/power_logs/2024.02.22-04.09.15/ranging_tmp/ \\\n\t\t\t\t&& cp -v /work/build/power_logs/2024.02.22-04.09.15/ranging_tmp/*/*/*/mlperf_log_detail.txt /work/build/power_logs_temp/ \\\n\t\t\t\t&& cp -v /work/build/power_logs/2024.02.22-04.09.15/ranging_tmp/*/*/*/mlperf_log_summary.txt /work/build/power_logs_temp/; \\\n\t\t\telse mkdir /work/build/power_logs/2024.02.22-04.09.15/testing_tmp \\\n\t\t\t\t&& mv /work/build/power_logs_temp/* /work/build/power_logs/2024.02.22-04.09.15/testing_tmp/ \\\n\t\t\t\t&& cp -v /work/build/power_logs/2024.02.22-04.09.15/testing_tmp/*/*/*/mlperf_log_detail.txt /work/build/power_logs_temp/ \\\n\t\t\t\t&& cp -v /work/build/power_logs/2024.02.22-04.09.15/testing_tmp/*/*/*/mlperf_log_summary.txt /work/build/power_logs_temp/; fi'
client 2024-02-22 04:36:29,105 [INFO] Sending command to the server: 'time'
client 2024-02-22 04:36:29,109 [INFO] Got response: '1708576589.02822'
client 2024-02-22 04:36:29,109 [INFO] The time difference between the client and the server is within range 77.045 ms..81.005 ms
client 2024-02-22 04:36:29,109 [INFO] Sending command to the server: 'session,2024-02-22_04-10-07,stop,testing'
client 2024-02-22 04:36:39,365 [INFO] Got response: 'OK'
client 2024-02-22 04:36:39,365 [INFO] Sending command to the server: 'time'
client 2024-02-22 04:36:39,367 [INFO] Got response: '1708576599.2765014'
client 2024-02-22 04:36:39,367 [INFO] The time difference between the client and the server is within range 89.406 ms..91.042 ms
client 2024-02-22 04:36:39,369 [INFO] Copying loadgen logs from '/work/build/power_logs_temp' to '/work/build/power_logs/2024.02.22-04.09.15/2024-02-22_04-10-07/run_1'
client 2024-02-22 04:36:39,370 [INFO] Done runs
