client 2024-02-22 05:10:38,265 [INFO] Sending command to the server: 'mlcommons/power client v3'
client 2024-02-22 05:10:38,267 [INFO] Got response: 'mlcommons/power server v3'
client 2024-02-22 05:10:38,267 [INFO] Sending command to the server: 'stop'
client 2024-02-22 05:10:38,271 [INFO] Got response: 'OK'
client 2024-02-22 05:10:38,271 [INFO] Synchronizing with the server and with 100.64.0.18...
client 2024-02-22 05:10:38,275 [INFO] NTP:offset = 0.001 s, delay = 0.001 s 
client 2024-02-22 05:10:38,275 [INFO] Sending command to the server: 'time'
client 2024-02-22 05:10:38,278 [INFO] Got response: '1708578638.1750178'
client 2024-02-22 05:10:38,278 [INFO] The time difference between the client and the server is within range 100.915 ms..103.699 ms
client 2024-02-22 05:10:38,278 [INFO] Sending command to the server: 'new,,aa17205e-69a4-4a0c-8941-8fe9bc066f49'
client 2024-02-22 05:10:38,283 [INFO] Got response: 'OK 2024-02-22_05-10-38,dcb4608c-03b2-4bf6-95ef-f707dca5ee5b'
client 2024-02-22 05:10:38,283 [INFO] Session id is '2024-02-22_05-10-38'
client 2024-02-22 05:10:38,284 [INFO] Sources: {"sources": {"__init__.py": "da39a3ee5e6b4b0d3255bfef95601890afd80709", "client.py": "33ca4f26368777ac06e01f9567b714a4b8063886", "lib/__init__.py": "da39a3ee5e6b4b0d3255bfef95601890afd80709", "lib/client.py": "ac2aa093c8e8bbc9569b9e2a3471bc64e58a2258", "lib/common.py": "611d8b29633d331eb19c9455ea3b5fa3284ed6df", "lib/external/__init__.py": "da39a3ee5e6b4b0d3255bfef95601890afd80709", "lib/external/ntplib.py": "4da8f970656505a40483206ef2b5d3dd5e81711d", "lib/server.py": "99303c836c683aa9017ec565104e636161d02acb", "lib/source_hashes.py": "60a2e02193209e8d392803326208d5466342da18", "lib/summary.py": "aa92f0a3f975eecd44d3c0cd0236342ccc9f941d", "lib/time_sync.py": "80894ef2389e540781ff78de94db16aa4203a14e", "server.py": "c3f90f2f7eeb4db30727556d0c815ebc89b3d28b", "tests/unit/__init__.py": "da39a3ee5e6b4b0d3255bfef95601890afd80709", "tests/unit/test_server.py": "948c1995d4008bc2aa6c4046a34ffa3858d6d671", "tests/unit/test_source_hashes.py": "00468a2907583c593e6574a1f6b404e4651c221a"}, "modules": {"ptd_client_server.lib.client": "lib/client.py", "ptd_client_server.lib.common": "lib/common.py", "ptd_client_server.lib.external.ntplib": "lib/external/ntplib.py", "ptd_client_server.lib.source_hashes": "lib/source_hashes.py", "ptd_client_server.lib.summary": "lib/summary.py", "ptd_client_server.lib.time_sync": "lib/time_sync.py"}}
client 2024-02-22 05:10:38,284 [INFO] Running workload in ranging mode
client 2024-02-22 05:10:38,284 [INFO] Synchronizing with the server and with 100.64.0.18...
client 2024-02-22 05:10:38,286 [INFO] NTP:offset = 0.001 s, delay = 0.001 s 
client 2024-02-22 05:10:38,287 [INFO] Sending command to the server: 'time'
client 2024-02-22 05:10:38,290 [INFO] Got response: '1708578638.1906207'
client 2024-02-22 05:10:38,290 [INFO] The time difference between the client and the server is within range 96.459 ms..99.627 ms
client 2024-02-22 05:10:38,290 [INFO] Sending command to the server: 'session,2024-02-22_05-10-38,start,ranging'
client 2024-02-22 05:11:04,034 [INFO] Got response: 'OK'
client 2024-02-22 05:11:04,034 [INFO] Sending command to the server: 'time'
client 2024-02-22 05:11:04,037 [INFO] Got response: '1708578663.9348729'
client 2024-02-22 05:11:04,038 [INFO] The time difference between the client and the server is within range 99.698 ms..103.156 ms
client 2024-02-22 05:11:04,038 [INFO] Running the workload 'LOG_DIR=/work/build/power_logs_temp python3.8 -m code.main --benchmarks=resnet50 \t--scenarios=Server \t--config_ver=default_maxq \t--test_mode=PerformanceOnly  --action="run_harness" \\\n\t\t2>&1 | tee -a /work/build/power_logs/2024.02.22-05.09.46/stdout.txt \\\n\t\t&& if [ ! -d /work/build/power_logs/2024.02.22-05.09.46/ranging_tmp ]; \\\n\t\t\tthen mkdir /work/build/power_logs/2024.02.22-05.09.46/ranging_tmp \\\n\t\t\t\t&& mv /work/build/power_logs_temp/* /work/build/power_logs/2024.02.22-05.09.46/ranging_tmp/ \\\n\t\t\t\t&& cp -v /work/build/power_logs/2024.02.22-05.09.46/ranging_tmp/*/*/*/mlperf_log_detail.txt /work/build/power_logs_temp/ \\\n\t\t\t\t&& cp -v /work/build/power_logs/2024.02.22-05.09.46/ranging_tmp/*/*/*/mlperf_log_summary.txt /work/build/power_logs_temp/; \\\n\t\t\telse mkdir /work/build/power_logs/2024.02.22-05.09.46/testing_tmp \\\n\t\t\t\t&& mv /work/build/power_logs_temp/* /work/build/power_logs/2024.02.22-05.09.46/testing_tmp/ \\\n\t\t\t\t&& cp -v /work/build/power_logs/2024.02.22-05.09.46/testing_tmp/*/*/*/mlperf_log_detail.txt /work/build/power_logs_temp/ \\\n\t\t\t\t&& cp -v /work/build/power_logs/2024.02.22-05.09.46/testing_tmp/*/*/*/mlperf_log_summary.txt /work/build/power_logs_temp/; fi'
client 2024-02-22 05:24:14,419 [INFO] Sending command to the server: 'time'
client 2024-02-22 05:24:14,422 [INFO] Got response: '1708579454.316291'
client 2024-02-22 05:24:14,422 [INFO] The time difference between the client and the server is within range 102.671 ms..106.665 ms
client 2024-02-22 05:24:14,423 [INFO] Sending command to the server: 'session,2024-02-22_05-10-38,stop,ranging'
client 2024-02-22 05:24:25,180 [INFO] Got response: 'OK'
client 2024-02-22 05:24:25,180 [INFO] Sending command to the server: 'time'
client 2024-02-22 05:24:25,181 [INFO] Got response: '1708579465.0641723'
client 2024-02-22 05:24:25,182 [INFO] The time difference between the client and the server is within range 116.276 ms..117.841 ms
client 2024-02-22 05:24:25,189 [INFO] Copying loadgen logs from '/work/build/power_logs_temp' to '/work/build/power_logs/2024.02.22-05.09.46/2024-02-22_05-10-38/ranging'
client 2024-02-22 05:24:25,189 [INFO] Running workload in testing mode
client 2024-02-22 05:24:25,189 [INFO] Synchronizing with the server and with 100.64.0.18...
client 2024-02-22 05:24:25,191 [INFO] NTP:offset = 0.000 s, delay = 0.001 s 
client 2024-02-22 05:24:25,191 [INFO] Sending command to the server: 'time'
client 2024-02-22 05:24:25,192 [INFO] Got response: '1708579465.0798192'
client 2024-02-22 05:24:25,193 [INFO] The time difference between the client and the server is within range 111.955 ms..113.307 ms
client 2024-02-22 05:24:25,193 [INFO] Sending command to the server: 'session,2024-02-22_05-10-38,start,testing'
client 2024-02-22 05:24:37,533 [INFO] Got response: 'OK'
client 2024-02-22 05:24:37,533 [INFO] Sending command to the server: 'time'
client 2024-02-22 05:24:37,536 [INFO] Got response: '1708579477.4233074'
client 2024-02-22 05:24:37,536 [INFO] The time difference between the client and the server is within range 110.030 ms..113.178 ms
client 2024-02-22 05:24:37,536 [INFO] Running the workload 'LOG_DIR=/work/build/power_logs_temp python3.8 -m code.main --benchmarks=resnet50 \t--scenarios=Server \t--config_ver=default_maxq \t--test_mode=PerformanceOnly  --action="run_harness" \\\n\t\t2>&1 | tee -a /work/build/power_logs/2024.02.22-05.09.46/stdout.txt \\\n\t\t&& if [ ! -d /work/build/power_logs/2024.02.22-05.09.46/ranging_tmp ]; \\\n\t\t\tthen mkdir /work/build/power_logs/2024.02.22-05.09.46/ranging_tmp \\\n\t\t\t\t&& mv /work/build/power_logs_temp/* /work/build/power_logs/2024.02.22-05.09.46/ranging_tmp/ \\\n\t\t\t\t&& cp -v /work/build/power_logs/2024.02.22-05.09.46/ranging_tmp/*/*/*/mlperf_log_detail.txt /work/build/power_logs_temp/ \\\n\t\t\t\t&& cp -v /work/build/power_logs/2024.02.22-05.09.46/ranging_tmp/*/*/*/mlperf_log_summary.txt /work/build/power_logs_temp/; \\\n\t\t\telse mkdir /work/build/power_logs/2024.02.22-05.09.46/testing_tmp \\\n\t\t\t\t&& mv /work/build/power_logs_temp/* /work/build/power_logs/2024.02.22-05.09.46/testing_tmp/ \\\n\t\t\t\t&& cp -v /work/build/power_logs/2024.02.22-05.09.46/testing_tmp/*/*/*/mlperf_log_detail.txt /work/build/power_logs_temp/ \\\n\t\t\t\t&& cp -v /work/build/power_logs/2024.02.22-05.09.46/testing_tmp/*/*/*/mlperf_log_summary.txt /work/build/power_logs_temp/; fi'
client 2024-02-22 05:37:49,855 [INFO] Sending command to the server: 'time'
client 2024-02-22 05:37:49,859 [INFO] Got response: '1708580269.7372031'
client 2024-02-22 05:37:49,859 [INFO] The time difference between the client and the server is within range 118.491 ms..122.427 ms
client 2024-02-22 05:37:49,859 [INFO] Sending command to the server: 'session,2024-02-22_05-10-38,stop,testing'
client 2024-02-22 05:38:00,638 [INFO] Got response: 'OK'
client 2024-02-22 05:38:00,638 [INFO] Sending command to the server: 'time'
client 2024-02-22 05:38:00,640 [INFO] Got response: '1708580280.5241036'
client 2024-02-22 05:38:00,640 [INFO] The time difference between the client and the server is within range 114.567 ms..116.146 ms
client 2024-02-22 05:38:00,642 [INFO] Copying loadgen logs from '/work/build/power_logs_temp' to '/work/build/power_logs/2024.02.22-05.09.46/2024-02-22_05-10-38/run_1'
client 2024-02-22 05:38:00,643 [INFO] Done runs
