client 2024-01-29 05:09:02,107 [INFO] Creating output directory '/home/arjun/results_dir/valid_results/orin-tflite_cpp-cpu-tflite-vmaster-default_config/mobilenet-v1-precision_float-0.25-160/singlestream/performance/tmp_power'
client 2024-01-29 05:09:02,110 [INFO] Sending command to the server: 'mlcommons/power client v3'
client 2024-01-29 05:09:02,112 [INFO] Got response: 'mlcommons/power server v3'
client 2024-01-29 05:09:02,112 [INFO] Synchronizing with the server and with time.google.com...
client 2024-01-29 05:09:02,137 [INFO] NTP:offset = -0.002 s, delay = 0.019 s 
client 2024-01-29 05:09:02,137 [INFO] Sending command to the server: 'time'
client 2024-01-29 05:09:02,140 [INFO] Got response: '1706504942.1361382'
client 2024-01-29 05:09:02,140 [INFO] The time difference between the client and the server is within range 1.499 ms..4.618 ms
client 2024-01-29 05:09:02,140 [INFO] Sending command to the server: 'new,,5ac4a458-6e15-4cf3-87ab-c332f32e737e'
client 2024-01-29 05:09:02,143 [INFO] Got response: 'OK 2024-01-29_05-09-02,c72a3d75-a6de-4c40-98e6-502daf2252fd'
client 2024-01-29 05:09:02,143 [INFO] Session id is '2024-01-29_05-09-02'
client 2024-01-29 05:09:02,143 [INFO] Sources: {"sources": {"__init__.py": "da39a3ee5e6b4b0d3255bfef95601890afd80709", "client.py": "33ca4f26368777ac06e01f9567b714a4b8063886", "lib/__init__.py": "da39a3ee5e6b4b0d3255bfef95601890afd80709", "lib/client.py": "ac2aa093c8e8bbc9569b9e2a3471bc64e58a2258", "lib/common.py": "611d8b29633d331eb19c9455ea3b5fa3284ed6df", "lib/external/__init__.py": "da39a3ee5e6b4b0d3255bfef95601890afd80709", "lib/external/ntplib.py": "4da8f970656505a40483206ef2b5d3dd5e81711d", "lib/server.py": "99303c836c683aa9017ec565104e636161d02acb", "lib/source_hashes.py": "60a2e02193209e8d392803326208d5466342da18", "lib/summary.py": "aa92f0a3f975eecd44d3c0cd0236342ccc9f941d", "lib/time_sync.py": "80894ef2389e540781ff78de94db16aa4203a14e", "server.py": "c3f90f2f7eeb4db30727556d0c815ebc89b3d28b", "tests/unit/__init__.py": "da39a3ee5e6b4b0d3255bfef95601890afd80709", "tests/unit/test_server.py": "948c1995d4008bc2aa6c4046a34ffa3858d6d671", "tests/unit/test_source_hashes.py": "00468a2907583c593e6574a1f6b404e4651c221a"}, "modules": {"ptd_client_server.lib.client": "lib/client.py", "ptd_client_server.lib.common": "lib/common.py", "ptd_client_server.lib.external.ntplib": "lib/external/ntplib.py", "ptd_client_server.lib.source_hashes": "lib/source_hashes.py", "ptd_client_server.lib.summary": "lib/summary.py", "ptd_client_server.lib.time_sync": "lib/time_sync.py"}}
client 2024-01-29 05:09:02,143 [INFO] Running workload in ranging mode
client 2024-01-29 05:09:02,143 [INFO] Synchronizing with the server and with time.google.com...
client 2024-01-29 05:09:02,169 [INFO] NTP:offset = -0.002 s, delay = 0.025 s 
client 2024-01-29 05:09:02,170 [INFO] Sending command to the server: 'time'
client 2024-01-29 05:09:02,173 [INFO] Got response: '1706504942.1690974'
client 2024-01-29 05:09:02,173 [INFO] The time difference between the client and the server is within range 0.958 ms..4.824 ms
client 2024-01-29 05:09:02,174 [INFO] Sending command to the server: 'session,2024-01-29_05-09-02,start,ranging'
client 2024-01-29 05:09:30,252 [INFO] Got response: 'OK'
client 2024-01-29 05:09:30,255 [INFO] Sending command to the server: 'time'
client 2024-01-29 05:09:30,258 [INFO] Got response: '1706504970.2538457'
client 2024-01-29 05:09:30,259 [INFO] The time difference between the client and the server is within range 1.367 ms..5.386 ms
client 2024-01-29 05:09:30,259 [INFO] Running the workload 'CM_MLPERF_RUN_COUNT=$(cat ${CM_RUN_DIR}/count.txt); echo ${CM_MLPERF_RUN_COUNT}; CM_MLPERF_RUN_COUNT=$((CM_MLPERF_RUN_COUNT+1)); echo ${CM_MLPERF_RUN_COUNT} > ${CM_RUN_DIR}/count.txt && if [ ${CM_MLPERF_RUN_COUNT} -eq "1" ]; then export CM_MLPERF_USER_CONF=${CM_MLPERF_RANGING_USER_CONF}; else export CM_MLPERF_USER_CONF=${CM_MLPERF_TESTING_USER_CONF}; fi && /mnt/CM/repos/ctuning@mlcommons-ck/cm-mlops/script/benchmark-any-mlperf-inference-implementation/run.out'
client 2024-01-29 05:14:32,939 [INFO] Sending command to the server: 'time'
client 2024-01-29 05:14:32,943 [INFO] Got response: '1706505272.9391682'
client 2024-01-29 05:14:32,943 [INFO] The time difference between the client and the server is within range 0.515 ms..4.616 ms
client 2024-01-29 05:14:32,944 [INFO] Sending command to the server: 'session,2024-01-29_05-09-02,stop,ranging'
client 2024-01-29 05:14:43,329 [INFO] Got response: 'OK'
client 2024-01-29 05:14:43,329 [INFO] Sending command to the server: 'time'
client 2024-01-29 05:14:43,333 [INFO] Got response: '1706505283.3285885'
client 2024-01-29 05:14:43,333 [INFO] The time difference between the client and the server is within range 1.213 ms..4.774 ms
client 2024-01-29 05:14:43,350 [INFO] Copying loadgen logs from '/home/arjun/results_dir/valid_results/orin-tflite_cpp-cpu-tflite-vmaster-default_config/mobilenet-v1-precision_float-0.25-160/singlestream/performance/run_1' to '/home/arjun/results_dir/valid_results/orin-tflite_cpp-cpu-tflite-vmaster-default_config/mobilenet-v1-precision_float-0.25-160/singlestream/performance/tmp_power/ranging'
client 2024-01-29 05:14:43,352 [INFO] Running workload in testing mode
client 2024-01-29 05:14:43,353 [INFO] Synchronizing with the server and with time.google.com...
client 2024-01-29 05:14:43,384 [INFO] NTP:offset = -0.004 s, delay = 0.026 s 
client 2024-01-29 05:14:43,385 [INFO] Sending command to the server: 'time'
client 2024-01-29 05:14:43,388 [INFO] Got response: '1706505283.3841498'
client 2024-01-29 05:14:43,388 [INFO] The time difference between the client and the server is within range 0.999 ms..4.109 ms
client 2024-01-29 05:14:43,388 [INFO] Sending command to the server: 'session,2024-01-29_05-09-02,start,testing'
client 2024-01-29 05:14:56,404 [INFO] Got response: 'OK'
client 2024-01-29 05:14:56,404 [INFO] Sending command to the server: 'time'
client 2024-01-29 05:14:56,408 [INFO] Got response: '1706505296.4033415'
client 2024-01-29 05:14:56,409 [INFO] The time difference between the client and the server is within range 1.220 ms..5.730 ms
client 2024-01-29 05:14:56,409 [INFO] Running the workload 'CM_MLPERF_RUN_COUNT=$(cat ${CM_RUN_DIR}/count.txt); echo ${CM_MLPERF_RUN_COUNT}; CM_MLPERF_RUN_COUNT=$((CM_MLPERF_RUN_COUNT+1)); echo ${CM_MLPERF_RUN_COUNT} > ${CM_RUN_DIR}/count.txt && if [ ${CM_MLPERF_RUN_COUNT} -eq "1" ]; then export CM_MLPERF_USER_CONF=${CM_MLPERF_RANGING_USER_CONF}; else export CM_MLPERF_USER_CONF=${CM_MLPERF_TESTING_USER_CONF}; fi && /mnt/CM/repos/ctuning@mlcommons-ck/cm-mlops/script/benchmark-any-mlperf-inference-implementation/run.out'
client 2024-01-29 05:25:00,998 [INFO] Sending command to the server: 'time'
client 2024-01-29 05:25:01,056 [INFO] Got response: '1706505901.051285'
client 2024-01-29 05:25:01,056 [INFO] The time difference between the client and the server is within range -53.081 ms..5.551 ms
client 2024-01-29 05:25:01,057 [INFO] Sending command to the server: 'session,2024-01-29_05-09-02,stop,testing'
client 2024-01-29 05:25:11,453 [INFO] Got response: 'OK'
client 2024-01-29 05:25:11,454 [INFO] Sending command to the server: 'time'
client 2024-01-29 05:25:11,458 [INFO] Got response: '1706505911.453857'
client 2024-01-29 05:25:11,458 [INFO] The time difference between the client and the server is within range 0.569 ms..4.676 ms
client 2024-01-29 05:25:11,463 [INFO] Copying loadgen logs from '/home/arjun/results_dir/valid_results/orin-tflite_cpp-cpu-tflite-vmaster-default_config/mobilenet-v1-precision_float-0.25-160/singlestream/performance/run_1' to '/home/arjun/results_dir/valid_results/orin-tflite_cpp-cpu-tflite-vmaster-default_config/mobilenet-v1-precision_float-0.25-160/singlestream/performance/tmp_power/run_1'
client 2024-01-29 05:25:11,465 [INFO] Done runs
