Graph file: /home/ubuntu/CM/repos/local/cache/debe55d2e42c4250/mobilenet_v1_1.0_160.tflite
Image dir: /home/ubuntu/CM/repos/local/cache/41a3d1ac64d64ad6
Image list: /home/ubuntu/CM/repos/local/cache/41a3d1ac64d64ad6/preprocessed_files.txt
Image size: 160
Image channels: 3
Prediction classes: 1000
Result dir: /home/ubuntu/CM/repos/local/cache/6f95210fc6c14185/valid_results/ip_172_31_9_222-tflite_cpp-cpu-tflite-vmaster-default_config/mobilenet-v1-precision_float-1.0-160/singlestream/performance/run_1
How many images fit in memory buffer: 1024
Normalize: 1
Subtract mean: 0
Run time preprocessing: 0
Number of Threads: 16
Number of available imagefiles: 50000

Loading graph...
INFO: Created TensorFlow Lite XNNPACK delegate for CPU.
Input tensor dimensions (NHWC): 1*160*160*3
Output tensor dimensions: 1*1001
Path to mlperf.conf : /home/ubuntu/CM/repos/local/cache/dc2b293bbc704ecb/inference/mlperf.conf
Path to user.conf : /home/ubuntu/CM/repos/ctuning@mlcommons-ck/cm-mlops/script/generate-mlperf-inference-user-conf/tmp/a31320c098c34607900679ec2b6e0198.conf
Model Name: mobilenet
LoadGen Scenario: SingleStream
LoadGen Mode: performance
