client 2024-02-13 11:30:07,324 [INFO] Creating output directory '/home/krai/work_collection/experiments_submission/generated_by_power_measurement_on_run_9346523cca264996a875ee0b568a32fa/power_logs'
client 2024-02-13 11:30:07,325 [INFO] Sending command to the server: 'mlcommons/power client v3'
client 2024-02-13 11:30:07,326 [INFO] Got response: 'mlcommons/power server v3'
client 2024-02-13 11:30:07,326 [INFO] Synchronizing with the server and with time.google.com...
client 2024-02-13 11:30:07,473 [INFO] NTP:offset = 0.004 s, delay = 0.081 s 
client 2024-02-13 11:30:07,473 [INFO] Sending command to the server: 'time'
client 2024-02-13 11:30:07,474 [INFO] Got response: '1707845407.4761033'
client 2024-02-13 11:30:07,474 [INFO] The time difference between the client and the server is within range -2.702 ms..-1.388 ms
client 2024-02-13 11:30:07,474 [INFO] Sending command to the server: 'new,,caeca6c1-e151-4111-8d93-be7af1e1e24a'
client 2024-02-13 11:30:07,476 [INFO] Got response: 'OK 2024-02-13_11-30-07,3605278e-0242-4bd7-874a-cec9f1a07439'
client 2024-02-13 11:30:07,476 [INFO] Session id is '2024-02-13_11-30-07'
client 2024-02-13 11:30:07,476 [INFO] Sources: {"sources": {"__init__.py": "da39a3ee5e6b4b0d3255bfef95601890afd80709", "client.py": "33ca4f26368777ac06e01f9567b714a4b8063886", "lib/__init__.py": "da39a3ee5e6b4b0d3255bfef95601890afd80709", "lib/client.py": "ac2aa093c8e8bbc9569b9e2a3471bc64e58a2258", "lib/common.py": "611d8b29633d331eb19c9455ea3b5fa3284ed6df", "lib/external/__init__.py": "da39a3ee5e6b4b0d3255bfef95601890afd80709", "lib/external/ntplib.py": "4da8f970656505a40483206ef2b5d3dd5e81711d", "lib/server.py": "99303c836c683aa9017ec565104e636161d02acb", "lib/source_hashes.py": "60a2e02193209e8d392803326208d5466342da18", "lib/summary.py": "aa92f0a3f975eecd44d3c0cd0236342ccc9f941d", "lib/time_sync.py": "80894ef2389e540781ff78de94db16aa4203a14e", "server.py": "c3f90f2f7eeb4db30727556d0c815ebc89b3d28b", "tests/unit/__init__.py": "da39a3ee5e6b4b0d3255bfef95601890afd80709", "tests/unit/test_server.py": "948c1995d4008bc2aa6c4046a34ffa3858d6d671", "tests/unit/test_source_hashes.py": "00468a2907583c593e6574a1f6b404e4651c221a"}, "modules": {"ptd_client_server.lib.client": "lib/client.py", "ptd_client_server.lib.common": "lib/common.py", "ptd_client_server.lib.external.ntplib": "lib/external/ntplib.py", "ptd_client_server.lib.source_hashes": "lib/source_hashes.py", "ptd_client_server.lib.summary": "lib/summary.py", "ptd_client_server.lib.time_sync": "lib/time_sync.py"}}
client 2024-02-13 11:30:07,476 [INFO] Running workload in ranging mode
client 2024-02-13 11:30:07,476 [INFO] Synchronizing with the server and with time.google.com...
client 2024-02-13 11:30:07,555 [INFO] NTP:offset = 0.002 s, delay = 0.078 s 
client 2024-02-13 11:30:07,555 [INFO] Sending command to the server: 'time'
client 2024-02-13 11:30:07,556 [INFO] Got response: '1707845407.5581834'
client 2024-02-13 11:30:07,556 [INFO] The time difference between the client and the server is within range -2.738 ms..-1.343 ms
client 2024-02-13 11:30:07,556 [INFO] Sending command to the server: 'session,2024-02-13_11-30-07,start,ranging'
client 2024-02-13 11:30:37,092 [INFO] Got response: 'OK'
client 2024-02-13 11:30:37,092 [INFO] Sending command to the server: 'time'
client 2024-02-13 11:30:37,093 [INFO] Got response: '1707845437.095205'
client 2024-02-13 11:30:37,093 [INFO] The time difference between the client and the server is within range -2.645 ms..-1.393 ms
client 2024-02-13 11:30:37,093 [INFO] Running the workload 'axs byquery loadgen_output,task=image_classification,sut_name=r282_q2_ultra_edge,model_name=resnet50,framework=kilt,device=qaic,collection_name=experiments_submission,loadgen_mode=PerformanceOnly,loadgen_compliance_test-,loadgen_scenario=SingleStream,_with_power+,symlink_to=/home/krai/work_collection/experiments_submission/generated_by_power_measurement_on_run_9346523cca264996a875ee0b568a32fa/last_mlperf_logs,power_client_entrydic_path=/home/krai/work_collection/experiments_submission/generated_by_power_measurement_on_run_9346523cca264996a875ee0b568a32fa/program_output.json,effective_no_ranging-'
client 2024-02-13 11:40:49,721 [INFO] Sending command to the server: 'time'
client 2024-02-13 11:40:49,722 [INFO] Got response: '1707846049.7242851'
client 2024-02-13 11:40:49,722 [INFO] The time difference between the client and the server is within range -3.268 ms..-1.538 ms
client 2024-02-13 11:40:49,722 [INFO] Sending command to the server: 'session,2024-02-13_11-30-07,stop,ranging'
client 2024-02-13 11:41:00,163 [INFO] Got response: 'OK'
client 2024-02-13 11:41:00,163 [INFO] Sending command to the server: 'time'
client 2024-02-13 11:41:00,164 [INFO] Got response: '1707846060.166351'
client 2024-02-13 11:41:00,164 [INFO] The time difference between the client and the server is within range -2.453 ms..-1.783 ms
client 2024-02-13 11:41:00,168 [INFO] Copying loadgen logs from '/home/krai/work_collection/experiments_submission/generated_by_power_measurement_on_run_9346523cca264996a875ee0b568a32fa/last_mlperf_logs' to '/home/krai/work_collection/experiments_submission/generated_by_power_measurement_on_run_9346523cca264996a875ee0b568a32fa/power_logs/ranging'
client 2024-02-13 11:41:00,168 [INFO] Running workload in testing mode
client 2024-02-13 11:41:00,168 [INFO] Synchronizing with the server and with time.google.com...
client 2024-02-13 11:41:00,254 [INFO] NTP:offset = 0.006 s, delay = 0.084 s 
client 2024-02-13 11:41:00,254 [INFO] Sending command to the server: 'time'
client 2024-02-13 11:41:00,255 [INFO] Got response: '1707846060.2570503'
client 2024-02-13 11:41:00,255 [INFO] The time difference between the client and the server is within range -2.952 ms..-1.629 ms
client 2024-02-13 11:41:00,255 [INFO] Sending command to the server: 'session,2024-02-13_11-30-07,start,testing'
client 2024-02-13 11:41:13,270 [INFO] Got response: 'OK'
client 2024-02-13 11:41:13,270 [INFO] Sending command to the server: 'time'
client 2024-02-13 11:41:13,271 [INFO] Got response: '1707846073.27323'
client 2024-02-13 11:41:13,271 [INFO] The time difference between the client and the server is within range -2.894 ms..-1.690 ms
client 2024-02-13 11:41:13,271 [INFO] Running the workload 'axs byquery loadgen_output,task=image_classification,sut_name=r282_q2_ultra_edge,model_name=resnet50,framework=kilt,device=qaic,collection_name=experiments_submission,loadgen_mode=PerformanceOnly,loadgen_compliance_test-,loadgen_scenario=SingleStream,_with_power+,symlink_to=/home/krai/work_collection/experiments_submission/generated_by_power_measurement_on_run_9346523cca264996a875ee0b568a32fa/last_mlperf_logs,power_client_entrydic_path=/home/krai/work_collection/experiments_submission/generated_by_power_measurement_on_run_9346523cca264996a875ee0b568a32fa/program_output.json,effective_no_ranging-'
client 2024-02-13 11:51:22,907 [INFO] Sending command to the server: 'time'
client 2024-02-13 11:51:22,909 [INFO] Got response: '1707846682.911175'
client 2024-02-13 11:51:22,909 [INFO] The time difference between the client and the server is within range -3.597 ms..-1.864 ms
client 2024-02-13 11:51:22,909 [INFO] Sending command to the server: 'session,2024-02-13_11-30-07,stop,testing'
client 2024-02-13 11:51:33,326 [INFO] Got response: 'OK'
client 2024-02-13 11:51:33,326 [INFO] Sending command to the server: 'time'
client 2024-02-13 11:51:33,327 [INFO] Got response: '1707846693.3297687'
client 2024-02-13 11:51:33,327 [INFO] The time difference between the client and the server is within range -2.783 ms..-2.017 ms
client 2024-02-13 11:51:33,328 [INFO] Copying loadgen logs from '/home/krai/work_collection/experiments_submission/generated_by_power_measurement_on_run_9346523cca264996a875ee0b568a32fa/last_mlperf_logs' to '/home/krai/work_collection/experiments_submission/generated_by_power_measurement_on_run_9346523cca264996a875ee0b568a32fa/power_logs/run_1'
client 2024-02-13 11:51:33,329 [INFO] Done runs
