client 2024-01-31 23:54:56,944 [INFO] Creating output directory '/home/arjun/results_dir/valid_results/orin-tflite_armnn_cpp-cpu-armnn_tflite-v23.05-using_neon_with_live_preprocessing/mobilenet-v1-precision_float-0.75-224/singlestream/performance/tmp_power'
client 2024-01-31 23:54:56,947 [INFO] Sending command to the server: 'mlcommons/power client v3'
client 2024-01-31 23:54:56,951 [INFO] Got response: 'mlcommons/power server v3'
client 2024-01-31 23:54:56,951 [INFO] Synchronizing with the server and with time.google.com...
client 2024-01-31 23:54:56,991 [INFO] NTP:offset = -0.007 s, delay = 0.021 s 
client 2024-01-31 23:54:56,991 [INFO] Sending command to the server: 'time'
client 2024-01-31 23:54:56,995 [INFO] Got response: '1706745296.9892094'
client 2024-01-31 23:54:56,995 [INFO] The time difference between the client and the server is within range 2.702 ms..6.752 ms
client 2024-01-31 23:54:56,996 [INFO] Sending command to the server: 'new,,26fabed6-e75a-4bf1-9f55-06bc43fa0694'
client 2024-01-31 23:54:57,001 [INFO] Got response: 'OK 2024-01-31_23-54-56,610b8b18-2f37-49d5-b446-91741cbff280'
client 2024-01-31 23:54:57,001 [INFO] Session id is '2024-01-31_23-54-56'
client 2024-01-31 23:54:57,001 [INFO] Sources: {"sources": {"__init__.py": "da39a3ee5e6b4b0d3255bfef95601890afd80709", "client.py": "33ca4f26368777ac06e01f9567b714a4b8063886", "lib/__init__.py": "da39a3ee5e6b4b0d3255bfef95601890afd80709", "lib/client.py": "ac2aa093c8e8bbc9569b9e2a3471bc64e58a2258", "lib/common.py": "611d8b29633d331eb19c9455ea3b5fa3284ed6df", "lib/external/__init__.py": "da39a3ee5e6b4b0d3255bfef95601890afd80709", "lib/external/ntplib.py": "4da8f970656505a40483206ef2b5d3dd5e81711d", "lib/server.py": "99303c836c683aa9017ec565104e636161d02acb", "lib/source_hashes.py": "60a2e02193209e8d392803326208d5466342da18", "lib/summary.py": "aa92f0a3f975eecd44d3c0cd0236342ccc9f941d", "lib/time_sync.py": "80894ef2389e540781ff78de94db16aa4203a14e", "server.py": "c3f90f2f7eeb4db30727556d0c815ebc89b3d28b", "tests/unit/__init__.py": "da39a3ee5e6b4b0d3255bfef95601890afd80709", "tests/unit/test_server.py": "948c1995d4008bc2aa6c4046a34ffa3858d6d671", "tests/unit/test_source_hashes.py": "00468a2907583c593e6574a1f6b404e4651c221a"}, "modules": {"ptd_client_server.lib.client": "lib/client.py", "ptd_client_server.lib.common": "lib/common.py", "ptd_client_server.lib.external.ntplib": "lib/external/ntplib.py", "ptd_client_server.lib.source_hashes": "lib/source_hashes.py", "ptd_client_server.lib.summary": "lib/summary.py", "ptd_client_server.lib.time_sync": "lib/time_sync.py"}}
client 2024-01-31 23:54:57,001 [INFO] Running workload in ranging mode
client 2024-01-31 23:54:57,001 [INFO] Synchronizing with the server and with time.google.com...
client 2024-01-31 23:54:57,024 [INFO] NTP:offset = -0.008 s, delay = 0.021 s 
client 2024-01-31 23:54:57,024 [INFO] Sending command to the server: 'time'
client 2024-01-31 23:54:57,029 [INFO] Got response: '1706745297.0235238'
client 2024-01-31 23:54:57,029 [INFO] The time difference between the client and the server is within range 1.351 ms..6.459 ms
client 2024-01-31 23:54:57,030 [INFO] Sending command to the server: 'session,2024-01-31_23-54-56,start,ranging'
client 2024-01-31 23:55:25,198 [INFO] Got response: 'OK'
client 2024-01-31 23:55:25,201 [INFO] Sending command to the server: 'time'
client 2024-01-31 23:55:25,204 [INFO] Got response: '1706745325.1981316'
client 2024-01-31 23:55:25,204 [INFO] The time difference between the client and the server is within range 2.855 ms..6.601 ms
client 2024-01-31 23:55:25,205 [INFO] Running the workload 'CM_MLPERF_RUN_COUNT=$(cat ${CM_RUN_DIR}/count.txt); echo ${CM_MLPERF_RUN_COUNT}; CM_MLPERF_RUN_COUNT=$((CM_MLPERF_RUN_COUNT+1)); echo ${CM_MLPERF_RUN_COUNT} > ${CM_RUN_DIR}/count.txt && if [ ${CM_MLPERF_RUN_COUNT} -eq "1" ]; then export CM_MLPERF_USER_CONF=${CM_MLPERF_RANGING_USER_CONF}; else export CM_MLPERF_USER_CONF=${CM_MLPERF_TESTING_USER_CONF}; fi && /mnt/CM/repos/ctuning@mlcommons-ck/cm-mlops/script/benchmark-any-mlperf-inference-implementation/run.out'
client 2024-02-01 00:00:27,938 [INFO] Sending command to the server: 'time'
client 2024-02-01 00:00:27,942 [INFO] Got response: '1706745627.9357295'
client 2024-02-01 00:00:27,942 [INFO] The time difference between the client and the server is within range 3.049 ms..6.699 ms
client 2024-02-01 00:00:27,942 [INFO] Sending command to the server: 'session,2024-01-31_23-54-56,stop,ranging'
client 2024-02-01 00:00:38,345 [INFO] Got response: 'OK'
client 2024-02-01 00:00:38,346 [INFO] Sending command to the server: 'time'
client 2024-02-01 00:00:38,350 [INFO] Got response: '1706745638.3436608'
client 2024-02-01 00:00:38,350 [INFO] The time difference between the client and the server is within range 2.657 ms..6.958 ms
client 2024-02-01 00:00:38,367 [INFO] Copying loadgen logs from '/home/arjun/results_dir/valid_results/orin-tflite_armnn_cpp-cpu-armnn_tflite-v23.05-using_neon_with_live_preprocessing/mobilenet-v1-precision_float-0.75-224/singlestream/performance/run_1' to '/home/arjun/results_dir/valid_results/orin-tflite_armnn_cpp-cpu-armnn_tflite-v23.05-using_neon_with_live_preprocessing/mobilenet-v1-precision_float-0.75-224/singlestream/performance/tmp_power/ranging'
client 2024-02-01 00:00:38,370 [INFO] Running workload in testing mode
client 2024-02-01 00:00:38,370 [INFO] Synchronizing with the server and with time.google.com...
client 2024-02-01 00:00:38,396 [INFO] NTP:offset = -0.007 s, delay = 0.021 s 
client 2024-02-01 00:00:38,397 [INFO] Sending command to the server: 'time'
client 2024-02-01 00:00:38,400 [INFO] Got response: '1706745638.3942208'
client 2024-02-01 00:00:38,400 [INFO] The time difference between the client and the server is within range 2.828 ms..6.457 ms
client 2024-02-01 00:00:38,400 [INFO] Sending command to the server: 'session,2024-01-31_23-54-56,start,testing'
client 2024-02-01 00:00:51,421 [INFO] Got response: 'OK'
client 2024-02-01 00:00:51,422 [INFO] Sending command to the server: 'time'
client 2024-02-01 00:00:51,425 [INFO] Got response: '1706745651.4189703'
client 2024-02-01 00:00:51,425 [INFO] The time difference between the client and the server is within range 3.010 ms..6.888 ms
client 2024-02-01 00:00:51,426 [INFO] Running the workload 'CM_MLPERF_RUN_COUNT=$(cat ${CM_RUN_DIR}/count.txt); echo ${CM_MLPERF_RUN_COUNT}; CM_MLPERF_RUN_COUNT=$((CM_MLPERF_RUN_COUNT+1)); echo ${CM_MLPERF_RUN_COUNT} > ${CM_RUN_DIR}/count.txt && if [ ${CM_MLPERF_RUN_COUNT} -eq "1" ]; then export CM_MLPERF_USER_CONF=${CM_MLPERF_RANGING_USER_CONF}; else export CM_MLPERF_USER_CONF=${CM_MLPERF_TESTING_USER_CONF}; fi && /mnt/CM/repos/ctuning@mlcommons-ck/cm-mlops/script/benchmark-any-mlperf-inference-implementation/run.out'
client 2024-02-01 00:10:56,285 [INFO] Sending command to the server: 'time'
client 2024-02-01 00:10:56,290 [INFO] Got response: '1706746256.2834325'
client 2024-02-01 00:10:56,290 [INFO] The time difference between the client and the server is within range 1.781 ms..6.860 ms
client 2024-02-01 00:10:56,290 [INFO] Sending command to the server: 'session,2024-01-31_23-54-56,stop,testing'
client 2024-02-01 00:11:06,485 [INFO] Got response: 'OK'
client 2024-02-01 00:11:06,486 [INFO] Sending command to the server: 'time'
client 2024-02-01 00:11:06,489 [INFO] Got response: '1706746266.4835353'
client 2024-02-01 00:11:06,490 [INFO] The time difference between the client and the server is within range 2.819 ms..6.738 ms
client 2024-02-01 00:11:06,495 [INFO] Copying loadgen logs from '/home/arjun/results_dir/valid_results/orin-tflite_armnn_cpp-cpu-armnn_tflite-v23.05-using_neon_with_live_preprocessing/mobilenet-v1-precision_float-0.75-224/singlestream/performance/run_1' to '/home/arjun/results_dir/valid_results/orin-tflite_armnn_cpp-cpu-armnn_tflite-v23.05-using_neon_with_live_preprocessing/mobilenet-v1-precision_float-0.75-224/singlestream/performance/tmp_power/run_1'
client 2024-02-01 00:11:06,497 [INFO] Done runs
