client 2024-02-21 13:05:54,575 [INFO] Creating output directory '/home/arjun/results_dir/valid_results/phoenix_Amd_Am5-reference-cpu-deepsparse-vdefault-default_config/bert-base-pruned90-none-bert-99/offline/performance/tmp_power'
client 2024-02-21 13:05:54,583 [INFO] Sending command to the server: 'mlcommons/power client v3'
client 2024-02-21 13:05:54,593 [INFO] Got response: 'mlcommons/power server v3'
client 2024-02-21 13:05:54,593 [INFO] Synchronizing with the server and with time.google.com...
client 2024-02-21 13:05:54,615 [INFO] NTP:offset = 0.000 s, delay = 0.020 s 
client 2024-02-21 13:05:54,615 [INFO] Sending command to the server: 'time'
client 2024-02-21 13:05:54,623 [INFO] Got response: '1708520754.4910078'
client 2024-02-21 13:05:54,623 [INFO] The time difference between the client and the server is within range 124.408 ms..132.870 ms
client 2024-02-21 13:05:54,623 [INFO] Sending command to the server: 'new,,2f1fa9cc-29e6-4742-9667-10e2f52768b5'
client 2024-02-21 13:05:54,635 [INFO] Got response: 'OK 2024-02-21_13-05-54,7b2d048f-b0ef-46c4-a530-59e7231a357f'
client 2024-02-21 13:05:54,635 [INFO] Session id is '2024-02-21_13-05-54'
client 2024-02-21 13:05:54,635 [INFO] Sources: {"sources": {"__init__.py": "da39a3ee5e6b4b0d3255bfef95601890afd80709", "client.py": "33ca4f26368777ac06e01f9567b714a4b8063886", "lib/__init__.py": "da39a3ee5e6b4b0d3255bfef95601890afd80709", "lib/client.py": "ac2aa093c8e8bbc9569b9e2a3471bc64e58a2258", "lib/common.py": "611d8b29633d331eb19c9455ea3b5fa3284ed6df", "lib/external/__init__.py": "da39a3ee5e6b4b0d3255bfef95601890afd80709", "lib/external/ntplib.py": "4da8f970656505a40483206ef2b5d3dd5e81711d", "lib/server.py": "99303c836c683aa9017ec565104e636161d02acb", "lib/source_hashes.py": "60a2e02193209e8d392803326208d5466342da18", "lib/summary.py": "aa92f0a3f975eecd44d3c0cd0236342ccc9f941d", "lib/time_sync.py": "80894ef2389e540781ff78de94db16aa4203a14e", "server.py": "c3f90f2f7eeb4db30727556d0c815ebc89b3d28b", "tests/unit/__init__.py": "da39a3ee5e6b4b0d3255bfef95601890afd80709", "tests/unit/test_server.py": "948c1995d4008bc2aa6c4046a34ffa3858d6d671", "tests/unit/test_source_hashes.py": "00468a2907583c593e6574a1f6b404e4651c221a"}, "modules": {"ptd_client_server.lib.client": "lib/client.py", "ptd_client_server.lib.common": "lib/common.py", "ptd_client_server.lib.external.ntplib": "lib/external/ntplib.py", "ptd_client_server.lib.source_hashes": "lib/source_hashes.py", "ptd_client_server.lib.summary": "lib/summary.py", "ptd_client_server.lib.time_sync": "lib/time_sync.py"}}
client 2024-02-21 13:05:54,636 [INFO] Running workload in ranging mode
client 2024-02-21 13:05:54,636 [INFO] Synchronizing with the server and with time.google.com...
client 2024-02-21 13:05:54,657 [INFO] NTP:offset = 0.001 s, delay = 0.021 s 
client 2024-02-21 13:05:54,657 [INFO] Sending command to the server: 'time'
client 2024-02-21 13:05:54,666 [INFO] Got response: '1708520754.5308342'
client 2024-02-21 13:05:54,666 [INFO] The time difference between the client and the server is within range 126.676 ms..136.150 ms
client 2024-02-21 13:05:54,667 [INFO] Sending command to the server: 'session,2024-02-21_13-05-54,start,ranging'
client 2024-02-21 13:06:18,544 [INFO] Got response: 'OK'
client 2024-02-21 13:06:18,544 [INFO] Sending command to the server: 'time'
client 2024-02-21 13:06:18,555 [INFO] Got response: '1708520778.4210012'
client 2024-02-21 13:06:18,555 [INFO] The time difference between the client and the server is within range 123.733 ms..134.611 ms
client 2024-02-21 13:06:18,555 [INFO] Running the workload 'CM_MLPERF_RUN_COUNT=$(cat ${CM_RUN_DIR}/count.txt); echo ${CM_MLPERF_RUN_COUNT}; CM_MLPERF_RUN_COUNT=$((CM_MLPERF_RUN_COUNT+1)); echo ${CM_MLPERF_RUN_COUNT} > ${CM_RUN_DIR}/count.txt && if [ ${CM_MLPERF_RUN_COUNT} -eq "1" ]; then export CM_MLPERF_USER_CONF=${CM_MLPERF_RANGING_USER_CONF}; else export CM_MLPERF_USER_CONF=${CM_MLPERF_TESTING_USER_CONF}; fi && /usr/bin/python3 run.py --backend=deepsparse --scenario=Offline --mlperf_conf "/home/arjun/CM/repos/local/cache/b5386651b8ab4bd4/inference/mlperf.conf" --user_conf "${CM_MLPERF_USER_CONF}" --quantized --batch_size=128 --model_path=/home/arjun/.cache/sparsezoo/74daffb7-ba8c-4a37-aa29-634a0fd399c2/model.onnx 2>&1 | tee /home/arjun/results_dir/valid_results/phoenix_Amd_Am5-reference-cpu-deepsparse-vdefault-default_config/bert-base-pruned90-none-bert-99/offline/performance/run_1/console.out'
client 2024-02-21 13:14:30,774 [INFO] Sending command to the server: 'time'
client 2024-02-21 13:14:30,783 [INFO] Got response: '1708521270.644677'
client 2024-02-21 13:14:30,783 [INFO] The time difference between the client and the server is within range 129.618 ms..139.227 ms
client 2024-02-21 13:14:30,783 [INFO] Sending command to the server: 'session,2024-02-21_13-05-54,stop,ranging'
client 2024-02-21 13:14:41,918 [INFO] Got response: 'OK'
client 2024-02-21 13:14:41,918 [INFO] Sending command to the server: 'time'
client 2024-02-21 13:14:41,927 [INFO] Got response: '1708521281.7846773'
client 2024-02-21 13:14:41,927 [INFO] The time difference between the client and the server is within range 134.184 ms..143.195 ms
client 2024-02-21 13:14:41,929 [INFO] Copying loadgen logs from '/home/arjun/results_dir/valid_results/phoenix_Amd_Am5-reference-cpu-deepsparse-vdefault-default_config/bert-base-pruned90-none-bert-99/offline/performance/run_1' to '/home/arjun/results_dir/valid_results/phoenix_Amd_Am5-reference-cpu-deepsparse-vdefault-default_config/bert-base-pruned90-none-bert-99/offline/performance/tmp_power/ranging'
client 2024-02-21 13:14:41,930 [INFO] Running workload in testing mode
client 2024-02-21 13:14:41,930 [INFO] Synchronizing with the server and with time.google.com...
client 2024-02-21 13:14:41,953 [INFO] NTP:offset = 0.002 s, delay = 0.022 s 
client 2024-02-21 13:14:41,953 [INFO] Sending command to the server: 'time'
client 2024-02-21 13:14:41,961 [INFO] Got response: '1708521281.8146763'
client 2024-02-21 13:14:41,961 [INFO] The time difference between the client and the server is within range 138.464 ms..146.929 ms
client 2024-02-21 13:14:41,961 [INFO] Sending command to the server: 'session,2024-02-21_13-05-54,start,testing'
client 2024-02-21 13:14:55,038 [INFO] Got response: 'OK'
client 2024-02-21 13:14:55,038 [INFO] Sending command to the server: 'time'
client 2024-02-21 13:14:55,050 [INFO] Got response: '1708521294.9048548'
client 2024-02-21 13:14:55,050 [INFO] The time difference between the client and the server is within range 133.838 ms..145.336 ms
client 2024-02-21 13:14:55,050 [INFO] Running the workload 'CM_MLPERF_RUN_COUNT=$(cat ${CM_RUN_DIR}/count.txt); echo ${CM_MLPERF_RUN_COUNT}; CM_MLPERF_RUN_COUNT=$((CM_MLPERF_RUN_COUNT+1)); echo ${CM_MLPERF_RUN_COUNT} > ${CM_RUN_DIR}/count.txt && if [ ${CM_MLPERF_RUN_COUNT} -eq "1" ]; then export CM_MLPERF_USER_CONF=${CM_MLPERF_RANGING_USER_CONF}; else export CM_MLPERF_USER_CONF=${CM_MLPERF_TESTING_USER_CONF}; fi && /usr/bin/python3 run.py --backend=deepsparse --scenario=Offline --mlperf_conf "/home/arjun/CM/repos/local/cache/b5386651b8ab4bd4/inference/mlperf.conf" --user_conf "${CM_MLPERF_USER_CONF}" --quantized --batch_size=128 --model_path=/home/arjun/.cache/sparsezoo/74daffb7-ba8c-4a37-aa29-634a0fd399c2/model.onnx 2>&1 | tee /home/arjun/results_dir/valid_results/phoenix_Amd_Am5-reference-cpu-deepsparse-vdefault-default_config/bert-base-pruned90-none-bert-99/offline/performance/run_1/console.out'
client 2024-02-21 13:30:34,940 [INFO] Sending command to the server: 'time'
client 2024-02-21 13:30:34,952 [INFO] Got response: '1708522234.7928052'
client 2024-02-21 13:30:34,952 [INFO] The time difference between the client and the server is within range 148.010 ms..159.393 ms
client 2024-02-21 13:30:34,952 [INFO] Sending command to the server: 'session,2024-02-21_13-05-54,stop,testing'
client 2024-02-21 13:30:45,107 [INFO] Got response: 'OK'
client 2024-02-21 13:30:45,107 [INFO] Sending command to the server: 'time'
client 2024-02-21 13:30:45,117 [INFO] Got response: '1708522244.9591408'
client 2024-02-21 13:30:45,117 [INFO] The time difference between the client and the server is within range 148.257 ms..158.828 ms
client 2024-02-21 13:30:45,118 [INFO] Copying loadgen logs from '/home/arjun/results_dir/valid_results/phoenix_Amd_Am5-reference-cpu-deepsparse-vdefault-default_config/bert-base-pruned90-none-bert-99/offline/performance/run_1' to '/home/arjun/results_dir/valid_results/phoenix_Amd_Am5-reference-cpu-deepsparse-vdefault-default_config/bert-base-pruned90-none-bert-99/offline/performance/tmp_power/run_1'
client 2024-02-21 13:30:45,118 [INFO] Done runs
