client 2024-02-17 19:54:39,243 [INFO] Sending command to the server: 'mlcommons/power client v3'
client 2024-02-17 19:54:39,244 [INFO] Got response: 'mlcommons/power server v3'
client 2024-02-17 19:54:39,244 [INFO] Sending command to the server: 'stop'
client 2024-02-17 19:54:39,245 [INFO] Got response: 'OK'
client 2024-02-17 19:54:39,245 [INFO] Synchronizing with the server and with ib-01.dc4-in.nvidia.com...
client 2024-02-17 19:54:39,465 [INFO] NTP:offset = -0.002 s, delay = 0.217 s 
client 2024-02-17 19:54:39,465 [INFO] Sending command to the server: 'time'
client 2024-02-17 19:54:39,466 [INFO] Got response: '1708199679.4659936'
client 2024-02-17 19:54:39,466 [INFO] The time difference between the client and the server is within range -0.293 ms..0.891 ms
client 2024-02-17 19:54:39,466 [INFO] Sending command to the server: 'new,,f7941b95-56fe-413c-af86-944014d01083'
client 2024-02-17 19:54:39,468 [INFO] Got response: 'OK 2024-02-17_11-54-39,e6c52704-683d-4c41-909b-c5b4dc03593c'
client 2024-02-17 19:54:39,468 [INFO] Session id is '2024-02-17_11-54-39'
client 2024-02-17 19:54:39,468 [INFO] Sources: {"sources": {"__init__.py": "da39a3ee5e6b4b0d3255bfef95601890afd80709", "client.py": "33ca4f26368777ac06e01f9567b714a4b8063886", "lib/__init__.py": "da39a3ee5e6b4b0d3255bfef95601890afd80709", "lib/client.py": "ac2aa093c8e8bbc9569b9e2a3471bc64e58a2258", "lib/common.py": "611d8b29633d331eb19c9455ea3b5fa3284ed6df", "lib/external/__init__.py": "da39a3ee5e6b4b0d3255bfef95601890afd80709", "lib/external/ntplib.py": "4da8f970656505a40483206ef2b5d3dd5e81711d", "lib/server.py": "99303c836c683aa9017ec565104e636161d02acb", "lib/source_hashes.py": "60a2e02193209e8d392803326208d5466342da18", "lib/summary.py": "aa92f0a3f975eecd44d3c0cd0236342ccc9f941d", "lib/time_sync.py": "80894ef2389e540781ff78de94db16aa4203a14e", "server.py": "c3f90f2f7eeb4db30727556d0c815ebc89b3d28b", "tests/unit/__init__.py": "da39a3ee5e6b4b0d3255bfef95601890afd80709", "tests/unit/test_server.py": "948c1995d4008bc2aa6c4046a34ffa3858d6d671", "tests/unit/test_source_hashes.py": "00468a2907583c593e6574a1f6b404e4651c221a"}, "modules": {"ptd_client_server.lib.client": "lib/client.py", "ptd_client_server.lib.common": "lib/common.py", "ptd_client_server.lib.external.ntplib": "lib/external/ntplib.py", "ptd_client_server.lib.source_hashes": "lib/source_hashes.py", "ptd_client_server.lib.summary": "lib/summary.py", "ptd_client_server.lib.time_sync": "lib/time_sync.py"}}
client 2024-02-17 19:54:39,472 [INFO] Running workload in ranging mode
client 2024-02-17 19:54:39,472 [INFO] Synchronizing with the server and with ib-01.dc4-in.nvidia.com...
client 2024-02-17 19:54:39,690 [INFO] NTP:offset = -0.002 s, delay = 0.217 s 
client 2024-02-17 19:54:39,690 [INFO] Sending command to the server: 'time'
client 2024-02-17 19:54:39,691 [INFO] Got response: '1708199679.690862'
client 2024-02-17 19:54:39,691 [INFO] The time difference between the client and the server is within range -0.299 ms..0.889 ms
client 2024-02-17 19:54:39,691 [INFO] Sending command to the server: 'session,2024-02-17_11-54-39,start,ranging'
client 2024-02-17 19:55:19,603 [INFO] Got response: 'OK'
client 2024-02-17 19:55:19,603 [INFO] Sending command to the server: 'time'
client 2024-02-17 19:55:19,604 [INFO] Got response: '1708199719.603918'
client 2024-02-17 19:55:19,604 [INFO] The time difference between the client and the server is within range -0.301 ms..0.798 ms
client 2024-02-17 19:55:19,604 [INFO] Running the workload 'LOG_DIR=/work/build/power_logs_temp python3.8 -m code.main --benchmarks=dlrmv2 --scenarios=Offline --config_ver=maxq --test_mode=PerformanceOnly --action="run_harness" \\\n\t\t2>&1 | tee -a /work/build/power_logs/2024.02.17-19.53.49/stdout.txt \\\n\t\t&& if [ ! -d /work/build/power_logs/2024.02.17-19.53.49/ranging_tmp ]; \\\n\t\t\tthen mkdir /work/build/power_logs/2024.02.17-19.53.49/ranging_tmp \\\n\t\t\t\t&& mv /work/build/power_logs_temp/* /work/build/power_logs/2024.02.17-19.53.49/ranging_tmp/ \\\n\t\t\t\t&& cp -v /work/build/power_logs/2024.02.17-19.53.49/ranging_tmp/*/*/*/mlperf_log_detail.txt /work/build/power_logs_temp/ \\\n\t\t\t\t&& cp -v /work/build/power_logs/2024.02.17-19.53.49/ranging_tmp/*/*/*/mlperf_log_summary.txt /work/build/power_logs_temp/; \\\n\t\t\telse mkdir /work/build/power_logs/2024.02.17-19.53.49/testing_tmp \\\n\t\t\t\t&& mv /work/build/power_logs_temp/* /work/build/power_logs/2024.02.17-19.53.49/testing_tmp/ \\\n\t\t\t\t&& cp -v /work/build/power_logs/2024.02.17-19.53.49/testing_tmp/*/*/*/mlperf_log_detail.txt /work/build/power_logs_temp/ \\\n\t\t\t\t&& cp -v /work/build/power_logs/2024.02.17-19.53.49/testing_tmp/*/*/*/mlperf_log_summary.txt /work/build/power_logs_temp/; fi'
client 2024-02-17 20:12:12,940 [INFO] Sending command to the server: 'time'
client 2024-02-17 20:12:12,942 [INFO] Got response: '1708200732.94133'
client 2024-02-17 20:12:12,942 [INFO] The time difference between the client and the server is within range -0.515 ms..1.115 ms
client 2024-02-17 20:12:12,942 [INFO] Sending command to the server: 'session,2024-02-17_11-54-39,stop,ranging'
client 2024-02-17 20:12:23,709 [INFO] Got response: 'OK'
client 2024-02-17 20:12:23,709 [INFO] Sending command to the server: 'time'
client 2024-02-17 20:12:23,710 [INFO] Got response: '1708200743.7091467'
client 2024-02-17 20:12:23,710 [INFO] The time difference between the client and the server is within range 0.087 ms..1.036 ms
client 2024-02-17 20:12:23,786 [INFO] Copying loadgen logs from '/work/build/power_logs_temp' to '/work/build/power_logs/2024.02.17-19.53.49/2024-02-17_11-54-39/ranging'
client 2024-02-17 20:12:23,815 [INFO] Running workload in testing mode
client 2024-02-17 20:12:23,815 [INFO] Synchronizing with the server and with ib-01.dc4-in.nvidia.com...
client 2024-02-17 20:12:24,034 [INFO] NTP:offset = -0.001 s, delay = 0.217 s 
client 2024-02-17 20:12:24,034 [INFO] Sending command to the server: 'time'
client 2024-02-17 20:12:24,035 [INFO] Got response: '1708200744.0342839'
client 2024-02-17 20:12:24,035 [INFO] The time difference between the client and the server is within range -0.153 ms..1.026 ms
client 2024-02-17 20:12:24,035 [INFO] Sending command to the server: 'session,2024-02-17_11-54-39,start,testing'
client 2024-02-17 20:12:45,660 [INFO] Got response: 'OK'
client 2024-02-17 20:12:45,660 [INFO] Sending command to the server: 'time'
client 2024-02-17 20:12:45,661 [INFO] Got response: '1708200765.6607463'
client 2024-02-17 20:12:45,661 [INFO] The time difference between the client and the server is within range -0.162 ms..0.915 ms
client 2024-02-17 20:12:45,661 [INFO] Running the workload 'LOG_DIR=/work/build/power_logs_temp python3.8 -m code.main --benchmarks=dlrmv2 --scenarios=Offline --config_ver=maxq --test_mode=PerformanceOnly --action="run_harness" \\\n\t\t2>&1 | tee -a /work/build/power_logs/2024.02.17-19.53.49/stdout.txt \\\n\t\t&& if [ ! -d /work/build/power_logs/2024.02.17-19.53.49/ranging_tmp ]; \\\n\t\t\tthen mkdir /work/build/power_logs/2024.02.17-19.53.49/ranging_tmp \\\n\t\t\t\t&& mv /work/build/power_logs_temp/* /work/build/power_logs/2024.02.17-19.53.49/ranging_tmp/ \\\n\t\t\t\t&& cp -v /work/build/power_logs/2024.02.17-19.53.49/ranging_tmp/*/*/*/mlperf_log_detail.txt /work/build/power_logs_temp/ \\\n\t\t\t\t&& cp -v /work/build/power_logs/2024.02.17-19.53.49/ranging_tmp/*/*/*/mlperf_log_summary.txt /work/build/power_logs_temp/; \\\n\t\t\telse mkdir /work/build/power_logs/2024.02.17-19.53.49/testing_tmp \\\n\t\t\t\t&& mv /work/build/power_logs_temp/* /work/build/power_logs/2024.02.17-19.53.49/testing_tmp/ \\\n\t\t\t\t&& cp -v /work/build/power_logs/2024.02.17-19.53.49/testing_tmp/*/*/*/mlperf_log_detail.txt /work/build/power_logs_temp/ \\\n\t\t\t\t&& cp -v /work/build/power_logs/2024.02.17-19.53.49/testing_tmp/*/*/*/mlperf_log_summary.txt /work/build/power_logs_temp/; fi'
client 2024-02-17 20:29:42,995 [INFO] Sending command to the server: 'time'
client 2024-02-17 20:29:42,996 [INFO] Got response: '1708201782.9959621'
client 2024-02-17 20:29:42,996 [INFO] The time difference between the client and the server is within range -0.632 ms..0.965 ms
client 2024-02-17 20:29:42,996 [INFO] Sending command to the server: 'session,2024-02-17_11-54-39,stop,testing'
client 2024-02-17 20:29:53,740 [INFO] Got response: 'OK'
client 2024-02-17 20:29:53,740 [INFO] Sending command to the server: 'time'
client 2024-02-17 20:29:53,741 [INFO] Got response: '1708201793.7410553'
client 2024-02-17 20:29:53,741 [INFO] The time difference between the client and the server is within range -0.096 ms..0.712 ms
client 2024-02-17 20:29:53,846 [INFO] Copying loadgen logs from '/work/build/power_logs_temp' to '/work/build/power_logs/2024.02.17-19.53.49/2024-02-17_11-54-39/run_1'
client 2024-02-17 20:29:53,873 [INFO] Done runs
