client 2024-02-04 05:26:19,951 [INFO] Creating output directory '/home/arjun/results_dir/valid_results/orin-tflite_armnn_cpp-cpu-armnn_tflite-v23.11-using_neon_with_live_preprocessing/mobilenet-v1-precision_float-0.5-192/singlestream/performance/tmp_power'
client 2024-02-04 05:26:19,955 [INFO] Sending command to the server: 'mlcommons/power client v3'
client 2024-02-04 05:26:19,958 [INFO] Got response: 'mlcommons/power server v3'
client 2024-02-04 05:26:19,958 [INFO] Synchronizing with the server and with time.google.com...
client 2024-02-04 05:26:19,999 [INFO] NTP:offset = 0.001 s, delay = 0.022 s 
client 2024-02-04 05:26:20,000 [INFO] Sending command to the server: 'time'
client 2024-02-04 05:26:20,002 [INFO] Got response: '1707024380.0002248'
client 2024-02-04 05:26:20,002 [INFO] The time difference between the client and the server is within range -0.069 ms..2.460 ms
client 2024-02-04 05:26:20,002 [INFO] Sending command to the server: 'new,,ec2f6bae-a167-48c9-b10f-c6cc871fdb54'
client 2024-02-04 05:26:20,005 [INFO] Got response: 'OK 2024-02-04_05-26-20,3f237b69-9b6a-4038-bd16-7cb19c5d7fe9'
client 2024-02-04 05:26:20,005 [INFO] Session id is '2024-02-04_05-26-20'
client 2024-02-04 05:26:20,005 [INFO] Sources: {"sources": {"__init__.py": "da39a3ee5e6b4b0d3255bfef95601890afd80709", "client.py": "33ca4f26368777ac06e01f9567b714a4b8063886", "lib/__init__.py": "da39a3ee5e6b4b0d3255bfef95601890afd80709", "lib/client.py": "ac2aa093c8e8bbc9569b9e2a3471bc64e58a2258", "lib/common.py": "611d8b29633d331eb19c9455ea3b5fa3284ed6df", "lib/external/__init__.py": "da39a3ee5e6b4b0d3255bfef95601890afd80709", "lib/external/ntplib.py": "4da8f970656505a40483206ef2b5d3dd5e81711d", "lib/server.py": "99303c836c683aa9017ec565104e636161d02acb", "lib/source_hashes.py": "60a2e02193209e8d392803326208d5466342da18", "lib/summary.py": "aa92f0a3f975eecd44d3c0cd0236342ccc9f941d", "lib/time_sync.py": "80894ef2389e540781ff78de94db16aa4203a14e", "server.py": "c3f90f2f7eeb4db30727556d0c815ebc89b3d28b", "tests/unit/__init__.py": "da39a3ee5e6b4b0d3255bfef95601890afd80709", "tests/unit/test_server.py": "948c1995d4008bc2aa6c4046a34ffa3858d6d671", "tests/unit/test_source_hashes.py": "00468a2907583c593e6574a1f6b404e4651c221a"}, "modules": {"ptd_client_server.lib.client": "lib/client.py", "ptd_client_server.lib.common": "lib/common.py", "ptd_client_server.lib.external.ntplib": "lib/external/ntplib.py", "ptd_client_server.lib.source_hashes": "lib/source_hashes.py", "ptd_client_server.lib.summary": "lib/summary.py", "ptd_client_server.lib.time_sync": "lib/time_sync.py"}}
client 2024-02-04 05:26:20,006 [INFO] Running workload in ranging mode
client 2024-02-04 05:26:20,006 [INFO] Synchronizing with the server and with time.google.com...
client 2024-02-04 05:26:20,029 [INFO] NTP:offset = 0.000 s, delay = 0.022 s 
client 2024-02-04 05:26:20,029 [INFO] Sending command to the server: 'time'
client 2024-02-04 05:26:20,032 [INFO] Got response: '1707024380.0303047'
client 2024-02-04 05:26:20,032 [INFO] The time difference between the client and the server is within range -0.490 ms..2.442 ms
client 2024-02-04 05:26:20,032 [INFO] Sending command to the server: 'session,2024-02-04_05-26-20,start,ranging'
client 2024-02-04 05:26:48,117 [INFO] Got response: 'OK'
client 2024-02-04 05:26:48,119 [INFO] Sending command to the server: 'time'
client 2024-02-04 05:26:48,124 [INFO] Got response: '1707024408.1200361'
client 2024-02-04 05:26:48,124 [INFO] The time difference between the client and the server is within range -0.410 ms..4.880 ms
client 2024-02-04 05:26:48,125 [INFO] Running the workload 'CM_MLPERF_RUN_COUNT=$(cat ${CM_RUN_DIR}/count.txt); echo ${CM_MLPERF_RUN_COUNT}; CM_MLPERF_RUN_COUNT=$((CM_MLPERF_RUN_COUNT+1)); echo ${CM_MLPERF_RUN_COUNT} > ${CM_RUN_DIR}/count.txt && if [ ${CM_MLPERF_RUN_COUNT} -eq "1" ]; then export CM_MLPERF_USER_CONF=${CM_MLPERF_RANGING_USER_CONF}; else export CM_MLPERF_USER_CONF=${CM_MLPERF_TESTING_USER_CONF}; fi && /mnt/CM/repos/ctuning@mlcommons-ck/cm-mlops/script/get-lib-armnn/run.out'
client 2024-02-04 05:31:50,698 [INFO] Sending command to the server: 'time'
client 2024-02-04 05:31:50,788 [INFO] Got response: '1707024710.78501'
client 2024-02-04 05:31:50,789 [INFO] The time difference between the client and the server is within range -86.460 ms..4.113 ms
client 2024-02-04 05:31:50,789 [INFO] Sending command to the server: 'session,2024-02-04_05-26-20,stop,ranging'
client 2024-02-04 05:32:01,178 [INFO] Got response: 'OK'
client 2024-02-04 05:32:01,180 [INFO] Sending command to the server: 'time'
client 2024-02-04 05:32:01,183 [INFO] Got response: '1707024721.1806166'
client 2024-02-04 05:32:01,184 [INFO] The time difference between the client and the server is within range -0.543 ms..3.721 ms
client 2024-02-04 05:32:01,201 [INFO] Copying loadgen logs from '/home/arjun/results_dir/valid_results/orin-tflite_armnn_cpp-cpu-armnn_tflite-v23.11-using_neon_with_live_preprocessing/mobilenet-v1-precision_float-0.5-192/singlestream/performance/run_1' to '/home/arjun/results_dir/valid_results/orin-tflite_armnn_cpp-cpu-armnn_tflite-v23.11-using_neon_with_live_preprocessing/mobilenet-v1-precision_float-0.5-192/singlestream/performance/tmp_power/ranging'
client 2024-02-04 05:32:01,204 [INFO] Running workload in testing mode
client 2024-02-04 05:32:01,204 [INFO] Synchronizing with the server and with time.google.com...
client 2024-02-04 05:32:01,232 [INFO] NTP:offset = 0.001 s, delay = 0.022 s 
client 2024-02-04 05:32:01,233 [INFO] Sending command to the server: 'time'
client 2024-02-04 05:32:01,236 [INFO] Got response: '1707024721.2335722'
client 2024-02-04 05:32:01,236 [INFO] The time difference between the client and the server is within range -0.462 ms..2.869 ms
client 2024-02-04 05:32:01,236 [INFO] Sending command to the server: 'session,2024-02-04_05-26-20,start,testing'
client 2024-02-04 05:32:14,254 [INFO] Got response: 'OK'
client 2024-02-04 05:32:14,255 [INFO] Sending command to the server: 'time'
client 2024-02-04 05:32:14,260 [INFO] Got response: '1707024734.2571983'
client 2024-02-04 05:32:14,260 [INFO] The time difference between the client and the server is within range -1.254 ms..3.355 ms
client 2024-02-04 05:32:14,260 [INFO] Running the workload 'CM_MLPERF_RUN_COUNT=$(cat ${CM_RUN_DIR}/count.txt); echo ${CM_MLPERF_RUN_COUNT}; CM_MLPERF_RUN_COUNT=$((CM_MLPERF_RUN_COUNT+1)); echo ${CM_MLPERF_RUN_COUNT} > ${CM_RUN_DIR}/count.txt && if [ ${CM_MLPERF_RUN_COUNT} -eq "1" ]; then export CM_MLPERF_USER_CONF=${CM_MLPERF_RANGING_USER_CONF}; else export CM_MLPERF_USER_CONF=${CM_MLPERF_TESTING_USER_CONF}; fi && /mnt/CM/repos/ctuning@mlcommons-ck/cm-mlops/script/get-lib-armnn/run.out'
client 2024-02-04 05:42:18,991 [INFO] Sending command to the server: 'time'
client 2024-02-04 05:42:18,995 [INFO] Got response: '1707025338.9939573'
client 2024-02-04 05:42:18,995 [INFO] The time difference between the client and the server is within range -2.170 ms..1.501 ms
client 2024-02-04 05:42:18,995 [INFO] Sending command to the server: 'session,2024-02-04_05-26-20,stop,testing'
client 2024-02-04 05:42:29,302 [INFO] Got response: 'OK'
client 2024-02-04 05:42:29,303 [INFO] Sending command to the server: 'time'
client 2024-02-04 05:42:29,306 [INFO] Got response: '1707025349.305011'
client 2024-02-04 05:42:29,306 [INFO] The time difference between the client and the server is within range -1.815 ms..1.783 ms
client 2024-02-04 05:42:29,311 [INFO] Copying loadgen logs from '/home/arjun/results_dir/valid_results/orin-tflite_armnn_cpp-cpu-armnn_tflite-v23.11-using_neon_with_live_preprocessing/mobilenet-v1-precision_float-0.5-192/singlestream/performance/run_1' to '/home/arjun/results_dir/valid_results/orin-tflite_armnn_cpp-cpu-armnn_tflite-v23.11-using_neon_with_live_preprocessing/mobilenet-v1-precision_float-0.5-192/singlestream/performance/tmp_power/run_1'
client 2024-02-04 05:42:29,313 [INFO] Done runs
