client 2024-01-29 09:50:28,393 [INFO] Creating output directory '/home/arjun/results_dir/valid_results/orin-tflite_cpp-cpu-tflite-vmaster-default_config/mobilenet-v2-precision_uint8-0.75-160/singlestream/performance/tmp_power'
client 2024-01-29 09:50:28,397 [INFO] Sending command to the server: 'mlcommons/power client v3'
client 2024-01-29 09:50:28,399 [INFO] Got response: 'mlcommons/power server v3'
client 2024-01-29 09:50:28,400 [INFO] Synchronizing with the server and with time.google.com...
client 2024-01-29 09:50:28,436 [INFO] NTP:offset = -0.004 s, delay = 0.020 s 
client 2024-01-29 09:50:28,436 [INFO] Sending command to the server: 'time'
client 2024-01-29 09:50:28,439 [INFO] Got response: '1706521828.4358299'
client 2024-01-29 09:50:28,439 [INFO] The time difference between the client and the server is within range 1.075 ms..3.848 ms
client 2024-01-29 09:50:28,439 [INFO] Sending command to the server: 'new,,bee8a8e2-4f5c-4cdf-a276-7a3ffc753a21'
client 2024-01-29 09:50:28,442 [INFO] Got response: 'OK 2024-01-29_09-50-28,84e931ae-62db-460e-935d-a2eab9681d84'
client 2024-01-29 09:50:28,442 [INFO] Session id is '2024-01-29_09-50-28'
client 2024-01-29 09:50:28,442 [INFO] Sources: {"sources": {"__init__.py": "da39a3ee5e6b4b0d3255bfef95601890afd80709", "client.py": "33ca4f26368777ac06e01f9567b714a4b8063886", "lib/__init__.py": "da39a3ee5e6b4b0d3255bfef95601890afd80709", "lib/client.py": "ac2aa093c8e8bbc9569b9e2a3471bc64e58a2258", "lib/common.py": "611d8b29633d331eb19c9455ea3b5fa3284ed6df", "lib/external/__init__.py": "da39a3ee5e6b4b0d3255bfef95601890afd80709", "lib/external/ntplib.py": "4da8f970656505a40483206ef2b5d3dd5e81711d", "lib/server.py": "99303c836c683aa9017ec565104e636161d02acb", "lib/source_hashes.py": "60a2e02193209e8d392803326208d5466342da18", "lib/summary.py": "aa92f0a3f975eecd44d3c0cd0236342ccc9f941d", "lib/time_sync.py": "80894ef2389e540781ff78de94db16aa4203a14e", "server.py": "c3f90f2f7eeb4db30727556d0c815ebc89b3d28b", "tests/unit/__init__.py": "da39a3ee5e6b4b0d3255bfef95601890afd80709", "tests/unit/test_server.py": "948c1995d4008bc2aa6c4046a34ffa3858d6d671", "tests/unit/test_source_hashes.py": "00468a2907583c593e6574a1f6b404e4651c221a"}, "modules": {"ptd_client_server.lib.client": "lib/client.py", "ptd_client_server.lib.common": "lib/common.py", "ptd_client_server.lib.external.ntplib": "lib/external/ntplib.py", "ptd_client_server.lib.source_hashes": "lib/source_hashes.py", "ptd_client_server.lib.summary": "lib/summary.py", "ptd_client_server.lib.time_sync": "lib/time_sync.py"}}
client 2024-01-29 09:50:28,443 [INFO] Running workload in ranging mode
client 2024-01-29 09:50:28,443 [INFO] Synchronizing with the server and with time.google.com...
client 2024-01-29 09:50:28,463 [INFO] NTP:offset = -0.005 s, delay = 0.019 s 
client 2024-01-29 09:50:28,463 [INFO] Sending command to the server: 'time'
client 2024-01-29 09:50:28,465 [INFO] Got response: '1706521828.4622953'
client 2024-01-29 09:50:28,466 [INFO] The time difference between the client and the server is within range 1.211 ms..3.728 ms
client 2024-01-29 09:50:28,466 [INFO] Sending command to the server: 'session,2024-01-29_09-50-28,start,ranging'
client 2024-01-29 09:50:56,680 [INFO] Got response: 'OK'
client 2024-01-29 09:50:56,682 [INFO] Sending command to the server: 'time'
client 2024-01-29 09:50:56,685 [INFO] Got response: '1706521856.68112'
client 2024-01-29 09:50:56,685 [INFO] The time difference between the client and the server is within range 0.918 ms..4.642 ms
client 2024-01-29 09:50:56,686 [INFO] Running the workload 'CM_MLPERF_RUN_COUNT=$(cat ${CM_RUN_DIR}/count.txt); echo ${CM_MLPERF_RUN_COUNT}; CM_MLPERF_RUN_COUNT=$((CM_MLPERF_RUN_COUNT+1)); echo ${CM_MLPERF_RUN_COUNT} > ${CM_RUN_DIR}/count.txt && if [ ${CM_MLPERF_RUN_COUNT} -eq "1" ]; then export CM_MLPERF_USER_CONF=${CM_MLPERF_RANGING_USER_CONF}; else export CM_MLPERF_USER_CONF=${CM_MLPERF_TESTING_USER_CONF}; fi && /mnt/CM/repos/ctuning@mlcommons-ck/cm-mlops/script/benchmark-any-mlperf-inference-implementation/run.out'
client 2024-01-29 09:55:59,026 [INFO] Sending command to the server: 'time'
client 2024-01-29 09:55:59,030 [INFO] Got response: '1706522159.0261261'
client 2024-01-29 09:55:59,030 [INFO] The time difference between the client and the server is within range 0.259 ms..4.684 ms
client 2024-01-29 09:55:59,031 [INFO] Sending command to the server: 'session,2024-01-29_09-50-28,stop,ranging'
client 2024-01-29 09:56:09,898 [INFO] Got response: 'OK'
client 2024-01-29 09:56:09,898 [INFO] Sending command to the server: 'time'
client 2024-01-29 09:56:09,902 [INFO] Got response: '1706522169.8980327'
client 2024-01-29 09:56:09,902 [INFO] The time difference between the client and the server is within range 0.905 ms..4.640 ms
client 2024-01-29 09:56:09,919 [INFO] Copying loadgen logs from '/home/arjun/results_dir/valid_results/orin-tflite_cpp-cpu-tflite-vmaster-default_config/mobilenet-v2-precision_uint8-0.75-160/singlestream/performance/run_1' to '/home/arjun/results_dir/valid_results/orin-tflite_cpp-cpu-tflite-vmaster-default_config/mobilenet-v2-precision_uint8-0.75-160/singlestream/performance/tmp_power/ranging'
client 2024-01-29 09:56:09,921 [INFO] Running workload in testing mode
client 2024-01-29 09:56:09,921 [INFO] Synchronizing with the server and with time.google.com...
client 2024-01-29 09:56:09,943 [INFO] NTP:offset = -0.005 s, delay = 0.019 s 
client 2024-01-29 09:56:09,944 [INFO] Sending command to the server: 'time'
client 2024-01-29 09:56:09,948 [INFO] Got response: '1706522169.943953'
client 2024-01-29 09:56:09,948 [INFO] The time difference between the client and the server is within range 0.030 ms..4.593 ms
client 2024-01-29 09:56:09,948 [INFO] Sending command to the server: 'session,2024-01-29_09-50-28,start,testing'
client 2024-01-29 09:56:22,964 [INFO] Got response: 'OK'
client 2024-01-29 09:56:22,964 [INFO] Sending command to the server: 'time'
client 2024-01-29 09:56:22,967 [INFO] Got response: '1706522182.9637883'
client 2024-01-29 09:56:22,967 [INFO] The time difference between the client and the server is within range 1.159 ms..3.686 ms
client 2024-01-29 09:56:22,967 [INFO] Running the workload 'CM_MLPERF_RUN_COUNT=$(cat ${CM_RUN_DIR}/count.txt); echo ${CM_MLPERF_RUN_COUNT}; CM_MLPERF_RUN_COUNT=$((CM_MLPERF_RUN_COUNT+1)); echo ${CM_MLPERF_RUN_COUNT} > ${CM_RUN_DIR}/count.txt && if [ ${CM_MLPERF_RUN_COUNT} -eq "1" ]; then export CM_MLPERF_USER_CONF=${CM_MLPERF_RANGING_USER_CONF}; else export CM_MLPERF_USER_CONF=${CM_MLPERF_TESTING_USER_CONF}; fi && /mnt/CM/repos/ctuning@mlcommons-ck/cm-mlops/script/benchmark-any-mlperf-inference-implementation/run.out'
client 2024-01-29 10:06:27,337 [INFO] Sending command to the server: 'time'
client 2024-01-29 10:06:27,340 [INFO] Got response: '1706522787.3366878'
client 2024-01-29 10:06:27,341 [INFO] The time difference between the client and the server is within range 0.479 ms..4.301 ms
client 2024-01-29 10:06:27,341 [INFO] Sending command to the server: 'session,2024-01-29_09-50-28,stop,testing'
client 2024-01-29 10:06:38,018 [INFO] Got response: 'OK'
client 2024-01-29 10:06:38,018 [INFO] Sending command to the server: 'time'
client 2024-01-29 10:06:38,021 [INFO] Got response: '1706522798.0177817'
client 2024-01-29 10:06:38,021 [INFO] The time difference between the client and the server is within range 0.827 ms..3.512 ms
client 2024-01-29 10:06:38,025 [INFO] Copying loadgen logs from '/home/arjun/results_dir/valid_results/orin-tflite_cpp-cpu-tflite-vmaster-default_config/mobilenet-v2-precision_uint8-0.75-160/singlestream/performance/run_1' to '/home/arjun/results_dir/valid_results/orin-tflite_cpp-cpu-tflite-vmaster-default_config/mobilenet-v2-precision_uint8-0.75-160/singlestream/performance/tmp_power/run_1'
client 2024-01-29 10:06:38,027 [INFO] Done runs
