client 2024-02-19 09:41:24,820 [INFO] Creating output directory '/home/cmuser/local/cache/f4ba7328d7f447f9/valid_results/2706260181c0-nvidia_original-gpu-tensorrt-vdefault-default_config/rnnt/offline/performance/tmp_power'
client 2024-02-19 09:41:24,828 [INFO] Sending command to the server: 'mlcommons/power client v3'
client 2024-02-19 09:41:24,837 [INFO] Got response: 'mlcommons/power server v3'
client 2024-02-19 09:41:24,837 [INFO] Synchronizing with the server and with time.google.com...
client 2024-02-19 09:41:24,865 [INFO] NTP:offset = -0.001 s, delay = 0.023 s 
client 2024-02-19 09:41:24,865 [INFO] Sending command to the server: 'time'
client 2024-02-19 09:41:24,874 [INFO] Got response: '1708364484.6688776'
client 2024-02-19 09:41:24,874 [INFO] The time difference between the client and the server is within range 197.042 ms..206.023 ms
client 2024-02-19 09:41:24,874 [INFO] Sending command to the server: 'new,,1e9a2684-ff3d-401c-b2c0-60393156e592'
client 2024-02-19 09:41:24,887 [INFO] Got response: 'OK 2024-02-19_17-41-24,e2ab6c54-a453-4647-9dfc-55eb4eb20970'
client 2024-02-19 09:41:24,887 [INFO] Session id is '2024-02-19_17-41-24'
client 2024-02-19 09:41:24,887 [INFO] Sources: {"sources": {"__init__.py": "da39a3ee5e6b4b0d3255bfef95601890afd80709", "client.py": "33ca4f26368777ac06e01f9567b714a4b8063886", "lib/__init__.py": "da39a3ee5e6b4b0d3255bfef95601890afd80709", "lib/client.py": "ac2aa093c8e8bbc9569b9e2a3471bc64e58a2258", "lib/common.py": "611d8b29633d331eb19c9455ea3b5fa3284ed6df", "lib/external/__init__.py": "da39a3ee5e6b4b0d3255bfef95601890afd80709", "lib/external/ntplib.py": "4da8f970656505a40483206ef2b5d3dd5e81711d", "lib/server.py": "99303c836c683aa9017ec565104e636161d02acb", "lib/source_hashes.py": "60a2e02193209e8d392803326208d5466342da18", "lib/summary.py": "aa92f0a3f975eecd44d3c0cd0236342ccc9f941d", "lib/time_sync.py": "80894ef2389e540781ff78de94db16aa4203a14e", "server.py": "c3f90f2f7eeb4db30727556d0c815ebc89b3d28b", "tests/unit/__init__.py": "da39a3ee5e6b4b0d3255bfef95601890afd80709", "tests/unit/test_server.py": "948c1995d4008bc2aa6c4046a34ffa3858d6d671", "tests/unit/test_source_hashes.py": "00468a2907583c593e6574a1f6b404e4651c221a"}, "modules": {"ptd_client_server.lib.client": "lib/client.py", "ptd_client_server.lib.common": "lib/common.py", "ptd_client_server.lib.external.ntplib": "lib/external/ntplib.py", "ptd_client_server.lib.source_hashes": "lib/source_hashes.py", "ptd_client_server.lib.summary": "lib/summary.py", "ptd_client_server.lib.time_sync": "lib/time_sync.py"}}
client 2024-02-19 09:41:24,888 [INFO] Running workload in ranging mode
client 2024-02-19 09:41:24,888 [INFO] Synchronizing with the server and with time.google.com...
client 2024-02-19 09:41:24,914 [INFO] NTP:offset = -0.002 s, delay = 0.021 s 
client 2024-02-19 09:41:24,914 [INFO] Sending command to the server: 'time'
client 2024-02-19 09:41:24,923 [INFO] Got response: '1708364484.7188675'
client 2024-02-19 09:41:24,924 [INFO] The time difference between the client and the server is within range 196.086 ms..205.157 ms
client 2024-02-19 09:41:24,924 [INFO] Sending command to the server: 'session,2024-02-19_17-41-24,start,ranging'
client 2024-02-19 09:41:48,845 [INFO] Got response: 'OK'
client 2024-02-19 09:41:48,845 [INFO] Sending command to the server: 'time'
client 2024-02-19 09:41:48,855 [INFO] Got response: '1708364508.6492815'
client 2024-02-19 09:41:48,856 [INFO] The time difference between the client and the server is within range 196.466 ms..206.740 ms
client 2024-02-19 09:41:48,856 [INFO] Running the workload 'CM_MLPERF_RUN_COUNT=$(cat ${CM_RUN_DIR}/count.txt); echo ${CM_MLPERF_RUN_COUNT}; CM_MLPERF_RUN_COUNT=$((CM_MLPERF_RUN_COUNT+1)); echo ${CM_MLPERF_RUN_COUNT} > ${CM_RUN_DIR}/count.txt && if [ ${CM_MLPERF_RUN_COUNT} -eq "1" ]; then export CM_MLPERF_USER_CONF=${CM_MLPERF_RANGING_USER_CONF}; else export CM_MLPERF_USER_CONF=${CM_MLPERF_TESTING_USER_CONF}; fi && make run_harness RUN_ARGS=" --benchmarks=rnnt --scenarios=offline --test_mode=PerformanceOnly --user_conf_path=${CM_MLPERF_USER_CONF} --mlperf_conf_path=/home/cmuser/CM/repos/local/cache/94cf04c8097b4057/inference/mlperf.conf --gpu_batch_size=2048 --no_audit_verify " 2>&1 | tee /home/cmuser/local/cache/f4ba7328d7f447f9/valid_results/2706260181c0-nvidia_original-gpu-tensorrt-vdefault-default_config/rnnt/offline/performance/run_1/console.out'
client 2024-02-19 09:47:23,291 [INFO] Sending command to the server: 'time'
client 2024-02-19 09:47:23,300 [INFO] Got response: '1708364843.0927074'
client 2024-02-19 09:47:23,300 [INFO] The time difference between the client and the server is within range 198.465 ms..207.724 ms
client 2024-02-19 09:47:23,300 [INFO] Sending command to the server: 'session,2024-02-19_17-41-24,stop,ranging'
client 2024-02-19 09:47:33,928 [INFO] Got response: 'OK'
client 2024-02-19 09:47:33,928 [INFO] Sending command to the server: 'time'
client 2024-02-19 09:47:33,937 [INFO] Got response: '1708364853.7228198'
client 2024-02-19 09:47:33,937 [INFO] The time difference between the client and the server is within range 205.852 ms..214.338 ms
client 2024-02-19 09:47:33,938 [INFO] Copying loadgen logs from '/home/cmuser/local/cache/f4ba7328d7f447f9/valid_results/2706260181c0-nvidia_original-gpu-tensorrt-vdefault-default_config/rnnt/offline/performance/run_1' to '/home/cmuser/local/cache/f4ba7328d7f447f9/valid_results/2706260181c0-nvidia_original-gpu-tensorrt-vdefault-default_config/rnnt/offline/performance/tmp_power/ranging'
client 2024-02-19 09:47:33,939 [INFO] Running workload in testing mode
client 2024-02-19 09:47:33,939 [INFO] Synchronizing with the server and with time.google.com...
client 2024-02-19 09:47:33,961 [INFO] NTP:offset = -0.001 s, delay = 0.016 s 
client 2024-02-19 09:47:33,961 [INFO] Sending command to the server: 'time'
client 2024-02-19 09:47:33,970 [INFO] Got response: '1708364853.7628202'
client 2024-02-19 09:47:33,970 [INFO] The time difference between the client and the server is within range 198.446 ms..207.291 ms
client 2024-02-19 09:47:33,970 [INFO] Sending command to the server: 'session,2024-02-19_17-41-24,start,testing'
client 2024-02-19 09:47:47,033 [INFO] Got response: 'OK'
client 2024-02-19 09:47:47,033 [INFO] Sending command to the server: 'time'
client 2024-02-19 09:47:47,042 [INFO] Got response: '1708364866.8331428'
client 2024-02-19 09:47:47,042 [INFO] The time difference between the client and the server is within range 200.464 ms..209.191 ms
client 2024-02-19 09:47:47,042 [INFO] Running the workload 'CM_MLPERF_RUN_COUNT=$(cat ${CM_RUN_DIR}/count.txt); echo ${CM_MLPERF_RUN_COUNT}; CM_MLPERF_RUN_COUNT=$((CM_MLPERF_RUN_COUNT+1)); echo ${CM_MLPERF_RUN_COUNT} > ${CM_RUN_DIR}/count.txt && if [ ${CM_MLPERF_RUN_COUNT} -eq "1" ]; then export CM_MLPERF_USER_CONF=${CM_MLPERF_RANGING_USER_CONF}; else export CM_MLPERF_USER_CONF=${CM_MLPERF_TESTING_USER_CONF}; fi && make run_harness RUN_ARGS=" --benchmarks=rnnt --scenarios=offline --test_mode=PerformanceOnly --user_conf_path=${CM_MLPERF_USER_CONF} --mlperf_conf_path=/home/cmuser/CM/repos/local/cache/94cf04c8097b4057/inference/mlperf.conf --gpu_batch_size=2048 --no_audit_verify " 2>&1 | tee /home/cmuser/local/cache/f4ba7328d7f447f9/valid_results/2706260181c0-nvidia_original-gpu-tensorrt-vdefault-default_config/rnnt/offline/performance/run_1/console.out'
client 2024-02-19 09:58:54,980 [INFO] Sending command to the server: 'time'
client 2024-02-19 09:58:54,991 [INFO] Got response: '1708365534.7704134'
client 2024-02-19 09:58:54,991 [INFO] The time difference between the client and the server is within range 210.421 ms..221.504 ms
client 2024-02-19 09:58:54,991 [INFO] Sending command to the server: 'session,2024-02-19_17-41-24,stop,testing'
client 2024-02-19 09:59:05,099 [INFO] Got response: 'OK'
client 2024-02-19 09:59:05,099 [INFO] Sending command to the server: 'time'
client 2024-02-19 09:59:05,109 [INFO] Got response: '1708365544.8902876'
client 2024-02-19 09:59:05,110 [INFO] The time difference between the client and the server is within range 208.863 ms..219.772 ms
client 2024-02-19 09:59:05,110 [INFO] Copying loadgen logs from '/home/cmuser/local/cache/f4ba7328d7f447f9/valid_results/2706260181c0-nvidia_original-gpu-tensorrt-vdefault-default_config/rnnt/offline/performance/run_1' to '/home/cmuser/local/cache/f4ba7328d7f447f9/valid_results/2706260181c0-nvidia_original-gpu-tensorrt-vdefault-default_config/rnnt/offline/performance/tmp_power/run_1'
client 2024-02-19 09:59:05,110 [INFO] Done runs
