Couldn't find any of the following OpenCL library: libOpenCL.so libGLES_mali.so libmali.so 
Graph file: /home/arjun/CM/repos/local/cache/98b9150aabc94044/mobilenet_v1_1.0_192.tflite
Image dir: /home/arjun/CM/repos/local/cache/a23f7777fbbb431a
Image list: /home/arjun/CM/repos/local/cache/a23f7777fbbb431a/preprocessed_files.txt
Image size: 192
Image channels: 3
Prediction classes: 1000
Result dir: /home/arjun/results_dir/valid_results/raspberrypi-tflite_armnn_cpp-cpu-armnn_tflite-v23.05-using_neon_with_live_preprocessing/mobilenet-v1-precision_float-1.0-192/singlestream/performance/run_1
How many images fit in memory buffer: 1024
Normalize: 1
Subtract mean: 0
Run time preprocessing: 1
Number of Threads: 4
Number of available imagefiles: 50000

Loading graph...
************* Type 2
Output tensor dimensions: 1*1001
Path to mlperf.conf : /home/arjun/CM/repos/local/cache/16427ed1f1b54be1/inference/mlperf.conf
Path to user.conf : /home/arjun/CM/repos/ctuning@mlcommons-ck/cm-mlops/script/generate-mlperf-inference-user-conf/tmp/768abddbdc84484ba78db97120e3bd1e.conf
Model Name: mobilenet
LoadGen Scenario: SingleStream
LoadGen Mode: performance
