client 2024-01-29 17:17:28,293 [INFO] Creating output directory '/home/arjun/results_dir/valid_results/orin-tflite_cpp-cpu-tflite-vmaster-default_config/efficientnet-int8-lite0/singlestream/performance/tmp_power'
client 2024-01-29 17:17:28,297 [INFO] Sending command to the server: 'mlcommons/power client v3'
client 2024-01-29 17:17:28,301 [INFO] Got response: 'mlcommons/power server v3'
client 2024-01-29 17:17:28,301 [INFO] Synchronizing with the server and with time.google.com...
client 2024-01-29 17:17:28,327 [INFO] NTP:offset = -0.003 s, delay = 0.020 s 
client 2024-01-29 17:17:28,327 [INFO] Sending command to the server: 'time'
client 2024-01-29 17:17:28,331 [INFO] Got response: '1706548648.3285286'
client 2024-01-29 17:17:28,331 [INFO] The time difference between the client and the server is within range -1.366 ms..3.142 ms
client 2024-01-29 17:17:28,331 [INFO] Sending command to the server: 'new,,56d3e91c-dfe4-4b49-bab5-1a4361ec8c45'
client 2024-01-29 17:17:28,336 [INFO] Got response: 'OK 2024-01-29_17-17-28,720e2ba6-ab7d-46c1-b257-0f07e4cf0b27'
client 2024-01-29 17:17:28,336 [INFO] Session id is '2024-01-29_17-17-28'
client 2024-01-29 17:17:28,336 [INFO] Sources: {"sources": {"__init__.py": "da39a3ee5e6b4b0d3255bfef95601890afd80709", "client.py": "33ca4f26368777ac06e01f9567b714a4b8063886", "lib/__init__.py": "da39a3ee5e6b4b0d3255bfef95601890afd80709", "lib/client.py": "ac2aa093c8e8bbc9569b9e2a3471bc64e58a2258", "lib/common.py": "611d8b29633d331eb19c9455ea3b5fa3284ed6df", "lib/external/__init__.py": "da39a3ee5e6b4b0d3255bfef95601890afd80709", "lib/external/ntplib.py": "4da8f970656505a40483206ef2b5d3dd5e81711d", "lib/server.py": "99303c836c683aa9017ec565104e636161d02acb", "lib/source_hashes.py": "60a2e02193209e8d392803326208d5466342da18", "lib/summary.py": "aa92f0a3f975eecd44d3c0cd0236342ccc9f941d", "lib/time_sync.py": "80894ef2389e540781ff78de94db16aa4203a14e", "server.py": "c3f90f2f7eeb4db30727556d0c815ebc89b3d28b", "tests/unit/__init__.py": "da39a3ee5e6b4b0d3255bfef95601890afd80709", "tests/unit/test_server.py": "948c1995d4008bc2aa6c4046a34ffa3858d6d671", "tests/unit/test_source_hashes.py": "00468a2907583c593e6574a1f6b404e4651c221a"}, "modules": {"ptd_client_server.lib.client": "lib/client.py", "ptd_client_server.lib.common": "lib/common.py", "ptd_client_server.lib.external.ntplib": "lib/external/ntplib.py", "ptd_client_server.lib.source_hashes": "lib/source_hashes.py", "ptd_client_server.lib.summary": "lib/summary.py", "ptd_client_server.lib.time_sync": "lib/time_sync.py"}}
client 2024-01-29 17:17:28,337 [INFO] Running workload in ranging mode
client 2024-01-29 17:17:28,337 [INFO] Synchronizing with the server and with time.google.com...
client 2024-01-29 17:17:28,359 [INFO] NTP:offset = -0.003 s, delay = 0.021 s 
client 2024-01-29 17:17:28,359 [INFO] Sending command to the server: 'time'
client 2024-01-29 17:17:28,361 [INFO] Got response: '1706548648.359772'
client 2024-01-29 17:17:28,361 [INFO] The time difference between the client and the server is within range -0.342 ms..2.194 ms
client 2024-01-29 17:17:28,362 [INFO] Sending command to the server: 'session,2024-01-29_17-17-28,start,ranging'
client 2024-01-29 17:17:56,445 [INFO] Got response: 'OK'
client 2024-01-29 17:17:56,447 [INFO] Sending command to the server: 'time'
client 2024-01-29 17:17:56,451 [INFO] Got response: '1706548676.4488754'
client 2024-01-29 17:17:56,452 [INFO] The time difference between the client and the server is within range -1.533 ms..3.276 ms
client 2024-01-29 17:17:56,452 [INFO] Running the workload 'CM_MLPERF_RUN_COUNT=$(cat ${CM_RUN_DIR}/count.txt); echo ${CM_MLPERF_RUN_COUNT}; CM_MLPERF_RUN_COUNT=$((CM_MLPERF_RUN_COUNT+1)); echo ${CM_MLPERF_RUN_COUNT} > ${CM_RUN_DIR}/count.txt && if [ ${CM_MLPERF_RUN_COUNT} -eq "1" ]; then export CM_MLPERF_USER_CONF=${CM_MLPERF_RANGING_USER_CONF}; else export CM_MLPERF_USER_CONF=${CM_MLPERF_TESTING_USER_CONF}; fi && /mnt/CM/repos/ctuning@mlcommons-ck/cm-mlops/script/benchmark-any-mlperf-inference-implementation/run.out'
client 2024-01-29 17:22:59,116 [INFO] Sending command to the server: 'time'
client 2024-01-29 17:22:59,120 [INFO] Got response: '1706548979.1177769'
client 2024-01-29 17:22:59,121 [INFO] The time difference between the client and the server is within range -1.897 ms..3.321 ms
client 2024-01-29 17:22:59,121 [INFO] Sending command to the server: 'session,2024-01-29_17-17-28,stop,ranging'
client 2024-01-29 17:23:09,550 [INFO] Got response: 'OK'
client 2024-01-29 17:23:09,551 [INFO] Sending command to the server: 'time'
client 2024-01-29 17:23:09,556 [INFO] Got response: '1706548989.554021'
client 2024-01-29 17:23:09,557 [INFO] The time difference between the client and the server is within range -2.236 ms..3.122 ms
client 2024-01-29 17:23:09,574 [INFO] Copying loadgen logs from '/home/arjun/results_dir/valid_results/orin-tflite_cpp-cpu-tflite-vmaster-default_config/efficientnet-int8-lite0/singlestream/performance/run_1' to '/home/arjun/results_dir/valid_results/orin-tflite_cpp-cpu-tflite-vmaster-default_config/efficientnet-int8-lite0/singlestream/performance/tmp_power/ranging'
client 2024-01-29 17:23:09,577 [INFO] Running workload in testing mode
client 2024-01-29 17:23:09,577 [INFO] Synchronizing with the server and with time.google.com...
client 2024-01-29 17:23:09,603 [INFO] NTP:offset = -0.004 s, delay = 0.021 s 
client 2024-01-29 17:23:09,604 [INFO] Sending command to the server: 'time'
client 2024-01-29 17:23:09,607 [INFO] Got response: '1706548989.6054153'
client 2024-01-29 17:23:09,608 [INFO] The time difference between the client and the server is within range -1.247 ms..2.777 ms
client 2024-01-29 17:23:09,608 [INFO] Sending command to the server: 'session,2024-01-29_17-17-28,start,testing'
client 2024-01-29 17:23:22,629 [INFO] Got response: 'OK'
client 2024-01-29 17:23:22,630 [INFO] Sending command to the server: 'time'
client 2024-01-29 17:23:22,633 [INFO] Got response: '1706549002.6317987'
client 2024-01-29 17:23:22,634 [INFO] The time difference between the client and the server is within range -1.133 ms..2.241 ms
client 2024-01-29 17:23:22,634 [INFO] Running the workload 'CM_MLPERF_RUN_COUNT=$(cat ${CM_RUN_DIR}/count.txt); echo ${CM_MLPERF_RUN_COUNT}; CM_MLPERF_RUN_COUNT=$((CM_MLPERF_RUN_COUNT+1)); echo ${CM_MLPERF_RUN_COUNT} > ${CM_RUN_DIR}/count.txt && if [ ${CM_MLPERF_RUN_COUNT} -eq "1" ]; then export CM_MLPERF_USER_CONF=${CM_MLPERF_RANGING_USER_CONF}; else export CM_MLPERF_USER_CONF=${CM_MLPERF_TESTING_USER_CONF}; fi && /mnt/CM/repos/ctuning@mlcommons-ck/cm-mlops/script/benchmark-any-mlperf-inference-implementation/run.out'
client 2024-01-29 17:33:27,107 [INFO] Sending command to the server: 'time'
client 2024-01-29 17:33:27,139 [INFO] Got response: '1706549607.1361814'
client 2024-01-29 17:33:27,140 [INFO] The time difference between the client and the server is within range -29.176 ms..3.807 ms
client 2024-01-29 17:33:27,140 [INFO] Sending command to the server: 'session,2024-01-29_17-17-28,stop,testing'
client 2024-01-29 17:33:37,683 [INFO] Got response: 'OK'
client 2024-01-29 17:33:37,684 [INFO] Sending command to the server: 'time'
client 2024-01-29 17:33:37,687 [INFO] Got response: '1706549617.6849062'
client 2024-01-29 17:33:37,687 [INFO] The time difference between the client and the server is within range -0.824 ms..2.719 ms
client 2024-01-29 17:33:37,692 [INFO] Copying loadgen logs from '/home/arjun/results_dir/valid_results/orin-tflite_cpp-cpu-tflite-vmaster-default_config/efficientnet-int8-lite0/singlestream/performance/run_1' to '/home/arjun/results_dir/valid_results/orin-tflite_cpp-cpu-tflite-vmaster-default_config/efficientnet-int8-lite0/singlestream/performance/tmp_power/run_1'
client 2024-01-29 17:33:37,695 [INFO] Done runs
