Graph file: /home/ec2-user/CM/repos/local/cache/c3f5af5625b54b87/v3-large_224_1.0_float/v3-large_224_1.0_float.tflite
Image dir: /home/ec2-user/CM/repos/local/cache/955b9bec9a604f62
Image list: /home/ec2-user/CM/repos/local/cache/955b9bec9a604f62/preprocessed_files.txt
Image size: 224
Image channels: 3
Prediction classes: 1000
Result dir: /home/ec2-user/CM/repos/local/cache/2b88026e7cd54ea9/valid_results/ip_172_31_41_189.us_west_2.compute.internal-tflite_cpp-cpu-tflite-vmaster-default_config/mobilenet-v3-precision_float-large-224/singlestream/performance/run_1
How many images fit in memory buffer: 1024
Normalize: 1
Subtract mean: 0
Run time preprocessing: 0
Number of Threads: 4
Number of available imagefiles: 50000

Loading graph...
INFO: Created TensorFlow Lite XNNPACK delegate for CPU.
Input tensor dimensions (NHWC): 1*224*224*3
Output tensor dimensions: 1*1001
Path to mlperf.conf : /home/ec2-user/CM/repos/local/cache/8a7eb07153174f8b/inference/mlperf.conf
Path to user.conf : /home/ec2-user/CM/repos/ctuning@mlcommons-ck/cm-mlops/script/generate-mlperf-inference-user-conf/tmp/afb1eaec2f42486eb78297b8cec05148.conf
Model Name: mobilenet
LoadGen Scenario: SingleStream
LoadGen Mode: performance
