client 2024-01-29 07:38:01,922 [INFO] Creating output directory '/home/arjun/results_dir/valid_results/orin-tflite_cpp-cpu-tflite-vmaster-default_config/mobilenet-v2-precision_uint8-1.0-160/singlestream/performance/tmp_power'
client 2024-01-29 07:38:01,925 [INFO] Sending command to the server: 'mlcommons/power client v3'
client 2024-01-29 07:38:01,928 [INFO] Got response: 'mlcommons/power server v3'
client 2024-01-29 07:38:01,928 [INFO] Synchronizing with the server and with time.google.com...
client 2024-01-29 07:38:01,955 [INFO] NTP:offset = -0.004 s, delay = 0.021 s 
client 2024-01-29 07:38:01,955 [INFO] Sending command to the server: 'time'
client 2024-01-29 07:38:01,959 [INFO] Got response: '1706513881.95551'
client 2024-01-29 07:38:01,959 [INFO] The time difference between the client and the server is within range 0.444 ms..3.737 ms
client 2024-01-29 07:38:01,959 [INFO] Sending command to the server: 'new,,0e425e41-22a6-4e53-9904-5bcf025e0792'
client 2024-01-29 07:38:01,962 [INFO] Got response: 'OK 2024-01-29_07-38-01,08e5b7b4-9e2d-4136-b36f-98978103f5fd'
client 2024-01-29 07:38:01,962 [INFO] Session id is '2024-01-29_07-38-01'
client 2024-01-29 07:38:01,962 [INFO] Sources: {"sources": {"__init__.py": "da39a3ee5e6b4b0d3255bfef95601890afd80709", "client.py": "33ca4f26368777ac06e01f9567b714a4b8063886", "lib/__init__.py": "da39a3ee5e6b4b0d3255bfef95601890afd80709", "lib/client.py": "ac2aa093c8e8bbc9569b9e2a3471bc64e58a2258", "lib/common.py": "611d8b29633d331eb19c9455ea3b5fa3284ed6df", "lib/external/__init__.py": "da39a3ee5e6b4b0d3255bfef95601890afd80709", "lib/external/ntplib.py": "4da8f970656505a40483206ef2b5d3dd5e81711d", "lib/server.py": "99303c836c683aa9017ec565104e636161d02acb", "lib/source_hashes.py": "60a2e02193209e8d392803326208d5466342da18", "lib/summary.py": "aa92f0a3f975eecd44d3c0cd0236342ccc9f941d", "lib/time_sync.py": "80894ef2389e540781ff78de94db16aa4203a14e", "server.py": "c3f90f2f7eeb4db30727556d0c815ebc89b3d28b", "tests/unit/__init__.py": "da39a3ee5e6b4b0d3255bfef95601890afd80709", "tests/unit/test_server.py": "948c1995d4008bc2aa6c4046a34ffa3858d6d671", "tests/unit/test_source_hashes.py": "00468a2907583c593e6574a1f6b404e4651c221a"}, "modules": {"ptd_client_server.lib.client": "lib/client.py", "ptd_client_server.lib.common": "lib/common.py", "ptd_client_server.lib.external.ntplib": "lib/external/ntplib.py", "ptd_client_server.lib.source_hashes": "lib/source_hashes.py", "ptd_client_server.lib.summary": "lib/summary.py", "ptd_client_server.lib.time_sync": "lib/time_sync.py"}}
client 2024-01-29 07:38:01,963 [INFO] Running workload in ranging mode
client 2024-01-29 07:38:01,963 [INFO] Synchronizing with the server and with time.google.com...
client 2024-01-29 07:38:01,982 [INFO] NTP:offset = -0.005 s, delay = 0.018 s 
client 2024-01-29 07:38:01,982 [INFO] Sending command to the server: 'time'
client 2024-01-29 07:38:01,985 [INFO] Got response: '1706513881.981962'
client 2024-01-29 07:38:01,985 [INFO] The time difference between the client and the server is within range 0.846 ms..3.502 ms
client 2024-01-29 07:38:01,985 [INFO] Sending command to the server: 'session,2024-01-29_07-38-01,start,ranging'
client 2024-01-29 07:38:30,057 [INFO] Got response: 'OK'
client 2024-01-29 07:38:30,060 [INFO] Sending command to the server: 'time'
client 2024-01-29 07:38:30,062 [INFO] Got response: '1706513910.059561'
client 2024-01-29 07:38:30,063 [INFO] The time difference between the client and the server is within range 0.413 ms..3.442 ms
client 2024-01-29 07:38:30,063 [INFO] Running the workload 'CM_MLPERF_RUN_COUNT=$(cat ${CM_RUN_DIR}/count.txt); echo ${CM_MLPERF_RUN_COUNT}; CM_MLPERF_RUN_COUNT=$((CM_MLPERF_RUN_COUNT+1)); echo ${CM_MLPERF_RUN_COUNT} > ${CM_RUN_DIR}/count.txt && if [ ${CM_MLPERF_RUN_COUNT} -eq "1" ]; then export CM_MLPERF_USER_CONF=${CM_MLPERF_RANGING_USER_CONF}; else export CM_MLPERF_USER_CONF=${CM_MLPERF_TESTING_USER_CONF}; fi && /mnt/CM/repos/ctuning@mlcommons-ck/cm-mlops/script/benchmark-any-mlperf-inference-implementation/run.out'
client 2024-01-29 07:43:32,425 [INFO] Sending command to the server: 'time'
client 2024-01-29 07:43:32,429 [INFO] Got response: '1706514212.4254916'
client 2024-01-29 07:43:32,429 [INFO] The time difference between the client and the server is within range -0.011 ms..4.303 ms
client 2024-01-29 07:43:32,429 [INFO] Sending command to the server: 'session,2024-01-29_07-38-01,stop,ranging'
client 2024-01-29 07:43:43,142 [INFO] Got response: 'OK'
client 2024-01-29 07:43:43,143 [INFO] Sending command to the server: 'time'
client 2024-01-29 07:43:43,146 [INFO] Got response: '1706514223.1431205'
client 2024-01-29 07:43:43,146 [INFO] The time difference between the client and the server is within range 0.186 ms..3.661 ms
client 2024-01-29 07:43:43,164 [INFO] Copying loadgen logs from '/home/arjun/results_dir/valid_results/orin-tflite_cpp-cpu-tflite-vmaster-default_config/mobilenet-v2-precision_uint8-1.0-160/singlestream/performance/run_1' to '/home/arjun/results_dir/valid_results/orin-tflite_cpp-cpu-tflite-vmaster-default_config/mobilenet-v2-precision_uint8-1.0-160/singlestream/performance/tmp_power/ranging'
client 2024-01-29 07:43:43,167 [INFO] Running workload in testing mode
client 2024-01-29 07:43:43,167 [INFO] Synchronizing with the server and with time.google.com...
client 2024-01-29 07:43:43,205 [INFO] NTP:offset = -0.003 s, delay = 0.020 s 
client 2024-01-29 07:43:43,205 [INFO] Sending command to the server: 'time'
client 2024-01-29 07:43:43,209 [INFO] Got response: '1706514223.205492'
client 2024-01-29 07:43:43,209 [INFO] The time difference between the client and the server is within range 0.386 ms..4.142 ms
client 2024-01-29 07:43:43,209 [INFO] Sending command to the server: 'session,2024-01-29_07-38-01,start,testing'
client 2024-01-29 07:43:56,230 [INFO] Got response: 'OK'
client 2024-01-29 07:43:56,230 [INFO] Sending command to the server: 'time'
client 2024-01-29 07:43:56,233 [INFO] Got response: '1706514236.2298706'
client 2024-01-29 07:43:56,234 [INFO] The time difference between the client and the server is within range 0.614 ms..4.145 ms
client 2024-01-29 07:43:56,234 [INFO] Running the workload 'CM_MLPERF_RUN_COUNT=$(cat ${CM_RUN_DIR}/count.txt); echo ${CM_MLPERF_RUN_COUNT}; CM_MLPERF_RUN_COUNT=$((CM_MLPERF_RUN_COUNT+1)); echo ${CM_MLPERF_RUN_COUNT} > ${CM_RUN_DIR}/count.txt && if [ ${CM_MLPERF_RUN_COUNT} -eq "1" ]; then export CM_MLPERF_USER_CONF=${CM_MLPERF_RANGING_USER_CONF}; else export CM_MLPERF_USER_CONF=${CM_MLPERF_TESTING_USER_CONF}; fi && /mnt/CM/repos/ctuning@mlcommons-ck/cm-mlops/script/benchmark-any-mlperf-inference-implementation/run.out'
client 2024-01-29 07:54:00,477 [INFO] Sending command to the server: 'time'
client 2024-01-29 07:54:00,679 [INFO] Got response: '1706514840.6750157'
client 2024-01-29 07:54:00,680 [INFO] The time difference between the client and the server is within range -197.506 ms..5.100 ms
client 2024-01-29 07:54:00,680 [INFO] Sending command to the server: 'session,2024-01-29_07-38-01,stop,testing'
client 2024-01-29 07:54:11,291 [INFO] Got response: 'OK'
client 2024-01-29 07:54:11,292 [INFO] Sending command to the server: 'time'
client 2024-01-29 07:54:11,296 [INFO] Got response: '1706514851.2921615'
client 2024-01-29 07:54:11,296 [INFO] The time difference between the client and the server is within range 0.434 ms..4.597 ms
client 2024-01-29 07:54:11,301 [INFO] Copying loadgen logs from '/home/arjun/results_dir/valid_results/orin-tflite_cpp-cpu-tflite-vmaster-default_config/mobilenet-v2-precision_uint8-1.0-160/singlestream/performance/run_1' to '/home/arjun/results_dir/valid_results/orin-tflite_cpp-cpu-tflite-vmaster-default_config/mobilenet-v2-precision_uint8-1.0-160/singlestream/performance/tmp_power/run_1'
client 2024-01-29 07:54:11,303 [INFO] Done runs
