client 2024-02-04 17:52:23,023 [INFO] Creating output directory '/home/arjun/results_dir/valid_results/orin-tflite_armnn_cpp-cpu-armnn_tflite-v23.11-using_neon/mobilenet-v2-precision_uint8-0.35-128/singlestream/performance/tmp_power'
client 2024-02-04 17:52:23,027 [INFO] Sending command to the server: 'mlcommons/power client v3'
client 2024-02-04 17:52:23,029 [INFO] Got response: 'mlcommons/power server v3'
client 2024-02-04 17:52:23,029 [INFO] Synchronizing with the server and with time.google.com...
client 2024-02-04 17:52:23,055 [INFO] NTP:offset = -0.001 s, delay = 0.021 s 
client 2024-02-04 17:52:23,056 [INFO] Sending command to the server: 'time'
client 2024-02-04 17:52:23,059 [INFO] Got response: '1707069143.0561948'
client 2024-02-04 17:52:23,059 [INFO] The time difference between the client and the server is within range -0.166 ms..3.743 ms
client 2024-02-04 17:52:23,060 [INFO] Sending command to the server: 'new,,1257108a-a710-42a7-a935-29c227e3b41f'
client 2024-02-04 17:52:23,063 [INFO] Got response: 'OK 2024-02-04_17-52-23,72a77bce-f874-4355-a719-f6fd0aace7c5'
client 2024-02-04 17:52:23,063 [INFO] Session id is '2024-02-04_17-52-23'
client 2024-02-04 17:52:23,063 [INFO] Sources: {"sources": {"__init__.py": "da39a3ee5e6b4b0d3255bfef95601890afd80709", "client.py": "33ca4f26368777ac06e01f9567b714a4b8063886", "lib/__init__.py": "da39a3ee5e6b4b0d3255bfef95601890afd80709", "lib/client.py": "ac2aa093c8e8bbc9569b9e2a3471bc64e58a2258", "lib/common.py": "611d8b29633d331eb19c9455ea3b5fa3284ed6df", "lib/external/__init__.py": "da39a3ee5e6b4b0d3255bfef95601890afd80709", "lib/external/ntplib.py": "4da8f970656505a40483206ef2b5d3dd5e81711d", "lib/server.py": "99303c836c683aa9017ec565104e636161d02acb", "lib/source_hashes.py": "60a2e02193209e8d392803326208d5466342da18", "lib/summary.py": "aa92f0a3f975eecd44d3c0cd0236342ccc9f941d", "lib/time_sync.py": "80894ef2389e540781ff78de94db16aa4203a14e", "server.py": "c3f90f2f7eeb4db30727556d0c815ebc89b3d28b", "tests/unit/__init__.py": "da39a3ee5e6b4b0d3255bfef95601890afd80709", "tests/unit/test_server.py": "948c1995d4008bc2aa6c4046a34ffa3858d6d671", "tests/unit/test_source_hashes.py": "00468a2907583c593e6574a1f6b404e4651c221a"}, "modules": {"ptd_client_server.lib.client": "lib/client.py", "ptd_client_server.lib.common": "lib/common.py", "ptd_client_server.lib.external.ntplib": "lib/external/ntplib.py", "ptd_client_server.lib.source_hashes": "lib/source_hashes.py", "ptd_client_server.lib.summary": "lib/summary.py", "ptd_client_server.lib.time_sync": "lib/time_sync.py"}}
client 2024-02-04 17:52:23,064 [INFO] Running workload in ranging mode
client 2024-02-04 17:52:23,064 [INFO] Synchronizing with the server and with time.google.com...
client 2024-02-04 17:52:23,109 [INFO] NTP:offset = -0.001 s, delay = 0.044 s 
client 2024-02-04 17:52:23,109 [INFO] Sending command to the server: 'time'
client 2024-02-04 17:52:23,113 [INFO] Got response: '1707069143.11009'
client 2024-02-04 17:52:23,113 [INFO] The time difference between the client and the server is within range -0.142 ms..3.215 ms
client 2024-02-04 17:52:23,113 [INFO] Sending command to the server: 'session,2024-02-04_17-52-23,start,ranging'
client 2024-02-04 17:52:51,202 [INFO] Got response: 'OK'
client 2024-02-04 17:52:51,204 [INFO] Sending command to the server: 'time'
client 2024-02-04 17:52:51,209 [INFO] Got response: '1707069171.2051644'
client 2024-02-04 17:52:51,210 [INFO] The time difference between the client and the server is within range -0.456 ms..4.882 ms
client 2024-02-04 17:52:51,210 [INFO] Running the workload 'CM_MLPERF_RUN_COUNT=$(cat ${CM_RUN_DIR}/count.txt); echo ${CM_MLPERF_RUN_COUNT}; CM_MLPERF_RUN_COUNT=$((CM_MLPERF_RUN_COUNT+1)); echo ${CM_MLPERF_RUN_COUNT} > ${CM_RUN_DIR}/count.txt && if [ ${CM_MLPERF_RUN_COUNT} -eq "1" ]; then export CM_MLPERF_USER_CONF=${CM_MLPERF_RANGING_USER_CONF}; else export CM_MLPERF_USER_CONF=${CM_MLPERF_TESTING_USER_CONF}; fi && /mnt/CM/repos/ctuning@mlcommons-ck/cm-mlops/script/get-lib-armnn/run.out'
client 2024-02-04 17:57:53,612 [INFO] Sending command to the server: 'time'
client 2024-02-04 17:57:53,685 [INFO] Got response: '1707069473.681532'
client 2024-02-04 17:57:53,686 [INFO] The time difference between the client and the server is within range -69.338 ms..4.915 ms
client 2024-02-04 17:57:53,686 [INFO] Sending command to the server: 'session,2024-02-04_17-52-23,stop,ranging'
client 2024-02-04 17:58:04,304 [INFO] Got response: 'OK'
client 2024-02-04 17:58:04,306 [INFO] Sending command to the server: 'time'
client 2024-02-04 17:58:04,310 [INFO] Got response: '1707069484.3059962'
client 2024-02-04 17:58:04,310 [INFO] The time difference between the client and the server is within range 0.019 ms..4.582 ms
client 2024-02-04 17:58:04,328 [INFO] Copying loadgen logs from '/home/arjun/results_dir/valid_results/orin-tflite_armnn_cpp-cpu-armnn_tflite-v23.11-using_neon/mobilenet-v2-precision_uint8-0.35-128/singlestream/performance/run_1' to '/home/arjun/results_dir/valid_results/orin-tflite_armnn_cpp-cpu-armnn_tflite-v23.11-using_neon/mobilenet-v2-precision_uint8-0.35-128/singlestream/performance/tmp_power/ranging'
client 2024-02-04 17:58:04,330 [INFO] Running workload in testing mode
client 2024-02-04 17:58:04,331 [INFO] Synchronizing with the server and with time.google.com...
client 2024-02-04 17:58:04,371 [INFO] NTP:offset = -0.004 s, delay = 0.023 s 
client 2024-02-04 17:58:04,372 [INFO] Sending command to the server: 'time'
client 2024-02-04 17:58:04,375 [INFO] Got response: '1707069484.3718355'
client 2024-02-04 17:58:04,375 [INFO] The time difference between the client and the server is within range 0.388 ms..4.105 ms
client 2024-02-04 17:58:04,376 [INFO] Sending command to the server: 'session,2024-02-04_17-52-23,start,testing'
client 2024-02-04 17:58:17,398 [INFO] Got response: 'OK'
client 2024-02-04 17:58:17,399 [INFO] Sending command to the server: 'time'
client 2024-02-04 17:58:17,403 [INFO] Got response: '1707069497.3992226'
client 2024-02-04 17:58:17,403 [INFO] The time difference between the client and the server is within range 0.197 ms..4.362 ms
client 2024-02-04 17:58:17,403 [INFO] Running the workload 'CM_MLPERF_RUN_COUNT=$(cat ${CM_RUN_DIR}/count.txt); echo ${CM_MLPERF_RUN_COUNT}; CM_MLPERF_RUN_COUNT=$((CM_MLPERF_RUN_COUNT+1)); echo ${CM_MLPERF_RUN_COUNT} > ${CM_RUN_DIR}/count.txt && if [ ${CM_MLPERF_RUN_COUNT} -eq "1" ]; then export CM_MLPERF_USER_CONF=${CM_MLPERF_RANGING_USER_CONF}; else export CM_MLPERF_USER_CONF=${CM_MLPERF_TESTING_USER_CONF}; fi && /mnt/CM/repos/ctuning@mlcommons-ck/cm-mlops/script/get-lib-armnn/run.out'
client 2024-02-04 18:08:21,920 [INFO] Sending command to the server: 'time'
client 2024-02-04 18:08:21,925 [INFO] Got response: '1707070101.9218178'
client 2024-02-04 18:08:21,925 [INFO] The time difference between the client and the server is within range -1.338 ms..3.480 ms
client 2024-02-04 18:08:21,925 [INFO] Sending command to the server: 'session,2024-02-04_17-52-23,stop,testing'
client 2024-02-04 18:08:32,452 [INFO] Got response: 'OK'
client 2024-02-04 18:08:32,453 [INFO] Sending command to the server: 'time'
client 2024-02-04 18:08:32,456 [INFO] Got response: '1707070112.4539561'
client 2024-02-04 18:08:32,456 [INFO] The time difference between the client and the server is within range -0.401 ms..2.876 ms
client 2024-02-04 18:08:32,461 [INFO] Copying loadgen logs from '/home/arjun/results_dir/valid_results/orin-tflite_armnn_cpp-cpu-armnn_tflite-v23.11-using_neon/mobilenet-v2-precision_uint8-0.35-128/singlestream/performance/run_1' to '/home/arjun/results_dir/valid_results/orin-tflite_armnn_cpp-cpu-armnn_tflite-v23.11-using_neon/mobilenet-v2-precision_uint8-0.35-128/singlestream/performance/tmp_power/run_1'
client 2024-02-04 18:08:32,464 [INFO] Done runs
