client 2024-01-31 03:16:39,346 [INFO] Creating output directory '/home/arjun/results_dir/valid_results/orin-tflite_cpp-cpu-tflite-vmaster-with_live_preprocessing/mobilenet-v2-precision_float-0.5-192/singlestream/performance/tmp_power'
client 2024-01-31 03:16:39,349 [INFO] Sending command to the server: 'mlcommons/power client v3'
client 2024-01-31 03:16:39,351 [INFO] Got response: 'mlcommons/power server v3'
client 2024-01-31 03:16:39,351 [INFO] Synchronizing with the server and with time.google.com...
client 2024-01-31 03:16:39,388 [INFO] NTP:offset = -0.004 s, delay = 0.021 s 
client 2024-01-31 03:16:39,388 [INFO] Sending command to the server: 'time'
client 2024-01-31 03:16:39,391 [INFO] Got response: '1706670999.3881612'
client 2024-01-31 03:16:39,391 [INFO] The time difference between the client and the server is within range 0.696 ms..3.477 ms
client 2024-01-31 03:16:39,391 [INFO] Sending command to the server: 'new,,6037ae2c-6ae3-44b9-a79f-4356498bd0d9'
client 2024-01-31 03:16:39,393 [INFO] Got response: 'OK 2024-01-31_03-16-39,0034e526-7fa2-435f-b3ab-1589b6f4bf09'
client 2024-01-31 03:16:39,393 [INFO] Session id is '2024-01-31_03-16-39'
client 2024-01-31 03:16:39,394 [INFO] Sources: {"sources": {"__init__.py": "da39a3ee5e6b4b0d3255bfef95601890afd80709", "client.py": "33ca4f26368777ac06e01f9567b714a4b8063886", "lib/__init__.py": "da39a3ee5e6b4b0d3255bfef95601890afd80709", "lib/client.py": "ac2aa093c8e8bbc9569b9e2a3471bc64e58a2258", "lib/common.py": "611d8b29633d331eb19c9455ea3b5fa3284ed6df", "lib/external/__init__.py": "da39a3ee5e6b4b0d3255bfef95601890afd80709", "lib/external/ntplib.py": "4da8f970656505a40483206ef2b5d3dd5e81711d", "lib/server.py": "99303c836c683aa9017ec565104e636161d02acb", "lib/source_hashes.py": "60a2e02193209e8d392803326208d5466342da18", "lib/summary.py": "aa92f0a3f975eecd44d3c0cd0236342ccc9f941d", "lib/time_sync.py": "80894ef2389e540781ff78de94db16aa4203a14e", "server.py": "c3f90f2f7eeb4db30727556d0c815ebc89b3d28b", "tests/unit/__init__.py": "da39a3ee5e6b4b0d3255bfef95601890afd80709", "tests/unit/test_server.py": "948c1995d4008bc2aa6c4046a34ffa3858d6d671", "tests/unit/test_source_hashes.py": "00468a2907583c593e6574a1f6b404e4651c221a"}, "modules": {"ptd_client_server.lib.client": "lib/client.py", "ptd_client_server.lib.common": "lib/common.py", "ptd_client_server.lib.external.ntplib": "lib/external/ntplib.py", "ptd_client_server.lib.source_hashes": "lib/source_hashes.py", "ptd_client_server.lib.summary": "lib/summary.py", "ptd_client_server.lib.time_sync": "lib/time_sync.py"}}
client 2024-01-31 03:16:39,394 [INFO] Running workload in ranging mode
client 2024-01-31 03:16:39,394 [INFO] Synchronizing with the server and with time.google.com...
client 2024-01-31 03:16:39,414 [INFO] NTP:offset = -0.005 s, delay = 0.019 s 
client 2024-01-31 03:16:39,414 [INFO] Sending command to the server: 'time'
client 2024-01-31 03:16:39,417 [INFO] Got response: '1706670999.413892'
client 2024-01-31 03:16:39,417 [INFO] The time difference between the client and the server is within range 0.808 ms..3.354 ms
client 2024-01-31 03:16:39,417 [INFO] Sending command to the server: 'session,2024-01-31_03-16-39,start,ranging'
client 2024-01-31 03:17:07,499 [INFO] Got response: 'OK'
client 2024-01-31 03:17:07,501 [INFO] Sending command to the server: 'time'
client 2024-01-31 03:17:07,504 [INFO] Got response: '1706671027.5011501'
client 2024-01-31 03:17:07,504 [INFO] The time difference between the client and the server is within range 0.428 ms..3.322 ms
client 2024-01-31 03:17:07,504 [INFO] Running the workload 'CM_MLPERF_RUN_COUNT=$(cat ${CM_RUN_DIR}/count.txt); echo ${CM_MLPERF_RUN_COUNT}; CM_MLPERF_RUN_COUNT=$((CM_MLPERF_RUN_COUNT+1)); echo ${CM_MLPERF_RUN_COUNT} > ${CM_RUN_DIR}/count.txt && if [ ${CM_MLPERF_RUN_COUNT} -eq "1" ]; then export CM_MLPERF_USER_CONF=${CM_MLPERF_RANGING_USER_CONF}; else export CM_MLPERF_USER_CONF=${CM_MLPERF_TESTING_USER_CONF}; fi && /home/arjun/run.out'
client 2024-01-31 03:22:10,112 [INFO] Sending command to the server: 'time'
client 2024-01-31 03:22:10,190 [INFO] Got response: '1706671330.1858208'
client 2024-01-31 03:22:10,190 [INFO] The time difference between the client and the server is within range -73.602 ms..4.924 ms
client 2024-01-31 03:22:10,191 [INFO] Sending command to the server: 'session,2024-01-31_03-16-39,stop,ranging'
client 2024-01-31 03:22:20,631 [INFO] Got response: 'OK'
client 2024-01-31 03:22:20,632 [INFO] Sending command to the server: 'time'
client 2024-01-31 03:22:20,635 [INFO] Got response: '1706671340.6315525'
client 2024-01-31 03:22:20,635 [INFO] The time difference between the client and the server is within range 0.532 ms..4.253 ms
client 2024-01-31 03:22:20,653 [INFO] Copying loadgen logs from '/home/arjun/results_dir/valid_results/orin-tflite_cpp-cpu-tflite-vmaster-with_live_preprocessing/mobilenet-v2-precision_float-0.5-192/singlestream/performance/run_1' to '/home/arjun/results_dir/valid_results/orin-tflite_cpp-cpu-tflite-vmaster-with_live_preprocessing/mobilenet-v2-precision_float-0.5-192/singlestream/performance/tmp_power/ranging'
client 2024-01-31 03:22:20,656 [INFO] Running workload in testing mode
client 2024-01-31 03:22:20,656 [INFO] Synchronizing with the server and with time.google.com...
client 2024-01-31 03:22:20,683 [INFO] NTP:offset = -0.005 s, delay = 0.021 s 
client 2024-01-31 03:22:20,683 [INFO] Sending command to the server: 'time'
client 2024-01-31 03:22:20,687 [INFO] Got response: '1706671340.6836438'
client 2024-01-31 03:22:20,687 [INFO] The time difference between the client and the server is within range 0.298 ms..4.141 ms
client 2024-01-31 03:22:20,688 [INFO] Sending command to the server: 'session,2024-01-31_03-16-39,start,testing'
client 2024-01-31 03:22:33,705 [INFO] Got response: 'OK'
client 2024-01-31 03:22:33,705 [INFO] Sending command to the server: 'time'
client 2024-01-31 03:22:33,707 [INFO] Got response: '1706671353.7049484'
client 2024-01-31 03:22:33,708 [INFO] The time difference between the client and the server is within range 0.763 ms..3.201 ms
client 2024-01-31 03:22:33,708 [INFO] Running the workload 'CM_MLPERF_RUN_COUNT=$(cat ${CM_RUN_DIR}/count.txt); echo ${CM_MLPERF_RUN_COUNT}; CM_MLPERF_RUN_COUNT=$((CM_MLPERF_RUN_COUNT+1)); echo ${CM_MLPERF_RUN_COUNT} > ${CM_RUN_DIR}/count.txt && if [ ${CM_MLPERF_RUN_COUNT} -eq "1" ]; then export CM_MLPERF_USER_CONF=${CM_MLPERF_RANGING_USER_CONF}; else export CM_MLPERF_USER_CONF=${CM_MLPERF_TESTING_USER_CONF}; fi && /home/arjun/run.out'
client 2024-01-31 03:32:38,167 [INFO] Sending command to the server: 'time'
client 2024-01-31 03:32:38,223 [INFO] Got response: '1706671958.2196274'
client 2024-01-31 03:32:38,224 [INFO] The time difference between the client and the server is within range -51.957 ms..4.841 ms
client 2024-01-31 03:32:38,224 [INFO] Sending command to the server: 'session,2024-01-31_03-16-39,stop,testing'
client 2024-01-31 03:32:48,756 [INFO] Got response: 'OK'
client 2024-01-31 03:32:48,757 [INFO] Sending command to the server: 'time'
client 2024-01-31 03:32:48,760 [INFO] Got response: '1706671968.7565534'
client 2024-01-31 03:32:48,760 [INFO] The time difference between the client and the server is within range 0.543 ms..4.150 ms
client 2024-01-31 03:32:48,765 [INFO] Copying loadgen logs from '/home/arjun/results_dir/valid_results/orin-tflite_cpp-cpu-tflite-vmaster-with_live_preprocessing/mobilenet-v2-precision_float-0.5-192/singlestream/performance/run_1' to '/home/arjun/results_dir/valid_results/orin-tflite_cpp-cpu-tflite-vmaster-with_live_preprocessing/mobilenet-v2-precision_float-0.5-192/singlestream/performance/tmp_power/run_1'
client 2024-01-31 03:32:48,768 [INFO] Done runs
