Graph file: /home/ubuntu/CM/repos/local/cache/ff9b7b8887bd4928/v2_128_75/model.tflite
Image dir: /home/ubuntu/CM/repos/local/cache/cbc60adaee044f32
Image list: /home/ubuntu/CM/repos/local/cache/cbc60adaee044f32/preprocessed_files.txt
Image size: 128
Image channels: 3
Prediction classes: 1000
Result dir: /home/ubuntu/CM/repos/local/cache/9aa1379abfa84bac/valid_results/ip_172_31_35_99-tflite_cpp-cpu-tflite-vmaster-default_config/mobilenet-v2-precision_uint8-0.75-128/singlestream/performance/run_1
How many images fit in memory buffer: 1024
Normalize: 1
Subtract mean: 0
Run time preprocessing: 1
Number of Threads: 4
Number of available imagefiles: 50000

Loading graph...
INFO: Created TensorFlow Lite XNNPACK delegate for CPU.
Input tensor dimensions (NHWC): 1*128*128*3
Output tensor dimensions: 1*1001
Path to mlperf.conf : /home/ubuntu/CM/repos/local/cache/b31bc314ab8a48f9/inference/mlperf.conf
Path to user.conf : /home/ubuntu/CM/repos/ctuning@mlcommons-ck/cm-mlops/script/generate-mlperf-inference-user-conf/tmp/cb12cd972ecc4af2adf45c2aa314cefd.conf
Model Name: mobilenet
LoadGen Scenario: SingleStream
LoadGen Mode: performance
