client 2024-01-29 04:19:23,133 [INFO] Creating output directory '/home/arjun/results_dir/valid_results/orin-tflite_cpp-cpu-tflite-vmaster-default_config/mobilenet-v1-precision_uint8-0.25-224/singlestream/performance/tmp_power'
client 2024-01-29 04:19:23,209 [INFO] Sending command to the server: 'mlcommons/power client v3'
client 2024-01-29 04:19:23,211 [INFO] Got response: 'mlcommons/power server v3'
client 2024-01-29 04:19:23,211 [INFO] Synchronizing with the server and with time.google.com...
client 2024-01-29 04:19:23,239 [INFO] NTP:offset = -0.003 s, delay = 0.020 s 
client 2024-01-29 04:19:23,239 [INFO] Sending command to the server: 'time'
client 2024-01-29 04:19:23,243 [INFO] Got response: '1706501963.2386918'
client 2024-01-29 04:19:23,243 [INFO] The time difference between the client and the server is within range 1.038 ms..4.434 ms
client 2024-01-29 04:19:23,243 [INFO] Sending command to the server: 'new,,46d90fc4-95b0-4a3e-8d72-a9c91f9c51d2'
client 2024-01-29 04:19:23,245 [INFO] Got response: 'OK 2024-01-29_04-19-23,fdc0506f-d433-49d6-a72c-af4f84c05a3c'
client 2024-01-29 04:19:23,246 [INFO] Session id is '2024-01-29_04-19-23'
client 2024-01-29 04:19:23,246 [INFO] Sources: {"sources": {"__init__.py": "da39a3ee5e6b4b0d3255bfef95601890afd80709", "client.py": "33ca4f26368777ac06e01f9567b714a4b8063886", "lib/__init__.py": "da39a3ee5e6b4b0d3255bfef95601890afd80709", "lib/client.py": "ac2aa093c8e8bbc9569b9e2a3471bc64e58a2258", "lib/common.py": "611d8b29633d331eb19c9455ea3b5fa3284ed6df", "lib/external/__init__.py": "da39a3ee5e6b4b0d3255bfef95601890afd80709", "lib/external/ntplib.py": "4da8f970656505a40483206ef2b5d3dd5e81711d", "lib/server.py": "99303c836c683aa9017ec565104e636161d02acb", "lib/source_hashes.py": "60a2e02193209e8d392803326208d5466342da18", "lib/summary.py": "aa92f0a3f975eecd44d3c0cd0236342ccc9f941d", "lib/time_sync.py": "80894ef2389e540781ff78de94db16aa4203a14e", "server.py": "c3f90f2f7eeb4db30727556d0c815ebc89b3d28b", "tests/unit/__init__.py": "da39a3ee5e6b4b0d3255bfef95601890afd80709", "tests/unit/test_server.py": "948c1995d4008bc2aa6c4046a34ffa3858d6d671", "tests/unit/test_source_hashes.py": "00468a2907583c593e6574a1f6b404e4651c221a"}, "modules": {"ptd_client_server.lib.client": "lib/client.py", "ptd_client_server.lib.common": "lib/common.py", "ptd_client_server.lib.external.ntplib": "lib/external/ntplib.py", "ptd_client_server.lib.source_hashes": "lib/source_hashes.py", "ptd_client_server.lib.summary": "lib/summary.py", "ptd_client_server.lib.time_sync": "lib/time_sync.py"}}
client 2024-01-29 04:19:23,246 [INFO] Running workload in ranging mode
client 2024-01-29 04:19:23,246 [INFO] Synchronizing with the server and with time.google.com...
client 2024-01-29 04:19:23,267 [INFO] NTP:offset = -0.003 s, delay = 0.020 s 
client 2024-01-29 04:19:23,267 [INFO] Sending command to the server: 'time'
client 2024-01-29 04:19:23,271 [INFO] Got response: '1706501963.266955'
client 2024-01-29 04:19:23,271 [INFO] The time difference between the client and the server is within range 1.019 ms..4.252 ms
client 2024-01-29 04:19:23,271 [INFO] Sending command to the server: 'session,2024-01-29_04-19-23,start,ranging'
client 2024-01-29 04:19:51,355 [INFO] Got response: 'OK'
client 2024-01-29 04:19:51,358 [INFO] Sending command to the server: 'time'
client 2024-01-29 04:19:51,362 [INFO] Got response: '1706501991.3575964'
client 2024-01-29 04:19:51,362 [INFO] The time difference between the client and the server is within range 0.985 ms..4.901 ms
client 2024-01-29 04:19:51,362 [INFO] Running the workload 'CM_MLPERF_RUN_COUNT=$(cat ${CM_RUN_DIR}/count.txt); echo ${CM_MLPERF_RUN_COUNT}; CM_MLPERF_RUN_COUNT=$((CM_MLPERF_RUN_COUNT+1)); echo ${CM_MLPERF_RUN_COUNT} > ${CM_RUN_DIR}/count.txt && if [ ${CM_MLPERF_RUN_COUNT} -eq "1" ]; then export CM_MLPERF_USER_CONF=${CM_MLPERF_RANGING_USER_CONF}; else export CM_MLPERF_USER_CONF=${CM_MLPERF_TESTING_USER_CONF}; fi && /mnt/CM/repos/ctuning@mlcommons-ck/cm-mlops/script/benchmark-any-mlperf-inference-implementation/run.out'
client 2024-01-29 04:24:53,835 [INFO] Sending command to the server: 'time'
client 2024-01-29 04:24:53,838 [INFO] Got response: '1706502293.8342283'
client 2024-01-29 04:24:53,839 [INFO] The time difference between the client and the server is within range 1.139 ms..4.768 ms
client 2024-01-29 04:24:53,839 [INFO] Sending command to the server: 'session,2024-01-29_04-19-23,stop,ranging'
client 2024-01-29 04:25:04,429 [INFO] Got response: 'OK'
client 2024-01-29 04:25:04,431 [INFO] Sending command to the server: 'time'
client 2024-01-29 04:25:04,434 [INFO] Got response: '1706502304.4296336'
client 2024-01-29 04:25:04,435 [INFO] The time difference between the client and the server is within range 1.354 ms..5.296 ms
client 2024-01-29 04:25:04,452 [INFO] Copying loadgen logs from '/home/arjun/results_dir/valid_results/orin-tflite_cpp-cpu-tflite-vmaster-default_config/mobilenet-v1-precision_uint8-0.25-224/singlestream/performance/run_1' to '/home/arjun/results_dir/valid_results/orin-tflite_cpp-cpu-tflite-vmaster-default_config/mobilenet-v1-precision_uint8-0.25-224/singlestream/performance/tmp_power/ranging'
client 2024-01-29 04:25:04,455 [INFO] Running workload in testing mode
client 2024-01-29 04:25:04,456 [INFO] Synchronizing with the server and with time.google.com...
client 2024-01-29 04:25:04,489 [INFO] NTP:offset = -0.002 s, delay = 0.028 s 
client 2024-01-29 04:25:04,489 [INFO] Sending command to the server: 'time'
client 2024-01-29 04:25:04,493 [INFO] Got response: '1706502304.4885345'
client 2024-01-29 04:25:04,493 [INFO] The time difference between the client and the server is within range 1.402 ms..4.721 ms
client 2024-01-29 04:25:04,493 [INFO] Sending command to the server: 'session,2024-01-29_04-19-23,start,testing'
client 2024-01-29 04:25:17,511 [INFO] Got response: 'OK'
client 2024-01-29 04:25:17,512 [INFO] Sending command to the server: 'time'
client 2024-01-29 04:25:17,516 [INFO] Got response: '1706502317.5115128'
client 2024-01-29 04:25:17,516 [INFO] The time difference between the client and the server is within range 1.370 ms..5.057 ms
client 2024-01-29 04:25:17,516 [INFO] Running the workload 'CM_MLPERF_RUN_COUNT=$(cat ${CM_RUN_DIR}/count.txt); echo ${CM_MLPERF_RUN_COUNT}; CM_MLPERF_RUN_COUNT=$((CM_MLPERF_RUN_COUNT+1)); echo ${CM_MLPERF_RUN_COUNT} > ${CM_RUN_DIR}/count.txt && if [ ${CM_MLPERF_RUN_COUNT} -eq "1" ]; then export CM_MLPERF_USER_CONF=${CM_MLPERF_RANGING_USER_CONF}; else export CM_MLPERF_USER_CONF=${CM_MLPERF_TESTING_USER_CONF}; fi && /mnt/CM/repos/ctuning@mlcommons-ck/cm-mlops/script/benchmark-any-mlperf-inference-implementation/run.out'
client 2024-01-29 04:35:21,814 [INFO] Sending command to the server: 'time'
client 2024-01-29 04:35:21,879 [INFO] Got response: '1706502921.873999'
client 2024-01-29 04:35:21,880 [INFO] The time difference between the client and the server is within range -60.153 ms..6.009 ms
client 2024-01-29 04:35:21,880 [INFO] Sending command to the server: 'session,2024-01-29_04-19-23,stop,testing'
client 2024-01-29 04:35:32,564 [INFO] Got response: 'OK'
client 2024-01-29 04:35:32,566 [INFO] Sending command to the server: 'time'
client 2024-01-29 04:35:32,569 [INFO] Got response: '1706502932.5653632'
client 2024-01-29 04:35:32,570 [INFO] The time difference between the client and the server is within range 0.680 ms..4.634 ms
client 2024-01-29 04:35:32,574 [INFO] Copying loadgen logs from '/home/arjun/results_dir/valid_results/orin-tflite_cpp-cpu-tflite-vmaster-default_config/mobilenet-v1-precision_uint8-0.25-224/singlestream/performance/run_1' to '/home/arjun/results_dir/valid_results/orin-tflite_cpp-cpu-tflite-vmaster-default_config/mobilenet-v1-precision_uint8-0.25-224/singlestream/performance/tmp_power/run_1'
client 2024-01-29 04:35:32,587 [INFO] Done runs
