client 2024-02-01 10:08:27,662 [INFO] Creating output directory '/home/arjun/results_dir/valid_results/orin-tflite_armnn_cpp-cpu-armnn_tflite-v23.05-using_neon/mobilenet-v2-precision_uint8-0.75-160/singlestream/performance/tmp_power'
client 2024-02-01 10:08:27,666 [INFO] Sending command to the server: 'mlcommons/power client v3'
client 2024-02-01 10:08:27,669 [INFO] Got response: 'mlcommons/power server v3'
client 2024-02-01 10:08:27,669 [INFO] Synchronizing with the server and with time.google.com...
client 2024-02-01 10:08:27,697 [INFO] NTP:offset = -0.006 s, delay = 0.021 s 
client 2024-02-01 10:08:27,697 [INFO] Sending command to the server: 'time'
client 2024-02-01 10:08:27,701 [INFO] Got response: '1706782107.696191'
client 2024-02-01 10:08:27,701 [INFO] The time difference between the client and the server is within range 1.160 ms..5.035 ms
client 2024-02-01 10:08:27,701 [INFO] Sending command to the server: 'new,,7fa69a9d-22d3-4b55-8a61-d8f59d1bf7a6'
client 2024-02-01 10:08:27,705 [INFO] Got response: 'OK 2024-02-01_10-08-27,75231241-157f-4cac-93fa-a4931b62cb67'
client 2024-02-01 10:08:27,705 [INFO] Session id is '2024-02-01_10-08-27'
client 2024-02-01 10:08:27,705 [INFO] Sources: {"sources": {"__init__.py": "da39a3ee5e6b4b0d3255bfef95601890afd80709", "client.py": "33ca4f26368777ac06e01f9567b714a4b8063886", "lib/__init__.py": "da39a3ee5e6b4b0d3255bfef95601890afd80709", "lib/client.py": "ac2aa093c8e8bbc9569b9e2a3471bc64e58a2258", "lib/common.py": "611d8b29633d331eb19c9455ea3b5fa3284ed6df", "lib/external/__init__.py": "da39a3ee5e6b4b0d3255bfef95601890afd80709", "lib/external/ntplib.py": "4da8f970656505a40483206ef2b5d3dd5e81711d", "lib/server.py": "99303c836c683aa9017ec565104e636161d02acb", "lib/source_hashes.py": "60a2e02193209e8d392803326208d5466342da18", "lib/summary.py": "aa92f0a3f975eecd44d3c0cd0236342ccc9f941d", "lib/time_sync.py": "80894ef2389e540781ff78de94db16aa4203a14e", "server.py": "c3f90f2f7eeb4db30727556d0c815ebc89b3d28b", "tests/unit/__init__.py": "da39a3ee5e6b4b0d3255bfef95601890afd80709", "tests/unit/test_server.py": "948c1995d4008bc2aa6c4046a34ffa3858d6d671", "tests/unit/test_source_hashes.py": "00468a2907583c593e6574a1f6b404e4651c221a"}, "modules": {"ptd_client_server.lib.client": "lib/client.py", "ptd_client_server.lib.common": "lib/common.py", "ptd_client_server.lib.external.ntplib": "lib/external/ntplib.py", "ptd_client_server.lib.source_hashes": "lib/source_hashes.py", "ptd_client_server.lib.summary": "lib/summary.py", "ptd_client_server.lib.time_sync": "lib/time_sync.py"}}
client 2024-02-01 10:08:27,705 [INFO] Running workload in ranging mode
client 2024-02-01 10:08:27,706 [INFO] Synchronizing with the server and with time.google.com...
client 2024-02-01 10:08:27,728 [INFO] NTP:offset = -0.006 s, delay = 0.021 s 
client 2024-02-01 10:08:27,728 [INFO] Sending command to the server: 'time'
client 2024-02-01 10:08:27,732 [INFO] Got response: '1706782107.7272546'
client 2024-02-01 10:08:27,732 [INFO] The time difference between the client and the server is within range 1.192 ms..5.064 ms
client 2024-02-01 10:08:27,732 [INFO] Sending command to the server: 'session,2024-02-01_10-08-27,start,ranging'
client 2024-02-01 10:08:55,797 [INFO] Got response: 'OK'
client 2024-02-01 10:08:55,799 [INFO] Sending command to the server: 'time'
client 2024-02-01 10:08:55,802 [INFO] Got response: '1706782135.7975967'
client 2024-02-01 10:08:55,802 [INFO] The time difference between the client and the server is within range 1.427 ms..5.107 ms
client 2024-02-01 10:08:55,802 [INFO] Running the workload 'CM_MLPERF_RUN_COUNT=$(cat ${CM_RUN_DIR}/count.txt); echo ${CM_MLPERF_RUN_COUNT}; CM_MLPERF_RUN_COUNT=$((CM_MLPERF_RUN_COUNT+1)); echo ${CM_MLPERF_RUN_COUNT} > ${CM_RUN_DIR}/count.txt && if [ ${CM_MLPERF_RUN_COUNT} -eq "1" ]; then export CM_MLPERF_USER_CONF=${CM_MLPERF_RANGING_USER_CONF}; else export CM_MLPERF_USER_CONF=${CM_MLPERF_TESTING_USER_CONF}; fi && /mnt/CM/repos/ctuning@mlcommons-ck/cm-mlops/script/benchmark-any-mlperf-inference-implementation/run.out'
client 2024-02-01 10:13:58,320 [INFO] Sending command to the server: 'time'
client 2024-02-01 10:13:58,324 [INFO] Got response: '1706782438.3193893'
client 2024-02-01 10:13:58,324 [INFO] The time difference between the client and the server is within range 0.435 ms..5.450 ms
client 2024-02-01 10:13:58,325 [INFO] Sending command to the server: 'session,2024-02-01_10-08-27,stop,ranging'
client 2024-02-01 10:14:09,012 [INFO] Got response: 'OK'
client 2024-02-01 10:14:09,012 [INFO] Sending command to the server: 'time'
client 2024-02-01 10:14:09,016 [INFO] Got response: '1706782449.01128'
client 2024-02-01 10:14:09,016 [INFO] The time difference between the client and the server is within range 1.661 ms..5.433 ms
client 2024-02-01 10:14:09,033 [INFO] Copying loadgen logs from '/home/arjun/results_dir/valid_results/orin-tflite_armnn_cpp-cpu-armnn_tflite-v23.05-using_neon/mobilenet-v2-precision_uint8-0.75-160/singlestream/performance/run_1' to '/home/arjun/results_dir/valid_results/orin-tflite_armnn_cpp-cpu-armnn_tflite-v23.05-using_neon/mobilenet-v2-precision_uint8-0.75-160/singlestream/performance/tmp_power/ranging'
client 2024-02-01 10:14:09,035 [INFO] Running workload in testing mode
client 2024-02-01 10:14:09,036 [INFO] Synchronizing with the server and with time.google.com...
client 2024-02-01 10:14:09,061 [INFO] NTP:offset = -0.006 s, delay = 0.020 s 
client 2024-02-01 10:14:09,061 [INFO] Sending command to the server: 'time'
client 2024-02-01 10:14:09,065 [INFO] Got response: '1706782449.0603766'
client 2024-02-01 10:14:09,065 [INFO] The time difference between the client and the server is within range 1.538 ms..5.420 ms
client 2024-02-01 10:14:09,066 [INFO] Sending command to the server: 'session,2024-02-01_10-08-27,start,testing'
client 2024-02-01 10:14:22,082 [INFO] Got response: 'OK'
client 2024-02-01 10:14:22,083 [INFO] Sending command to the server: 'time'
client 2024-02-01 10:14:22,090 [INFO] Got response: '1706782462.0846019'
client 2024-02-01 10:14:22,090 [INFO] The time difference between the client and the server is within range -0.866 ms..6.181 ms
client 2024-02-01 10:14:22,091 [INFO] Running the workload 'CM_MLPERF_RUN_COUNT=$(cat ${CM_RUN_DIR}/count.txt); echo ${CM_MLPERF_RUN_COUNT}; CM_MLPERF_RUN_COUNT=$((CM_MLPERF_RUN_COUNT+1)); echo ${CM_MLPERF_RUN_COUNT} > ${CM_RUN_DIR}/count.txt && if [ ${CM_MLPERF_RUN_COUNT} -eq "1" ]; then export CM_MLPERF_USER_CONF=${CM_MLPERF_RANGING_USER_CONF}; else export CM_MLPERF_USER_CONF=${CM_MLPERF_TESTING_USER_CONF}; fi && /mnt/CM/repos/ctuning@mlcommons-ck/cm-mlops/script/benchmark-any-mlperf-inference-implementation/run.out'
client 2024-02-01 10:24:26,678 [INFO] Sending command to the server: 'time'
client 2024-02-01 10:24:26,769 [INFO] Got response: '1706783066.763598'
client 2024-02-01 10:24:26,770 [INFO] The time difference between the client and the server is within range -84.839 ms..6.659 ms
client 2024-02-01 10:24:26,770 [INFO] Sending command to the server: 'session,2024-02-01_10-08-27,stop,testing'
client 2024-02-01 10:24:37,133 [INFO] Got response: 'OK'
client 2024-02-01 10:24:37,134 [INFO] Sending command to the server: 'time'
client 2024-02-01 10:24:37,138 [INFO] Got response: '1706783077.13228'
client 2024-02-01 10:24:37,138 [INFO] The time difference between the client and the server is within range 2.210 ms..6.277 ms
client 2024-02-01 10:24:37,143 [INFO] Copying loadgen logs from '/home/arjun/results_dir/valid_results/orin-tflite_armnn_cpp-cpu-armnn_tflite-v23.05-using_neon/mobilenet-v2-precision_uint8-0.75-160/singlestream/performance/run_1' to '/home/arjun/results_dir/valid_results/orin-tflite_armnn_cpp-cpu-armnn_tflite-v23.05-using_neon/mobilenet-v2-precision_uint8-0.75-160/singlestream/performance/tmp_power/run_1'
client 2024-02-01 10:24:37,145 [INFO] Done runs
