Graph file: /home/ec2-user/CM/repos/local/cache/b792d2af287048b1/mobilenet_v2_1.0_160.tflite
Image dir: /home/ec2-user/CM/repos/local/cache/29114ea238ff45b3
Image list: /home/ec2-user/CM/repos/local/cache/29114ea238ff45b3/preprocessed_files.txt
Image size: 160
Image channels: 3
Prediction classes: 1000
Result dir: /home/ec2-user/CM/repos/local/cache/017d8e20e6854c20/valid_results/ip_172_31_30_110.us_west_2.compute.internal-tflite_cpp-cpu-tflite-vmaster-default_config/mobilenet-v2-precision_float-1.0-160/singlestream/accuracy
How many images fit in memory buffer: 1024
Normalize: 1
Subtract mean: 0
Run time preprocessing: 0
Number of Threads: 4
Number of available imagefiles: 50000

Loading graph...
INFO: Created TensorFlow Lite XNNPACK delegate for CPU.
Input tensor dimensions (NHWC): 1*160*160*3
Output tensor dimensions: 1*1001
Path to mlperf.conf : /home/ec2-user/CM/repos/local/cache/41e6ffe78d1840ee/inference/mlperf.conf
Path to user.conf : /home/ec2-user/CM/repos/ctuning@mlcommons-ck/cm-mlops/script/generate-mlperf-inference-user-conf/tmp/a3c219e8be5146909027776bd96f961a.conf
Model Name: mobilenet
LoadGen Scenario: SingleStream
LoadGen Mode: accuracy
