client 2024-01-31 01:03:43,809 [INFO] Creating output directory '/home/arjun/results_dir/valid_results/orin-tflite_cpp-cpu-tflite-vmaster-with_live_preprocessing/mobilenet-v2-precision_float-1.0-192/singlestream/performance/tmp_power'
client 2024-01-31 01:03:43,920 [INFO] Sending command to the server: 'mlcommons/power client v3'
client 2024-01-31 01:03:43,923 [INFO] Got response: 'mlcommons/power server v3'
client 2024-01-31 01:03:43,923 [INFO] Synchronizing with the server and with time.google.com...
client 2024-01-31 01:03:43,951 [INFO] NTP:offset = -0.003 s, delay = 0.020 s 
client 2024-01-31 01:03:43,952 [INFO] Sending command to the server: 'time'
client 2024-01-31 01:03:43,954 [INFO] Got response: '1706663023.9515975'
client 2024-01-31 01:03:43,954 [INFO] The time difference between the client and the server is within range 0.611 ms..3.351 ms
client 2024-01-31 01:03:43,955 [INFO] Sending command to the server: 'new,,11a6f0ae-56da-4621-b9d8-42435fa1319b'
client 2024-01-31 01:03:43,957 [INFO] Got response: 'OK 2024-01-31_01-03-43,5336cb3a-6083-45b2-a26e-a0e731608a88'
client 2024-01-31 01:03:43,957 [INFO] Session id is '2024-01-31_01-03-43'
client 2024-01-31 01:03:43,958 [INFO] Sources: {"sources": {"__init__.py": "da39a3ee5e6b4b0d3255bfef95601890afd80709", "client.py": "33ca4f26368777ac06e01f9567b714a4b8063886", "lib/__init__.py": "da39a3ee5e6b4b0d3255bfef95601890afd80709", "lib/client.py": "ac2aa093c8e8bbc9569b9e2a3471bc64e58a2258", "lib/common.py": "611d8b29633d331eb19c9455ea3b5fa3284ed6df", "lib/external/__init__.py": "da39a3ee5e6b4b0d3255bfef95601890afd80709", "lib/external/ntplib.py": "4da8f970656505a40483206ef2b5d3dd5e81711d", "lib/server.py": "99303c836c683aa9017ec565104e636161d02acb", "lib/source_hashes.py": "60a2e02193209e8d392803326208d5466342da18", "lib/summary.py": "aa92f0a3f975eecd44d3c0cd0236342ccc9f941d", "lib/time_sync.py": "80894ef2389e540781ff78de94db16aa4203a14e", "server.py": "c3f90f2f7eeb4db30727556d0c815ebc89b3d28b", "tests/unit/__init__.py": "da39a3ee5e6b4b0d3255bfef95601890afd80709", "tests/unit/test_server.py": "948c1995d4008bc2aa6c4046a34ffa3858d6d671", "tests/unit/test_source_hashes.py": "00468a2907583c593e6574a1f6b404e4651c221a"}, "modules": {"ptd_client_server.lib.client": "lib/client.py", "ptd_client_server.lib.common": "lib/common.py", "ptd_client_server.lib.external.ntplib": "lib/external/ntplib.py", "ptd_client_server.lib.source_hashes": "lib/source_hashes.py", "ptd_client_server.lib.summary": "lib/summary.py", "ptd_client_server.lib.time_sync": "lib/time_sync.py"}}
client 2024-01-31 01:03:43,958 [INFO] Running workload in ranging mode
client 2024-01-31 01:03:43,958 [INFO] Synchronizing with the server and with time.google.com...
client 2024-01-31 01:03:43,980 [INFO] NTP:offset = -0.004 s, delay = 0.020 s 
client 2024-01-31 01:03:43,980 [INFO] Sending command to the server: 'time'
client 2024-01-31 01:03:43,983 [INFO] Got response: '1706663023.979872'
client 2024-01-31 01:03:43,983 [INFO] The time difference between the client and the server is within range 0.521 ms..3.458 ms
client 2024-01-31 01:03:43,983 [INFO] Sending command to the server: 'session,2024-01-31_01-03-43,start,ranging'
client 2024-01-31 01:04:12,065 [INFO] Got response: 'OK'
client 2024-01-31 01:04:12,068 [INFO] Sending command to the server: 'time'
client 2024-01-31 01:04:12,071 [INFO] Got response: '1706663052.068022'
client 2024-01-31 01:04:12,071 [INFO] The time difference between the client and the server is within range 0.274 ms..3.645 ms
client 2024-01-31 01:04:12,071 [INFO] Running the workload 'CM_MLPERF_RUN_COUNT=$(cat ${CM_RUN_DIR}/count.txt); echo ${CM_MLPERF_RUN_COUNT}; CM_MLPERF_RUN_COUNT=$((CM_MLPERF_RUN_COUNT+1)); echo ${CM_MLPERF_RUN_COUNT} > ${CM_RUN_DIR}/count.txt && if [ ${CM_MLPERF_RUN_COUNT} -eq "1" ]; then export CM_MLPERF_USER_CONF=${CM_MLPERF_RANGING_USER_CONF}; else export CM_MLPERF_USER_CONF=${CM_MLPERF_TESTING_USER_CONF}; fi && /home/arjun/run.out'
client 2024-01-31 01:09:14,889 [INFO] Sending command to the server: 'time'
client 2024-01-31 01:09:14,893 [INFO] Got response: '1706663354.8895032'
client 2024-01-31 01:09:14,893 [INFO] The time difference between the client and the server is within range 0.157 ms..4.121 ms
client 2024-01-31 01:09:14,893 [INFO] Sending command to the server: 'session,2024-01-31_01-03-43,stop,ranging'
client 2024-01-31 01:09:25,216 [INFO] Got response: 'OK'
client 2024-01-31 01:09:25,217 [INFO] Sending command to the server: 'time'
client 2024-01-31 01:09:25,220 [INFO] Got response: '1706663365.2173328'
client 2024-01-31 01:09:25,221 [INFO] The time difference between the client and the server is within range 0.404 ms..3.938 ms
client 2024-01-31 01:09:25,239 [INFO] Copying loadgen logs from '/home/arjun/results_dir/valid_results/orin-tflite_cpp-cpu-tflite-vmaster-with_live_preprocessing/mobilenet-v2-precision_float-1.0-192/singlestream/performance/run_1' to '/home/arjun/results_dir/valid_results/orin-tflite_cpp-cpu-tflite-vmaster-with_live_preprocessing/mobilenet-v2-precision_float-1.0-192/singlestream/performance/tmp_power/ranging'
client 2024-01-31 01:09:25,242 [INFO] Running workload in testing mode
client 2024-01-31 01:09:25,242 [INFO] Synchronizing with the server and with time.google.com...
client 2024-01-31 01:09:25,267 [INFO] NTP:offset = -0.004 s, delay = 0.020 s 
client 2024-01-31 01:09:25,267 [INFO] Sending command to the server: 'time'
client 2024-01-31 01:09:25,270 [INFO] Got response: '1706663365.2667565'
client 2024-01-31 01:09:25,270 [INFO] The time difference between the client and the server is within range 0.530 ms..3.627 ms
client 2024-01-31 01:09:25,270 [INFO] Sending command to the server: 'session,2024-01-31_01-03-43,start,testing'
client 2024-01-31 01:09:38,288 [INFO] Got response: 'OK'
client 2024-01-31 01:09:38,288 [INFO] Sending command to the server: 'time'
client 2024-01-31 01:09:38,292 [INFO] Got response: '1706663378.2882738'
client 2024-01-31 01:09:38,292 [INFO] The time difference between the client and the server is within range 0.625 ms..4.417 ms
client 2024-01-31 01:09:38,292 [INFO] Running the workload 'CM_MLPERF_RUN_COUNT=$(cat ${CM_RUN_DIR}/count.txt); echo ${CM_MLPERF_RUN_COUNT}; CM_MLPERF_RUN_COUNT=$((CM_MLPERF_RUN_COUNT+1)); echo ${CM_MLPERF_RUN_COUNT} > ${CM_RUN_DIR}/count.txt && if [ ${CM_MLPERF_RUN_COUNT} -eq "1" ]; then export CM_MLPERF_USER_CONF=${CM_MLPERF_RANGING_USER_CONF}; else export CM_MLPERF_USER_CONF=${CM_MLPERF_TESTING_USER_CONF}; fi && /home/arjun/run.out'
client 2024-01-31 01:19:42,735 [INFO] Sending command to the server: 'time'
client 2024-01-31 01:19:42,739 [INFO] Got response: '1706663982.7351577'
client 2024-01-31 01:19:42,739 [INFO] The time difference between the client and the server is within range 0.031 ms..4.244 ms
client 2024-01-31 01:19:42,739 [INFO] Sending command to the server: 'session,2024-01-31_01-03-43,stop,testing'
client 2024-01-31 01:19:53,340 [INFO] Got response: 'OK'
client 2024-01-31 01:19:53,341 [INFO] Sending command to the server: 'time'
client 2024-01-31 01:19:53,344 [INFO] Got response: '1706663993.3406188'
client 2024-01-31 01:19:53,344 [INFO] The time difference between the client and the server is within range 0.810 ms..3.842 ms
client 2024-01-31 01:19:53,349 [INFO] Copying loadgen logs from '/home/arjun/results_dir/valid_results/orin-tflite_cpp-cpu-tflite-vmaster-with_live_preprocessing/mobilenet-v2-precision_float-1.0-192/singlestream/performance/run_1' to '/home/arjun/results_dir/valid_results/orin-tflite_cpp-cpu-tflite-vmaster-with_live_preprocessing/mobilenet-v2-precision_float-1.0-192/singlestream/performance/tmp_power/run_1'
client 2024-01-31 01:19:53,351 [INFO] Done runs
