client 2024-02-04 18:42:06,907 [INFO] Creating output directory '/home/arjun/results_dir/valid_results/orin-tflite_armnn_cpp-cpu-armnn_tflite-v23.11-using_neon_with_live_preprocessing/mobilenet-v3-precision_float-large-minimalistic-224/singlestream/performance/tmp_power'
client 2024-02-04 18:42:06,981 [INFO] Sending command to the server: 'mlcommons/power client v3'
client 2024-02-04 18:42:06,985 [INFO] Got response: 'mlcommons/power server v3'
client 2024-02-04 18:42:06,985 [INFO] Synchronizing with the server and with time.google.com...
client 2024-02-04 18:42:07,038 [INFO] NTP:offset = 0.001 s, delay = 0.045 s 
client 2024-02-04 18:42:07,039 [INFO] Sending command to the server: 'time'
client 2024-02-04 18:42:07,042 [INFO] Got response: '1707072127.0419738'
client 2024-02-04 18:42:07,042 [INFO] The time difference between the client and the server is within range -2.917 ms..0.184 ms
client 2024-02-04 18:42:07,042 [INFO] Sending command to the server: 'new,,fc8bb0f9-8a83-4f8b-b52b-0cc49215c2de'
client 2024-02-04 18:42:07,044 [INFO] Got response: 'OK 2024-02-04_18-42-07,3e8db2da-3275-4030-bf7a-a521a5bee493'
client 2024-02-04 18:42:07,044 [INFO] Session id is '2024-02-04_18-42-07'
client 2024-02-04 18:42:07,045 [INFO] Sources: {"sources": {"__init__.py": "da39a3ee5e6b4b0d3255bfef95601890afd80709", "client.py": "33ca4f26368777ac06e01f9567b714a4b8063886", "lib/__init__.py": "da39a3ee5e6b4b0d3255bfef95601890afd80709", "lib/client.py": "ac2aa093c8e8bbc9569b9e2a3471bc64e58a2258", "lib/common.py": "611d8b29633d331eb19c9455ea3b5fa3284ed6df", "lib/external/__init__.py": "da39a3ee5e6b4b0d3255bfef95601890afd80709", "lib/external/ntplib.py": "4da8f970656505a40483206ef2b5d3dd5e81711d", "lib/server.py": "99303c836c683aa9017ec565104e636161d02acb", "lib/source_hashes.py": "60a2e02193209e8d392803326208d5466342da18", "lib/summary.py": "aa92f0a3f975eecd44d3c0cd0236342ccc9f941d", "lib/time_sync.py": "80894ef2389e540781ff78de94db16aa4203a14e", "server.py": "c3f90f2f7eeb4db30727556d0c815ebc89b3d28b", "tests/unit/__init__.py": "da39a3ee5e6b4b0d3255bfef95601890afd80709", "tests/unit/test_server.py": "948c1995d4008bc2aa6c4046a34ffa3858d6d671", "tests/unit/test_source_hashes.py": "00468a2907583c593e6574a1f6b404e4651c221a"}, "modules": {"ptd_client_server.lib.client": "lib/client.py", "ptd_client_server.lib.common": "lib/common.py", "ptd_client_server.lib.external.ntplib": "lib/external/ntplib.py", "ptd_client_server.lib.source_hashes": "lib/source_hashes.py", "ptd_client_server.lib.summary": "lib/summary.py", "ptd_client_server.lib.time_sync": "lib/time_sync.py"}}
client 2024-02-04 18:42:07,045 [INFO] Running workload in ranging mode
client 2024-02-04 18:42:07,045 [INFO] Synchronizing with the server and with time.google.com...
client 2024-02-04 18:42:07,065 [INFO] NTP:offset = -0.002 s, delay = 0.018 s 
client 2024-02-04 18:42:07,065 [INFO] Sending command to the server: 'time'
client 2024-02-04 18:42:07,068 [INFO] Got response: '1707072127.0680544'
client 2024-02-04 18:42:07,068 [INFO] The time difference between the client and the server is within range -2.736 ms..0.532 ms
client 2024-02-04 18:42:07,068 [INFO] Sending command to the server: 'session,2024-02-04_18-42-07,start,ranging'
client 2024-02-04 18:42:35,156 [INFO] Got response: 'OK'
client 2024-02-04 18:42:35,159 [INFO] Sending command to the server: 'time'
client 2024-02-04 18:42:35,162 [INFO] Got response: '1707072155.1617951'
client 2024-02-04 18:42:35,163 [INFO] The time difference between the client and the server is within range -2.630 ms..1.409 ms
client 2024-02-04 18:42:35,163 [INFO] Running the workload 'CM_MLPERF_RUN_COUNT=$(cat ${CM_RUN_DIR}/count.txt); echo ${CM_MLPERF_RUN_COUNT}; CM_MLPERF_RUN_COUNT=$((CM_MLPERF_RUN_COUNT+1)); echo ${CM_MLPERF_RUN_COUNT} > ${CM_RUN_DIR}/count.txt && if [ ${CM_MLPERF_RUN_COUNT} -eq "1" ]; then export CM_MLPERF_USER_CONF=${CM_MLPERF_RANGING_USER_CONF}; else export CM_MLPERF_USER_CONF=${CM_MLPERF_TESTING_USER_CONF}; fi && /mnt/CM/repos/ctuning@mlcommons-ck/cm-mlops/script/get-lib-armnn/run.out'
client 2024-02-04 18:47:37,578 [INFO] Sending command to the server: 'time'
client 2024-02-04 18:47:37,632 [INFO] Got response: '1707072457.6297035'
client 2024-02-04 18:47:37,632 [INFO] The time difference between the client and the server is within range -51.606 ms..2.669 ms
client 2024-02-04 18:47:37,632 [INFO] Sending command to the server: 'session,2024-02-04_18-42-07,stop,ranging'
client 2024-02-04 18:47:48,256 [INFO] Got response: 'OK'
client 2024-02-04 18:47:48,257 [INFO] Sending command to the server: 'time'
client 2024-02-04 18:47:48,261 [INFO] Got response: '1707072468.2600486'
client 2024-02-04 18:47:48,262 [INFO] The time difference between the client and the server is within range -2.443 ms..1.871 ms
client 2024-02-04 18:47:48,279 [INFO] Copying loadgen logs from '/home/arjun/results_dir/valid_results/orin-tflite_armnn_cpp-cpu-armnn_tflite-v23.11-using_neon_with_live_preprocessing/mobilenet-v3-precision_float-large-minimalistic-224/singlestream/performance/run_1' to '/home/arjun/results_dir/valid_results/orin-tflite_armnn_cpp-cpu-armnn_tflite-v23.11-using_neon_with_live_preprocessing/mobilenet-v3-precision_float-large-minimalistic-224/singlestream/performance/tmp_power/ranging'
client 2024-02-04 18:47:48,282 [INFO] Running workload in testing mode
client 2024-02-04 18:47:48,282 [INFO] Synchronizing with the server and with time.google.com...
client 2024-02-04 18:47:48,313 [INFO] NTP:offset = -0.000 s, delay = 0.025 s 
client 2024-02-04 18:47:48,313 [INFO] Sending command to the server: 'time'
client 2024-02-04 18:47:48,317 [INFO] Got response: '1707072468.3155825'
client 2024-02-04 18:47:48,317 [INFO] The time difference between the client and the server is within range -2.079 ms..2.106 ms
client 2024-02-04 18:47:48,317 [INFO] Sending command to the server: 'session,2024-02-04_18-42-07,start,testing'
client 2024-02-04 18:48:01,342 [INFO] Got response: 'OK'
client 2024-02-04 18:48:01,343 [INFO] Sending command to the server: 'time'
client 2024-02-04 18:48:01,348 [INFO] Got response: '1707072481.345845'
client 2024-02-04 18:48:01,348 [INFO] The time difference between the client and the server is within range -2.184 ms..2.605 ms
client 2024-02-04 18:48:01,348 [INFO] Running the workload 'CM_MLPERF_RUN_COUNT=$(cat ${CM_RUN_DIR}/count.txt); echo ${CM_MLPERF_RUN_COUNT}; CM_MLPERF_RUN_COUNT=$((CM_MLPERF_RUN_COUNT+1)); echo ${CM_MLPERF_RUN_COUNT} > ${CM_RUN_DIR}/count.txt && if [ ${CM_MLPERF_RUN_COUNT} -eq "1" ]; then export CM_MLPERF_USER_CONF=${CM_MLPERF_RANGING_USER_CONF}; else export CM_MLPERF_USER_CONF=${CM_MLPERF_TESTING_USER_CONF}; fi && /mnt/CM/repos/ctuning@mlcommons-ck/cm-mlops/script/get-lib-armnn/run.out'
client 2024-02-04 18:58:05,576 [INFO] Sending command to the server: 'time'
client 2024-02-04 18:58:05,678 [INFO] Got response: '1707073085.6754422'
client 2024-02-04 18:58:05,678 [INFO] The time difference between the client and the server is within range -98.984 ms..3.187 ms
client 2024-02-04 18:58:05,678 [INFO] Sending command to the server: 'session,2024-02-04_18-42-07,stop,testing'
client 2024-02-04 18:58:16,399 [INFO] Got response: 'OK'
client 2024-02-04 18:58:16,400 [INFO] Sending command to the server: 'time'
client 2024-02-04 18:58:16,404 [INFO] Got response: '1707073096.4020362'
client 2024-02-04 18:58:16,404 [INFO] The time difference between the client and the server is within range -1.435 ms..2.359 ms
client 2024-02-04 18:58:16,409 [INFO] Copying loadgen logs from '/home/arjun/results_dir/valid_results/orin-tflite_armnn_cpp-cpu-armnn_tflite-v23.11-using_neon_with_live_preprocessing/mobilenet-v3-precision_float-large-minimalistic-224/singlestream/performance/run_1' to '/home/arjun/results_dir/valid_results/orin-tflite_armnn_cpp-cpu-armnn_tflite-v23.11-using_neon_with_live_preprocessing/mobilenet-v3-precision_float-large-minimalistic-224/singlestream/performance/tmp_power/run_1'
client 2024-02-04 18:58:16,412 [INFO] Done runs
