Graph file: /home/ec2-user/CM/repos/local/cache/325a5d6877c14e7f/mobilenet_v2_1.0_128.tflite
Image dir: /home/ec2-user/CM/repos/local/cache/32f88e9a186148e2
Image list: /home/ec2-user/CM/repos/local/cache/32f88e9a186148e2/preprocessed_files.txt
Image size: 128
Image channels: 3
Prediction classes: 1000
Result dir: /home/ec2-user/CM/repos/local/cache/2b88026e7cd54ea9/valid_results/ip_172_31_41_189.us_west_2.compute.internal-tflite_cpp-cpu-tflite-vmaster-with_live_preprocessing/mobilenet-v2-precision_float-1.0-128/singlestream/performance/run_1
How many images fit in memory buffer: 1024
Normalize: 1
Subtract mean: 0
Run time preprocessing: 1
Number of Threads: 4
Number of available imagefiles: 50000

Loading graph...
INFO: Created TensorFlow Lite XNNPACK delegate for CPU.
Input tensor dimensions (NHWC): 1*128*128*3
Output tensor dimensions: 1*1001
Path to mlperf.conf : /home/ec2-user/CM/repos/local/cache/8a7eb07153174f8b/inference/mlperf.conf
Path to user.conf : /home/ec2-user/CM/repos/ctuning@mlcommons-ck/cm-mlops/script/generate-mlperf-inference-user-conf/tmp/e70ac3f1c51d4f2cb3308636a408c501.conf
Model Name: mobilenet
LoadGen Scenario: SingleStream
LoadGen Mode: performance
