client 2024-02-12 10:37:27,579 [INFO] Creating output directory '/home/krai/work_collection/experiments_submission/generated_by_power_measurement_on_run_befaf1305610412f82f20eb28c72820a/power_logs'
client 2024-02-12 10:37:27,580 [INFO] Sending command to the server: 'mlcommons/power client v3'
client 2024-02-12 10:37:27,581 [INFO] Got response: 'mlcommons/power server v3'
client 2024-02-12 10:37:27,581 [INFO] Synchronizing with the server and with time.google.com...
client 2024-02-12 10:37:27,657 [INFO] NTP:offset = -0.003 s, delay = 0.071 s 
client 2024-02-12 10:37:27,657 [INFO] Sending command to the server: 'time'
client 2024-02-12 10:37:27,658 [INFO] Got response: '1707755847.6542141'
client 2024-02-12 10:37:27,658 [INFO] The time difference between the client and the server is within range 3.114 ms..4.497 ms
client 2024-02-12 10:37:27,658 [INFO] Sending command to the server: 'new,,577d815c-f255-499e-b183-5ad698ccf460'
client 2024-02-12 10:37:27,660 [INFO] Got response: 'OK 2024-02-12_10-37-27,6ce37438-5352-4025-a12b-e3f69eb9c5b4'
client 2024-02-12 10:37:27,660 [INFO] Session id is '2024-02-12_10-37-27'
client 2024-02-12 10:37:27,660 [INFO] Sources: {"sources": {"__init__.py": "da39a3ee5e6b4b0d3255bfef95601890afd80709", "client.py": "33ca4f26368777ac06e01f9567b714a4b8063886", "lib/__init__.py": "da39a3ee5e6b4b0d3255bfef95601890afd80709", "lib/client.py": "ac2aa093c8e8bbc9569b9e2a3471bc64e58a2258", "lib/common.py": "611d8b29633d331eb19c9455ea3b5fa3284ed6df", "lib/external/__init__.py": "da39a3ee5e6b4b0d3255bfef95601890afd80709", "lib/external/ntplib.py": "4da8f970656505a40483206ef2b5d3dd5e81711d", "lib/server.py": "99303c836c683aa9017ec565104e636161d02acb", "lib/source_hashes.py": "60a2e02193209e8d392803326208d5466342da18", "lib/summary.py": "aa92f0a3f975eecd44d3c0cd0236342ccc9f941d", "lib/time_sync.py": "80894ef2389e540781ff78de94db16aa4203a14e", "server.py": "c3f90f2f7eeb4db30727556d0c815ebc89b3d28b", "tests/unit/__init__.py": "da39a3ee5e6b4b0d3255bfef95601890afd80709", "tests/unit/test_server.py": "948c1995d4008bc2aa6c4046a34ffa3858d6d671", "tests/unit/test_source_hashes.py": "00468a2907583c593e6574a1f6b404e4651c221a"}, "modules": {"ptd_client_server.lib.client": "lib/client.py", "ptd_client_server.lib.common": "lib/common.py", "ptd_client_server.lib.external.ntplib": "lib/external/ntplib.py", "ptd_client_server.lib.source_hashes": "lib/source_hashes.py", "ptd_client_server.lib.summary": "lib/summary.py", "ptd_client_server.lib.time_sync": "lib/time_sync.py"}}
client 2024-02-12 10:37:27,660 [INFO] Running workload in ranging mode
client 2024-02-12 10:37:27,660 [INFO] Synchronizing with the server and with time.google.com...
client 2024-02-12 10:37:27,726 [INFO] NTP:offset = 0.001 s, delay = 0.065 s 
client 2024-02-12 10:37:27,726 [INFO] Sending command to the server: 'time'
client 2024-02-12 10:37:27,728 [INFO] Got response: '1707755847.7236207'
client 2024-02-12 10:37:27,728 [INFO] The time difference between the client and the server is within range 3.217 ms..4.527 ms
client 2024-02-12 10:37:27,728 [INFO] Sending command to the server: 'session,2024-02-12_10-37-27,start,ranging'
client 2024-02-12 10:37:56,850 [INFO] Got response: 'OK'
client 2024-02-12 10:37:56,850 [INFO] Sending command to the server: 'time'
client 2024-02-12 10:37:56,851 [INFO] Got response: '1707755876.8472888'
client 2024-02-12 10:37:56,851 [INFO] The time difference between the client and the server is within range 3.211 ms..4.548 ms
client 2024-02-12 10:37:56,851 [INFO] Running the workload 'axs byquery loadgen_output,task=bert,sut_name=r282_q2_ultra_edge,model_name=bert-99,framework=kilt,device=qaic,collection_name=experiments_submission,loadgen_mode=PerformanceOnly,loadgen_compliance_test-,loadgen_scenario=Offline,_with_power+,symlink_to=/home/krai/work_collection/experiments_submission/generated_by_power_measurement_on_run_befaf1305610412f82f20eb28c72820a/last_mlperf_logs,power_client_entrydic_path=/home/krai/work_collection/experiments_submission/generated_by_power_measurement_on_run_befaf1305610412f82f20eb28c72820a/program_output.json,effective_no_ranging-'
client 2024-02-12 10:50:05,473 [INFO] Sending command to the server: 'time'
client 2024-02-12 10:50:05,474 [INFO] Got response: '1707756605.4701586'
client 2024-02-12 10:50:05,475 [INFO] The time difference between the client and the server is within range 3.056 ms..4.898 ms
client 2024-02-12 10:50:05,475 [INFO] Sending command to the server: 'session,2024-02-12_10-37-27,stop,ranging'
client 2024-02-12 10:50:15,870 [INFO] Got response: 'OK'
client 2024-02-12 10:50:15,870 [INFO] Sending command to the server: 'time'
client 2024-02-12 10:50:15,871 [INFO] Got response: '1707756615.8671665'
client 2024-02-12 10:50:15,871 [INFO] The time difference between the client and the server is within range 3.736 ms..4.634 ms
client 2024-02-12 10:50:15,877 [INFO] Copying loadgen logs from '/home/krai/work_collection/experiments_submission/generated_by_power_measurement_on_run_befaf1305610412f82f20eb28c72820a/last_mlperf_logs' to '/home/krai/work_collection/experiments_submission/generated_by_power_measurement_on_run_befaf1305610412f82f20eb28c72820a/power_logs/ranging'
client 2024-02-12 10:50:15,878 [INFO] Running workload in testing mode
client 2024-02-12 10:50:15,878 [INFO] Synchronizing with the server and with time.google.com...
client 2024-02-12 10:50:15,950 [INFO] NTP:offset = -0.004 s, delay = 0.071 s 
client 2024-02-12 10:50:15,950 [INFO] Sending command to the server: 'time'
client 2024-02-12 10:50:15,952 [INFO] Got response: '1707756615.9475133'
client 2024-02-12 10:50:15,952 [INFO] The time difference between the client and the server is within range 3.371 ms..4.792 ms
client 2024-02-12 10:50:15,952 [INFO] Sending command to the server: 'session,2024-02-12_10-37-27,start,testing'
client 2024-02-12 10:50:28,969 [INFO] Got response: 'OK'
client 2024-02-12 10:50:28,970 [INFO] Sending command to the server: 'time'
client 2024-02-12 10:50:28,971 [INFO] Got response: '1707756628.9667149'
client 2024-02-12 10:50:28,971 [INFO] The time difference between the client and the server is within range 3.427 ms..4.781 ms
client 2024-02-12 10:50:28,971 [INFO] Running the workload 'axs byquery loadgen_output,task=bert,sut_name=r282_q2_ultra_edge,model_name=bert-99,framework=kilt,device=qaic,collection_name=experiments_submission,loadgen_mode=PerformanceOnly,loadgen_compliance_test-,loadgen_scenario=Offline,_with_power+,symlink_to=/home/krai/work_collection/experiments_submission/generated_by_power_measurement_on_run_befaf1305610412f82f20eb28c72820a/last_mlperf_logs,power_client_entrydic_path=/home/krai/work_collection/experiments_submission/generated_by_power_measurement_on_run_befaf1305610412f82f20eb28c72820a/program_output.json,effective_no_ranging-'
client 2024-02-12 11:02:43,743 [INFO] Sending command to the server: 'time'
client 2024-02-12 11:02:43,745 [INFO] Got response: '1707757363.740475'
client 2024-02-12 11:02:43,745 [INFO] The time difference between the client and the server is within range 3.115 ms..4.878 ms
client 2024-02-12 11:02:43,745 [INFO] Sending command to the server: 'session,2024-02-12_10-37-27,stop,testing'
client 2024-02-12 11:02:54,029 [INFO] Got response: 'OK'
client 2024-02-12 11:02:54,029 [INFO] Sending command to the server: 'time'
client 2024-02-12 11:02:54,030 [INFO] Got response: '1707757374.0260186'
client 2024-02-12 11:02:54,030 [INFO] The time difference between the client and the server is within range 3.897 ms..4.685 ms
client 2024-02-12 11:02:54,032 [INFO] Copying loadgen logs from '/home/krai/work_collection/experiments_submission/generated_by_power_measurement_on_run_befaf1305610412f82f20eb28c72820a/last_mlperf_logs' to '/home/krai/work_collection/experiments_submission/generated_by_power_measurement_on_run_befaf1305610412f82f20eb28c72820a/power_logs/run_1'
client 2024-02-12 11:02:54,032 [INFO] Done runs
