Graph file: /home/ubuntu/CM/repos/local/cache/c67178b7337c4519/efficientnet-lite1/efficientnet-lite1-int8.tflite
Image dir: /home/ubuntu/CM/repos/local/cache/263b0d46b3d6472a
Image list: /home/ubuntu/CM/repos/local/cache/263b0d46b3d6472a/preprocessed_files.txt
Image size: 240
Image channels: 3
Prediction classes: 1000
Result dir: /home/ubuntu/CM/repos/local/cache/9189d9e91ded4a64/valid_results/ip_172_31_17_121-tflite_cpp-cpu-tflite-vmaster-default_config/efficientnet-int8-lite1/singlestream/performance/run_1
How many images fit in memory buffer: 1024
Normalize: 1
Subtract mean: 0
Run time preprocessing: 1
Number of Threads: 16
Number of available imagefiles: 50000

Loading graph...
INFO: Created TensorFlow Lite XNNPACK delegate for CPU.
Input tensor dimensions (NHWC): 1*240*240*3
Output tensor dimensions: 1*1000
Path to mlperf.conf : /home/ubuntu/CM/repos/local/cache/64edb80306f94124/inference/mlperf.conf
Path to user.conf : /home/ubuntu/CM/repos/ctuning@mlcommons-ck/cm-mlops/script/generate-mlperf-inference-user-conf/tmp/cb4ac1f1265040dc9dc72d91bdb5e4a0.conf
Model Name: efficientnet
LoadGen Scenario: SingleStream
LoadGen Mode: performance
