Graph file: /home/ubuntu/CM/repos/local/cache/0f2eac50c2424d47/mobilenet_v1_0.5_160.tflite
Image dir: /home/ubuntu/CM/repos/local/cache/2ce516e633c4433b
Image list: /home/ubuntu/CM/repos/local/cache/2ce516e633c4433b/preprocessed_files.txt
Image size: 160
Image channels: 3
Prediction classes: 1000
Result dir: /home/ubuntu/CM/repos/local/cache/ab6453667ee043c6/valid_results/t2.2xlarge-tflite_cpp-cpu-tflite-vmaster-default_config/mobilenet-v1-precision_float-0.5-160/singlestream/performance/run_1
How many images fit in memory buffer: 1024
Normalize: 1
Subtract mean: 0
Run time preprocessing: 0
Number of Threads: 8
Number of available imagefiles: 50000

Loading graph...
INFO: Created TensorFlow Lite XNNPACK delegate for CPU.
Input tensor dimensions (NHWC): 1*160*160*3
Output tensor dimensions: 1*1001
Path to mlperf.conf : /home/ubuntu/CM/repos/local/cache/579980e63fab43fc/inference/mlperf.conf
Path to user.conf : /home/ubuntu/CM/repos/ctuning@mlcommons-ck/cm-mlops/script/generate-mlperf-inference-user-conf/tmp/761c90df5ded4ff0bb47ce822d477a34.conf
Model Name: mobilenet
LoadGen Scenario: SingleStream
LoadGen Mode: performance
