client 2024-02-22 12:47:11,743 [INFO] Creating output directory '/home/arjun/CM/repos/local/cache/ebae02e3af2d40d4/valid_results/qrb5165-kilt-qaic-glow-vdefault-default_config/resnet50/singlestream/performance/tmp_power'
client 2024-02-22 12:47:11,799 [INFO] Sending command to the server: 'mlcommons/power client v3'
client 2024-02-22 12:47:11,807 [INFO] Got response: 'mlcommons/power server v3'
client 2024-02-22 12:47:11,807 [INFO] Synchronizing with the server and with time.google.com...
client 2024-02-22 12:47:11,833 [INFO] NTP:offset = -0.000 s, delay = 0.014 s 
client 2024-02-22 12:47:11,833 [INFO] Sending command to the server: 'time'
client 2024-02-22 12:47:11,839 [INFO] Got response: '1708606031.8373213'
client 2024-02-22 12:47:11,839 [INFO] The time difference between the client and the server is within range -3.838 ms..2.228 ms
client 2024-02-22 12:47:11,839 [INFO] Sending command to the server: 'new,,1a14a796-c65d-46b6-aae0-8e3429a5bb44'
client 2024-02-22 12:47:11,846 [INFO] Got response: 'OK 2024-02-22_12-47-11,504868a5-ef0a-42bc-af1c-08bf2f0bdda7'
client 2024-02-22 12:47:11,846 [INFO] Session id is '2024-02-22_12-47-11'
client 2024-02-22 12:47:11,847 [INFO] Sources: {"sources": {"__init__.py": "da39a3ee5e6b4b0d3255bfef95601890afd80709", "client.py": "33ca4f26368777ac06e01f9567b714a4b8063886", "lib/__init__.py": "da39a3ee5e6b4b0d3255bfef95601890afd80709", "lib/client.py": "ac2aa093c8e8bbc9569b9e2a3471bc64e58a2258", "lib/common.py": "611d8b29633d331eb19c9455ea3b5fa3284ed6df", "lib/external/__init__.py": "da39a3ee5e6b4b0d3255bfef95601890afd80709", "lib/external/ntplib.py": "4da8f970656505a40483206ef2b5d3dd5e81711d", "lib/server.py": "99303c836c683aa9017ec565104e636161d02acb", "lib/source_hashes.py": "60a2e02193209e8d392803326208d5466342da18", "lib/summary.py": "aa92f0a3f975eecd44d3c0cd0236342ccc9f941d", "lib/time_sync.py": "80894ef2389e540781ff78de94db16aa4203a14e", "server.py": "c3f90f2f7eeb4db30727556d0c815ebc89b3d28b", "tests/unit/__init__.py": "da39a3ee5e6b4b0d3255bfef95601890afd80709", "tests/unit/test_server.py": "948c1995d4008bc2aa6c4046a34ffa3858d6d671", "tests/unit/test_source_hashes.py": "00468a2907583c593e6574a1f6b404e4651c221a"}, "modules": {"ptd_client_server.lib.client": "lib/client.py", "ptd_client_server.lib.common": "lib/common.py", "ptd_client_server.lib.external.ntplib": "lib/external/ntplib.py", "ptd_client_server.lib.source_hashes": "lib/source_hashes.py", "ptd_client_server.lib.summary": "lib/summary.py", "ptd_client_server.lib.time_sync": "lib/time_sync.py"}}
client 2024-02-22 12:47:11,847 [INFO] Running workload in ranging mode
client 2024-02-22 12:47:11,848 [INFO] Synchronizing with the server and with time.google.com...
client 2024-02-22 12:47:11,877 [INFO] NTP:offset = 0.000 s, delay = 0.019 s 
client 2024-02-22 12:47:11,877 [INFO] Sending command to the server: 'time'
client 2024-02-22 12:47:11,884 [INFO] Got response: '1708606031.8820007'
client 2024-02-22 12:47:11,885 [INFO] The time difference between the client and the server is within range -4.759 ms..3.260 ms
client 2024-02-22 12:47:11,885 [INFO] Sending command to the server: 'session,2024-02-22_12-47-11,start,ranging'
client 2024-02-22 12:47:39,987 [INFO] Got response: 'OK'
client 2024-02-22 12:47:39,988 [INFO] Sending command to the server: 'time'
client 2024-02-22 12:47:39,996 [INFO] Got response: '1708606059.9935806'
client 2024-02-22 12:47:39,996 [INFO] The time difference between the client and the server is within range -5.293 ms..3.074 ms
client 2024-02-22 12:47:39,997 [INFO] Running the workload '/home/arjun/CM/repos/local/cache/ebae02e3af2d40d4/valid_results/qrb5165-kilt-qaic-glow-vdefault-default_config/resnet50/singlestream/performance/run_1/run.out 2>&1 | tee /home/arjun/CM/repos/local/cache/ebae02e3af2d40d4/valid_results/qrb5165-kilt-qaic-glow-vdefault-default_config/resnet50/singlestream/performance/run_1/console.out'
client 2024-02-22 12:57:48,399 [INFO] Sending command to the server: 'time'
client 2024-02-22 12:57:48,424 [INFO] Got response: '1708606668.4228368'
client 2024-02-22 12:57:48,424 [INFO] The time difference between the client and the server is within range -23.944 ms..1.749 ms
client 2024-02-22 12:57:48,424 [INFO] Sending command to the server: 'session,2024-02-22_12-47-11,stop,ranging'
client 2024-02-22 12:57:59,158 [INFO] Got response: 'OK'
client 2024-02-22 12:57:59,158 [INFO] Sending command to the server: 'time'
client 2024-02-22 12:57:59,166 [INFO] Got response: '1708606679.164552'
client 2024-02-22 12:57:59,166 [INFO] The time difference between the client and the server is within range -6.133 ms..2.093 ms
client 2024-02-22 12:57:59,183 [INFO] Copying loadgen logs from '/home/arjun/CM/repos/local/cache/ebae02e3af2d40d4/valid_results/qrb5165-kilt-qaic-glow-vdefault-default_config/resnet50/singlestream/performance/run_1' to '/home/arjun/CM/repos/local/cache/ebae02e3af2d40d4/valid_results/qrb5165-kilt-qaic-glow-vdefault-default_config/resnet50/singlestream/performance/tmp_power/ranging'
client 2024-02-22 12:57:59,189 [INFO] Running workload in testing mode
client 2024-02-22 12:57:59,189 [INFO] Synchronizing with the server and with time.google.com...
client 2024-02-22 12:57:59,221 [INFO] NTP:offset = 0.001 s, delay = 0.014 s 
client 2024-02-22 12:57:59,221 [INFO] Sending command to the server: 'time'
client 2024-02-22 12:57:59,227 [INFO] Got response: '1708606679.2258062'
client 2024-02-22 12:57:59,227 [INFO] The time difference between the client and the server is within range -4.244 ms..2.073 ms
client 2024-02-22 12:57:59,228 [INFO] Sending command to the server: 'session,2024-02-22_12-47-11,start,testing'
client 2024-02-22 12:58:12,254 [INFO] Got response: 'OK'
client 2024-02-22 12:58:12,254 [INFO] Sending command to the server: 'time'
client 2024-02-22 12:58:12,262 [INFO] Got response: '1708606692.2613287'
client 2024-02-22 12:58:12,262 [INFO] The time difference between the client and the server is within range -6.616 ms..1.200 ms
client 2024-02-22 12:58:12,262 [INFO] Running the workload '/home/arjun/CM/repos/local/cache/ebae02e3af2d40d4/valid_results/qrb5165-kilt-qaic-glow-vdefault-default_config/resnet50/singlestream/performance/run_1/run.out 2>&1 | tee /home/arjun/CM/repos/local/cache/ebae02e3af2d40d4/valid_results/qrb5165-kilt-qaic-glow-vdefault-default_config/resnet50/singlestream/performance/run_1/console.out'
client 2024-02-22 13:08:20,866 [INFO] Sending command to the server: 'time'
client 2024-02-22 13:08:20,952 [INFO] Got response: '1708607300.9514103'
client 2024-02-22 13:08:20,952 [INFO] The time difference between the client and the server is within range -85.508 ms..1.106 ms
client 2024-02-22 13:08:20,952 [INFO] Sending command to the server: 'session,2024-02-22_12-47-11,stop,testing'
client 2024-02-22 13:08:31,306 [INFO] Got response: 'OK'
client 2024-02-22 13:08:31,306 [INFO] Sending command to the server: 'time'
client 2024-02-22 13:08:31,313 [INFO] Got response: '1708607311.3134713'
client 2024-02-22 13:08:31,314 [INFO] The time difference between the client and the server is within range -6.946 ms..0.671 ms
client 2024-02-22 13:08:31,318 [INFO] Copying loadgen logs from '/home/arjun/CM/repos/local/cache/ebae02e3af2d40d4/valid_results/qrb5165-kilt-qaic-glow-vdefault-default_config/resnet50/singlestream/performance/run_1' to '/home/arjun/CM/repos/local/cache/ebae02e3af2d40d4/valid_results/qrb5165-kilt-qaic-glow-vdefault-default_config/resnet50/singlestream/performance/tmp_power/run_1'
client 2024-02-22 13:08:31,325 [INFO] Done runs
