client 2024-02-04 16:46:04,220 [INFO] Creating output directory '/home/arjun/results_dir/valid_results/orin-tflite_armnn_cpp-cpu-armnn_tflite-v23.11-using_neon/mobilenet-v2-precision_uint8-0.35-192/singlestream/performance/tmp_power'
client 2024-02-04 16:46:04,223 [INFO] Sending command to the server: 'mlcommons/power client v3'
client 2024-02-04 16:46:04,227 [INFO] Got response: 'mlcommons/power server v3'
client 2024-02-04 16:46:04,227 [INFO] Synchronizing with the server and with time.google.com...
client 2024-02-04 16:46:04,253 [INFO] NTP:offset = 0.005 s, delay = 0.020 s 
client 2024-02-04 16:46:04,253 [INFO] Sending command to the server: 'time'
client 2024-02-04 16:46:04,257 [INFO] Got response: '1707065164.2619298'
client 2024-02-04 16:46:04,257 [INFO] The time difference between the client and the server is within range -8.239 ms..-4.211 ms
client 2024-02-04 16:46:04,257 [INFO] Sending command to the server: 'new,,72a788f2-cb53-4699-8b03-987df6a570d4'
client 2024-02-04 16:46:04,261 [INFO] Got response: 'OK 2024-02-04_16-46-04,008b5ee0-0211-4869-b44b-f1d157932cd9'
client 2024-02-04 16:46:04,261 [INFO] Session id is '2024-02-04_16-46-04'
client 2024-02-04 16:46:04,261 [INFO] Sources: {"sources": {"__init__.py": "da39a3ee5e6b4b0d3255bfef95601890afd80709", "client.py": "33ca4f26368777ac06e01f9567b714a4b8063886", "lib/__init__.py": "da39a3ee5e6b4b0d3255bfef95601890afd80709", "lib/client.py": "ac2aa093c8e8bbc9569b9e2a3471bc64e58a2258", "lib/common.py": "611d8b29633d331eb19c9455ea3b5fa3284ed6df", "lib/external/__init__.py": "da39a3ee5e6b4b0d3255bfef95601890afd80709", "lib/external/ntplib.py": "4da8f970656505a40483206ef2b5d3dd5e81711d", "lib/server.py": "99303c836c683aa9017ec565104e636161d02acb", "lib/source_hashes.py": "60a2e02193209e8d392803326208d5466342da18", "lib/summary.py": "aa92f0a3f975eecd44d3c0cd0236342ccc9f941d", "lib/time_sync.py": "80894ef2389e540781ff78de94db16aa4203a14e", "server.py": "c3f90f2f7eeb4db30727556d0c815ebc89b3d28b", "tests/unit/__init__.py": "da39a3ee5e6b4b0d3255bfef95601890afd80709", "tests/unit/test_server.py": "948c1995d4008bc2aa6c4046a34ffa3858d6d671", "tests/unit/test_source_hashes.py": "00468a2907583c593e6574a1f6b404e4651c221a"}, "modules": {"ptd_client_server.lib.client": "lib/client.py", "ptd_client_server.lib.common": "lib/common.py", "ptd_client_server.lib.external.ntplib": "lib/external/ntplib.py", "ptd_client_server.lib.source_hashes": "lib/source_hashes.py", "ptd_client_server.lib.summary": "lib/summary.py", "ptd_client_server.lib.time_sync": "lib/time_sync.py"}}
client 2024-02-04 16:46:04,262 [INFO] Running workload in ranging mode
client 2024-02-04 16:46:04,262 [INFO] Synchronizing with the server and with time.google.com...
client 2024-02-04 16:46:04,308 [INFO] NTP:offset = 0.006 s, delay = 0.045 s 
client 2024-02-04 16:46:04,308 [INFO] Sending command to the server: 'time'
client 2024-02-04 16:46:04,311 [INFO] Got response: '1707065164.316514'
client 2024-02-04 16:46:04,311 [INFO] The time difference between the client and the server is within range -7.623 ms..-4.641 ms
client 2024-02-04 16:46:04,312 [INFO] Sending command to the server: 'session,2024-02-04_16-46-04,start,ranging'
client 2024-02-04 16:46:32,405 [INFO] Got response: 'OK'
client 2024-02-04 16:46:32,407 [INFO] Sending command to the server: 'time'
client 2024-02-04 16:46:32,411 [INFO] Got response: '1707065192.4159935'
client 2024-02-04 16:46:32,412 [INFO] The time difference between the client and the server is within range -8.220 ms..-3.882 ms
client 2024-02-04 16:46:32,412 [INFO] Running the workload 'CM_MLPERF_RUN_COUNT=$(cat ${CM_RUN_DIR}/count.txt); echo ${CM_MLPERF_RUN_COUNT}; CM_MLPERF_RUN_COUNT=$((CM_MLPERF_RUN_COUNT+1)); echo ${CM_MLPERF_RUN_COUNT} > ${CM_RUN_DIR}/count.txt && if [ ${CM_MLPERF_RUN_COUNT} -eq "1" ]; then export CM_MLPERF_USER_CONF=${CM_MLPERF_RANGING_USER_CONF}; else export CM_MLPERF_USER_CONF=${CM_MLPERF_TESTING_USER_CONF}; fi && /mnt/CM/repos/ctuning@mlcommons-ck/cm-mlops/script/get-lib-armnn/run.out'
client 2024-02-04 16:51:34,861 [INFO] Sending command to the server: 'time'
client 2024-02-04 16:51:34,896 [INFO] Got response: '1707065494.901143'
client 2024-02-04 16:51:34,897 [INFO] The time difference between the client and the server is within range -39.873 ms..-3.859 ms
client 2024-02-04 16:51:34,897 [INFO] Sending command to the server: 'session,2024-02-04_16-46-04,stop,ranging'
client 2024-02-04 16:51:45,517 [INFO] Got response: 'OK'
client 2024-02-04 16:51:45,517 [INFO] Sending command to the server: 'time'
client 2024-02-04 16:51:45,521 [INFO] Got response: '1707065505.5265274'
client 2024-02-04 16:51:45,522 [INFO] The time difference between the client and the server is within range -8.610 ms..-4.419 ms
client 2024-02-04 16:51:45,539 [INFO] Copying loadgen logs from '/home/arjun/results_dir/valid_results/orin-tflite_armnn_cpp-cpu-armnn_tflite-v23.11-using_neon/mobilenet-v2-precision_uint8-0.35-192/singlestream/performance/run_1' to '/home/arjun/results_dir/valid_results/orin-tflite_armnn_cpp-cpu-armnn_tflite-v23.11-using_neon/mobilenet-v2-precision_uint8-0.35-192/singlestream/performance/tmp_power/ranging'
client 2024-02-04 16:51:45,542 [INFO] Running workload in testing mode
client 2024-02-04 16:51:45,542 [INFO] Synchronizing with the server and with time.google.com...
client 2024-02-04 16:51:45,570 [INFO] NTP:offset = 0.006 s, delay = 0.023 s 
client 2024-02-04 16:51:45,570 [INFO] Sending command to the server: 'time'
client 2024-02-04 16:51:45,574 [INFO] Got response: '1707065505.5790472'
client 2024-02-04 16:51:45,574 [INFO] The time difference between the client and the server is within range -8.441 ms..-4.489 ms
client 2024-02-04 16:51:45,574 [INFO] Sending command to the server: 'session,2024-02-04_16-46-04,start,testing'
client 2024-02-04 16:51:58,597 [INFO] Got response: 'OK'
client 2024-02-04 16:51:58,598 [INFO] Sending command to the server: 'time'
client 2024-02-04 16:51:58,602 [INFO] Got response: '1707065518.6070952'
client 2024-02-04 16:51:58,602 [INFO] The time difference between the client and the server is within range -8.418 ms..-4.478 ms
client 2024-02-04 16:51:58,602 [INFO] Running the workload 'CM_MLPERF_RUN_COUNT=$(cat ${CM_RUN_DIR}/count.txt); echo ${CM_MLPERF_RUN_COUNT}; CM_MLPERF_RUN_COUNT=$((CM_MLPERF_RUN_COUNT+1)); echo ${CM_MLPERF_RUN_COUNT} > ${CM_RUN_DIR}/count.txt && if [ ${CM_MLPERF_RUN_COUNT} -eq "1" ]; then export CM_MLPERF_USER_CONF=${CM_MLPERF_RANGING_USER_CONF}; else export CM_MLPERF_USER_CONF=${CM_MLPERF_TESTING_USER_CONF}; fi && /mnt/CM/repos/ctuning@mlcommons-ck/cm-mlops/script/get-lib-armnn/run.out'
client 2024-02-04 17:02:03,128 [INFO] Sending command to the server: 'time'
client 2024-02-04 17:02:03,132 [INFO] Got response: '1707066123.1333904'
client 2024-02-04 17:02:03,132 [INFO] The time difference between the client and the server is within range -5.120 ms..-0.641 ms
client 2024-02-04 17:02:03,133 [INFO] Sending command to the server: 'session,2024-02-04_16-46-04,stop,testing'
client 2024-02-04 17:02:13,662 [INFO] Got response: 'OK'
client 2024-02-04 17:02:13,663 [INFO] Sending command to the server: 'time'
client 2024-02-04 17:02:13,667 [INFO] Got response: '1707066133.6677058'
client 2024-02-04 17:02:13,667 [INFO] The time difference between the client and the server is within range -4.230 ms..-0.018 ms
client 2024-02-04 17:02:13,672 [INFO] Copying loadgen logs from '/home/arjun/results_dir/valid_results/orin-tflite_armnn_cpp-cpu-armnn_tflite-v23.11-using_neon/mobilenet-v2-precision_uint8-0.35-192/singlestream/performance/run_1' to '/home/arjun/results_dir/valid_results/orin-tflite_armnn_cpp-cpu-armnn_tflite-v23.11-using_neon/mobilenet-v2-precision_uint8-0.35-192/singlestream/performance/tmp_power/run_1'
client 2024-02-04 17:02:13,674 [INFO] Done runs
