[2024-02-16 08:07:48,341 main.py:230 INFO] Detected system ID: KnownSystem.phoenix
[2024-02-16 08:07:48,959 generate_conf_files.py:107 INFO] Generated measurements/ entries for phoenix_TRT/bert-99/Offline
[2024-02-16 08:07:48,959 __init__.py:46 INFO] Running command: ./build/bin/harness_bert --logfile_outdir="/home/cmuser/local/cache/f4ba7328d7f447f9/valid_results/2706260181c0-nvidia_original-gpu-tensorrt-vdefault-default_config/bert-99/offline/accuracy" --logfile_prefix="mlperf_log_" --performance_sample_count=10833 --test_mode="AccuracyOnly" --gpu_batch_size=256 --mlperf_conf_path="/home/cmuser/CM/repos/local/cache/94cf04c8097b4057/inference/mlperf.conf" --tensor_path="build/preprocessed_data/squad_tokenized/input_ids.npy,build/preprocessed_data/squad_tokenized/segment_ids.npy,build/preprocessed_data/squad_tokenized/input_mask.npy" --use_graphs=false --user_conf_path="/home/cmuser/CM/repos/ctuning@mlcommons-ck/cm-mlops/script/generate-mlperf-inference-user-conf/tmp/9d46038ff83143c6afc9d2f9cf0ce4d6.conf" --gpu_inference_streams=2 --gpu_copy_streams=2 --gpu_engines="./build/engines/phoenix/bert/Offline/bert-Offline-gpu-int8_S_384_B_256_P_2_vs.custom_k_99_MaxP.plan" --scenario Offline --model bert
[2024-02-16 08:07:48,959 __init__.py:53 INFO] Overriding Environment
benchmark : Benchmark.BERT
buffer_manager_thread_count : 0
coalesced_tensor : True
data_dir : /home/cmuser/local/cache/6057f3cefd9041b3/data
enable_interleaved : False
gpu_batch_size : 256
gpu_copy_streams : 2
gpu_inference_streams : 2
input_dtype : int32
input_format : linear
log_dir : /home/cmuser/CM/repos/local/cache/8eb0c2732f244924/repo/closed/NVIDIA/build/logs/2024.02.16-08.07.47
mlperf_conf_path : /home/cmuser/CM/repos/local/cache/94cf04c8097b4057/inference/mlperf.conf
offline_expected_qps : 0.0
precision : int8
preprocessed_data_dir : /home/cmuser/local/cache/6057f3cefd9041b3/preprocessed_data
scenario : Scenario.Offline
system : SystemConfiguration(host_cpu_conf=CPUConfiguration(layout={CPU(name='AMD Ryzen 9 7950X 16-Core Processor', architecture=<CPUArchitecture.x86_64: AliasedName(name='x86_64', aliases=(), patterns=())>, core_count=16, threads_per_core=2): 1}), host_mem_conf=MemoryConfiguration(host_memory_capacity=Memory(quantity=131.07376399999998, byte_suffix=<ByteSuffix.GB: (1000, 3)>, _num_bytes=131073764000), comparison_tolerance=0.05), accelerator_conf=AcceleratorConfiguration(layout=defaultdict(<class 'int'>, {GPU(name='NVIDIA GeForce RTX 4090', accelerator_type=<AcceleratorType.Discrete: AliasedName(name='Discrete', aliases=(), patterns=())>, vram=Memory(quantity=23.98828125, byte_suffix=<ByteSuffix.GiB: (1024, 3)>, _num_bytes=25757220864), max_power_limit=450.0, pci_id='0x268410DE', compute_sm=89): 1})), numa_conf=None, system_id='phoenix')
tensor_path : build/preprocessed_data/squad_tokenized/input_ids.npy,build/preprocessed_data/squad_tokenized/segment_ids.npy,build/preprocessed_data/squad_tokenized/input_mask.npy
test_mode : AccuracyOnly
use_graphs : False
user_conf_path : /home/cmuser/CM/repos/ctuning@mlcommons-ck/cm-mlops/script/generate-mlperf-inference-user-conf/tmp/9d46038ff83143c6afc9d2f9cf0ce4d6.conf
system_id : phoenix
config_name : phoenix_bert_Offline
workload_setting : WorkloadSetting(HarnessType.Custom, AccuracyTarget.k_99, PowerSetting.MaxP)
optimization_level : plugin-enabled
use_cpu : False
use_inferentia : False
num_profiles : 2
config_ver : custom_k_99_MaxP
accuracy_level : 99%
inference_server : custom
skip_file_checks : True
power_limit : None
cpu_freq : None
&&&& RUNNING BERT_HARNESS # ./build/bin/harness_bert
I0216 08:07:49.007258 84846 main_bert.cc:163] Found 1 GPUs
I0216 08:07:49.125322 84846 bert_server.cc:142] Engine Path: ./build/engines/phoenix/bert/Offline/bert-Offline-gpu-int8_S_384_B_256_P_2_vs.custom_k_99_MaxP.plan
[I] [TRT] Loaded engine size: 414 MiB
[I] [TRT] [MemUsageChange] Init cuBLAS/cuBLASLt: CPU +7, GPU +8, now: CPU 578, GPU 1225 (MiB)
[I] [TRT] [MemUsageChange] Init cuDNN: CPU +1, GPU +10, now: CPU 579, GPU 1235 (MiB)
[I] [TRT] [MemUsageChange] TensorRT-managed allocation in engine deserialization: CPU +0, GPU +290, now: CPU 0, GPU 290 (MiB)
I0216 08:07:49.435206 84846 bert_server.cc:203] Engines Creation Completed
I0216 08:07:49.453488 84846 bert_core_vs.cc:385] Engine - Device Memory requirements: 704644608
I0216 08:07:49.453498 84846 bert_core_vs.cc:393] Engine - Number of Optimization Profiles: 2
I0216 08:07:49.453503 84846 bert_core_vs.cc:415] Engine - Profile 0 maxDims 98304 Bmax=256 Smax=384
[I] [TRT] [MemUsageChange] Init cuBLAS/cuBLASLt: CPU +0, GPU +8, now: CPU 165, GPU 1901 (MiB)
[I] [TRT] [MemUsageChange] Init cuDNN: CPU +1, GPU +8, now: CPU 166, GPU 1909 (MiB)
I0216 08:07:49.505327 84846 bert_core_vs.cc:426] Setting Opt.Prof. to 0
I0216 08:07:49.505347 84846 bert_core_vs.cc:444] Context creation complete. Max supported batchSize: 256
[I] [TRT] [MemUsageChange] TensorRT-managed allocation in IExecutionContext creation: CPU +0, GPU +0, now: CPU 0, GPU 290 (MiB)
I0216 08:07:49.506294 84846 bert_core_vs.cc:476] Setup complete
I0216 08:07:49.506474 84846 bert_core_vs.cc:385] Engine - Device Memory requirements: 704644608
I0216 08:07:49.506479 84846 bert_core_vs.cc:393] Engine - Number of Optimization Profiles: 2
I0216 08:07:49.506481 84846 bert_core_vs.cc:415] Engine - Profile 1 maxDims 98304 Bmax=256 Smax=384
[I] [TRT] [MemUsageChange] Init cuBLAS/cuBLASLt: CPU +0, GPU +8, now: CPU 288, GPU 2715 (MiB)
[I] [TRT] [MemUsageChange] Init cuDNN: CPU +1, GPU +10, now: CPU 289, GPU 2725 (MiB)
I0216 08:07:49.557369 84846 bert_core_vs.cc:426] Setting Opt.Prof. to 1
[I] [TRT] Could not set default profile 0 for execution context. Profile index must be set explicitly.
[I] [TRT] [MemUsageChange] TensorRT-managed allocation in IExecutionContext creation: CPU +1, GPU +0, now: CPU 1, GPU 290 (MiB)
I0216 08:07:49.557716 84846 bert_core_vs.cc:444] Context creation complete. Max supported batchSize: 256
I0216 08:07:49.558653 84846 bert_core_vs.cc:476] Setup complete
I0216 08:07:49.786037 84846 main_bert.cc:184] Starting running actual test.
I0216 08:07:52.426165 84846 main_bert.cc:190] Finished running actual test.

No warnings encountered during test.

No errors encountered during test.
[2024-02-16 08:07:52,552 run_harness.py:170 INFO] Result: Accuracy run detected.
[2024-02-16 08:07:52,552 __init__.py:46 INFO] Running command: PYTHONPATH=code/bert/tensorrt/helpers:/home/cmuser/CM/repos/local/cache/8eb0c2732f244924/repo/closed/NVIDIA:/home/cmuser/CM/repos/local/cache/3b78d3835d5e484c/inference/vision/classification_and_detection/python:/home/cmuser/CM/repos/local/cache/3b78d3835d5e484c/inference/tools/submission:/home/cmuser/CM/repos/ctuning@mlcommons-ck/cm-mlops/script/get-mlperf-inference-utils:/home/cmuser/CM/repos/local/cache/94cf04c8097b4057/inference/vision/classification_and_detection/python:/home/cmuser/CM/repos/local/cache/94cf04c8097b4057/inference/tools/submission:/usr/lib/python38.zip:/usr/lib/python3.8:/usr/lib/python3.8/lib-dynload:/home/cmuser/.local/lib/python3.8/site-packages:/usr/local/lib/python3.8/dist-packages:/usr/lib/python3/dist-packages:/usr/lib/python3.8/dist-packages python3 -S /home/cmuser/CM/repos/local/cache/8eb0c2732f244924/repo/closed/NVIDIA/build/inference/language/bert/accuracy-squad.py --log_file /home/cmuser/local/cache/f4ba7328d7f447f9/valid_results/2706260181c0-nvidia_original-gpu-tensorrt-vdefault-default_config/bert-99/offline/accuracy/mlperf_log_accuracy.json --vocab_file build/models/bert/vocab.txt --val_data /home/cmuser/local/cache/6057f3cefd9041b3/data/squad/dev-v1.1.json --out_file /home/cmuser/local/cache/f4ba7328d7f447f9/valid_results/2706260181c0-nvidia_original-gpu-tensorrt-vdefault-default_config/bert-99/offline/accuracy/predictions.json --output_dtype float16
{"exact_match": 82.80983916745507, "f1": 90.15484295858231}
Reading examples...
Loading cached features from 'eval_features.pickle'...
Loading LoadGen logs...
Post-processing predictions...
Writing predictions to: /home/cmuser/local/cache/f4ba7328d7f447f9/valid_results/2706260181c0-nvidia_original-gpu-tensorrt-vdefault-default_config/bert-99/offline/accuracy/predictions.json
Evaluating predictions...
 
======================== Result summaries: ========================

