client 2024-02-01 14:33:45,683 [INFO] Creating output directory '/home/arjun/results_dir/valid_results/orin-tflite_armnn_cpp-cpu-armnn_tflite-v23.05-using_neon/mobilenet-v2-precision_uint8-0.35-160/singlestream/performance/tmp_power'
client 2024-02-01 14:33:45,740 [INFO] Sending command to the server: 'mlcommons/power client v3'
client 2024-02-01 14:33:45,745 [INFO] Got response: 'mlcommons/power server v3'
client 2024-02-01 14:33:45,745 [INFO] Synchronizing with the server and with time.google.com...
client 2024-02-01 14:33:45,787 [INFO] NTP:offset = -0.004 s, delay = 0.022 s 
client 2024-02-01 14:33:45,788 [INFO] Sending command to the server: 'time'
client 2024-02-01 14:33:45,792 [INFO] Got response: '1706798025.788411'
client 2024-02-01 14:33:45,792 [INFO] The time difference between the client and the server is within range -0.342 ms..4.068 ms
client 2024-02-01 14:33:45,792 [INFO] Sending command to the server: 'new,,9e321cda-b09b-4270-88df-3b0b3b848689'
client 2024-02-01 14:33:45,797 [INFO] Got response: 'OK 2024-02-01_14-33-45,a5a52b02-131f-4c5b-8717-587f5fcbe924'
client 2024-02-01 14:33:45,797 [INFO] Session id is '2024-02-01_14-33-45'
client 2024-02-01 14:33:45,797 [INFO] Sources: {"sources": {"__init__.py": "da39a3ee5e6b4b0d3255bfef95601890afd80709", "client.py": "33ca4f26368777ac06e01f9567b714a4b8063886", "lib/__init__.py": "da39a3ee5e6b4b0d3255bfef95601890afd80709", "lib/client.py": "ac2aa093c8e8bbc9569b9e2a3471bc64e58a2258", "lib/common.py": "611d8b29633d331eb19c9455ea3b5fa3284ed6df", "lib/external/__init__.py": "da39a3ee5e6b4b0d3255bfef95601890afd80709", "lib/external/ntplib.py": "4da8f970656505a40483206ef2b5d3dd5e81711d", "lib/server.py": "99303c836c683aa9017ec565104e636161d02acb", "lib/source_hashes.py": "60a2e02193209e8d392803326208d5466342da18", "lib/summary.py": "aa92f0a3f975eecd44d3c0cd0236342ccc9f941d", "lib/time_sync.py": "80894ef2389e540781ff78de94db16aa4203a14e", "server.py": "c3f90f2f7eeb4db30727556d0c815ebc89b3d28b", "tests/unit/__init__.py": "da39a3ee5e6b4b0d3255bfef95601890afd80709", "tests/unit/test_server.py": "948c1995d4008bc2aa6c4046a34ffa3858d6d671", "tests/unit/test_source_hashes.py": "00468a2907583c593e6574a1f6b404e4651c221a"}, "modules": {"ptd_client_server.lib.client": "lib/client.py", "ptd_client_server.lib.common": "lib/common.py", "ptd_client_server.lib.external.ntplib": "lib/external/ntplib.py", "ptd_client_server.lib.source_hashes": "lib/source_hashes.py", "ptd_client_server.lib.summary": "lib/summary.py", "ptd_client_server.lib.time_sync": "lib/time_sync.py"}}
client 2024-02-01 14:33:45,798 [INFO] Running workload in ranging mode
client 2024-02-01 14:33:45,798 [INFO] Synchronizing with the server and with time.google.com...
client 2024-02-01 14:33:45,825 [INFO] NTP:offset = -0.001 s, delay = 0.026 s 
client 2024-02-01 14:33:45,826 [INFO] Sending command to the server: 'time'
client 2024-02-01 14:33:45,828 [INFO] Got response: '1706798025.8250208'
client 2024-02-01 14:33:45,828 [INFO] The time difference between the client and the server is within range 0.997 ms..3.752 ms
client 2024-02-01 14:33:45,828 [INFO] Sending command to the server: 'session,2024-02-01_14-33-45,start,ranging'
client 2024-02-01 14:34:13,877 [INFO] Got response: 'OK'
client 2024-02-01 14:34:13,879 [INFO] Sending command to the server: 'time'
client 2024-02-01 14:34:13,882 [INFO] Got response: '1706798053.8791842'
client 2024-02-01 14:34:13,883 [INFO] The time difference between the client and the server is within range 0.537 ms..3.878 ms
client 2024-02-01 14:34:13,883 [INFO] Running the workload 'CM_MLPERF_RUN_COUNT=$(cat ${CM_RUN_DIR}/count.txt); echo ${CM_MLPERF_RUN_COUNT}; CM_MLPERF_RUN_COUNT=$((CM_MLPERF_RUN_COUNT+1)); echo ${CM_MLPERF_RUN_COUNT} > ${CM_RUN_DIR}/count.txt && if [ ${CM_MLPERF_RUN_COUNT} -eq "1" ]; then export CM_MLPERF_USER_CONF=${CM_MLPERF_RANGING_USER_CONF}; else export CM_MLPERF_USER_CONF=${CM_MLPERF_TESTING_USER_CONF}; fi && /mnt/CM/repos/ctuning@mlcommons-ck/cm-mlops/script/benchmark-any-mlperf-inference-implementation/run.out'
client 2024-02-01 14:39:16,411 [INFO] Sending command to the server: 'time'
client 2024-02-01 14:39:16,416 [INFO] Got response: '1706798356.413016'
client 2024-02-01 14:39:16,416 [INFO] The time difference between the client and the server is within range -1.615 ms..3.718 ms
client 2024-02-01 14:39:16,417 [INFO] Sending command to the server: 'session,2024-02-01_14-33-45,stop,ranging'
client 2024-02-01 14:39:27,079 [INFO] Got response: 'OK'
client 2024-02-01 14:39:27,080 [INFO] Sending command to the server: 'time'
client 2024-02-01 14:39:27,083 [INFO] Got response: '1706798367.0806518'
client 2024-02-01 14:39:27,083 [INFO] The time difference between the client and the server is within range -0.109 ms..3.216 ms
client 2024-02-01 14:39:27,114 [INFO] Copying loadgen logs from '/home/arjun/results_dir/valid_results/orin-tflite_armnn_cpp-cpu-armnn_tflite-v23.05-using_neon/mobilenet-v2-precision_uint8-0.35-160/singlestream/performance/run_1' to '/home/arjun/results_dir/valid_results/orin-tflite_armnn_cpp-cpu-armnn_tflite-v23.05-using_neon/mobilenet-v2-precision_uint8-0.35-160/singlestream/performance/tmp_power/ranging'
client 2024-02-01 14:39:27,117 [INFO] Running workload in testing mode
client 2024-02-01 14:39:27,117 [INFO] Synchronizing with the server and with time.google.com...
client 2024-02-01 14:39:27,145 [INFO] NTP:offset = -0.002 s, delay = 0.022 s 
client 2024-02-01 14:39:27,145 [INFO] Sending command to the server: 'time'
client 2024-02-01 14:39:27,148 [INFO] Got response: '1706798367.1456103'
client 2024-02-01 14:39:27,148 [INFO] The time difference between the client and the server is within range -0.038 ms..2.939 ms
client 2024-02-01 14:39:27,148 [INFO] Sending command to the server: 'session,2024-02-01_14-33-45,start,testing'
client 2024-02-01 14:39:40,167 [INFO] Got response: 'OK'
client 2024-02-01 14:39:40,168 [INFO] Sending command to the server: 'time'
client 2024-02-01 14:39:40,171 [INFO] Got response: '1706798380.1680732'
client 2024-02-01 14:39:40,171 [INFO] The time difference between the client and the server is within range -0.045 ms..3.261 ms
client 2024-02-01 14:39:40,171 [INFO] Running the workload 'CM_MLPERF_RUN_COUNT=$(cat ${CM_RUN_DIR}/count.txt); echo ${CM_MLPERF_RUN_COUNT}; CM_MLPERF_RUN_COUNT=$((CM_MLPERF_RUN_COUNT+1)); echo ${CM_MLPERF_RUN_COUNT} > ${CM_RUN_DIR}/count.txt && if [ ${CM_MLPERF_RUN_COUNT} -eq "1" ]; then export CM_MLPERF_USER_CONF=${CM_MLPERF_RANGING_USER_CONF}; else export CM_MLPERF_USER_CONF=${CM_MLPERF_TESTING_USER_CONF}; fi && /mnt/CM/repos/ctuning@mlcommons-ck/cm-mlops/script/benchmark-any-mlperf-inference-implementation/run.out'
client 2024-02-01 14:49:44,844 [INFO] Sending command to the server: 'time'
client 2024-02-01 14:49:45,018 [INFO] Got response: '1706798985.014816'
client 2024-02-01 14:49:45,019 [INFO] The time difference between the client and the server is within range -170.615 ms..4.292 ms
client 2024-02-01 14:49:45,019 [INFO] Sending command to the server: 'session,2024-02-01_14-33-45,stop,testing'
client 2024-02-01 14:49:55,220 [INFO] Got response: 'OK'
client 2024-02-01 14:49:55,221 [INFO] Sending command to the server: 'time'
client 2024-02-01 14:49:55,225 [INFO] Got response: '1706798995.2230573'
client 2024-02-01 14:49:55,225 [INFO] The time difference between the client and the server is within range -1.437 ms..2.654 ms
client 2024-02-01 14:49:55,230 [INFO] Copying loadgen logs from '/home/arjun/results_dir/valid_results/orin-tflite_armnn_cpp-cpu-armnn_tflite-v23.05-using_neon/mobilenet-v2-precision_uint8-0.35-160/singlestream/performance/run_1' to '/home/arjun/results_dir/valid_results/orin-tflite_armnn_cpp-cpu-armnn_tflite-v23.05-using_neon/mobilenet-v2-precision_uint8-0.35-160/singlestream/performance/tmp_power/run_1'
client 2024-02-01 14:49:55,246 [INFO] Done runs
