client 2024-01-29 09:17:21,987 [INFO] Creating output directory '/home/arjun/results_dir/valid_results/orin-tflite_cpp-cpu-tflite-vmaster-default_config/mobilenet-v2-precision_uint8-0.75-192/singlestream/performance/tmp_power'
client 2024-01-29 09:17:21,990 [INFO] Sending command to the server: 'mlcommons/power client v3'
client 2024-01-29 09:17:21,993 [INFO] Got response: 'mlcommons/power server v3'
client 2024-01-29 09:17:21,994 [INFO] Synchronizing with the server and with time.google.com...
client 2024-01-29 09:17:22,020 [INFO] NTP:offset = -0.003 s, delay = 0.021 s 
client 2024-01-29 09:17:22,020 [INFO] Sending command to the server: 'time'
client 2024-01-29 09:17:22,024 [INFO] Got response: '1706519842.021426'
client 2024-01-29 09:17:22,024 [INFO] The time difference between the client and the server is within range -0.810 ms..2.877 ms
client 2024-01-29 09:17:22,024 [INFO] Sending command to the server: 'new,,fc3c594c-af05-4bcc-b90a-221ab988308a'
client 2024-01-29 09:17:22,027 [INFO] Got response: 'OK 2024-01-29_09-17-22,8d01a83a-44b2-4a4c-9592-57e416b26d89'
client 2024-01-29 09:17:22,027 [INFO] Session id is '2024-01-29_09-17-22'
client 2024-01-29 09:17:22,027 [INFO] Sources: {"sources": {"__init__.py": "da39a3ee5e6b4b0d3255bfef95601890afd80709", "client.py": "33ca4f26368777ac06e01f9567b714a4b8063886", "lib/__init__.py": "da39a3ee5e6b4b0d3255bfef95601890afd80709", "lib/client.py": "ac2aa093c8e8bbc9569b9e2a3471bc64e58a2258", "lib/common.py": "611d8b29633d331eb19c9455ea3b5fa3284ed6df", "lib/external/__init__.py": "da39a3ee5e6b4b0d3255bfef95601890afd80709", "lib/external/ntplib.py": "4da8f970656505a40483206ef2b5d3dd5e81711d", "lib/server.py": "99303c836c683aa9017ec565104e636161d02acb", "lib/source_hashes.py": "60a2e02193209e8d392803326208d5466342da18", "lib/summary.py": "aa92f0a3f975eecd44d3c0cd0236342ccc9f941d", "lib/time_sync.py": "80894ef2389e540781ff78de94db16aa4203a14e", "server.py": "c3f90f2f7eeb4db30727556d0c815ebc89b3d28b", "tests/unit/__init__.py": "da39a3ee5e6b4b0d3255bfef95601890afd80709", "tests/unit/test_server.py": "948c1995d4008bc2aa6c4046a34ffa3858d6d671", "tests/unit/test_source_hashes.py": "00468a2907583c593e6574a1f6b404e4651c221a"}, "modules": {"ptd_client_server.lib.client": "lib/client.py", "ptd_client_server.lib.common": "lib/common.py", "ptd_client_server.lib.external.ntplib": "lib/external/ntplib.py", "ptd_client_server.lib.source_hashes": "lib/source_hashes.py", "ptd_client_server.lib.summary": "lib/summary.py", "ptd_client_server.lib.time_sync": "lib/time_sync.py"}}
client 2024-01-29 09:17:22,028 [INFO] Running workload in ranging mode
client 2024-01-29 09:17:22,028 [INFO] Synchronizing with the server and with time.google.com...
client 2024-01-29 09:17:22,049 [INFO] NTP:offset = -0.004 s, delay = 0.020 s 
client 2024-01-29 09:17:22,049 [INFO] Sending command to the server: 'time'
client 2024-01-29 09:17:22,052 [INFO] Got response: '1706519842.04976'
client 2024-01-29 09:17:22,052 [INFO] The time difference between the client and the server is within range -0.352 ms..2.575 ms
client 2024-01-29 09:17:22,052 [INFO] Sending command to the server: 'session,2024-01-29_09-17-22,start,ranging'
client 2024-01-29 09:17:50,258 [INFO] Got response: 'OK'
client 2024-01-29 09:17:50,260 [INFO] Sending command to the server: 'time'
client 2024-01-29 09:17:50,263 [INFO] Got response: '1706519870.261134'
client 2024-01-29 09:17:50,263 [INFO] The time difference between the client and the server is within range -0.741 ms..2.591 ms
client 2024-01-29 09:17:50,263 [INFO] Running the workload 'CM_MLPERF_RUN_COUNT=$(cat ${CM_RUN_DIR}/count.txt); echo ${CM_MLPERF_RUN_COUNT}; CM_MLPERF_RUN_COUNT=$((CM_MLPERF_RUN_COUNT+1)); echo ${CM_MLPERF_RUN_COUNT} > ${CM_RUN_DIR}/count.txt && if [ ${CM_MLPERF_RUN_COUNT} -eq "1" ]; then export CM_MLPERF_USER_CONF=${CM_MLPERF_RANGING_USER_CONF}; else export CM_MLPERF_USER_CONF=${CM_MLPERF_TESTING_USER_CONF}; fi && /mnt/CM/repos/ctuning@mlcommons-ck/cm-mlops/script/benchmark-any-mlperf-inference-implementation/run.out'
client 2024-01-29 09:22:52,712 [INFO] Sending command to the server: 'time'
client 2024-01-29 09:22:52,715 [INFO] Got response: '1706520172.7127821'
client 2024-01-29 09:22:52,716 [INFO] The time difference between the client and the server is within range -0.799 ms..3.200 ms
client 2024-01-29 09:22:52,716 [INFO] Sending command to the server: 'session,2024-01-29_09-17-22,stop,ranging'
client 2024-01-29 09:23:03,390 [INFO] Got response: 'OK'
client 2024-01-29 09:23:03,391 [INFO] Sending command to the server: 'time'
client 2024-01-29 09:23:03,395 [INFO] Got response: '1706520183.392229'
client 2024-01-29 09:23:03,396 [INFO] The time difference between the client and the server is within range -1.038 ms..4.085 ms
client 2024-01-29 09:23:03,425 [INFO] Copying loadgen logs from '/home/arjun/results_dir/valid_results/orin-tflite_cpp-cpu-tflite-vmaster-default_config/mobilenet-v2-precision_uint8-0.75-192/singlestream/performance/run_1' to '/home/arjun/results_dir/valid_results/orin-tflite_cpp-cpu-tflite-vmaster-default_config/mobilenet-v2-precision_uint8-0.75-192/singlestream/performance/tmp_power/ranging'
client 2024-01-29 09:23:03,428 [INFO] Running workload in testing mode
client 2024-01-29 09:23:03,428 [INFO] Synchronizing with the server and with time.google.com...
client 2024-01-29 09:23:03,454 [INFO] NTP:offset = -0.003 s, delay = 0.021 s 
client 2024-01-29 09:23:03,454 [INFO] Sending command to the server: 'time'
client 2024-01-29 09:23:03,458 [INFO] Got response: '1706520183.455228'
client 2024-01-29 09:23:03,458 [INFO] The time difference between the client and the server is within range -0.490 ms..3.360 ms
client 2024-01-29 09:23:03,458 [INFO] Sending command to the server: 'session,2024-01-29_09-17-22,start,testing'
client 2024-01-29 09:23:16,476 [INFO] Got response: 'OK'
client 2024-01-29 09:23:16,477 [INFO] Sending command to the server: 'time'
client 2024-01-29 09:23:16,481 [INFO] Got response: '1706520196.478097'
client 2024-01-29 09:23:16,481 [INFO] The time difference between the client and the server is within range -0.640 ms..3.506 ms
client 2024-01-29 09:23:16,481 [INFO] Running the workload 'CM_MLPERF_RUN_COUNT=$(cat ${CM_RUN_DIR}/count.txt); echo ${CM_MLPERF_RUN_COUNT}; CM_MLPERF_RUN_COUNT=$((CM_MLPERF_RUN_COUNT+1)); echo ${CM_MLPERF_RUN_COUNT} > ${CM_RUN_DIR}/count.txt && if [ ${CM_MLPERF_RUN_COUNT} -eq "1" ]; then export CM_MLPERF_USER_CONF=${CM_MLPERF_RANGING_USER_CONF}; else export CM_MLPERF_USER_CONF=${CM_MLPERF_TESTING_USER_CONF}; fi && /mnt/CM/repos/ctuning@mlcommons-ck/cm-mlops/script/benchmark-any-mlperf-inference-implementation/run.out'
client 2024-01-29 09:33:20,854 [INFO] Sending command to the server: 'time'
client 2024-01-29 09:33:20,857 [INFO] Got response: '1706520800.8542805'
client 2024-01-29 09:33:20,857 [INFO] The time difference between the client and the server is within range 0.161 ms..3.591 ms
client 2024-01-29 09:33:20,858 [INFO] Sending command to the server: 'session,2024-01-29_09-17-22,stop,testing'
client 2024-01-29 09:33:31,533 [INFO] Got response: 'OK'
client 2024-01-29 09:33:31,534 [INFO] Sending command to the server: 'time'
client 2024-01-29 09:33:31,538 [INFO] Got response: '1706520811.5343752'
client 2024-01-29 09:33:31,538 [INFO] The time difference between the client and the server is within range -0.129 ms..4.339 ms
client 2024-01-29 09:33:31,543 [INFO] Copying loadgen logs from '/home/arjun/results_dir/valid_results/orin-tflite_cpp-cpu-tflite-vmaster-default_config/mobilenet-v2-precision_uint8-0.75-192/singlestream/performance/run_1' to '/home/arjun/results_dir/valid_results/orin-tflite_cpp-cpu-tflite-vmaster-default_config/mobilenet-v2-precision_uint8-0.75-192/singlestream/performance/tmp_power/run_1'
client 2024-01-29 09:33:31,545 [INFO] Done runs
