client 2024-02-01 14:17:10,749 [INFO] Creating output directory '/home/arjun/results_dir/valid_results/orin-tflite_armnn_cpp-cpu-armnn_tflite-v23.05-using_neon_with_live_preprocessing/mobilenet-v2-precision_float-0.35-160/singlestream/performance/tmp_power'
client 2024-02-01 14:17:10,813 [INFO] Sending command to the server: 'mlcommons/power client v3'
client 2024-02-01 14:17:10,816 [INFO] Got response: 'mlcommons/power server v3'
client 2024-02-01 14:17:10,816 [INFO] Synchronizing with the server and with time.google.com...
client 2024-02-01 14:17:10,847 [INFO] NTP:offset = -0.002 s, delay = 0.022 s 
client 2024-02-01 14:17:10,847 [INFO] Sending command to the server: 'time'
client 2024-02-01 14:17:10,851 [INFO] Got response: '1706797030.8452187'
client 2024-02-01 14:17:10,851 [INFO] The time difference between the client and the server is within range 2.580 ms..5.992 ms
client 2024-02-01 14:17:10,851 [INFO] Sending command to the server: 'new,,f29373c7-0c69-4e0d-b200-8fe60468a7e8'
client 2024-02-01 14:17:10,853 [INFO] Got response: 'OK 2024-02-01_14-17-10,c91c9d70-8dec-4fc0-85bd-563c56242c0a'
client 2024-02-01 14:17:10,853 [INFO] Session id is '2024-02-01_14-17-10'
client 2024-02-01 14:17:10,853 [INFO] Sources: {"sources": {"__init__.py": "da39a3ee5e6b4b0d3255bfef95601890afd80709", "client.py": "33ca4f26368777ac06e01f9567b714a4b8063886", "lib/__init__.py": "da39a3ee5e6b4b0d3255bfef95601890afd80709", "lib/client.py": "ac2aa093c8e8bbc9569b9e2a3471bc64e58a2258", "lib/common.py": "611d8b29633d331eb19c9455ea3b5fa3284ed6df", "lib/external/__init__.py": "da39a3ee5e6b4b0d3255bfef95601890afd80709", "lib/external/ntplib.py": "4da8f970656505a40483206ef2b5d3dd5e81711d", "lib/server.py": "99303c836c683aa9017ec565104e636161d02acb", "lib/source_hashes.py": "60a2e02193209e8d392803326208d5466342da18", "lib/summary.py": "aa92f0a3f975eecd44d3c0cd0236342ccc9f941d", "lib/time_sync.py": "80894ef2389e540781ff78de94db16aa4203a14e", "server.py": "c3f90f2f7eeb4db30727556d0c815ebc89b3d28b", "tests/unit/__init__.py": "da39a3ee5e6b4b0d3255bfef95601890afd80709", "tests/unit/test_server.py": "948c1995d4008bc2aa6c4046a34ffa3858d6d671", "tests/unit/test_source_hashes.py": "00468a2907583c593e6574a1f6b404e4651c221a"}, "modules": {"ptd_client_server.lib.client": "lib/client.py", "ptd_client_server.lib.common": "lib/common.py", "ptd_client_server.lib.external.ntplib": "lib/external/ntplib.py", "ptd_client_server.lib.source_hashes": "lib/source_hashes.py", "ptd_client_server.lib.summary": "lib/summary.py", "ptd_client_server.lib.time_sync": "lib/time_sync.py"}}
client 2024-02-01 14:17:10,854 [INFO] Running workload in ranging mode
client 2024-02-01 14:17:10,854 [INFO] Synchronizing with the server and with time.google.com...
client 2024-02-01 14:17:10,877 [INFO] NTP:offset = -0.002 s, delay = 0.022 s 
client 2024-02-01 14:17:10,878 [INFO] Sending command to the server: 'time'
client 2024-02-01 14:17:10,880 [INFO] Got response: '1706797030.8749297'
client 2024-02-01 14:17:10,880 [INFO] The time difference between the client and the server is within range 3.055 ms..5.912 ms
client 2024-02-01 14:17:10,881 [INFO] Sending command to the server: 'session,2024-02-01_14-17-10,start,ranging'
client 2024-02-01 14:17:39,032 [INFO] Got response: 'OK'
client 2024-02-01 14:17:39,034 [INFO] Sending command to the server: 'time'
client 2024-02-01 14:17:39,037 [INFO] Got response: '1706797059.0317266'
client 2024-02-01 14:17:39,037 [INFO] The time difference between the client and the server is within range 2.831 ms..5.775 ms
client 2024-02-01 14:17:39,037 [INFO] Running the workload 'CM_MLPERF_RUN_COUNT=$(cat ${CM_RUN_DIR}/count.txt); echo ${CM_MLPERF_RUN_COUNT}; CM_MLPERF_RUN_COUNT=$((CM_MLPERF_RUN_COUNT+1)); echo ${CM_MLPERF_RUN_COUNT} > ${CM_RUN_DIR}/count.txt && if [ ${CM_MLPERF_RUN_COUNT} -eq "1" ]; then export CM_MLPERF_USER_CONF=${CM_MLPERF_RANGING_USER_CONF}; else export CM_MLPERF_USER_CONF=${CM_MLPERF_TESTING_USER_CONF}; fi && /mnt/CM/repos/ctuning@mlcommons-ck/cm-mlops/script/benchmark-any-mlperf-inference-implementation/run.out'
client 2024-02-01 14:22:41,606 [INFO] Sending command to the server: 'time'
client 2024-02-01 14:22:41,610 [INFO] Got response: '1706797361.6041903'
client 2024-02-01 14:22:41,611 [INFO] The time difference between the client and the server is within range 1.586 ms..6.791 ms
client 2024-02-01 14:22:41,611 [INFO] Sending command to the server: 'session,2024-02-01_14-17-10,stop,ranging'
client 2024-02-01 14:22:52,213 [INFO] Got response: 'OK'
client 2024-02-01 14:22:52,214 [INFO] Sending command to the server: 'time'
client 2024-02-01 14:22:52,217 [INFO] Got response: '1706797372.2114363'
client 2024-02-01 14:22:52,218 [INFO] The time difference between the client and the server is within range 3.135 ms..6.663 ms
client 2024-02-01 14:22:52,235 [INFO] Copying loadgen logs from '/home/arjun/results_dir/valid_results/orin-tflite_armnn_cpp-cpu-armnn_tflite-v23.05-using_neon_with_live_preprocessing/mobilenet-v2-precision_float-0.35-160/singlestream/performance/run_1' to '/home/arjun/results_dir/valid_results/orin-tflite_armnn_cpp-cpu-armnn_tflite-v23.05-using_neon_with_live_preprocessing/mobilenet-v2-precision_float-0.35-160/singlestream/performance/tmp_power/ranging'
client 2024-02-01 14:22:52,238 [INFO] Running workload in testing mode
client 2024-02-01 14:22:52,238 [INFO] Synchronizing with the server and with time.google.com...
client 2024-02-01 14:22:52,267 [INFO] NTP:offset = -0.002 s, delay = 0.024 s 
client 2024-02-01 14:22:52,268 [INFO] Sending command to the server: 'time'
client 2024-02-01 14:22:52,271 [INFO] Got response: '1706797372.265325'
client 2024-02-01 14:22:52,271 [INFO] The time difference between the client and the server is within range 2.702 ms..6.439 ms
client 2024-02-01 14:22:52,271 [INFO] Sending command to the server: 'session,2024-02-01_14-17-10,start,testing'
client 2024-02-01 14:23:05,294 [INFO] Got response: 'OK'
client 2024-02-01 14:23:05,295 [INFO] Sending command to the server: 'time'
client 2024-02-01 14:23:05,299 [INFO] Got response: '1706797385.2928157'
client 2024-02-01 14:23:05,299 [INFO] The time difference between the client and the server is within range 2.747 ms..6.636 ms
client 2024-02-01 14:23:05,299 [INFO] Running the workload 'CM_MLPERF_RUN_COUNT=$(cat ${CM_RUN_DIR}/count.txt); echo ${CM_MLPERF_RUN_COUNT}; CM_MLPERF_RUN_COUNT=$((CM_MLPERF_RUN_COUNT+1)); echo ${CM_MLPERF_RUN_COUNT} > ${CM_RUN_DIR}/count.txt && if [ ${CM_MLPERF_RUN_COUNT} -eq "1" ]; then export CM_MLPERF_USER_CONF=${CM_MLPERF_RANGING_USER_CONF}; else export CM_MLPERF_USER_CONF=${CM_MLPERF_TESTING_USER_CONF}; fi && /mnt/CM/repos/ctuning@mlcommons-ck/cm-mlops/script/benchmark-any-mlperf-inference-implementation/run.out'
client 2024-02-01 14:33:09,904 [INFO] Sending command to the server: 'time'
client 2024-02-01 14:33:10,014 [INFO] Got response: '1706797990.009119'
client 2024-02-01 14:33:10,014 [INFO] The time difference between the client and the server is within range -104.441 ms..5.387 ms
client 2024-02-01 14:33:10,014 [INFO] Sending command to the server: 'session,2024-02-01_14-17-10,stop,testing'
client 2024-02-01 14:33:20,353 [INFO] Got response: 'OK'
client 2024-02-01 14:33:20,354 [INFO] Sending command to the server: 'time'
client 2024-02-01 14:33:20,357 [INFO] Got response: '1706798000.3537645'
client 2024-02-01 14:33:20,358 [INFO] The time difference between the client and the server is within range 0.732 ms..4.416 ms
client 2024-02-01 14:33:20,362 [INFO] Copying loadgen logs from '/home/arjun/results_dir/valid_results/orin-tflite_armnn_cpp-cpu-armnn_tflite-v23.05-using_neon_with_live_preprocessing/mobilenet-v2-precision_float-0.35-160/singlestream/performance/run_1' to '/home/arjun/results_dir/valid_results/orin-tflite_armnn_cpp-cpu-armnn_tflite-v23.05-using_neon_with_live_preprocessing/mobilenet-v2-precision_float-0.35-160/singlestream/performance/tmp_power/run_1'
client 2024-02-01 14:33:20,365 [INFO] Done runs
