client 2024-01-30 20:37:40,731 [INFO] Creating output directory '/home/arjun/results_dir/valid_results/orin-tflite_cpp-cpu-tflite-vmaster-with_live_preprocessing/mobilenet-v1-precision_float-1.0-192/singlestream/performance/tmp_power'
client 2024-01-30 20:37:40,787 [INFO] Sending command to the server: 'mlcommons/power client v3'
client 2024-01-30 20:37:40,790 [INFO] Got response: 'mlcommons/power server v3'
client 2024-01-30 20:37:40,790 [INFO] Synchronizing with the server and with time.google.com...
client 2024-01-30 20:37:40,839 [INFO] NTP:offset = -0.001 s, delay = 0.025 s 
client 2024-01-30 20:37:40,839 [INFO] Sending command to the server: 'time'
client 2024-01-30 20:37:40,842 [INFO] Got response: '1706647060.8401768'
client 2024-01-30 20:37:40,843 [INFO] The time difference between the client and the server is within range -0.261 ms..2.867 ms
client 2024-01-30 20:37:40,843 [INFO] Sending command to the server: 'new,,e6aef561-1c18-443c-8b02-30fa823f3774'
client 2024-01-30 20:37:40,846 [INFO] Got response: 'OK 2024-01-30_20-37-40,beb1181e-9d70-468a-9598-ff1815a4dfd6'
client 2024-01-30 20:37:40,846 [INFO] Session id is '2024-01-30_20-37-40'
client 2024-01-30 20:37:40,846 [INFO] Sources: {"sources": {"__init__.py": "da39a3ee5e6b4b0d3255bfef95601890afd80709", "client.py": "33ca4f26368777ac06e01f9567b714a4b8063886", "lib/__init__.py": "da39a3ee5e6b4b0d3255bfef95601890afd80709", "lib/client.py": "ac2aa093c8e8bbc9569b9e2a3471bc64e58a2258", "lib/common.py": "611d8b29633d331eb19c9455ea3b5fa3284ed6df", "lib/external/__init__.py": "da39a3ee5e6b4b0d3255bfef95601890afd80709", "lib/external/ntplib.py": "4da8f970656505a40483206ef2b5d3dd5e81711d", "lib/server.py": "99303c836c683aa9017ec565104e636161d02acb", "lib/source_hashes.py": "60a2e02193209e8d392803326208d5466342da18", "lib/summary.py": "aa92f0a3f975eecd44d3c0cd0236342ccc9f941d", "lib/time_sync.py": "80894ef2389e540781ff78de94db16aa4203a14e", "server.py": "c3f90f2f7eeb4db30727556d0c815ebc89b3d28b", "tests/unit/__init__.py": "da39a3ee5e6b4b0d3255bfef95601890afd80709", "tests/unit/test_server.py": "948c1995d4008bc2aa6c4046a34ffa3858d6d671", "tests/unit/test_source_hashes.py": "00468a2907583c593e6574a1f6b404e4651c221a"}, "modules": {"ptd_client_server.lib.client": "lib/client.py", "ptd_client_server.lib.common": "lib/common.py", "ptd_client_server.lib.external.ntplib": "lib/external/ntplib.py", "ptd_client_server.lib.source_hashes": "lib/source_hashes.py", "ptd_client_server.lib.summary": "lib/summary.py", "ptd_client_server.lib.time_sync": "lib/time_sync.py"}}
client 2024-01-30 20:37:40,847 [INFO] Running workload in ranging mode
client 2024-01-30 20:37:40,847 [INFO] Synchronizing with the server and with time.google.com...
client 2024-01-30 20:37:40,867 [INFO] NTP:offset = -0.005 s, delay = 0.019 s 
client 2024-01-30 20:37:40,867 [INFO] Sending command to the server: 'time'
client 2024-01-30 20:37:40,870 [INFO] Got response: '1706647060.8678396'
client 2024-01-30 20:37:40,870 [INFO] The time difference between the client and the server is within range -0.117 ms..2.588 ms
client 2024-01-30 20:37:40,870 [INFO] Sending command to the server: 'session,2024-01-30_20-37-40,start,ranging'
client 2024-01-30 20:38:08,940 [INFO] Got response: 'OK'
client 2024-01-30 20:38:08,942 [INFO] Sending command to the server: 'time'
client 2024-01-30 20:38:08,946 [INFO] Got response: '1706647088.9439728'
client 2024-01-30 20:38:08,947 [INFO] The time difference between the client and the server is within range -1.251 ms..3.362 ms
client 2024-01-30 20:38:08,947 [INFO] Running the workload 'CM_MLPERF_RUN_COUNT=$(cat ${CM_RUN_DIR}/count.txt); echo ${CM_MLPERF_RUN_COUNT}; CM_MLPERF_RUN_COUNT=$((CM_MLPERF_RUN_COUNT+1)); echo ${CM_MLPERF_RUN_COUNT} > ${CM_RUN_DIR}/count.txt && if [ ${CM_MLPERF_RUN_COUNT} -eq "1" ]; then export CM_MLPERF_USER_CONF=${CM_MLPERF_RANGING_USER_CONF}; else export CM_MLPERF_USER_CONF=${CM_MLPERF_TESTING_USER_CONF}; fi && /home/arjun/run.out'
client 2024-01-30 20:43:15,045 [INFO] Sending command to the server: 'time'
client 2024-01-30 20:43:15,049 [INFO] Got response: '1706647395.0466278'
client 2024-01-30 20:43:15,050 [INFO] The time difference between the client and the server is within range -1.630 ms..3.495 ms
client 2024-01-30 20:43:15,050 [INFO] Sending command to the server: 'session,2024-01-30_20-37-40,stop,ranging'
client 2024-01-30 20:43:26,043 [INFO] Got response: 'OK'
client 2024-01-30 20:43:26,043 [INFO] Sending command to the server: 'time'
client 2024-01-30 20:43:26,046 [INFO] Got response: '1706647406.043697'
client 2024-01-30 20:43:26,046 [INFO] The time difference between the client and the server is within range -0.153 ms..2.842 ms
client 2024-01-30 20:43:26,063 [INFO] Copying loadgen logs from '/home/arjun/results_dir/valid_results/orin-tflite_cpp-cpu-tflite-vmaster-with_live_preprocessing/mobilenet-v1-precision_float-1.0-192/singlestream/performance/run_1' to '/home/arjun/results_dir/valid_results/orin-tflite_cpp-cpu-tflite-vmaster-with_live_preprocessing/mobilenet-v1-precision_float-1.0-192/singlestream/performance/tmp_power/ranging'
client 2024-01-30 20:43:26,065 [INFO] Running workload in testing mode
client 2024-01-30 20:43:26,065 [INFO] Synchronizing with the server and with time.google.com...
client 2024-01-30 20:43:26,091 [INFO] NTP:offset = -0.003 s, delay = 0.021 s 
client 2024-01-30 20:43:26,092 [INFO] Sending command to the server: 'time'
client 2024-01-30 20:43:26,094 [INFO] Got response: '1706647406.09261'
client 2024-01-30 20:43:26,095 [INFO] The time difference between the client and the server is within range -0.498 ms..2.538 ms
client 2024-01-30 20:43:26,095 [INFO] Sending command to the server: 'session,2024-01-30_20-37-40,start,testing'
client 2024-01-30 20:43:39,118 [INFO] Got response: 'OK'
client 2024-01-30 20:43:39,119 [INFO] Sending command to the server: 'time'
client 2024-01-30 20:43:39,122 [INFO] Got response: '1706647419.1197538'
client 2024-01-30 20:43:39,122 [INFO] The time difference between the client and the server is within range -0.688 ms..2.941 ms
client 2024-01-30 20:43:39,122 [INFO] Running the workload 'CM_MLPERF_RUN_COUNT=$(cat ${CM_RUN_DIR}/count.txt); echo ${CM_MLPERF_RUN_COUNT}; CM_MLPERF_RUN_COUNT=$((CM_MLPERF_RUN_COUNT+1)); echo ${CM_MLPERF_RUN_COUNT} > ${CM_RUN_DIR}/count.txt && if [ ${CM_MLPERF_RUN_COUNT} -eq "1" ]; then export CM_MLPERF_USER_CONF=${CM_MLPERF_RANGING_USER_CONF}; else export CM_MLPERF_USER_CONF=${CM_MLPERF_TESTING_USER_CONF}; fi && /home/arjun/run.out'
client 2024-01-30 20:53:43,461 [INFO] Sending command to the server: 'time'
client 2024-01-30 20:53:43,465 [INFO] Got response: '1706648023.4626384'
client 2024-01-30 20:53:43,465 [INFO] The time difference between the client and the server is within range -1.454 ms..3.294 ms
client 2024-01-30 20:53:43,466 [INFO] Sending command to the server: 'session,2024-01-30_20-37-40,stop,testing'
client 2024-01-30 20:53:54,179 [INFO] Got response: 'OK'
client 2024-01-30 20:53:54,179 [INFO] Sending command to the server: 'time'
client 2024-01-30 20:53:54,183 [INFO] Got response: '1706648034.1799524'
client 2024-01-30 20:53:54,183 [INFO] The time difference between the client and the server is within range -0.324 ms..3.402 ms
client 2024-01-30 20:53:54,188 [INFO] Copying loadgen logs from '/home/arjun/results_dir/valid_results/orin-tflite_cpp-cpu-tflite-vmaster-with_live_preprocessing/mobilenet-v1-precision_float-1.0-192/singlestream/performance/run_1' to '/home/arjun/results_dir/valid_results/orin-tflite_cpp-cpu-tflite-vmaster-with_live_preprocessing/mobilenet-v1-precision_float-1.0-192/singlestream/performance/tmp_power/run_1'
client 2024-01-30 20:53:54,190 [INFO] Done runs
