client 2024-02-04 22:49:10,064 [INFO] Creating output directory '/home/arjun/results_dir/valid_results/orin-tflite_armnn_cpp-cpu-armnn_tflite-v23.11-using_neon/efficientnet-int8-lite2/singlestream/performance/tmp_power'
client 2024-02-04 22:49:10,096 [INFO] Sending command to the server: 'mlcommons/power client v3'
client 2024-02-04 22:49:10,100 [INFO] Got response: 'mlcommons/power server v3'
client 2024-02-04 22:49:10,100 [INFO] Synchronizing with the server and with time.google.com...
client 2024-02-04 22:49:10,132 [INFO] NTP:offset = 0.001 s, delay = 0.026 s 
client 2024-02-04 22:49:10,132 [INFO] Sending command to the server: 'time'
client 2024-02-04 22:49:10,136 [INFO] Got response: '1707086950.1360428'
client 2024-02-04 22:49:10,136 [INFO] The time difference between the client and the server is within range -3.532 ms..0.857 ms
client 2024-02-04 22:49:10,137 [INFO] Sending command to the server: 'new,,b3473149-0c83-4747-98e1-1ff232f544f1'
client 2024-02-04 22:49:10,141 [INFO] Got response: 'OK 2024-02-04_22-49-10,93e2155c-09ec-4b18-943f-ff9af70c050e'
client 2024-02-04 22:49:10,141 [INFO] Session id is '2024-02-04_22-49-10'
client 2024-02-04 22:49:10,142 [INFO] Sources: {"sources": {"__init__.py": "da39a3ee5e6b4b0d3255bfef95601890afd80709", "client.py": "33ca4f26368777ac06e01f9567b714a4b8063886", "lib/__init__.py": "da39a3ee5e6b4b0d3255bfef95601890afd80709", "lib/client.py": "ac2aa093c8e8bbc9569b9e2a3471bc64e58a2258", "lib/common.py": "611d8b29633d331eb19c9455ea3b5fa3284ed6df", "lib/external/__init__.py": "da39a3ee5e6b4b0d3255bfef95601890afd80709", "lib/external/ntplib.py": "4da8f970656505a40483206ef2b5d3dd5e81711d", "lib/server.py": "99303c836c683aa9017ec565104e636161d02acb", "lib/source_hashes.py": "60a2e02193209e8d392803326208d5466342da18", "lib/summary.py": "aa92f0a3f975eecd44d3c0cd0236342ccc9f941d", "lib/time_sync.py": "80894ef2389e540781ff78de94db16aa4203a14e", "server.py": "c3f90f2f7eeb4db30727556d0c815ebc89b3d28b", "tests/unit/__init__.py": "da39a3ee5e6b4b0d3255bfef95601890afd80709", "tests/unit/test_server.py": "948c1995d4008bc2aa6c4046a34ffa3858d6d671", "tests/unit/test_source_hashes.py": "00468a2907583c593e6574a1f6b404e4651c221a"}, "modules": {"ptd_client_server.lib.client": "lib/client.py", "ptd_client_server.lib.common": "lib/common.py", "ptd_client_server.lib.external.ntplib": "lib/external/ntplib.py", "ptd_client_server.lib.source_hashes": "lib/source_hashes.py", "ptd_client_server.lib.summary": "lib/summary.py", "ptd_client_server.lib.time_sync": "lib/time_sync.py"}}
client 2024-02-04 22:49:10,142 [INFO] Running workload in ranging mode
client 2024-02-04 22:49:10,142 [INFO] Synchronizing with the server and with time.google.com...
client 2024-02-04 22:49:10,169 [INFO] NTP:offset = 0.001 s, delay = 0.025 s 
client 2024-02-04 22:49:10,169 [INFO] Sending command to the server: 'time'
client 2024-02-04 22:49:10,172 [INFO] Got response: '1707086950.172608'
client 2024-02-04 22:49:10,172 [INFO] The time difference between the client and the server is within range -3.271 ms..0.105 ms
client 2024-02-04 22:49:10,172 [INFO] Sending command to the server: 'session,2024-02-04_22-49-10,start,ranging'
client 2024-02-04 22:49:38,263 [INFO] Got response: 'OK'
client 2024-02-04 22:49:38,265 [INFO] Sending command to the server: 'time'
client 2024-02-04 22:49:38,270 [INFO] Got response: '1707086978.2691636'
client 2024-02-04 22:49:38,270 [INFO] The time difference between the client and the server is within range -3.426 ms..1.620 ms
client 2024-02-04 22:49:38,271 [INFO] Running the workload 'CM_MLPERF_RUN_COUNT=$(cat ${CM_RUN_DIR}/count.txt); echo ${CM_MLPERF_RUN_COUNT}; CM_MLPERF_RUN_COUNT=$((CM_MLPERF_RUN_COUNT+1)); echo ${CM_MLPERF_RUN_COUNT} > ${CM_RUN_DIR}/count.txt && if [ ${CM_MLPERF_RUN_COUNT} -eq "1" ]; then export CM_MLPERF_USER_CONF=${CM_MLPERF_RANGING_USER_CONF}; else export CM_MLPERF_USER_CONF=${CM_MLPERF_TESTING_USER_CONF}; fi && /mnt/CM/repos/ctuning@mlcommons-ck/cm-mlops/script/get-lib-armnn/run.out'
client 2024-02-04 22:54:41,017 [INFO] Sending command to the server: 'time'
client 2024-02-04 22:54:41,022 [INFO] Got response: '1707087281.0214393'
client 2024-02-04 22:54:41,022 [INFO] The time difference between the client and the server is within range -4.509 ms..0.849 ms
client 2024-02-04 22:54:41,022 [INFO] Sending command to the server: 'session,2024-02-04_22-49-10,stop,ranging'
client 2024-02-04 22:54:51,398 [INFO] Got response: 'OK'
client 2024-02-04 22:54:51,399 [INFO] Sending command to the server: 'time'
client 2024-02-04 22:54:51,403 [INFO] Got response: '1707087291.402852'
client 2024-02-04 22:54:51,403 [INFO] The time difference between the client and the server is within range -3.521 ms..0.451 ms
client 2024-02-04 22:54:51,432 [INFO] Copying loadgen logs from '/home/arjun/results_dir/valid_results/orin-tflite_armnn_cpp-cpu-armnn_tflite-v23.11-using_neon/efficientnet-int8-lite2/singlestream/performance/run_1' to '/home/arjun/results_dir/valid_results/orin-tflite_armnn_cpp-cpu-armnn_tflite-v23.11-using_neon/efficientnet-int8-lite2/singlestream/performance/tmp_power/ranging'
client 2024-02-04 22:54:51,435 [INFO] Running workload in testing mode
client 2024-02-04 22:54:51,435 [INFO] Synchronizing with the server and with time.google.com...
client 2024-02-04 22:54:51,488 [INFO] NTP:offset = 0.003 s, delay = 0.048 s 
client 2024-02-04 22:54:51,489 [INFO] Sending command to the server: 'time'
client 2024-02-04 22:54:51,493 [INFO] Got response: '1707087291.4932163'
client 2024-02-04 22:54:51,493 [INFO] The time difference between the client and the server is within range -4.122 ms..0.386 ms
client 2024-02-04 22:54:51,493 [INFO] Sending command to the server: 'session,2024-02-04_22-49-10,start,testing'
client 2024-02-04 22:55:04,515 [INFO] Got response: 'OK'
client 2024-02-04 22:55:04,516 [INFO] Sending command to the server: 'time'
client 2024-02-04 22:55:04,520 [INFO] Got response: '1707087304.5198202'
client 2024-02-04 22:55:04,520 [INFO] The time difference between the client and the server is within range -3.475 ms..0.541 ms
client 2024-02-04 22:55:04,520 [INFO] Running the workload 'CM_MLPERF_RUN_COUNT=$(cat ${CM_RUN_DIR}/count.txt); echo ${CM_MLPERF_RUN_COUNT}; CM_MLPERF_RUN_COUNT=$((CM_MLPERF_RUN_COUNT+1)); echo ${CM_MLPERF_RUN_COUNT} > ${CM_RUN_DIR}/count.txt && if [ ${CM_MLPERF_RUN_COUNT} -eq "1" ]; then export CM_MLPERF_USER_CONF=${CM_MLPERF_RANGING_USER_CONF}; else export CM_MLPERF_USER_CONF=${CM_MLPERF_TESTING_USER_CONF}; fi && /mnt/CM/repos/ctuning@mlcommons-ck/cm-mlops/script/get-lib-armnn/run.out'
client 2024-02-04 23:05:09,506 [INFO] Sending command to the server: 'time'
client 2024-02-04 23:05:09,510 [INFO] Got response: '1707087909.5112884'
client 2024-02-04 23:05:09,511 [INFO] The time difference between the client and the server is within range -5.156 ms..-0.190 ms
client 2024-02-04 23:05:09,511 [INFO] Sending command to the server: 'session,2024-02-04_22-49-10,stop,testing'
client 2024-02-04 23:05:20,574 [INFO] Got response: 'OK'
client 2024-02-04 23:05:20,575 [INFO] Sending command to the server: 'time'
client 2024-02-04 23:05:20,579 [INFO] Got response: '1707087920.5796309'
client 2024-02-04 23:05:20,579 [INFO] The time difference between the client and the server is within range -3.847 ms..-0.030 ms
client 2024-02-04 23:05:20,584 [INFO] Copying loadgen logs from '/home/arjun/results_dir/valid_results/orin-tflite_armnn_cpp-cpu-armnn_tflite-v23.11-using_neon/efficientnet-int8-lite2/singlestream/performance/run_1' to '/home/arjun/results_dir/valid_results/orin-tflite_armnn_cpp-cpu-armnn_tflite-v23.11-using_neon/efficientnet-int8-lite2/singlestream/performance/tmp_power/run_1'
client 2024-02-04 23:05:20,595 [INFO] Done runs
