Graph file: /home/ubuntu/CM/repos/local/cache/585457b57cdb45f6/mobilenet_v1_0.25_192.tflite
Image dir: /home/ubuntu/CM/repos/local/cache/05de27aa022d4732
Image list: /home/ubuntu/CM/repos/local/cache/05de27aa022d4732/preprocessed_files.txt
Image size: 192
Image channels: 3
Prediction classes: 1000
Result dir: /home/ubuntu/CM/repos/local/cache/6f95210fc6c14185/valid_results/ip_172_31_9_222-tflite_cpp-cpu-tflite-vmaster-default_config/mobilenet-v1-precision_float-0.25-192/singlestream/performance/run_1
How many images fit in memory buffer: 1024
Normalize: 1
Subtract mean: 0
Run time preprocessing: 0
Number of Threads: 16
Number of available imagefiles: 50000

Loading graph...
INFO: Created TensorFlow Lite XNNPACK delegate for CPU.
Input tensor dimensions (NHWC): 1*192*192*3
Output tensor dimensions: 1*1001
Path to mlperf.conf : /home/ubuntu/CM/repos/local/cache/dc2b293bbc704ecb/inference/mlperf.conf
Path to user.conf : /home/ubuntu/CM/repos/ctuning@mlcommons-ck/cm-mlops/script/generate-mlperf-inference-user-conf/tmp/b0914c07ff694e89b524814a33dc9574.conf
Model Name: mobilenet
LoadGen Scenario: SingleStream
LoadGen Mode: performance
