client 2024-02-01 12:21:06,430 [INFO] Creating output directory '/home/arjun/results_dir/valid_results/orin-tflite_armnn_cpp-cpu-armnn_tflite-v23.05-using_neon/mobilenet-v2-precision_uint8-0.5-160/singlestream/performance/tmp_power'
client 2024-02-01 12:21:06,510 [INFO] Sending command to the server: 'mlcommons/power client v3'
client 2024-02-01 12:21:06,513 [INFO] Got response: 'mlcommons/power server v3'
client 2024-02-01 12:21:06,513 [INFO] Synchronizing with the server and with time.google.com...
client 2024-02-01 12:21:06,543 [INFO] NTP:offset = -0.007 s, delay = 0.021 s 
client 2024-02-01 12:21:06,544 [INFO] Sending command to the server: 'time'
client 2024-02-01 12:21:06,548 [INFO] Got response: '1706790066.542113'
client 2024-02-01 12:21:06,548 [INFO] The time difference between the client and the server is within range 2.028 ms..6.343 ms
client 2024-02-01 12:21:06,548 [INFO] Sending command to the server: 'new,,0e61ef15-efae-4e7d-b219-a85c616679ab'
client 2024-02-01 12:21:06,552 [INFO] Got response: 'OK 2024-02-01_12-21-06,e178dce5-d2d4-4b4f-8f53-ee48b6753274'
client 2024-02-01 12:21:06,553 [INFO] Session id is '2024-02-01_12-21-06'
client 2024-02-01 12:21:06,553 [INFO] Sources: {"sources": {"__init__.py": "da39a3ee5e6b4b0d3255bfef95601890afd80709", "client.py": "33ca4f26368777ac06e01f9567b714a4b8063886", "lib/__init__.py": "da39a3ee5e6b4b0d3255bfef95601890afd80709", "lib/client.py": "ac2aa093c8e8bbc9569b9e2a3471bc64e58a2258", "lib/common.py": "611d8b29633d331eb19c9455ea3b5fa3284ed6df", "lib/external/__init__.py": "da39a3ee5e6b4b0d3255bfef95601890afd80709", "lib/external/ntplib.py": "4da8f970656505a40483206ef2b5d3dd5e81711d", "lib/server.py": "99303c836c683aa9017ec565104e636161d02acb", "lib/source_hashes.py": "60a2e02193209e8d392803326208d5466342da18", "lib/summary.py": "aa92f0a3f975eecd44d3c0cd0236342ccc9f941d", "lib/time_sync.py": "80894ef2389e540781ff78de94db16aa4203a14e", "server.py": "c3f90f2f7eeb4db30727556d0c815ebc89b3d28b", "tests/unit/__init__.py": "da39a3ee5e6b4b0d3255bfef95601890afd80709", "tests/unit/test_server.py": "948c1995d4008bc2aa6c4046a34ffa3858d6d671", "tests/unit/test_source_hashes.py": "00468a2907583c593e6574a1f6b404e4651c221a"}, "modules": {"ptd_client_server.lib.client": "lib/client.py", "ptd_client_server.lib.common": "lib/common.py", "ptd_client_server.lib.external.ntplib": "lib/external/ntplib.py", "ptd_client_server.lib.source_hashes": "lib/source_hashes.py", "ptd_client_server.lib.summary": "lib/summary.py", "ptd_client_server.lib.time_sync": "lib/time_sync.py"}}
client 2024-02-01 12:21:06,553 [INFO] Running workload in ranging mode
client 2024-02-01 12:21:06,554 [INFO] Synchronizing with the server and with time.google.com...
client 2024-02-01 12:21:06,575 [INFO] NTP:offset = -0.007 s, delay = 0.020 s 
client 2024-02-01 12:21:06,575 [INFO] Sending command to the server: 'time'
client 2024-02-01 12:21:06,579 [INFO] Got response: '1706790066.5737317'
client 2024-02-01 12:21:06,580 [INFO] The time difference between the client and the server is within range 2.094 ms..6.346 ms
client 2024-02-01 12:21:06,580 [INFO] Sending command to the server: 'session,2024-02-01_12-21-06,start,ranging'
client 2024-02-01 12:21:34,745 [INFO] Got response: 'OK'
client 2024-02-01 12:21:34,747 [INFO] Sending command to the server: 'time'
client 2024-02-01 12:21:34,752 [INFO] Got response: '1706790094.7453413'
client 2024-02-01 12:21:34,752 [INFO] The time difference between the client and the server is within range 2.412 ms..7.251 ms
client 2024-02-01 12:21:34,752 [INFO] Running the workload 'CM_MLPERF_RUN_COUNT=$(cat ${CM_RUN_DIR}/count.txt); echo ${CM_MLPERF_RUN_COUNT}; CM_MLPERF_RUN_COUNT=$((CM_MLPERF_RUN_COUNT+1)); echo ${CM_MLPERF_RUN_COUNT} > ${CM_RUN_DIR}/count.txt && if [ ${CM_MLPERF_RUN_COUNT} -eq "1" ]; then export CM_MLPERF_USER_CONF=${CM_MLPERF_RANGING_USER_CONF}; else export CM_MLPERF_USER_CONF=${CM_MLPERF_TESTING_USER_CONF}; fi && /mnt/CM/repos/ctuning@mlcommons-ck/cm-mlops/script/benchmark-any-mlperf-inference-implementation/run.out'
client 2024-02-01 12:26:37,243 [INFO] Sending command to the server: 'time'
client 2024-02-01 12:26:37,247 [INFO] Got response: '1706790397.2412264'
client 2024-02-01 12:26:37,247 [INFO] The time difference between the client and the server is within range 2.246 ms..6.575 ms
client 2024-02-01 12:26:37,248 [INFO] Sending command to the server: 'session,2024-02-01_12-21-06,stop,ranging'
client 2024-02-01 12:26:47,947 [INFO] Got response: 'OK'
client 2024-02-01 12:26:47,948 [INFO] Sending command to the server: 'time'
client 2024-02-01 12:26:47,952 [INFO] Got response: '1706790407.9460866'
client 2024-02-01 12:26:47,953 [INFO] The time difference between the client and the server is within range 2.373 ms..6.905 ms
client 2024-02-01 12:26:47,970 [INFO] Copying loadgen logs from '/home/arjun/results_dir/valid_results/orin-tflite_armnn_cpp-cpu-armnn_tflite-v23.05-using_neon/mobilenet-v2-precision_uint8-0.5-160/singlestream/performance/run_1' to '/home/arjun/results_dir/valid_results/orin-tflite_armnn_cpp-cpu-armnn_tflite-v23.05-using_neon/mobilenet-v2-precision_uint8-0.5-160/singlestream/performance/tmp_power/ranging'
client 2024-02-01 12:26:47,972 [INFO] Running workload in testing mode
client 2024-02-01 12:26:47,973 [INFO] Synchronizing with the server and with time.google.com...
client 2024-02-01 12:26:48,018 [INFO] NTP:offset = -0.004 s, delay = 0.026 s 
client 2024-02-01 12:26:48,018 [INFO] Sending command to the server: 'time'
client 2024-02-01 12:26:48,022 [INFO] Got response: '1706790408.0159185'
client 2024-02-01 12:26:48,022 [INFO] The time difference between the client and the server is within range 2.315 ms..6.607 ms
client 2024-02-01 12:26:48,022 [INFO] Sending command to the server: 'session,2024-02-01_12-21-06,start,testing'
client 2024-02-01 12:27:01,038 [INFO] Got response: 'OK'
client 2024-02-01 12:27:01,039 [INFO] Sending command to the server: 'time'
client 2024-02-01 12:27:01,042 [INFO] Got response: '1706790421.0366461'
client 2024-02-01 12:27:01,042 [INFO] The time difference between the client and the server is within range 2.931 ms..5.899 ms
client 2024-02-01 12:27:01,042 [INFO] Running the workload 'CM_MLPERF_RUN_COUNT=$(cat ${CM_RUN_DIR}/count.txt); echo ${CM_MLPERF_RUN_COUNT}; CM_MLPERF_RUN_COUNT=$((CM_MLPERF_RUN_COUNT+1)); echo ${CM_MLPERF_RUN_COUNT} > ${CM_RUN_DIR}/count.txt && if [ ${CM_MLPERF_RUN_COUNT} -eq "1" ]; then export CM_MLPERF_USER_CONF=${CM_MLPERF_RANGING_USER_CONF}; else export CM_MLPERF_USER_CONF=${CM_MLPERF_TESTING_USER_CONF}; fi && /mnt/CM/repos/ctuning@mlcommons-ck/cm-mlops/script/benchmark-any-mlperf-inference-implementation/run.out'
client 2024-02-01 12:37:05,630 [INFO] Sending command to the server: 'time'
client 2024-02-01 12:37:05,811 [INFO] Got response: '1706791025.8031306'
client 2024-02-01 12:37:05,811 [INFO] The time difference between the client and the server is within range -173.010 ms..8.488 ms
client 2024-02-01 12:37:05,812 [INFO] Sending command to the server: 'session,2024-02-01_12-21-06,stop,testing'
client 2024-02-01 12:37:16,108 [INFO] Got response: 'OK'
client 2024-02-01 12:37:16,109 [INFO] Sending command to the server: 'time'
client 2024-02-01 12:37:16,113 [INFO] Got response: '1706791036.1066928'
client 2024-02-01 12:37:16,113 [INFO] The time difference between the client and the server is within range 2.826 ms..6.777 ms
client 2024-02-01 12:37:16,118 [INFO] Copying loadgen logs from '/home/arjun/results_dir/valid_results/orin-tflite_armnn_cpp-cpu-armnn_tflite-v23.05-using_neon/mobilenet-v2-precision_uint8-0.5-160/singlestream/performance/run_1' to '/home/arjun/results_dir/valid_results/orin-tflite_armnn_cpp-cpu-armnn_tflite-v23.05-using_neon/mobilenet-v2-precision_uint8-0.5-160/singlestream/performance/tmp_power/run_1'
client 2024-02-01 12:37:16,120 [INFO] Done runs
