client 2024-01-28 23:54:32,755 [INFO] Creating output directory '/home/arjun/results_dir/valid_results/orin-tflite_cpp-cpu-tflite-vmaster-default_config/mobilenet-v1-precision_uint8-0.75-224/singlestream/performance/tmp_power'
client 2024-01-28 23:54:32,777 [INFO] Sending command to the server: 'mlcommons/power client v3'
client 2024-01-28 23:54:32,780 [INFO] Got response: 'mlcommons/power server v3'
client 2024-01-28 23:54:32,780 [INFO] Synchronizing with the server and with time.google.com...
client 2024-01-28 23:54:32,810 [INFO] NTP:offset = -0.004 s, delay = 0.023 s 
client 2024-01-28 23:54:32,810 [INFO] Sending command to the server: 'time'
client 2024-01-28 23:54:32,814 [INFO] Got response: '1706486072.811119'
client 2024-01-28 23:54:32,814 [INFO] The time difference between the client and the server is within range -0.766 ms..3.364 ms
client 2024-01-28 23:54:32,814 [INFO] Sending command to the server: 'new,,075b6b30-f320-48b7-ac02-5441e21065ff'
client 2024-01-28 23:54:32,818 [INFO] Got response: 'OK 2024-01-28_23-54-32,1217e9d1-3848-448c-83c2-ea049d3e7abb'
client 2024-01-28 23:54:32,818 [INFO] Session id is '2024-01-28_23-54-32'
client 2024-01-28 23:54:32,818 [INFO] Sources: {"sources": {"__init__.py": "da39a3ee5e6b4b0d3255bfef95601890afd80709", "client.py": "33ca4f26368777ac06e01f9567b714a4b8063886", "lib/__init__.py": "da39a3ee5e6b4b0d3255bfef95601890afd80709", "lib/client.py": "ac2aa093c8e8bbc9569b9e2a3471bc64e58a2258", "lib/common.py": "611d8b29633d331eb19c9455ea3b5fa3284ed6df", "lib/external/__init__.py": "da39a3ee5e6b4b0d3255bfef95601890afd80709", "lib/external/ntplib.py": "4da8f970656505a40483206ef2b5d3dd5e81711d", "lib/server.py": "99303c836c683aa9017ec565104e636161d02acb", "lib/source_hashes.py": "60a2e02193209e8d392803326208d5466342da18", "lib/summary.py": "aa92f0a3f975eecd44d3c0cd0236342ccc9f941d", "lib/time_sync.py": "80894ef2389e540781ff78de94db16aa4203a14e", "server.py": "c3f90f2f7eeb4db30727556d0c815ebc89b3d28b", "tests/unit/__init__.py": "da39a3ee5e6b4b0d3255bfef95601890afd80709", "tests/unit/test_server.py": "948c1995d4008bc2aa6c4046a34ffa3858d6d671", "tests/unit/test_source_hashes.py": "00468a2907583c593e6574a1f6b404e4651c221a"}, "modules": {"ptd_client_server.lib.client": "lib/client.py", "ptd_client_server.lib.common": "lib/common.py", "ptd_client_server.lib.external.ntplib": "lib/external/ntplib.py", "ptd_client_server.lib.source_hashes": "lib/source_hashes.py", "ptd_client_server.lib.summary": "lib/summary.py", "ptd_client_server.lib.time_sync": "lib/time_sync.py"}}
client 2024-01-28 23:54:32,818 [INFO] Running workload in ranging mode
client 2024-01-28 23:54:32,818 [INFO] Synchronizing with the server and with time.google.com...
client 2024-01-28 23:54:32,840 [INFO] NTP:offset = -0.004 s, delay = 0.021 s 
client 2024-01-28 23:54:32,840 [INFO] Sending command to the server: 'time'
client 2024-01-28 23:54:32,852 [INFO] Got response: '1706486072.8493645'
client 2024-01-28 23:54:32,852 [INFO] The time difference between the client and the server is within range -8.400 ms..3.294 ms
client 2024-01-28 23:54:32,852 [INFO] Sending command to the server: 'session,2024-01-28_23-54-32,start,ranging'
client 2024-01-28 23:55:00,920 [INFO] Got response: 'OK'
client 2024-01-28 23:55:00,922 [INFO] Sending command to the server: 'time'
client 2024-01-28 23:55:00,926 [INFO] Got response: '1706486100.9232886'
client 2024-01-28 23:55:00,927 [INFO] The time difference between the client and the server is within range -0.814 ms..3.670 ms
client 2024-01-28 23:55:00,927 [INFO] Running the workload 'CM_MLPERF_RUN_COUNT=$(cat ${CM_RUN_DIR}/count.txt); echo ${CM_MLPERF_RUN_COUNT}; CM_MLPERF_RUN_COUNT=$((CM_MLPERF_RUN_COUNT+1)); echo ${CM_MLPERF_RUN_COUNT} > ${CM_RUN_DIR}/count.txt && if [ ${CM_MLPERF_RUN_COUNT} -eq "1" ]; then export CM_MLPERF_USER_CONF=${CM_MLPERF_RANGING_USER_CONF}; else export CM_MLPERF_USER_CONF=${CM_MLPERF_TESTING_USER_CONF}; fi && /mnt/CM/repos/ctuning@mlcommons-ck/cm-mlops/script/benchmark-any-mlperf-inference-implementation/run.out'
client 2024-01-29 00:00:03,418 [INFO] Sending command to the server: 'time'
client 2024-01-29 00:00:03,422 [INFO] Got response: '1706486403.4195588'
client 2024-01-29 00:00:03,423 [INFO] The time difference between the client and the server is within range -0.986 ms..3.492 ms
client 2024-01-29 00:00:03,423 [INFO] Sending command to the server: 'session,2024-01-28_23-54-32,stop,ranging'
client 2024-01-29 00:00:13,994 [INFO] Got response: 'OK'
client 2024-01-29 00:00:13,995 [INFO] Sending command to the server: 'time'
client 2024-01-29 00:00:13,999 [INFO] Got response: '1706486413.995924'
client 2024-01-29 00:00:14,000 [INFO] The time difference between the client and the server is within range -0.121 ms..4.128 ms
client 2024-01-29 00:00:14,017 [INFO] Copying loadgen logs from '/home/arjun/results_dir/valid_results/orin-tflite_cpp-cpu-tflite-vmaster-default_config/mobilenet-v1-precision_uint8-0.75-224/singlestream/performance/run_1' to '/home/arjun/results_dir/valid_results/orin-tflite_cpp-cpu-tflite-vmaster-default_config/mobilenet-v1-precision_uint8-0.75-224/singlestream/performance/tmp_power/ranging'
client 2024-01-29 00:00:14,020 [INFO] Running workload in testing mode
client 2024-01-29 00:00:14,021 [INFO] Synchronizing with the server and with time.google.com...
client 2024-01-29 00:00:14,060 [INFO] NTP:offset = -0.004 s, delay = 0.020 s 
client 2024-01-29 00:00:14,060 [INFO] Sending command to the server: 'time'
client 2024-01-29 00:00:14,063 [INFO] Got response: '1706486414.0606296'
client 2024-01-29 00:00:14,064 [INFO] The time difference between the client and the server is within range -0.319 ms..3.487 ms
client 2024-01-29 00:00:14,064 [INFO] Sending command to the server: 'session,2024-01-28_23-54-32,start,testing'
client 2024-01-29 00:00:27,086 [INFO] Got response: 'OK'
client 2024-01-29 00:00:27,086 [INFO] Sending command to the server: 'time'
client 2024-01-29 00:00:27,089 [INFO] Got response: '1706486427.08719'
client 2024-01-29 00:00:27,090 [INFO] The time difference between the client and the server is within range -0.278 ms..2.765 ms
client 2024-01-29 00:00:27,090 [INFO] Running the workload 'CM_MLPERF_RUN_COUNT=$(cat ${CM_RUN_DIR}/count.txt); echo ${CM_MLPERF_RUN_COUNT}; CM_MLPERF_RUN_COUNT=$((CM_MLPERF_RUN_COUNT+1)); echo ${CM_MLPERF_RUN_COUNT} > ${CM_RUN_DIR}/count.txt && if [ ${CM_MLPERF_RUN_COUNT} -eq "1" ]; then export CM_MLPERF_USER_CONF=${CM_MLPERF_RANGING_USER_CONF}; else export CM_MLPERF_USER_CONF=${CM_MLPERF_TESTING_USER_CONF}; fi && /mnt/CM/repos/ctuning@mlcommons-ck/cm-mlops/script/benchmark-any-mlperf-inference-implementation/run.out'
client 2024-01-29 00:10:31,332 [INFO] Sending command to the server: 'time'
client 2024-01-29 00:10:31,462 [INFO] Got response: '1706487031.4585564'
client 2024-01-29 00:10:31,463 [INFO] The time difference between the client and the server is within range -126.253 ms..4.703 ms
client 2024-01-29 00:10:31,463 [INFO] Sending command to the server: 'session,2024-01-28_23-54-32,stop,testing'
client 2024-01-29 00:10:42,145 [INFO] Got response: 'OK'
client 2024-01-29 00:10:42,147 [INFO] Sending command to the server: 'time'
client 2024-01-29 00:10:42,151 [INFO] Got response: '1706487042.147476'
client 2024-01-29 00:10:42,151 [INFO] The time difference between the client and the server is within range -0.429 ms..4.375 ms
client 2024-01-29 00:10:42,156 [INFO] Copying loadgen logs from '/home/arjun/results_dir/valid_results/orin-tflite_cpp-cpu-tflite-vmaster-default_config/mobilenet-v1-precision_uint8-0.75-224/singlestream/performance/run_1' to '/home/arjun/results_dir/valid_results/orin-tflite_cpp-cpu-tflite-vmaster-default_config/mobilenet-v1-precision_uint8-0.75-224/singlestream/performance/tmp_power/run_1'
client 2024-01-29 00:10:42,158 [INFO] Done runs
