client 2024-02-04 03:13:41,478 [INFO] Creating output directory '/home/arjun/results_dir/valid_results/orin-tflite_armnn_cpp-cpu-armnn_tflite-v23.11-using_neon_with_live_preprocessing/mobilenet-v1-precision_float-0.75-192/singlestream/performance/tmp_power'
client 2024-02-04 03:13:41,526 [INFO] Sending command to the server: 'mlcommons/power client v3'
client 2024-02-04 03:13:41,529 [INFO] Got response: 'mlcommons/power server v3'
client 2024-02-04 03:13:41,529 [INFO] Synchronizing with the server and with time.google.com...
client 2024-02-04 03:13:41,556 [INFO] NTP:offset = 0.001 s, delay = 0.021 s 
client 2024-02-04 03:13:41,556 [INFO] Sending command to the server: 'time'
client 2024-02-04 03:13:41,559 [INFO] Got response: '1707016421.562206'
client 2024-02-04 03:13:41,559 [INFO] The time difference between the client and the server is within range -5.537 ms..-2.612 ms
client 2024-02-04 03:13:41,559 [INFO] Sending command to the server: 'new,,7125981d-4c36-40f1-89a8-be10c6b2c713'
client 2024-02-04 03:13:41,562 [INFO] Got response: 'OK 2024-02-04_03-13-41,b0dcc255-5c34-4a40-830e-2a7bab1a0977'
client 2024-02-04 03:13:41,562 [INFO] Session id is '2024-02-04_03-13-41'
client 2024-02-04 03:13:41,562 [INFO] Sources: {"sources": {"__init__.py": "da39a3ee5e6b4b0d3255bfef95601890afd80709", "client.py": "33ca4f26368777ac06e01f9567b714a4b8063886", "lib/__init__.py": "da39a3ee5e6b4b0d3255bfef95601890afd80709", "lib/client.py": "ac2aa093c8e8bbc9569b9e2a3471bc64e58a2258", "lib/common.py": "611d8b29633d331eb19c9455ea3b5fa3284ed6df", "lib/external/__init__.py": "da39a3ee5e6b4b0d3255bfef95601890afd80709", "lib/external/ntplib.py": "4da8f970656505a40483206ef2b5d3dd5e81711d", "lib/server.py": "99303c836c683aa9017ec565104e636161d02acb", "lib/source_hashes.py": "60a2e02193209e8d392803326208d5466342da18", "lib/summary.py": "aa92f0a3f975eecd44d3c0cd0236342ccc9f941d", "lib/time_sync.py": "80894ef2389e540781ff78de94db16aa4203a14e", "server.py": "c3f90f2f7eeb4db30727556d0c815ebc89b3d28b", "tests/unit/__init__.py": "da39a3ee5e6b4b0d3255bfef95601890afd80709", "tests/unit/test_server.py": "948c1995d4008bc2aa6c4046a34ffa3858d6d671", "tests/unit/test_source_hashes.py": "00468a2907583c593e6574a1f6b404e4651c221a"}, "modules": {"ptd_client_server.lib.client": "lib/client.py", "ptd_client_server.lib.common": "lib/common.py", "ptd_client_server.lib.external.ntplib": "lib/external/ntplib.py", "ptd_client_server.lib.source_hashes": "lib/source_hashes.py", "ptd_client_server.lib.summary": "lib/summary.py", "ptd_client_server.lib.time_sync": "lib/time_sync.py"}}
client 2024-02-04 03:13:41,563 [INFO] Running workload in ranging mode
client 2024-02-04 03:13:41,563 [INFO] Synchronizing with the server and with time.google.com...
client 2024-02-04 03:13:41,583 [INFO] NTP:offset = 0.001 s, delay = 0.019 s 
client 2024-02-04 03:13:41,583 [INFO] Sending command to the server: 'time'
client 2024-02-04 03:13:41,586 [INFO] Got response: '1707016421.5896368'
client 2024-02-04 03:13:41,587 [INFO] The time difference between the client and the server is within range -5.965 ms..-2.643 ms
client 2024-02-04 03:13:41,587 [INFO] Sending command to the server: 'session,2024-02-04_03-13-41,start,ranging'
client 2024-02-04 03:14:09,670 [INFO] Got response: 'OK'
client 2024-02-04 03:14:09,672 [INFO] Sending command to the server: 'time'
client 2024-02-04 03:14:09,675 [INFO] Got response: '1707016449.6783044'
client 2024-02-04 03:14:09,676 [INFO] The time difference between the client and the server is within range -5.435 ms..-2.157 ms
client 2024-02-04 03:14:09,676 [INFO] Running the workload 'CM_MLPERF_RUN_COUNT=$(cat ${CM_RUN_DIR}/count.txt); echo ${CM_MLPERF_RUN_COUNT}; CM_MLPERF_RUN_COUNT=$((CM_MLPERF_RUN_COUNT+1)); echo ${CM_MLPERF_RUN_COUNT} > ${CM_RUN_DIR}/count.txt && if [ ${CM_MLPERF_RUN_COUNT} -eq "1" ]; then export CM_MLPERF_USER_CONF=${CM_MLPERF_RANGING_USER_CONF}; else export CM_MLPERF_USER_CONF=${CM_MLPERF_TESTING_USER_CONF}; fi && /mnt/CM/repos/ctuning@mlcommons-ck/cm-mlops/script/get-lib-armnn/run.out'
client 2024-02-04 03:19:12,245 [INFO] Sending command to the server: 'time'
client 2024-02-04 03:19:12,249 [INFO] Got response: '1707016752.2507296'
client 2024-02-04 03:19:12,249 [INFO] The time difference between the client and the server is within range -5.044 ms..-1.300 ms
client 2024-02-04 03:19:12,249 [INFO] Sending command to the server: 'session,2024-02-04_03-13-41,stop,ranging'
client 2024-02-04 03:19:22,735 [INFO] Got response: 'OK'
client 2024-02-04 03:19:22,736 [INFO] Sending command to the server: 'time'
client 2024-02-04 03:19:22,739 [INFO] Got response: '1707016762.741268'
client 2024-02-04 03:19:22,739 [INFO] The time difference between the client and the server is within range -4.823 ms..-1.985 ms
client 2024-02-04 03:19:22,757 [INFO] Copying loadgen logs from '/home/arjun/results_dir/valid_results/orin-tflite_armnn_cpp-cpu-armnn_tflite-v23.11-using_neon_with_live_preprocessing/mobilenet-v1-precision_float-0.75-192/singlestream/performance/run_1' to '/home/arjun/results_dir/valid_results/orin-tflite_armnn_cpp-cpu-armnn_tflite-v23.11-using_neon_with_live_preprocessing/mobilenet-v1-precision_float-0.75-192/singlestream/performance/tmp_power/ranging'
client 2024-02-04 03:19:22,760 [INFO] Running workload in testing mode
client 2024-02-04 03:19:22,760 [INFO] Synchronizing with the server and with time.google.com...
client 2024-02-04 03:19:22,787 [INFO] NTP:offset = -0.000 s, delay = 0.021 s 
client 2024-02-04 03:19:22,787 [INFO] Sending command to the server: 'time'
client 2024-02-04 03:19:22,790 [INFO] Got response: '1707016762.792296'
client 2024-02-04 03:19:22,790 [INFO] The time difference between the client and the server is within range -4.711 ms..-1.372 ms
client 2024-02-04 03:19:22,791 [INFO] Sending command to the server: 'session,2024-02-04_03-13-41,start,testing'
client 2024-02-04 03:19:35,802 [INFO] Got response: 'OK'
client 2024-02-04 03:19:35,802 [INFO] Sending command to the server: 'time'
client 2024-02-04 03:19:35,805 [INFO] Got response: '1707016775.8074412'
client 2024-02-04 03:19:35,805 [INFO] The time difference between the client and the server is within range -4.611 ms..-1.696 ms
client 2024-02-04 03:19:35,805 [INFO] Running the workload 'CM_MLPERF_RUN_COUNT=$(cat ${CM_RUN_DIR}/count.txt); echo ${CM_MLPERF_RUN_COUNT}; CM_MLPERF_RUN_COUNT=$((CM_MLPERF_RUN_COUNT+1)); echo ${CM_MLPERF_RUN_COUNT} > ${CM_RUN_DIR}/count.txt && if [ ${CM_MLPERF_RUN_COUNT} -eq "1" ]; then export CM_MLPERF_USER_CONF=${CM_MLPERF_RANGING_USER_CONF}; else export CM_MLPERF_USER_CONF=${CM_MLPERF_TESTING_USER_CONF}; fi && /mnt/CM/repos/ctuning@mlcommons-ck/cm-mlops/script/get-lib-armnn/run.out'
client 2024-02-04 03:29:40,597 [INFO] Sending command to the server: 'time'
client 2024-02-04 03:29:40,616 [INFO] Got response: '1707017380.6174843'
client 2024-02-04 03:29:40,617 [INFO] The time difference between the client and the server is within range -20.471 ms..-0.408 ms
client 2024-02-04 03:29:40,617 [INFO] Sending command to the server: 'session,2024-02-04_03-13-41,stop,testing'
client 2024-02-04 03:29:50,852 [INFO] Got response: 'OK'
client 2024-02-04 03:29:50,853 [INFO] Sending command to the server: 'time'
client 2024-02-04 03:29:50,857 [INFO] Got response: '1707017390.857572'
client 2024-02-04 03:29:50,857 [INFO] The time difference between the client and the server is within range -4.023 ms..0.323 ms
client 2024-02-04 03:29:50,862 [INFO] Copying loadgen logs from '/home/arjun/results_dir/valid_results/orin-tflite_armnn_cpp-cpu-armnn_tflite-v23.11-using_neon_with_live_preprocessing/mobilenet-v1-precision_float-0.75-192/singlestream/performance/run_1' to '/home/arjun/results_dir/valid_results/orin-tflite_armnn_cpp-cpu-armnn_tflite-v23.11-using_neon_with_live_preprocessing/mobilenet-v1-precision_float-0.75-192/singlestream/performance/tmp_power/run_1'
client 2024-02-04 03:29:50,864 [INFO] Done runs
