client 2024-01-29 11:46:21,225 [INFO] Creating output directory '/home/arjun/results_dir/valid_results/orin-tflite_cpp-cpu-tflite-vmaster-default_config/mobilenet-v2-precision_float-0.5-160/singlestream/performance/tmp_power'
client 2024-01-29 11:46:21,276 [INFO] Sending command to the server: 'mlcommons/power client v3'
client 2024-01-29 11:46:21,280 [INFO] Got response: 'mlcommons/power server v3'
client 2024-01-29 11:46:21,280 [INFO] Synchronizing with the server and with time.google.com...
client 2024-01-29 11:46:21,321 [INFO] NTP:offset = -0.002 s, delay = 0.022 s 
client 2024-01-29 11:46:21,321 [INFO] Sending command to the server: 'time'
client 2024-01-29 11:46:21,325 [INFO] Got response: '1706528781.3242924'
client 2024-01-29 11:46:21,325 [INFO] The time difference between the client and the server is within range -2.723 ms..1.336 ms
client 2024-01-29 11:46:21,325 [INFO] Sending command to the server: 'new,,118de6b2-b4f5-44e0-873b-d6bff8ec3aa2'
client 2024-01-29 11:46:21,329 [INFO] Got response: 'OK 2024-01-29_11-46-21,79bf7563-d6e1-4d92-a387-d2261653c6a5'
client 2024-01-29 11:46:21,329 [INFO] Session id is '2024-01-29_11-46-21'
client 2024-01-29 11:46:21,329 [INFO] Sources: {"sources": {"__init__.py": "da39a3ee5e6b4b0d3255bfef95601890afd80709", "client.py": "33ca4f26368777ac06e01f9567b714a4b8063886", "lib/__init__.py": "da39a3ee5e6b4b0d3255bfef95601890afd80709", "lib/client.py": "ac2aa093c8e8bbc9569b9e2a3471bc64e58a2258", "lib/common.py": "611d8b29633d331eb19c9455ea3b5fa3284ed6df", "lib/external/__init__.py": "da39a3ee5e6b4b0d3255bfef95601890afd80709", "lib/external/ntplib.py": "4da8f970656505a40483206ef2b5d3dd5e81711d", "lib/server.py": "99303c836c683aa9017ec565104e636161d02acb", "lib/source_hashes.py": "60a2e02193209e8d392803326208d5466342da18", "lib/summary.py": "aa92f0a3f975eecd44d3c0cd0236342ccc9f941d", "lib/time_sync.py": "80894ef2389e540781ff78de94db16aa4203a14e", "server.py": "c3f90f2f7eeb4db30727556d0c815ebc89b3d28b", "tests/unit/__init__.py": "da39a3ee5e6b4b0d3255bfef95601890afd80709", "tests/unit/test_server.py": "948c1995d4008bc2aa6c4046a34ffa3858d6d671", "tests/unit/test_source_hashes.py": "00468a2907583c593e6574a1f6b404e4651c221a"}, "modules": {"ptd_client_server.lib.client": "lib/client.py", "ptd_client_server.lib.common": "lib/common.py", "ptd_client_server.lib.external.ntplib": "lib/external/ntplib.py", "ptd_client_server.lib.source_hashes": "lib/source_hashes.py", "ptd_client_server.lib.summary": "lib/summary.py", "ptd_client_server.lib.time_sync": "lib/time_sync.py"}}
client 2024-01-29 11:46:21,330 [INFO] Running workload in ranging mode
client 2024-01-29 11:46:21,330 [INFO] Synchronizing with the server and with time.google.com...
client 2024-01-29 11:46:21,352 [INFO] NTP:offset = -0.002 s, delay = 0.020 s 
client 2024-01-29 11:46:21,352 [INFO] Sending command to the server: 'time'
client 2024-01-29 11:46:21,355 [INFO] Got response: '1706528781.3550925'
client 2024-01-29 11:46:21,355 [INFO] The time difference between the client and the server is within range -2.767 ms..0.548 ms
client 2024-01-29 11:46:21,355 [INFO] Sending command to the server: 'session,2024-01-29_11-46-21,start,ranging'
client 2024-01-29 11:46:49,443 [INFO] Got response: 'OK'
client 2024-01-29 11:46:49,445 [INFO] Sending command to the server: 'time'
client 2024-01-29 11:46:49,449 [INFO] Got response: '1706528809.448642'
client 2024-01-29 11:46:49,449 [INFO] The time difference between the client and the server is within range -3.106 ms..0.894 ms
client 2024-01-29 11:46:49,449 [INFO] Running the workload 'CM_MLPERF_RUN_COUNT=$(cat ${CM_RUN_DIR}/count.txt); echo ${CM_MLPERF_RUN_COUNT}; CM_MLPERF_RUN_COUNT=$((CM_MLPERF_RUN_COUNT+1)); echo ${CM_MLPERF_RUN_COUNT} > ${CM_RUN_DIR}/count.txt && if [ ${CM_MLPERF_RUN_COUNT} -eq "1" ]; then export CM_MLPERF_USER_CONF=${CM_MLPERF_RANGING_USER_CONF}; else export CM_MLPERF_USER_CONF=${CM_MLPERF_TESTING_USER_CONF}; fi && /mnt/CM/repos/ctuning@mlcommons-ck/cm-mlops/script/benchmark-any-mlperf-inference-implementation/run.out'
client 2024-01-29 11:51:52,166 [INFO] Sending command to the server: 'time'
client 2024-01-29 11:51:52,245 [INFO] Got response: '1706529112.2428482'
client 2024-01-29 11:51:52,245 [INFO] The time difference between the client and the server is within range -76.183 ms..2.826 ms
client 2024-01-29 11:51:52,246 [INFO] Sending command to the server: 'session,2024-01-29_11-46-21,stop,ranging'
client 2024-01-29 11:52:02,549 [INFO] Got response: 'OK'
client 2024-01-29 11:52:02,550 [INFO] Sending command to the server: 'time'
client 2024-01-29 11:52:02,554 [INFO] Got response: '1706529122.5530722'
client 2024-01-29 11:52:02,554 [INFO] The time difference between the client and the server is within range -3.053 ms..1.638 ms
client 2024-01-29 11:52:02,564 [INFO] Copying loadgen logs from '/home/arjun/results_dir/valid_results/orin-tflite_cpp-cpu-tflite-vmaster-default_config/mobilenet-v2-precision_float-0.5-160/singlestream/performance/run_1' to '/home/arjun/results_dir/valid_results/orin-tflite_cpp-cpu-tflite-vmaster-default_config/mobilenet-v2-precision_float-0.5-160/singlestream/performance/tmp_power/ranging'
client 2024-01-29 11:52:02,566 [INFO] Running workload in testing mode
client 2024-01-29 11:52:02,566 [INFO] Synchronizing with the server and with time.google.com...
client 2024-01-29 11:52:02,590 [INFO] NTP:offset = -0.003 s, delay = 0.021 s 
client 2024-01-29 11:52:02,590 [INFO] Sending command to the server: 'time'
client 2024-01-29 11:52:02,594 [INFO] Got response: '1706529122.5927007'
client 2024-01-29 11:52:02,594 [INFO] The time difference between the client and the server is within range -1.820 ms..1.665 ms
client 2024-01-29 11:52:02,594 [INFO] Sending command to the server: 'session,2024-01-29_11-46-21,start,testing'
client 2024-01-29 11:52:15,617 [INFO] Got response: 'OK'
client 2024-01-29 11:52:15,618 [INFO] Sending command to the server: 'time'
client 2024-01-29 11:52:15,622 [INFO] Got response: '1706529135.6208963'
client 2024-01-29 11:52:15,623 [INFO] The time difference between the client and the server is within range -2.443 ms..2.056 ms
client 2024-01-29 11:52:15,623 [INFO] Running the workload 'CM_MLPERF_RUN_COUNT=$(cat ${CM_RUN_DIR}/count.txt); echo ${CM_MLPERF_RUN_COUNT}; CM_MLPERF_RUN_COUNT=$((CM_MLPERF_RUN_COUNT+1)); echo ${CM_MLPERF_RUN_COUNT} > ${CM_RUN_DIR}/count.txt && if [ ${CM_MLPERF_RUN_COUNT} -eq "1" ]; then export CM_MLPERF_USER_CONF=${CM_MLPERF_RANGING_USER_CONF}; else export CM_MLPERF_USER_CONF=${CM_MLPERF_TESTING_USER_CONF}; fi && /mnt/CM/repos/ctuning@mlcommons-ck/cm-mlops/script/benchmark-any-mlperf-inference-implementation/run.out'
client 2024-01-29 12:02:19,990 [INFO] Sending command to the server: 'time'
client 2024-01-29 12:02:19,995 [INFO] Got response: '1706529739.9925568'
client 2024-01-29 12:02:19,995 [INFO] The time difference between the client and the server is within range -1.898 ms..2.860 ms
client 2024-01-29 12:02:19,995 [INFO] Sending command to the server: 'session,2024-01-29_11-46-21,stop,testing'
client 2024-01-29 12:02:30,680 [INFO] Got response: 'OK'
client 2024-01-29 12:02:30,680 [INFO] Sending command to the server: 'time'
client 2024-01-29 12:02:30,684 [INFO] Got response: '1706529750.6815042'
client 2024-01-29 12:02:30,685 [INFO] The time difference between the client and the server is within range -0.605 ms..3.487 ms
client 2024-01-29 12:02:30,689 [INFO] Copying loadgen logs from '/home/arjun/results_dir/valid_results/orin-tflite_cpp-cpu-tflite-vmaster-default_config/mobilenet-v2-precision_float-0.5-160/singlestream/performance/run_1' to '/home/arjun/results_dir/valid_results/orin-tflite_cpp-cpu-tflite-vmaster-default_config/mobilenet-v2-precision_float-0.5-160/singlestream/performance/tmp_power/run_1'
client 2024-01-29 12:02:30,691 [INFO] Done runs
