Graph file: /home/ubuntu/CM/repos/local/cache/2b02d6879bc84af6/v2_160_100/model.tflite
Image dir: /home/ubuntu/CM/repos/local/cache/4e828f27edb647a5
Image list: /home/ubuntu/CM/repos/local/cache/4e828f27edb647a5/preprocessed_files.txt
Image size: 160
Image channels: 3
Prediction classes: 1000
Result dir: /home/ubuntu/CM/repos/local/cache/72ad8c7b936e4682/valid_results/ip_172_31_18_2-tflite_cpp-cpu-tflite-vmaster-default_config/mobilenet-v2-precision_uint8-1.0-160/singlestream/performance/run_1
How many images fit in memory buffer: 1024
Normalize: 1
Subtract mean: 0
Run time preprocessing: 1
Number of Threads: 4
Number of available imagefiles: 50000

Loading graph...
INFO: Created TensorFlow Lite XNNPACK delegate for CPU.
Input tensor dimensions (NHWC): 1*160*160*3
Output tensor dimensions: 1*1001
Path to mlperf.conf : /home/ubuntu/CM/repos/local/cache/6911043a5baf45a7/inference/mlperf.conf
Path to user.conf : /home/ubuntu/CM/repos/ctuning@mlcommons-ck/cm-mlops/script/generate-mlperf-inference-user-conf/tmp/b9cea5e86ff74eeb952cbe3fd35e2104.conf
Model Name: mobilenet
LoadGen Scenario: SingleStream
LoadGen Mode: performance
