client 2024-02-21 11:16:01,649 [INFO] Creating output directory '/home/arjun/results_dir/valid_results/phoenix_Amd_Am5-reference-cpu-deepsparse-vdefault-default_config/mobilebert-base_quant-none-bert-99/offline/performance/tmp_power'
client 2024-02-21 11:16:01,657 [INFO] Sending command to the server: 'mlcommons/power client v3'
client 2024-02-21 11:16:01,667 [INFO] Got response: 'mlcommons/power server v3'
client 2024-02-21 11:16:01,667 [INFO] Synchronizing with the server and with time.google.com...
client 2024-02-21 11:16:01,689 [INFO] NTP:offset = -0.004 s, delay = 0.021 s 
client 2024-02-21 11:16:01,689 [INFO] Sending command to the server: 'time'
client 2024-02-21 11:16:01,698 [INFO] Got response: '1708514161.6416078'
client 2024-02-21 11:16:01,698 [INFO] The time difference between the client and the server is within range 48.123 ms..56.873 ms
client 2024-02-21 11:16:01,698 [INFO] Sending command to the server: 'new,,1a259afe-7d64-4f11-8d75-7718f52eadbc'
client 2024-02-21 11:16:01,711 [INFO] Got response: 'OK 2024-02-21_11-16-01,fe6199df-187b-407d-80cf-f490e01852ea'
client 2024-02-21 11:16:01,711 [INFO] Session id is '2024-02-21_11-16-01'
client 2024-02-21 11:16:01,711 [INFO] Sources: {"sources": {"__init__.py": "da39a3ee5e6b4b0d3255bfef95601890afd80709", "client.py": "33ca4f26368777ac06e01f9567b714a4b8063886", "lib/__init__.py": "da39a3ee5e6b4b0d3255bfef95601890afd80709", "lib/client.py": "ac2aa093c8e8bbc9569b9e2a3471bc64e58a2258", "lib/common.py": "611d8b29633d331eb19c9455ea3b5fa3284ed6df", "lib/external/__init__.py": "da39a3ee5e6b4b0d3255bfef95601890afd80709", "lib/external/ntplib.py": "4da8f970656505a40483206ef2b5d3dd5e81711d", "lib/server.py": "99303c836c683aa9017ec565104e636161d02acb", "lib/source_hashes.py": "60a2e02193209e8d392803326208d5466342da18", "lib/summary.py": "aa92f0a3f975eecd44d3c0cd0236342ccc9f941d", "lib/time_sync.py": "80894ef2389e540781ff78de94db16aa4203a14e", "server.py": "c3f90f2f7eeb4db30727556d0c815ebc89b3d28b", "tests/unit/__init__.py": "da39a3ee5e6b4b0d3255bfef95601890afd80709", "tests/unit/test_server.py": "948c1995d4008bc2aa6c4046a34ffa3858d6d671", "tests/unit/test_source_hashes.py": "00468a2907583c593e6574a1f6b404e4651c221a"}, "modules": {"ptd_client_server.lib.client": "lib/client.py", "ptd_client_server.lib.common": "lib/common.py", "ptd_client_server.lib.external.ntplib": "lib/external/ntplib.py", "ptd_client_server.lib.source_hashes": "lib/source_hashes.py", "ptd_client_server.lib.summary": "lib/summary.py", "ptd_client_server.lib.time_sync": "lib/time_sync.py"}}
client 2024-02-21 11:16:01,711 [INFO] Running workload in ranging mode
client 2024-02-21 11:16:01,711 [INFO] Synchronizing with the server and with time.google.com...
client 2024-02-21 11:16:01,758 [INFO] NTP:offset = -0.003 s, delay = 0.046 s 
client 2024-02-21 11:16:01,758 [INFO] Sending command to the server: 'time'
client 2024-02-21 11:16:01,767 [INFO] Got response: '1708514161.7115293'
client 2024-02-21 11:16:01,767 [INFO] The time difference between the client and the server is within range 47.286 ms..55.571 ms
client 2024-02-21 11:16:01,767 [INFO] Sending command to the server: 'session,2024-02-21_11-16-01,start,ranging'
client 2024-02-21 11:16:25,706 [INFO] Got response: 'OK'
client 2024-02-21 11:16:25,706 [INFO] Sending command to the server: 'time'
client 2024-02-21 11:16:25,714 [INFO] Got response: '1708514185.6618612'
client 2024-02-21 11:16:25,715 [INFO] The time difference between the client and the server is within range 44.246 ms..53.228 ms
client 2024-02-21 11:16:25,715 [INFO] Running the workload 'CM_MLPERF_RUN_COUNT=$(cat ${CM_RUN_DIR}/count.txt); echo ${CM_MLPERF_RUN_COUNT}; CM_MLPERF_RUN_COUNT=$((CM_MLPERF_RUN_COUNT+1)); echo ${CM_MLPERF_RUN_COUNT} > ${CM_RUN_DIR}/count.txt && if [ ${CM_MLPERF_RUN_COUNT} -eq "1" ]; then export CM_MLPERF_USER_CONF=${CM_MLPERF_RANGING_USER_CONF}; else export CM_MLPERF_USER_CONF=${CM_MLPERF_TESTING_USER_CONF}; fi && /usr/bin/python3 run.py --backend=deepsparse --scenario=Offline --mlperf_conf "/home/arjun/CM/repos/local/cache/b5386651b8ab4bd4/inference/mlperf.conf" --user_conf "${CM_MLPERF_USER_CONF}" --quantized --batch_size=128 --model_path=/home/arjun/.cache/sparsezoo/015e8d42-34d9-4fdc-a641-4f2475ae2542/model.onnx 2>&1 | tee /home/arjun/results_dir/valid_results/phoenix_Amd_Am5-reference-cpu-deepsparse-vdefault-default_config/mobilebert-base_quant-none-bert-99/offline/performance/run_1/console.out'
client 2024-02-21 11:26:22,002 [INFO] Sending command to the server: 'time'
client 2024-02-21 11:26:22,013 [INFO] Got response: '1708514781.9475646'
client 2024-02-21 11:26:22,013 [INFO] The time difference between the client and the server is within range 55.288 ms..65.904 ms
client 2024-02-21 11:26:22,013 [INFO] Sending command to the server: 'session,2024-02-21_11-16-01,stop,ranging'
client 2024-02-21 11:26:33,044 [INFO] Got response: 'OK'
client 2024-02-21 11:26:33,044 [INFO] Sending command to the server: 'time'
client 2024-02-21 11:26:33,054 [INFO] Got response: '1708514792.9853792'
client 2024-02-21 11:26:33,054 [INFO] The time difference between the client and the server is within range 59.099 ms..68.884 ms
client 2024-02-21 11:26:33,056 [INFO] Copying loadgen logs from '/home/arjun/results_dir/valid_results/phoenix_Amd_Am5-reference-cpu-deepsparse-vdefault-default_config/mobilebert-base_quant-none-bert-99/offline/performance/run_1' to '/home/arjun/results_dir/valid_results/phoenix_Amd_Am5-reference-cpu-deepsparse-vdefault-default_config/mobilebert-base_quant-none-bert-99/offline/performance/tmp_power/ranging'
client 2024-02-21 11:26:33,056 [INFO] Running workload in testing mode
client 2024-02-21 11:26:33,056 [INFO] Synchronizing with the server and with time.google.com...
client 2024-02-21 11:26:33,079 [INFO] NTP:offset = -0.006 s, delay = 0.022 s 
client 2024-02-21 11:26:33,079 [INFO] Sending command to the server: 'time'
client 2024-02-21 11:26:33,089 [INFO] Got response: '1708514793.0254529'
client 2024-02-21 11:26:33,089 [INFO] The time difference between the client and the server is within range 53.728 ms..63.692 ms
client 2024-02-21 11:26:33,089 [INFO] Sending command to the server: 'session,2024-02-21_11-16-01,start,testing'
client 2024-02-21 11:26:46,149 [INFO] Got response: 'OK'
client 2024-02-21 11:26:46,149 [INFO] Sending command to the server: 'time'
client 2024-02-21 11:26:46,164 [INFO] Got response: '1708514806.0956855'
client 2024-02-21 11:26:46,165 [INFO] The time difference between the client and the server is within range 53.779 ms..69.329 ms
client 2024-02-21 11:26:46,165 [INFO] Running the workload 'CM_MLPERF_RUN_COUNT=$(cat ${CM_RUN_DIR}/count.txt); echo ${CM_MLPERF_RUN_COUNT}; CM_MLPERF_RUN_COUNT=$((CM_MLPERF_RUN_COUNT+1)); echo ${CM_MLPERF_RUN_COUNT} > ${CM_RUN_DIR}/count.txt && if [ ${CM_MLPERF_RUN_COUNT} -eq "1" ]; then export CM_MLPERF_USER_CONF=${CM_MLPERF_RANGING_USER_CONF}; else export CM_MLPERF_USER_CONF=${CM_MLPERF_TESTING_USER_CONF}; fi && /usr/bin/python3 run.py --backend=deepsparse --scenario=Offline --mlperf_conf "/home/arjun/CM/repos/local/cache/b5386651b8ab4bd4/inference/mlperf.conf" --user_conf "${CM_MLPERF_USER_CONF}" --quantized --batch_size=128 --model_path=/home/arjun/.cache/sparsezoo/015e8d42-34d9-4fdc-a641-4f2475ae2542/model.onnx 2>&1 | tee /home/arjun/results_dir/valid_results/phoenix_Amd_Am5-reference-cpu-deepsparse-vdefault-default_config/mobilebert-base_quant-none-bert-99/offline/performance/run_1/console.out'
client 2024-02-21 11:43:05,162 [INFO] Sending command to the server: 'time'
client 2024-02-21 11:43:05,173 [INFO] Got response: '1708515785.0958223'
client 2024-02-21 11:43:05,173 [INFO] The time difference between the client and the server is within range 66.325 ms..77.288 ms
client 2024-02-21 11:43:05,173 [INFO] Sending command to the server: 'session,2024-02-21_11-16-01,stop,testing'
client 2024-02-21 11:43:16,234 [INFO] Got response: 'OK'
client 2024-02-21 11:43:16,234 [INFO] Sending command to the server: 'time'
client 2024-02-21 11:43:16,244 [INFO] Got response: '1708515796.1740475'
client 2024-02-21 11:43:16,244 [INFO] The time difference between the client and the server is within range 60.444 ms..70.401 ms
client 2024-02-21 11:43:16,244 [INFO] Copying loadgen logs from '/home/arjun/results_dir/valid_results/phoenix_Amd_Am5-reference-cpu-deepsparse-vdefault-default_config/mobilebert-base_quant-none-bert-99/offline/performance/run_1' to '/home/arjun/results_dir/valid_results/phoenix_Amd_Am5-reference-cpu-deepsparse-vdefault-default_config/mobilebert-base_quant-none-bert-99/offline/performance/tmp_power/run_1'
client 2024-02-21 11:43:16,245 [INFO] Done runs
