Graph file: /home/ubuntu/CM/repos/local/cache/91205415fcd841a9/mobilenet_v2_0.35_128.tflite
Image dir: /home/ubuntu/CM/repos/local/cache/5a3e103ec060492a
Image list: /home/ubuntu/CM/repos/local/cache/5a3e103ec060492a/preprocessed_files.txt
Image size: 128
Image channels: 3
Prediction classes: 1000
Result dir: /home/ubuntu/CM/repos/local/cache/53b88ca721a64101/valid_results/c5a.xlarge-tflite_cpp-cpu-tflite-vmaster-default_config/mobilenet-v2-precision_float-0.35-128/singlestream/performance/run_1
How many images fit in memory buffer: 1024
Normalize: 1
Subtract mean: 0
Run time preprocessing: 0
Number of Threads: 2
Number of available imagefiles: 50000

Loading graph...
INFO: Created TensorFlow Lite XNNPACK delegate for CPU.
Input tensor dimensions (NHWC): 1*128*128*3
Output tensor dimensions: 1*1001
Path to mlperf.conf : /home/ubuntu/CM/repos/local/cache/a34955efa6f84c88/inference/mlperf.conf
Path to user.conf : /home/ubuntu/CM/repos/ctuning@mlcommons-ck/cm-mlops/script/generate-mlperf-inference-user-conf/tmp/154f01b0ff8f41d29ef612c863953339.conf
Model Name: mobilenet
LoadGen Scenario: SingleStream
LoadGen Mode: performance
