client 2024-02-04 17:35:48,331 [INFO] Creating output directory '/home/arjun/results_dir/valid_results/orin-tflite_armnn_cpp-cpu-armnn_tflite-v23.11-using_neon_with_live_preprocessing/mobilenet-v2-precision_float-0.35-128/singlestream/performance/tmp_power'
client 2024-02-04 17:35:48,501 [INFO] Sending command to the server: 'mlcommons/power client v3'
client 2024-02-04 17:35:48,505 [INFO] Got response: 'mlcommons/power server v3'
client 2024-02-04 17:35:48,505 [INFO] Synchronizing with the server and with time.google.com...
client 2024-02-04 17:35:48,535 [INFO] NTP:offset = -0.001 s, delay = 0.022 s 
client 2024-02-04 17:35:48,535 [INFO] Sending command to the server: 'time'
client 2024-02-04 17:35:48,539 [INFO] Got response: '1707068148.5359888'
client 2024-02-04 17:35:48,539 [INFO] The time difference between the client and the server is within range -0.592 ms..3.636 ms
client 2024-02-04 17:35:48,539 [INFO] Sending command to the server: 'new,,a3feb925-6c6a-4953-b16b-c984b7c48b0e'
client 2024-02-04 17:35:48,542 [INFO] Got response: 'OK 2024-02-04_17-35-48,2b17496e-92ac-43ea-a5d7-00c5a0972580'
client 2024-02-04 17:35:48,542 [INFO] Session id is '2024-02-04_17-35-48'
client 2024-02-04 17:35:48,542 [INFO] Sources: {"sources": {"__init__.py": "da39a3ee5e6b4b0d3255bfef95601890afd80709", "client.py": "33ca4f26368777ac06e01f9567b714a4b8063886", "lib/__init__.py": "da39a3ee5e6b4b0d3255bfef95601890afd80709", "lib/client.py": "ac2aa093c8e8bbc9569b9e2a3471bc64e58a2258", "lib/common.py": "611d8b29633d331eb19c9455ea3b5fa3284ed6df", "lib/external/__init__.py": "da39a3ee5e6b4b0d3255bfef95601890afd80709", "lib/external/ntplib.py": "4da8f970656505a40483206ef2b5d3dd5e81711d", "lib/server.py": "99303c836c683aa9017ec565104e636161d02acb", "lib/source_hashes.py": "60a2e02193209e8d392803326208d5466342da18", "lib/summary.py": "aa92f0a3f975eecd44d3c0cd0236342ccc9f941d", "lib/time_sync.py": "80894ef2389e540781ff78de94db16aa4203a14e", "server.py": "c3f90f2f7eeb4db30727556d0c815ebc89b3d28b", "tests/unit/__init__.py": "da39a3ee5e6b4b0d3255bfef95601890afd80709", "tests/unit/test_server.py": "948c1995d4008bc2aa6c4046a34ffa3858d6d671", "tests/unit/test_source_hashes.py": "00468a2907583c593e6574a1f6b404e4651c221a"}, "modules": {"ptd_client_server.lib.client": "lib/client.py", "ptd_client_server.lib.common": "lib/common.py", "ptd_client_server.lib.external.ntplib": "lib/external/ntplib.py", "ptd_client_server.lib.source_hashes": "lib/source_hashes.py", "ptd_client_server.lib.summary": "lib/summary.py", "ptd_client_server.lib.time_sync": "lib/time_sync.py"}}
client 2024-02-04 17:35:48,543 [INFO] Running workload in ranging mode
client 2024-02-04 17:35:48,543 [INFO] Synchronizing with the server and with time.google.com...
client 2024-02-04 17:35:48,567 [INFO] NTP:offset = -0.000 s, delay = 0.023 s 
client 2024-02-04 17:35:48,568 [INFO] Sending command to the server: 'time'
client 2024-02-04 17:35:48,570 [INFO] Got response: '1707068148.568276'
client 2024-02-04 17:35:48,570 [INFO] The time difference between the client and the server is within range -0.275 ms..2.414 ms
client 2024-02-04 17:35:48,570 [INFO] Sending command to the server: 'session,2024-02-04_17-35-48,start,ranging'
client 2024-02-04 17:36:16,684 [INFO] Got response: 'OK'
client 2024-02-04 17:36:16,687 [INFO] Sending command to the server: 'time'
client 2024-02-04 17:36:16,690 [INFO] Got response: '1707068176.6883159'
client 2024-02-04 17:36:16,691 [INFO] The time difference between the client and the server is within range -1.185 ms..3.048 ms
client 2024-02-04 17:36:16,691 [INFO] Running the workload 'CM_MLPERF_RUN_COUNT=$(cat ${CM_RUN_DIR}/count.txt); echo ${CM_MLPERF_RUN_COUNT}; CM_MLPERF_RUN_COUNT=$((CM_MLPERF_RUN_COUNT+1)); echo ${CM_MLPERF_RUN_COUNT} > ${CM_RUN_DIR}/count.txt && if [ ${CM_MLPERF_RUN_COUNT} -eq "1" ]; then export CM_MLPERF_USER_CONF=${CM_MLPERF_RANGING_USER_CONF}; else export CM_MLPERF_USER_CONF=${CM_MLPERF_TESTING_USER_CONF}; fi && /mnt/CM/repos/ctuning@mlcommons-ck/cm-mlops/script/get-lib-armnn/run.out'
client 2024-02-04 17:41:19,101 [INFO] Sending command to the server: 'time'
client 2024-02-04 17:41:19,266 [INFO] Got response: '1707068479.2614114'
client 2024-02-04 17:41:19,267 [INFO] The time difference between the client and the server is within range -160.371 ms..6.251 ms
client 2024-02-04 17:41:19,268 [INFO] Sending command to the server: 'session,2024-02-04_17-35-48,stop,ranging'
client 2024-02-04 17:41:29,777 [INFO] Got response: 'OK'
client 2024-02-04 17:41:29,777 [INFO] Sending command to the server: 'time'
client 2024-02-04 17:41:29,781 [INFO] Got response: '1707068489.7786324'
client 2024-02-04 17:41:29,782 [INFO] The time difference between the client and the server is within range -0.729 ms..3.694 ms
client 2024-02-04 17:41:29,799 [INFO] Copying loadgen logs from '/home/arjun/results_dir/valid_results/orin-tflite_armnn_cpp-cpu-armnn_tflite-v23.11-using_neon_with_live_preprocessing/mobilenet-v2-precision_float-0.35-128/singlestream/performance/run_1' to '/home/arjun/results_dir/valid_results/orin-tflite_armnn_cpp-cpu-armnn_tflite-v23.11-using_neon_with_live_preprocessing/mobilenet-v2-precision_float-0.35-128/singlestream/performance/tmp_power/ranging'
client 2024-02-04 17:41:29,802 [INFO] Running workload in testing mode
client 2024-02-04 17:41:29,802 [INFO] Synchronizing with the server and with time.google.com...
client 2024-02-04 17:41:29,829 [INFO] NTP:offset = -0.001 s, delay = 0.022 s 
client 2024-02-04 17:41:29,829 [INFO] Sending command to the server: 'time'
client 2024-02-04 17:41:29,832 [INFO] Got response: '1707068489.8297622'
client 2024-02-04 17:41:29,832 [INFO] The time difference between the client and the server is within range -0.190 ms..3.054 ms
client 2024-02-04 17:41:29,833 [INFO] Sending command to the server: 'session,2024-02-04_17-35-48,start,testing'
client 2024-02-04 17:41:42,854 [INFO] Got response: 'OK'
client 2024-02-04 17:41:42,855 [INFO] Sending command to the server: 'time'
client 2024-02-04 17:41:42,858 [INFO] Got response: '1707068502.8552568'
client 2024-02-04 17:41:42,858 [INFO] The time difference between the client and the server is within range -0.030 ms..3.099 ms
client 2024-02-04 17:41:42,858 [INFO] Running the workload 'CM_MLPERF_RUN_COUNT=$(cat ${CM_RUN_DIR}/count.txt); echo ${CM_MLPERF_RUN_COUNT}; CM_MLPERF_RUN_COUNT=$((CM_MLPERF_RUN_COUNT+1)); echo ${CM_MLPERF_RUN_COUNT} > ${CM_RUN_DIR}/count.txt && if [ ${CM_MLPERF_RUN_COUNT} -eq "1" ]; then export CM_MLPERF_USER_CONF=${CM_MLPERF_RANGING_USER_CONF}; else export CM_MLPERF_USER_CONF=${CM_MLPERF_TESTING_USER_CONF}; fi && /mnt/CM/repos/ctuning@mlcommons-ck/cm-mlops/script/get-lib-armnn/run.out'
client 2024-02-04 17:51:47,271 [INFO] Sending command to the server: 'time'
client 2024-02-04 17:51:47,390 [INFO] Got response: '1707069107.3854897'
client 2024-02-04 17:51:47,390 [INFO] The time difference between the client and the server is within range -114.285 ms..4.991 ms
client 2024-02-04 17:51:47,390 [INFO] Sending command to the server: 'session,2024-02-04_17-35-48,stop,testing'
client 2024-02-04 17:51:57,911 [INFO] Got response: 'OK'
client 2024-02-04 17:51:57,912 [INFO] Sending command to the server: 'time'
client 2024-02-04 17:51:57,915 [INFO] Got response: '1707069117.9119506'
client 2024-02-04 17:51:57,916 [INFO] The time difference between the client and the server is within range 0.455 ms..4.039 ms
client 2024-02-04 17:51:57,920 [INFO] Copying loadgen logs from '/home/arjun/results_dir/valid_results/orin-tflite_armnn_cpp-cpu-armnn_tflite-v23.11-using_neon_with_live_preprocessing/mobilenet-v2-precision_float-0.35-128/singlestream/performance/run_1' to '/home/arjun/results_dir/valid_results/orin-tflite_armnn_cpp-cpu-armnn_tflite-v23.11-using_neon_with_live_preprocessing/mobilenet-v2-precision_float-0.35-128/singlestream/performance/tmp_power/run_1'
client 2024-02-04 17:51:57,933 [INFO] Done runs
