client 2024-02-04 03:30:16,156 [INFO] Creating output directory '/home/arjun/results_dir/valid_results/orin-tflite_armnn_cpp-cpu-armnn_tflite-v23.11-using_neon/mobilenet-v1-precision_uint8-0.75-192/singlestream/performance/tmp_power'
client 2024-02-04 03:30:16,251 [INFO] Sending command to the server: 'mlcommons/power client v3'
client 2024-02-04 03:30:16,254 [INFO] Got response: 'mlcommons/power server v3'
client 2024-02-04 03:30:16,254 [INFO] Synchronizing with the server and with time.google.com...
client 2024-02-04 03:30:16,282 [INFO] NTP:offset = -0.001 s, delay = 0.020 s 
client 2024-02-04 03:30:16,283 [INFO] Sending command to the server: 'time'
client 2024-02-04 03:30:16,286 [INFO] Got response: '1707017416.2870123'
client 2024-02-04 03:30:16,286 [INFO] The time difference between the client and the server is within range -3.920 ms..-0.850 ms
client 2024-02-04 03:30:16,286 [INFO] Sending command to the server: 'new,,5cce684f-3dc4-4779-bfdb-dfb842a14618'
client 2024-02-04 03:30:16,289 [INFO] Got response: 'OK 2024-02-04_03-30-16,395184b3-831b-4f96-b148-3bab5658179d'
client 2024-02-04 03:30:16,289 [INFO] Session id is '2024-02-04_03-30-16'
client 2024-02-04 03:30:16,289 [INFO] Sources: {"sources": {"__init__.py": "da39a3ee5e6b4b0d3255bfef95601890afd80709", "client.py": "33ca4f26368777ac06e01f9567b714a4b8063886", "lib/__init__.py": "da39a3ee5e6b4b0d3255bfef95601890afd80709", "lib/client.py": "ac2aa093c8e8bbc9569b9e2a3471bc64e58a2258", "lib/common.py": "611d8b29633d331eb19c9455ea3b5fa3284ed6df", "lib/external/__init__.py": "da39a3ee5e6b4b0d3255bfef95601890afd80709", "lib/external/ntplib.py": "4da8f970656505a40483206ef2b5d3dd5e81711d", "lib/server.py": "99303c836c683aa9017ec565104e636161d02acb", "lib/source_hashes.py": "60a2e02193209e8d392803326208d5466342da18", "lib/summary.py": "aa92f0a3f975eecd44d3c0cd0236342ccc9f941d", "lib/time_sync.py": "80894ef2389e540781ff78de94db16aa4203a14e", "server.py": "c3f90f2f7eeb4db30727556d0c815ebc89b3d28b", "tests/unit/__init__.py": "da39a3ee5e6b4b0d3255bfef95601890afd80709", "tests/unit/test_server.py": "948c1995d4008bc2aa6c4046a34ffa3858d6d671", "tests/unit/test_source_hashes.py": "00468a2907583c593e6574a1f6b404e4651c221a"}, "modules": {"ptd_client_server.lib.client": "lib/client.py", "ptd_client_server.lib.common": "lib/common.py", "ptd_client_server.lib.external.ntplib": "lib/external/ntplib.py", "ptd_client_server.lib.source_hashes": "lib/source_hashes.py", "ptd_client_server.lib.summary": "lib/summary.py", "ptd_client_server.lib.time_sync": "lib/time_sync.py"}}
client 2024-02-04 03:30:16,290 [INFO] Running workload in ranging mode
client 2024-02-04 03:30:16,290 [INFO] Synchronizing with the server and with time.google.com...
client 2024-02-04 03:30:16,312 [INFO] NTP:offset = -0.001 s, delay = 0.021 s 
client 2024-02-04 03:30:16,312 [INFO] Sending command to the server: 'time'
client 2024-02-04 03:30:16,316 [INFO] Got response: '1707017416.31699'
client 2024-02-04 03:30:16,316 [INFO] The time difference between the client and the server is within range -4.225 ms..-0.803 ms
client 2024-02-04 03:30:16,316 [INFO] Sending command to the server: 'session,2024-02-04_03-30-16,start,ranging'
client 2024-02-04 03:30:44,498 [INFO] Got response: 'OK'
client 2024-02-04 03:30:44,501 [INFO] Sending command to the server: 'time'
client 2024-02-04 03:30:44,504 [INFO] Got response: '1707017444.5052748'
client 2024-02-04 03:30:44,504 [INFO] The time difference between the client and the server is within range -4.076 ms..-0.493 ms
client 2024-02-04 03:30:44,505 [INFO] Running the workload 'CM_MLPERF_RUN_COUNT=$(cat ${CM_RUN_DIR}/count.txt); echo ${CM_MLPERF_RUN_COUNT}; CM_MLPERF_RUN_COUNT=$((CM_MLPERF_RUN_COUNT+1)); echo ${CM_MLPERF_RUN_COUNT} > ${CM_RUN_DIR}/count.txt && if [ ${CM_MLPERF_RUN_COUNT} -eq "1" ]; then export CM_MLPERF_USER_CONF=${CM_MLPERF_RANGING_USER_CONF}; else export CM_MLPERF_USER_CONF=${CM_MLPERF_TESTING_USER_CONF}; fi && /mnt/CM/repos/ctuning@mlcommons-ck/cm-mlops/script/get-lib-armnn/run.out'
client 2024-02-04 03:35:47,016 [INFO] Sending command to the server: 'time'
client 2024-02-04 03:35:47,020 [INFO] Got response: '1707017747.020818'
client 2024-02-04 03:35:47,020 [INFO] The time difference between the client and the server is within range -4.210 ms..-0.539 ms
client 2024-02-04 03:35:47,020 [INFO] Sending command to the server: 'session,2024-02-04_03-30-16,stop,ranging'
client 2024-02-04 03:35:57,562 [INFO] Got response: 'OK'
client 2024-02-04 03:35:57,563 [INFO] Sending command to the server: 'time'
client 2024-02-04 03:35:57,565 [INFO] Got response: '1707017757.567051'
client 2024-02-04 03:35:57,566 [INFO] The time difference between the client and the server is within range -3.802 ms..-1.101 ms
client 2024-02-04 03:35:57,584 [INFO] Copying loadgen logs from '/home/arjun/results_dir/valid_results/orin-tflite_armnn_cpp-cpu-armnn_tflite-v23.11-using_neon/mobilenet-v1-precision_uint8-0.75-192/singlestream/performance/run_1' to '/home/arjun/results_dir/valid_results/orin-tflite_armnn_cpp-cpu-armnn_tflite-v23.11-using_neon/mobilenet-v1-precision_uint8-0.75-192/singlestream/performance/tmp_power/ranging'
client 2024-02-04 03:35:57,587 [INFO] Running workload in testing mode
client 2024-02-04 03:35:57,587 [INFO] Synchronizing with the server and with time.google.com...
client 2024-02-04 03:35:57,803 [INFO] NTP:offset = -0.001 s, delay = 0.022 s 
client 2024-02-04 03:35:57,803 [INFO] Sending command to the server: 'time'
client 2024-02-04 03:35:57,870 [INFO] Got response: '1707017757.8714387'
client 2024-02-04 03:35:57,871 [INFO] The time difference between the client and the server is within range -67.697 ms..-0.120 ms
client 2024-02-04 03:35:57,871 [INFO] Sending command to the server: 'session,2024-02-04_03-30-16,start,testing'
client 2024-02-04 03:36:10,888 [INFO] Got response: 'OK'
client 2024-02-04 03:36:10,889 [INFO] Sending command to the server: 'time'
client 2024-02-04 03:36:10,892 [INFO] Got response: '1707017770.8933184'
client 2024-02-04 03:36:10,893 [INFO] The time difference between the client and the server is within range -3.929 ms..0.027 ms
client 2024-02-04 03:36:10,893 [INFO] Running the workload 'CM_MLPERF_RUN_COUNT=$(cat ${CM_RUN_DIR}/count.txt); echo ${CM_MLPERF_RUN_COUNT}; CM_MLPERF_RUN_COUNT=$((CM_MLPERF_RUN_COUNT+1)); echo ${CM_MLPERF_RUN_COUNT} > ${CM_RUN_DIR}/count.txt && if [ ${CM_MLPERF_RUN_COUNT} -eq "1" ]; then export CM_MLPERF_USER_CONF=${CM_MLPERF_RANGING_USER_CONF}; else export CM_MLPERF_USER_CONF=${CM_MLPERF_TESTING_USER_CONF}; fi && /mnt/CM/repos/ctuning@mlcommons-ck/cm-mlops/script/get-lib-armnn/run.out'
client 2024-02-04 03:46:15,602 [INFO] Sending command to the server: 'time'
client 2024-02-04 03:46:15,653 [INFO] Got response: '1707018375.653734'
client 2024-02-04 03:46:15,654 [INFO] The time difference between the client and the server is within range -51.168 ms..0.201 ms
client 2024-02-04 03:46:15,654 [INFO] Sending command to the server: 'session,2024-02-04_03-30-16,stop,testing'
client 2024-02-04 03:46:25,942 [INFO] Got response: 'OK'
client 2024-02-04 03:46:25,943 [INFO] Sending command to the server: 'time'
client 2024-02-04 03:46:25,946 [INFO] Got response: '1707018385.947022'
client 2024-02-04 03:46:25,946 [INFO] The time difference between the client and the server is within range -4.004 ms..-0.484 ms
client 2024-02-04 03:46:25,951 [INFO] Copying loadgen logs from '/home/arjun/results_dir/valid_results/orin-tflite_armnn_cpp-cpu-armnn_tflite-v23.11-using_neon/mobilenet-v1-precision_uint8-0.75-192/singlestream/performance/run_1' to '/home/arjun/results_dir/valid_results/orin-tflite_armnn_cpp-cpu-armnn_tflite-v23.11-using_neon/mobilenet-v1-precision_uint8-0.75-192/singlestream/performance/tmp_power/run_1'
client 2024-02-04 03:46:25,964 [INFO] Done runs
