Graph file: /home/ec2-user/CM/repos/local/cache/738788e445934474/efficientnet-lite1/efficientnet-lite1-fp32.tflite
Image dir: /home/ec2-user/CM/repos/local/cache/12e52d477a1a428f
Image list: /home/ec2-user/CM/repos/local/cache/12e52d477a1a428f/preprocessed_files.txt
Image size: 240
Image channels: 3
Prediction classes: 1000
Result dir: /home/ec2-user/CM/repos/local/cache/017d8e20e6854c20/valid_results/ip_172_31_30_110.us_west_2.compute.internal-tflite_cpp-cpu-tflite-vmaster-default_config/efficientnet-fp32-lite1/singlestream/performance/run_1
How many images fit in memory buffer: 1024
Normalize: 1
Subtract mean: 0
Run time preprocessing: 0
Number of Threads: 4
Number of available imagefiles: 50000

Loading graph...
INFO: Created TensorFlow Lite XNNPACK delegate for CPU.
Input tensor dimensions (NHWC): 1*240*240*3
Output tensor dimensions: 1*1000
Path to mlperf.conf : /home/ec2-user/CM/repos/local/cache/41e6ffe78d1840ee/inference/mlperf.conf
Path to user.conf : /home/ec2-user/CM/repos/ctuning@mlcommons-ck/cm-mlops/script/generate-mlperf-inference-user-conf/tmp/f22b5a8e225b4551a4b2e2e368a6c896.conf
Model Name: efficientnet
LoadGen Scenario: SingleStream
LoadGen Mode: performance
