client 2024-02-18 02:22:28,363 [INFO] Sending command to the server: 'mlcommons/power client v3'
client 2024-02-18 02:22:28,366 [INFO] Got response: 'mlcommons/power server v3'
client 2024-02-18 02:22:28,366 [INFO] Sending command to the server: 'stop'
client 2024-02-18 02:22:28,369 [INFO] Got response: 'OK'
client 2024-02-18 02:22:28,369 [INFO] Synchronizing with the server and with 100.64.0.18...
client 2024-02-18 02:22:28,373 [INFO] NTP:offset = -0.000 s, delay = 0.001 s 
client 2024-02-18 02:22:28,373 [INFO] Sending command to the server: 'time'
client 2024-02-18 02:22:28,376 [INFO] Got response: '1708222948.339723'
client 2024-02-18 02:22:28,376 [INFO] The time difference between the client and the server is within range 34.057 ms..36.942 ms
client 2024-02-18 02:22:28,376 [INFO] Sending command to the server: 'new,,398a5b40-c989-4d8e-8e75-c404ea5562c6'
client 2024-02-18 02:22:28,381 [INFO] Got response: 'OK 2024-02-18_02-22-28,a0ae5b92-4e40-49d3-b123-1fa90fce4e67'
client 2024-02-18 02:22:28,381 [INFO] Session id is '2024-02-18_02-22-28'
client 2024-02-18 02:22:28,382 [INFO] Sources: {"sources": {"__init__.py": "da39a3ee5e6b4b0d3255bfef95601890afd80709", "client.py": "33ca4f26368777ac06e01f9567b714a4b8063886", "lib/__init__.py": "da39a3ee5e6b4b0d3255bfef95601890afd80709", "lib/client.py": "ac2aa093c8e8bbc9569b9e2a3471bc64e58a2258", "lib/common.py": "611d8b29633d331eb19c9455ea3b5fa3284ed6df", "lib/external/__init__.py": "da39a3ee5e6b4b0d3255bfef95601890afd80709", "lib/external/ntplib.py": "4da8f970656505a40483206ef2b5d3dd5e81711d", "lib/server.py": "99303c836c683aa9017ec565104e636161d02acb", "lib/source_hashes.py": "60a2e02193209e8d392803326208d5466342da18", "lib/summary.py": "aa92f0a3f975eecd44d3c0cd0236342ccc9f941d", "lib/time_sync.py": "80894ef2389e540781ff78de94db16aa4203a14e", "server.py": "c3f90f2f7eeb4db30727556d0c815ebc89b3d28b", "tests/unit/__init__.py": "da39a3ee5e6b4b0d3255bfef95601890afd80709", "tests/unit/test_server.py": "948c1995d4008bc2aa6c4046a34ffa3858d6d671", "tests/unit/test_source_hashes.py": "00468a2907583c593e6574a1f6b404e4651c221a"}, "modules": {"ptd_client_server.lib.client": "lib/client.py", "ptd_client_server.lib.common": "lib/common.py", "ptd_client_server.lib.external.ntplib": "lib/external/ntplib.py", "ptd_client_server.lib.source_hashes": "lib/source_hashes.py", "ptd_client_server.lib.summary": "lib/summary.py", "ptd_client_server.lib.time_sync": "lib/time_sync.py"}}
client 2024-02-18 02:22:28,382 [INFO] Running workload in ranging mode
client 2024-02-18 02:22:28,382 [INFO] Synchronizing with the server and with 100.64.0.18...
client 2024-02-18 02:22:28,384 [INFO] NTP:offset = -0.000 s, delay = 0.001 s 
client 2024-02-18 02:22:28,384 [INFO] Sending command to the server: 'time'
client 2024-02-18 02:22:28,387 [INFO] Got response: '1708222948.349564'
client 2024-02-18 02:22:28,387 [INFO] The time difference between the client and the server is within range 35.138 ms..38.273 ms
client 2024-02-18 02:22:28,387 [INFO] Sending command to the server: 'session,2024-02-18_02-22-28,start,ranging'
client 2024-02-18 02:22:52,311 [INFO] Got response: 'OK'
client 2024-02-18 02:22:52,311 [INFO] Sending command to the server: 'time'
client 2024-02-18 02:22:52,315 [INFO] Got response: '1708222972.2783203'
client 2024-02-18 02:22:52,315 [INFO] The time difference between the client and the server is within range 33.078 ms..37.059 ms
client 2024-02-18 02:22:52,315 [INFO] Running the workload 'LOG_DIR=/work/build/power_logs_temp python3.8 -m code.main --benchmarks=3d-unet --scenarios=Offline --config_ver=high_accuracy_maxq --action="run_harness" \\\n\t\t2>&1 | tee -a /work/build/power_logs/2024.02.18-02.21.41/stdout.txt \\\n\t\t&& if [ ! -d /work/build/power_logs/2024.02.18-02.21.41/ranging_tmp ]; \\\n\t\t\tthen mkdir /work/build/power_logs/2024.02.18-02.21.41/ranging_tmp \\\n\t\t\t\t&& mv /work/build/power_logs_temp/* /work/build/power_logs/2024.02.18-02.21.41/ranging_tmp/ \\\n\t\t\t\t&& cp -v /work/build/power_logs/2024.02.18-02.21.41/ranging_tmp/*/*/*/mlperf_log_detail.txt /work/build/power_logs_temp/ \\\n\t\t\t\t&& cp -v /work/build/power_logs/2024.02.18-02.21.41/ranging_tmp/*/*/*/mlperf_log_summary.txt /work/build/power_logs_temp/; \\\n\t\t\telse mkdir /work/build/power_logs/2024.02.18-02.21.41/testing_tmp \\\n\t\t\t\t&& mv /work/build/power_logs_temp/* /work/build/power_logs/2024.02.18-02.21.41/testing_tmp/ \\\n\t\t\t\t&& cp -v /work/build/power_logs/2024.02.18-02.21.41/testing_tmp/*/*/*/mlperf_log_detail.txt /work/build/power_logs_temp/ \\\n\t\t\t\t&& cp -v /work/build/power_logs/2024.02.18-02.21.41/testing_tmp/*/*/*/mlperf_log_summary.txt /work/build/power_logs_temp/; fi'
client 2024-02-18 02:36:28,825 [INFO] Sending command to the server: 'time'
client 2024-02-18 02:36:28,830 [INFO] Got response: '1708223788.784952'
client 2024-02-18 02:36:28,830 [INFO] The time difference between the client and the server is within range 40.804 ms..46.003 ms
client 2024-02-18 02:36:28,831 [INFO] Sending command to the server: 'session,2024-02-18_02-22-28,stop,ranging'
client 2024-02-18 02:36:39,421 [INFO] Got response: 'OK'
client 2024-02-18 02:36:39,422 [INFO] Sending command to the server: 'time'
client 2024-02-18 02:36:39,423 [INFO] Got response: '1708223799.3811686'
client 2024-02-18 02:36:39,423 [INFO] The time difference between the client and the server is within range 40.838 ms..42.396 ms
client 2024-02-18 02:36:39,430 [INFO] Copying loadgen logs from '/work/build/power_logs_temp' to '/work/build/power_logs/2024.02.18-02.21.41/2024-02-18_02-22-28/ranging'
client 2024-02-18 02:36:39,430 [INFO] Running workload in testing mode
client 2024-02-18 02:36:39,430 [INFO] Synchronizing with the server and with 100.64.0.18...
client 2024-02-18 02:36:39,431 [INFO] NTP:offset = 0.001 s, delay = 0.001 s 
client 2024-02-18 02:36:39,432 [INFO] Sending command to the server: 'time'
client 2024-02-18 02:36:39,433 [INFO] Got response: '1708223799.3912008'
client 2024-02-18 02:36:39,433 [INFO] The time difference between the client and the server is within range 40.812 ms..42.629 ms
client 2024-02-18 02:36:39,433 [INFO] Sending command to the server: 'session,2024-02-18_02-22-28,start,testing'
client 2024-02-18 02:36:52,492 [INFO] Got response: 'OK'
client 2024-02-18 02:36:52,492 [INFO] Sending command to the server: 'time'
client 2024-02-18 02:36:52,496 [INFO] Got response: '1708223812.453414'
client 2024-02-18 02:36:52,496 [INFO] The time difference between the client and the server is within range 39.216 ms..43.361 ms
client 2024-02-18 02:36:52,496 [INFO] Running the workload 'LOG_DIR=/work/build/power_logs_temp python3.8 -m code.main --benchmarks=3d-unet --scenarios=Offline --config_ver=high_accuracy_maxq --action="run_harness" \\\n\t\t2>&1 | tee -a /work/build/power_logs/2024.02.18-02.21.41/stdout.txt \\\n\t\t&& if [ ! -d /work/build/power_logs/2024.02.18-02.21.41/ranging_tmp ]; \\\n\t\t\tthen mkdir /work/build/power_logs/2024.02.18-02.21.41/ranging_tmp \\\n\t\t\t\t&& mv /work/build/power_logs_temp/* /work/build/power_logs/2024.02.18-02.21.41/ranging_tmp/ \\\n\t\t\t\t&& cp -v /work/build/power_logs/2024.02.18-02.21.41/ranging_tmp/*/*/*/mlperf_log_detail.txt /work/build/power_logs_temp/ \\\n\t\t\t\t&& cp -v /work/build/power_logs/2024.02.18-02.21.41/ranging_tmp/*/*/*/mlperf_log_summary.txt /work/build/power_logs_temp/; \\\n\t\t\telse mkdir /work/build/power_logs/2024.02.18-02.21.41/testing_tmp \\\n\t\t\t\t&& mv /work/build/power_logs_temp/* /work/build/power_logs/2024.02.18-02.21.41/testing_tmp/ \\\n\t\t\t\t&& cp -v /work/build/power_logs/2024.02.18-02.21.41/testing_tmp/*/*/*/mlperf_log_detail.txt /work/build/power_logs_temp/ \\\n\t\t\t\t&& cp -v /work/build/power_logs/2024.02.18-02.21.41/testing_tmp/*/*/*/mlperf_log_summary.txt /work/build/power_logs_temp/; fi'
client 2024-02-18 02:50:30,972 [INFO] Sending command to the server: 'time'
client 2024-02-18 02:50:30,977 [INFO] Got response: '1708224630.929569'
client 2024-02-18 02:50:30,978 [INFO] The time difference between the client and the server is within range 43.157 ms..48.517 ms
client 2024-02-18 02:50:30,978 [INFO] Sending command to the server: 'session,2024-02-18_02-22-28,stop,testing'
client 2024-02-18 02:50:41,560 [INFO] Got response: 'OK'
client 2024-02-18 02:50:41,560 [INFO] Sending command to the server: 'time'
client 2024-02-18 02:50:41,562 [INFO] Got response: '1708224641.5146163'
client 2024-02-18 02:50:41,562 [INFO] The time difference between the client and the server is within range 45.887 ms..48.156 ms
client 2024-02-18 02:50:41,564 [INFO] Copying loadgen logs from '/work/build/power_logs_temp' to '/work/build/power_logs/2024.02.18-02.21.41/2024-02-18_02-22-28/run_1'
client 2024-02-18 02:50:41,565 [INFO] Done runs
