client 2024-02-04 13:43:42,335 [INFO] Creating output directory '/home/arjun/results_dir/valid_results/orin-tflite_armnn_cpp-cpu-armnn_tflite-v23.11-using_neon_with_live_preprocessing/mobilenet-v2-precision_float-0.5-224/singlestream/performance/tmp_power'
client 2024-02-04 13:43:42,339 [INFO] Sending command to the server: 'mlcommons/power client v3'
client 2024-02-04 13:43:42,342 [INFO] Got response: 'mlcommons/power server v3'
client 2024-02-04 13:43:42,342 [INFO] Synchronizing with the server and with time.google.com...
client 2024-02-04 13:43:42,370 [INFO] NTP:offset = -0.000 s, delay = 0.022 s 
client 2024-02-04 13:43:42,370 [INFO] Sending command to the server: 'time'
client 2024-02-04 13:43:42,374 [INFO] Got response: '1707054222.3728726'
client 2024-02-04 13:43:42,374 [INFO] The time difference between the client and the server is within range -2.062 ms..1.367 ms
client 2024-02-04 13:43:42,374 [INFO] Sending command to the server: 'new,,2f0fb444-93d2-4874-afb5-1bf3ff763b52'
client 2024-02-04 13:43:42,376 [INFO] Got response: 'OK 2024-02-04_13-43-42,5696d8ad-955e-4255-9bad-e9b019c9a06c'
client 2024-02-04 13:43:42,376 [INFO] Session id is '2024-02-04_13-43-42'
client 2024-02-04 13:43:42,376 [INFO] Sources: {"sources": {"__init__.py": "da39a3ee5e6b4b0d3255bfef95601890afd80709", "client.py": "33ca4f26368777ac06e01f9567b714a4b8063886", "lib/__init__.py": "da39a3ee5e6b4b0d3255bfef95601890afd80709", "lib/client.py": "ac2aa093c8e8bbc9569b9e2a3471bc64e58a2258", "lib/common.py": "611d8b29633d331eb19c9455ea3b5fa3284ed6df", "lib/external/__init__.py": "da39a3ee5e6b4b0d3255bfef95601890afd80709", "lib/external/ntplib.py": "4da8f970656505a40483206ef2b5d3dd5e81711d", "lib/server.py": "99303c836c683aa9017ec565104e636161d02acb", "lib/source_hashes.py": "60a2e02193209e8d392803326208d5466342da18", "lib/summary.py": "aa92f0a3f975eecd44d3c0cd0236342ccc9f941d", "lib/time_sync.py": "80894ef2389e540781ff78de94db16aa4203a14e", "server.py": "c3f90f2f7eeb4db30727556d0c815ebc89b3d28b", "tests/unit/__init__.py": "da39a3ee5e6b4b0d3255bfef95601890afd80709", "tests/unit/test_server.py": "948c1995d4008bc2aa6c4046a34ffa3858d6d671", "tests/unit/test_source_hashes.py": "00468a2907583c593e6574a1f6b404e4651c221a"}, "modules": {"ptd_client_server.lib.client": "lib/client.py", "ptd_client_server.lib.common": "lib/common.py", "ptd_client_server.lib.external.ntplib": "lib/external/ntplib.py", "ptd_client_server.lib.source_hashes": "lib/source_hashes.py", "ptd_client_server.lib.summary": "lib/summary.py", "ptd_client_server.lib.time_sync": "lib/time_sync.py"}}
client 2024-02-04 13:43:42,377 [INFO] Running workload in ranging mode
client 2024-02-04 13:43:42,377 [INFO] Synchronizing with the server and with time.google.com...
client 2024-02-04 13:43:42,399 [INFO] NTP:offset = -0.000 s, delay = 0.021 s 
client 2024-02-04 13:43:42,399 [INFO] Sending command to the server: 'time'
client 2024-02-04 13:43:42,403 [INFO] Got response: '1707054222.402635'
client 2024-02-04 13:43:42,403 [INFO] The time difference between the client and the server is within range -2.970 ms..1.141 ms
client 2024-02-04 13:43:42,403 [INFO] Sending command to the server: 'session,2024-02-04_13-43-42,start,ranging'
client 2024-02-04 13:44:10,498 [INFO] Got response: 'OK'
client 2024-02-04 13:44:10,500 [INFO] Sending command to the server: 'time'
client 2024-02-04 13:44:10,506 [INFO] Got response: '1707054250.5030274'
client 2024-02-04 13:44:10,506 [INFO] The time difference between the client and the server is within range -2.146 ms..3.503 ms
client 2024-02-04 13:44:10,506 [INFO] Running the workload 'CM_MLPERF_RUN_COUNT=$(cat ${CM_RUN_DIR}/count.txt); echo ${CM_MLPERF_RUN_COUNT}; CM_MLPERF_RUN_COUNT=$((CM_MLPERF_RUN_COUNT+1)); echo ${CM_MLPERF_RUN_COUNT} > ${CM_RUN_DIR}/count.txt && if [ ${CM_MLPERF_RUN_COUNT} -eq "1" ]; then export CM_MLPERF_USER_CONF=${CM_MLPERF_RANGING_USER_CONF}; else export CM_MLPERF_USER_CONF=${CM_MLPERF_TESTING_USER_CONF}; fi && /mnt/CM/repos/ctuning@mlcommons-ck/cm-mlops/script/get-lib-armnn/run.out'
client 2024-02-04 13:49:12,997 [INFO] Sending command to the server: 'time'
client 2024-02-04 13:49:13,001 [INFO] Got response: '1707054552.9986377'
client 2024-02-04 13:49:13,001 [INFO] The time difference between the client and the server is within range -1.648 ms..2.921 ms
client 2024-02-04 13:49:13,001 [INFO] Sending command to the server: 'session,2024-02-04_13-43-42,stop,ranging'
client 2024-02-04 13:49:23,613 [INFO] Got response: 'OK'
client 2024-02-04 13:49:23,615 [INFO] Sending command to the server: 'time'
client 2024-02-04 13:49:23,619 [INFO] Got response: '1707054563.6164849'
client 2024-02-04 13:49:23,619 [INFO] The time difference between the client and the server is within range -1.308 ms..3.235 ms
client 2024-02-04 13:49:23,637 [INFO] Copying loadgen logs from '/home/arjun/results_dir/valid_results/orin-tflite_armnn_cpp-cpu-armnn_tflite-v23.11-using_neon_with_live_preprocessing/mobilenet-v2-precision_float-0.5-224/singlestream/performance/run_1' to '/home/arjun/results_dir/valid_results/orin-tflite_armnn_cpp-cpu-armnn_tflite-v23.11-using_neon_with_live_preprocessing/mobilenet-v2-precision_float-0.5-224/singlestream/performance/tmp_power/ranging'
client 2024-02-04 13:49:23,640 [INFO] Running workload in testing mode
client 2024-02-04 13:49:23,640 [INFO] Synchronizing with the server and with time.google.com...
client 2024-02-04 13:49:23,669 [INFO] NTP:offset = -0.001 s, delay = 0.023 s 
client 2024-02-04 13:49:23,669 [INFO] Sending command to the server: 'time'
client 2024-02-04 13:49:23,673 [INFO] Got response: '1707054563.6704853'
client 2024-02-04 13:49:23,673 [INFO] The time difference between the client and the server is within range -0.846 ms..2.799 ms
client 2024-02-04 13:49:23,673 [INFO] Sending command to the server: 'session,2024-02-04_13-43-42,start,testing'
client 2024-02-04 13:49:36,696 [INFO] Got response: 'OK'
client 2024-02-04 13:49:36,696 [INFO] Sending command to the server: 'time'
client 2024-02-04 13:49:36,699 [INFO] Got response: '1707054576.6976948'
client 2024-02-04 13:49:36,700 [INFO] The time difference between the client and the server is within range -0.882 ms..2.493 ms
client 2024-02-04 13:49:36,700 [INFO] Running the workload 'CM_MLPERF_RUN_COUNT=$(cat ${CM_RUN_DIR}/count.txt); echo ${CM_MLPERF_RUN_COUNT}; CM_MLPERF_RUN_COUNT=$((CM_MLPERF_RUN_COUNT+1)); echo ${CM_MLPERF_RUN_COUNT} > ${CM_RUN_DIR}/count.txt && if [ ${CM_MLPERF_RUN_COUNT} -eq "1" ]; then export CM_MLPERF_USER_CONF=${CM_MLPERF_RANGING_USER_CONF}; else export CM_MLPERF_USER_CONF=${CM_MLPERF_TESTING_USER_CONF}; fi && /mnt/CM/repos/ctuning@mlcommons-ck/cm-mlops/script/get-lib-armnn/run.out'
client 2024-02-04 13:59:41,230 [INFO] Sending command to the server: 'time'
client 2024-02-04 13:59:41,431 [INFO] Got response: '1707055181.4270499'
client 2024-02-04 13:59:41,431 [INFO] The time difference between the client and the server is within range -197.019 ms..4.372 ms
client 2024-02-04 13:59:41,431 [INFO] Sending command to the server: 'session,2024-02-04_13-43-42,stop,testing'
client 2024-02-04 13:59:51,760 [INFO] Got response: 'OK'
client 2024-02-04 13:59:51,761 [INFO] Sending command to the server: 'time'
client 2024-02-04 13:59:51,765 [INFO] Got response: '1707055191.7616222'
client 2024-02-04 13:59:51,765 [INFO] The time difference between the client and the server is within range 0.251 ms..4.266 ms
client 2024-02-04 13:59:51,770 [INFO] Copying loadgen logs from '/home/arjun/results_dir/valid_results/orin-tflite_armnn_cpp-cpu-armnn_tflite-v23.11-using_neon_with_live_preprocessing/mobilenet-v2-precision_float-0.5-224/singlestream/performance/run_1' to '/home/arjun/results_dir/valid_results/orin-tflite_armnn_cpp-cpu-armnn_tflite-v23.11-using_neon_with_live_preprocessing/mobilenet-v2-precision_float-0.5-224/singlestream/performance/tmp_power/run_1'
client 2024-02-04 13:59:51,773 [INFO] Done runs
