client 2024-02-01 12:37:41,418 [INFO] Creating output directory '/home/arjun/results_dir/valid_results/orin-tflite_armnn_cpp-cpu-armnn_tflite-v23.05-using_neon_with_live_preprocessing/mobilenet-v2-precision_float-0.5-128/singlestream/performance/tmp_power'
client 2024-02-01 12:37:41,444 [INFO] Sending command to the server: 'mlcommons/power client v3'
client 2024-02-01 12:37:41,448 [INFO] Got response: 'mlcommons/power server v3'
client 2024-02-01 12:37:41,448 [INFO] Synchronizing with the server and with time.google.com...
client 2024-02-01 12:37:41,475 [INFO] NTP:offset = -0.005 s, delay = 0.021 s 
client 2024-02-01 12:37:41,475 [INFO] Sending command to the server: 'time'
client 2024-02-01 12:37:41,480 [INFO] Got response: '1706791061.4744792'
client 2024-02-01 12:37:41,480 [INFO] The time difference between the client and the server is within range 1.198 ms..6.365 ms
client 2024-02-01 12:37:41,480 [INFO] Sending command to the server: 'new,,5d36019d-da06-4b49-8bb1-02f84df46827'
client 2024-02-01 12:37:41,485 [INFO] Got response: 'OK 2024-02-01_12-37-41,527d00d5-8de9-47d2-b510-06f65c064cce'
client 2024-02-01 12:37:41,485 [INFO] Session id is '2024-02-01_12-37-41'
client 2024-02-01 12:37:41,485 [INFO] Sources: {"sources": {"__init__.py": "da39a3ee5e6b4b0d3255bfef95601890afd80709", "client.py": "33ca4f26368777ac06e01f9567b714a4b8063886", "lib/__init__.py": "da39a3ee5e6b4b0d3255bfef95601890afd80709", "lib/client.py": "ac2aa093c8e8bbc9569b9e2a3471bc64e58a2258", "lib/common.py": "611d8b29633d331eb19c9455ea3b5fa3284ed6df", "lib/external/__init__.py": "da39a3ee5e6b4b0d3255bfef95601890afd80709", "lib/external/ntplib.py": "4da8f970656505a40483206ef2b5d3dd5e81711d", "lib/server.py": "99303c836c683aa9017ec565104e636161d02acb", "lib/source_hashes.py": "60a2e02193209e8d392803326208d5466342da18", "lib/summary.py": "aa92f0a3f975eecd44d3c0cd0236342ccc9f941d", "lib/time_sync.py": "80894ef2389e540781ff78de94db16aa4203a14e", "server.py": "c3f90f2f7eeb4db30727556d0c815ebc89b3d28b", "tests/unit/__init__.py": "da39a3ee5e6b4b0d3255bfef95601890afd80709", "tests/unit/test_server.py": "948c1995d4008bc2aa6c4046a34ffa3858d6d671", "tests/unit/test_source_hashes.py": "00468a2907583c593e6574a1f6b404e4651c221a"}, "modules": {"ptd_client_server.lib.client": "lib/client.py", "ptd_client_server.lib.common": "lib/common.py", "ptd_client_server.lib.external.ntplib": "lib/external/ntplib.py", "ptd_client_server.lib.source_hashes": "lib/source_hashes.py", "ptd_client_server.lib.summary": "lib/summary.py", "ptd_client_server.lib.time_sync": "lib/time_sync.py"}}
client 2024-02-01 12:37:41,485 [INFO] Running workload in ranging mode
client 2024-02-01 12:37:41,485 [INFO] Synchronizing with the server and with time.google.com...
client 2024-02-01 12:37:41,508 [INFO] NTP:offset = -0.005 s, delay = 0.021 s 
client 2024-02-01 12:37:41,508 [INFO] Sending command to the server: 'time'
client 2024-02-01 12:37:41,511 [INFO] Got response: '1706791061.5057216'
client 2024-02-01 12:37:41,512 [INFO] The time difference between the client and the server is within range 2.888 ms..6.258 ms
client 2024-02-01 12:37:41,512 [INFO] Sending command to the server: 'session,2024-02-01_12-37-41,start,ranging'
client 2024-02-01 12:38:09,675 [INFO] Got response: 'OK'
client 2024-02-01 12:38:09,678 [INFO] Sending command to the server: 'time'
client 2024-02-01 12:38:09,681 [INFO] Got response: '1706791089.675241'
client 2024-02-01 12:38:09,681 [INFO] The time difference between the client and the server is within range 3.053 ms..6.346 ms
client 2024-02-01 12:38:09,681 [INFO] Running the workload 'CM_MLPERF_RUN_COUNT=$(cat ${CM_RUN_DIR}/count.txt); echo ${CM_MLPERF_RUN_COUNT}; CM_MLPERF_RUN_COUNT=$((CM_MLPERF_RUN_COUNT+1)); echo ${CM_MLPERF_RUN_COUNT} > ${CM_RUN_DIR}/count.txt && if [ ${CM_MLPERF_RUN_COUNT} -eq "1" ]; then export CM_MLPERF_USER_CONF=${CM_MLPERF_RANGING_USER_CONF}; else export CM_MLPERF_USER_CONF=${CM_MLPERF_TESTING_USER_CONF}; fi && /mnt/CM/repos/ctuning@mlcommons-ck/cm-mlops/script/benchmark-any-mlperf-inference-implementation/run.out'
client 2024-02-01 12:43:12,274 [INFO] Sending command to the server: 'time'
client 2024-02-01 12:43:12,279 [INFO] Got response: '1706791392.27266'
client 2024-02-01 12:43:12,280 [INFO] The time difference between the client and the server is within range 1.751 ms..7.355 ms
client 2024-02-01 12:43:12,280 [INFO] Sending command to the server: 'session,2024-02-01_12-37-41,stop,ranging'
client 2024-02-01 12:43:22,932 [INFO] Got response: 'OK'
client 2024-02-01 12:43:22,933 [INFO] Sending command to the server: 'time'
client 2024-02-01 12:43:22,936 [INFO] Got response: '1706791402.9304209'
client 2024-02-01 12:43:22,936 [INFO] The time difference between the client and the server is within range 3.059 ms..6.288 ms
client 2024-02-01 12:43:22,954 [INFO] Copying loadgen logs from '/home/arjun/results_dir/valid_results/orin-tflite_armnn_cpp-cpu-armnn_tflite-v23.05-using_neon_with_live_preprocessing/mobilenet-v2-precision_float-0.5-128/singlestream/performance/run_1' to '/home/arjun/results_dir/valid_results/orin-tflite_armnn_cpp-cpu-armnn_tflite-v23.05-using_neon_with_live_preprocessing/mobilenet-v2-precision_float-0.5-128/singlestream/performance/tmp_power/ranging'
client 2024-02-01 12:43:22,957 [INFO] Running workload in testing mode
client 2024-02-01 12:43:22,957 [INFO] Synchronizing with the server and with time.google.com...
client 2024-02-01 12:43:22,985 [INFO] NTP:offset = -0.005 s, delay = 0.022 s 
client 2024-02-01 12:43:22,985 [INFO] Sending command to the server: 'time'
client 2024-02-01 12:43:22,988 [INFO] Got response: '1706791402.9824955'
client 2024-02-01 12:43:22,989 [INFO] The time difference between the client and the server is within range 3.211 ms..6.657 ms
client 2024-02-01 12:43:22,989 [INFO] Sending command to the server: 'session,2024-02-01_12-37-41,start,testing'
client 2024-02-01 12:43:36,005 [INFO] Got response: 'OK'
client 2024-02-01 12:43:36,005 [INFO] Sending command to the server: 'time'
client 2024-02-01 12:43:36,009 [INFO] Got response: '1706791416.0030954'
client 2024-02-01 12:43:36,009 [INFO] The time difference between the client and the server is within range 2.820 ms..6.761 ms
client 2024-02-01 12:43:36,010 [INFO] Running the workload 'CM_MLPERF_RUN_COUNT=$(cat ${CM_RUN_DIR}/count.txt); echo ${CM_MLPERF_RUN_COUNT}; CM_MLPERF_RUN_COUNT=$((CM_MLPERF_RUN_COUNT+1)); echo ${CM_MLPERF_RUN_COUNT} > ${CM_RUN_DIR}/count.txt && if [ ${CM_MLPERF_RUN_COUNT} -eq "1" ]; then export CM_MLPERF_USER_CONF=${CM_MLPERF_RANGING_USER_CONF}; else export CM_MLPERF_USER_CONF=${CM_MLPERF_TESTING_USER_CONF}; fi && /mnt/CM/repos/ctuning@mlcommons-ck/cm-mlops/script/benchmark-any-mlperf-inference-implementation/run.out'
client 2024-02-01 12:53:40,612 [INFO] Sending command to the server: 'time'
client 2024-02-01 12:53:40,631 [INFO] Got response: '1706792020.6244235'
client 2024-02-01 12:53:40,632 [INFO] The time difference between the client and the server is within range -12.122 ms..7.699 ms
client 2024-02-01 12:53:40,632 [INFO] Sending command to the server: 'session,2024-02-01_12-37-41,stop,testing'
client 2024-02-01 12:53:51,015 [INFO] Got response: 'OK'
client 2024-02-01 12:53:51,016 [INFO] Sending command to the server: 'time'
client 2024-02-01 12:53:51,020 [INFO] Got response: '1706792031.0128202'
client 2024-02-01 12:53:51,020 [INFO] The time difference between the client and the server is within range 3.464 ms..7.800 ms
client 2024-02-01 12:53:51,025 [INFO] Copying loadgen logs from '/home/arjun/results_dir/valid_results/orin-tflite_armnn_cpp-cpu-armnn_tflite-v23.05-using_neon_with_live_preprocessing/mobilenet-v2-precision_float-0.5-128/singlestream/performance/run_1' to '/home/arjun/results_dir/valid_results/orin-tflite_armnn_cpp-cpu-armnn_tflite-v23.05-using_neon_with_live_preprocessing/mobilenet-v2-precision_float-0.5-128/singlestream/performance/tmp_power/run_1'
client 2024-02-01 12:53:51,027 [INFO] Done runs
