client 2024-01-29 12:19:27,467 [INFO] Creating output directory '/home/arjun/results_dir/valid_results/orin-tflite_cpp-cpu-tflite-vmaster-default_config/mobilenet-v2-precision_float-0.5-128/singlestream/performance/tmp_power'
client 2024-01-29 12:19:27,557 [INFO] Sending command to the server: 'mlcommons/power client v3'
client 2024-01-29 12:19:27,560 [INFO] Got response: 'mlcommons/power server v3'
client 2024-01-29 12:19:27,560 [INFO] Synchronizing with the server and with time.google.com...
client 2024-01-29 12:19:27,802 [INFO] NTP:offset = -0.003 s, delay = 0.022 s 
client 2024-01-29 12:19:27,803 [INFO] Sending command to the server: 'time'
client 2024-01-29 12:19:27,807 [INFO] Got response: '1706530767.8049178'
client 2024-01-29 12:19:27,808 [INFO] The time difference between the client and the server is within range -1.590 ms..3.077 ms
client 2024-01-29 12:19:27,808 [INFO] Sending command to the server: 'new,,371df11a-c06e-4816-a116-2a4471e06930'
client 2024-01-29 12:19:27,812 [INFO] Got response: 'OK 2024-01-29_12-19-27,1e5e3801-96bd-46e3-92a0-c1d1b3e62cdc'
client 2024-01-29 12:19:27,812 [INFO] Session id is '2024-01-29_12-19-27'
client 2024-01-29 12:19:27,812 [INFO] Sources: {"sources": {"__init__.py": "da39a3ee5e6b4b0d3255bfef95601890afd80709", "client.py": "33ca4f26368777ac06e01f9567b714a4b8063886", "lib/__init__.py": "da39a3ee5e6b4b0d3255bfef95601890afd80709", "lib/client.py": "ac2aa093c8e8bbc9569b9e2a3471bc64e58a2258", "lib/common.py": "611d8b29633d331eb19c9455ea3b5fa3284ed6df", "lib/external/__init__.py": "da39a3ee5e6b4b0d3255bfef95601890afd80709", "lib/external/ntplib.py": "4da8f970656505a40483206ef2b5d3dd5e81711d", "lib/server.py": "99303c836c683aa9017ec565104e636161d02acb", "lib/source_hashes.py": "60a2e02193209e8d392803326208d5466342da18", "lib/summary.py": "aa92f0a3f975eecd44d3c0cd0236342ccc9f941d", "lib/time_sync.py": "80894ef2389e540781ff78de94db16aa4203a14e", "server.py": "c3f90f2f7eeb4db30727556d0c815ebc89b3d28b", "tests/unit/__init__.py": "da39a3ee5e6b4b0d3255bfef95601890afd80709", "tests/unit/test_server.py": "948c1995d4008bc2aa6c4046a34ffa3858d6d671", "tests/unit/test_source_hashes.py": "00468a2907583c593e6574a1f6b404e4651c221a"}, "modules": {"ptd_client_server.lib.client": "lib/client.py", "ptd_client_server.lib.common": "lib/common.py", "ptd_client_server.lib.external.ntplib": "lib/external/ntplib.py", "ptd_client_server.lib.source_hashes": "lib/source_hashes.py", "ptd_client_server.lib.summary": "lib/summary.py", "ptd_client_server.lib.time_sync": "lib/time_sync.py"}}
client 2024-01-29 12:19:27,813 [INFO] Running workload in ranging mode
client 2024-01-29 12:19:27,813 [INFO] Synchronizing with the server and with time.google.com...
client 2024-01-29 12:19:27,835 [INFO] NTP:offset = -0.003 s, delay = 0.021 s 
client 2024-01-29 12:19:27,835 [INFO] Sending command to the server: 'time'
client 2024-01-29 12:19:27,839 [INFO] Got response: '1706530767.836879'
client 2024-01-29 12:19:27,839 [INFO] The time difference between the client and the server is within range -1.013 ms..2.842 ms
client 2024-01-29 12:19:27,839 [INFO] Sending command to the server: 'session,2024-01-29_12-19-27,start,ranging'
client 2024-01-29 12:19:55,923 [INFO] Got response: 'OK'
client 2024-01-29 12:19:55,925 [INFO] Sending command to the server: 'time'
client 2024-01-29 12:19:55,929 [INFO] Got response: '1706530795.9261386'
client 2024-01-29 12:19:55,929 [INFO] The time difference between the client and the server is within range -0.870 ms..3.174 ms
client 2024-01-29 12:19:55,929 [INFO] Running the workload 'CM_MLPERF_RUN_COUNT=$(cat ${CM_RUN_DIR}/count.txt); echo ${CM_MLPERF_RUN_COUNT}; CM_MLPERF_RUN_COUNT=$((CM_MLPERF_RUN_COUNT+1)); echo ${CM_MLPERF_RUN_COUNT} > ${CM_RUN_DIR}/count.txt && if [ ${CM_MLPERF_RUN_COUNT} -eq "1" ]; then export CM_MLPERF_USER_CONF=${CM_MLPERF_RANGING_USER_CONF}; else export CM_MLPERF_USER_CONF=${CM_MLPERF_TESTING_USER_CONF}; fi && /mnt/CM/repos/ctuning@mlcommons-ck/cm-mlops/script/benchmark-any-mlperf-inference-implementation/run.out'
client 2024-01-29 12:24:58,615 [INFO] Sending command to the server: 'time'
client 2024-01-29 12:24:58,619 [INFO] Got response: '1706531098.6160467'
client 2024-01-29 12:24:58,619 [INFO] The time difference between the client and the server is within range -1.057 ms..3.571 ms
client 2024-01-29 12:24:58,619 [INFO] Sending command to the server: 'session,2024-01-29_12-19-27,stop,ranging'
client 2024-01-29 12:25:09,044 [INFO] Got response: 'OK'
client 2024-01-29 12:25:09,045 [INFO] Sending command to the server: 'time'
client 2024-01-29 12:25:09,049 [INFO] Got response: '1706531109.0452032'
client 2024-01-29 12:25:09,049 [INFO] The time difference between the client and the server is within range 0.260 ms..4.357 ms
client 2024-01-29 12:25:09,067 [INFO] Copying loadgen logs from '/home/arjun/results_dir/valid_results/orin-tflite_cpp-cpu-tflite-vmaster-default_config/mobilenet-v2-precision_float-0.5-128/singlestream/performance/run_1' to '/home/arjun/results_dir/valid_results/orin-tflite_cpp-cpu-tflite-vmaster-default_config/mobilenet-v2-precision_float-0.5-128/singlestream/performance/tmp_power/ranging'
client 2024-01-29 12:25:09,069 [INFO] Running workload in testing mode
client 2024-01-29 12:25:09,070 [INFO] Synchronizing with the server and with time.google.com...
client 2024-01-29 12:25:09,097 [INFO] NTP:offset = -0.003 s, delay = 0.023 s 
client 2024-01-29 12:25:09,098 [INFO] Sending command to the server: 'time'
client 2024-01-29 12:25:09,100 [INFO] Got response: '1706531109.0977914'
client 2024-01-29 12:25:09,101 [INFO] The time difference between the client and the server is within range 0.298 ms..3.377 ms
client 2024-01-29 12:25:09,101 [INFO] Sending command to the server: 'session,2024-01-29_12-19-27,start,testing'
client 2024-01-29 12:25:22,125 [INFO] Got response: 'OK'
client 2024-01-29 12:25:22,126 [INFO] Sending command to the server: 'time'
client 2024-01-29 12:25:22,129 [INFO] Got response: '1706531122.1262045'
client 2024-01-29 12:25:22,129 [INFO] The time difference between the client and the server is within range -0.046 ms..3.638 ms
client 2024-01-29 12:25:22,130 [INFO] Running the workload 'CM_MLPERF_RUN_COUNT=$(cat ${CM_RUN_DIR}/count.txt); echo ${CM_MLPERF_RUN_COUNT}; CM_MLPERF_RUN_COUNT=$((CM_MLPERF_RUN_COUNT+1)); echo ${CM_MLPERF_RUN_COUNT} > ${CM_RUN_DIR}/count.txt && if [ ${CM_MLPERF_RUN_COUNT} -eq "1" ]; then export CM_MLPERF_USER_CONF=${CM_MLPERF_RANGING_USER_CONF}; else export CM_MLPERF_USER_CONF=${CM_MLPERF_TESTING_USER_CONF}; fi && /mnt/CM/repos/ctuning@mlcommons-ck/cm-mlops/script/benchmark-any-mlperf-inference-implementation/run.out'
client 2024-01-29 12:35:26,603 [INFO] Sending command to the server: 'time'
client 2024-01-29 12:35:26,752 [INFO] Got response: '1706531726.747487'
client 2024-01-29 12:35:26,753 [INFO] The time difference between the client and the server is within range -144.146 ms..5.708 ms
client 2024-01-29 12:35:26,753 [INFO] Sending command to the server: 'session,2024-01-29_12-19-27,stop,testing'
client 2024-01-29 12:35:37,185 [INFO] Got response: 'OK'
client 2024-01-29 12:35:37,186 [INFO] Sending command to the server: 'time'
client 2024-01-29 12:35:37,190 [INFO] Got response: '1706531737.1864047'
client 2024-01-29 12:35:37,190 [INFO] The time difference between the client and the server is within range 0.315 ms..4.486 ms
client 2024-01-29 12:35:37,195 [INFO] Copying loadgen logs from '/home/arjun/results_dir/valid_results/orin-tflite_cpp-cpu-tflite-vmaster-default_config/mobilenet-v2-precision_float-0.5-128/singlestream/performance/run_1' to '/home/arjun/results_dir/valid_results/orin-tflite_cpp-cpu-tflite-vmaster-default_config/mobilenet-v2-precision_float-0.5-128/singlestream/performance/tmp_power/run_1'
client 2024-01-29 12:35:37,197 [INFO] Done runs
