Graph file: /home/ubuntu/CM/repos/local/cache/f7b474e14cca44e3/mobilenet_v2_1.0_224.tflite
Image dir: /home/ubuntu/CM/repos/local/cache/c91b0a486afb4634
Image list: /home/ubuntu/CM/repos/local/cache/c91b0a486afb4634/preprocessed_files.txt
Image size: 224
Image channels: 3
Prediction classes: 1000
Result dir: /home/ubuntu/CM/repos/local/cache/e8a21941e7c046ca/valid_results/ip_172_31_28_214-tflite_cpp-cpu-tflite-vmaster-with_live_preprocessing/mobilenet-v2-precision_float-1.0-224/singlestream/performance/run_1
How many images fit in memory buffer: 1024
Normalize: 1
Subtract mean: 0
Run time preprocessing: 1
Number of Threads: 4
Number of available imagefiles: 50000

Loading graph...
INFO: Created TensorFlow Lite XNNPACK delegate for CPU.
Input tensor dimensions (NHWC): 1*224*224*3
Output tensor dimensions: 1*1001
Path to mlperf.conf : /home/ubuntu/CM/repos/local/cache/86db7d79a6144a1d/inference/mlperf.conf
Path to user.conf : /home/ubuntu/CM/repos/ctuning@mlcommons-ck/cm-mlops/script/generate-mlperf-inference-user-conf/tmp/ff9b17f377bd4527b5da0342190df044.conf
Model Name: mobilenet
LoadGen Scenario: SingleStream
LoadGen Mode: performance
