client 2024-02-01 06:32:53,779 [INFO] Creating output directory '/home/arjun/results_dir/valid_results/orin-tflite_armnn_cpp-cpu-armnn_tflite-v23.05-using_neon_with_live_preprocessing/mobilenet-v2-precision_float-1.0-224/singlestream/performance/tmp_power'
client 2024-02-01 06:32:53,890 [INFO] Sending command to the server: 'mlcommons/power client v3'
client 2024-02-01 06:32:53,893 [INFO] Got response: 'mlcommons/power server v3'
client 2024-02-01 06:32:53,893 [INFO] Synchronizing with the server and with time.google.com...
client 2024-02-01 06:32:53,923 [INFO] NTP:offset = -0.005 s, delay = 0.021 s 
client 2024-02-01 06:32:53,923 [INFO] Sending command to the server: 'time'
client 2024-02-01 06:32:53,927 [INFO] Got response: '1706769173.9206047'
client 2024-02-01 06:32:53,927 [INFO] The time difference between the client and the server is within range 2.819 ms..6.836 ms
client 2024-02-01 06:32:53,927 [INFO] Sending command to the server: 'new,,4dee3ec2-a49e-483b-b5b3-65c2057f75f4'
client 2024-02-01 06:32:53,931 [INFO] Got response: 'OK 2024-02-01_06-32-53,ddca4754-b264-406c-9b6f-a6e865205969'
client 2024-02-01 06:32:53,931 [INFO] Session id is '2024-02-01_06-32-53'
client 2024-02-01 06:32:53,932 [INFO] Sources: {"sources": {"__init__.py": "da39a3ee5e6b4b0d3255bfef95601890afd80709", "client.py": "33ca4f26368777ac06e01f9567b714a4b8063886", "lib/__init__.py": "da39a3ee5e6b4b0d3255bfef95601890afd80709", "lib/client.py": "ac2aa093c8e8bbc9569b9e2a3471bc64e58a2258", "lib/common.py": "611d8b29633d331eb19c9455ea3b5fa3284ed6df", "lib/external/__init__.py": "da39a3ee5e6b4b0d3255bfef95601890afd80709", "lib/external/ntplib.py": "4da8f970656505a40483206ef2b5d3dd5e81711d", "lib/server.py": "99303c836c683aa9017ec565104e636161d02acb", "lib/source_hashes.py": "60a2e02193209e8d392803326208d5466342da18", "lib/summary.py": "aa92f0a3f975eecd44d3c0cd0236342ccc9f941d", "lib/time_sync.py": "80894ef2389e540781ff78de94db16aa4203a14e", "server.py": "c3f90f2f7eeb4db30727556d0c815ebc89b3d28b", "tests/unit/__init__.py": "da39a3ee5e6b4b0d3255bfef95601890afd80709", "tests/unit/test_server.py": "948c1995d4008bc2aa6c4046a34ffa3858d6d671", "tests/unit/test_source_hashes.py": "00468a2907583c593e6574a1f6b404e4651c221a"}, "modules": {"ptd_client_server.lib.client": "lib/client.py", "ptd_client_server.lib.common": "lib/common.py", "ptd_client_server.lib.external.ntplib": "lib/external/ntplib.py", "ptd_client_server.lib.source_hashes": "lib/source_hashes.py", "ptd_client_server.lib.summary": "lib/summary.py", "ptd_client_server.lib.time_sync": "lib/time_sync.py"}}
client 2024-02-01 06:32:53,932 [INFO] Running workload in ranging mode
client 2024-02-01 06:32:53,932 [INFO] Synchronizing with the server and with time.google.com...
client 2024-02-01 06:32:53,955 [INFO] NTP:offset = -0.005 s, delay = 0.021 s 
client 2024-02-01 06:32:53,955 [INFO] Sending command to the server: 'time'
client 2024-02-01 06:32:53,959 [INFO] Got response: '1706769173.953001'
client 2024-02-01 06:32:53,959 [INFO] The time difference between the client and the server is within range 2.646 ms..6.719 ms
client 2024-02-01 06:32:53,959 [INFO] Sending command to the server: 'session,2024-02-01_06-32-53,start,ranging'
client 2024-02-01 06:33:22,121 [INFO] Got response: 'OK'
client 2024-02-01 06:33:22,123 [INFO] Sending command to the server: 'time'
client 2024-02-01 06:33:22,126 [INFO] Got response: '1706769202.1205635'
client 2024-02-01 06:33:22,127 [INFO] The time difference between the client and the server is within range 2.975 ms..6.639 ms
client 2024-02-01 06:33:22,127 [INFO] Running the workload 'CM_MLPERF_RUN_COUNT=$(cat ${CM_RUN_DIR}/count.txt); echo ${CM_MLPERF_RUN_COUNT}; CM_MLPERF_RUN_COUNT=$((CM_MLPERF_RUN_COUNT+1)); echo ${CM_MLPERF_RUN_COUNT} > ${CM_RUN_DIR}/count.txt && if [ ${CM_MLPERF_RUN_COUNT} -eq "1" ]; then export CM_MLPERF_USER_CONF=${CM_MLPERF_RANGING_USER_CONF}; else export CM_MLPERF_USER_CONF=${CM_MLPERF_TESTING_USER_CONF}; fi && /mnt/CM/repos/ctuning@mlcommons-ck/cm-mlops/script/benchmark-any-mlperf-inference-implementation/run.out'
client 2024-02-01 06:38:24,927 [INFO] Sending command to the server: 'time'
client 2024-02-01 06:38:24,931 [INFO] Got response: '1706769504.924847'
client 2024-02-01 06:38:24,931 [INFO] The time difference between the client and the server is within range 2.434 ms..6.684 ms
client 2024-02-01 06:38:24,931 [INFO] Sending command to the server: 'session,2024-02-01_06-32-53,stop,ranging'
client 2024-02-01 06:38:35,301 [INFO] Got response: 'OK'
client 2024-02-01 06:38:35,302 [INFO] Sending command to the server: 'time'
client 2024-02-01 06:38:35,305 [INFO] Got response: '1706769515.299707'
client 2024-02-01 06:38:35,306 [INFO] The time difference between the client and the server is within range 2.514 ms..6.642 ms
client 2024-02-01 06:38:35,324 [INFO] Copying loadgen logs from '/home/arjun/results_dir/valid_results/orin-tflite_armnn_cpp-cpu-armnn_tflite-v23.05-using_neon_with_live_preprocessing/mobilenet-v2-precision_float-1.0-224/singlestream/performance/run_1' to '/home/arjun/results_dir/valid_results/orin-tflite_armnn_cpp-cpu-armnn_tflite-v23.05-using_neon_with_live_preprocessing/mobilenet-v2-precision_float-1.0-224/singlestream/performance/tmp_power/ranging'
client 2024-02-01 06:38:35,326 [INFO] Running workload in testing mode
client 2024-02-01 06:38:35,326 [INFO] Synchronizing with the server and with time.google.com...
client 2024-02-01 06:38:35,364 [INFO] NTP:offset = -0.007 s, delay = 0.021 s 
client 2024-02-01 06:38:35,364 [INFO] Sending command to the server: 'time'
client 2024-02-01 06:38:35,368 [INFO] Got response: '1706769515.3624194'
client 2024-02-01 06:38:35,368 [INFO] The time difference between the client and the server is within range 2.403 ms..6.495 ms
client 2024-02-01 06:38:35,369 [INFO] Sending command to the server: 'session,2024-02-01_06-32-53,start,testing'
client 2024-02-01 06:38:48,382 [INFO] Got response: 'OK'
client 2024-02-01 06:38:48,383 [INFO] Sending command to the server: 'time'
client 2024-02-01 06:38:48,386 [INFO] Got response: '1706769528.3803062'
client 2024-02-01 06:38:48,387 [INFO] The time difference between the client and the server is within range 2.853 ms..6.717 ms
client 2024-02-01 06:38:48,387 [INFO] Running the workload 'CM_MLPERF_RUN_COUNT=$(cat ${CM_RUN_DIR}/count.txt); echo ${CM_MLPERF_RUN_COUNT}; CM_MLPERF_RUN_COUNT=$((CM_MLPERF_RUN_COUNT+1)); echo ${CM_MLPERF_RUN_COUNT} > ${CM_RUN_DIR}/count.txt && if [ ${CM_MLPERF_RUN_COUNT} -eq "1" ]; then export CM_MLPERF_USER_CONF=${CM_MLPERF_RANGING_USER_CONF}; else export CM_MLPERF_USER_CONF=${CM_MLPERF_TESTING_USER_CONF}; fi && /mnt/CM/repos/ctuning@mlcommons-ck/cm-mlops/script/benchmark-any-mlperf-inference-implementation/run.out'
client 2024-02-01 06:48:53,141 [INFO] Sending command to the server: 'time'
client 2024-02-01 06:48:53,145 [INFO] Got response: '1706770133.1401389'
client 2024-02-01 06:48:53,146 [INFO] The time difference between the client and the server is within range 1.401 ms..6.018 ms
client 2024-02-01 06:48:53,146 [INFO] Sending command to the server: 'session,2024-02-01_06-32-53,stop,testing'
client 2024-02-01 06:49:03,434 [INFO] Got response: 'OK'
client 2024-02-01 06:49:03,436 [INFO] Sending command to the server: 'time'
client 2024-02-01 06:49:03,438 [INFO] Got response: '1706770143.4339576'
client 2024-02-01 06:49:03,439 [INFO] The time difference between the client and the server is within range 2.043 ms..5.063 ms
client 2024-02-01 06:49:03,443 [INFO] Copying loadgen logs from '/home/arjun/results_dir/valid_results/orin-tflite_armnn_cpp-cpu-armnn_tflite-v23.05-using_neon_with_live_preprocessing/mobilenet-v2-precision_float-1.0-224/singlestream/performance/run_1' to '/home/arjun/results_dir/valid_results/orin-tflite_armnn_cpp-cpu-armnn_tflite-v23.05-using_neon_with_live_preprocessing/mobilenet-v2-precision_float-1.0-224/singlestream/performance/tmp_power/run_1'
client 2024-02-01 06:49:03,457 [INFO] Done runs
