client 2024-02-21 03:44:05,144 [INFO] Creating output directory '/home/arjun/results_dir/valid_results/phoenix_Amd_Am5-reference-cpu-deepsparse-vdefault-default_config/obert-large-pruned95-none-vnni-bert-99/singlestream/performance/tmp_power'
client 2024-02-21 03:44:05,153 [INFO] Sending command to the server: 'mlcommons/power client v3'
client 2024-02-21 03:44:05,162 [INFO] Got response: 'mlcommons/power server v3'
client 2024-02-21 03:44:05,162 [INFO] Synchronizing with the server and with time.google.com...
client 2024-02-21 03:44:05,189 [INFO] NTP:offset = 0.000 s, delay = 0.025 s 
client 2024-02-21 03:44:05,190 [INFO] Sending command to the server: 'time'
client 2024-02-21 03:44:05,197 [INFO] Got response: '1708487045.084427'
client 2024-02-21 03:44:05,197 [INFO] The time difference between the client and the server is within range 105.655 ms..113.405 ms
client 2024-02-21 03:44:05,197 [INFO] Sending command to the server: 'new,,e980f9d3-47d2-4451-a493-d12d933789ad'
client 2024-02-21 03:44:05,209 [INFO] Got response: 'OK 2024-02-21_03-44-05,bf02076f-8f2c-4bf9-8ae9-e0995cea48e4'
client 2024-02-21 03:44:05,209 [INFO] Session id is '2024-02-21_03-44-05'
client 2024-02-21 03:44:05,209 [INFO] Sources: {"sources": {"__init__.py": "da39a3ee5e6b4b0d3255bfef95601890afd80709", "client.py": "33ca4f26368777ac06e01f9567b714a4b8063886", "lib/__init__.py": "da39a3ee5e6b4b0d3255bfef95601890afd80709", "lib/client.py": "ac2aa093c8e8bbc9569b9e2a3471bc64e58a2258", "lib/common.py": "611d8b29633d331eb19c9455ea3b5fa3284ed6df", "lib/external/__init__.py": "da39a3ee5e6b4b0d3255bfef95601890afd80709", "lib/external/ntplib.py": "4da8f970656505a40483206ef2b5d3dd5e81711d", "lib/server.py": "99303c836c683aa9017ec565104e636161d02acb", "lib/source_hashes.py": "60a2e02193209e8d392803326208d5466342da18", "lib/summary.py": "aa92f0a3f975eecd44d3c0cd0236342ccc9f941d", "lib/time_sync.py": "80894ef2389e540781ff78de94db16aa4203a14e", "server.py": "c3f90f2f7eeb4db30727556d0c815ebc89b3d28b", "tests/unit/__init__.py": "da39a3ee5e6b4b0d3255bfef95601890afd80709", "tests/unit/test_server.py": "948c1995d4008bc2aa6c4046a34ffa3858d6d671", "tests/unit/test_source_hashes.py": "00468a2907583c593e6574a1f6b404e4651c221a"}, "modules": {"ptd_client_server.lib.client": "lib/client.py", "ptd_client_server.lib.common": "lib/common.py", "ptd_client_server.lib.external.ntplib": "lib/external/ntplib.py", "ptd_client_server.lib.source_hashes": "lib/source_hashes.py", "ptd_client_server.lib.summary": "lib/summary.py", "ptd_client_server.lib.time_sync": "lib/time_sync.py"}}
client 2024-02-21 03:44:05,209 [INFO] Running workload in ranging mode
client 2024-02-21 03:44:05,209 [INFO] Synchronizing with the server and with time.google.com...
client 2024-02-21 03:44:05,257 [INFO] NTP:offset = 0.001 s, delay = 0.047 s 
client 2024-02-21 03:44:05,257 [INFO] Sending command to the server: 'time'
client 2024-02-21 03:44:05,266 [INFO] Got response: '1708487045.1544042'
client 2024-02-21 03:44:05,266 [INFO] The time difference between the client and the server is within range 103.175 ms..111.856 ms
client 2024-02-21 03:44:05,266 [INFO] Sending command to the server: 'session,2024-02-21_03-44-05,start,ranging'
client 2024-02-21 03:44:29,188 [INFO] Got response: 'OK'
client 2024-02-21 03:44:29,188 [INFO] Sending command to the server: 'time'
client 2024-02-21 03:44:29,197 [INFO] Got response: '1708487069.0846102'
client 2024-02-21 03:44:29,197 [INFO] The time difference between the client and the server is within range 103.798 ms..113.132 ms
client 2024-02-21 03:44:29,197 [INFO] Running the workload 'CM_MLPERF_RUN_COUNT=$(cat ${CM_RUN_DIR}/count.txt); echo ${CM_MLPERF_RUN_COUNT}; CM_MLPERF_RUN_COUNT=$((CM_MLPERF_RUN_COUNT+1)); echo ${CM_MLPERF_RUN_COUNT} > ${CM_RUN_DIR}/count.txt && if [ ${CM_MLPERF_RUN_COUNT} -eq "1" ]; then export CM_MLPERF_USER_CONF=${CM_MLPERF_RANGING_USER_CONF}; else export CM_MLPERF_USER_CONF=${CM_MLPERF_TESTING_USER_CONF}; fi && /usr/bin/python3 run.py --backend=deepsparse --scenario=SingleStream --mlperf_conf "/home/arjun/CM/repos/local/cache/b5386651b8ab4bd4/inference/mlperf.conf" --user_conf "${CM_MLPERF_USER_CONF}" --quantized --batch_size=1 --model_path=/home/arjun/.cache/sparsezoo/e84342c5-d2d4-4918-8dd4-713d0876b5c0/model.onnx 2>&1 | tee /home/arjun/results_dir/valid_results/phoenix_Amd_Am5-reference-cpu-deepsparse-vdefault-default_config/obert-large-pruned95-none-vnni-bert-99/singlestream/performance/run_1/console.out'
client 2024-02-21 03:50:08,429 [INFO] Sending command to the server: 'time'
client 2024-02-21 03:50:08,439 [INFO] Got response: '1708487408.3171608'
client 2024-02-21 03:50:08,439 [INFO] The time difference between the client and the server is within range 112.760 ms..122.305 ms
client 2024-02-21 03:50:08,439 [INFO] Sending command to the server: 'session,2024-02-21_03-44-05,stop,ranging'
client 2024-02-21 03:50:19,482 [INFO] Got response: 'OK'
client 2024-02-21 03:50:19,482 [INFO] Sending command to the server: 'time'
client 2024-02-21 03:50:19,494 [INFO] Got response: '1708487419.3671322'
client 2024-02-21 03:50:19,494 [INFO] The time difference between the client and the server is within range 115.286 ms..127.158 ms
client 2024-02-21 03:50:19,496 [INFO] Copying loadgen logs from '/home/arjun/results_dir/valid_results/phoenix_Amd_Am5-reference-cpu-deepsparse-vdefault-default_config/obert-large-pruned95-none-vnni-bert-99/singlestream/performance/run_1' to '/home/arjun/results_dir/valid_results/phoenix_Amd_Am5-reference-cpu-deepsparse-vdefault-default_config/obert-large-pruned95-none-vnni-bert-99/singlestream/performance/tmp_power/ranging'
client 2024-02-21 03:50:19,496 [INFO] Running workload in testing mode
client 2024-02-21 03:50:19,496 [INFO] Synchronizing with the server and with time.google.com...
client 2024-02-21 03:50:19,527 [INFO] NTP:offset = -0.001 s, delay = 0.020 s 
client 2024-02-21 03:50:19,527 [INFO] Sending command to the server: 'time'
client 2024-02-21 03:50:19,535 [INFO] Got response: '1708487419.4171402'
client 2024-02-21 03:50:19,536 [INFO] The time difference between the client and the server is within range 110.297 ms..118.887 ms
client 2024-02-21 03:50:19,536 [INFO] Sending command to the server: 'session,2024-02-21_03-44-05,start,testing'
client 2024-02-21 03:50:32,598 [INFO] Got response: 'OK'
client 2024-02-21 03:50:32,598 [INFO] Sending command to the server: 'time'
client 2024-02-21 03:50:32,608 [INFO] Got response: '1708487432.4873421'
client 2024-02-21 03:50:32,608 [INFO] The time difference between the client and the server is within range 111.143 ms..121.580 ms
client 2024-02-21 03:50:32,608 [INFO] Running the workload 'CM_MLPERF_RUN_COUNT=$(cat ${CM_RUN_DIR}/count.txt); echo ${CM_MLPERF_RUN_COUNT}; CM_MLPERF_RUN_COUNT=$((CM_MLPERF_RUN_COUNT+1)); echo ${CM_MLPERF_RUN_COUNT} > ${CM_RUN_DIR}/count.txt && if [ ${CM_MLPERF_RUN_COUNT} -eq "1" ]; then export CM_MLPERF_USER_CONF=${CM_MLPERF_RANGING_USER_CONF}; else export CM_MLPERF_USER_CONF=${CM_MLPERF_TESTING_USER_CONF}; fi && /usr/bin/python3 run.py --backend=deepsparse --scenario=SingleStream --mlperf_conf "/home/arjun/CM/repos/local/cache/b5386651b8ab4bd4/inference/mlperf.conf" --user_conf "${CM_MLPERF_USER_CONF}" --quantized --batch_size=1 --model_path=/home/arjun/.cache/sparsezoo/e84342c5-d2d4-4918-8dd4-713d0876b5c0/model.onnx 2>&1 | tee /home/arjun/results_dir/valid_results/phoenix_Amd_Am5-reference-cpu-deepsparse-vdefault-default_config/obert-large-pruned95-none-vnni-bert-99/singlestream/performance/run_1/console.out'
client 2024-02-21 04:01:11,139 [INFO] Sending command to the server: 'time'
client 2024-02-21 04:01:11,149 [INFO] Got response: '1708488071.0216146'
client 2024-02-21 04:01:11,149 [INFO] The time difference between the client and the server is within range 118.091 ms..128.330 ms
client 2024-02-21 04:01:11,149 [INFO] Sending command to the server: 'session,2024-02-21_03-44-05,stop,testing'
client 2024-02-21 04:01:21,661 [INFO] Got response: 'OK'
client 2024-02-21 04:01:21,661 [INFO] Sending command to the server: 'time'
client 2024-02-21 04:01:21,669 [INFO] Got response: '1708488081.5416198'
client 2024-02-21 04:01:21,669 [INFO] The time difference between the client and the server is within range 119.503 ms..128.005 ms
client 2024-02-21 04:01:21,670 [INFO] Copying loadgen logs from '/home/arjun/results_dir/valid_results/phoenix_Amd_Am5-reference-cpu-deepsparse-vdefault-default_config/obert-large-pruned95-none-vnni-bert-99/singlestream/performance/run_1' to '/home/arjun/results_dir/valid_results/phoenix_Amd_Am5-reference-cpu-deepsparse-vdefault-default_config/obert-large-pruned95-none-vnni-bert-99/singlestream/performance/tmp_power/run_1'
client 2024-02-21 04:01:21,670 [INFO] Done runs
