[2024-02-23 04:33:30,423 main.py:230 INFO] Detected system ID: KnownSystem.spr
[2024-02-23 04:33:32,200 harness.py:85 INFO] Found coalesced sparse input file.
[2024-02-23 04:33:32,200 harness.py:110 INFO] Found sample partition file.
[2024-02-23 04:33:32,201 harness.py:238 INFO] The harness will load 1 plugins: ['build/plugins/DLRMv2EmbeddingLookupPlugin/libdlrmv2embeddinglookupplugin.so']
[2024-02-23 04:33:32,201 generate_conf_files.py:107 INFO] Generated measurements/ entries for spr_TRT/dlrm-v2-99/Offline
[2024-02-23 04:33:32,202 __init__.py:46 INFO] Running command: ./build/bin/harness_dlrm_v2 --plugins="build/plugins/DLRMv2EmbeddingLookupPlugin/libdlrmv2embeddinglookupplugin.so" --logfile_outdir="/home/cmuser/local/cache/f88c69500c934b67/valid_results/bc9186899021-nvidia_original-gpu-tensorrt-vdefault-default_config/dlrm-v2-99/offline/accuracy" --logfile_prefix="mlperf_log_" --performance_sample_count=204800 --test_mode="AccuracyOnly" --gpu_batch_size=1400 --mlperf_conf_path="/home/cmuser/CM/repos/local/cache/22d0acf6273d4ca1/inference/mlperf.conf" --tensor_path="/home/mlperf_inf_dlrmv2/criteo/day23/fp32/day_23_dense.npy,/home/mlperf_inf_dlrmv2/criteo/day23/fp32/day_23_sparse_concatenated.npy" --use_graphs=false --user_conf_path="/home/cmuser/CM/repos/ctuning@mlcommons-ck/cm-mlops/script/generate-mlperf-inference-user-conf/tmp/f4467f717c6342e0837a4b3fa490a8cf.conf" --gpu_copy_streams=1 --sample_partition_path="/home/mlperf_inf_dlrmv2/criteo/day23/sample_partition.npy" --gpu_inference_streams=1 --gpu_num_bundles=2 --check_contiguity=true --gpu_engines="./build/engines/spr/dlrm-v2/Offline/dlrm-v2-Offline-gpu-b1400-fp16.custom_k_99_MaxP.plan" --scenario Offline --model dlrm-v2
[2024-02-23 04:33:32,202 __init__.py:53 INFO] Overriding Environment
libnvrtc.so.11.2: cannot open shared object file: No such file or directory
benchmark : Benchmark.DLRMv2
buffer_manager_thread_count : 0
check_contiguity : True
coalesced_tensor : True
data_dir : /home/cmuser/local/cache/b1f8faeaa7384886/data
embedding_weights_on_gpu_part : 0.3
gpu_batch_size : 1400
gpu_copy_streams : 1
gpu_inference_streams : 1
gpu_num_bundles : 2
input_dtype : fp32
input_format : linear
log_dir : /home/cmuser/CM/repos/local/cache/f4ded750a77b44dd/repo/closed/NVIDIA/build/logs/2024.02.23-04.33.29
mega_table_npy_file : /home/mlperf_inf_dlrmv2/model/embedding_weights/mega_table_fp16.npy
mlperf_conf_path : /home/cmuser/CM/repos/local/cache/22d0acf6273d4ca1/inference/mlperf.conf
model_path : /home/mlperf_inf_dlrmv2/model/model_weights
offline_expected_qps : 3000.0
precision : fp16
preprocessed_data_dir : /home/cmuser/local/cache/b1f8faeaa7384886/preprocessed_data
reduced_precision_io : True
sample_partition_path : /home/mlperf_inf_dlrmv2/criteo/day23/sample_partition.npy
scenario : Scenario.Offline
system : SystemConfiguration(host_cpu_conf=CPUConfiguration(layout={CPU(name='Intel(R) Xeon(R) w7-2495X', architecture=<CPUArchitecture.x86_64: AliasedName(name='x86_64', aliases=(), patterns=())>, core_count=24, threads_per_core=2): 1}), host_mem_conf=MemoryConfiguration(host_memory_capacity=Memory(quantity=197.33004, byte_suffix=<ByteSuffix.GB: (1000, 3)>, _num_bytes=197330040000), comparison_tolerance=0.05), accelerator_conf=AcceleratorConfiguration(layout=defaultdict(<class 'int'>, {GPU(name='NVIDIA GeForce RTX 4090', accelerator_type=<AcceleratorType.Discrete: AliasedName(name='Discrete', aliases=(), patterns=())>, vram=Memory(quantity=23.98828125, byte_suffix=<ByteSuffix.GiB: (1024, 3)>, _num_bytes=25757220864), max_power_limit=450.0, pci_id='0x268410DE', compute_sm=89): 2})), numa_conf=None, system_id='spr')
tensor_path : /home/mlperf_inf_dlrmv2/criteo/day23/fp32/day_23_dense.npy,/home/mlperf_inf_dlrmv2/criteo/day23/fp32/day_23_sparse_concatenated.npy
test_mode : AccuracyOnly
use_graphs : False
user_conf_path : /home/cmuser/CM/repos/ctuning@mlcommons-ck/cm-mlops/script/generate-mlperf-inference-user-conf/tmp/f4467f717c6342e0837a4b3fa490a8cf.conf
system_id : spr
config_name : spr_dlrm-v2_Offline
workload_setting : WorkloadSetting(HarnessType.Custom, AccuracyTarget.k_99, PowerSetting.MaxP)
optimization_level : plugin-enabled
use_cpu : False
use_inferentia : False
num_profiles : 1
config_ver : custom_k_99_MaxP
accuracy_level : 99%
inference_server : custom
skip_file_checks : False
power_limit : None
cpu_freq : None
&&&& RUNNING DLRMv2_HARNESS # ./build/bin/harness_dlrm_v2
I0223 04:33:32.278333 23076 main_dlrm_v2.cpp:146] Found 2 GPUs
I0223 04:33:32.280716 23076 main_dlrm_v2.cpp:190] Loaded 330067 sample partitions. (1320272) bytes.
I0223 04:33:49.285161 23076 dlrm_v2_qsl.h:47] PerformanceSampleCount: 204800
I0223 04:33:49.285179 23076 dlrm_v2_qsl.h:48] TotalSampleCount: 330067 (89137319 pairs).
I0223 04:33:49.285188 23076 dlrm_v2_server.cpp:342] Using 1 DLRMv2 Core(s) per Device
I0223 04:33:49.285637 23080 dlrm_v2_server.cpp:747] Deserializing Engine on GPU#0
[I] [TRT] Loaded engine size: 31 MiB
I0223 04:33:50.397194 23081 dlrm_v2_server.cpp:747] Deserializing Engine on GPU#1
[I] [TRT] Loaded engine size: 31 MiB
[W] [TRT] Using an engine plan file across different models of devices is not recommended and is likely to affect performance or even cause errors.
[I] [TRT] [MemUsageChange] Init cuBLAS/cuBLASLt: CPU +43, GPU +10, now: CPU 120, GPU 995 (MiB)
[I] [TRT] [MemUsageChange] Init cuDNN: CPU +6, GPU +10, now: CPU 126, GPU 1005 (MiB)
Starting plugin init...
[I] [TRT] [MemUsageChange] Init cuBLAS/cuBLASLt: CPU +791, GPU +10, now: CPU 906, GPU 703 (MiB)
[I] [TRT] [MemUsageChange] Init cuDNN: CPU +1, GPU +10, now: CPU 907, GPU 713 (MiB)
Loading embedding weights...
Completed loading embedding weights...
Completed plugin init
Starting plugin init...
Completed plugin init
I0223 04:36:10.604799 23080 dlrm_v2_server.cpp:754] Engine - Device Memory requirements: 38707200
I0223 04:36:10.604827 23080 dlrm_v2_server.cpp:755] Engine - Number of Optimization Profiles: 1
[I] [TRT] [MemUsageChange] TensorRT-managed allocation in engine deserialization: CPU +0, GPU +61, now: CPU 0, GPU 61 (MiB)
[I] [TRT] [MemUsageChange] TensorRT-managed allocation in engine deserialization: CPU +0, GPU +31, now: CPU 0, GPU 61 (MiB)
I0223 04:36:10.606045 23081 dlrm_v2_server.cpp:754] Engine - Device Memory requirements: 38707200
I0223 04:36:10.606055 23081 dlrm_v2_server.cpp:755] Engine - Number of Optimization Profiles: 1
[E] [TRT] 3: [runtime.cpp::~Runtime::399] Error Code 3: API Usage Error (Parameter check failed at: runtime/rt/runtime.cpp::~Runtime::399, condition: mEngineCounter.use_count() == 1. Destroying a runtime before destroying deserialized engines created by the runtime leads to undefined behavior.
)
[I] [TRT] [MemUsageChange] Init cuBLAS/cuBLASLt: CPU +0, GPU +8, now: CPU 65, GPU 16801 (MiB)
[E] [TRT] 3: [runtime.cpp::~Runtime::399] Error Code 3: API Usage Error (Parameter check failed at: runtime/rt/runtime.cpp::~Runtime::399, condition: mEngineCounter.use_count() == 1. Destroying a runtime before destroying deserialized engines created by the runtime leads to undefined behavior.
)
[I] [TRT] [MemUsageChange] Init cuDNN: CPU +0, GPU +8, now: CPU 65, GPU 16809 (MiB)
[I] [TRT] [MemUsageChange] TensorRT-managed allocation in IExecutionContext creation: CPU +0, GPU +37, now: CPU 0, GPU 98 (MiB)
[I] [TRT] [MemUsageChange] Init cuBLAS/cuBLASLt: CPU +1, GPU +8, now: CPU 66, GPU 16509 (MiB)
I0223 04:36:10.676465 23080 dlrm_v2_server.cpp:80] Setting profile = 0
I0223 04:36:10.676476 23080 dlrm_v2_server.cpp:83] Context creation complete
I0223 04:36:10.676488 23080 dlrm_v2_server.cpp:95] Created streams
I0223 04:36:10.676491 23080 dlrm_v2_server.cpp:102] Profile - Numeric Input Volume: 13
I0223 04:36:10.676491 23080 dlrm_v2_server.cpp:104] Profile - Categorical Input Volume: 214
I0223 04:36:10.676493 23080 dlrm_v2_server.cpp:106] Profile - Output Volume: 1
[I] [TRT] [MemUsageChange] Init cuDNN: CPU +0, GPU +8, now: CPU 66, GPU 16517 (MiB)
I0223 04:36:10.676864 23080 dlrm_v2_server.cpp:121] Created copy streams and buffers
I0223 04:36:10.676868 23080 dlrm_v2_server.cpp:122] Setup complete
I0223 04:36:10.676957 23081 dlrm_v2_server.cpp:80] Setting profile = 0
I0223 04:36:10.676967 23081 dlrm_v2_server.cpp:83] Context creation complete
I0223 04:36:10.676976 23081 dlrm_v2_server.cpp:95] Created streams
I0223 04:36:10.676978 23081 dlrm_v2_server.cpp:102] Profile - Numeric Input Volume: 13
I0223 04:36:10.676980 23081 dlrm_v2_server.cpp:104] Profile - Categorical Input Volume: 214
I0223 04:36:10.676980 23081 dlrm_v2_server.cpp:106] Profile - Output Volume: 1
[I] [TRT] [MemUsageChange] TensorRT-managed allocation in IExecutionContext creation: CPU +0, GPU +74, now: CPU 0, GPU 135 (MiB)
I0223 04:36:10.677170 23081 dlrm_v2_server.cpp:121] Created copy streams and buffers
I0223 04:36:10.677171 23081 dlrm_v2_server.cpp:122] Setup complete
I0223 04:36:10.677323 23080 dlrm_v2_server.cpp:292] Running warmup for 1s.
I0223 04:36:10.677637 23081 dlrm_v2_server.cpp:292] Running warmup for 1s.
I0223 04:36:11.677839 23080 dlrm_v2_server.cpp:304] Warmup complete, ran for 1.0002s.
I0223 04:36:11.678185 23081 dlrm_v2_server.cpp:304] Warmup complete, ran for 1.00027s.
I0223 04:36:11.678278 23076 batch_maker.cpp:189] Contiguity-Aware H2H : ON
I0223 04:36:11.682307 23076 batch_maker.cpp:189] Contiguity-Aware H2H : ON
I0223 04:36:11.685282 23076 main_dlrm_v2.cpp:275] Starting running actual test.
I0223 04:36:11.689899 23076 dlrm_v2_qsl.h:230] Calling LoadSamplesToRam() for QSL ensemble...
I0223 04:36:11.689903 23076 dlrm_v2_qsl.h:70] Calling LoadSamplesToRam() for QSL[0] of 204800 samples...
I0223 04:41:59.763046 23076 dlrm_v2_qsl.h:142] Completed LoadSamplesToRam() for QSL[0]
I0223 04:41:59.932716 23076 dlrm_v2_qsl.h:235] Completed LoadSamplesToRam() for QSL ensemble.
I0223 04:43:08.174726 23076 dlrm_v2_qsl.h:239] Calling UnloadSamplesFromRam() for QSL ensemble...
I0223 04:43:08.174796 23076 dlrm_v2_qsl.h:147] Calling UnloadSamplesFromRam() for QSL[0] of 204800 samples...
I0223 04:43:08.174809 23076 dlrm_v2_qsl.h:152] Completed UnloadSamplesFromRam() for QSL[0]
I0223 04:43:08.174815 23076 dlrm_v2_qsl.h:244] Completed UnloadSamplesFromRam() for QSL ensemble.
I0223 04:43:08.174822 23076 dlrm_v2_qsl.h:230] Calling LoadSamplesToRam() for QSL ensemble...
I0223 04:43:08.174827 23076 dlrm_v2_qsl.h:70] Calling LoadSamplesToRam() for QSL[0] of 125267 samples...
I0223 04:46:07.127902 23076 dlrm_v2_qsl.h:142] Completed LoadSamplesToRam() for QSL[0]
I0223 04:46:07.232939 23076 dlrm_v2_qsl.h:235] Completed LoadSamplesToRam() for QSL ensemble.
I0223 04:46:49.116879 23076 dlrm_v2_qsl.h:239] Calling UnloadSamplesFromRam() for QSL ensemble...
I0223 04:46:49.116974 23076 dlrm_v2_qsl.h:147] Calling UnloadSamplesFromRam() for QSL[0] of 125267 samples...
I0223 04:46:49.116988 23076 dlrm_v2_qsl.h:152] Completed UnloadSamplesFromRam() for QSL[0]
I0223 04:46:49.116994 23076 dlrm_v2_qsl.h:244] Completed UnloadSamplesFromRam() for QSL ensemble.
I0223 04:46:49.142422 23076 main_dlrm_v2.cpp:280] Finished running actual test.
I0223 04:46:49.143277 23105 batch_maker.cpp:320] GetBatch Done
I0223 04:46:49.143327 23104 batch_maker.cpp:320] GetBatch Done

No warnings encountered during test.

No errors encountered during test.
[2024-02-23 04:46:59,454 run_harness.py:170 INFO] Result: Accuracy run detected.
[2024-02-23 04:46:59,514 __init__.py:46 INFO] Running command: PYTHONPATH=/home/cmuser/CM/repos/local/cache/f4ded750a77b44dd/repo/closed/NVIDIA:/home/cmuser/CM/repos/local/cache/22d0acf6273d4ca1/inference/vision/classification_and_detection/python:/home/cmuser/CM/repos/local/cache/22d0acf6273d4ca1/inference/tools/submission:/home/cmuser/CM/repos/ctuning@mlcommons-ck/cm-mlops/script/get-mlperf-inference-utils:/usr/lib/python38.zip:/usr/lib/python3.8:/usr/lib/python3.8/lib-dynload:/home/cmuser/.local/lib/python3.8/site-packages:/usr/local/lib/python3.8/dist-packages:/usr/lib/python3/dist-packages:/usr/lib/python3.8/dist-packages python3 -S /home/cmuser/CM/repos/local/cache/f4ded750a77b44dd/repo/closed/NVIDIA/build/inference/recommendation/dlrm_v2/pytorch/tools/accuracy-dlrm.py --mlperf-accuracy-file /home/cmuser/local/cache/f88c69500c934b67/valid_results/bc9186899021-nvidia_original-gpu-tensorrt-vdefault-default_config/dlrm-v2-99/offline/accuracy/mlperf_log_accuracy.json --day-23-file /home/mlperf_inf_dlrmv2/criteo/day23/raw_data --aggregation-trace-file /home/mlperf_inf_dlrmv2/criteo/day23/sample_partition.txt --dtype float32
Assuming loadgen accuracy log does not contain ground truth labels.
Parsing loadgen accuracy log...
Parsing aggregation trace file...
Parsing ground truth labels from day_23 file...
Re-ordering ground truth labels...
Calculating AUC metric...
AUC=62.297%, accuracy=96.586%, good=86094225, total=89137319, queries=330067
 
======================== Result summaries: ========================

