client 2024-02-04 15:06:36,165 [INFO] Creating output directory '/home/arjun/results_dir/valid_results/orin-tflite_armnn_cpp-cpu-armnn_tflite-v23.11-using_neon/mobilenet-v2-precision_uint8-0.5-160/singlestream/performance/tmp_power'
client 2024-02-04 15:06:36,169 [INFO] Sending command to the server: 'mlcommons/power client v3'
client 2024-02-04 15:06:36,173 [INFO] Got response: 'mlcommons/power server v3'
client 2024-02-04 15:06:36,173 [INFO] Synchronizing with the server and with time.google.com...
client 2024-02-04 15:06:36,200 [INFO] NTP:offset = 0.001 s, delay = 0.022 s 
client 2024-02-04 15:06:36,200 [INFO] Sending command to the server: 'time'
client 2024-02-04 15:06:36,204 [INFO] Got response: '1707059196.1995678'
client 2024-02-04 15:06:36,204 [INFO] The time difference between the client and the server is within range 1.070 ms..4.979 ms
client 2024-02-04 15:06:36,204 [INFO] Sending command to the server: 'new,,bae08edf-d646-431e-8ed4-6407c7292dcf'
client 2024-02-04 15:06:36,210 [INFO] Got response: 'OK 2024-02-04_15-06-36,8e49f651-baee-47e6-9ba5-2d4fdade8051'
client 2024-02-04 15:06:36,210 [INFO] Session id is '2024-02-04_15-06-36'
client 2024-02-04 15:06:36,210 [INFO] Sources: {"sources": {"__init__.py": "da39a3ee5e6b4b0d3255bfef95601890afd80709", "client.py": "33ca4f26368777ac06e01f9567b714a4b8063886", "lib/__init__.py": "da39a3ee5e6b4b0d3255bfef95601890afd80709", "lib/client.py": "ac2aa093c8e8bbc9569b9e2a3471bc64e58a2258", "lib/common.py": "611d8b29633d331eb19c9455ea3b5fa3284ed6df", "lib/external/__init__.py": "da39a3ee5e6b4b0d3255bfef95601890afd80709", "lib/external/ntplib.py": "4da8f970656505a40483206ef2b5d3dd5e81711d", "lib/server.py": "99303c836c683aa9017ec565104e636161d02acb", "lib/source_hashes.py": "60a2e02193209e8d392803326208d5466342da18", "lib/summary.py": "aa92f0a3f975eecd44d3c0cd0236342ccc9f941d", "lib/time_sync.py": "80894ef2389e540781ff78de94db16aa4203a14e", "server.py": "c3f90f2f7eeb4db30727556d0c815ebc89b3d28b", "tests/unit/__init__.py": "da39a3ee5e6b4b0d3255bfef95601890afd80709", "tests/unit/test_server.py": "948c1995d4008bc2aa6c4046a34ffa3858d6d671", "tests/unit/test_source_hashes.py": "00468a2907583c593e6574a1f6b404e4651c221a"}, "modules": {"ptd_client_server.lib.client": "lib/client.py", "ptd_client_server.lib.common": "lib/common.py", "ptd_client_server.lib.external.ntplib": "lib/external/ntplib.py", "ptd_client_server.lib.source_hashes": "lib/source_hashes.py", "ptd_client_server.lib.summary": "lib/summary.py", "ptd_client_server.lib.time_sync": "lib/time_sync.py"}}
client 2024-02-04 15:06:36,211 [INFO] Running workload in ranging mode
client 2024-02-04 15:06:36,211 [INFO] Synchronizing with the server and with time.google.com...
client 2024-02-04 15:06:36,234 [INFO] NTP:offset = 0.000 s, delay = 0.022 s 
client 2024-02-04 15:06:36,234 [INFO] Sending command to the server: 'time'
client 2024-02-04 15:06:36,237 [INFO] Got response: '1707059196.2328548'
client 2024-02-04 15:06:36,237 [INFO] The time difference between the client and the server is within range 1.528 ms..4.491 ms
client 2024-02-04 15:06:36,237 [INFO] Sending command to the server: 'session,2024-02-04_15-06-36,start,ranging'
client 2024-02-04 15:07:04,324 [INFO] Got response: 'OK'
client 2024-02-04 15:07:04,326 [INFO] Sending command to the server: 'time'
client 2024-02-04 15:07:04,329 [INFO] Got response: '1707059224.325379'
client 2024-02-04 15:07:04,330 [INFO] The time difference between the client and the server is within range 1.264 ms..4.608 ms
client 2024-02-04 15:07:04,330 [INFO] Running the workload 'CM_MLPERF_RUN_COUNT=$(cat ${CM_RUN_DIR}/count.txt); echo ${CM_MLPERF_RUN_COUNT}; CM_MLPERF_RUN_COUNT=$((CM_MLPERF_RUN_COUNT+1)); echo ${CM_MLPERF_RUN_COUNT} > ${CM_RUN_DIR}/count.txt && if [ ${CM_MLPERF_RUN_COUNT} -eq "1" ]; then export CM_MLPERF_USER_CONF=${CM_MLPERF_RANGING_USER_CONF}; else export CM_MLPERF_USER_CONF=${CM_MLPERF_TESTING_USER_CONF}; fi && /mnt/CM/repos/ctuning@mlcommons-ck/cm-mlops/script/get-lib-armnn/run.out'
client 2024-02-04 15:12:06,697 [INFO] Sending command to the server: 'time'
client 2024-02-04 15:12:06,701 [INFO] Got response: '1707059526.6961982'
client 2024-02-04 15:12:06,701 [INFO] The time difference between the client and the server is within range 0.866 ms..5.199 ms
client 2024-02-04 15:12:06,701 [INFO] Sending command to the server: 'session,2024-02-04_15-06-36,stop,ranging'
client 2024-02-04 15:12:17,431 [INFO] Got response: 'OK'
client 2024-02-04 15:12:17,432 [INFO] Sending command to the server: 'time'
client 2024-02-04 15:12:17,435 [INFO] Got response: '1707059537.4314675'
client 2024-02-04 15:12:17,436 [INFO] The time difference between the client and the server is within range 0.996 ms..4.644 ms
client 2024-02-04 15:12:17,453 [INFO] Copying loadgen logs from '/home/arjun/results_dir/valid_results/orin-tflite_armnn_cpp-cpu-armnn_tflite-v23.11-using_neon/mobilenet-v2-precision_uint8-0.5-160/singlestream/performance/run_1' to '/home/arjun/results_dir/valid_results/orin-tflite_armnn_cpp-cpu-armnn_tflite-v23.11-using_neon/mobilenet-v2-precision_uint8-0.5-160/singlestream/performance/tmp_power/ranging'
client 2024-02-04 15:12:17,456 [INFO] Running workload in testing mode
client 2024-02-04 15:12:17,456 [INFO] Synchronizing with the server and with time.google.com...
client 2024-02-04 15:12:17,514 [INFO] NTP:offset = -0.002 s, delay = 0.052 s 
client 2024-02-04 15:12:17,515 [INFO] Sending command to the server: 'time'
client 2024-02-04 15:12:17,518 [INFO] Got response: '1707059537.513717'
client 2024-02-04 15:12:17,518 [INFO] The time difference between the client and the server is within range 1.381 ms..4.977 ms
client 2024-02-04 15:12:17,518 [INFO] Sending command to the server: 'session,2024-02-04_15-06-36,start,testing'
client 2024-02-04 15:12:30,540 [INFO] Got response: 'OK'
client 2024-02-04 15:12:30,541 [INFO] Sending command to the server: 'time'
client 2024-02-04 15:12:30,545 [INFO] Got response: '1707059550.5402322'
client 2024-02-04 15:12:30,546 [INFO] The time difference between the client and the server is within range 0.806 ms..5.904 ms
client 2024-02-04 15:12:30,546 [INFO] Running the workload 'CM_MLPERF_RUN_COUNT=$(cat ${CM_RUN_DIR}/count.txt); echo ${CM_MLPERF_RUN_COUNT}; CM_MLPERF_RUN_COUNT=$((CM_MLPERF_RUN_COUNT+1)); echo ${CM_MLPERF_RUN_COUNT} > ${CM_RUN_DIR}/count.txt && if [ ${CM_MLPERF_RUN_COUNT} -eq "1" ]; then export CM_MLPERF_USER_CONF=${CM_MLPERF_RANGING_USER_CONF}; else export CM_MLPERF_USER_CONF=${CM_MLPERF_TESTING_USER_CONF}; fi && /mnt/CM/repos/ctuning@mlcommons-ck/cm-mlops/script/get-lib-armnn/run.out'
client 2024-02-04 15:22:34,962 [INFO] Sending command to the server: 'time'
client 2024-02-04 15:22:35,146 [INFO] Got response: '1707060155.1420732'
client 2024-02-04 15:22:35,147 [INFO] The time difference between the client and the server is within range -180.598 ms..5.736 ms
client 2024-02-04 15:22:35,148 [INFO] Sending command to the server: 'session,2024-02-04_15-06-36,stop,testing'
client 2024-02-04 15:22:45,593 [INFO] Got response: 'OK'
client 2024-02-04 15:22:45,594 [INFO] Sending command to the server: 'time'
client 2024-02-04 15:22:45,598 [INFO] Got response: '1707060165.594332'
client 2024-02-04 15:22:45,598 [INFO] The time difference between the client and the server is within range 0.491 ms..4.054 ms
client 2024-02-04 15:22:45,606 [INFO] Copying loadgen logs from '/home/arjun/results_dir/valid_results/orin-tflite_armnn_cpp-cpu-armnn_tflite-v23.11-using_neon/mobilenet-v2-precision_uint8-0.5-160/singlestream/performance/run_1' to '/home/arjun/results_dir/valid_results/orin-tflite_armnn_cpp-cpu-armnn_tflite-v23.11-using_neon/mobilenet-v2-precision_uint8-0.5-160/singlestream/performance/tmp_power/run_1'
client 2024-02-04 15:22:45,609 [INFO] Done runs
