Graph file: /home/ubuntu/CM/repos/local/cache/27be419bc12e4d96/mobilenet_v1_1.0_192_quant.tflite
Image dir: /home/ubuntu/CM/repos/local/cache/0598e2faae6e4133
Image list: /home/ubuntu/CM/repos/local/cache/0598e2faae6e4133/preprocessed_files.txt
Image size: 192
Image channels: 3
Prediction classes: 1000
Result dir: /home/ubuntu/CM/repos/local/cache/6f95210fc6c14185/valid_results/ip_172_31_9_222-tflite_cpp-cpu-tflite-vmaster-default_config/mobilenet-v1-precision_uint8-1.0-192/singlestream/accuracy
How many images fit in memory buffer: 1024
Normalize: 1
Subtract mean: 0
Run time preprocessing: 1
Number of Threads: 16
Number of available imagefiles: 50000

Loading graph...
INFO: Created TensorFlow Lite XNNPACK delegate for CPU.
Input tensor dimensions (NHWC): 1*192*192*3
Output tensor dimensions: 1*1001
Path to mlperf.conf : /home/ubuntu/CM/repos/local/cache/dc2b293bbc704ecb/inference/mlperf.conf
Path to user.conf : /home/ubuntu/CM/repos/ctuning@mlcommons-ck/cm-mlops/script/generate-mlperf-inference-user-conf/tmp/27bf12db7cb94723a20b28879fed788b.conf
Model Name: mobilenet
LoadGen Scenario: SingleStream
LoadGen Mode: accuracy
