Graph file: /home/ubuntu/CM/repos/local/cache/46c2e9631d2640a2/v2_224_75/model.tflite
Image dir: /home/ubuntu/CM/repos/local/cache/f8b0a6668d9a4d64
Image list: /home/ubuntu/CM/repos/local/cache/f8b0a6668d9a4d64/preprocessed_files.txt
Image size: 224
Image channels: 3
Prediction classes: 1000
Result dir: /home/ubuntu/CM/repos/local/cache/a4a5ea16d6484514/valid_results/ip_172_31_38_149-tflite_cpp-cpu-tflite-vmaster-default_config/mobilenet-v2-precision_uint8-0.75-224/singlestream/performance/run_1
How many images fit in memory buffer: 1024
Normalize: 1
Subtract mean: 0
Run time preprocessing: 1
Number of Threads: 2
Number of available imagefiles: 50000

Loading graph...
INFO: Created TensorFlow Lite XNNPACK delegate for CPU.
Input tensor dimensions (NHWC): 1*224*224*3
Output tensor dimensions: 1*1001
Path to mlperf.conf : /home/ubuntu/CM/repos/local/cache/3fb96ad6072347c2/inference/mlperf.conf
Path to user.conf : /home/ubuntu/CM/repos/ctuning@mlcommons-ck/cm-mlops/script/generate-mlperf-inference-user-conf/tmp/0aa3160cb6e94c938b432a2e5898df1e.conf
Model Name: mobilenet
LoadGen Scenario: SingleStream
LoadGen Mode: performance
