client 2024-02-21 02:20:53,568 [INFO] Creating output directory '/home/arjun/results_dir/valid_results/phoenix_Amd_Am5-reference-cpu-deepsparse-vdefault-default_config/obert-base-pruned90-none-bert-99/singlestream/performance/tmp_power'
client 2024-02-21 02:20:53,577 [INFO] Sending command to the server: 'mlcommons/power client v3'
client 2024-02-21 02:20:53,586 [INFO] Got response: 'mlcommons/power server v3'
client 2024-02-21 02:20:53,586 [INFO] Synchronizing with the server and with time.google.com...
client 2024-02-21 02:20:53,610 [INFO] NTP:offset = 0.002 s, delay = 0.022 s 
client 2024-02-21 02:20:53,610 [INFO] Sending command to the server: 'time'
client 2024-02-21 02:20:53,620 [INFO] Got response: '1708482053.5523713'
client 2024-02-21 02:20:53,620 [INFO] The time difference between the client and the server is within range 58.402 ms..68.269 ms
client 2024-02-21 02:20:53,620 [INFO] Sending command to the server: 'new,,df643343-1c1f-4aa3-9cdf-5661345b8e9d'
client 2024-02-21 02:20:53,634 [INFO] Got response: 'OK 2024-02-21_02-20-53,46b04794-391b-4fac-927b-97c541406bd8'
client 2024-02-21 02:20:53,634 [INFO] Session id is '2024-02-21_02-20-53'
client 2024-02-21 02:20:53,634 [INFO] Sources: {"sources": {"__init__.py": "da39a3ee5e6b4b0d3255bfef95601890afd80709", "client.py": "33ca4f26368777ac06e01f9567b714a4b8063886", "lib/__init__.py": "da39a3ee5e6b4b0d3255bfef95601890afd80709", "lib/client.py": "ac2aa093c8e8bbc9569b9e2a3471bc64e58a2258", "lib/common.py": "611d8b29633d331eb19c9455ea3b5fa3284ed6df", "lib/external/__init__.py": "da39a3ee5e6b4b0d3255bfef95601890afd80709", "lib/external/ntplib.py": "4da8f970656505a40483206ef2b5d3dd5e81711d", "lib/server.py": "99303c836c683aa9017ec565104e636161d02acb", "lib/source_hashes.py": "60a2e02193209e8d392803326208d5466342da18", "lib/summary.py": "aa92f0a3f975eecd44d3c0cd0236342ccc9f941d", "lib/time_sync.py": "80894ef2389e540781ff78de94db16aa4203a14e", "server.py": "c3f90f2f7eeb4db30727556d0c815ebc89b3d28b", "tests/unit/__init__.py": "da39a3ee5e6b4b0d3255bfef95601890afd80709", "tests/unit/test_server.py": "948c1995d4008bc2aa6c4046a34ffa3858d6d671", "tests/unit/test_source_hashes.py": "00468a2907583c593e6574a1f6b404e4651c221a"}, "modules": {"ptd_client_server.lib.client": "lib/client.py", "ptd_client_server.lib.common": "lib/common.py", "ptd_client_server.lib.external.ntplib": "lib/external/ntplib.py", "ptd_client_server.lib.source_hashes": "lib/source_hashes.py", "ptd_client_server.lib.summary": "lib/summary.py", "ptd_client_server.lib.time_sync": "lib/time_sync.py"}}
client 2024-02-21 02:20:53,634 [INFO] Running workload in ranging mode
client 2024-02-21 02:20:53,634 [INFO] Synchronizing with the server and with time.google.com...
client 2024-02-21 02:20:53,658 [INFO] NTP:offset = 0.001 s, delay = 0.023 s 
client 2024-02-21 02:20:53,658 [INFO] Sending command to the server: 'time'
client 2024-02-21 02:20:53,666 [INFO] Got response: '1708482053.6023822'
client 2024-02-21 02:20:53,666 [INFO] The time difference between the client and the server is within range 55.958 ms..64.462 ms
client 2024-02-21 02:20:53,666 [INFO] Sending command to the server: 'session,2024-02-21_02-20-53,start,ranging'
client 2024-02-21 02:21:17,583 [INFO] Got response: 'OK'
client 2024-02-21 02:21:17,583 [INFO] Sending command to the server: 'time'
client 2024-02-21 02:21:17,592 [INFO] Got response: '1708482077.532794'
client 2024-02-21 02:21:17,592 [INFO] The time difference between the client and the server is within range 51.049 ms..59.552 ms
client 2024-02-21 02:21:17,592 [INFO] Running the workload 'CM_MLPERF_RUN_COUNT=$(cat ${CM_RUN_DIR}/count.txt); echo ${CM_MLPERF_RUN_COUNT}; CM_MLPERF_RUN_COUNT=$((CM_MLPERF_RUN_COUNT+1)); echo ${CM_MLPERF_RUN_COUNT} > ${CM_RUN_DIR}/count.txt && if [ ${CM_MLPERF_RUN_COUNT} -eq "1" ]; then export CM_MLPERF_USER_CONF=${CM_MLPERF_RANGING_USER_CONF}; else export CM_MLPERF_USER_CONF=${CM_MLPERF_TESTING_USER_CONF}; fi && /usr/bin/python3 run.py --backend=deepsparse --scenario=SingleStream --mlperf_conf "/home/arjun/CM/repos/local/cache/b5386651b8ab4bd4/inference/mlperf.conf" --user_conf "${CM_MLPERF_USER_CONF}" --quantized --batch_size=1 --model_path=/home/arjun/.cache/sparsezoo/68214cb1-14dc-4f1b-93fd-075d0b06ca32/model.onnx 2>&1 | tee /home/arjun/results_dir/valid_results/phoenix_Amd_Am5-reference-cpu-deepsparse-vdefault-default_config/obert-base-pruned90-none-bert-99/singlestream/performance/run_1/console.out'
client 2024-02-21 02:26:32,677 [INFO] Sending command to the server: 'time'
client 2024-02-21 02:26:32,688 [INFO] Got response: '1708482392.6282654'
client 2024-02-21 02:26:32,688 [INFO] The time difference between the client and the server is within range 49.702 ms..59.971 ms
client 2024-02-21 02:26:32,688 [INFO] Sending command to the server: 'session,2024-02-21_02-20-53,stop,ranging'
client 2024-02-21 02:26:43,848 [INFO] Got response: 'OK'
client 2024-02-21 02:26:43,848 [INFO] Sending command to the server: 'time'
client 2024-02-21 02:26:43,860 [INFO] Got response: '1708482403.7985852'
client 2024-02-21 02:26:43,860 [INFO] The time difference between the client and the server is within range 49.528 ms..62.124 ms
client 2024-02-21 02:26:43,862 [INFO] Copying loadgen logs from '/home/arjun/results_dir/valid_results/phoenix_Amd_Am5-reference-cpu-deepsparse-vdefault-default_config/obert-base-pruned90-none-bert-99/singlestream/performance/run_1' to '/home/arjun/results_dir/valid_results/phoenix_Amd_Am5-reference-cpu-deepsparse-vdefault-default_config/obert-base-pruned90-none-bert-99/singlestream/performance/tmp_power/ranging'
client 2024-02-21 02:26:43,863 [INFO] Running workload in testing mode
client 2024-02-21 02:26:43,863 [INFO] Synchronizing with the server and with time.google.com...
client 2024-02-21 02:26:43,910 [INFO] NTP:offset = 0.001 s, delay = 0.047 s 
client 2024-02-21 02:26:43,910 [INFO] Sending command to the server: 'time'
client 2024-02-21 02:26:43,919 [INFO] Got response: '1708482403.8585687'
client 2024-02-21 02:26:43,919 [INFO] The time difference between the client and the server is within range 52.274 ms..60.887 ms
client 2024-02-21 02:26:43,919 [INFO] Sending command to the server: 'session,2024-02-21_02-20-53,start,testing'
client 2024-02-21 02:26:56,981 [INFO] Got response: 'OK'
client 2024-02-21 02:26:56,981 [INFO] Sending command to the server: 'time'
client 2024-02-21 02:26:56,991 [INFO] Got response: '1708482416.928804'
client 2024-02-21 02:26:56,991 [INFO] The time difference between the client and the server is within range 52.789 ms..62.670 ms
client 2024-02-21 02:26:56,991 [INFO] Running the workload 'CM_MLPERF_RUN_COUNT=$(cat ${CM_RUN_DIR}/count.txt); echo ${CM_MLPERF_RUN_COUNT}; CM_MLPERF_RUN_COUNT=$((CM_MLPERF_RUN_COUNT+1)); echo ${CM_MLPERF_RUN_COUNT} > ${CM_RUN_DIR}/count.txt && if [ ${CM_MLPERF_RUN_COUNT} -eq "1" ]; then export CM_MLPERF_USER_CONF=${CM_MLPERF_RANGING_USER_CONF}; else export CM_MLPERF_USER_CONF=${CM_MLPERF_TESTING_USER_CONF}; fi && /usr/bin/python3 run.py --backend=deepsparse --scenario=SingleStream --mlperf_conf "/home/arjun/CM/repos/local/cache/b5386651b8ab4bd4/inference/mlperf.conf" --user_conf "${CM_MLPERF_USER_CONF}" --quantized --batch_size=1 --model_path=/home/arjun/.cache/sparsezoo/68214cb1-14dc-4f1b-93fd-075d0b06ca32/model.onnx 2>&1 | tee /home/arjun/results_dir/valid_results/phoenix_Amd_Am5-reference-cpu-deepsparse-vdefault-default_config/obert-base-pruned90-none-bert-99/singlestream/performance/run_1/console.out'
client 2024-02-21 02:37:11,693 [INFO] Sending command to the server: 'time'
client 2024-02-21 02:37:11,702 [INFO] Got response: '1708483031.639529'
client 2024-02-21 02:37:11,702 [INFO] The time difference between the client and the server is within range 54.088 ms..63.333 ms
client 2024-02-21 02:37:11,702 [INFO] Sending command to the server: 'session,2024-02-21_02-20-53,stop,testing'
client 2024-02-21 02:37:22,033 [INFO] Got response: 'OK'
client 2024-02-21 02:37:22,033 [INFO] Sending command to the server: 'time'
client 2024-02-21 02:37:22,042 [INFO] Got response: '1708483041.9797668'
client 2024-02-21 02:37:22,042 [INFO] The time difference between the client and the server is within range 53.505 ms..62.567 ms
client 2024-02-21 02:37:22,042 [INFO] Copying loadgen logs from '/home/arjun/results_dir/valid_results/phoenix_Amd_Am5-reference-cpu-deepsparse-vdefault-default_config/obert-base-pruned90-none-bert-99/singlestream/performance/run_1' to '/home/arjun/results_dir/valid_results/phoenix_Amd_Am5-reference-cpu-deepsparse-vdefault-default_config/obert-base-pruned90-none-bert-99/singlestream/performance/tmp_power/run_1'
client 2024-02-21 02:37:22,043 [INFO] Done runs
