DeepSparse, Copyright 2021-present / Neuralmagic, Inc. version: 1.6.1 COMMUNITY | (eff4f95d) (release) (optimized) (system=avx512, binary=avx512)
[7efbfa4f7640 >WARN<  operator() ./src/include/wand/utility/warnings.hpp:14] Generating emulated code for quantized (INT8) operations since no VNNI instructions were detected. Set NM_FAST_VNNI_EMULATION=1 to increase performance at the expense of accuracy.
2024-02-22 18:53:16 deepsparse.utils.onnx INFO     Generating input 'input_ids', type = int64, shape = [128, 384]
2024-02-22 18:53:16 deepsparse.utils.onnx INFO     Generating input 'attention_mask', type = int64, shape = [128, 384]
2024-02-22 18:53:16 deepsparse.utils.onnx INFO     Generating input 'token_type_ids', type = int64, shape = [128, 384]
================================================
MLPerf Results Summary
================================================
SUT name : PySUT
Scenario : Offline
Mode     : PerformanceOnly
Samples per second: 13.0945
Result is : VALID
  Min duration satisfied : Yes
  Min queries satisfied : Yes
  Early stopping satisfied: Yes

================================================
Additional Stats
================================================
Min latency (ns)                : 7100642631
Max latency (ns)                : 827291802696
Mean latency (ns)               : 327773022921
50.00 percentile latency (ns)   : 284411295213
90.00 percentile latency (ns)   : 694718129969
95.00 percentile latency (ns)   : 760651575042
97.00 percentile latency (ns)   : 792926092294
99.00 percentile latency (ns)   : 827291455371
99.90 percentile latency (ns)   : 827291771354

================================================
Test Parameters Used
================================================
samples_per_query : 10833
target_qps : 14.7407
target_latency (ns): 0
max_async_queries : 1
min_duration (ms): 600000
max_duration (ms): 0
min_query_count : 1
max_query_count : 0
qsl_rng_seed : 13281865557512327830
sample_index_rng_seed : 198141574272810017
schedule_rng_seed : 7575108116881280410
accuracy_log_rng_seed : 0
accuracy_log_probability : 0
accuracy_log_sampling_target : 0
print_timestamps : 0
performance_issue_unique : 0
performance_issue_same : 0
performance_issue_same_index : 0
performance_sample_count : 10833

No warnings encountered during test.

No errors encountered during test.
Loading ONNX model... /home/ubuntu/.cache/sparsezoo/neuralmagic/bert-base-squad_wikipedia_bookcorpus-pruned95.obs_quantized/model.onnx
Constructing SUT...
Finished constructing SUT.
Constructing QSL...
Loading cached features from 'eval_features.pickle'...
Finished constructing QSL.
Warming up engine...
Running LoadGen test...
Done!
Destroying SUT...
Destroying QSL...
Finished destroying SUT.
Finished destroying QSL.
