client 2024-02-04 08:45:18,691 [INFO] Creating output directory '/home/arjun/results_dir/valid_results/orin-tflite_armnn_cpp-cpu-armnn_tflite-v23.11-using_neon_with_live_preprocessing/mobilenet-v1-precision_float-0.25-128/singlestream/performance/tmp_power'
client 2024-02-04 08:45:18,814 [INFO] Sending command to the server: 'mlcommons/power client v3'
client 2024-02-04 08:45:18,817 [INFO] Got response: 'mlcommons/power server v3'
client 2024-02-04 08:45:18,817 [INFO] Synchronizing with the server and with time.google.com...
client 2024-02-04 08:45:18,846 [INFO] NTP:offset = -0.001 s, delay = 0.020 s 
client 2024-02-04 08:45:18,846 [INFO] Sending command to the server: 'time'
client 2024-02-04 08:45:18,849 [INFO] Got response: '1707036318.8486478'
client 2024-02-04 08:45:18,849 [INFO] The time difference between the client and the server is within range -1.731 ms..1.158 ms
client 2024-02-04 08:45:18,850 [INFO] Sending command to the server: 'new,,b053e0e7-7be1-4163-84c3-a8024aae9cc3'
client 2024-02-04 08:45:18,852 [INFO] Got response: 'OK 2024-02-04_08-45-18,9a5eb943-bf29-4ef9-9131-93738236363f'
client 2024-02-04 08:45:18,852 [INFO] Session id is '2024-02-04_08-45-18'
client 2024-02-04 08:45:18,853 [INFO] Sources: {"sources": {"__init__.py": "da39a3ee5e6b4b0d3255bfef95601890afd80709", "client.py": "33ca4f26368777ac06e01f9567b714a4b8063886", "lib/__init__.py": "da39a3ee5e6b4b0d3255bfef95601890afd80709", "lib/client.py": "ac2aa093c8e8bbc9569b9e2a3471bc64e58a2258", "lib/common.py": "611d8b29633d331eb19c9455ea3b5fa3284ed6df", "lib/external/__init__.py": "da39a3ee5e6b4b0d3255bfef95601890afd80709", "lib/external/ntplib.py": "4da8f970656505a40483206ef2b5d3dd5e81711d", "lib/server.py": "99303c836c683aa9017ec565104e636161d02acb", "lib/source_hashes.py": "60a2e02193209e8d392803326208d5466342da18", "lib/summary.py": "aa92f0a3f975eecd44d3c0cd0236342ccc9f941d", "lib/time_sync.py": "80894ef2389e540781ff78de94db16aa4203a14e", "server.py": "c3f90f2f7eeb4db30727556d0c815ebc89b3d28b", "tests/unit/__init__.py": "da39a3ee5e6b4b0d3255bfef95601890afd80709", "tests/unit/test_server.py": "948c1995d4008bc2aa6c4046a34ffa3858d6d671", "tests/unit/test_source_hashes.py": "00468a2907583c593e6574a1f6b404e4651c221a"}, "modules": {"ptd_client_server.lib.client": "lib/client.py", "ptd_client_server.lib.common": "lib/common.py", "ptd_client_server.lib.external.ntplib": "lib/external/ntplib.py", "ptd_client_server.lib.source_hashes": "lib/source_hashes.py", "ptd_client_server.lib.summary": "lib/summary.py", "ptd_client_server.lib.time_sync": "lib/time_sync.py"}}
client 2024-02-04 08:45:18,853 [INFO] Running workload in ranging mode
client 2024-02-04 08:45:18,853 [INFO] Synchronizing with the server and with time.google.com...
client 2024-02-04 08:45:18,876 [INFO] NTP:offset = -0.000 s, delay = 0.021 s 
client 2024-02-04 08:45:18,876 [INFO] Sending command to the server: 'time'
client 2024-02-04 08:45:18,880 [INFO] Got response: '1707036318.8786378'
client 2024-02-04 08:45:18,880 [INFO] The time difference between the client and the server is within range -1.730 ms..1.907 ms
client 2024-02-04 08:45:18,880 [INFO] Sending command to the server: 'session,2024-02-04_08-45-18,start,ranging'
client 2024-02-04 08:45:46,970 [INFO] Got response: 'OK'
client 2024-02-04 08:45:46,972 [INFO] Sending command to the server: 'time'
client 2024-02-04 08:45:46,975 [INFO] Got response: '1707036346.9742053'
client 2024-02-04 08:45:46,976 [INFO] The time difference between the client and the server is within range -1.737 ms..2.046 ms
client 2024-02-04 08:45:46,976 [INFO] Running the workload 'CM_MLPERF_RUN_COUNT=$(cat ${CM_RUN_DIR}/count.txt); echo ${CM_MLPERF_RUN_COUNT}; CM_MLPERF_RUN_COUNT=$((CM_MLPERF_RUN_COUNT+1)); echo ${CM_MLPERF_RUN_COUNT} > ${CM_RUN_DIR}/count.txt && if [ ${CM_MLPERF_RUN_COUNT} -eq "1" ]; then export CM_MLPERF_USER_CONF=${CM_MLPERF_RANGING_USER_CONF}; else export CM_MLPERF_USER_CONF=${CM_MLPERF_TESTING_USER_CONF}; fi && /mnt/CM/repos/ctuning@mlcommons-ck/cm-mlops/script/get-lib-armnn/run.out'
client 2024-02-04 08:50:49,493 [INFO] Sending command to the server: 'time'
client 2024-02-04 08:50:49,498 [INFO] Got response: '1707036649.4958193'
client 2024-02-04 08:50:49,498 [INFO] The time difference between the client and the server is within range -2.417 ms..2.507 ms
client 2024-02-04 08:50:49,498 [INFO] Sending command to the server: 'session,2024-02-04_08-45-18,stop,ranging'
client 2024-02-04 08:51:00,081 [INFO] Got response: 'OK'
client 2024-02-04 08:51:00,081 [INFO] Sending command to the server: 'time'
client 2024-02-04 08:51:00,084 [INFO] Got response: '1707036660.0829186'
client 2024-02-04 08:51:00,084 [INFO] The time difference between the client and the server is within range -1.577 ms..2.012 ms
client 2024-02-04 08:51:00,101 [INFO] Copying loadgen logs from '/home/arjun/results_dir/valid_results/orin-tflite_armnn_cpp-cpu-armnn_tflite-v23.11-using_neon_with_live_preprocessing/mobilenet-v1-precision_float-0.25-128/singlestream/performance/run_1' to '/home/arjun/results_dir/valid_results/orin-tflite_armnn_cpp-cpu-armnn_tflite-v23.11-using_neon_with_live_preprocessing/mobilenet-v1-precision_float-0.25-128/singlestream/performance/tmp_power/ranging'
client 2024-02-04 08:51:00,104 [INFO] Running workload in testing mode
client 2024-02-04 08:51:00,104 [INFO] Synchronizing with the server and with time.google.com...
client 2024-02-04 08:51:00,133 [INFO] NTP:offset = -0.001 s, delay = 0.023 s 
client 2024-02-04 08:51:00,133 [INFO] Sending command to the server: 'time'
client 2024-02-04 08:51:00,136 [INFO] Got response: '1707036660.1354911'
client 2024-02-04 08:51:00,137 [INFO] The time difference between the client and the server is within range -1.550 ms..1.734 ms
client 2024-02-04 08:51:00,137 [INFO] Sending command to the server: 'session,2024-02-04_08-45-18,start,testing'
client 2024-02-04 08:51:13,160 [INFO] Got response: 'OK'
client 2024-02-04 08:51:13,162 [INFO] Sending command to the server: 'time'
client 2024-02-04 08:51:13,166 [INFO] Got response: '1707036673.1642692'
client 2024-02-04 08:51:13,167 [INFO] The time difference between the client and the server is within range -2.320 ms..2.744 ms
client 2024-02-04 08:51:13,167 [INFO] Running the workload 'CM_MLPERF_RUN_COUNT=$(cat ${CM_RUN_DIR}/count.txt); echo ${CM_MLPERF_RUN_COUNT}; CM_MLPERF_RUN_COUNT=$((CM_MLPERF_RUN_COUNT+1)); echo ${CM_MLPERF_RUN_COUNT} > ${CM_RUN_DIR}/count.txt && if [ ${CM_MLPERF_RUN_COUNT} -eq "1" ]; then export CM_MLPERF_USER_CONF=${CM_MLPERF_RANGING_USER_CONF}; else export CM_MLPERF_USER_CONF=${CM_MLPERF_TESTING_USER_CONF}; fi && /mnt/CM/repos/ctuning@mlcommons-ck/cm-mlops/script/get-lib-armnn/run.out'
client 2024-02-04 09:01:17,988 [INFO] Sending command to the server: 'time'
client 2024-02-04 09:01:18,008 [INFO] Got response: '1707037278.006452'
client 2024-02-04 09:01:18,008 [INFO] The time difference between the client and the server is within range -18.093 ms..2.217 ms
client 2024-02-04 09:01:18,009 [INFO] Sending command to the server: 'session,2024-02-04_08-45-18,stop,testing'
client 2024-02-04 09:01:28,232 [INFO] Got response: 'OK'
client 2024-02-04 09:01:28,233 [INFO] Sending command to the server: 'time'
client 2024-02-04 09:01:28,236 [INFO] Got response: '1707037288.235467'
client 2024-02-04 09:01:28,236 [INFO] The time difference between the client and the server is within range -1.882 ms..1.274 ms
client 2024-02-04 09:01:28,241 [INFO] Copying loadgen logs from '/home/arjun/results_dir/valid_results/orin-tflite_armnn_cpp-cpu-armnn_tflite-v23.11-using_neon_with_live_preprocessing/mobilenet-v1-precision_float-0.25-128/singlestream/performance/run_1' to '/home/arjun/results_dir/valid_results/orin-tflite_armnn_cpp-cpu-armnn_tflite-v23.11-using_neon_with_live_preprocessing/mobilenet-v1-precision_float-0.25-128/singlestream/performance/tmp_power/run_1'
client 2024-02-04 09:01:28,244 [INFO] Done runs
