client 2024-02-01 07:39:13,474 [INFO] Creating output directory '/home/arjun/results_dir/valid_results/orin-tflite_armnn_cpp-cpu-armnn_tflite-v23.05-using_neon_with_live_preprocessing/mobilenet-v2-precision_float-1.0-160/singlestream/performance/tmp_power'
client 2024-02-01 07:39:13,478 [INFO] Sending command to the server: 'mlcommons/power client v3'
client 2024-02-01 07:39:13,492 [INFO] Got response: 'mlcommons/power server v3'
client 2024-02-01 07:39:13,492 [INFO] Synchronizing with the server and with time.google.com...
client 2024-02-01 07:39:13,519 [INFO] NTP:offset = -0.004 s, delay = 0.022 s 
client 2024-02-01 07:39:13,519 [INFO] Sending command to the server: 'time'
client 2024-02-01 07:39:13,524 [INFO] Got response: '1706773153.5178854'
client 2024-02-01 07:39:13,524 [INFO] The time difference between the client and the server is within range 2.088 ms..6.526 ms
client 2024-02-01 07:39:13,524 [INFO] Sending command to the server: 'new,,189f6a38-1bab-4fc2-8e86-07ec7bca2419'
client 2024-02-01 07:39:13,537 [INFO] Got response: 'OK 2024-02-01_07-39-13,f293c6cc-bd12-4b1c-9f39-52401c576bce'
client 2024-02-01 07:39:13,537 [INFO] Session id is '2024-02-01_07-39-13'
client 2024-02-01 07:39:13,537 [INFO] Sources: {"sources": {"__init__.py": "da39a3ee5e6b4b0d3255bfef95601890afd80709", "client.py": "33ca4f26368777ac06e01f9567b714a4b8063886", "lib/__init__.py": "da39a3ee5e6b4b0d3255bfef95601890afd80709", "lib/client.py": "ac2aa093c8e8bbc9569b9e2a3471bc64e58a2258", "lib/common.py": "611d8b29633d331eb19c9455ea3b5fa3284ed6df", "lib/external/__init__.py": "da39a3ee5e6b4b0d3255bfef95601890afd80709", "lib/external/ntplib.py": "4da8f970656505a40483206ef2b5d3dd5e81711d", "lib/server.py": "99303c836c683aa9017ec565104e636161d02acb", "lib/source_hashes.py": "60a2e02193209e8d392803326208d5466342da18", "lib/summary.py": "aa92f0a3f975eecd44d3c0cd0236342ccc9f941d", "lib/time_sync.py": "80894ef2389e540781ff78de94db16aa4203a14e", "server.py": "c3f90f2f7eeb4db30727556d0c815ebc89b3d28b", "tests/unit/__init__.py": "da39a3ee5e6b4b0d3255bfef95601890afd80709", "tests/unit/test_server.py": "948c1995d4008bc2aa6c4046a34ffa3858d6d671", "tests/unit/test_source_hashes.py": "00468a2907583c593e6574a1f6b404e4651c221a"}, "modules": {"ptd_client_server.lib.client": "lib/client.py", "ptd_client_server.lib.common": "lib/common.py", "ptd_client_server.lib.external.ntplib": "lib/external/ntplib.py", "ptd_client_server.lib.source_hashes": "lib/source_hashes.py", "ptd_client_server.lib.summary": "lib/summary.py", "ptd_client_server.lib.time_sync": "lib/time_sync.py"}}
client 2024-02-01 07:39:13,538 [INFO] Running workload in ranging mode
client 2024-02-01 07:39:13,538 [INFO] Synchronizing with the server and with time.google.com...
client 2024-02-01 07:39:13,562 [INFO] NTP:offset = -0.004 s, delay = 0.022 s 
client 2024-02-01 07:39:13,562 [INFO] Sending command to the server: 'time'
client 2024-02-01 07:39:13,565 [INFO] Got response: '1706773153.560056'
client 2024-02-01 07:39:13,566 [INFO] The time difference between the client and the server is within range 2.259 ms..5.984 ms
client 2024-02-01 07:39:13,566 [INFO] Sending command to the server: 'session,2024-02-01_07-39-13,start,ranging'
client 2024-02-01 07:39:41,730 [INFO] Got response: 'OK'
client 2024-02-01 07:39:41,732 [INFO] Sending command to the server: 'time'
client 2024-02-01 07:39:41,735 [INFO] Got response: '1706773181.7299778'
client 2024-02-01 07:39:41,735 [INFO] The time difference between the client and the server is within range 2.446 ms..5.817 ms
client 2024-02-01 07:39:41,736 [INFO] Running the workload 'CM_MLPERF_RUN_COUNT=$(cat ${CM_RUN_DIR}/count.txt); echo ${CM_MLPERF_RUN_COUNT}; CM_MLPERF_RUN_COUNT=$((CM_MLPERF_RUN_COUNT+1)); echo ${CM_MLPERF_RUN_COUNT} > ${CM_RUN_DIR}/count.txt && if [ ${CM_MLPERF_RUN_COUNT} -eq "1" ]; then export CM_MLPERF_USER_CONF=${CM_MLPERF_RANGING_USER_CONF}; else export CM_MLPERF_USER_CONF=${CM_MLPERF_TESTING_USER_CONF}; fi && /mnt/CM/repos/ctuning@mlcommons-ck/cm-mlops/script/benchmark-any-mlperf-inference-implementation/run.out'
client 2024-02-01 07:44:44,446 [INFO] Sending command to the server: 'time'
client 2024-02-01 07:44:44,565 [INFO] Got response: '1706773484.5589392'
client 2024-02-01 07:44:44,566 [INFO] The time difference between the client and the server is within range -112.226 ms..7.140 ms
client 2024-02-01 07:44:44,566 [INFO] Sending command to the server: 'session,2024-02-01_07-39-13,stop,ranging'
client 2024-02-01 07:44:54,910 [INFO] Got response: 'OK'
client 2024-02-01 07:44:54,911 [INFO] Sending command to the server: 'time'
client 2024-02-01 07:44:54,914 [INFO] Got response: '1706773494.9087267'
client 2024-02-01 07:44:54,914 [INFO] The time difference between the client and the server is within range 2.317 ms..5.857 ms
client 2024-02-01 07:44:54,929 [INFO] Copying loadgen logs from '/home/arjun/results_dir/valid_results/orin-tflite_armnn_cpp-cpu-armnn_tflite-v23.05-using_neon_with_live_preprocessing/mobilenet-v2-precision_float-1.0-160/singlestream/performance/run_1' to '/home/arjun/results_dir/valid_results/orin-tflite_armnn_cpp-cpu-armnn_tflite-v23.05-using_neon_with_live_preprocessing/mobilenet-v2-precision_float-1.0-160/singlestream/performance/tmp_power/ranging'
client 2024-02-01 07:44:54,931 [INFO] Running workload in testing mode
client 2024-02-01 07:44:54,931 [INFO] Synchronizing with the server and with time.google.com...
client 2024-02-01 07:44:54,960 [INFO] NTP:offset = -0.004 s, delay = 0.024 s 
client 2024-02-01 07:44:54,960 [INFO] Sending command to the server: 'time'
client 2024-02-01 07:44:54,964 [INFO] Got response: '1706773494.9582686'
client 2024-02-01 07:44:54,964 [INFO] The time difference between the client and the server is within range 2.102 ms..6.150 ms
client 2024-02-01 07:44:54,964 [INFO] Sending command to the server: 'session,2024-02-01_07-39-13,start,testing'
client 2024-02-01 07:45:07,982 [INFO] Got response: 'OK'
client 2024-02-01 07:45:07,984 [INFO] Sending command to the server: 'time'
client 2024-02-01 07:45:07,987 [INFO] Got response: '1706773507.981242'
client 2024-02-01 07:45:07,987 [INFO] The time difference between the client and the server is within range 2.832 ms..6.274 ms
client 2024-02-01 07:45:07,987 [INFO] Running the workload 'CM_MLPERF_RUN_COUNT=$(cat ${CM_RUN_DIR}/count.txt); echo ${CM_MLPERF_RUN_COUNT}; CM_MLPERF_RUN_COUNT=$((CM_MLPERF_RUN_COUNT+1)); echo ${CM_MLPERF_RUN_COUNT} > ${CM_RUN_DIR}/count.txt && if [ ${CM_MLPERF_RUN_COUNT} -eq "1" ]; then export CM_MLPERF_USER_CONF=${CM_MLPERF_RANGING_USER_CONF}; else export CM_MLPERF_USER_CONF=${CM_MLPERF_TESTING_USER_CONF}; fi && /mnt/CM/repos/ctuning@mlcommons-ck/cm-mlops/script/benchmark-any-mlperf-inference-implementation/run.out'
client 2024-02-01 07:55:12,724 [INFO] Sending command to the server: 'time'
client 2024-02-01 07:55:12,818 [INFO] Got response: '1706774112.8120642'
client 2024-02-01 07:55:12,818 [INFO] The time difference between the client and the server is within range -88.142 ms..6.684 ms
client 2024-02-01 07:55:12,819 [INFO] Sending command to the server: 'session,2024-02-01_07-39-13,stop,testing'
client 2024-02-01 07:55:23,034 [INFO] Got response: 'OK'
client 2024-02-01 07:55:23,035 [INFO] Sending command to the server: 'time'
client 2024-02-01 07:55:23,041 [INFO] Got response: '1706774123.0343957'
client 2024-02-01 07:55:23,041 [INFO] The time difference between the client and the server is within range 1.359 ms..7.248 ms
client 2024-02-01 07:55:23,046 [INFO] Copying loadgen logs from '/home/arjun/results_dir/valid_results/orin-tflite_armnn_cpp-cpu-armnn_tflite-v23.05-using_neon_with_live_preprocessing/mobilenet-v2-precision_float-1.0-160/singlestream/performance/run_1' to '/home/arjun/results_dir/valid_results/orin-tflite_armnn_cpp-cpu-armnn_tflite-v23.05-using_neon_with_live_preprocessing/mobilenet-v2-precision_float-1.0-160/singlestream/performance/tmp_power/run_1'
client 2024-02-01 07:55:23,048 [INFO] Done runs
