client 2024-01-29 13:09:06,870 [INFO] Creating output directory '/home/arjun/results_dir/valid_results/orin-tflite_cpp-cpu-tflite-vmaster-default_config/mobilenet-v2-precision_uint8-0.35-224/singlestream/performance/tmp_power'
client 2024-01-29 13:09:06,874 [INFO] Sending command to the server: 'mlcommons/power client v3'
client 2024-01-29 13:09:06,878 [INFO] Got response: 'mlcommons/power server v3'
client 2024-01-29 13:09:06,878 [INFO] Synchronizing with the server and with time.google.com...
client 2024-01-29 13:09:06,905 [INFO] NTP:offset = -0.004 s, delay = 0.021 s 
client 2024-01-29 13:09:06,905 [INFO] Sending command to the server: 'time'
client 2024-01-29 13:09:06,909 [INFO] Got response: '1706533746.9053414'
client 2024-01-29 13:09:06,909 [INFO] The time difference between the client and the server is within range 0.639 ms..4.391 ms
client 2024-01-29 13:09:06,909 [INFO] Sending command to the server: 'new,,6281fc04-a21d-4083-868f-195f2b82d6e3'
client 2024-01-29 13:09:06,912 [INFO] Got response: 'OK 2024-01-29_13-09-06,26a62e90-32c1-4a5e-8be0-1571128becec'
client 2024-01-29 13:09:06,912 [INFO] Session id is '2024-01-29_13-09-06'
client 2024-01-29 13:09:06,912 [INFO] Sources: {"sources": {"__init__.py": "da39a3ee5e6b4b0d3255bfef95601890afd80709", "client.py": "33ca4f26368777ac06e01f9567b714a4b8063886", "lib/__init__.py": "da39a3ee5e6b4b0d3255bfef95601890afd80709", "lib/client.py": "ac2aa093c8e8bbc9569b9e2a3471bc64e58a2258", "lib/common.py": "611d8b29633d331eb19c9455ea3b5fa3284ed6df", "lib/external/__init__.py": "da39a3ee5e6b4b0d3255bfef95601890afd80709", "lib/external/ntplib.py": "4da8f970656505a40483206ef2b5d3dd5e81711d", "lib/server.py": "99303c836c683aa9017ec565104e636161d02acb", "lib/source_hashes.py": "60a2e02193209e8d392803326208d5466342da18", "lib/summary.py": "aa92f0a3f975eecd44d3c0cd0236342ccc9f941d", "lib/time_sync.py": "80894ef2389e540781ff78de94db16aa4203a14e", "server.py": "c3f90f2f7eeb4db30727556d0c815ebc89b3d28b", "tests/unit/__init__.py": "da39a3ee5e6b4b0d3255bfef95601890afd80709", "tests/unit/test_server.py": "948c1995d4008bc2aa6c4046a34ffa3858d6d671", "tests/unit/test_source_hashes.py": "00468a2907583c593e6574a1f6b404e4651c221a"}, "modules": {"ptd_client_server.lib.client": "lib/client.py", "ptd_client_server.lib.common": "lib/common.py", "ptd_client_server.lib.external.ntplib": "lib/external/ntplib.py", "ptd_client_server.lib.source_hashes": "lib/source_hashes.py", "ptd_client_server.lib.summary": "lib/summary.py", "ptd_client_server.lib.time_sync": "lib/time_sync.py"}}
client 2024-01-29 13:09:06,912 [INFO] Running workload in ranging mode
client 2024-01-29 13:09:06,912 [INFO] Synchronizing with the server and with time.google.com...
client 2024-01-29 13:09:06,934 [INFO] NTP:offset = -0.004 s, delay = 0.021 s 
client 2024-01-29 13:09:06,934 [INFO] Sending command to the server: 'time'
client 2024-01-29 13:09:06,938 [INFO] Got response: '1706533746.9349225'
client 2024-01-29 13:09:06,938 [INFO] The time difference between the client and the server is within range -0.185 ms..3.373 ms
client 2024-01-29 13:09:06,938 [INFO] Sending command to the server: 'session,2024-01-29_13-09-06,start,ranging'
client 2024-01-29 13:09:35,013 [INFO] Got response: 'OK'
client 2024-01-29 13:09:35,016 [INFO] Sending command to the server: 'time'
client 2024-01-29 13:09:35,019 [INFO] Got response: '1706533775.0154803'
client 2024-01-29 13:09:35,019 [INFO] The time difference between the client and the server is within range 0.520 ms..4.217 ms
client 2024-01-29 13:09:35,020 [INFO] Running the workload 'CM_MLPERF_RUN_COUNT=$(cat ${CM_RUN_DIR}/count.txt); echo ${CM_MLPERF_RUN_COUNT}; CM_MLPERF_RUN_COUNT=$((CM_MLPERF_RUN_COUNT+1)); echo ${CM_MLPERF_RUN_COUNT} > ${CM_RUN_DIR}/count.txt && if [ ${CM_MLPERF_RUN_COUNT} -eq "1" ]; then export CM_MLPERF_USER_CONF=${CM_MLPERF_RANGING_USER_CONF}; else export CM_MLPERF_USER_CONF=${CM_MLPERF_TESTING_USER_CONF}; fi && /mnt/CM/repos/ctuning@mlcommons-ck/cm-mlops/script/benchmark-any-mlperf-inference-implementation/run.out'
client 2024-01-29 13:14:37,479 [INFO] Sending command to the server: 'time'
client 2024-01-29 13:14:37,539 [INFO] Got response: '1706534077.5339599'
client 2024-01-29 13:14:37,539 [INFO] The time difference between the client and the server is within range -54.269 ms..5.831 ms
client 2024-01-29 13:14:37,540 [INFO] Sending command to the server: 'session,2024-01-29_13-09-06,stop,ranging'
client 2024-01-29 13:14:48,118 [INFO] Got response: 'OK'
client 2024-01-29 13:14:48,118 [INFO] Sending command to the server: 'time'
client 2024-01-29 13:14:48,124 [INFO] Got response: '1706534088.1179566'
client 2024-01-29 13:14:48,125 [INFO] The time difference between the client and the server is within range 0.823 ms..6.969 ms
client 2024-01-29 13:14:48,142 [INFO] Copying loadgen logs from '/home/arjun/results_dir/valid_results/orin-tflite_cpp-cpu-tflite-vmaster-default_config/mobilenet-v2-precision_uint8-0.35-224/singlestream/performance/run_1' to '/home/arjun/results_dir/valid_results/orin-tflite_cpp-cpu-tflite-vmaster-default_config/mobilenet-v2-precision_uint8-0.35-224/singlestream/performance/tmp_power/ranging'
client 2024-01-29 13:14:48,145 [INFO] Running workload in testing mode
client 2024-01-29 13:14:48,145 [INFO] Synchronizing with the server and with time.google.com...
client 2024-01-29 13:14:48,174 [INFO] NTP:offset = -0.004 s, delay = 0.023 s 
client 2024-01-29 13:14:48,175 [INFO] Sending command to the server: 'time'
client 2024-01-29 13:14:48,181 [INFO] Got response: '1706534088.1742315'
client 2024-01-29 13:14:48,181 [INFO] The time difference between the client and the server is within range 1.041 ms..7.558 ms
client 2024-01-29 13:14:48,182 [INFO] Sending command to the server: 'session,2024-01-29_13-09-06,start,testing'
client 2024-01-29 13:15:01,202 [INFO] Got response: 'OK'
client 2024-01-29 13:15:01,203 [INFO] Sending command to the server: 'time'
client 2024-01-29 13:15:01,207 [INFO] Got response: '1706534101.2028418'
client 2024-01-29 13:15:01,207 [INFO] The time difference between the client and the server is within range 0.686 ms..4.596 ms
client 2024-01-29 13:15:01,207 [INFO] Running the workload 'CM_MLPERF_RUN_COUNT=$(cat ${CM_RUN_DIR}/count.txt); echo ${CM_MLPERF_RUN_COUNT}; CM_MLPERF_RUN_COUNT=$((CM_MLPERF_RUN_COUNT+1)); echo ${CM_MLPERF_RUN_COUNT} > ${CM_RUN_DIR}/count.txt && if [ ${CM_MLPERF_RUN_COUNT} -eq "1" ]; then export CM_MLPERF_USER_CONF=${CM_MLPERF_RANGING_USER_CONF}; else export CM_MLPERF_USER_CONF=${CM_MLPERF_TESTING_USER_CONF}; fi && /mnt/CM/repos/ctuning@mlcommons-ck/cm-mlops/script/benchmark-any-mlperf-inference-implementation/run.out'
client 2024-01-29 13:25:05,608 [INFO] Sending command to the server: 'time'
client 2024-01-29 13:25:05,705 [INFO] Got response: '1706534705.7011697'
client 2024-01-29 13:25:05,706 [INFO] The time difference between the client and the server is within range -92.465 ms..5.425 ms
client 2024-01-29 13:25:05,707 [INFO] Sending command to the server: 'session,2024-01-29_13-09-06,stop,testing'
client 2024-01-29 13:25:16,259 [INFO] Got response: 'OK'
client 2024-01-29 13:25:16,260 [INFO] Sending command to the server: 'time'
client 2024-01-29 13:25:16,264 [INFO] Got response: '1706534716.259344'
client 2024-01-29 13:25:16,264 [INFO] The time difference between the client and the server is within range 1.069 ms..5.110 ms
client 2024-01-29 13:25:16,269 [INFO] Copying loadgen logs from '/home/arjun/results_dir/valid_results/orin-tflite_cpp-cpu-tflite-vmaster-default_config/mobilenet-v2-precision_uint8-0.35-224/singlestream/performance/run_1' to '/home/arjun/results_dir/valid_results/orin-tflite_cpp-cpu-tflite-vmaster-default_config/mobilenet-v2-precision_uint8-0.35-224/singlestream/performance/tmp_power/run_1'
client 2024-01-29 13:25:16,271 [INFO] Done runs
