Graph file: /home/ubuntu/CM/repos/local/cache/15000703e2cf47c1/mobilenet_v2_0.35_224.tflite
Image dir: /home/ubuntu/CM/repos/local/cache/bfb4c250aeb14579
Image list: /home/ubuntu/CM/repos/local/cache/bfb4c250aeb14579/preprocessed_files.txt
Image size: 224
Image channels: 3
Prediction classes: 1000
Result dir: /home/ubuntu/CM/repos/local/cache/c951c448d62a4016/valid_results/ip_172_31_55_41-tflite_cpp-cpu-tflite-vmaster-default_config/mobilenet-v2-precision_float-0.35-224/singlestream/performance/run_1
How many images fit in memory buffer: 1024
Normalize: 1
Subtract mean: 0
Run time preprocessing: 0
Number of Threads: 8
Number of available imagefiles: 50000

Loading graph...
INFO: Created TensorFlow Lite XNNPACK delegate for CPU.
Input tensor dimensions (NHWC): 1*224*224*3
Output tensor dimensions: 1*1001
Path to mlperf.conf : /home/ubuntu/CM/repos/local/cache/50b84cc0948543d2/inference/mlperf.conf
Path to user.conf : /home/ubuntu/CM/repos/ctuning@mlcommons-ck/cm-mlops/script/generate-mlperf-inference-user-conf/tmp/7c9df3ebfe4447cd907cb5f145480be0.conf
Model Name: mobilenet
LoadGen Scenario: SingleStream
LoadGen Mode: performance
