Graph file: /home/ubuntu/CM/repos/local/cache/77b8c2f9ebd446db/efficientnet-lite1/efficientnet-lite1-fp32.tflite
Image dir: /home/ubuntu/CM/repos/local/cache/6b886cb0d01c47e7
Image list: /home/ubuntu/CM/repos/local/cache/6b886cb0d01c47e7/preprocessed_files.txt
Image size: 240
Image channels: 3
Prediction classes: 1000
Result dir: /home/ubuntu/CM/repos/local/cache/9189d9e91ded4a64/valid_results/ip_172_31_17_121-tflite_cpp-cpu-tflite-vmaster-default_config/efficientnet-fp32-lite1/singlestream/accuracy
How many images fit in memory buffer: 1024
Normalize: 1
Subtract mean: 0
Run time preprocessing: 0
Number of Threads: 16
Number of available imagefiles: 50000

Loading graph...
INFO: Created TensorFlow Lite XNNPACK delegate for CPU.
Input tensor dimensions (NHWC): 1*240*240*3
Output tensor dimensions: 1*1000
Path to mlperf.conf : /home/ubuntu/CM/repos/local/cache/64edb80306f94124/inference/mlperf.conf
Path to user.conf : /home/ubuntu/CM/repos/ctuning@mlcommons-ck/cm-mlops/script/generate-mlperf-inference-user-conf/tmp/b1f9feaec44345e685bf011119019b94.conf
Model Name: efficientnet
LoadGen Scenario: SingleStream
LoadGen Mode: accuracy
