Graph file: /home/ubuntu/CM/repos/local/cache/abccc050479c417e/mobilenet_v1_1.0_224.tflite
Image dir: /home/ubuntu/CM/repos/local/cache/980afd64ef5e400f
Image list: /home/ubuntu/CM/repos/local/cache/980afd64ef5e400f/preprocessed_files.txt
Image size: 224
Image channels: 3
Prediction classes: 1000
Result dir: /home/ubuntu/CM/repos/local/cache/6f95210fc6c14185/valid_results/ip_172_31_9_222-tflite_cpp-cpu-tflite-vmaster-default_config/mobilenet-v1-precision_float-1.0-224/singlestream/performance/run_1
How many images fit in memory buffer: 1024
Normalize: 1
Subtract mean: 0
Run time preprocessing: 0
Number of Threads: 16
Number of available imagefiles: 50000

Loading graph...
INFO: Created TensorFlow Lite XNNPACK delegate for CPU.
Input tensor dimensions (NHWC): 1*224*224*3
Output tensor dimensions: 1*1001
Path to mlperf.conf : /home/ubuntu/CM/repos/local/cache/dc2b293bbc704ecb/inference/mlperf.conf
Path to user.conf : /home/ubuntu/CM/repos/ctuning@mlcommons-ck/cm-mlops/script/generate-mlperf-inference-user-conf/tmp/8d05027cd52b463a8f11d790174da131.conf
Model Name: mobilenet
LoadGen Scenario: SingleStream
LoadGen Mode: performance
