Graph file: /home/ubuntu/CM/repos/local/cache/8b9bd47ebb2947be/v3-large-minimalistic_224_1.0_float/v3-large-minimalistic_224_1.0_float.tflite
Image dir: /home/ubuntu/CM/repos/local/cache/63d08f7d48444b1a
Image list: /home/ubuntu/CM/repos/local/cache/63d08f7d48444b1a/preprocessed_files.txt
Image size: 224
Image channels: 3
Prediction classes: 1000
Result dir: /home/ubuntu/CM/repos/local/cache/c951c448d62a4016/valid_results/ip_172_31_55_41-tflite_cpp-cpu-tflite-vmaster-with_live_preprocessing/mobilenet-v3-precision_float-large-minimalistic-224/singlestream/performance/run_1
How many images fit in memory buffer: 1024
Normalize: 1
Subtract mean: 0
Run time preprocessing: 1
Number of Threads: 8
Number of available imagefiles: 50000

Loading graph...
INFO: Created TensorFlow Lite XNNPACK delegate for CPU.
Input tensor dimensions (NHWC): 1*224*224*3
Output tensor dimensions: 1*1001
Path to mlperf.conf : /home/ubuntu/CM/repos/local/cache/50b84cc0948543d2/inference/mlperf.conf
Path to user.conf : /home/ubuntu/CM/repos/ctuning@mlcommons-ck/cm-mlops/script/generate-mlperf-inference-user-conf/tmp/65e4da92925749e89af7fc881c7ae141.conf
Model Name: mobilenet
LoadGen Scenario: SingleStream
LoadGen Mode: performance
