client 2024-02-04 14:50:01,177 [INFO] Creating output directory '/home/arjun/results_dir/valid_results/orin-tflite_armnn_cpp-cpu-armnn_tflite-v23.11-using_neon_with_live_preprocessing/mobilenet-v2-precision_float-0.5-160/singlestream/performance/tmp_power'
client 2024-02-04 14:50:01,350 [INFO] Sending command to the server: 'mlcommons/power client v3'
client 2024-02-04 14:50:01,354 [INFO] Got response: 'mlcommons/power server v3'
client 2024-02-04 14:50:01,354 [INFO] Synchronizing with the server and with time.google.com...
client 2024-02-04 14:50:01,386 [INFO] NTP:offset = 0.001 s, delay = 0.022 s 
client 2024-02-04 14:50:01,386 [INFO] Sending command to the server: 'time'
client 2024-02-04 14:50:01,389 [INFO] Got response: '1707058201.3867846'
client 2024-02-04 14:50:01,389 [INFO] The time difference between the client and the server is within range -0.386 ms..2.949 ms
client 2024-02-04 14:50:01,389 [INFO] Sending command to the server: 'new,,da0f85b4-af69-4184-b690-a6b6677579e8'
client 2024-02-04 14:50:01,393 [INFO] Got response: 'OK 2024-02-04_14-50-01,fcd2946c-5884-4afc-8f5e-2618f148d32e'
client 2024-02-04 14:50:01,393 [INFO] Session id is '2024-02-04_14-50-01'
client 2024-02-04 14:50:01,394 [INFO] Sources: {"sources": {"__init__.py": "da39a3ee5e6b4b0d3255bfef95601890afd80709", "client.py": "33ca4f26368777ac06e01f9567b714a4b8063886", "lib/__init__.py": "da39a3ee5e6b4b0d3255bfef95601890afd80709", "lib/client.py": "ac2aa093c8e8bbc9569b9e2a3471bc64e58a2258", "lib/common.py": "611d8b29633d331eb19c9455ea3b5fa3284ed6df", "lib/external/__init__.py": "da39a3ee5e6b4b0d3255bfef95601890afd80709", "lib/external/ntplib.py": "4da8f970656505a40483206ef2b5d3dd5e81711d", "lib/server.py": "99303c836c683aa9017ec565104e636161d02acb", "lib/source_hashes.py": "60a2e02193209e8d392803326208d5466342da18", "lib/summary.py": "aa92f0a3f975eecd44d3c0cd0236342ccc9f941d", "lib/time_sync.py": "80894ef2389e540781ff78de94db16aa4203a14e", "server.py": "c3f90f2f7eeb4db30727556d0c815ebc89b3d28b", "tests/unit/__init__.py": "da39a3ee5e6b4b0d3255bfef95601890afd80709", "tests/unit/test_server.py": "948c1995d4008bc2aa6c4046a34ffa3858d6d671", "tests/unit/test_source_hashes.py": "00468a2907583c593e6574a1f6b404e4651c221a"}, "modules": {"ptd_client_server.lib.client": "lib/client.py", "ptd_client_server.lib.common": "lib/common.py", "ptd_client_server.lib.external.ntplib": "lib/external/ntplib.py", "ptd_client_server.lib.source_hashes": "lib/source_hashes.py", "ptd_client_server.lib.summary": "lib/summary.py", "ptd_client_server.lib.time_sync": "lib/time_sync.py"}}
client 2024-02-04 14:50:01,394 [INFO] Running workload in ranging mode
client 2024-02-04 14:50:01,394 [INFO] Synchronizing with the server and with time.google.com...
client 2024-02-04 14:50:01,417 [INFO] NTP:offset = 0.001 s, delay = 0.021 s 
client 2024-02-04 14:50:01,418 [INFO] Sending command to the server: 'time'
client 2024-02-04 14:50:01,421 [INFO] Got response: '1707058201.4187145'
client 2024-02-04 14:50:01,421 [INFO] The time difference between the client and the server is within range -0.568 ms..3.227 ms
client 2024-02-04 14:50:01,422 [INFO] Sending command to the server: 'session,2024-02-04_14-50-01,start,ranging'
client 2024-02-04 14:50:29,514 [INFO] Got response: 'OK'
client 2024-02-04 14:50:29,516 [INFO] Sending command to the server: 'time'
client 2024-02-04 14:50:29,520 [INFO] Got response: '1707058229.5174136'
client 2024-02-04 14:50:29,520 [INFO] The time difference between the client and the server is within range -0.528 ms..3.416 ms
client 2024-02-04 14:50:29,521 [INFO] Running the workload 'CM_MLPERF_RUN_COUNT=$(cat ${CM_RUN_DIR}/count.txt); echo ${CM_MLPERF_RUN_COUNT}; CM_MLPERF_RUN_COUNT=$((CM_MLPERF_RUN_COUNT+1)); echo ${CM_MLPERF_RUN_COUNT} > ${CM_RUN_DIR}/count.txt && if [ ${CM_MLPERF_RUN_COUNT} -eq "1" ]; then export CM_MLPERF_USER_CONF=${CM_MLPERF_RANGING_USER_CONF}; else export CM_MLPERF_USER_CONF=${CM_MLPERF_TESTING_USER_CONF}; fi && /mnt/CM/repos/ctuning@mlcommons-ck/cm-mlops/script/get-lib-armnn/run.out'
client 2024-02-04 14:55:31,946 [INFO] Sending command to the server: 'time'
client 2024-02-04 14:55:31,950 [INFO] Got response: '1707058531.946539'
client 2024-02-04 14:55:31,951 [INFO] The time difference between the client and the server is within range -0.740 ms..4.511 ms
client 2024-02-04 14:55:31,951 [INFO] Sending command to the server: 'session,2024-02-04_14-50-01,stop,ranging'
client 2024-02-04 14:55:42,616 [INFO] Got response: 'OK'
client 2024-02-04 14:55:42,617 [INFO] Sending command to the server: 'time'
client 2024-02-04 14:55:42,621 [INFO] Got response: '1707058542.617667'
client 2024-02-04 14:55:42,622 [INFO] The time difference between the client and the server is within range 0.130 ms..4.407 ms
client 2024-02-04 14:55:42,639 [INFO] Copying loadgen logs from '/home/arjun/results_dir/valid_results/orin-tflite_armnn_cpp-cpu-armnn_tflite-v23.11-using_neon_with_live_preprocessing/mobilenet-v2-precision_float-0.5-160/singlestream/performance/run_1' to '/home/arjun/results_dir/valid_results/orin-tflite_armnn_cpp-cpu-armnn_tflite-v23.11-using_neon_with_live_preprocessing/mobilenet-v2-precision_float-0.5-160/singlestream/performance/tmp_power/ranging'
client 2024-02-04 14:55:42,642 [INFO] Running workload in testing mode
client 2024-02-04 14:55:42,642 [INFO] Synchronizing with the server and with time.google.com...
client 2024-02-04 14:55:42,672 [INFO] NTP:offset = -0.000 s, delay = 0.024 s 
client 2024-02-04 14:55:42,672 [INFO] Sending command to the server: 'time'
client 2024-02-04 14:55:42,675 [INFO] Got response: '1707058542.6716123'
client 2024-02-04 14:55:42,675 [INFO] The time difference between the client and the server is within range 0.635 ms..4.120 ms
client 2024-02-04 14:55:42,675 [INFO] Sending command to the server: 'session,2024-02-04_14-50-01,start,testing'
client 2024-02-04 14:55:55,698 [INFO] Got response: 'OK'
client 2024-02-04 14:55:55,699 [INFO] Sending command to the server: 'time'
client 2024-02-04 14:55:55,702 [INFO] Got response: '1707058555.6991446'
client 2024-02-04 14:55:55,703 [INFO] The time difference between the client and the server is within range 0.448 ms..3.887 ms
client 2024-02-04 14:55:55,703 [INFO] Running the workload 'CM_MLPERF_RUN_COUNT=$(cat ${CM_RUN_DIR}/count.txt); echo ${CM_MLPERF_RUN_COUNT}; CM_MLPERF_RUN_COUNT=$((CM_MLPERF_RUN_COUNT+1)); echo ${CM_MLPERF_RUN_COUNT} > ${CM_RUN_DIR}/count.txt && if [ ${CM_MLPERF_RUN_COUNT} -eq "1" ]; then export CM_MLPERF_USER_CONF=${CM_MLPERF_RANGING_USER_CONF}; else export CM_MLPERF_USER_CONF=${CM_MLPERF_TESTING_USER_CONF}; fi && /mnt/CM/repos/ctuning@mlcommons-ck/cm-mlops/script/get-lib-armnn/run.out'
client 2024-02-04 15:06:00,237 [INFO] Sending command to the server: 'time'
client 2024-02-04 15:06:00,322 [INFO] Got response: '1707059160.317665'
client 2024-02-04 15:06:00,323 [INFO] The time difference between the client and the server is within range -80.678 ms..5.310 ms
client 2024-02-04 15:06:00,323 [INFO] Sending command to the server: 'session,2024-02-04_14-50-01,stop,testing'
client 2024-02-04 15:06:10,765 [INFO] Got response: 'OK'
client 2024-02-04 15:06:10,766 [INFO] Sending command to the server: 'time'
client 2024-02-04 15:06:10,768 [INFO] Got response: '1707059170.7645962'
client 2024-02-04 15:06:10,769 [INFO] The time difference between the client and the server is within range 1.577 ms..4.506 ms
client 2024-02-04 15:06:10,774 [INFO] Copying loadgen logs from '/home/arjun/results_dir/valid_results/orin-tflite_armnn_cpp-cpu-armnn_tflite-v23.11-using_neon_with_live_preprocessing/mobilenet-v2-precision_float-0.5-160/singlestream/performance/run_1' to '/home/arjun/results_dir/valid_results/orin-tflite_armnn_cpp-cpu-armnn_tflite-v23.11-using_neon_with_live_preprocessing/mobilenet-v2-precision_float-0.5-160/singlestream/performance/tmp_power/run_1'
client 2024-02-04 15:06:10,776 [INFO] Done runs
