client 2024-02-01 13:10:51,162 [INFO] Creating output directory '/home/arjun/results_dir/valid_results/orin-tflite_armnn_cpp-cpu-armnn_tflite-v23.05-using_neon_with_live_preprocessing/mobilenet-v2-precision_float-0.35-224/singlestream/performance/tmp_power'
client 2024-02-01 13:10:51,300 [INFO] Sending command to the server: 'mlcommons/power client v3'
client 2024-02-01 13:10:51,303 [INFO] Got response: 'mlcommons/power server v3'
client 2024-02-01 13:10:51,303 [INFO] Synchronizing with the server and with time.google.com...
client 2024-02-01 13:10:51,333 [INFO] NTP:offset = -0.005 s, delay = 0.021 s 
client 2024-02-01 13:10:51,333 [INFO] Sending command to the server: 'time'
client 2024-02-01 13:10:51,337 [INFO] Got response: '1706793051.3305604'
client 2024-02-01 13:10:51,337 [INFO] The time difference between the client and the server is within range 3.081 ms..7.187 ms
client 2024-02-01 13:10:51,337 [INFO] Sending command to the server: 'new,,adbab0eb-f96d-4ce9-b61d-755a37347be2'
client 2024-02-01 13:10:51,342 [INFO] Got response: 'OK 2024-02-01_13-10-51,2da2fac3-31b4-4798-b15d-d1ac1bb7aea5'
client 2024-02-01 13:10:51,342 [INFO] Session id is '2024-02-01_13-10-51'
client 2024-02-01 13:10:51,342 [INFO] Sources: {"sources": {"__init__.py": "da39a3ee5e6b4b0d3255bfef95601890afd80709", "client.py": "33ca4f26368777ac06e01f9567b714a4b8063886", "lib/__init__.py": "da39a3ee5e6b4b0d3255bfef95601890afd80709", "lib/client.py": "ac2aa093c8e8bbc9569b9e2a3471bc64e58a2258", "lib/common.py": "611d8b29633d331eb19c9455ea3b5fa3284ed6df", "lib/external/__init__.py": "da39a3ee5e6b4b0d3255bfef95601890afd80709", "lib/external/ntplib.py": "4da8f970656505a40483206ef2b5d3dd5e81711d", "lib/server.py": "99303c836c683aa9017ec565104e636161d02acb", "lib/source_hashes.py": "60a2e02193209e8d392803326208d5466342da18", "lib/summary.py": "aa92f0a3f975eecd44d3c0cd0236342ccc9f941d", "lib/time_sync.py": "80894ef2389e540781ff78de94db16aa4203a14e", "server.py": "c3f90f2f7eeb4db30727556d0c815ebc89b3d28b", "tests/unit/__init__.py": "da39a3ee5e6b4b0d3255bfef95601890afd80709", "tests/unit/test_server.py": "948c1995d4008bc2aa6c4046a34ffa3858d6d671", "tests/unit/test_source_hashes.py": "00468a2907583c593e6574a1f6b404e4651c221a"}, "modules": {"ptd_client_server.lib.client": "lib/client.py", "ptd_client_server.lib.common": "lib/common.py", "ptd_client_server.lib.external.ntplib": "lib/external/ntplib.py", "ptd_client_server.lib.source_hashes": "lib/source_hashes.py", "ptd_client_server.lib.summary": "lib/summary.py", "ptd_client_server.lib.time_sync": "lib/time_sync.py"}}
client 2024-02-01 13:10:51,343 [INFO] Running workload in ranging mode
client 2024-02-01 13:10:51,343 [INFO] Synchronizing with the server and with time.google.com...
client 2024-02-01 13:10:51,367 [INFO] NTP:offset = -0.005 s, delay = 0.022 s 
client 2024-02-01 13:10:51,367 [INFO] Sending command to the server: 'time'
client 2024-02-01 13:10:51,370 [INFO] Got response: '1706793051.3634248'
client 2024-02-01 13:10:51,370 [INFO] The time difference between the client and the server is within range 3.863 ms..6.898 ms
client 2024-02-01 13:10:51,370 [INFO] Sending command to the server: 'session,2024-02-01_13-10-51,start,ranging'
client 2024-02-01 13:11:19,426 [INFO] Got response: 'OK'
client 2024-02-01 13:11:19,428 [INFO] Sending command to the server: 'time'
client 2024-02-01 13:11:19,431 [INFO] Got response: '1706793079.424845'
client 2024-02-01 13:11:19,431 [INFO] The time difference between the client and the server is within range 3.773 ms..6.945 ms
client 2024-02-01 13:11:19,432 [INFO] Running the workload 'CM_MLPERF_RUN_COUNT=$(cat ${CM_RUN_DIR}/count.txt); echo ${CM_MLPERF_RUN_COUNT}; CM_MLPERF_RUN_COUNT=$((CM_MLPERF_RUN_COUNT+1)); echo ${CM_MLPERF_RUN_COUNT} > ${CM_RUN_DIR}/count.txt && if [ ${CM_MLPERF_RUN_COUNT} -eq "1" ]; then export CM_MLPERF_USER_CONF=${CM_MLPERF_RANGING_USER_CONF}; else export CM_MLPERF_USER_CONF=${CM_MLPERF_TESTING_USER_CONF}; fi && /mnt/CM/repos/ctuning@mlcommons-ck/cm-mlops/script/benchmark-any-mlperf-inference-implementation/run.out'
client 2024-02-01 13:16:22,029 [INFO] Sending command to the server: 'time'
client 2024-02-01 13:16:22,032 [INFO] Got response: '1706793382.0259867'
client 2024-02-01 13:16:22,033 [INFO] The time difference between the client and the server is within range 3.132 ms..7.154 ms
client 2024-02-01 13:16:22,033 [INFO] Sending command to the server: 'session,2024-02-01_13-10-51,stop,ranging'
client 2024-02-01 13:16:32,666 [INFO] Got response: 'OK'
client 2024-02-01 13:16:32,666 [INFO] Sending command to the server: 'time'
client 2024-02-01 13:16:32,669 [INFO] Got response: '1706793392.6632555'
client 2024-02-01 13:16:32,669 [INFO] The time difference between the client and the server is within range 3.359 ms..6.583 ms
client 2024-02-01 13:16:32,686 [INFO] Copying loadgen logs from '/home/arjun/results_dir/valid_results/orin-tflite_armnn_cpp-cpu-armnn_tflite-v23.05-using_neon_with_live_preprocessing/mobilenet-v2-precision_float-0.35-224/singlestream/performance/run_1' to '/home/arjun/results_dir/valid_results/orin-tflite_armnn_cpp-cpu-armnn_tflite-v23.05-using_neon_with_live_preprocessing/mobilenet-v2-precision_float-0.35-224/singlestream/performance/tmp_power/ranging'
client 2024-02-01 13:16:32,688 [INFO] Running workload in testing mode
client 2024-02-01 13:16:32,689 [INFO] Synchronizing with the server and with time.google.com...
client 2024-02-01 13:16:32,717 [INFO] NTP:offset = -0.005 s, delay = 0.023 s 
client 2024-02-01 13:16:32,717 [INFO] Sending command to the server: 'time'
client 2024-02-01 13:16:32,721 [INFO] Got response: '1706793392.7150106'
client 2024-02-01 13:16:32,722 [INFO] The time difference between the client and the server is within range 2.781 ms..7.156 ms
client 2024-02-01 13:16:32,722 [INFO] Sending command to the server: 'session,2024-02-01_13-10-51,start,testing'
client 2024-02-01 13:16:45,746 [INFO] Got response: 'OK'
client 2024-02-01 13:16:45,746 [INFO] Sending command to the server: 'time'
client 2024-02-01 13:16:45,750 [INFO] Got response: '1706793405.7436619'
client 2024-02-01 13:16:45,750 [INFO] The time difference between the client and the server is within range 2.915 ms..7.122 ms
client 2024-02-01 13:16:45,751 [INFO] Running the workload 'CM_MLPERF_RUN_COUNT=$(cat ${CM_RUN_DIR}/count.txt); echo ${CM_MLPERF_RUN_COUNT}; CM_MLPERF_RUN_COUNT=$((CM_MLPERF_RUN_COUNT+1)); echo ${CM_MLPERF_RUN_COUNT} > ${CM_RUN_DIR}/count.txt && if [ ${CM_MLPERF_RUN_COUNT} -eq "1" ]; then export CM_MLPERF_USER_CONF=${CM_MLPERF_RANGING_USER_CONF}; else export CM_MLPERF_USER_CONF=${CM_MLPERF_TESTING_USER_CONF}; fi && /mnt/CM/repos/ctuning@mlcommons-ck/cm-mlops/script/benchmark-any-mlperf-inference-implementation/run.out'
client 2024-02-01 13:26:50,527 [INFO] Sending command to the server: 'time'
client 2024-02-01 13:26:50,598 [INFO] Got response: '1706794010.5913444'
client 2024-02-01 13:26:50,599 [INFO] The time difference between the client and the server is within range -63.839 ms..8.119 ms
client 2024-02-01 13:26:50,599 [INFO] Sending command to the server: 'session,2024-02-01_13-10-51,stop,testing'
client 2024-02-01 13:27:00,806 [INFO] Got response: 'OK'
client 2024-02-01 13:27:00,807 [INFO] Sending command to the server: 'time'
client 2024-02-01 13:27:00,812 [INFO] Got response: '1706794020.8044813'
client 2024-02-01 13:27:00,812 [INFO] The time difference between the client and the server is within range 3.149 ms..7.930 ms
client 2024-02-01 13:27:00,817 [INFO] Copying loadgen logs from '/home/arjun/results_dir/valid_results/orin-tflite_armnn_cpp-cpu-armnn_tflite-v23.05-using_neon_with_live_preprocessing/mobilenet-v2-precision_float-0.35-224/singlestream/performance/run_1' to '/home/arjun/results_dir/valid_results/orin-tflite_armnn_cpp-cpu-armnn_tflite-v23.05-using_neon_with_live_preprocessing/mobilenet-v2-precision_float-0.35-224/singlestream/performance/tmp_power/run_1'
client 2024-02-01 13:27:00,819 [INFO] Done runs
