client 2024-01-31 02:26:48,578 [INFO] Creating output directory '/home/arjun/results_dir/valid_results/orin-tflite_cpp-cpu-tflite-vmaster-with_live_preprocessing/mobilenet-v2-precision_float-0.75-160/singlestream/performance/tmp_power'
client 2024-01-31 02:26:48,604 [INFO] Sending command to the server: 'mlcommons/power client v3'
client 2024-01-31 02:26:48,607 [INFO] Got response: 'mlcommons/power server v3'
client 2024-01-31 02:26:48,607 [INFO] Synchronizing with the server and with time.google.com...
client 2024-01-31 02:26:48,635 [INFO] NTP:offset = -0.003 s, delay = 0.021 s 
client 2024-01-31 02:26:48,635 [INFO] Sending command to the server: 'time'
client 2024-01-31 02:26:48,638 [INFO] Got response: '1706668008.6376526'
client 2024-01-31 02:26:48,638 [INFO] The time difference between the client and the server is within range -2.099 ms..0.849 ms
client 2024-01-31 02:26:48,638 [INFO] Sending command to the server: 'new,,3af1e1e0-66e1-4974-b434-d92a51d08b5f'
client 2024-01-31 02:26:48,640 [INFO] Got response: 'OK 2024-01-31_02-26-48,18af393d-a5f8-46e4-8d18-cd50b2ca82e4'
client 2024-01-31 02:26:48,640 [INFO] Session id is '2024-01-31_02-26-48'
client 2024-01-31 02:26:48,641 [INFO] Sources: {"sources": {"__init__.py": "da39a3ee5e6b4b0d3255bfef95601890afd80709", "client.py": "33ca4f26368777ac06e01f9567b714a4b8063886", "lib/__init__.py": "da39a3ee5e6b4b0d3255bfef95601890afd80709", "lib/client.py": "ac2aa093c8e8bbc9569b9e2a3471bc64e58a2258", "lib/common.py": "611d8b29633d331eb19c9455ea3b5fa3284ed6df", "lib/external/__init__.py": "da39a3ee5e6b4b0d3255bfef95601890afd80709", "lib/external/ntplib.py": "4da8f970656505a40483206ef2b5d3dd5e81711d", "lib/server.py": "99303c836c683aa9017ec565104e636161d02acb", "lib/source_hashes.py": "60a2e02193209e8d392803326208d5466342da18", "lib/summary.py": "aa92f0a3f975eecd44d3c0cd0236342ccc9f941d", "lib/time_sync.py": "80894ef2389e540781ff78de94db16aa4203a14e", "server.py": "c3f90f2f7eeb4db30727556d0c815ebc89b3d28b", "tests/unit/__init__.py": "da39a3ee5e6b4b0d3255bfef95601890afd80709", "tests/unit/test_server.py": "948c1995d4008bc2aa6c4046a34ffa3858d6d671", "tests/unit/test_source_hashes.py": "00468a2907583c593e6574a1f6b404e4651c221a"}, "modules": {"ptd_client_server.lib.client": "lib/client.py", "ptd_client_server.lib.common": "lib/common.py", "ptd_client_server.lib.external.ntplib": "lib/external/ntplib.py", "ptd_client_server.lib.source_hashes": "lib/source_hashes.py", "ptd_client_server.lib.summary": "lib/summary.py", "ptd_client_server.lib.time_sync": "lib/time_sync.py"}}
client 2024-01-31 02:26:48,641 [INFO] Running workload in ranging mode
client 2024-01-31 02:26:48,641 [INFO] Synchronizing with the server and with time.google.com...
client 2024-01-31 02:26:48,662 [INFO] NTP:offset = -0.003 s, delay = 0.019 s 
client 2024-01-31 02:26:48,662 [INFO] Sending command to the server: 'time'
client 2024-01-31 02:26:48,665 [INFO] Got response: '1706668008.6647363'
client 2024-01-31 02:26:48,665 [INFO] The time difference between the client and the server is within range -2.247 ms..0.716 ms
client 2024-01-31 02:26:48,665 [INFO] Sending command to the server: 'session,2024-01-31_02-26-48,start,ranging'
client 2024-01-31 02:27:16,747 [INFO] Got response: 'OK'
client 2024-01-31 02:27:16,750 [INFO] Sending command to the server: 'time'
client 2024-01-31 02:27:16,753 [INFO] Got response: '1706668036.7527359'
client 2024-01-31 02:27:16,753 [INFO] The time difference between the client and the server is within range -2.535 ms..1.046 ms
client 2024-01-31 02:27:16,754 [INFO] Running the workload 'CM_MLPERF_RUN_COUNT=$(cat ${CM_RUN_DIR}/count.txt); echo ${CM_MLPERF_RUN_COUNT}; CM_MLPERF_RUN_COUNT=$((CM_MLPERF_RUN_COUNT+1)); echo ${CM_MLPERF_RUN_COUNT} > ${CM_RUN_DIR}/count.txt && if [ ${CM_MLPERF_RUN_COUNT} -eq "1" ]; then export CM_MLPERF_USER_CONF=${CM_MLPERF_RANGING_USER_CONF}; else export CM_MLPERF_USER_CONF=${CM_MLPERF_TESTING_USER_CONF}; fi && /home/arjun/run.out'
client 2024-01-31 02:32:19,296 [INFO] Sending command to the server: 'time'
client 2024-01-31 02:32:19,300 [INFO] Got response: '1706668339.298557'
client 2024-01-31 02:32:19,300 [INFO] The time difference between the client and the server is within range -1.867 ms..1.684 ms
client 2024-01-31 02:32:19,300 [INFO] Sending command to the server: 'session,2024-01-31_02-26-48,stop,ranging'
client 2024-01-31 02:32:29,884 [INFO] Got response: 'OK'
client 2024-01-31 02:32:29,884 [INFO] Sending command to the server: 'time'
client 2024-01-31 02:32:29,887 [INFO] Got response: '1706668349.885851'
client 2024-01-31 02:32:29,887 [INFO] The time difference between the client and the server is within range -1.385 ms..1.760 ms
client 2024-01-31 02:32:29,916 [INFO] Copying loadgen logs from '/home/arjun/results_dir/valid_results/orin-tflite_cpp-cpu-tflite-vmaster-with_live_preprocessing/mobilenet-v2-precision_float-0.75-160/singlestream/performance/run_1' to '/home/arjun/results_dir/valid_results/orin-tflite_cpp-cpu-tflite-vmaster-with_live_preprocessing/mobilenet-v2-precision_float-0.75-160/singlestream/performance/tmp_power/ranging'
client 2024-01-31 02:32:29,919 [INFO] Running workload in testing mode
client 2024-01-31 02:32:29,919 [INFO] Synchronizing with the server and with time.google.com...
client 2024-01-31 02:32:29,946 [INFO] NTP:offset = -0.003 s, delay = 0.021 s 
client 2024-01-31 02:32:29,946 [INFO] Sending command to the server: 'time'
client 2024-01-31 02:32:29,949 [INFO] Got response: '1706668349.9482794'
client 2024-01-31 02:32:29,949 [INFO] The time difference between the client and the server is within range -1.699 ms..1.591 ms
client 2024-01-31 02:32:29,950 [INFO] Sending command to the server: 'session,2024-01-31_02-26-48,start,testing'
client 2024-01-31 02:32:42,962 [INFO] Got response: 'OK'
client 2024-01-31 02:32:42,962 [INFO] Sending command to the server: 'time'
client 2024-01-31 02:32:42,965 [INFO] Got response: '1706668362.9642704'
client 2024-01-31 02:32:42,966 [INFO] The time difference between the client and the server is within range -1.504 ms..1.737 ms
client 2024-01-31 02:32:42,966 [INFO] Running the workload 'CM_MLPERF_RUN_COUNT=$(cat ${CM_RUN_DIR}/count.txt); echo ${CM_MLPERF_RUN_COUNT}; CM_MLPERF_RUN_COUNT=$((CM_MLPERF_RUN_COUNT+1)); echo ${CM_MLPERF_RUN_COUNT} > ${CM_RUN_DIR}/count.txt && if [ ${CM_MLPERF_RUN_COUNT} -eq "1" ]; then export CM_MLPERF_USER_CONF=${CM_MLPERF_RANGING_USER_CONF}; else export CM_MLPERF_USER_CONF=${CM_MLPERF_TESTING_USER_CONF}; fi && /home/arjun/run.out'
client 2024-01-31 02:42:47,171 [INFO] Sending command to the server: 'time'
client 2024-01-31 02:42:47,383 [INFO] Got response: '1706668967.380181'
client 2024-01-31 02:42:47,384 [INFO] The time difference between the client and the server is within range -208.778 ms..4.474 ms
client 2024-01-31 02:42:47,385 [INFO] Sending command to the server: 'session,2024-01-31_02-26-48,stop,testing'
client 2024-01-31 02:42:58,010 [INFO] Got response: 'OK'
client 2024-01-31 02:42:58,012 [INFO] Sending command to the server: 'time'
client 2024-01-31 02:42:58,015 [INFO] Got response: '1706668978.0128024'
client 2024-01-31 02:42:58,016 [INFO] The time difference between the client and the server is within range -0.707 ms..3.372 ms
client 2024-01-31 02:42:58,021 [INFO] Copying loadgen logs from '/home/arjun/results_dir/valid_results/orin-tflite_cpp-cpu-tflite-vmaster-with_live_preprocessing/mobilenet-v2-precision_float-0.75-160/singlestream/performance/run_1' to '/home/arjun/results_dir/valid_results/orin-tflite_cpp-cpu-tflite-vmaster-with_live_preprocessing/mobilenet-v2-precision_float-0.75-160/singlestream/performance/tmp_power/run_1'
client 2024-01-31 02:42:58,024 [INFO] Done runs
