client 2024-02-01 05:43:09,159 [INFO] Creating output directory '/home/arjun/results_dir/valid_results/orin-tflite_armnn_cpp-cpu-armnn_tflite-v23.05-using_neon/mobilenet-v1-precision_uint8-0.25-160/singlestream/performance/tmp_power'
client 2024-02-01 05:43:09,162 [INFO] Sending command to the server: 'mlcommons/power client v3'
client 2024-02-01 05:43:09,164 [INFO] Got response: 'mlcommons/power server v3'
client 2024-02-01 05:43:09,164 [INFO] Synchronizing with the server and with time.google.com...
client 2024-02-01 05:43:09,191 [INFO] NTP:offset = -0.005 s, delay = 0.021 s 
client 2024-02-01 05:43:09,192 [INFO] Sending command to the server: 'time'
client 2024-02-01 05:43:09,194 [INFO] Got response: '1706766189.1886468'
client 2024-02-01 05:43:09,194 [INFO] The time difference between the client and the server is within range 3.495 ms..6.172 ms
client 2024-02-01 05:43:09,194 [INFO] Sending command to the server: 'new,,6f51cfce-6fe2-4b66-8a49-8e770466f8d8'
client 2024-02-01 05:43:09,197 [INFO] Got response: 'OK 2024-02-01_05-43-09,f02e141b-0bd4-48eb-881a-3069cde18ecd'
client 2024-02-01 05:43:09,197 [INFO] Session id is '2024-02-01_05-43-09'
client 2024-02-01 05:43:09,197 [INFO] Sources: {"sources": {"__init__.py": "da39a3ee5e6b4b0d3255bfef95601890afd80709", "client.py": "33ca4f26368777ac06e01f9567b714a4b8063886", "lib/__init__.py": "da39a3ee5e6b4b0d3255bfef95601890afd80709", "lib/client.py": "ac2aa093c8e8bbc9569b9e2a3471bc64e58a2258", "lib/common.py": "611d8b29633d331eb19c9455ea3b5fa3284ed6df", "lib/external/__init__.py": "da39a3ee5e6b4b0d3255bfef95601890afd80709", "lib/external/ntplib.py": "4da8f970656505a40483206ef2b5d3dd5e81711d", "lib/server.py": "99303c836c683aa9017ec565104e636161d02acb", "lib/source_hashes.py": "60a2e02193209e8d392803326208d5466342da18", "lib/summary.py": "aa92f0a3f975eecd44d3c0cd0236342ccc9f941d", "lib/time_sync.py": "80894ef2389e540781ff78de94db16aa4203a14e", "server.py": "c3f90f2f7eeb4db30727556d0c815ebc89b3d28b", "tests/unit/__init__.py": "da39a3ee5e6b4b0d3255bfef95601890afd80709", "tests/unit/test_server.py": "948c1995d4008bc2aa6c4046a34ffa3858d6d671", "tests/unit/test_source_hashes.py": "00468a2907583c593e6574a1f6b404e4651c221a"}, "modules": {"ptd_client_server.lib.client": "lib/client.py", "ptd_client_server.lib.common": "lib/common.py", "ptd_client_server.lib.external.ntplib": "lib/external/ntplib.py", "ptd_client_server.lib.source_hashes": "lib/source_hashes.py", "ptd_client_server.lib.summary": "lib/summary.py", "ptd_client_server.lib.time_sync": "lib/time_sync.py"}}
client 2024-02-01 05:43:09,197 [INFO] Running workload in ranging mode
client 2024-02-01 05:43:09,197 [INFO] Synchronizing with the server and with time.google.com...
client 2024-02-01 05:43:09,219 [INFO] NTP:offset = -0.005 s, delay = 0.020 s 
client 2024-02-01 05:43:09,219 [INFO] Sending command to the server: 'time'
client 2024-02-01 05:43:09,221 [INFO] Got response: '1706766189.215849'
client 2024-02-01 05:43:09,221 [INFO] The time difference between the client and the server is within range 3.449 ms..6.025 ms
client 2024-02-01 05:43:09,221 [INFO] Sending command to the server: 'session,2024-02-01_05-43-09,start,ranging'
client 2024-02-01 05:43:37,302 [INFO] Got response: 'OK'
client 2024-02-01 05:43:37,305 [INFO] Sending command to the server: 'time'
client 2024-02-01 05:43:37,309 [INFO] Got response: '1706766217.3023796'
client 2024-02-01 05:43:37,309 [INFO] The time difference between the client and the server is within range 3.004 ms..6.916 ms
client 2024-02-01 05:43:37,309 [INFO] Running the workload 'CM_MLPERF_RUN_COUNT=$(cat ${CM_RUN_DIR}/count.txt); echo ${CM_MLPERF_RUN_COUNT}; CM_MLPERF_RUN_COUNT=$((CM_MLPERF_RUN_COUNT+1)); echo ${CM_MLPERF_RUN_COUNT} > ${CM_RUN_DIR}/count.txt && if [ ${CM_MLPERF_RUN_COUNT} -eq "1" ]; then export CM_MLPERF_USER_CONF=${CM_MLPERF_RANGING_USER_CONF}; else export CM_MLPERF_USER_CONF=${CM_MLPERF_TESTING_USER_CONF}; fi && /mnt/CM/repos/ctuning@mlcommons-ck/cm-mlops/script/benchmark-any-mlperf-inference-implementation/run.out'
client 2024-02-01 05:48:39,847 [INFO] Sending command to the server: 'time'
client 2024-02-01 05:48:39,850 [INFO] Got response: '1706766519.8446424'
client 2024-02-01 05:48:39,851 [INFO] The time difference between the client and the server is within range 2.266 ms..6.403 ms
client 2024-02-01 05:48:39,851 [INFO] Sending command to the server: 'session,2024-02-01_05-43-09,stop,ranging'
client 2024-02-01 05:48:50,474 [INFO] Got response: 'OK'
client 2024-02-01 05:48:50,476 [INFO] Sending command to the server: 'time'
client 2024-02-01 05:48:50,479 [INFO] Got response: '1706766530.4727168'
client 2024-02-01 05:48:50,480 [INFO] The time difference between the client and the server is within range 3.397 ms..7.311 ms
client 2024-02-01 05:48:50,496 [INFO] Copying loadgen logs from '/home/arjun/results_dir/valid_results/orin-tflite_armnn_cpp-cpu-armnn_tflite-v23.05-using_neon/mobilenet-v1-precision_uint8-0.25-160/singlestream/performance/run_1' to '/home/arjun/results_dir/valid_results/orin-tflite_armnn_cpp-cpu-armnn_tflite-v23.05-using_neon/mobilenet-v1-precision_uint8-0.25-160/singlestream/performance/tmp_power/ranging'
client 2024-02-01 05:48:50,499 [INFO] Running workload in testing mode
client 2024-02-01 05:48:50,499 [INFO] Synchronizing with the server and with time.google.com...
client 2024-02-01 05:48:50,526 [INFO] NTP:offset = -0.005 s, delay = 0.023 s 
client 2024-02-01 05:48:50,527 [INFO] Sending command to the server: 'time'
client 2024-02-01 05:48:50,530 [INFO] Got response: '1706766530.5237787'
client 2024-02-01 05:48:50,530 [INFO] The time difference between the client and the server is within range 3.191 ms..6.907 ms
client 2024-02-01 05:48:50,530 [INFO] Sending command to the server: 'session,2024-02-01_05-43-09,start,testing'
client 2024-02-01 05:49:03,546 [INFO] Got response: 'OK'
client 2024-02-01 05:49:03,547 [INFO] Sending command to the server: 'time'
client 2024-02-01 05:49:03,550 [INFO] Got response: '1706766543.5442839'
client 2024-02-01 05:49:03,551 [INFO] The time difference between the client and the server is within range 2.848 ms..6.998 ms
client 2024-02-01 05:49:03,551 [INFO] Running the workload 'CM_MLPERF_RUN_COUNT=$(cat ${CM_RUN_DIR}/count.txt); echo ${CM_MLPERF_RUN_COUNT}; CM_MLPERF_RUN_COUNT=$((CM_MLPERF_RUN_COUNT+1)); echo ${CM_MLPERF_RUN_COUNT} > ${CM_RUN_DIR}/count.txt && if [ ${CM_MLPERF_RUN_COUNT} -eq "1" ]; then export CM_MLPERF_USER_CONF=${CM_MLPERF_RANGING_USER_CONF}; else export CM_MLPERF_USER_CONF=${CM_MLPERF_TESTING_USER_CONF}; fi && /mnt/CM/repos/ctuning@mlcommons-ck/cm-mlops/script/benchmark-any-mlperf-inference-implementation/run.out'
client 2024-02-01 05:59:08,440 [INFO] Sending command to the server: 'time'
client 2024-02-01 05:59:08,443 [INFO] Got response: '1706767148.4369905'
client 2024-02-01 05:59:08,443 [INFO] The time difference between the client and the server is within range 3.099 ms..6.768 ms
client 2024-02-01 05:59:08,443 [INFO] Sending command to the server: 'session,2024-02-01_05-43-09,stop,testing'
client 2024-02-01 05:59:18,597 [INFO] Got response: 'OK'
client 2024-02-01 05:59:18,598 [INFO] Sending command to the server: 'time'
client 2024-02-01 05:59:18,601 [INFO] Got response: '1706767158.5949223'
client 2024-02-01 05:59:18,602 [INFO] The time difference between the client and the server is within range 3.269 ms..7.296 ms
client 2024-02-01 05:59:18,607 [INFO] Copying loadgen logs from '/home/arjun/results_dir/valid_results/orin-tflite_armnn_cpp-cpu-armnn_tflite-v23.05-using_neon/mobilenet-v1-precision_uint8-0.25-160/singlestream/performance/run_1' to '/home/arjun/results_dir/valid_results/orin-tflite_armnn_cpp-cpu-armnn_tflite-v23.05-using_neon/mobilenet-v1-precision_uint8-0.25-160/singlestream/performance/tmp_power/run_1'
client 2024-02-01 05:59:18,609 [INFO] Done runs
