client 2024-01-31 03:00:02,484 [INFO] Creating output directory '/home/arjun/results_dir/valid_results/orin-tflite_cpp-cpu-tflite-vmaster-with_live_preprocessing/mobilenet-v2-precision_float-0.5-224/singlestream/performance/tmp_power'
client 2024-01-31 03:00:02,487 [INFO] Sending command to the server: 'mlcommons/power client v3'
client 2024-01-31 03:00:02,488 [INFO] Got response: 'mlcommons/power server v3'
client 2024-01-31 03:00:02,488 [INFO] Synchronizing with the server and with time.google.com...
client 2024-01-31 03:00:02,513 [INFO] NTP:offset = -0.004 s, delay = 0.019 s 
client 2024-01-31 03:00:02,513 [INFO] Sending command to the server: 'time'
client 2024-01-31 03:00:02,516 [INFO] Got response: '1706670002.513474'
client 2024-01-31 03:00:02,516 [INFO] The time difference between the client and the server is within range 0.395 ms..3.018 ms
client 2024-01-31 03:00:02,516 [INFO] Sending command to the server: 'new,,ba2e413d-4579-4be7-b6e3-622ae138b56f'
client 2024-01-31 03:00:02,518 [INFO] Got response: 'OK 2024-01-31_03-00-02,fa5c475e-40b1-4a0e-b206-38dc565adb27'
client 2024-01-31 03:00:02,518 [INFO] Session id is '2024-01-31_03-00-02'
client 2024-01-31 03:00:02,519 [INFO] Sources: {"sources": {"__init__.py": "da39a3ee5e6b4b0d3255bfef95601890afd80709", "client.py": "33ca4f26368777ac06e01f9567b714a4b8063886", "lib/__init__.py": "da39a3ee5e6b4b0d3255bfef95601890afd80709", "lib/client.py": "ac2aa093c8e8bbc9569b9e2a3471bc64e58a2258", "lib/common.py": "611d8b29633d331eb19c9455ea3b5fa3284ed6df", "lib/external/__init__.py": "da39a3ee5e6b4b0d3255bfef95601890afd80709", "lib/external/ntplib.py": "4da8f970656505a40483206ef2b5d3dd5e81711d", "lib/server.py": "99303c836c683aa9017ec565104e636161d02acb", "lib/source_hashes.py": "60a2e02193209e8d392803326208d5466342da18", "lib/summary.py": "aa92f0a3f975eecd44d3c0cd0236342ccc9f941d", "lib/time_sync.py": "80894ef2389e540781ff78de94db16aa4203a14e", "server.py": "c3f90f2f7eeb4db30727556d0c815ebc89b3d28b", "tests/unit/__init__.py": "da39a3ee5e6b4b0d3255bfef95601890afd80709", "tests/unit/test_server.py": "948c1995d4008bc2aa6c4046a34ffa3858d6d671", "tests/unit/test_source_hashes.py": "00468a2907583c593e6574a1f6b404e4651c221a"}, "modules": {"ptd_client_server.lib.client": "lib/client.py", "ptd_client_server.lib.common": "lib/common.py", "ptd_client_server.lib.external.ntplib": "lib/external/ntplib.py", "ptd_client_server.lib.source_hashes": "lib/source_hashes.py", "ptd_client_server.lib.summary": "lib/summary.py", "ptd_client_server.lib.time_sync": "lib/time_sync.py"}}
client 2024-01-31 03:00:02,519 [INFO] Running workload in ranging mode
client 2024-01-31 03:00:02,519 [INFO] Synchronizing with the server and with time.google.com...
client 2024-01-31 03:00:02,539 [INFO] NTP:offset = -0.004 s, delay = 0.019 s 
client 2024-01-31 03:00:02,539 [INFO] Sending command to the server: 'time'
client 2024-01-31 03:00:02,549 [INFO] Got response: '1706670002.5465515'
client 2024-01-31 03:00:02,549 [INFO] The time difference between the client and the server is within range -7.039 ms..3.059 ms
client 2024-01-31 03:00:02,549 [INFO] Sending command to the server: 'session,2024-01-31_03-00-02,start,ranging'
client 2024-01-31 03:00:30,632 [INFO] Got response: 'OK'
client 2024-01-31 03:00:30,635 [INFO] Sending command to the server: 'time'
client 2024-01-31 03:00:30,639 [INFO] Got response: '1706670030.6360872'
client 2024-01-31 03:00:30,639 [INFO] The time difference between the client and the server is within range -0.737 ms..3.716 ms
client 2024-01-31 03:00:30,640 [INFO] Running the workload 'CM_MLPERF_RUN_COUNT=$(cat ${CM_RUN_DIR}/count.txt); echo ${CM_MLPERF_RUN_COUNT}; CM_MLPERF_RUN_COUNT=$((CM_MLPERF_RUN_COUNT+1)); echo ${CM_MLPERF_RUN_COUNT} > ${CM_RUN_DIR}/count.txt && if [ ${CM_MLPERF_RUN_COUNT} -eq "1" ]; then export CM_MLPERF_USER_CONF=${CM_MLPERF_RANGING_USER_CONF}; else export CM_MLPERF_USER_CONF=${CM_MLPERF_TESTING_USER_CONF}; fi && /home/arjun/run.out'
client 2024-01-31 03:05:33,118 [INFO] Sending command to the server: 'time'
client 2024-01-31 03:05:33,143 [INFO] Got response: '1706670333.1404917'
client 2024-01-31 03:05:33,144 [INFO] The time difference between the client and the server is within range -22.639 ms..3.869 ms
client 2024-01-31 03:05:33,144 [INFO] Sending command to the server: 'session,2024-01-31_03-00-02,stop,ranging'
client 2024-01-31 03:05:43,765 [INFO] Got response: 'OK'
client 2024-01-31 03:05:43,766 [INFO] Sending command to the server: 'time'
client 2024-01-31 03:05:43,770 [INFO] Got response: '1706670343.766074'
client 2024-01-31 03:05:43,770 [INFO] The time difference between the client and the server is within range 0.519 ms..4.418 ms
client 2024-01-31 03:05:43,788 [INFO] Copying loadgen logs from '/home/arjun/results_dir/valid_results/orin-tflite_cpp-cpu-tflite-vmaster-with_live_preprocessing/mobilenet-v2-precision_float-0.5-224/singlestream/performance/run_1' to '/home/arjun/results_dir/valid_results/orin-tflite_cpp-cpu-tflite-vmaster-with_live_preprocessing/mobilenet-v2-precision_float-0.5-224/singlestream/performance/tmp_power/ranging'
client 2024-01-31 03:05:43,791 [INFO] Running workload in testing mode
client 2024-01-31 03:05:43,791 [INFO] Synchronizing with the server and with time.google.com...
client 2024-01-31 03:05:43,819 [INFO] NTP:offset = -0.004 s, delay = 0.022 s 
client 2024-01-31 03:05:43,819 [INFO] Sending command to the server: 'time'
client 2024-01-31 03:05:43,823 [INFO] Got response: '1706670343.819755'
client 2024-01-31 03:05:43,823 [INFO] The time difference between the client and the server is within range -0.099 ms..4.098 ms
client 2024-01-31 03:05:43,824 [INFO] Sending command to the server: 'session,2024-01-31_03-00-02,start,testing'
client 2024-01-31 03:05:56,839 [INFO] Got response: 'OK'
client 2024-01-31 03:05:56,840 [INFO] Sending command to the server: 'time'
client 2024-01-31 03:05:56,842 [INFO] Got response: '1706670356.8392365'
client 2024-01-31 03:05:56,842 [INFO] The time difference between the client and the server is within range 0.795 ms..3.195 ms
client 2024-01-31 03:05:56,842 [INFO] Running the workload 'CM_MLPERF_RUN_COUNT=$(cat ${CM_RUN_DIR}/count.txt); echo ${CM_MLPERF_RUN_COUNT}; CM_MLPERF_RUN_COUNT=$((CM_MLPERF_RUN_COUNT+1)); echo ${CM_MLPERF_RUN_COUNT} > ${CM_RUN_DIR}/count.txt && if [ ${CM_MLPERF_RUN_COUNT} -eq "1" ]; then export CM_MLPERF_USER_CONF=${CM_MLPERF_RANGING_USER_CONF}; else export CM_MLPERF_USER_CONF=${CM_MLPERF_TESTING_USER_CONF}; fi && /home/arjun/run.out'
client 2024-01-31 03:16:01,171 [INFO] Sending command to the server: 'time'
client 2024-01-31 03:16:01,242 [INFO] Got response: '1706670961.2378929'
client 2024-01-31 03:16:01,243 [INFO] The time difference between the client and the server is within range -66.647 ms..5.302 ms
client 2024-01-31 03:16:01,243 [INFO] Sending command to the server: 'session,2024-01-31_03-00-02,stop,testing'
client 2024-01-31 03:16:11,887 [INFO] Got response: 'OK'
client 2024-01-31 03:16:11,889 [INFO] Sending command to the server: 'time'
client 2024-01-31 03:16:11,893 [INFO] Got response: '1706670971.889498'
client 2024-01-31 03:16:11,893 [INFO] The time difference between the client and the server is within range -0.359 ms..4.193 ms
client 2024-01-31 03:16:11,898 [INFO] Copying loadgen logs from '/home/arjun/results_dir/valid_results/orin-tflite_cpp-cpu-tflite-vmaster-with_live_preprocessing/mobilenet-v2-precision_float-0.5-224/singlestream/performance/run_1' to '/home/arjun/results_dir/valid_results/orin-tflite_cpp-cpu-tflite-vmaster-with_live_preprocessing/mobilenet-v2-precision_float-0.5-224/singlestream/performance/tmp_power/run_1'
client 2024-01-31 03:16:11,900 [INFO] Done runs
