client 2024-02-12 08:24:54,968 [INFO] Creating output directory '/home/krai/work_collection/experiments_submission/generated_by_power_measurement_on_run_f772f56a10cf442eb162e9226d16f781/power_logs'
client 2024-02-12 08:24:54,969 [INFO] Sending command to the server: 'mlcommons/power client v3'
client 2024-02-12 08:24:54,970 [INFO] Got response: 'mlcommons/power server v3'
client 2024-02-12 08:24:54,970 [INFO] Synchronizing with the server and with time.google.com...
client 2024-02-12 08:24:55,051 [INFO] NTP:offset = 0.002 s, delay = 0.078 s 
client 2024-02-12 08:24:55,051 [INFO] Sending command to the server: 'time'
client 2024-02-12 08:24:55,053 [INFO] Got response: '1707747895.0557966'
client 2024-02-12 08:24:55,053 [INFO] The time difference between the client and the server is within range -3.999 ms..-2.672 ms
client 2024-02-12 08:24:55,053 [INFO] Sending command to the server: 'new,,0dd14dbd-6374-4b26-b39b-a5c10d629af8'
client 2024-02-12 08:24:55,054 [INFO] Got response: 'OK 2024-02-12_08-24-55,f4d30636-fdbc-4606-8d91-b533faa301d0'
client 2024-02-12 08:24:55,054 [INFO] Session id is '2024-02-12_08-24-55'
client 2024-02-12 08:24:55,054 [INFO] Sources: {"sources": {"__init__.py": "da39a3ee5e6b4b0d3255bfef95601890afd80709", "client.py": "33ca4f26368777ac06e01f9567b714a4b8063886", "lib/__init__.py": "da39a3ee5e6b4b0d3255bfef95601890afd80709", "lib/client.py": "ac2aa093c8e8bbc9569b9e2a3471bc64e58a2258", "lib/common.py": "611d8b29633d331eb19c9455ea3b5fa3284ed6df", "lib/external/__init__.py": "da39a3ee5e6b4b0d3255bfef95601890afd80709", "lib/external/ntplib.py": "4da8f970656505a40483206ef2b5d3dd5e81711d", "lib/server.py": "99303c836c683aa9017ec565104e636161d02acb", "lib/source_hashes.py": "60a2e02193209e8d392803326208d5466342da18", "lib/summary.py": "aa92f0a3f975eecd44d3c0cd0236342ccc9f941d", "lib/time_sync.py": "80894ef2389e540781ff78de94db16aa4203a14e", "server.py": "c3f90f2f7eeb4db30727556d0c815ebc89b3d28b", "tests/unit/__init__.py": "da39a3ee5e6b4b0d3255bfef95601890afd80709", "tests/unit/test_server.py": "948c1995d4008bc2aa6c4046a34ffa3858d6d671", "tests/unit/test_source_hashes.py": "00468a2907583c593e6574a1f6b404e4651c221a"}, "modules": {"ptd_client_server.lib.client": "lib/client.py", "ptd_client_server.lib.common": "lib/common.py", "ptd_client_server.lib.external.ntplib": "lib/external/ntplib.py", "ptd_client_server.lib.source_hashes": "lib/source_hashes.py", "ptd_client_server.lib.summary": "lib/summary.py", "ptd_client_server.lib.time_sync": "lib/time_sync.py"}}
client 2024-02-12 08:24:55,055 [INFO] Running workload in ranging mode
client 2024-02-12 08:24:55,055 [INFO] Synchronizing with the server and with time.google.com...
client 2024-02-12 08:24:55,122 [INFO] NTP:offset = 0.008 s, delay = 0.066 s 
client 2024-02-12 08:24:55,122 [INFO] Sending command to the server: 'time'
client 2024-02-12 08:24:55,123 [INFO] Got response: '1707747895.1263037'
client 2024-02-12 08:24:55,123 [INFO] The time difference between the client and the server is within range -4.032 ms..-2.581 ms
client 2024-02-12 08:24:55,123 [INFO] Sending command to the server: 'session,2024-02-12_08-24-55,start,ranging'
client 2024-02-12 08:25:24,177 [INFO] Got response: 'OK'
client 2024-02-12 08:25:24,177 [INFO] Sending command to the server: 'time'
client 2024-02-12 08:25:24,178 [INFO] Got response: '1707747924.1814196'
client 2024-02-12 08:25:24,178 [INFO] The time difference between the client and the server is within range -3.879 ms..-2.516 ms
client 2024-02-12 08:25:24,178 [INFO] Running the workload 'axs byquery loadgen_output,task=image_classification,sut_name=r282_q2_ultra_edge,model_name=resnet50,framework=kilt,device=qaic,collection_name=experiments_submission,loadgen_mode=PerformanceOnly,loadgen_compliance_test-,loadgen_scenario=Offline,_with_power+,symlink_to=/home/krai/work_collection/experiments_submission/generated_by_power_measurement_on_run_f772f56a10cf442eb162e9226d16f781/last_mlperf_logs,power_client_entrydic_path=/home/krai/work_collection/experiments_submission/generated_by_power_measurement_on_run_f772f56a10cf442eb162e9226d16f781/program_output.json,effective_no_ranging-'
client 2024-02-12 08:37:20,338 [INFO] Sending command to the server: 'time'
client 2024-02-12 08:37:20,339 [INFO] Got response: '1707748640.3413446'
client 2024-02-12 08:37:20,339 [INFO] The time difference between the client and the server is within range -3.291 ms..-1.524 ms
client 2024-02-12 08:37:20,339 [INFO] Sending command to the server: 'session,2024-02-12_08-24-55,stop,ranging'
client 2024-02-12 08:37:31,196 [INFO] Got response: 'OK'
client 2024-02-12 08:37:31,197 [INFO] Sending command to the server: 'time'
client 2024-02-12 08:37:31,197 [INFO] Got response: '1707748651.1993897'
client 2024-02-12 08:37:31,197 [INFO] The time difference between the client and the server is within range -2.331 ms..-1.705 ms
client 2024-02-12 08:37:31,203 [INFO] Copying loadgen logs from '/home/krai/work_collection/experiments_submission/generated_by_power_measurement_on_run_f772f56a10cf442eb162e9226d16f781/last_mlperf_logs' to '/home/krai/work_collection/experiments_submission/generated_by_power_measurement_on_run_f772f56a10cf442eb162e9226d16f781/power_logs/ranging'
client 2024-02-12 08:37:31,203 [INFO] Running workload in testing mode
client 2024-02-12 08:37:31,204 [INFO] Synchronizing with the server and with time.google.com...
client 2024-02-12 08:37:31,277 [INFO] NTP:offset = 0.003 s, delay = 0.072 s 
client 2024-02-12 08:37:31,277 [INFO] Sending command to the server: 'time'
client 2024-02-12 08:37:31,278 [INFO] Got response: '1707748651.27993'
client 2024-02-12 08:37:31,278 [INFO] The time difference between the client and the server is within range -2.784 ms..-1.531 ms
client 2024-02-12 08:37:31,278 [INFO] Sending command to the server: 'session,2024-02-12_08-24-55,start,testing'
client 2024-02-12 08:37:44,296 [INFO] Got response: 'OK'
client 2024-02-12 08:37:44,296 [INFO] Sending command to the server: 'time'
client 2024-02-12 08:37:44,297 [INFO] Got response: '1707748664.2995434'
client 2024-02-12 08:37:44,298 [INFO] The time difference between the client and the server is within range -2.876 ms..-1.566 ms
client 2024-02-12 08:37:44,298 [INFO] Running the workload 'axs byquery loadgen_output,task=image_classification,sut_name=r282_q2_ultra_edge,model_name=resnet50,framework=kilt,device=qaic,collection_name=experiments_submission,loadgen_mode=PerformanceOnly,loadgen_compliance_test-,loadgen_scenario=Offline,_with_power+,symlink_to=/home/krai/work_collection/experiments_submission/generated_by_power_measurement_on_run_f772f56a10cf442eb162e9226d16f781/last_mlperf_logs,power_client_entrydic_path=/home/krai/work_collection/experiments_submission/generated_by_power_measurement_on_run_f772f56a10cf442eb162e9226d16f781/program_output.json,effective_no_ranging-'
client 2024-02-12 08:49:42,303 [INFO] Sending command to the server: 'time'
client 2024-02-12 08:49:42,305 [INFO] Got response: '1707749382.3060787'
client 2024-02-12 08:49:42,305 [INFO] The time difference between the client and the server is within range -2.718 ms..-0.890 ms
client 2024-02-12 08:49:42,305 [INFO] Sending command to the server: 'session,2024-02-12_08-24-55,stop,testing'
client 2024-02-12 08:49:53,308 [INFO] Got response: 'OK'
client 2024-02-12 08:49:53,308 [INFO] Sending command to the server: 'time'
client 2024-02-12 08:49:53,308 [INFO] Got response: '1707749393.3100636'
client 2024-02-12 08:49:53,309 [INFO] The time difference between the client and the server is within range -1.814 ms..-1.075 ms
client 2024-02-12 08:49:53,310 [INFO] Copying loadgen logs from '/home/krai/work_collection/experiments_submission/generated_by_power_measurement_on_run_f772f56a10cf442eb162e9226d16f781/last_mlperf_logs' to '/home/krai/work_collection/experiments_submission/generated_by_power_measurement_on_run_f772f56a10cf442eb162e9226d16f781/power_logs/run_1'
client 2024-02-12 08:49:53,310 [INFO] Done runs
