Graph file: /home/ubuntu/CM/repos/local/cache/1c5098b4f60a4e6f/v2_128_35/model.tflite
Image dir: /home/ubuntu/CM/repos/local/cache/e5e4fd32b820483a
Image list: /home/ubuntu/CM/repos/local/cache/e5e4fd32b820483a/preprocessed_files.txt
Image size: 128
Image channels: 3
Prediction classes: 1000
Result dir: /home/ubuntu/CM/repos/local/cache/9189d9e91ded4a64/valid_results/ip_172_31_17_121-tflite_cpp-cpu-tflite-vmaster-default_config/mobilenet-v2-precision_uint8-0.35-128/singlestream/performance/run_1
How many images fit in memory buffer: 1024
Normalize: 1
Subtract mean: 0
Run time preprocessing: 1
Number of Threads: 16
Number of available imagefiles: 50000

Loading graph...
INFO: Created TensorFlow Lite XNNPACK delegate for CPU.
Input tensor dimensions (NHWC): 1*128*128*3
Output tensor dimensions: 1*1001
Path to mlperf.conf : /home/ubuntu/CM/repos/local/cache/64edb80306f94124/inference/mlperf.conf
Path to user.conf : /home/ubuntu/CM/repos/ctuning@mlcommons-ck/cm-mlops/script/generate-mlperf-inference-user-conf/tmp/b3237ae2a1f24d1a905fce518c518f43.conf
Model Name: mobilenet
LoadGen Scenario: SingleStream
LoadGen Mode: performance
