Graph file: /home/ubuntu/CM/repos/local/cache/9af46fc1bfed4d4e/mobilenet_v1_0.5_128.tflite
Image dir: /home/ubuntu/CM/repos/local/cache/df2d9ad1e00b4a63
Image list: /home/ubuntu/CM/repos/local/cache/df2d9ad1e00b4a63/preprocessed_files.txt
Image size: 128
Image channels: 3
Prediction classes: 1000
Result dir: /home/ubuntu/CM/repos/local/cache/a7ccb264d8f442f8/valid_results/ip_172_31_24_206-tflite_cpp-cpu-tflite-vmaster-default_config/mobilenet-v1-precision_float-0.5-128/singlestream/performance/run_1
How many images fit in memory buffer: 1024
Normalize: 1
Subtract mean: 0
Run time preprocessing: 0
Number of Threads: 4
Number of available imagefiles: 50000

Loading graph...
INFO: Created TensorFlow Lite XNNPACK delegate for CPU.
Input tensor dimensions (NHWC): 1*128*128*3
Output tensor dimensions: 1*1001
Path to mlperf.conf : /home/ubuntu/CM/repos/local/cache/ae32b951ac8043bc/inference/mlperf.conf
Path to user.conf : /home/ubuntu/CM/repos/ctuning@mlcommons-ck/cm-mlops/script/generate-mlperf-inference-user-conf/tmp/b73f752d562b439e90521956efcd3fd1.conf
Model Name: mobilenet
LoadGen Scenario: SingleStream
LoadGen Mode: performance
