client 2024-02-04 04:03:25,794 [INFO] Creating output directory '/home/arjun/results_dir/valid_results/orin-tflite_armnn_cpp-cpu-armnn_tflite-v23.11-using_neon/mobilenet-v1-precision_uint8-0.75-160/singlestream/performance/tmp_power'
client 2024-02-04 04:03:25,806 [INFO] Sending command to the server: 'mlcommons/power client v3'
client 2024-02-04 04:03:25,810 [INFO] Got response: 'mlcommons/power server v3'
client 2024-02-04 04:03:25,810 [INFO] Synchronizing with the server and with time.google.com...
client 2024-02-04 04:03:25,837 [INFO] NTP:offset = 0.002 s, delay = 0.022 s 
client 2024-02-04 04:03:25,838 [INFO] Sending command to the server: 'time'
client 2024-02-04 04:03:25,840 [INFO] Got response: '1707019405.841715'
client 2024-02-04 04:03:25,840 [INFO] The time difference between the client and the server is within range -3.632 ms..-0.872 ms
client 2024-02-04 04:03:25,841 [INFO] Sending command to the server: 'new,,6199bcb6-e062-4465-ab8c-f1f1246dfad4'
client 2024-02-04 04:03:25,843 [INFO] Got response: 'OK 2024-02-04_04-03-25,7b0cea8f-213e-4299-8e6b-600c06aa0eab'
client 2024-02-04 04:03:25,843 [INFO] Session id is '2024-02-04_04-03-25'
client 2024-02-04 04:03:25,843 [INFO] Sources: {"sources": {"__init__.py": "da39a3ee5e6b4b0d3255bfef95601890afd80709", "client.py": "33ca4f26368777ac06e01f9567b714a4b8063886", "lib/__init__.py": "da39a3ee5e6b4b0d3255bfef95601890afd80709", "lib/client.py": "ac2aa093c8e8bbc9569b9e2a3471bc64e58a2258", "lib/common.py": "611d8b29633d331eb19c9455ea3b5fa3284ed6df", "lib/external/__init__.py": "da39a3ee5e6b4b0d3255bfef95601890afd80709", "lib/external/ntplib.py": "4da8f970656505a40483206ef2b5d3dd5e81711d", "lib/server.py": "99303c836c683aa9017ec565104e636161d02acb", "lib/source_hashes.py": "60a2e02193209e8d392803326208d5466342da18", "lib/summary.py": "aa92f0a3f975eecd44d3c0cd0236342ccc9f941d", "lib/time_sync.py": "80894ef2389e540781ff78de94db16aa4203a14e", "server.py": "c3f90f2f7eeb4db30727556d0c815ebc89b3d28b", "tests/unit/__init__.py": "da39a3ee5e6b4b0d3255bfef95601890afd80709", "tests/unit/test_server.py": "948c1995d4008bc2aa6c4046a34ffa3858d6d671", "tests/unit/test_source_hashes.py": "00468a2907583c593e6574a1f6b404e4651c221a"}, "modules": {"ptd_client_server.lib.client": "lib/client.py", "ptd_client_server.lib.common": "lib/common.py", "ptd_client_server.lib.external.ntplib": "lib/external/ntplib.py", "ptd_client_server.lib.source_hashes": "lib/source_hashes.py", "ptd_client_server.lib.summary": "lib/summary.py", "ptd_client_server.lib.time_sync": "lib/time_sync.py"}}
client 2024-02-04 04:03:25,843 [INFO] Running workload in ranging mode
client 2024-02-04 04:03:25,843 [INFO] Synchronizing with the server and with time.google.com...
client 2024-02-04 04:03:25,866 [INFO] NTP:offset = 0.002 s, delay = 0.021 s 
client 2024-02-04 04:03:25,866 [INFO] Sending command to the server: 'time'
client 2024-02-04 04:03:25,869 [INFO] Got response: '1707019405.8702428'
client 2024-02-04 04:03:25,869 [INFO] The time difference between the client and the server is within range -3.717 ms..-0.687 ms
client 2024-02-04 04:03:25,869 [INFO] Sending command to the server: 'session,2024-02-04_04-03-25,start,ranging'
client 2024-02-04 04:03:53,950 [INFO] Got response: 'OK'
client 2024-02-04 04:03:53,952 [INFO] Sending command to the server: 'time'
client 2024-02-04 04:03:53,955 [INFO] Got response: '1707019433.9559193'
client 2024-02-04 04:03:53,955 [INFO] The time difference between the client and the server is within range -3.736 ms..-0.134 ms
client 2024-02-04 04:03:53,956 [INFO] Running the workload 'CM_MLPERF_RUN_COUNT=$(cat ${CM_RUN_DIR}/count.txt); echo ${CM_MLPERF_RUN_COUNT}; CM_MLPERF_RUN_COUNT=$((CM_MLPERF_RUN_COUNT+1)); echo ${CM_MLPERF_RUN_COUNT} > ${CM_RUN_DIR}/count.txt && if [ ${CM_MLPERF_RUN_COUNT} -eq "1" ]; then export CM_MLPERF_USER_CONF=${CM_MLPERF_RANGING_USER_CONF}; else export CM_MLPERF_USER_CONF=${CM_MLPERF_TESTING_USER_CONF}; fi && /mnt/CM/repos/ctuning@mlcommons-ck/cm-mlops/script/get-lib-armnn/run.out'
client 2024-02-04 04:08:56,424 [INFO] Sending command to the server: 'time'
client 2024-02-04 04:08:56,427 [INFO] Got response: '1707019736.4283192'
client 2024-02-04 04:08:56,428 [INFO] The time difference between the client and the server is within range -4.424 ms..-0.368 ms
client 2024-02-04 04:08:56,428 [INFO] Sending command to the server: 'session,2024-02-04_04-03-25,stop,ranging'
client 2024-02-04 04:09:07,012 [INFO] Got response: 'OK'
client 2024-02-04 04:09:07,013 [INFO] Sending command to the server: 'time'
client 2024-02-04 04:09:07,016 [INFO] Got response: '1707019747.016805'
client 2024-02-04 04:09:07,016 [INFO] The time difference between the client and the server is within range -3.564 ms..-0.393 ms
client 2024-02-04 04:09:07,033 [INFO] Copying loadgen logs from '/home/arjun/results_dir/valid_results/orin-tflite_armnn_cpp-cpu-armnn_tflite-v23.11-using_neon/mobilenet-v1-precision_uint8-0.75-160/singlestream/performance/run_1' to '/home/arjun/results_dir/valid_results/orin-tflite_armnn_cpp-cpu-armnn_tflite-v23.11-using_neon/mobilenet-v1-precision_uint8-0.75-160/singlestream/performance/tmp_power/ranging'
client 2024-02-04 04:09:07,035 [INFO] Running workload in testing mode
client 2024-02-04 04:09:07,035 [INFO] Synchronizing with the server and with time.google.com...
client 2024-02-04 04:09:07,074 [INFO] NTP:offset = 0.002 s, delay = 0.022 s 
client 2024-02-04 04:09:07,074 [INFO] Sending command to the server: 'time'
client 2024-02-04 04:09:07,077 [INFO] Got response: '1707019747.0781813'
client 2024-02-04 04:09:07,077 [INFO] The time difference between the client and the server is within range -3.736 ms..-0.670 ms
client 2024-02-04 04:09:07,077 [INFO] Sending command to the server: 'session,2024-02-04_04-03-25,start,testing'
client 2024-02-04 04:09:20,091 [INFO] Got response: 'OK'
client 2024-02-04 04:09:20,093 [INFO] Sending command to the server: 'time'
client 2024-02-04 04:09:20,096 [INFO] Got response: '1707019760.0967789'
client 2024-02-04 04:09:20,096 [INFO] The time difference between the client and the server is within range -3.771 ms..-0.349 ms
client 2024-02-04 04:09:20,096 [INFO] Running the workload 'CM_MLPERF_RUN_COUNT=$(cat ${CM_RUN_DIR}/count.txt); echo ${CM_MLPERF_RUN_COUNT}; CM_MLPERF_RUN_COUNT=$((CM_MLPERF_RUN_COUNT+1)); echo ${CM_MLPERF_RUN_COUNT} > ${CM_RUN_DIR}/count.txt && if [ ${CM_MLPERF_RUN_COUNT} -eq "1" ]; then export CM_MLPERF_USER_CONF=${CM_MLPERF_RANGING_USER_CONF}; else export CM_MLPERF_USER_CONF=${CM_MLPERF_TESTING_USER_CONF}; fi && /mnt/CM/repos/ctuning@mlcommons-ck/cm-mlops/script/get-lib-armnn/run.out'
client 2024-02-04 04:19:24,822 [INFO] Sending command to the server: 'time'
client 2024-02-04 04:19:24,825 [INFO] Got response: '1707020364.8264387'
client 2024-02-04 04:19:24,826 [INFO] The time difference between the client and the server is within range -4.339 ms..-0.405 ms
client 2024-02-04 04:19:24,826 [INFO] Sending command to the server: 'session,2024-02-04_04-03-25,stop,testing'
client 2024-02-04 04:19:35,139 [INFO] Got response: 'OK'
client 2024-02-04 04:19:35,140 [INFO] Sending command to the server: 'time'
client 2024-02-04 04:19:35,143 [INFO] Got response: '1707020375.1440194'
client 2024-02-04 04:19:35,143 [INFO] The time difference between the client and the server is within range -3.760 ms..-0.540 ms
client 2024-02-04 04:19:35,148 [INFO] Copying loadgen logs from '/home/arjun/results_dir/valid_results/orin-tflite_armnn_cpp-cpu-armnn_tflite-v23.11-using_neon/mobilenet-v1-precision_uint8-0.75-160/singlestream/performance/run_1' to '/home/arjun/results_dir/valid_results/orin-tflite_armnn_cpp-cpu-armnn_tflite-v23.11-using_neon/mobilenet-v1-precision_uint8-0.75-160/singlestream/performance/tmp_power/run_1'
client 2024-02-04 04:19:35,150 [INFO] Done runs
