client 2024-01-29 16:11:12,571 [INFO] Creating output directory '/home/arjun/results_dir/valid_results/orin-tflite_cpp-cpu-tflite-vmaster-default_config/mobilenet-v3-precision_float-small-224/singlestream/performance/tmp_power'
client 2024-01-29 16:11:12,576 [INFO] Sending command to the server: 'mlcommons/power client v3'
client 2024-01-29 16:11:12,579 [INFO] Got response: 'mlcommons/power server v3'
client 2024-01-29 16:11:12,579 [INFO] Synchronizing with the server and with time.google.com...
client 2024-01-29 16:11:12,604 [INFO] NTP:offset = -0.005 s, delay = 0.018 s 
client 2024-01-29 16:11:12,604 [INFO] Sending command to the server: 'time'
client 2024-01-29 16:11:12,608 [INFO] Got response: '1706544672.6040666'
client 2024-01-29 16:11:12,608 [INFO] The time difference between the client and the server is within range 0.310 ms..4.564 ms
client 2024-01-29 16:11:12,608 [INFO] Sending command to the server: 'new,,68af9d28-dbf7-4f36-b5fa-c4c93a6378c4'
client 2024-01-29 16:11:12,612 [INFO] Got response: 'OK 2024-01-29_16-11-12,62d63bf6-b267-4012-ba5c-5725c79fb6a2'
client 2024-01-29 16:11:12,612 [INFO] Session id is '2024-01-29_16-11-12'
client 2024-01-29 16:11:12,612 [INFO] Sources: {"sources": {"__init__.py": "da39a3ee5e6b4b0d3255bfef95601890afd80709", "client.py": "33ca4f26368777ac06e01f9567b714a4b8063886", "lib/__init__.py": "da39a3ee5e6b4b0d3255bfef95601890afd80709", "lib/client.py": "ac2aa093c8e8bbc9569b9e2a3471bc64e58a2258", "lib/common.py": "611d8b29633d331eb19c9455ea3b5fa3284ed6df", "lib/external/__init__.py": "da39a3ee5e6b4b0d3255bfef95601890afd80709", "lib/external/ntplib.py": "4da8f970656505a40483206ef2b5d3dd5e81711d", "lib/server.py": "99303c836c683aa9017ec565104e636161d02acb", "lib/source_hashes.py": "60a2e02193209e8d392803326208d5466342da18", "lib/summary.py": "aa92f0a3f975eecd44d3c0cd0236342ccc9f941d", "lib/time_sync.py": "80894ef2389e540781ff78de94db16aa4203a14e", "server.py": "c3f90f2f7eeb4db30727556d0c815ebc89b3d28b", "tests/unit/__init__.py": "da39a3ee5e6b4b0d3255bfef95601890afd80709", "tests/unit/test_server.py": "948c1995d4008bc2aa6c4046a34ffa3858d6d671", "tests/unit/test_source_hashes.py": "00468a2907583c593e6574a1f6b404e4651c221a"}, "modules": {"ptd_client_server.lib.client": "lib/client.py", "ptd_client_server.lib.common": "lib/common.py", "ptd_client_server.lib.external.ntplib": "lib/external/ntplib.py", "ptd_client_server.lib.source_hashes": "lib/source_hashes.py", "ptd_client_server.lib.summary": "lib/summary.py", "ptd_client_server.lib.time_sync": "lib/time_sync.py"}}
client 2024-01-29 16:11:12,612 [INFO] Running workload in ranging mode
client 2024-01-29 16:11:12,613 [INFO] Synchronizing with the server and with time.google.com...
client 2024-01-29 16:11:12,634 [INFO] NTP:offset = -0.005 s, delay = 0.020 s 
client 2024-01-29 16:11:12,634 [INFO] Sending command to the server: 'time'
client 2024-01-29 16:11:12,637 [INFO] Got response: '1706544672.6333964'
client 2024-01-29 16:11:12,637 [INFO] The time difference between the client and the server is within range 1.315 ms..4.097 ms
client 2024-01-29 16:11:12,637 [INFO] Sending command to the server: 'session,2024-01-29_16-11-12,start,ranging'
client 2024-01-29 16:11:40,717 [INFO] Got response: 'OK'
client 2024-01-29 16:11:40,718 [INFO] Sending command to the server: 'time'
client 2024-01-29 16:11:40,722 [INFO] Got response: '1706544700.7182517'
client 2024-01-29 16:11:40,723 [INFO] The time difference between the client and the server is within range 0.676 ms..4.912 ms
client 2024-01-29 16:11:40,723 [INFO] Running the workload 'CM_MLPERF_RUN_COUNT=$(cat ${CM_RUN_DIR}/count.txt); echo ${CM_MLPERF_RUN_COUNT}; CM_MLPERF_RUN_COUNT=$((CM_MLPERF_RUN_COUNT+1)); echo ${CM_MLPERF_RUN_COUNT} > ${CM_RUN_DIR}/count.txt && if [ ${CM_MLPERF_RUN_COUNT} -eq "1" ]; then export CM_MLPERF_USER_CONF=${CM_MLPERF_RANGING_USER_CONF}; else export CM_MLPERF_USER_CONF=${CM_MLPERF_TESTING_USER_CONF}; fi && /mnt/CM/repos/ctuning@mlcommons-ck/cm-mlops/script/benchmark-any-mlperf-inference-implementation/run.out'
client 2024-01-29 16:16:43,606 [INFO] Sending command to the server: 'time'
client 2024-01-29 16:16:43,610 [INFO] Got response: '1706545003.6054893'
client 2024-01-29 16:16:43,610 [INFO] The time difference between the client and the server is within range 0.383 ms..5.359 ms
client 2024-01-29 16:16:43,611 [INFO] Sending command to the server: 'session,2024-01-29_16-11-12,stop,ranging'
client 2024-01-29 16:16:53,822 [INFO] Got response: 'OK'
client 2024-01-29 16:16:53,823 [INFO] Sending command to the server: 'time'
client 2024-01-29 16:16:53,826 [INFO] Got response: '1706545013.8218172'
client 2024-01-29 16:16:53,827 [INFO] The time difference between the client and the server is within range 1.369 ms..5.237 ms
client 2024-01-29 16:16:53,843 [INFO] Copying loadgen logs from '/home/arjun/results_dir/valid_results/orin-tflite_cpp-cpu-tflite-vmaster-default_config/mobilenet-v3-precision_float-small-224/singlestream/performance/run_1' to '/home/arjun/results_dir/valid_results/orin-tflite_cpp-cpu-tflite-vmaster-default_config/mobilenet-v3-precision_float-small-224/singlestream/performance/tmp_power/ranging'
client 2024-01-29 16:16:53,846 [INFO] Running workload in testing mode
client 2024-01-29 16:16:53,846 [INFO] Synchronizing with the server and with time.google.com...
client 2024-01-29 16:16:53,872 [INFO] NTP:offset = -0.005 s, delay = 0.021 s 
client 2024-01-29 16:16:53,873 [INFO] Sending command to the server: 'time'
client 2024-01-29 16:16:53,876 [INFO] Got response: '1706545013.8715184'
client 2024-01-29 16:16:53,876 [INFO] The time difference between the client and the server is within range 1.557 ms..5.037 ms
client 2024-01-29 16:16:53,876 [INFO] Sending command to the server: 'session,2024-01-29_16-11-12,start,testing'
client 2024-01-29 16:17:06,899 [INFO] Got response: 'OK'
client 2024-01-29 16:17:06,900 [INFO] Sending command to the server: 'time'
client 2024-01-29 16:17:06,903 [INFO] Got response: '1706545026.8991358'
client 2024-01-29 16:17:06,903 [INFO] The time difference between the client and the server is within range 1.056 ms..4.659 ms
client 2024-01-29 16:17:06,904 [INFO] Running the workload 'CM_MLPERF_RUN_COUNT=$(cat ${CM_RUN_DIR}/count.txt); echo ${CM_MLPERF_RUN_COUNT}; CM_MLPERF_RUN_COUNT=$((CM_MLPERF_RUN_COUNT+1)); echo ${CM_MLPERF_RUN_COUNT} > ${CM_RUN_DIR}/count.txt && if [ ${CM_MLPERF_RUN_COUNT} -eq "1" ]; then export CM_MLPERF_USER_CONF=${CM_MLPERF_RANGING_USER_CONF}; else export CM_MLPERF_USER_CONF=${CM_MLPERF_TESTING_USER_CONF}; fi && /mnt/CM/repos/ctuning@mlcommons-ck/cm-mlops/script/benchmark-any-mlperf-inference-implementation/run.out'
client 2024-01-29 16:27:11,713 [INFO] Sending command to the server: 'time'
client 2024-01-29 16:27:11,922 [INFO] Got response: '1706545631.9179168'
client 2024-01-29 16:27:11,923 [INFO] The time difference between the client and the server is within range -204.159 ms..5.768 ms
client 2024-01-29 16:27:11,924 [INFO] Sending command to the server: 'session,2024-01-29_16-11-12,stop,testing'
client 2024-01-29 16:27:22,956 [INFO] Got response: 'OK'
client 2024-01-29 16:27:22,957 [INFO] Sending command to the server: 'time'
client 2024-01-29 16:27:22,961 [INFO] Got response: '1706545642.957134'
client 2024-01-29 16:27:22,961 [INFO] The time difference between the client and the server is within range 0.589 ms..4.238 ms
client 2024-01-29 16:27:22,966 [INFO] Copying loadgen logs from '/home/arjun/results_dir/valid_results/orin-tflite_cpp-cpu-tflite-vmaster-default_config/mobilenet-v3-precision_float-small-224/singlestream/performance/run_1' to '/home/arjun/results_dir/valid_results/orin-tflite_cpp-cpu-tflite-vmaster-default_config/mobilenet-v3-precision_float-small-224/singlestream/performance/tmp_power/run_1'
client 2024-01-29 16:27:22,968 [INFO] Done runs
