client 2024-01-29 09:33:55,211 [INFO] Creating output directory '/home/arjun/results_dir/valid_results/orin-tflite_cpp-cpu-tflite-vmaster-default_config/mobilenet-v2-precision_float-0.75-160/singlestream/performance/tmp_power'
client 2024-01-29 09:33:55,214 [INFO] Sending command to the server: 'mlcommons/power client v3'
client 2024-01-29 09:33:55,218 [INFO] Got response: 'mlcommons/power server v3'
client 2024-01-29 09:33:55,219 [INFO] Synchronizing with the server and with time.google.com...
client 2024-01-29 09:33:55,244 [INFO] NTP:offset = -0.004 s, delay = 0.020 s 
client 2024-01-29 09:33:55,245 [INFO] Sending command to the server: 'time'
client 2024-01-29 09:33:55,248 [INFO] Got response: '1706520835.244436'
client 2024-01-29 09:33:55,248 [INFO] The time difference between the client and the server is within range 0.608 ms..4.324 ms
client 2024-01-29 09:33:55,248 [INFO] Sending command to the server: 'new,,867c7952-dceb-45ba-b848-eaa5a46e9671'
client 2024-01-29 09:33:55,252 [INFO] Got response: 'OK 2024-01-29_09-33-55,42aaad0e-cf25-44db-8dbb-8af450b66b19'
client 2024-01-29 09:33:55,252 [INFO] Session id is '2024-01-29_09-33-55'
client 2024-01-29 09:33:55,252 [INFO] Sources: {"sources": {"__init__.py": "da39a3ee5e6b4b0d3255bfef95601890afd80709", "client.py": "33ca4f26368777ac06e01f9567b714a4b8063886", "lib/__init__.py": "da39a3ee5e6b4b0d3255bfef95601890afd80709", "lib/client.py": "ac2aa093c8e8bbc9569b9e2a3471bc64e58a2258", "lib/common.py": "611d8b29633d331eb19c9455ea3b5fa3284ed6df", "lib/external/__init__.py": "da39a3ee5e6b4b0d3255bfef95601890afd80709", "lib/external/ntplib.py": "4da8f970656505a40483206ef2b5d3dd5e81711d", "lib/server.py": "99303c836c683aa9017ec565104e636161d02acb", "lib/source_hashes.py": "60a2e02193209e8d392803326208d5466342da18", "lib/summary.py": "aa92f0a3f975eecd44d3c0cd0236342ccc9f941d", "lib/time_sync.py": "80894ef2389e540781ff78de94db16aa4203a14e", "server.py": "c3f90f2f7eeb4db30727556d0c815ebc89b3d28b", "tests/unit/__init__.py": "da39a3ee5e6b4b0d3255bfef95601890afd80709", "tests/unit/test_server.py": "948c1995d4008bc2aa6c4046a34ffa3858d6d671", "tests/unit/test_source_hashes.py": "00468a2907583c593e6574a1f6b404e4651c221a"}, "modules": {"ptd_client_server.lib.client": "lib/client.py", "ptd_client_server.lib.common": "lib/common.py", "ptd_client_server.lib.external.ntplib": "lib/external/ntplib.py", "ptd_client_server.lib.source_hashes": "lib/source_hashes.py", "ptd_client_server.lib.summary": "lib/summary.py", "ptd_client_server.lib.time_sync": "lib/time_sync.py"}}
client 2024-01-29 09:33:55,253 [INFO] Running workload in ranging mode
client 2024-01-29 09:33:55,253 [INFO] Synchronizing with the server and with time.google.com...
client 2024-01-29 09:33:55,275 [INFO] NTP:offset = -0.004 s, delay = 0.021 s 
client 2024-01-29 09:33:55,275 [INFO] Sending command to the server: 'time'
client 2024-01-29 09:33:55,278 [INFO] Got response: '1706520835.274922'
client 2024-01-29 09:33:55,278 [INFO] The time difference between the client and the server is within range 0.692 ms..3.352 ms
client 2024-01-29 09:33:55,278 [INFO] Sending command to the server: 'session,2024-01-29_09-33-55,start,ranging'
client 2024-01-29 09:34:23,390 [INFO] Got response: 'OK'
client 2024-01-29 09:34:23,393 [INFO] Sending command to the server: 'time'
client 2024-01-29 09:34:23,397 [INFO] Got response: '1706520863.393582'
client 2024-01-29 09:34:23,397 [INFO] The time difference between the client and the server is within range -0.240 ms..3.768 ms
client 2024-01-29 09:34:23,397 [INFO] Running the workload 'CM_MLPERF_RUN_COUNT=$(cat ${CM_RUN_DIR}/count.txt); echo ${CM_MLPERF_RUN_COUNT}; CM_MLPERF_RUN_COUNT=$((CM_MLPERF_RUN_COUNT+1)); echo ${CM_MLPERF_RUN_COUNT} > ${CM_RUN_DIR}/count.txt && if [ ${CM_MLPERF_RUN_COUNT} -eq "1" ]; then export CM_MLPERF_USER_CONF=${CM_MLPERF_RANGING_USER_CONF}; else export CM_MLPERF_USER_CONF=${CM_MLPERF_TESTING_USER_CONF}; fi && /mnt/CM/repos/ctuning@mlcommons-ck/cm-mlops/script/benchmark-any-mlperf-inference-implementation/run.out'
client 2024-01-29 09:39:26,141 [INFO] Sending command to the server: 'time'
client 2024-01-29 09:39:26,145 [INFO] Got response: '1706521166.1411762'
client 2024-01-29 09:39:26,145 [INFO] The time difference between the client and the server is within range 0.203 ms..4.528 ms
client 2024-01-29 09:39:26,145 [INFO] Sending command to the server: 'session,2024-01-29_09-33-55,stop,ranging'
client 2024-01-29 09:39:36,515 [INFO] Got response: 'OK'
client 2024-01-29 09:39:36,516 [INFO] Sending command to the server: 'time'
client 2024-01-29 09:39:36,520 [INFO] Got response: '1706521176.5161073'
client 2024-01-29 09:39:36,520 [INFO] The time difference between the client and the server is within range 0.618 ms..4.306 ms
client 2024-01-29 09:39:36,538 [INFO] Copying loadgen logs from '/home/arjun/results_dir/valid_results/orin-tflite_cpp-cpu-tflite-vmaster-default_config/mobilenet-v2-precision_float-0.75-160/singlestream/performance/run_1' to '/home/arjun/results_dir/valid_results/orin-tflite_cpp-cpu-tflite-vmaster-default_config/mobilenet-v2-precision_float-0.75-160/singlestream/performance/tmp_power/ranging'
client 2024-01-29 09:39:36,541 [INFO] Running workload in testing mode
client 2024-01-29 09:39:36,541 [INFO] Synchronizing with the server and with time.google.com...
client 2024-01-29 09:39:36,569 [INFO] NTP:offset = -0.004 s, delay = 0.022 s 
client 2024-01-29 09:39:36,569 [INFO] Sending command to the server: 'time'
client 2024-01-29 09:39:36,573 [INFO] Got response: '1706521176.5688064'
client 2024-01-29 09:39:36,573 [INFO] The time difference between the client and the server is within range 0.476 ms..4.688 ms
client 2024-01-29 09:39:36,573 [INFO] Sending command to the server: 'session,2024-01-29_09-33-55,start,testing'
client 2024-01-29 09:39:49,592 [INFO] Got response: 'OK'
client 2024-01-29 09:39:49,593 [INFO] Sending command to the server: 'time'
client 2024-01-29 09:39:49,596 [INFO] Got response: '1706521189.5922456'
client 2024-01-29 09:39:49,597 [INFO] The time difference between the client and the server is within range 0.838 ms..4.905 ms
client 2024-01-29 09:39:49,597 [INFO] Running the workload 'CM_MLPERF_RUN_COUNT=$(cat ${CM_RUN_DIR}/count.txt); echo ${CM_MLPERF_RUN_COUNT}; CM_MLPERF_RUN_COUNT=$((CM_MLPERF_RUN_COUNT+1)); echo ${CM_MLPERF_RUN_COUNT} > ${CM_RUN_DIR}/count.txt && if [ ${CM_MLPERF_RUN_COUNT} -eq "1" ]; then export CM_MLPERF_USER_CONF=${CM_MLPERF_RANGING_USER_CONF}; else export CM_MLPERF_USER_CONF=${CM_MLPERF_TESTING_USER_CONF}; fi && /mnt/CM/repos/ctuning@mlcommons-ck/cm-mlops/script/benchmark-any-mlperf-inference-implementation/run.out'
client 2024-01-29 09:49:54,125 [INFO] Sending command to the server: 'time'
client 2024-01-29 09:49:54,129 [INFO] Got response: '1706521794.1249135'
client 2024-01-29 09:49:54,129 [INFO] The time difference between the client and the server is within range 0.410 ms..4.330 ms
client 2024-01-29 09:49:54,129 [INFO] Sending command to the server: 'session,2024-01-29_09-33-55,stop,testing'
client 2024-01-29 09:50:04,658 [INFO] Got response: 'OK'
client 2024-01-29 09:50:04,659 [INFO] Sending command to the server: 'time'
client 2024-01-29 09:50:04,663 [INFO] Got response: '1706521804.6587522'
client 2024-01-29 09:50:04,663 [INFO] The time difference between the client and the server is within range 0.334 ms..4.582 ms
client 2024-01-29 09:50:04,667 [INFO] Copying loadgen logs from '/home/arjun/results_dir/valid_results/orin-tflite_cpp-cpu-tflite-vmaster-default_config/mobilenet-v2-precision_float-0.75-160/singlestream/performance/run_1' to '/home/arjun/results_dir/valid_results/orin-tflite_cpp-cpu-tflite-vmaster-default_config/mobilenet-v2-precision_float-0.75-160/singlestream/performance/tmp_power/run_1'
client 2024-01-29 09:50:04,670 [INFO] Done runs
