client 2024-01-31 02:10:11,697 [INFO] Creating output directory '/home/arjun/results_dir/valid_results/orin-tflite_cpp-cpu-tflite-vmaster-with_live_preprocessing/mobilenet-v2-precision_float-0.75-192/singlestream/performance/tmp_power'
client 2024-01-31 02:10:11,726 [INFO] Sending command to the server: 'mlcommons/power client v3'
client 2024-01-31 02:10:11,728 [INFO] Got response: 'mlcommons/power server v3'
client 2024-01-31 02:10:11,728 [INFO] Synchronizing with the server and with time.google.com...
client 2024-01-31 02:10:11,755 [INFO] NTP:offset = -0.004 s, delay = 0.021 s 
client 2024-01-31 02:10:11,755 [INFO] Sending command to the server: 'time'
client 2024-01-31 02:10:11,757 [INFO] Got response: '1706667011.7561045'
client 2024-01-31 02:10:11,757 [INFO] The time difference between the client and the server is within range -0.859 ms..1.806 ms
client 2024-01-31 02:10:11,758 [INFO] Sending command to the server: 'new,,bf47e704-2c79-4a04-8c68-9efb9d3b411d'
client 2024-01-31 02:10:11,760 [INFO] Got response: 'OK 2024-01-31_02-10-11,f41c20b5-719a-4cef-a2e6-f08893a36bfc'
client 2024-01-31 02:10:11,760 [INFO] Session id is '2024-01-31_02-10-11'
client 2024-01-31 02:10:11,760 [INFO] Sources: {"sources": {"__init__.py": "da39a3ee5e6b4b0d3255bfef95601890afd80709", "client.py": "33ca4f26368777ac06e01f9567b714a4b8063886", "lib/__init__.py": "da39a3ee5e6b4b0d3255bfef95601890afd80709", "lib/client.py": "ac2aa093c8e8bbc9569b9e2a3471bc64e58a2258", "lib/common.py": "611d8b29633d331eb19c9455ea3b5fa3284ed6df", "lib/external/__init__.py": "da39a3ee5e6b4b0d3255bfef95601890afd80709", "lib/external/ntplib.py": "4da8f970656505a40483206ef2b5d3dd5e81711d", "lib/server.py": "99303c836c683aa9017ec565104e636161d02acb", "lib/source_hashes.py": "60a2e02193209e8d392803326208d5466342da18", "lib/summary.py": "aa92f0a3f975eecd44d3c0cd0236342ccc9f941d", "lib/time_sync.py": "80894ef2389e540781ff78de94db16aa4203a14e", "server.py": "c3f90f2f7eeb4db30727556d0c815ebc89b3d28b", "tests/unit/__init__.py": "da39a3ee5e6b4b0d3255bfef95601890afd80709", "tests/unit/test_server.py": "948c1995d4008bc2aa6c4046a34ffa3858d6d671", "tests/unit/test_source_hashes.py": "00468a2907583c593e6574a1f6b404e4651c221a"}, "modules": {"ptd_client_server.lib.client": "lib/client.py", "ptd_client_server.lib.common": "lib/common.py", "ptd_client_server.lib.external.ntplib": "lib/external/ntplib.py", "ptd_client_server.lib.source_hashes": "lib/source_hashes.py", "ptd_client_server.lib.summary": "lib/summary.py", "ptd_client_server.lib.time_sync": "lib/time_sync.py"}}
client 2024-01-31 02:10:11,760 [INFO] Running workload in ranging mode
client 2024-01-31 02:10:11,761 [INFO] Synchronizing with the server and with time.google.com...
client 2024-01-31 02:10:11,782 [INFO] NTP:offset = -0.004 s, delay = 0.020 s 
client 2024-01-31 02:10:11,782 [INFO] Sending command to the server: 'time'
client 2024-01-31 02:10:11,785 [INFO] Got response: '1706667011.7837539'
client 2024-01-31 02:10:11,785 [INFO] The time difference between the client and the server is within range -0.776 ms..1.844 ms
client 2024-01-31 02:10:11,785 [INFO] Sending command to the server: 'session,2024-01-31_02-10-11,start,ranging'
client 2024-01-31 02:10:39,866 [INFO] Got response: 'OK'
client 2024-01-31 02:10:39,869 [INFO] Sending command to the server: 'time'
client 2024-01-31 02:10:39,872 [INFO] Got response: '1706667039.8706226'
client 2024-01-31 02:10:39,872 [INFO] The time difference between the client and the server is within range -1.197 ms..2.076 ms
client 2024-01-31 02:10:39,873 [INFO] Running the workload 'CM_MLPERF_RUN_COUNT=$(cat ${CM_RUN_DIR}/count.txt); echo ${CM_MLPERF_RUN_COUNT}; CM_MLPERF_RUN_COUNT=$((CM_MLPERF_RUN_COUNT+1)); echo ${CM_MLPERF_RUN_COUNT} > ${CM_RUN_DIR}/count.txt && if [ ${CM_MLPERF_RUN_COUNT} -eq "1" ]; then export CM_MLPERF_USER_CONF=${CM_MLPERF_RANGING_USER_CONF}; else export CM_MLPERF_USER_CONF=${CM_MLPERF_TESTING_USER_CONF}; fi && /home/arjun/run.out'
client 2024-01-31 02:15:42,455 [INFO] Sending command to the server: 'time'
client 2024-01-31 02:15:42,459 [INFO] Got response: '1706667342.4573145'
client 2024-01-31 02:15:42,459 [INFO] The time difference between the client and the server is within range -2.049 ms..2.123 ms
client 2024-01-31 02:15:42,459 [INFO] Sending command to the server: 'session,2024-01-31_02-10-11,stop,ranging'
client 2024-01-31 02:15:52,994 [INFO] Got response: 'OK'
client 2024-01-31 02:15:52,995 [INFO] Sending command to the server: 'time'
client 2024-01-31 02:15:52,998 [INFO] Got response: '1706667352.9964578'
client 2024-01-31 02:15:52,998 [INFO] The time difference between the client and the server is within range -1.412 ms..2.023 ms
client 2024-01-31 02:15:53,016 [INFO] Copying loadgen logs from '/home/arjun/results_dir/valid_results/orin-tflite_cpp-cpu-tflite-vmaster-with_live_preprocessing/mobilenet-v2-precision_float-0.75-192/singlestream/performance/run_1' to '/home/arjun/results_dir/valid_results/orin-tflite_cpp-cpu-tflite-vmaster-with_live_preprocessing/mobilenet-v2-precision_float-0.75-192/singlestream/performance/tmp_power/ranging'
client 2024-01-31 02:15:53,019 [INFO] Running workload in testing mode
client 2024-01-31 02:15:53,019 [INFO] Synchronizing with the server and with time.google.com...
client 2024-01-31 02:15:53,045 [INFO] NTP:offset = -0.003 s, delay = 0.020 s 
client 2024-01-31 02:15:53,045 [INFO] Sending command to the server: 'time'
client 2024-01-31 02:15:53,048 [INFO] Got response: '1706667353.0472093'
client 2024-01-31 02:15:53,048 [INFO] The time difference between the client and the server is within range -1.564 ms..1.166 ms
client 2024-01-31 02:15:53,048 [INFO] Sending command to the server: 'session,2024-01-31_02-10-11,start,testing'
client 2024-01-31 02:16:06,066 [INFO] Got response: 'OK'
client 2024-01-31 02:16:06,067 [INFO] Sending command to the server: 'time'
client 2024-01-31 02:16:06,070 [INFO] Got response: '1706667366.068856'
client 2024-01-31 02:16:06,070 [INFO] The time difference between the client and the server is within range -1.560 ms..1.991 ms
client 2024-01-31 02:16:06,071 [INFO] Running the workload 'CM_MLPERF_RUN_COUNT=$(cat ${CM_RUN_DIR}/count.txt); echo ${CM_MLPERF_RUN_COUNT}; CM_MLPERF_RUN_COUNT=$((CM_MLPERF_RUN_COUNT+1)); echo ${CM_MLPERF_RUN_COUNT} > ${CM_RUN_DIR}/count.txt && if [ ${CM_MLPERF_RUN_COUNT} -eq "1" ]; then export CM_MLPERF_USER_CONF=${CM_MLPERF_RANGING_USER_CONF}; else export CM_MLPERF_USER_CONF=${CM_MLPERF_TESTING_USER_CONF}; fi && /home/arjun/run.out'
client 2024-01-31 02:26:10,476 [INFO] Sending command to the server: 'time'
client 2024-01-31 02:26:10,513 [INFO] Got response: '1706667970.5114968'
client 2024-01-31 02:26:10,514 [INFO] The time difference between the client and the server is within range -35.272 ms..3.087 ms
client 2024-01-31 02:26:10,515 [INFO] Sending command to the server: 'session,2024-01-31_02-10-11,stop,testing'
client 2024-01-31 02:26:21,114 [INFO] Got response: 'OK'
client 2024-01-31 02:26:21,115 [INFO] Sending command to the server: 'time'
client 2024-01-31 02:26:21,117 [INFO] Got response: '1706667981.1172612'
client 2024-01-31 02:26:21,118 [INFO] The time difference between the client and the server is within range -2.108 ms..0.950 ms
client 2024-01-31 02:26:21,123 [INFO] Copying loadgen logs from '/home/arjun/results_dir/valid_results/orin-tflite_cpp-cpu-tflite-vmaster-with_live_preprocessing/mobilenet-v2-precision_float-0.75-192/singlestream/performance/run_1' to '/home/arjun/results_dir/valid_results/orin-tflite_cpp-cpu-tflite-vmaster-with_live_preprocessing/mobilenet-v2-precision_float-0.75-192/singlestream/performance/tmp_power/run_1'
client 2024-01-31 02:26:21,125 [INFO] Done runs
