client 2024-02-04 20:18:38,766 [INFO] Creating output directory '/home/arjun/results_dir/valid_results/orin-tflite_armnn_cpp-cpu-armnn_tflite-v23.11-using_neon_with_live_preprocessing/efficientnet-fp32-lite0/singlestream/performance/tmp_power'
client 2024-02-04 20:18:38,769 [INFO] Sending command to the server: 'mlcommons/power client v3'
client 2024-02-04 20:18:38,773 [INFO] Got response: 'mlcommons/power server v3'
client 2024-02-04 20:18:38,773 [INFO] Synchronizing with the server and with time.google.com...
client 2024-02-04 20:18:38,810 [INFO] NTP:offset = -0.005 s, delay = 0.021 s 
client 2024-02-04 20:18:38,811 [INFO] Sending command to the server: 'time'
client 2024-02-04 20:18:38,814 [INFO] Got response: '1707077918.817053'
client 2024-02-04 20:18:38,814 [INFO] The time difference between the client and the server is within range -6.004 ms..-2.206 ms
client 2024-02-04 20:18:38,815 [INFO] Sending command to the server: 'new,,6570f970-2098-4409-b832-b613dc0eb1c5'
client 2024-02-04 20:18:38,818 [INFO] Got response: 'OK 2024-02-04_20-18-38,e3ea8423-18c1-4917-8b13-7f8fbe4b5d3f'
client 2024-02-04 20:18:38,818 [INFO] Session id is '2024-02-04_20-18-38'
client 2024-02-04 20:18:38,818 [INFO] Sources: {"sources": {"__init__.py": "da39a3ee5e6b4b0d3255bfef95601890afd80709", "client.py": "33ca4f26368777ac06e01f9567b714a4b8063886", "lib/__init__.py": "da39a3ee5e6b4b0d3255bfef95601890afd80709", "lib/client.py": "ac2aa093c8e8bbc9569b9e2a3471bc64e58a2258", "lib/common.py": "611d8b29633d331eb19c9455ea3b5fa3284ed6df", "lib/external/__init__.py": "da39a3ee5e6b4b0d3255bfef95601890afd80709", "lib/external/ntplib.py": "4da8f970656505a40483206ef2b5d3dd5e81711d", "lib/server.py": "99303c836c683aa9017ec565104e636161d02acb", "lib/source_hashes.py": "60a2e02193209e8d392803326208d5466342da18", "lib/summary.py": "aa92f0a3f975eecd44d3c0cd0236342ccc9f941d", "lib/time_sync.py": "80894ef2389e540781ff78de94db16aa4203a14e", "server.py": "c3f90f2f7eeb4db30727556d0c815ebc89b3d28b", "tests/unit/__init__.py": "da39a3ee5e6b4b0d3255bfef95601890afd80709", "tests/unit/test_server.py": "948c1995d4008bc2aa6c4046a34ffa3858d6d671", "tests/unit/test_source_hashes.py": "00468a2907583c593e6574a1f6b404e4651c221a"}, "modules": {"ptd_client_server.lib.client": "lib/client.py", "ptd_client_server.lib.common": "lib/common.py", "ptd_client_server.lib.external.ntplib": "lib/external/ntplib.py", "ptd_client_server.lib.source_hashes": "lib/source_hashes.py", "ptd_client_server.lib.summary": "lib/summary.py", "ptd_client_server.lib.time_sync": "lib/time_sync.py"}}
client 2024-02-04 20:18:38,819 [INFO] Running workload in ranging mode
client 2024-02-04 20:18:38,819 [INFO] Synchronizing with the server and with time.google.com...
client 2024-02-04 20:18:38,845 [INFO] NTP:offset = -0.003 s, delay = 0.025 s 
client 2024-02-04 20:18:38,845 [INFO] Sending command to the server: 'time'
client 2024-02-04 20:18:38,848 [INFO] Got response: '1707077918.8513994'
client 2024-02-04 20:18:38,848 [INFO] The time difference between the client and the server is within range -5.803 ms..-2.860 ms
client 2024-02-04 20:18:38,848 [INFO] Sending command to the server: 'session,2024-02-04_20-18-38,start,ranging'
client 2024-02-04 20:19:06,936 [INFO] Got response: 'OK'
client 2024-02-04 20:19:06,939 [INFO] Sending command to the server: 'time'
client 2024-02-04 20:19:06,943 [INFO] Got response: '1707077946.9455612'
client 2024-02-04 20:19:06,943 [INFO] The time difference between the client and the server is within range -6.625 ms..-2.266 ms
client 2024-02-04 20:19:06,943 [INFO] Running the workload 'CM_MLPERF_RUN_COUNT=$(cat ${CM_RUN_DIR}/count.txt); echo ${CM_MLPERF_RUN_COUNT}; CM_MLPERF_RUN_COUNT=$((CM_MLPERF_RUN_COUNT+1)); echo ${CM_MLPERF_RUN_COUNT} > ${CM_RUN_DIR}/count.txt && if [ ${CM_MLPERF_RUN_COUNT} -eq "1" ]; then export CM_MLPERF_USER_CONF=${CM_MLPERF_RANGING_USER_CONF}; else export CM_MLPERF_USER_CONF=${CM_MLPERF_TESTING_USER_CONF}; fi && /mnt/CM/repos/ctuning@mlcommons-ck/cm-mlops/script/get-lib-armnn/run.out'
client 2024-02-04 20:24:09,474 [INFO] Sending command to the server: 'time'
client 2024-02-04 20:24:09,478 [INFO] Got response: '1707078249.4821546'
client 2024-02-04 20:24:09,478 [INFO] The time difference between the client and the server is within range -8.258 ms..-3.237 ms
client 2024-02-04 20:24:09,479 [INFO] Sending command to the server: 'session,2024-02-04_20-18-38,stop,ranging'
client 2024-02-04 20:24:20,047 [INFO] Got response: 'OK'
client 2024-02-04 20:24:20,048 [INFO] Sending command to the server: 'time'
client 2024-02-04 20:24:20,051 [INFO] Got response: '1707078260.0552955'
client 2024-02-04 20:24:20,051 [INFO] The time difference between the client and the server is within range -6.988 ms..-3.988 ms
client 2024-02-04 20:24:20,059 [INFO] Copying loadgen logs from '/home/arjun/results_dir/valid_results/orin-tflite_armnn_cpp-cpu-armnn_tflite-v23.11-using_neon_with_live_preprocessing/efficientnet-fp32-lite0/singlestream/performance/run_1' to '/home/arjun/results_dir/valid_results/orin-tflite_armnn_cpp-cpu-armnn_tflite-v23.11-using_neon_with_live_preprocessing/efficientnet-fp32-lite0/singlestream/performance/tmp_power/ranging'
client 2024-02-04 20:24:20,060 [INFO] Running workload in testing mode
client 2024-02-04 20:24:20,060 [INFO] Synchronizing with the server and with time.google.com...
client 2024-02-04 20:24:20,083 [INFO] NTP:offset = -0.002 s, delay = 0.021 s 
client 2024-02-04 20:24:20,083 [INFO] Sending command to the server: 'time'
client 2024-02-04 20:24:20,086 [INFO] Got response: '1707078260.0906758'
client 2024-02-04 20:24:20,086 [INFO] The time difference between the client and the server is within range -6.950 ms..-3.874 ms
client 2024-02-04 20:24:20,086 [INFO] Sending command to the server: 'session,2024-02-04_20-18-38,start,testing'
client 2024-02-04 20:24:33,106 [INFO] Got response: 'OK'
client 2024-02-04 20:24:33,107 [INFO] Sending command to the server: 'time'
client 2024-02-04 20:24:33,111 [INFO] Got response: '1707078273.1142433'
client 2024-02-04 20:24:33,112 [INFO] The time difference between the client and the server is within range -7.132 ms..-2.123 ms
client 2024-02-04 20:24:33,112 [INFO] Running the workload 'CM_MLPERF_RUN_COUNT=$(cat ${CM_RUN_DIR}/count.txt); echo ${CM_MLPERF_RUN_COUNT}; CM_MLPERF_RUN_COUNT=$((CM_MLPERF_RUN_COUNT+1)); echo ${CM_MLPERF_RUN_COUNT} > ${CM_RUN_DIR}/count.txt && if [ ${CM_MLPERF_RUN_COUNT} -eq "1" ]; then export CM_MLPERF_USER_CONF=${CM_MLPERF_RANGING_USER_CONF}; else export CM_MLPERF_USER_CONF=${CM_MLPERF_TESTING_USER_CONF}; fi && /mnt/CM/repos/ctuning@mlcommons-ck/cm-mlops/script/get-lib-armnn/run.out'
client 2024-02-04 20:34:37,770 [INFO] Sending command to the server: 'time'
client 2024-02-04 20:34:37,813 [INFO] Got response: '1707078877.8134212'
client 2024-02-04 20:34:37,813 [INFO] The time difference between the client and the server is within range -42.911 ms..0.344 ms
client 2024-02-04 20:34:37,814 [INFO] Sending command to the server: 'session,2024-02-04_20-18-38,stop,testing'
client 2024-02-04 20:34:48,168 [INFO] Got response: 'OK'
client 2024-02-04 20:34:48,169 [INFO] Sending command to the server: 'time'
client 2024-02-04 20:34:48,173 [INFO] Got response: '1707078888.1740448'
client 2024-02-04 20:34:48,174 [INFO] The time difference between the client and the server is within range -4.215 ms..0.175 ms
client 2024-02-04 20:34:48,179 [INFO] Copying loadgen logs from '/home/arjun/results_dir/valid_results/orin-tflite_armnn_cpp-cpu-armnn_tflite-v23.11-using_neon_with_live_preprocessing/efficientnet-fp32-lite0/singlestream/performance/run_1' to '/home/arjun/results_dir/valid_results/orin-tflite_armnn_cpp-cpu-armnn_tflite-v23.11-using_neon_with_live_preprocessing/efficientnet-fp32-lite0/singlestream/performance/tmp_power/run_1'
client 2024-02-04 20:34:48,181 [INFO] Done runs
