DeepSparse, Copyright 2021-present / Neuralmagic, Inc. version: 1.6.1 COMMUNITY | (eff4f95d) (release) (optimized) (system=neon, binary=neon)
2024-02-23 16:45:01 deepsparse.utils.onnx INFO     Generating input 'input_ids', type = int64, shape = [1, 384]
2024-02-23 16:45:01 deepsparse.utils.onnx INFO     Generating input 'attention_mask', type = int64, shape = [1, 384]
2024-02-23 16:45:01 deepsparse.utils.onnx INFO     Generating input 'token_type_ids', type = int64, shape = [1, 384]
================================================
MLPerf Results Summary
================================================
SUT name : PySUT
Scenario : Offline
Mode     : PerformanceOnly
Samples per second: 2.69294
Result is : VALID
  Min duration satisfied : Yes
  Min queries satisfied : Yes
  Early stopping satisfied: Yes

================================================
Additional Stats
================================================
Min latency (ns)                : 401205750
Max latency (ns)                : 4022745462500
Mean latency (ns)               : 1681904096614
50.00 percentile latency (ns)   : 1519569620750
90.00 percentile latency (ns)   : 3420197683083
95.00 percentile latency (ns)   : 3721757530875
97.00 percentile latency (ns)   : 3842532001667
99.00 percentile latency (ns)   : 3962670377875
99.90 percentile latency (ns)   : 4017179121958

================================================
Test Parameters Used
================================================
samples_per_query : 10833
target_qps : 2.72637
target_latency (ns): 0
max_async_queries : 1
min_duration (ms): 600000
max_duration (ms): 0
min_query_count : 1
max_query_count : 0
qsl_rng_seed : 13281865557512327830
sample_index_rng_seed : 198141574272810017
schedule_rng_seed : 7575108116881280410
accuracy_log_rng_seed : 0
accuracy_log_probability : 0
accuracy_log_sampling_target : 0
print_timestamps : 0
performance_issue_unique : 0
performance_issue_same : 0
performance_issue_same_index : 0
performance_sample_count : 10833

No warnings encountered during test.

No errors encountered during test.
Loading ONNX model... /Users/tejasmalladi/.cache/sparsezoo/neuralmagic/obert-large-squad_wikipedia_bookcorpus-base/model.onnx
Constructing SUT...
Finished constructing SUT.
Constructing QSL...
Loading cached features from 'eval_features.pickle'...
Finished constructing QSL.
Warming up engine...
Running LoadGen test...
Done!
Destroying SUT...
Destroying QSL...
Finished destroying SUT.
Finished destroying QSL.
