client 2024-01-29 15:21:32,472 [INFO] Creating output directory '/home/arjun/results_dir/valid_results/orin-tflite_cpp-cpu-tflite-vmaster-default_config/mobilenet-v3-precision_uint8-large-224/singlestream/performance/tmp_power'
client 2024-01-29 15:21:32,476 [INFO] Sending command to the server: 'mlcommons/power client v3'
client 2024-01-29 15:21:32,480 [INFO] Got response: 'mlcommons/power server v3'
client 2024-01-29 15:21:32,480 [INFO] Synchronizing with the server and with time.google.com...
client 2024-01-29 15:21:32,506 [INFO] NTP:offset = -0.004 s, delay = 0.021 s 
client 2024-01-29 15:21:32,506 [INFO] Sending command to the server: 'time'
client 2024-01-29 15:21:32,511 [INFO] Got response: '1706541692.5055728'
client 2024-01-29 15:21:32,511 [INFO] The time difference between the client and the server is within range 1.003 ms..5.584 ms
client 2024-01-29 15:21:32,511 [INFO] Sending command to the server: 'new,,d7131fbf-841e-4185-9852-8ca754d1e305'
client 2024-01-29 15:21:32,514 [INFO] Got response: 'OK 2024-01-29_15-21-32,a985abe0-e0bc-4dc5-a221-4af6e04e0019'
client 2024-01-29 15:21:32,514 [INFO] Session id is '2024-01-29_15-21-32'
client 2024-01-29 15:21:32,515 [INFO] Sources: {"sources": {"__init__.py": "da39a3ee5e6b4b0d3255bfef95601890afd80709", "client.py": "33ca4f26368777ac06e01f9567b714a4b8063886", "lib/__init__.py": "da39a3ee5e6b4b0d3255bfef95601890afd80709", "lib/client.py": "ac2aa093c8e8bbc9569b9e2a3471bc64e58a2258", "lib/common.py": "611d8b29633d331eb19c9455ea3b5fa3284ed6df", "lib/external/__init__.py": "da39a3ee5e6b4b0d3255bfef95601890afd80709", "lib/external/ntplib.py": "4da8f970656505a40483206ef2b5d3dd5e81711d", "lib/server.py": "99303c836c683aa9017ec565104e636161d02acb", "lib/source_hashes.py": "60a2e02193209e8d392803326208d5466342da18", "lib/summary.py": "aa92f0a3f975eecd44d3c0cd0236342ccc9f941d", "lib/time_sync.py": "80894ef2389e540781ff78de94db16aa4203a14e", "server.py": "c3f90f2f7eeb4db30727556d0c815ebc89b3d28b", "tests/unit/__init__.py": "da39a3ee5e6b4b0d3255bfef95601890afd80709", "tests/unit/test_server.py": "948c1995d4008bc2aa6c4046a34ffa3858d6d671", "tests/unit/test_source_hashes.py": "00468a2907583c593e6574a1f6b404e4651c221a"}, "modules": {"ptd_client_server.lib.client": "lib/client.py", "ptd_client_server.lib.common": "lib/common.py", "ptd_client_server.lib.external.ntplib": "lib/external/ntplib.py", "ptd_client_server.lib.source_hashes": "lib/source_hashes.py", "ptd_client_server.lib.summary": "lib/summary.py", "ptd_client_server.lib.time_sync": "lib/time_sync.py"}}
client 2024-01-29 15:21:32,515 [INFO] Running workload in ranging mode
client 2024-01-29 15:21:32,515 [INFO] Synchronizing with the server and with time.google.com...
client 2024-01-29 15:21:32,536 [INFO] NTP:offset = -0.004 s, delay = 0.020 s 
client 2024-01-29 15:21:32,536 [INFO] Sending command to the server: 'time'
client 2024-01-29 15:21:32,540 [INFO] Got response: '1706541692.535866'
client 2024-01-29 15:21:32,540 [INFO] The time difference between the client and the server is within range 1.051 ms..5.025 ms
client 2024-01-29 15:21:32,541 [INFO] Sending command to the server: 'session,2024-01-29_15-21-32,start,ranging'
client 2024-01-29 15:22:00,614 [INFO] Got response: 'OK'
client 2024-01-29 15:22:00,616 [INFO] Sending command to the server: 'time'
client 2024-01-29 15:22:00,621 [INFO] Got response: '1706541720.6155543'
client 2024-01-29 15:22:00,621 [INFO] The time difference between the client and the server is within range 0.994 ms..5.761 ms
client 2024-01-29 15:22:00,621 [INFO] Running the workload 'CM_MLPERF_RUN_COUNT=$(cat ${CM_RUN_DIR}/count.txt); echo ${CM_MLPERF_RUN_COUNT}; CM_MLPERF_RUN_COUNT=$((CM_MLPERF_RUN_COUNT+1)); echo ${CM_MLPERF_RUN_COUNT} > ${CM_RUN_DIR}/count.txt && if [ ${CM_MLPERF_RUN_COUNT} -eq "1" ]; then export CM_MLPERF_USER_CONF=${CM_MLPERF_RANGING_USER_CONF}; else export CM_MLPERF_USER_CONF=${CM_MLPERF_TESTING_USER_CONF}; fi && /mnt/CM/repos/ctuning@mlcommons-ck/cm-mlops/script/benchmark-any-mlperf-inference-implementation/run.out'
client 2024-01-29 15:27:03,084 [INFO] Sending command to the server: 'time'
client 2024-01-29 15:27:03,100 [INFO] Got response: '1706542023.0960631'
client 2024-01-29 15:27:03,101 [INFO] The time difference between the client and the server is within range -11.652 ms..5.360 ms
client 2024-01-29 15:27:03,101 [INFO] Sending command to the server: 'session,2024-01-29_15-21-32,stop,ranging'
client 2024-01-29 15:27:13,733 [INFO] Got response: 'OK'
client 2024-01-29 15:27:13,735 [INFO] Sending command to the server: 'time'
client 2024-01-29 15:27:13,738 [INFO] Got response: '1706542033.733947'
client 2024-01-29 15:27:13,738 [INFO] The time difference between the client and the server is within range 1.072 ms..4.869 ms
client 2024-01-29 15:27:13,755 [INFO] Copying loadgen logs from '/home/arjun/results_dir/valid_results/orin-tflite_cpp-cpu-tflite-vmaster-default_config/mobilenet-v3-precision_uint8-large-224/singlestream/performance/run_1' to '/home/arjun/results_dir/valid_results/orin-tflite_cpp-cpu-tflite-vmaster-default_config/mobilenet-v3-precision_uint8-large-224/singlestream/performance/tmp_power/ranging'
client 2024-01-29 15:27:13,758 [INFO] Running workload in testing mode
client 2024-01-29 15:27:13,758 [INFO] Synchronizing with the server and with time.google.com...
client 2024-01-29 15:27:13,786 [INFO] NTP:offset = -0.004 s, delay = 0.022 s 
client 2024-01-29 15:27:13,786 [INFO] Sending command to the server: 'time'
client 2024-01-29 15:27:13,790 [INFO] Got response: '1706542033.7853694'
client 2024-01-29 15:27:13,790 [INFO] The time difference between the client and the server is within range 0.867 ms..5.080 ms
client 2024-01-29 15:27:13,790 [INFO] Sending command to the server: 'session,2024-01-29_15-21-32,start,testing'
client 2024-01-29 15:27:26,813 [INFO] Got response: 'OK'
client 2024-01-29 15:27:26,814 [INFO] Sending command to the server: 'time'
client 2024-01-29 15:27:26,817 [INFO] Got response: '1706542046.8132975'
client 2024-01-29 15:27:26,817 [INFO] The time difference between the client and the server is within range 1.013 ms..4.385 ms
client 2024-01-29 15:27:26,817 [INFO] Running the workload 'CM_MLPERF_RUN_COUNT=$(cat ${CM_RUN_DIR}/count.txt); echo ${CM_MLPERF_RUN_COUNT}; CM_MLPERF_RUN_COUNT=$((CM_MLPERF_RUN_COUNT+1)); echo ${CM_MLPERF_RUN_COUNT} > ${CM_RUN_DIR}/count.txt && if [ ${CM_MLPERF_RUN_COUNT} -eq "1" ]; then export CM_MLPERF_USER_CONF=${CM_MLPERF_RANGING_USER_CONF}; else export CM_MLPERF_USER_CONF=${CM_MLPERF_TESTING_USER_CONF}; fi && /mnt/CM/repos/ctuning@mlcommons-ck/cm-mlops/script/benchmark-any-mlperf-inference-implementation/run.out'
client 2024-01-29 15:37:31,168 [INFO] Sending command to the server: 'time'
client 2024-01-29 15:37:31,328 [INFO] Got response: '1706542651.3234076'
client 2024-01-29 15:37:31,329 [INFO] The time difference between the client and the server is within range -155.455 ms..5.687 ms
client 2024-01-29 15:37:31,329 [INFO] Sending command to the server: 'session,2024-01-29_15-21-32,stop,testing'
client 2024-01-29 15:37:41,869 [INFO] Got response: 'OK'
client 2024-01-29 15:37:41,869 [INFO] Sending command to the server: 'time'
client 2024-01-29 15:37:41,874 [INFO] Got response: '1706542661.8695805'
client 2024-01-29 15:37:41,874 [INFO] The time difference between the client and the server is within range 0.154 ms..4.977 ms
client 2024-01-29 15:37:41,879 [INFO] Copying loadgen logs from '/home/arjun/results_dir/valid_results/orin-tflite_cpp-cpu-tflite-vmaster-default_config/mobilenet-v3-precision_uint8-large-224/singlestream/performance/run_1' to '/home/arjun/results_dir/valid_results/orin-tflite_cpp-cpu-tflite-vmaster-default_config/mobilenet-v3-precision_uint8-large-224/singlestream/performance/tmp_power/run_1'
client 2024-01-29 15:37:41,881 [INFO] Done runs
