client 2024-01-30 23:07:24,448 [INFO] Creating output directory '/home/arjun/results_dir/valid_results/orin-tflite_cpp-cpu-tflite-vmaster-with_live_preprocessing/mobilenet-v1-precision_float-0.5-160/singlestream/performance/tmp_power'
client 2024-01-30 23:07:24,451 [INFO] Sending command to the server: 'mlcommons/power client v3'
client 2024-01-30 23:07:24,454 [INFO] Got response: 'mlcommons/power server v3'
client 2024-01-30 23:07:24,454 [INFO] Synchronizing with the server and with time.google.com...
client 2024-01-30 23:07:24,486 [INFO] NTP:offset = -0.003 s, delay = 0.026 s 
client 2024-01-30 23:07:24,486 [INFO] Sending command to the server: 'time'
client 2024-01-30 23:07:24,489 [INFO] Got response: '1706656044.4862082'
client 2024-01-30 23:07:24,489 [INFO] The time difference between the client and the server is within range -0.014 ms..3.684 ms
client 2024-01-30 23:07:24,490 [INFO] Sending command to the server: 'new,,7521d9ae-9cf5-4130-97f8-5e947f5a69e4'
client 2024-01-30 23:07:24,493 [INFO] Got response: 'OK 2024-01-30_23-07-24,890e72a4-c179-40db-be1f-e904784c27ce'
client 2024-01-30 23:07:24,494 [INFO] Session id is '2024-01-30_23-07-24'
client 2024-01-30 23:07:24,494 [INFO] Sources: {"sources": {"__init__.py": "da39a3ee5e6b4b0d3255bfef95601890afd80709", "client.py": "33ca4f26368777ac06e01f9567b714a4b8063886", "lib/__init__.py": "da39a3ee5e6b4b0d3255bfef95601890afd80709", "lib/client.py": "ac2aa093c8e8bbc9569b9e2a3471bc64e58a2258", "lib/common.py": "611d8b29633d331eb19c9455ea3b5fa3284ed6df", "lib/external/__init__.py": "da39a3ee5e6b4b0d3255bfef95601890afd80709", "lib/external/ntplib.py": "4da8f970656505a40483206ef2b5d3dd5e81711d", "lib/server.py": "99303c836c683aa9017ec565104e636161d02acb", "lib/source_hashes.py": "60a2e02193209e8d392803326208d5466342da18", "lib/summary.py": "aa92f0a3f975eecd44d3c0cd0236342ccc9f941d", "lib/time_sync.py": "80894ef2389e540781ff78de94db16aa4203a14e", "server.py": "c3f90f2f7eeb4db30727556d0c815ebc89b3d28b", "tests/unit/__init__.py": "da39a3ee5e6b4b0d3255bfef95601890afd80709", "tests/unit/test_server.py": "948c1995d4008bc2aa6c4046a34ffa3858d6d671", "tests/unit/test_source_hashes.py": "00468a2907583c593e6574a1f6b404e4651c221a"}, "modules": {"ptd_client_server.lib.client": "lib/client.py", "ptd_client_server.lib.common": "lib/common.py", "ptd_client_server.lib.external.ntplib": "lib/external/ntplib.py", "ptd_client_server.lib.source_hashes": "lib/source_hashes.py", "ptd_client_server.lib.summary": "lib/summary.py", "ptd_client_server.lib.time_sync": "lib/time_sync.py"}}
client 2024-01-30 23:07:24,494 [INFO] Running workload in ranging mode
client 2024-01-30 23:07:24,494 [INFO] Synchronizing with the server and with time.google.com...
client 2024-01-30 23:07:24,514 [INFO] NTP:offset = -0.005 s, delay = 0.019 s 
client 2024-01-30 23:07:24,514 [INFO] Sending command to the server: 'time'
client 2024-01-30 23:07:24,517 [INFO] Got response: '1706656044.514296'
client 2024-01-30 23:07:24,517 [INFO] The time difference between the client and the server is within range 0.314 ms..3.665 ms
client 2024-01-30 23:07:24,518 [INFO] Sending command to the server: 'session,2024-01-30_23-07-24,start,ranging'
client 2024-01-30 23:07:52,595 [INFO] Got response: 'OK'
client 2024-01-30 23:07:52,598 [INFO] Sending command to the server: 'time'
client 2024-01-30 23:07:52,602 [INFO] Got response: '1706656072.5985677'
client 2024-01-30 23:07:52,603 [INFO] The time difference between the client and the server is within range -0.055 ms..4.490 ms
client 2024-01-30 23:07:52,603 [INFO] Running the workload 'CM_MLPERF_RUN_COUNT=$(cat ${CM_RUN_DIR}/count.txt); echo ${CM_MLPERF_RUN_COUNT}; CM_MLPERF_RUN_COUNT=$((CM_MLPERF_RUN_COUNT+1)); echo ${CM_MLPERF_RUN_COUNT} > ${CM_RUN_DIR}/count.txt && if [ ${CM_MLPERF_RUN_COUNT} -eq "1" ]; then export CM_MLPERF_USER_CONF=${CM_MLPERF_RANGING_USER_CONF}; else export CM_MLPERF_USER_CONF=${CM_MLPERF_TESTING_USER_CONF}; fi && /home/arjun/run.out'
client 2024-01-30 23:12:55,091 [INFO] Sending command to the server: 'time'
client 2024-01-30 23:12:55,094 [INFO] Got response: '1706656375.0906632'
client 2024-01-30 23:12:55,095 [INFO] The time difference between the client and the server is within range 0.685 ms..4.397 ms
client 2024-01-30 23:12:55,095 [INFO] Sending command to the server: 'session,2024-01-30_23-07-24,stop,ranging'
client 2024-01-30 23:13:05,740 [INFO] Got response: 'OK'
client 2024-01-30 23:13:05,740 [INFO] Sending command to the server: 'time'
client 2024-01-30 23:13:05,744 [INFO] Got response: '1706656385.7400367'
client 2024-01-30 23:13:05,744 [INFO] The time difference between the client and the server is within range 0.589 ms..4.789 ms
client 2024-01-30 23:13:05,761 [INFO] Copying loadgen logs from '/home/arjun/results_dir/valid_results/orin-tflite_cpp-cpu-tflite-vmaster-with_live_preprocessing/mobilenet-v1-precision_float-0.5-160/singlestream/performance/run_1' to '/home/arjun/results_dir/valid_results/orin-tflite_cpp-cpu-tflite-vmaster-with_live_preprocessing/mobilenet-v1-precision_float-0.5-160/singlestream/performance/tmp_power/ranging'
client 2024-01-30 23:13:05,764 [INFO] Running workload in testing mode
client 2024-01-30 23:13:05,764 [INFO] Synchronizing with the server and with time.google.com...
client 2024-01-30 23:13:05,796 [INFO] NTP:offset = -0.004 s, delay = 0.026 s 
client 2024-01-30 23:13:05,796 [INFO] Sending command to the server: 'time'
client 2024-01-30 23:13:05,801 [INFO] Got response: '1706656385.7966983'
client 2024-01-30 23:13:05,801 [INFO] The time difference between the client and the server is within range 0.134 ms..5.023 ms
client 2024-01-30 23:13:05,801 [INFO] Sending command to the server: 'session,2024-01-30_23-07-24,start,testing'
client 2024-01-30 23:13:18,824 [INFO] Got response: 'OK'
client 2024-01-30 23:13:18,826 [INFO] Sending command to the server: 'time'
client 2024-01-30 23:13:18,830 [INFO] Got response: '1706656398.8253036'
client 2024-01-30 23:13:18,830 [INFO] The time difference between the client and the server is within range 0.793 ms..5.120 ms
client 2024-01-30 23:13:18,830 [INFO] Running the workload 'CM_MLPERF_RUN_COUNT=$(cat ${CM_RUN_DIR}/count.txt); echo ${CM_MLPERF_RUN_COUNT}; CM_MLPERF_RUN_COUNT=$((CM_MLPERF_RUN_COUNT+1)); echo ${CM_MLPERF_RUN_COUNT} > ${CM_RUN_DIR}/count.txt && if [ ${CM_MLPERF_RUN_COUNT} -eq "1" ]; then export CM_MLPERF_USER_CONF=${CM_MLPERF_RANGING_USER_CONF}; else export CM_MLPERF_USER_CONF=${CM_MLPERF_TESTING_USER_CONF}; fi && /home/arjun/run.out'
client 2024-01-30 23:23:23,139 [INFO] Sending command to the server: 'time'
client 2024-01-30 23:23:23,342 [INFO] Got response: '1706657003.3353195'
client 2024-01-30 23:23:23,343 [INFO] The time difference between the client and the server is within range -195.751 ms..7.651 ms
client 2024-01-30 23:23:23,343 [INFO] Sending command to the server: 'session,2024-01-30_23-07-24,stop,testing'
client 2024-01-30 23:23:33,907 [INFO] Got response: 'OK'
client 2024-01-30 23:23:33,907 [INFO] Sending command to the server: 'time'
client 2024-01-30 23:23:33,911 [INFO] Got response: '1706657013.9053357'
client 2024-01-30 23:23:33,911 [INFO] The time difference between the client and the server is within range 2.457 ms..6.430 ms
client 2024-01-30 23:23:33,916 [INFO] Copying loadgen logs from '/home/arjun/results_dir/valid_results/orin-tflite_cpp-cpu-tflite-vmaster-with_live_preprocessing/mobilenet-v1-precision_float-0.5-160/singlestream/performance/run_1' to '/home/arjun/results_dir/valid_results/orin-tflite_cpp-cpu-tflite-vmaster-with_live_preprocessing/mobilenet-v1-precision_float-0.5-160/singlestream/performance/tmp_power/run_1'
client 2024-01-30 23:23:33,930 [INFO] Done runs
