client 2024-02-01 07:22:38,490 [INFO] Creating output directory '/home/arjun/results_dir/valid_results/orin-tflite_armnn_cpp-cpu-armnn_tflite-v23.05-using_neon/mobilenet-v2-precision_uint8-1.0-192/singlestream/performance/tmp_power'
client 2024-02-01 07:22:38,493 [INFO] Sending command to the server: 'mlcommons/power client v3'
client 2024-02-01 07:22:38,495 [INFO] Got response: 'mlcommons/power server v3'
client 2024-02-01 07:22:38,496 [INFO] Synchronizing with the server and with time.google.com...
client 2024-02-01 07:22:38,523 [INFO] NTP:offset = -0.003 s, delay = 0.021 s 
client 2024-02-01 07:22:38,523 [INFO] Sending command to the server: 'time'
client 2024-02-01 07:22:38,526 [INFO] Got response: '1706772158.5218182'
client 2024-02-01 07:22:38,526 [INFO] The time difference between the client and the server is within range 1.417 ms..4.627 ms
client 2024-02-01 07:22:38,526 [INFO] Sending command to the server: 'new,,50c018a6-9cf8-4bff-b0ff-699459ea740b'
client 2024-02-01 07:22:38,529 [INFO] Got response: 'OK 2024-02-01_07-22-38,1e3a8dcc-f93c-4650-90f4-65401def9c91'
client 2024-02-01 07:22:38,529 [INFO] Session id is '2024-02-01_07-22-38'
client 2024-02-01 07:22:38,529 [INFO] Sources: {"sources": {"__init__.py": "da39a3ee5e6b4b0d3255bfef95601890afd80709", "client.py": "33ca4f26368777ac06e01f9567b714a4b8063886", "lib/__init__.py": "da39a3ee5e6b4b0d3255bfef95601890afd80709", "lib/client.py": "ac2aa093c8e8bbc9569b9e2a3471bc64e58a2258", "lib/common.py": "611d8b29633d331eb19c9455ea3b5fa3284ed6df", "lib/external/__init__.py": "da39a3ee5e6b4b0d3255bfef95601890afd80709", "lib/external/ntplib.py": "4da8f970656505a40483206ef2b5d3dd5e81711d", "lib/server.py": "99303c836c683aa9017ec565104e636161d02acb", "lib/source_hashes.py": "60a2e02193209e8d392803326208d5466342da18", "lib/summary.py": "aa92f0a3f975eecd44d3c0cd0236342ccc9f941d", "lib/time_sync.py": "80894ef2389e540781ff78de94db16aa4203a14e", "server.py": "c3f90f2f7eeb4db30727556d0c815ebc89b3d28b", "tests/unit/__init__.py": "da39a3ee5e6b4b0d3255bfef95601890afd80709", "tests/unit/test_server.py": "948c1995d4008bc2aa6c4046a34ffa3858d6d671", "tests/unit/test_source_hashes.py": "00468a2907583c593e6574a1f6b404e4651c221a"}, "modules": {"ptd_client_server.lib.client": "lib/client.py", "ptd_client_server.lib.common": "lib/common.py", "ptd_client_server.lib.external.ntplib": "lib/external/ntplib.py", "ptd_client_server.lib.source_hashes": "lib/source_hashes.py", "ptd_client_server.lib.summary": "lib/summary.py", "ptd_client_server.lib.time_sync": "lib/time_sync.py"}}
client 2024-02-01 07:22:38,530 [INFO] Running workload in ranging mode
client 2024-02-01 07:22:38,530 [INFO] Synchronizing with the server and with time.google.com...
client 2024-02-01 07:22:38,551 [INFO] NTP:offset = -0.003 s, delay = 0.020 s 
client 2024-02-01 07:22:38,551 [INFO] Sending command to the server: 'time'
client 2024-02-01 07:22:38,554 [INFO] Got response: '1706772158.5500858'
client 2024-02-01 07:22:38,554 [INFO] The time difference between the client and the server is within range 1.511 ms..4.796 ms
client 2024-02-01 07:22:38,555 [INFO] Sending command to the server: 'session,2024-02-01_07-22-38,start,ranging'
client 2024-02-01 07:23:06,721 [INFO] Got response: 'OK'
client 2024-02-01 07:23:06,724 [INFO] Sending command to the server: 'time'
client 2024-02-01 07:23:06,728 [INFO] Got response: '1706772186.7241392'
client 2024-02-01 07:23:06,729 [INFO] The time difference between the client and the server is within range 0.225 ms..4.867 ms
client 2024-02-01 07:23:06,729 [INFO] Running the workload 'CM_MLPERF_RUN_COUNT=$(cat ${CM_RUN_DIR}/count.txt); echo ${CM_MLPERF_RUN_COUNT}; CM_MLPERF_RUN_COUNT=$((CM_MLPERF_RUN_COUNT+1)); echo ${CM_MLPERF_RUN_COUNT} > ${CM_RUN_DIR}/count.txt && if [ ${CM_MLPERF_RUN_COUNT} -eq "1" ]; then export CM_MLPERF_USER_CONF=${CM_MLPERF_RANGING_USER_CONF}; else export CM_MLPERF_USER_CONF=${CM_MLPERF_TESTING_USER_CONF}; fi && /mnt/CM/repos/ctuning@mlcommons-ck/cm-mlops/script/benchmark-any-mlperf-inference-implementation/run.out'
client 2024-02-01 07:28:09,287 [INFO] Sending command to the server: 'time'
client 2024-02-01 07:28:09,291 [INFO] Got response: '1706772489.287028'
client 2024-02-01 07:28:09,292 [INFO] The time difference between the client and the server is within range 0.604 ms..4.990 ms
client 2024-02-01 07:28:09,292 [INFO] Sending command to the server: 'session,2024-02-01_07-22-38,stop,ranging'
client 2024-02-01 07:28:19,949 [INFO] Got response: 'OK'
client 2024-02-01 07:28:19,950 [INFO] Sending command to the server: 'time'
client 2024-02-01 07:28:19,953 [INFO] Got response: '1706772499.9491327'
client 2024-02-01 07:28:19,954 [INFO] The time difference between the client and the server is within range 1.641 ms..5.173 ms
client 2024-02-01 07:28:19,971 [INFO] Copying loadgen logs from '/home/arjun/results_dir/valid_results/orin-tflite_armnn_cpp-cpu-armnn_tflite-v23.05-using_neon/mobilenet-v2-precision_uint8-1.0-192/singlestream/performance/run_1' to '/home/arjun/results_dir/valid_results/orin-tflite_armnn_cpp-cpu-armnn_tflite-v23.05-using_neon/mobilenet-v2-precision_uint8-1.0-192/singlestream/performance/tmp_power/ranging'
client 2024-02-01 07:28:19,974 [INFO] Running workload in testing mode
client 2024-02-01 07:28:19,974 [INFO] Synchronizing with the server and with time.google.com...
client 2024-02-01 07:28:20,002 [INFO] NTP:offset = -0.003 s, delay = 0.022 s 
client 2024-02-01 07:28:20,002 [INFO] Sending command to the server: 'time'
client 2024-02-01 07:28:20,006 [INFO] Got response: '1706772500.0011048'
client 2024-02-01 07:28:20,006 [INFO] The time difference between the client and the server is within range 1.629 ms..5.175 ms
client 2024-02-01 07:28:20,006 [INFO] Sending command to the server: 'session,2024-02-01_07-22-38,start,testing'
client 2024-02-01 07:28:33,024 [INFO] Got response: 'OK'
client 2024-02-01 07:28:33,025 [INFO] Sending command to the server: 'time'
client 2024-02-01 07:28:33,028 [INFO] Got response: '1706772513.0232303'
client 2024-02-01 07:28:33,028 [INFO] The time difference between the client and the server is within range 1.789 ms..5.430 ms
client 2024-02-01 07:28:33,028 [INFO] Running the workload 'CM_MLPERF_RUN_COUNT=$(cat ${CM_RUN_DIR}/count.txt); echo ${CM_MLPERF_RUN_COUNT}; CM_MLPERF_RUN_COUNT=$((CM_MLPERF_RUN_COUNT+1)); echo ${CM_MLPERF_RUN_COUNT} > ${CM_RUN_DIR}/count.txt && if [ ${CM_MLPERF_RUN_COUNT} -eq "1" ]; then export CM_MLPERF_USER_CONF=${CM_MLPERF_RANGING_USER_CONF}; else export CM_MLPERF_USER_CONF=${CM_MLPERF_TESTING_USER_CONF}; fi && /mnt/CM/repos/ctuning@mlcommons-ck/cm-mlops/script/benchmark-any-mlperf-inference-implementation/run.out'
client 2024-02-01 07:38:37,589 [INFO] Sending command to the server: 'time'
client 2024-02-01 07:38:37,767 [INFO] Got response: '1706773117.7605314'
client 2024-02-01 07:38:37,768 [INFO] The time difference between the client and the server is within range -171.105 ms..7.858 ms
client 2024-02-01 07:38:37,768 [INFO] Sending command to the server: 'session,2024-02-01_07-22-38,stop,testing'
client 2024-02-01 07:38:48,076 [INFO] Got response: 'OK'
client 2024-02-01 07:38:48,077 [INFO] Sending command to the server: 'time'
client 2024-02-01 07:38:48,080 [INFO] Got response: '1706773128.0745895'
client 2024-02-01 07:38:48,081 [INFO] The time difference between the client and the server is within range 2.688 ms..6.583 ms
client 2024-02-01 07:38:48,085 [INFO] Copying loadgen logs from '/home/arjun/results_dir/valid_results/orin-tflite_armnn_cpp-cpu-armnn_tflite-v23.05-using_neon/mobilenet-v2-precision_uint8-1.0-192/singlestream/performance/run_1' to '/home/arjun/results_dir/valid_results/orin-tflite_armnn_cpp-cpu-armnn_tflite-v23.05-using_neon/mobilenet-v2-precision_uint8-1.0-192/singlestream/performance/tmp_power/run_1'
client 2024-02-01 07:38:48,098 [INFO] Done runs
