Graph file: /home/ubuntu/CM/repos/local/cache/fdf76391f9e4421e/mobilenet_v1_0.75_160_quant.tflite
Image dir: /home/ubuntu/CM/repos/local/cache/794d5d70e7aa4999
Image list: /home/ubuntu/CM/repos/local/cache/794d5d70e7aa4999/preprocessed_files.txt
Image size: 160
Image channels: 3
Prediction classes: 1000
Result dir: /home/ubuntu/CM/repos/local/cache/ab6453667ee043c6/valid_results/t2.2xlarge-tflite_cpp-cpu-tflite-vmaster-default_config/mobilenet-v1-precision_uint8-0.75-160/singlestream/performance/run_1
How many images fit in memory buffer: 1024
Normalize: 1
Subtract mean: 0
Run time preprocessing: 1
Number of Threads: 8
Number of available imagefiles: 50000

Loading graph...
INFO: Created TensorFlow Lite XNNPACK delegate for CPU.
Input tensor dimensions (NHWC): 1*160*160*3
Output tensor dimensions: 1*1001
Path to mlperf.conf : /home/ubuntu/CM/repos/local/cache/579980e63fab43fc/inference/mlperf.conf
Path to user.conf : /home/ubuntu/CM/repos/ctuning@mlcommons-ck/cm-mlops/script/generate-mlperf-inference-user-conf/tmp/a944e09e12464d29892f63c862dd6900.conf
Model Name: mobilenet
LoadGen Scenario: SingleStream
LoadGen Mode: performance
