Graph file: /home/ubuntu/CM/repos/local/cache/0dfc29535659485e/v2_224_75/model.tflite
Image dir: /home/ubuntu/CM/repos/local/cache/4bcf71d9c3284aa0
Image list: /home/ubuntu/CM/repos/local/cache/4bcf71d9c3284aa0/preprocessed_files.txt
Image size: 224
Image channels: 3
Prediction classes: 1000
Result dir: /home/ubuntu/CM/repos/local/cache/53b88ca721a64101/valid_results/c5a.xlarge-tflite_cpp-cpu-tflite-vmaster-default_config/mobilenet-v2-precision_uint8-0.75-224/singlestream/performance/run_1
How many images fit in memory buffer: 1024
Normalize: 1
Subtract mean: 0
Run time preprocessing: 1
Number of Threads: 2
Number of available imagefiles: 50000

Loading graph...
INFO: Created TensorFlow Lite XNNPACK delegate for CPU.
Input tensor dimensions (NHWC): 1*224*224*3
Output tensor dimensions: 1*1001
Path to mlperf.conf : /home/ubuntu/CM/repos/local/cache/a34955efa6f84c88/inference/mlperf.conf
Path to user.conf : /home/ubuntu/CM/repos/ctuning@mlcommons-ck/cm-mlops/script/generate-mlperf-inference-user-conf/tmp/daed25eefa334424a6a90e717a171e38.conf
Model Name: mobilenet
LoadGen Scenario: SingleStream
LoadGen Mode: performance
