Graph file: /home/ubuntu/CM/repos/local/cache/7a2ee36b4f0e4831/efficientnet-lite0/efficientnet-lite0-fp32.tflite
Image dir: /home/ubuntu/CM/repos/local/cache/c97090947a1648c9
Image list: /home/ubuntu/CM/repos/local/cache/c97090947a1648c9/preprocessed_files.txt
Image size: 224
Image channels: 3
Prediction classes: 1000
Result dir: /home/ubuntu/CM/repos/local/cache/72ad8c7b936e4682/valid_results/ip_172_31_18_2-tflite_cpp-cpu-tflite-vmaster-default_config/efficientnet-fp32-lite0/singlestream/accuracy
How many images fit in memory buffer: 1024
Normalize: 1
Subtract mean: 0
Run time preprocessing: 0
Number of Threads: 4
Number of available imagefiles: 50000

Loading graph...
INFO: Created TensorFlow Lite XNNPACK delegate for CPU.
Input tensor dimensions (NHWC): 1*224*224*3
Output tensor dimensions: 1*1000
Path to mlperf.conf : /home/ubuntu/CM/repos/local/cache/6911043a5baf45a7/inference/mlperf.conf
Path to user.conf : /home/ubuntu/CM/repos/ctuning@mlcommons-ck/cm-mlops/script/generate-mlperf-inference-user-conf/tmp/8588c68a4db047c79e7ebe260d198a08.conf
Model Name: efficientnet
LoadGen Scenario: SingleStream
LoadGen Mode: accuracy
