Graph file: /home/ubuntu/CM/repos/local/cache/24647a60623c43dc/mobilenet_v2_0.5_128.tflite
Image dir: /home/ubuntu/CM/repos/local/cache/6989771cbd354a2d
Image list: /home/ubuntu/CM/repos/local/cache/6989771cbd354a2d/preprocessed_files.txt
Image size: 128
Image channels: 3
Prediction classes: 1000
Result dir: /home/ubuntu/CM/repos/local/cache/9189d9e91ded4a64/valid_results/ip_172_31_17_121-tflite_cpp-cpu-tflite-vmaster-default_config/mobilenet-v2-precision_float-0.5-128/singlestream/accuracy
How many images fit in memory buffer: 1024
Normalize: 1
Subtract mean: 0
Run time preprocessing: 0
Number of Threads: 16
Number of available imagefiles: 50000

Loading graph...
INFO: Created TensorFlow Lite XNNPACK delegate for CPU.
Input tensor dimensions (NHWC): 1*128*128*3
Output tensor dimensions: 1*1001
Path to mlperf.conf : /home/ubuntu/CM/repos/local/cache/64edb80306f94124/inference/mlperf.conf
Path to user.conf : /home/ubuntu/CM/repos/ctuning@mlcommons-ck/cm-mlops/script/generate-mlperf-inference-user-conf/tmp/a05fdbe3288d467d8a7427cd3c0d21fc.conf
Model Name: mobilenet
LoadGen Scenario: SingleStream
LoadGen Mode: accuracy
