Graph file: /home/ubuntu/CM/repos/local/cache/1d938610af2c4b70/efficientnet-lite3/efficientnet-lite3-int8.tflite
Image dir: /home/ubuntu/CM/repos/local/cache/11e604b889c14234
Image list: /home/ubuntu/CM/repos/local/cache/11e604b889c14234/preprocessed_files.txt
Image size: 280
Image channels: 3
Prediction classes: 1000
Result dir: /home/ubuntu/CM/repos/local/cache/72ad8c7b936e4682/valid_results/ip_172_31_18_2-tflite_cpp-cpu-tflite-vmaster-default_config/efficientnet-int8-lite3/singlestream/performance/run_1
How many images fit in memory buffer: 1024
Normalize: 1
Subtract mean: 0
Run time preprocessing: 1
Number of Threads: 4
Number of available imagefiles: 50000

Loading graph...
INFO: Created TensorFlow Lite XNNPACK delegate for CPU.
Input tensor dimensions (NHWC): 1*280*280*3
Output tensor dimensions: 1*1000
Path to mlperf.conf : /home/ubuntu/CM/repos/local/cache/6911043a5baf45a7/inference/mlperf.conf
Path to user.conf : /home/ubuntu/CM/repos/ctuning@mlcommons-ck/cm-mlops/script/generate-mlperf-inference-user-conf/tmp/7f2f4cb17be84819b8697b03d54c8904.conf
Model Name: efficientnet
LoadGen Scenario: SingleStream
LoadGen Mode: performance
