Graph file: /home/ubuntu/CM/repos/local/cache/272f96829c5d4bf9/mobilenet_v1_0.25_128.tflite
Image dir: /home/ubuntu/CM/repos/local/cache/def8a91f4bc7482e
Image list: /home/ubuntu/CM/repos/local/cache/def8a91f4bc7482e/preprocessed_files.txt
Image size: 128
Image channels: 3
Prediction classes: 1000
Result dir: /home/ubuntu/CM/repos/local/cache/a7ccb264d8f442f8/valid_results/ip_172_31_24_206-tflite_cpp-cpu-tflite-vmaster-with_live_preprocessing/mobilenet-v1-precision_float-0.25-128/singlestream/performance/run_1
How many images fit in memory buffer: 1024
Normalize: 1
Subtract mean: 0
Run time preprocessing: 1
Number of Threads: 8
Number of available imagefiles: 50000

Loading graph...
INFO: Created TensorFlow Lite XNNPACK delegate for CPU.
Input tensor dimensions (NHWC): 1*128*128*3
Output tensor dimensions: 1*1001
Path to mlperf.conf : /home/ubuntu/CM/repos/local/cache/ae32b951ac8043bc/inference/mlperf.conf
Path to user.conf : /home/ubuntu/CM/repos/ctuning@mlcommons-ck/cm-mlops/script/generate-mlperf-inference-user-conf/tmp/9f0c872b1e7343b4adfb48f713ad7c44.conf
Model Name: mobilenet
LoadGen Scenario: SingleStream
LoadGen Mode: performance
