client 2024-02-09 05:16:32,242 [INFO] Creating output directory '/home/krai/work_collection/experiments_submission/generated_by_power_measurement_on_run_e29aa6d5399f4899a4e24dabc28f40ac/power_logs'
client 2024-02-09 05:16:32,243 [INFO] Sending command to the server: 'mlcommons/power client v3'
client 2024-02-09 05:16:32,244 [INFO] Got response: 'mlcommons/power server v3'
client 2024-02-09 05:16:32,244 [INFO] Synchronizing with the server and with time.google.com...
client 2024-02-09 05:16:32,314 [INFO] NTP:offset = 0.007 s, delay = 0.067 s 
client 2024-02-09 05:16:32,314 [INFO] Sending command to the server: 'time'
client 2024-02-09 05:16:32,315 [INFO] Got response: '1707477392.3184633'
client 2024-02-09 05:16:32,315 [INFO] The time difference between the client and the server is within range -4.285 ms..-2.986 ms
client 2024-02-09 05:16:32,315 [INFO] Sending command to the server: 'new,,0665cbcb-ae96-4d6d-9a4b-25ce2181f838'
client 2024-02-09 05:16:32,316 [INFO] Got response: 'OK 2024-02-09_05-16-32,b83bc7b8-1fe8-4715-a2d1-b251d268e9d6'
client 2024-02-09 05:16:32,316 [INFO] Session id is '2024-02-09_05-16-32'
client 2024-02-09 05:16:32,316 [INFO] Sources: {"sources": {"__init__.py": "da39a3ee5e6b4b0d3255bfef95601890afd80709", "client.py": "33ca4f26368777ac06e01f9567b714a4b8063886", "lib/__init__.py": "da39a3ee5e6b4b0d3255bfef95601890afd80709", "lib/client.py": "ac2aa093c8e8bbc9569b9e2a3471bc64e58a2258", "lib/common.py": "611d8b29633d331eb19c9455ea3b5fa3284ed6df", "lib/external/__init__.py": "da39a3ee5e6b4b0d3255bfef95601890afd80709", "lib/external/ntplib.py": "4da8f970656505a40483206ef2b5d3dd5e81711d", "lib/server.py": "99303c836c683aa9017ec565104e636161d02acb", "lib/source_hashes.py": "60a2e02193209e8d392803326208d5466342da18", "lib/summary.py": "aa92f0a3f975eecd44d3c0cd0236342ccc9f941d", "lib/time_sync.py": "80894ef2389e540781ff78de94db16aa4203a14e", "server.py": "c3f90f2f7eeb4db30727556d0c815ebc89b3d28b", "tests/unit/__init__.py": "da39a3ee5e6b4b0d3255bfef95601890afd80709", "tests/unit/test_server.py": "948c1995d4008bc2aa6c4046a34ffa3858d6d671", "tests/unit/test_source_hashes.py": "00468a2907583c593e6574a1f6b404e4651c221a"}, "modules": {"ptd_client_server.lib.client": "lib/client.py", "ptd_client_server.lib.common": "lib/common.py", "ptd_client_server.lib.external.ntplib": "lib/external/ntplib.py", "ptd_client_server.lib.source_hashes": "lib/source_hashes.py", "ptd_client_server.lib.summary": "lib/summary.py", "ptd_client_server.lib.time_sync": "lib/time_sync.py"}}
client 2024-02-09 05:16:32,317 [INFO] Running workload in ranging mode
client 2024-02-09 05:16:32,317 [INFO] Synchronizing with the server and with time.google.com...
client 2024-02-09 05:16:32,390 [INFO] NTP:offset = 0.002 s, delay = 0.072 s 
client 2024-02-09 05:16:32,390 [INFO] Sending command to the server: 'time'
client 2024-02-09 05:16:32,391 [INFO] Got response: '1707477392.3945715'
client 2024-02-09 05:16:32,391 [INFO] The time difference between the client and the server is within range -4.259 ms..-2.992 ms
client 2024-02-09 05:16:32,391 [INFO] Sending command to the server: 'session,2024-02-09_05-16-32,start,ranging'
client 2024-02-09 05:17:11,596 [INFO] Got response: 'OK'
client 2024-02-09 05:17:11,596 [INFO] Sending command to the server: 'time'
client 2024-02-09 05:17:11,597 [INFO] Got response: '1707477431.6003292'
client 2024-02-09 05:17:11,597 [INFO] The time difference between the client and the server is within range -4.208 ms..-3.002 ms
client 2024-02-09 05:17:11,597 [INFO] Running the workload 'axs byquery loadgen_output,task=image_classification,sut_name=g293_q16e_ultra,model_name=resnet50,framework=kilt,device=qaic,collection_name=experiments_submission,loadgen_mode=PerformanceOnly,loadgen_compliance_test-,loadgen_scenario=Server,vc_set-,loadgen_target_qps=575000,_with_power+,symlink_to=/home/krai/work_collection/experiments_submission/generated_by_power_measurement_on_run_e29aa6d5399f4899a4e24dabc28f40ac/last_mlperf_logs,power_client_entrydic_path=/home/krai/work_collection/experiments_submission/generated_by_power_measurement_on_run_e29aa6d5399f4899a4e24dabc28f40ac/program_output.json,effective_no_ranging-'
client 2024-02-09 05:32:48,696 [INFO] Sending command to the server: 'time'
client 2024-02-09 05:32:48,698 [INFO] Got response: '1707478368.7009516'
client 2024-02-09 05:32:48,698 [INFO] The time difference between the client and the server is within range -4.291 ms..-2.891 ms
client 2024-02-09 05:32:48,698 [INFO] Sending command to the server: 'session,2024-02-09_05-16-32,stop,ranging'
client 2024-02-09 05:32:59,701 [INFO] Got response: 'OK'
client 2024-02-09 05:32:59,701 [INFO] Sending command to the server: 'time'
client 2024-02-09 05:32:59,702 [INFO] Got response: '1707478379.7053645'
client 2024-02-09 05:32:59,702 [INFO] The time difference between the client and the server is within range -3.527 ms..-3.122 ms
client 2024-02-09 05:32:59,704 [INFO] Copying loadgen logs from '/home/krai/work_collection/experiments_submission/generated_by_power_measurement_on_run_e29aa6d5399f4899a4e24dabc28f40ac/last_mlperf_logs' to '/home/krai/work_collection/experiments_submission/generated_by_power_measurement_on_run_e29aa6d5399f4899a4e24dabc28f40ac/power_logs/ranging'
client 2024-02-09 05:32:59,705 [INFO] Running workload in testing mode
client 2024-02-09 05:32:59,705 [INFO] Synchronizing with the server and with time.google.com...
client 2024-02-09 05:32:59,764 [INFO] NTP:offset = 0.006 s, delay = 0.059 s 
client 2024-02-09 05:32:59,764 [INFO] Sending command to the server: 'time'
client 2024-02-09 05:32:59,765 [INFO] Got response: '1707478379.7689342'
client 2024-02-09 05:32:59,765 [INFO] The time difference between the client and the server is within range -3.993 ms..-3.038 ms
client 2024-02-09 05:32:59,765 [INFO] Sending command to the server: 'session,2024-02-09_05-16-32,start,testing'
client 2024-02-09 05:33:21,384 [INFO] Got response: 'OK'
client 2024-02-09 05:33:21,384 [INFO] Sending command to the server: 'time'
client 2024-02-09 05:33:21,385 [INFO] Got response: '1707478401.388509'
client 2024-02-09 05:33:21,385 [INFO] The time difference between the client and the server is within range -4.107 ms..-2.942 ms
client 2024-02-09 05:33:21,385 [INFO] Running the workload 'axs byquery loadgen_output,task=image_classification,sut_name=g293_q16e_ultra,model_name=resnet50,framework=kilt,device=qaic,collection_name=experiments_submission,loadgen_mode=PerformanceOnly,loadgen_compliance_test-,loadgen_scenario=Server,vc_set-,loadgen_target_qps=575000,_with_power+,symlink_to=/home/krai/work_collection/experiments_submission/generated_by_power_measurement_on_run_e29aa6d5399f4899a4e24dabc28f40ac/last_mlperf_logs,power_client_entrydic_path=/home/krai/work_collection/experiments_submission/generated_by_power_measurement_on_run_e29aa6d5399f4899a4e24dabc28f40ac/program_output.json,effective_no_ranging-'
client 2024-02-09 05:49:21,155 [INFO] Sending command to the server: 'time'
client 2024-02-09 05:49:21,157 [INFO] Got response: '1707479361.16019'
client 2024-02-09 05:49:21,157 [INFO] The time difference between the client and the server is within range -4.457 ms..-2.922 ms
client 2024-02-09 05:49:21,157 [INFO] Sending command to the server: 'session,2024-02-09_05-16-32,stop,testing'
client 2024-02-09 05:49:31,462 [INFO] Got response: 'OK'
client 2024-02-09 05:49:31,463 [INFO] Sending command to the server: 'time'
client 2024-02-09 05:49:31,463 [INFO] Got response: '1707479371.4668777'
client 2024-02-09 05:49:31,463 [INFO] The time difference between the client and the server is within range -3.837 ms..-3.029 ms
client 2024-02-09 05:49:31,464 [INFO] Copying loadgen logs from '/home/krai/work_collection/experiments_submission/generated_by_power_measurement_on_run_e29aa6d5399f4899a4e24dabc28f40ac/last_mlperf_logs' to '/home/krai/work_collection/experiments_submission/generated_by_power_measurement_on_run_e29aa6d5399f4899a4e24dabc28f40ac/power_logs/run_1'
client 2024-02-09 05:49:31,464 [INFO] Done runs
