Graph file: /home/ubuntu/CM/repos/local/cache/df290de9961f4621/efficientnet-lite4/efficientnet-lite4-fp32.tflite
Image dir: /home/ubuntu/CM/repos/local/cache/aeaf1f5ae656409c
Image list: /home/ubuntu/CM/repos/local/cache/aeaf1f5ae656409c/preprocessed_files.txt
Image size: 300
Image channels: 3
Prediction classes: 1000
Result dir: /home/ubuntu/CM/repos/local/cache/9aa1379abfa84bac/valid_results/ip_172_31_35_99-tflite_cpp-cpu-tflite-vmaster-default_config/efficientnet-fp32-lite4/singlestream/performance/run_1
How many images fit in memory buffer: 1024
Normalize: 1
Subtract mean: 0
Run time preprocessing: 0
Number of Threads: 4
Number of available imagefiles: 50000

Loading graph...
INFO: Created TensorFlow Lite XNNPACK delegate for CPU.
Input tensor dimensions (NHWC): 1*300*300*3
Output tensor dimensions: 1*1000
Path to mlperf.conf : /home/ubuntu/CM/repos/local/cache/b31bc314ab8a48f9/inference/mlperf.conf
Path to user.conf : /home/ubuntu/CM/repos/ctuning@mlcommons-ck/cm-mlops/script/generate-mlperf-inference-user-conf/tmp/daddb14b244c4d85bd134998b57846fd.conf
Model Name: efficientnet
LoadGen Scenario: SingleStream
LoadGen Mode: performance
