Graph file: /home/ubuntu/CM/repos/local/cache/024eb02ab88d4a58/mobilenet_v2_0.35_224.tflite
Image dir: /home/ubuntu/CM/repos/local/cache/dae99e8385e74203
Image list: /home/ubuntu/CM/repos/local/cache/dae99e8385e74203/preprocessed_files.txt
Image size: 224
Image channels: 3
Prediction classes: 1000
Result dir: /home/ubuntu/CM/repos/local/cache/53b88ca721a64101/valid_results/c5a.xlarge-tflite_cpp-cpu-tflite-vmaster-with_live_preprocessing/mobilenet-v2-precision_float-0.35-224/singlestream/performance/run_1
How many images fit in memory buffer: 1024
Normalize: 1
Subtract mean: 0
Run time preprocessing: 1
Number of Threads: 4
Number of available imagefiles: 50000

Loading graph...
INFO: Created TensorFlow Lite XNNPACK delegate for CPU.
Input tensor dimensions (NHWC): 1*224*224*3
Output tensor dimensions: 1*1001
Path to mlperf.conf : /home/ubuntu/CM/repos/local/cache/a34955efa6f84c88/inference/mlperf.conf
Path to user.conf : /home/ubuntu/CM/repos/ctuning@mlcommons-ck/cm-mlops/script/generate-mlperf-inference-user-conf/tmp/f1eb59788bcc4eda9942807e403d40a0.conf
Model Name: mobilenet
LoadGen Scenario: SingleStream
LoadGen Mode: performance
