client 2024-02-04 09:18:28,014 [INFO] Creating output directory '/home/arjun/results_dir/valid_results/orin-tflite_armnn_cpp-cpu-armnn_tflite-v23.11-using_neon_with_live_preprocessing/mobilenet-v2-precision_float-1.0-224/singlestream/performance/tmp_power'
client 2024-02-04 09:18:28,042 [INFO] Sending command to the server: 'mlcommons/power client v3'
client 2024-02-04 09:18:28,046 [INFO] Got response: 'mlcommons/power server v3'
client 2024-02-04 09:18:28,046 [INFO] Synchronizing with the server and with time.google.com...
client 2024-02-04 09:18:28,072 [INFO] NTP:offset = -0.000 s, delay = 0.021 s 
client 2024-02-04 09:18:28,073 [INFO] Sending command to the server: 'time'
client 2024-02-04 09:18:28,077 [INFO] Got response: '1707038308.0744038'
client 2024-02-04 09:18:28,077 [INFO] The time difference between the client and the server is within range -1.359 ms..3.056 ms
client 2024-02-04 09:18:28,077 [INFO] Sending command to the server: 'new,,5067b0eb-92ba-4262-bb71-dd1b73b88582'
client 2024-02-04 09:18:28,081 [INFO] Got response: 'OK 2024-02-04_09-18-28,c9d98530-88a3-4d91-be6f-1badb50b6dd6'
client 2024-02-04 09:18:28,081 [INFO] Session id is '2024-02-04_09-18-28'
client 2024-02-04 09:18:28,081 [INFO] Sources: {"sources": {"__init__.py": "da39a3ee5e6b4b0d3255bfef95601890afd80709", "client.py": "33ca4f26368777ac06e01f9567b714a4b8063886", "lib/__init__.py": "da39a3ee5e6b4b0d3255bfef95601890afd80709", "lib/client.py": "ac2aa093c8e8bbc9569b9e2a3471bc64e58a2258", "lib/common.py": "611d8b29633d331eb19c9455ea3b5fa3284ed6df", "lib/external/__init__.py": "da39a3ee5e6b4b0d3255bfef95601890afd80709", "lib/external/ntplib.py": "4da8f970656505a40483206ef2b5d3dd5e81711d", "lib/server.py": "99303c836c683aa9017ec565104e636161d02acb", "lib/source_hashes.py": "60a2e02193209e8d392803326208d5466342da18", "lib/summary.py": "aa92f0a3f975eecd44d3c0cd0236342ccc9f941d", "lib/time_sync.py": "80894ef2389e540781ff78de94db16aa4203a14e", "server.py": "c3f90f2f7eeb4db30727556d0c815ebc89b3d28b", "tests/unit/__init__.py": "da39a3ee5e6b4b0d3255bfef95601890afd80709", "tests/unit/test_server.py": "948c1995d4008bc2aa6c4046a34ffa3858d6d671", "tests/unit/test_source_hashes.py": "00468a2907583c593e6574a1f6b404e4651c221a"}, "modules": {"ptd_client_server.lib.client": "lib/client.py", "ptd_client_server.lib.common": "lib/common.py", "ptd_client_server.lib.external.ntplib": "lib/external/ntplib.py", "ptd_client_server.lib.source_hashes": "lib/source_hashes.py", "ptd_client_server.lib.summary": "lib/summary.py", "ptd_client_server.lib.time_sync": "lib/time_sync.py"}}
client 2024-02-04 09:18:28,082 [INFO] Running workload in ranging mode
client 2024-02-04 09:18:28,082 [INFO] Synchronizing with the server and with time.google.com...
client 2024-02-04 09:18:28,104 [INFO] NTP:offset = -0.000 s, delay = 0.020 s 
client 2024-02-04 09:18:28,104 [INFO] Sending command to the server: 'time'
client 2024-02-04 09:18:28,108 [INFO] Got response: '1707038308.1055155'
client 2024-02-04 09:18:28,108 [INFO] The time difference between the client and the server is within range -1.055 ms..2.804 ms
client 2024-02-04 09:18:28,108 [INFO] Sending command to the server: 'session,2024-02-04_09-18-28,start,ranging'
client 2024-02-04 09:18:56,199 [INFO] Got response: 'OK'
client 2024-02-04 09:18:56,200 [INFO] Sending command to the server: 'time'
client 2024-02-04 09:18:56,203 [INFO] Got response: '1707038336.2015674'
client 2024-02-04 09:18:56,204 [INFO] The time difference between the client and the server is within range -1.126 ms..2.408 ms
client 2024-02-04 09:18:56,204 [INFO] Running the workload 'CM_MLPERF_RUN_COUNT=$(cat ${CM_RUN_DIR}/count.txt); echo ${CM_MLPERF_RUN_COUNT}; CM_MLPERF_RUN_COUNT=$((CM_MLPERF_RUN_COUNT+1)); echo ${CM_MLPERF_RUN_COUNT} > ${CM_RUN_DIR}/count.txt && if [ ${CM_MLPERF_RUN_COUNT} -eq "1" ]; then export CM_MLPERF_USER_CONF=${CM_MLPERF_RANGING_USER_CONF}; else export CM_MLPERF_USER_CONF=${CM_MLPERF_TESTING_USER_CONF}; fi && /mnt/CM/repos/ctuning@mlcommons-ck/cm-mlops/script/get-lib-armnn/run.out'
client 2024-02-04 09:23:58,746 [INFO] Sending command to the server: 'time'
client 2024-02-04 09:23:58,751 [INFO] Got response: '1707038638.7482584'
client 2024-02-04 09:23:58,751 [INFO] The time difference between the client and the server is within range -2.128 ms..3.083 ms
client 2024-02-04 09:23:58,751 [INFO] Sending command to the server: 'session,2024-02-04_09-18-28,stop,ranging'
client 2024-02-04 09:24:09,298 [INFO] Got response: 'OK'
client 2024-02-04 09:24:09,299 [INFO] Sending command to the server: 'time'
client 2024-02-04 09:24:09,302 [INFO] Got response: '1707038649.3000124'
client 2024-02-04 09:24:09,302 [INFO] The time difference between the client and the server is within range -0.906 ms..2.743 ms
client 2024-02-04 09:24:09,320 [INFO] Copying loadgen logs from '/home/arjun/results_dir/valid_results/orin-tflite_armnn_cpp-cpu-armnn_tflite-v23.11-using_neon_with_live_preprocessing/mobilenet-v2-precision_float-1.0-224/singlestream/performance/run_1' to '/home/arjun/results_dir/valid_results/orin-tflite_armnn_cpp-cpu-armnn_tflite-v23.11-using_neon_with_live_preprocessing/mobilenet-v2-precision_float-1.0-224/singlestream/performance/tmp_power/ranging'
client 2024-02-04 09:24:09,322 [INFO] Running workload in testing mode
client 2024-02-04 09:24:09,323 [INFO] Synchronizing with the server and with time.google.com...
client 2024-02-04 09:24:09,350 [INFO] NTP:offset = 0.000 s, delay = 0.022 s 
client 2024-02-04 09:24:09,350 [INFO] Sending command to the server: 'time'
client 2024-02-04 09:24:09,354 [INFO] Got response: '1707038649.3519065'
client 2024-02-04 09:24:09,354 [INFO] The time difference between the client and the server is within range -1.107 ms..2.764 ms
client 2024-02-04 09:24:09,354 [INFO] Sending command to the server: 'session,2024-02-04_09-18-28,start,testing'
client 2024-02-04 09:24:22,378 [INFO] Got response: 'OK'
client 2024-02-04 09:24:22,379 [INFO] Sending command to the server: 'time'
client 2024-02-04 09:24:22,384 [INFO] Got response: '1707038662.3809378'
client 2024-02-04 09:24:22,385 [INFO] The time difference between the client and the server is within range -1.662 ms..4.063 ms
client 2024-02-04 09:24:22,385 [INFO] Running the workload 'CM_MLPERF_RUN_COUNT=$(cat ${CM_RUN_DIR}/count.txt); echo ${CM_MLPERF_RUN_COUNT}; CM_MLPERF_RUN_COUNT=$((CM_MLPERF_RUN_COUNT+1)); echo ${CM_MLPERF_RUN_COUNT} > ${CM_RUN_DIR}/count.txt && if [ ${CM_MLPERF_RUN_COUNT} -eq "1" ]; then export CM_MLPERF_USER_CONF=${CM_MLPERF_RANGING_USER_CONF}; else export CM_MLPERF_USER_CONF=${CM_MLPERF_TESTING_USER_CONF}; fi && /mnt/CM/repos/ctuning@mlcommons-ck/cm-mlops/script/get-lib-armnn/run.out'
client 2024-02-04 09:34:27,275 [INFO] Sending command to the server: 'time'
client 2024-02-04 09:34:27,280 [INFO] Got response: '1707039267.2792559'
client 2024-02-04 09:34:27,281 [INFO] The time difference between the client and the server is within range -3.848 ms..1.845 ms
client 2024-02-04 09:34:27,281 [INFO] Sending command to the server: 'session,2024-02-04_09-18-28,stop,testing'
client 2024-02-04 09:34:37,428 [INFO] Got response: 'OK'
client 2024-02-04 09:34:37,429 [INFO] Sending command to the server: 'time'
client 2024-02-04 09:34:37,433 [INFO] Got response: '1707039277.4322221'
client 2024-02-04 09:34:37,434 [INFO] The time difference between the client and the server is within range -2.277 ms..2.012 ms
client 2024-02-04 09:34:37,438 [INFO] Copying loadgen logs from '/home/arjun/results_dir/valid_results/orin-tflite_armnn_cpp-cpu-armnn_tflite-v23.11-using_neon_with_live_preprocessing/mobilenet-v2-precision_float-1.0-224/singlestream/performance/run_1' to '/home/arjun/results_dir/valid_results/orin-tflite_armnn_cpp-cpu-armnn_tflite-v23.11-using_neon_with_live_preprocessing/mobilenet-v2-precision_float-1.0-224/singlestream/performance/tmp_power/run_1'
client 2024-02-04 09:34:37,441 [INFO] Done runs
