Couldn't find any of the following OpenCL library: libOpenCL.so libGLES_mali.so libmali.so 
Graph file: /home/arjun/CM/repos/local/cache/e56e418984dc41fc/mobilenet_v2_0.35_160.tflite
Image dir: /home/arjun/CM/repos/local/cache/75e7859e8e6d4e29
Image list: /home/arjun/CM/repos/local/cache/75e7859e8e6d4e29/preprocessed_files.txt
Image size: 160
Image channels: 3
Prediction classes: 1000
Result dir: /home/arjun/results_dir/valid_results/raspberrypi-tflite_armnn_cpp-cpu-armnn_tflite-v23.05-using_neon_with_live_preprocessing/mobilenet-v2-precision_float-0.35-160/singlestream/performance/run_1
How many images fit in memory buffer: 1024
Normalize: 1
Subtract mean: 0
Run time preprocessing: 1
Number of Threads: 4
Number of available imagefiles: 50000

Loading graph...
************* Type 2
Output tensor dimensions: 1*1001
Path to mlperf.conf : /home/arjun/CM/repos/local/cache/16427ed1f1b54be1/inference/mlperf.conf
Path to user.conf : /home/arjun/CM/repos/ctuning@mlcommons-ck/cm-mlops/script/generate-mlperf-inference-user-conf/tmp/d28c4b551f2141f09160e050b4477844.conf
Model Name: mobilenet
LoadGen Scenario: SingleStream
LoadGen Mode: performance
