client 2024-01-29 04:52:29,172 [INFO] Creating output directory '/home/arjun/results_dir/valid_results/orin-tflite_cpp-cpu-tflite-vmaster-default_config/mobilenet-v1-precision_uint8-0.25-192/singlestream/performance/tmp_power'
client 2024-01-29 04:52:29,175 [INFO] Sending command to the server: 'mlcommons/power client v3'
client 2024-01-29 04:52:29,178 [INFO] Got response: 'mlcommons/power server v3'
client 2024-01-29 04:52:29,178 [INFO] Synchronizing with the server and with time.google.com...
client 2024-01-29 04:52:29,207 [INFO] NTP:offset = -0.003 s, delay = 0.019 s 
client 2024-01-29 04:52:29,207 [INFO] Sending command to the server: 'time'
client 2024-01-29 04:52:29,210 [INFO] Got response: '1706503949.206255'
client 2024-01-29 04:52:29,210 [INFO] The time difference between the client and the server is within range 1.562 ms..4.591 ms
client 2024-01-29 04:52:29,211 [INFO] Sending command to the server: 'new,,cc4bfcb2-974a-45f0-84f2-d4d5b0b9094a'
client 2024-01-29 04:52:29,213 [INFO] Got response: 'OK 2024-01-29_04-52-29,10931a64-c26f-4c8b-9d40-cb90b5fbb09d'
client 2024-01-29 04:52:29,213 [INFO] Session id is '2024-01-29_04-52-29'
client 2024-01-29 04:52:29,213 [INFO] Sources: {"sources": {"__init__.py": "da39a3ee5e6b4b0d3255bfef95601890afd80709", "client.py": "33ca4f26368777ac06e01f9567b714a4b8063886", "lib/__init__.py": "da39a3ee5e6b4b0d3255bfef95601890afd80709", "lib/client.py": "ac2aa093c8e8bbc9569b9e2a3471bc64e58a2258", "lib/common.py": "611d8b29633d331eb19c9455ea3b5fa3284ed6df", "lib/external/__init__.py": "da39a3ee5e6b4b0d3255bfef95601890afd80709", "lib/external/ntplib.py": "4da8f970656505a40483206ef2b5d3dd5e81711d", "lib/server.py": "99303c836c683aa9017ec565104e636161d02acb", "lib/source_hashes.py": "60a2e02193209e8d392803326208d5466342da18", "lib/summary.py": "aa92f0a3f975eecd44d3c0cd0236342ccc9f941d", "lib/time_sync.py": "80894ef2389e540781ff78de94db16aa4203a14e", "server.py": "c3f90f2f7eeb4db30727556d0c815ebc89b3d28b", "tests/unit/__init__.py": "da39a3ee5e6b4b0d3255bfef95601890afd80709", "tests/unit/test_server.py": "948c1995d4008bc2aa6c4046a34ffa3858d6d671", "tests/unit/test_source_hashes.py": "00468a2907583c593e6574a1f6b404e4651c221a"}, "modules": {"ptd_client_server.lib.client": "lib/client.py", "ptd_client_server.lib.common": "lib/common.py", "ptd_client_server.lib.external.ntplib": "lib/external/ntplib.py", "ptd_client_server.lib.source_hashes": "lib/source_hashes.py", "ptd_client_server.lib.summary": "lib/summary.py", "ptd_client_server.lib.time_sync": "lib/time_sync.py"}}
client 2024-01-29 04:52:29,213 [INFO] Running workload in ranging mode
client 2024-01-29 04:52:29,213 [INFO] Synchronizing with the server and with time.google.com...
client 2024-01-29 04:52:29,242 [INFO] NTP:offset = -0.003 s, delay = 0.027 s 
client 2024-01-29 04:52:29,242 [INFO] Sending command to the server: 'time'
client 2024-01-29 04:52:29,245 [INFO] Got response: '1706503949.2405224'
client 2024-01-29 04:52:29,245 [INFO] The time difference between the client and the server is within range 1.683 ms..4.751 ms
client 2024-01-29 04:52:29,245 [INFO] Sending command to the server: 'session,2024-01-29_04-52-29,start,ranging'
client 2024-01-29 04:52:57,324 [INFO] Got response: 'OK'
client 2024-01-29 04:52:57,326 [INFO] Sending command to the server: 'time'
client 2024-01-29 04:52:57,329 [INFO] Got response: '1706503977.3248942'
client 2024-01-29 04:52:57,329 [INFO] The time difference between the client and the server is within range 1.735 ms..4.861 ms
client 2024-01-29 04:52:57,330 [INFO] Running the workload 'CM_MLPERF_RUN_COUNT=$(cat ${CM_RUN_DIR}/count.txt); echo ${CM_MLPERF_RUN_COUNT}; CM_MLPERF_RUN_COUNT=$((CM_MLPERF_RUN_COUNT+1)); echo ${CM_MLPERF_RUN_COUNT} > ${CM_RUN_DIR}/count.txt && if [ ${CM_MLPERF_RUN_COUNT} -eq "1" ]; then export CM_MLPERF_USER_CONF=${CM_MLPERF_RANGING_USER_CONF}; else export CM_MLPERF_USER_CONF=${CM_MLPERF_TESTING_USER_CONF}; fi && /mnt/CM/repos/ctuning@mlcommons-ck/cm-mlops/script/benchmark-any-mlperf-inference-implementation/run.out'
client 2024-01-29 04:57:59,824 [INFO] Sending command to the server: 'time'
client 2024-01-29 04:57:59,828 [INFO] Got response: '1706504279.8232322'
client 2024-01-29 04:57:59,828 [INFO] The time difference between the client and the server is within range 1.313 ms..5.591 ms
client 2024-01-29 04:57:59,829 [INFO] Sending command to the server: 'session,2024-01-29_04-52-29,stop,ranging'
client 2024-01-29 04:58:10,403 [INFO] Got response: 'OK'
client 2024-01-29 04:58:10,405 [INFO] Sending command to the server: 'time'
client 2024-01-29 04:58:10,408 [INFO] Got response: '1706504290.403258'
client 2024-01-29 04:58:10,408 [INFO] The time difference between the client and the server is within range 1.811 ms..5.093 ms
client 2024-01-29 04:58:10,441 [INFO] Copying loadgen logs from '/home/arjun/results_dir/valid_results/orin-tflite_cpp-cpu-tflite-vmaster-default_config/mobilenet-v1-precision_uint8-0.25-192/singlestream/performance/run_1' to '/home/arjun/results_dir/valid_results/orin-tflite_cpp-cpu-tflite-vmaster-default_config/mobilenet-v1-precision_uint8-0.25-192/singlestream/performance/tmp_power/ranging'
client 2024-01-29 04:58:10,444 [INFO] Running workload in testing mode
client 2024-01-29 04:58:10,444 [INFO] Synchronizing with the server and with time.google.com...
client 2024-01-29 04:58:10,476 [INFO] NTP:offset = -0.002 s, delay = 0.027 s 
client 2024-01-29 04:58:10,476 [INFO] Sending command to the server: 'time'
client 2024-01-29 04:58:10,479 [INFO] Got response: '1706504290.474633'
client 2024-01-29 04:58:10,479 [INFO] The time difference between the client and the server is within range 1.739 ms..5.078 ms
client 2024-01-29 04:58:10,479 [INFO] Sending command to the server: 'session,2024-01-29_04-52-29,start,testing'
client 2024-01-29 04:58:23,494 [INFO] Got response: 'OK'
client 2024-01-29 04:58:23,495 [INFO] Sending command to the server: 'time'
client 2024-01-29 04:58:23,498 [INFO] Got response: '1706504303.4935653'
client 2024-01-29 04:58:23,498 [INFO] The time difference between the client and the server is within range 1.842 ms..4.817 ms
client 2024-01-29 04:58:23,498 [INFO] Running the workload 'CM_MLPERF_RUN_COUNT=$(cat ${CM_RUN_DIR}/count.txt); echo ${CM_MLPERF_RUN_COUNT}; CM_MLPERF_RUN_COUNT=$((CM_MLPERF_RUN_COUNT+1)); echo ${CM_MLPERF_RUN_COUNT} > ${CM_RUN_DIR}/count.txt && if [ ${CM_MLPERF_RUN_COUNT} -eq "1" ]; then export CM_MLPERF_USER_CONF=${CM_MLPERF_RANGING_USER_CONF}; else export CM_MLPERF_USER_CONF=${CM_MLPERF_TESTING_USER_CONF}; fi && /mnt/CM/repos/ctuning@mlcommons-ck/cm-mlops/script/benchmark-any-mlperf-inference-implementation/run.out'
client 2024-01-29 05:08:27,997 [INFO] Sending command to the server: 'time'
client 2024-01-29 05:08:28,075 [INFO] Got response: '1706504908.0701685'
client 2024-01-29 05:08:28,076 [INFO] The time difference between the client and the server is within range -72.985 ms..5.981 ms
client 2024-01-29 05:08:28,076 [INFO] Sending command to the server: 'session,2024-01-29_04-52-29,stop,testing'
client 2024-01-29 05:08:38,543 [INFO] Got response: 'OK'
client 2024-01-29 05:08:38,544 [INFO] Sending command to the server: 'time'
client 2024-01-29 05:08:38,547 [INFO] Got response: '1706504918.5427876'
client 2024-01-29 05:08:38,547 [INFO] The time difference between the client and the server is within range 1.545 ms..4.792 ms
client 2024-01-29 05:08:38,552 [INFO] Copying loadgen logs from '/home/arjun/results_dir/valid_results/orin-tflite_cpp-cpu-tflite-vmaster-default_config/mobilenet-v1-precision_uint8-0.25-192/singlestream/performance/run_1' to '/home/arjun/results_dir/valid_results/orin-tflite_cpp-cpu-tflite-vmaster-default_config/mobilenet-v1-precision_uint8-0.25-192/singlestream/performance/tmp_power/run_1'
client 2024-01-29 05:08:38,554 [INFO] Done runs
