Graph file: /home/ubuntu/CM/repos/local/cache/c9e96699329c40b7/mobilenet_v2_1.0_160.tflite
Image dir: /home/ubuntu/CM/repos/local/cache/8d5ae39246c64692
Image list: /home/ubuntu/CM/repos/local/cache/8d5ae39246c64692/preprocessed_files.txt
Image size: 160
Image channels: 3
Prediction classes: 1000
Result dir: /home/ubuntu/CM/repos/local/cache/ab6453667ee043c6/valid_results/t2.2xlarge-tflite_cpp-cpu-tflite-vmaster-default_config/mobilenet-v2-precision_float-1.0-160/singlestream/accuracy
How many images fit in memory buffer: 1024
Normalize: 1
Subtract mean: 0
Run time preprocessing: 0
Number of Threads: 8
Number of available imagefiles: 50000

Loading graph...
INFO: Created TensorFlow Lite XNNPACK delegate for CPU.
Input tensor dimensions (NHWC): 1*160*160*3
Output tensor dimensions: 1*1001
Path to mlperf.conf : /home/ubuntu/CM/repos/local/cache/579980e63fab43fc/inference/mlperf.conf
Path to user.conf : /home/ubuntu/CM/repos/ctuning@mlcommons-ck/cm-mlops/script/generate-mlperf-inference-user-conf/tmp/5f591a3060cf4159be46db973f3d20e8.conf
Model Name: mobilenet
LoadGen Scenario: SingleStream
LoadGen Mode: accuracy
