client 2024-02-01 01:34:26,839 [INFO] Creating output directory '/home/arjun/results_dir/valid_results/orin-tflite_armnn_cpp-cpu-armnn_tflite-v23.05-using_neon_with_live_preprocessing/mobilenet-v1-precision_float-0.75-128/singlestream/performance/tmp_power'
client 2024-02-01 01:34:26,842 [INFO] Sending command to the server: 'mlcommons/power client v3'
client 2024-02-01 01:34:26,844 [INFO] Got response: 'mlcommons/power server v3'
client 2024-02-01 01:34:26,844 [INFO] Synchronizing with the server and with time.google.com...
client 2024-02-01 01:34:26,870 [INFO] NTP:offset = -0.005 s, delay = 0.020 s 
client 2024-02-01 01:34:26,870 [INFO] Sending command to the server: 'time'
client 2024-02-01 01:34:26,873 [INFO] Got response: '1706751266.8688378'
client 2024-02-01 01:34:26,873 [INFO] The time difference between the client and the server is within range 2.137 ms..4.721 ms
client 2024-02-01 01:34:26,873 [INFO] Sending command to the server: 'new,,27d7fa23-0e4d-497e-9e84-5d286f0277df'
client 2024-02-01 01:34:26,875 [INFO] Got response: 'OK 2024-02-01_01-34-26,98ef5191-d8ed-4cdd-af77-01af3c36b224'
client 2024-02-01 01:34:26,875 [INFO] Session id is '2024-02-01_01-34-26'
client 2024-02-01 01:34:26,876 [INFO] Sources: {"sources": {"__init__.py": "da39a3ee5e6b4b0d3255bfef95601890afd80709", "client.py": "33ca4f26368777ac06e01f9567b714a4b8063886", "lib/__init__.py": "da39a3ee5e6b4b0d3255bfef95601890afd80709", "lib/client.py": "ac2aa093c8e8bbc9569b9e2a3471bc64e58a2258", "lib/common.py": "611d8b29633d331eb19c9455ea3b5fa3284ed6df", "lib/external/__init__.py": "da39a3ee5e6b4b0d3255bfef95601890afd80709", "lib/external/ntplib.py": "4da8f970656505a40483206ef2b5d3dd5e81711d", "lib/server.py": "99303c836c683aa9017ec565104e636161d02acb", "lib/source_hashes.py": "60a2e02193209e8d392803326208d5466342da18", "lib/summary.py": "aa92f0a3f975eecd44d3c0cd0236342ccc9f941d", "lib/time_sync.py": "80894ef2389e540781ff78de94db16aa4203a14e", "server.py": "c3f90f2f7eeb4db30727556d0c815ebc89b3d28b", "tests/unit/__init__.py": "da39a3ee5e6b4b0d3255bfef95601890afd80709", "tests/unit/test_server.py": "948c1995d4008bc2aa6c4046a34ffa3858d6d671", "tests/unit/test_source_hashes.py": "00468a2907583c593e6574a1f6b404e4651c221a"}, "modules": {"ptd_client_server.lib.client": "lib/client.py", "ptd_client_server.lib.common": "lib/common.py", "ptd_client_server.lib.external.ntplib": "lib/external/ntplib.py", "ptd_client_server.lib.source_hashes": "lib/source_hashes.py", "ptd_client_server.lib.summary": "lib/summary.py", "ptd_client_server.lib.time_sync": "lib/time_sync.py"}}
client 2024-02-01 01:34:26,876 [INFO] Running workload in ranging mode
client 2024-02-01 01:34:26,876 [INFO] Synchronizing with the server and with time.google.com...
client 2024-02-01 01:34:26,900 [INFO] NTP:offset = -0.006 s, delay = 0.023 s 
client 2024-02-01 01:34:26,900 [INFO] Sending command to the server: 'time'
client 2024-02-01 01:34:26,902 [INFO] Got response: '1706751266.8984008'
client 2024-02-01 01:34:26,902 [INFO] The time difference between the client and the server is within range 2.197 ms..4.320 ms
client 2024-02-01 01:34:26,902 [INFO] Sending command to the server: 'session,2024-02-01_01-34-26,start,ranging'
client 2024-02-01 01:34:54,982 [INFO] Got response: 'OK'
client 2024-02-01 01:34:54,984 [INFO] Sending command to the server: 'time'
client 2024-02-01 01:34:54,988 [INFO] Got response: '1706751294.9830716'
client 2024-02-01 01:34:54,988 [INFO] The time difference between the client and the server is within range 1.684 ms..5.175 ms
client 2024-02-01 01:34:54,988 [INFO] Running the workload 'CM_MLPERF_RUN_COUNT=$(cat ${CM_RUN_DIR}/count.txt); echo ${CM_MLPERF_RUN_COUNT}; CM_MLPERF_RUN_COUNT=$((CM_MLPERF_RUN_COUNT+1)); echo ${CM_MLPERF_RUN_COUNT} > ${CM_RUN_DIR}/count.txt && if [ ${CM_MLPERF_RUN_COUNT} -eq "1" ]; then export CM_MLPERF_USER_CONF=${CM_MLPERF_RANGING_USER_CONF}; else export CM_MLPERF_USER_CONF=${CM_MLPERF_TESTING_USER_CONF}; fi && /mnt/CM/repos/ctuning@mlcommons-ck/cm-mlops/script/benchmark-any-mlperf-inference-implementation/run.out'
client 2024-02-01 01:39:57,625 [INFO] Sending command to the server: 'time'
client 2024-02-01 01:39:57,826 [INFO] Got response: '1706751597.820744'
client 2024-02-01 01:39:57,827 [INFO] The time difference between the client and the server is within range -195.428 ms..6.580 ms
client 2024-02-01 01:39:57,827 [INFO] Sending command to the server: 'session,2024-02-01_01-34-26,stop,ranging'
client 2024-02-01 01:40:08,174 [INFO] Got response: 'OK'
client 2024-02-01 01:40:08,175 [INFO] Sending command to the server: 'time'
client 2024-02-01 01:40:08,178 [INFO] Got response: '1706751608.1734416'
client 2024-02-01 01:40:08,178 [INFO] The time difference between the client and the server is within range 1.717 ms..5.058 ms
client 2024-02-01 01:40:08,197 [INFO] Copying loadgen logs from '/home/arjun/results_dir/valid_results/orin-tflite_armnn_cpp-cpu-armnn_tflite-v23.05-using_neon_with_live_preprocessing/mobilenet-v1-precision_float-0.75-128/singlestream/performance/run_1' to '/home/arjun/results_dir/valid_results/orin-tflite_armnn_cpp-cpu-armnn_tflite-v23.05-using_neon_with_live_preprocessing/mobilenet-v1-precision_float-0.75-128/singlestream/performance/tmp_power/ranging'
client 2024-02-01 01:40:08,199 [INFO] Running workload in testing mode
client 2024-02-01 01:40:08,200 [INFO] Synchronizing with the server and with time.google.com...
client 2024-02-01 01:40:08,231 [INFO] NTP:offset = -0.004 s, delay = 0.026 s 
client 2024-02-01 01:40:08,232 [INFO] Sending command to the server: 'time'
client 2024-02-01 01:40:08,235 [INFO] Got response: '1706751608.2306058'
client 2024-02-01 01:40:08,236 [INFO] The time difference between the client and the server is within range 1.410 ms..5.438 ms
client 2024-02-01 01:40:08,236 [INFO] Sending command to the server: 'session,2024-02-01_01-34-26,start,testing'
client 2024-02-01 01:40:21,253 [INFO] Got response: 'OK'
client 2024-02-01 01:40:21,254 [INFO] Sending command to the server: 'time'
client 2024-02-01 01:40:21,258 [INFO] Got response: '1706751621.2528229'
client 2024-02-01 01:40:21,259 [INFO] The time difference between the client and the server is within range 1.863 ms..6.168 ms
client 2024-02-01 01:40:21,259 [INFO] Running the workload 'CM_MLPERF_RUN_COUNT=$(cat ${CM_RUN_DIR}/count.txt); echo ${CM_MLPERF_RUN_COUNT}; CM_MLPERF_RUN_COUNT=$((CM_MLPERF_RUN_COUNT+1)); echo ${CM_MLPERF_RUN_COUNT} > ${CM_RUN_DIR}/count.txt && if [ ${CM_MLPERF_RUN_COUNT} -eq "1" ]; then export CM_MLPERF_USER_CONF=${CM_MLPERF_RANGING_USER_CONF}; else export CM_MLPERF_USER_CONF=${CM_MLPERF_TESTING_USER_CONF}; fi && /mnt/CM/repos/ctuning@mlcommons-ck/cm-mlops/script/benchmark-any-mlperf-inference-implementation/run.out'
client 2024-02-01 01:50:25,974 [INFO] Sending command to the server: 'time'
client 2024-02-01 01:50:25,977 [INFO] Got response: '1706752225.9730031'
client 2024-02-01 01:50:25,978 [INFO] The time difference between the client and the server is within range 1.093 ms..5.084 ms
client 2024-02-01 01:50:25,978 [INFO] Sending command to the server: 'session,2024-02-01_01-34-26,stop,testing'
client 2024-02-01 01:50:36,265 [INFO] Got response: 'OK'
client 2024-02-01 01:50:36,267 [INFO] Sending command to the server: 'time'
client 2024-02-01 01:50:36,270 [INFO] Got response: '1706752236.265381'
client 2024-02-01 01:50:36,271 [INFO] The time difference between the client and the server is within range 1.621 ms..5.609 ms
client 2024-02-01 01:50:36,275 [INFO] Copying loadgen logs from '/home/arjun/results_dir/valid_results/orin-tflite_armnn_cpp-cpu-armnn_tflite-v23.05-using_neon_with_live_preprocessing/mobilenet-v1-precision_float-0.75-128/singlestream/performance/run_1' to '/home/arjun/results_dir/valid_results/orin-tflite_armnn_cpp-cpu-armnn_tflite-v23.05-using_neon_with_live_preprocessing/mobilenet-v1-precision_float-0.75-128/singlestream/performance/tmp_power/run_1'
client 2024-02-01 01:50:36,278 [INFO] Done runs
