Graph file: /home/ubuntu/CM/repos/local/cache/715f856c4a81458d/efficientnet-lite4/efficientnet-lite4-fp32.tflite
Image dir: /home/ubuntu/CM/repos/local/cache/ece4071000a545c3
Image list: /home/ubuntu/CM/repos/local/cache/ece4071000a545c3/preprocessed_files.txt
Image size: 300
Image channels: 3
Prediction classes: 1000
Result dir: /home/ubuntu/CM/repos/local/cache/ab6453667ee043c6/valid_results/t2.2xlarge-tflite_cpp-cpu-tflite-vmaster-default_config/efficientnet-fp32-lite4/singlestream/performance/run_1
How many images fit in memory buffer: 1024
Normalize: 1
Subtract mean: 0
Run time preprocessing: 0
Number of Threads: 8
Number of available imagefiles: 50000

Loading graph...
INFO: Created TensorFlow Lite XNNPACK delegate for CPU.
Input tensor dimensions (NHWC): 1*300*300*3
Output tensor dimensions: 1*1000
Path to mlperf.conf : /home/ubuntu/CM/repos/local/cache/579980e63fab43fc/inference/mlperf.conf
Path to user.conf : /home/ubuntu/CM/repos/ctuning@mlcommons-ck/cm-mlops/script/generate-mlperf-inference-user-conf/tmp/2a5829e06c44467591bc5985afa4d54e.conf
Model Name: efficientnet
LoadGen Scenario: SingleStream
LoadGen Mode: performance
