client 2024-01-28 22:31:30,007 [INFO] Creating output directory '/home/arjun/results_dir/valid_results/orin-tflite_cpp-cpu-tflite-vmaster-default_config/mobilenet-v1-precision_float-1.0-160/singlestream/performance/tmp_power'
client 2024-01-28 22:31:30,010 [INFO] Sending command to the server: 'mlcommons/power client v3'
client 2024-01-28 22:31:30,013 [INFO] Got response: 'mlcommons/power server v3'
client 2024-01-28 22:31:30,013 [INFO] Synchronizing with the server and with time.google.com...
client 2024-01-28 22:31:30,038 [INFO] NTP:offset = -0.002 s, delay = 0.019 s 
client 2024-01-28 22:31:30,038 [INFO] Sending command to the server: 'time'
client 2024-01-28 22:31:30,041 [INFO] Got response: '1706481090.0401235'
client 2024-01-28 22:31:30,041 [INFO] The time difference between the client and the server is within range -1.586 ms..1.452 ms
client 2024-01-28 22:31:30,041 [INFO] Sending command to the server: 'new,,3369d7f6-3f3a-4d49-887c-1bed904cb5ec'
client 2024-01-28 22:31:30,044 [INFO] Got response: 'OK 2024-01-28_22-31-30,0bfe2b17-9d19-4401-a55d-f6986bf4047c'
client 2024-01-28 22:31:30,044 [INFO] Session id is '2024-01-28_22-31-30'
client 2024-01-28 22:31:30,045 [INFO] Sources: {"sources": {"__init__.py": "da39a3ee5e6b4b0d3255bfef95601890afd80709", "client.py": "33ca4f26368777ac06e01f9567b714a4b8063886", "lib/__init__.py": "da39a3ee5e6b4b0d3255bfef95601890afd80709", "lib/client.py": "ac2aa093c8e8bbc9569b9e2a3471bc64e58a2258", "lib/common.py": "611d8b29633d331eb19c9455ea3b5fa3284ed6df", "lib/external/__init__.py": "da39a3ee5e6b4b0d3255bfef95601890afd80709", "lib/external/ntplib.py": "4da8f970656505a40483206ef2b5d3dd5e81711d", "lib/server.py": "99303c836c683aa9017ec565104e636161d02acb", "lib/source_hashes.py": "60a2e02193209e8d392803326208d5466342da18", "lib/summary.py": "aa92f0a3f975eecd44d3c0cd0236342ccc9f941d", "lib/time_sync.py": "80894ef2389e540781ff78de94db16aa4203a14e", "server.py": "c3f90f2f7eeb4db30727556d0c815ebc89b3d28b", "tests/unit/__init__.py": "da39a3ee5e6b4b0d3255bfef95601890afd80709", "tests/unit/test_server.py": "948c1995d4008bc2aa6c4046a34ffa3858d6d671", "tests/unit/test_source_hashes.py": "00468a2907583c593e6574a1f6b404e4651c221a"}, "modules": {"ptd_client_server.lib.client": "lib/client.py", "ptd_client_server.lib.common": "lib/common.py", "ptd_client_server.lib.external.ntplib": "lib/external/ntplib.py", "ptd_client_server.lib.source_hashes": "lib/source_hashes.py", "ptd_client_server.lib.summary": "lib/summary.py", "ptd_client_server.lib.time_sync": "lib/time_sync.py"}}
client 2024-01-28 22:31:30,045 [INFO] Running workload in ranging mode
client 2024-01-28 22:31:30,045 [INFO] Synchronizing with the server and with time.google.com...
client 2024-01-28 22:31:30,066 [INFO] NTP:offset = -0.002 s, delay = 0.020 s 
client 2024-01-28 22:31:30,066 [INFO] Sending command to the server: 'time'
client 2024-01-28 22:31:30,069 [INFO] Got response: '1706481090.0683272'
client 2024-01-28 22:31:30,069 [INFO] The time difference between the client and the server is within range -1.395 ms..1.271 ms
client 2024-01-28 22:31:30,069 [INFO] Sending command to the server: 'session,2024-01-28_22-31-30,start,ranging'
client 2024-01-28 22:31:58,147 [INFO] Got response: 'OK'
client 2024-01-28 22:31:58,148 [INFO] Sending command to the server: 'time'
client 2024-01-28 22:31:58,152 [INFO] Got response: '1706481118.1504934'
client 2024-01-28 22:31:58,152 [INFO] The time difference between the client and the server is within range -1.879 ms..1.690 ms
client 2024-01-28 22:31:58,152 [INFO] Running the workload 'CM_MLPERF_RUN_COUNT=$(cat ${CM_RUN_DIR}/count.txt); echo ${CM_MLPERF_RUN_COUNT}; CM_MLPERF_RUN_COUNT=$((CM_MLPERF_RUN_COUNT+1)); echo ${CM_MLPERF_RUN_COUNT} > ${CM_RUN_DIR}/count.txt && if [ ${CM_MLPERF_RUN_COUNT} -eq "1" ]; then export CM_MLPERF_USER_CONF=${CM_MLPERF_RANGING_USER_CONF}; else export CM_MLPERF_USER_CONF=${CM_MLPERF_TESTING_USER_CONF}; fi && /mnt/CM/repos/ctuning@mlcommons-ck/cm-mlops/script/benchmark-any-mlperf-inference-implementation/run.out'
client 2024-01-28 22:37:06,632 [INFO] Sending command to the server: 'time'
client 2024-01-28 22:37:06,636 [INFO] Got response: '1706481426.6348298'
client 2024-01-28 22:37:06,636 [INFO] The time difference between the client and the server is within range -2.897 ms..1.730 ms
client 2024-01-28 22:37:06,636 [INFO] Sending command to the server: 'session,2024-01-28_22-31-30,stop,ranging'
client 2024-01-28 22:37:17,208 [INFO] Got response: 'OK'
client 2024-01-28 22:37:17,209 [INFO] Sending command to the server: 'time'
client 2024-01-28 22:37:17,213 [INFO] Got response: '1706481437.2120078'
client 2024-01-28 22:37:17,213 [INFO] The time difference between the client and the server is within range -2.079 ms..1.465 ms
client 2024-01-28 22:37:17,243 [INFO] Copying loadgen logs from '/home/arjun/results_dir/valid_results/orin-tflite_cpp-cpu-tflite-vmaster-default_config/mobilenet-v1-precision_float-1.0-160/singlestream/performance/run_1' to '/home/arjun/results_dir/valid_results/orin-tflite_cpp-cpu-tflite-vmaster-default_config/mobilenet-v1-precision_float-1.0-160/singlestream/performance/tmp_power/ranging'
client 2024-01-28 22:37:17,245 [INFO] Running workload in testing mode
client 2024-01-28 22:37:17,246 [INFO] Synchronizing with the server and with time.google.com...
client 2024-01-28 22:37:17,271 [INFO] NTP:offset = -0.002 s, delay = 0.021 s 
client 2024-01-28 22:37:17,272 [INFO] Sending command to the server: 'time'
client 2024-01-28 22:37:17,276 [INFO] Got response: '1706481437.2745607'
client 2024-01-28 22:37:17,276 [INFO] The time difference between the client and the server is within range -2.368 ms..2.015 ms
client 2024-01-28 22:37:17,276 [INFO] Sending command to the server: 'session,2024-01-28_22-31-30,start,testing'
client 2024-01-28 22:37:30,299 [INFO] Got response: 'OK'
client 2024-01-28 22:37:30,300 [INFO] Sending command to the server: 'time'
client 2024-01-28 22:37:30,303 [INFO] Got response: '1706481450.302909'
client 2024-01-28 22:37:30,304 [INFO] The time difference between the client and the server is within range -2.364 ms..1.288 ms
client 2024-01-28 22:37:30,304 [INFO] Running the workload 'CM_MLPERF_RUN_COUNT=$(cat ${CM_RUN_DIR}/count.txt); echo ${CM_MLPERF_RUN_COUNT}; CM_MLPERF_RUN_COUNT=$((CM_MLPERF_RUN_COUNT+1)); echo ${CM_MLPERF_RUN_COUNT} > ${CM_RUN_DIR}/count.txt && if [ ${CM_MLPERF_RUN_COUNT} -eq "1" ]; then export CM_MLPERF_USER_CONF=${CM_MLPERF_RANGING_USER_CONF}; else export CM_MLPERF_USER_CONF=${CM_MLPERF_TESTING_USER_CONF}; fi && /mnt/CM/repos/ctuning@mlcommons-ck/cm-mlops/script/benchmark-any-mlperf-inference-implementation/run.out'
client 2024-01-28 22:47:34,811 [INFO] Sending command to the server: 'time'
client 2024-01-28 22:47:34,860 [INFO] Got response: '1706482054.8572772'
client 2024-01-28 22:47:34,860 [INFO] The time difference between the client and the server is within range -46.300 ms..3.507 ms
client 2024-01-28 22:47:34,861 [INFO] Sending command to the server: 'session,2024-01-28_22-31-30,stop,testing'
client 2024-01-28 22:47:45,358 [INFO] Got response: 'OK'
client 2024-01-28 22:47:45,359 [INFO] Sending command to the server: 'time'
client 2024-01-28 22:47:45,362 [INFO] Got response: '1706482065.3599727'
client 2024-01-28 22:47:45,363 [INFO] The time difference between the client and the server is within range -0.885 ms..3.474 ms
client 2024-01-28 22:47:45,367 [INFO] Copying loadgen logs from '/home/arjun/results_dir/valid_results/orin-tflite_cpp-cpu-tflite-vmaster-default_config/mobilenet-v1-precision_float-1.0-160/singlestream/performance/run_1' to '/home/arjun/results_dir/valid_results/orin-tflite_cpp-cpu-tflite-vmaster-default_config/mobilenet-v1-precision_float-1.0-160/singlestream/performance/tmp_power/run_1'
client 2024-01-28 22:47:45,370 [INFO] Done runs
