client 2024-02-01 16:46:25,351 [INFO] Creating output directory '/home/arjun/results_dir/valid_results/orin-tflite_armnn_cpp-cpu-armnn_tflite-v23.05-using_neon/mobilenet-v3-precision_uint8-small-224/singlestream/performance/tmp_power'
client 2024-02-01 16:46:25,354 [INFO] Sending command to the server: 'mlcommons/power client v3'
client 2024-02-01 16:46:25,358 [INFO] Got response: 'mlcommons/power server v3'
client 2024-02-01 16:46:25,358 [INFO] Synchronizing with the server and with time.google.com...
client 2024-02-01 16:46:25,385 [INFO] NTP:offset = -0.000 s, delay = 0.021 s 
client 2024-02-01 16:46:25,385 [INFO] Sending command to the server: 'time'
client 2024-02-01 16:46:25,390 [INFO] Got response: '1706805985.3908057'
client 2024-02-01 16:46:25,390 [INFO] The time difference between the client and the server is within range -5.126 ms..-0.706 ms
client 2024-02-01 16:46:25,390 [INFO] Sending command to the server: 'new,,0db924de-5ef7-4c2a-93bb-92dc1e0b4f2b'
client 2024-02-01 16:46:25,393 [INFO] Got response: 'OK 2024-02-01_16-46-25,394287b6-2023-4c12-9975-9be390a27033'
client 2024-02-01 16:46:25,393 [INFO] Session id is '2024-02-01_16-46-25'
client 2024-02-01 16:46:25,394 [INFO] Sources: {"sources": {"__init__.py": "da39a3ee5e6b4b0d3255bfef95601890afd80709", "client.py": "33ca4f26368777ac06e01f9567b714a4b8063886", "lib/__init__.py": "da39a3ee5e6b4b0d3255bfef95601890afd80709", "lib/client.py": "ac2aa093c8e8bbc9569b9e2a3471bc64e58a2258", "lib/common.py": "611d8b29633d331eb19c9455ea3b5fa3284ed6df", "lib/external/__init__.py": "da39a3ee5e6b4b0d3255bfef95601890afd80709", "lib/external/ntplib.py": "4da8f970656505a40483206ef2b5d3dd5e81711d", "lib/server.py": "99303c836c683aa9017ec565104e636161d02acb", "lib/source_hashes.py": "60a2e02193209e8d392803326208d5466342da18", "lib/summary.py": "aa92f0a3f975eecd44d3c0cd0236342ccc9f941d", "lib/time_sync.py": "80894ef2389e540781ff78de94db16aa4203a14e", "server.py": "c3f90f2f7eeb4db30727556d0c815ebc89b3d28b", "tests/unit/__init__.py": "da39a3ee5e6b4b0d3255bfef95601890afd80709", "tests/unit/test_server.py": "948c1995d4008bc2aa6c4046a34ffa3858d6d671", "tests/unit/test_source_hashes.py": "00468a2907583c593e6574a1f6b404e4651c221a"}, "modules": {"ptd_client_server.lib.client": "lib/client.py", "ptd_client_server.lib.common": "lib/common.py", "ptd_client_server.lib.external.ntplib": "lib/external/ntplib.py", "ptd_client_server.lib.source_hashes": "lib/source_hashes.py", "ptd_client_server.lib.summary": "lib/summary.py", "ptd_client_server.lib.time_sync": "lib/time_sync.py"}}
client 2024-02-01 16:46:25,394 [INFO] Running workload in ranging mode
client 2024-02-01 16:46:25,394 [INFO] Synchronizing with the server and with time.google.com...
client 2024-02-01 16:46:25,415 [INFO] NTP:offset = 0.001 s, delay = 0.020 s 
client 2024-02-01 16:46:25,415 [INFO] Sending command to the server: 'time'
client 2024-02-01 16:46:25,418 [INFO] Got response: '1706805985.4196718'
client 2024-02-01 16:46:25,418 [INFO] The time difference between the client and the server is within range -4.128 ms..-0.729 ms
client 2024-02-01 16:46:25,419 [INFO] Sending command to the server: 'session,2024-02-01_16-46-25,start,ranging'
client 2024-02-01 16:46:53,587 [INFO] Got response: 'OK'
client 2024-02-01 16:46:53,588 [INFO] Sending command to the server: 'time'
client 2024-02-01 16:46:53,591 [INFO] Got response: '1706806013.5924923'
client 2024-02-01 16:46:53,591 [INFO] The time difference between the client and the server is within range -3.695 ms..-0.647 ms
client 2024-02-01 16:46:53,592 [INFO] Running the workload 'CM_MLPERF_RUN_COUNT=$(cat ${CM_RUN_DIR}/count.txt); echo ${CM_MLPERF_RUN_COUNT}; CM_MLPERF_RUN_COUNT=$((CM_MLPERF_RUN_COUNT+1)); echo ${CM_MLPERF_RUN_COUNT} > ${CM_RUN_DIR}/count.txt && if [ ${CM_MLPERF_RUN_COUNT} -eq "1" ]; then export CM_MLPERF_USER_CONF=${CM_MLPERF_RANGING_USER_CONF}; else export CM_MLPERF_USER_CONF=${CM_MLPERF_TESTING_USER_CONF}; fi && /mnt/CM/repos/ctuning@mlcommons-ck/cm-mlops/script/benchmark-any-mlperf-inference-implementation/run.out'
client 2024-02-01 16:51:56,246 [INFO] Sending command to the server: 'time'
client 2024-02-01 16:51:56,354 [INFO] Got response: '1706806316.353638'
client 2024-02-01 16:51:56,355 [INFO] The time difference between the client and the server is within range -107.508 ms..1.674 ms
client 2024-02-01 16:51:56,355 [INFO] Sending command to the server: 'session,2024-02-01_16-46-25,stop,ranging'
client 2024-02-01 16:52:06,803 [INFO] Got response: 'OK'
client 2024-02-01 16:52:06,804 [INFO] Sending command to the server: 'time'
client 2024-02-01 16:52:06,808 [INFO] Got response: '1706806326.807722'
client 2024-02-01 16:52:06,808 [INFO] The time difference between the client and the server is within range -3.344 ms..0.883 ms
client 2024-02-01 16:52:06,825 [INFO] Copying loadgen logs from '/home/arjun/results_dir/valid_results/orin-tflite_armnn_cpp-cpu-armnn_tflite-v23.05-using_neon/mobilenet-v3-precision_uint8-small-224/singlestream/performance/run_1' to '/home/arjun/results_dir/valid_results/orin-tflite_armnn_cpp-cpu-armnn_tflite-v23.05-using_neon/mobilenet-v3-precision_uint8-small-224/singlestream/performance/tmp_power/ranging'
client 2024-02-01 16:52:06,828 [INFO] Running workload in testing mode
client 2024-02-01 16:52:06,828 [INFO] Synchronizing with the server and with time.google.com...
client 2024-02-01 16:52:06,855 [INFO] NTP:offset = -0.001 s, delay = 0.022 s 
client 2024-02-01 16:52:06,855 [INFO] Sending command to the server: 'time'
client 2024-02-01 16:52:06,859 [INFO] Got response: '1706806326.8592176'
client 2024-02-01 16:52:06,859 [INFO] The time difference between the client and the server is within range -3.391 ms..0.242 ms
client 2024-02-01 16:52:06,859 [INFO] Sending command to the server: 'session,2024-02-01_16-46-25,start,testing'
client 2024-02-01 16:52:19,878 [INFO] Got response: 'OK'
client 2024-02-01 16:52:19,879 [INFO] Sending command to the server: 'time'
client 2024-02-01 16:52:19,882 [INFO] Got response: '1706806339.8827229'
client 2024-02-01 16:52:19,882 [INFO] The time difference between the client and the server is within range -3.163 ms..-0.045 ms
client 2024-02-01 16:52:19,883 [INFO] Running the workload 'CM_MLPERF_RUN_COUNT=$(cat ${CM_RUN_DIR}/count.txt); echo ${CM_MLPERF_RUN_COUNT}; CM_MLPERF_RUN_COUNT=$((CM_MLPERF_RUN_COUNT+1)); echo ${CM_MLPERF_RUN_COUNT} > ${CM_RUN_DIR}/count.txt && if [ ${CM_MLPERF_RUN_COUNT} -eq "1" ]; then export CM_MLPERF_USER_CONF=${CM_MLPERF_RANGING_USER_CONF}; else export CM_MLPERF_USER_CONF=${CM_MLPERF_TESTING_USER_CONF}; fi && /mnt/CM/repos/ctuning@mlcommons-ck/cm-mlops/script/benchmark-any-mlperf-inference-implementation/run.out'
client 2024-02-01 17:02:24,532 [INFO] Sending command to the server: 'time'
client 2024-02-01 17:02:24,598 [INFO] Got response: '1706806944.597576'
client 2024-02-01 17:02:24,598 [INFO] The time difference between the client and the server is within range -65.090 ms..1.316 ms
client 2024-02-01 17:02:24,599 [INFO] Sending command to the server: 'session,2024-02-01_16-46-25,stop,testing'
client 2024-02-01 17:02:34,928 [INFO] Got response: 'OK'
client 2024-02-01 17:02:34,928 [INFO] Sending command to the server: 'time'
client 2024-02-01 17:02:34,931 [INFO] Got response: '1706806954.9313512'
client 2024-02-01 17:02:34,932 [INFO] The time difference between the client and the server is within range -2.742 ms..0.645 ms
client 2024-02-01 17:02:34,936 [INFO] Copying loadgen logs from '/home/arjun/results_dir/valid_results/orin-tflite_armnn_cpp-cpu-armnn_tflite-v23.05-using_neon/mobilenet-v3-precision_uint8-small-224/singlestream/performance/run_1' to '/home/arjun/results_dir/valid_results/orin-tflite_armnn_cpp-cpu-armnn_tflite-v23.05-using_neon/mobilenet-v3-precision_uint8-small-224/singlestream/performance/tmp_power/run_1'
client 2024-02-01 17:02:34,938 [INFO] Done runs
