client 2024-02-23 04:26:57,654 [INFO] Sending command to the server: 'mlcommons/power client v3'
client 2024-02-23 04:26:57,656 [INFO] Got response: 'mlcommons/power server v3'
client 2024-02-23 04:26:57,656 [INFO] Sending command to the server: 'stop'
client 2024-02-23 04:26:57,661 [INFO] Got response: 'OK'
client 2024-02-23 04:26:57,661 [INFO] Synchronizing with the server and with 100.64.0.18...
client 2024-02-23 04:26:57,665 [INFO] NTP:offset = 0.001 s, delay = 0.001 s 
client 2024-02-23 04:26:57,665 [INFO] Sending command to the server: 'time'
client 2024-02-23 04:26:57,669 [INFO] Got response: '1708662417.359328'
client 2024-02-23 04:26:57,669 [INFO] The time difference between the client and the server is within range 306.437 ms..310.217 ms
client 2024-02-23 04:26:57,669 [INFO] Sending command to the server: 'new,,c62c09d1-a504-43aa-a4f5-cf5d6d35b2f4'
client 2024-02-23 04:26:57,678 [INFO] Got response: 'OK 2024-02-23_04-26-57,b66b3bf3-02e2-4b05-9ef0-4d58f7488366'
client 2024-02-23 04:26:57,678 [INFO] Session id is '2024-02-23_04-26-57'
client 2024-02-23 04:26:57,678 [INFO] Sources: {"sources": {"__init__.py": "da39a3ee5e6b4b0d3255bfef95601890afd80709", "client.py": "33ca4f26368777ac06e01f9567b714a4b8063886", "lib/__init__.py": "da39a3ee5e6b4b0d3255bfef95601890afd80709", "lib/client.py": "ac2aa093c8e8bbc9569b9e2a3471bc64e58a2258", "lib/common.py": "611d8b29633d331eb19c9455ea3b5fa3284ed6df", "lib/external/__init__.py": "da39a3ee5e6b4b0d3255bfef95601890afd80709", "lib/external/ntplib.py": "4da8f970656505a40483206ef2b5d3dd5e81711d", "lib/server.py": "99303c836c683aa9017ec565104e636161d02acb", "lib/source_hashes.py": "60a2e02193209e8d392803326208d5466342da18", "lib/summary.py": "aa92f0a3f975eecd44d3c0cd0236342ccc9f941d", "lib/time_sync.py": "80894ef2389e540781ff78de94db16aa4203a14e", "server.py": "c3f90f2f7eeb4db30727556d0c815ebc89b3d28b", "tests/unit/__init__.py": "da39a3ee5e6b4b0d3255bfef95601890afd80709", "tests/unit/test_server.py": "948c1995d4008bc2aa6c4046a34ffa3858d6d671", "tests/unit/test_source_hashes.py": "00468a2907583c593e6574a1f6b404e4651c221a"}, "modules": {"ptd_client_server.lib.client": "lib/client.py", "ptd_client_server.lib.common": "lib/common.py", "ptd_client_server.lib.external.ntplib": "lib/external/ntplib.py", "ptd_client_server.lib.source_hashes": "lib/source_hashes.py", "ptd_client_server.lib.summary": "lib/summary.py", "ptd_client_server.lib.time_sync": "lib/time_sync.py"}}
client 2024-02-23 04:26:57,679 [INFO] Running workload in ranging mode
client 2024-02-23 04:26:57,679 [INFO] Synchronizing with the server and with 100.64.0.18...
client 2024-02-23 04:26:57,681 [INFO] NTP:offset = 0.001 s, delay = 0.001 s 
client 2024-02-23 04:26:57,681 [INFO] Sending command to the server: 'time'
client 2024-02-23 04:26:57,684 [INFO] Got response: '1708662417.369132'
client 2024-02-23 04:26:57,684 [INFO] The time difference between the client and the server is within range 312.168 ms..315.235 ms
client 2024-02-23 04:26:57,684 [INFO] Sending command to the server: 'session,2024-02-23_04-26-57,start,ranging'
client 2024-02-23 04:27:21,572 [INFO] Got response: 'OK'
client 2024-02-23 04:27:21,572 [INFO] Sending command to the server: 'time'
client 2024-02-23 04:27:21,576 [INFO] Got response: '1708662441.26801'
client 2024-02-23 04:27:21,576 [INFO] The time difference between the client and the server is within range 304.680 ms..308.633 ms
client 2024-02-23 04:27:21,576 [INFO] Running the workload 'LOG_DIR=/work/build/power_logs_temp python3.8 -m code.main --benchmarks=retinanet \t--scenarios=SingleStream \t--config_ver=default_maxq \t--test_mode=PerformanceOnly  --action="run_harness" \\\n\t\t2>&1 | tee -a /work/build/power_logs/2024.02.23-04.26.11/stdout.txt \\\n\t\t&& if [ ! -d /work/build/power_logs/2024.02.23-04.26.11/ranging_tmp ]; \\\n\t\t\tthen mkdir /work/build/power_logs/2024.02.23-04.26.11/ranging_tmp \\\n\t\t\t\t&& mv /work/build/power_logs_temp/* /work/build/power_logs/2024.02.23-04.26.11/ranging_tmp/ \\\n\t\t\t\t&& cp -v /work/build/power_logs/2024.02.23-04.26.11/ranging_tmp/*/*/*/mlperf_log_detail.txt /work/build/power_logs_temp/ \\\n\t\t\t\t&& cp -v /work/build/power_logs/2024.02.23-04.26.11/ranging_tmp/*/*/*/mlperf_log_summary.txt /work/build/power_logs_temp/; \\\n\t\t\telse mkdir /work/build/power_logs/2024.02.23-04.26.11/testing_tmp \\\n\t\t\t\t&& mv /work/build/power_logs_temp/* /work/build/power_logs/2024.02.23-04.26.11/testing_tmp/ \\\n\t\t\t\t&& cp -v /work/build/power_logs/2024.02.23-04.26.11/testing_tmp/*/*/*/mlperf_log_detail.txt /work/build/power_logs_temp/ \\\n\t\t\t\t&& cp -v /work/build/power_logs/2024.02.23-04.26.11/testing_tmp/*/*/*/mlperf_log_summary.txt /work/build/power_logs_temp/; fi'
client 2024-02-23 04:37:29,270 [INFO] Sending command to the server: 'time'
client 2024-02-23 04:37:29,273 [INFO] Got response: '1708663048.9536474'
client 2024-02-23 04:37:29,273 [INFO] The time difference between the client and the server is within range 316.423 ms..319.598 ms
client 2024-02-23 04:37:29,273 [INFO] Sending command to the server: 'session,2024-02-23_04-26-57,stop,ranging'
client 2024-02-23 04:37:39,684 [INFO] Got response: 'OK'
client 2024-02-23 04:37:39,684 [INFO] Sending command to the server: 'time'
client 2024-02-23 04:37:39,687 [INFO] Got response: '1708663059.3752117'
client 2024-02-23 04:37:39,687 [INFO] The time difference between the client and the server is within range 309.670 ms..312.087 ms
client 2024-02-23 04:37:39,693 [INFO] Copying loadgen logs from '/work/build/power_logs_temp' to '/work/build/power_logs/2024.02.23-04.26.11/2024-02-23_04-26-57/ranging'
client 2024-02-23 04:37:39,694 [INFO] Running workload in testing mode
client 2024-02-23 04:37:39,694 [INFO] Synchronizing with the server and with 100.64.0.18...
client 2024-02-23 04:37:39,695 [INFO] NTP:offset = 0.001 s, delay = 0.001 s 
client 2024-02-23 04:37:39,695 [INFO] Sending command to the server: 'time'
client 2024-02-23 04:37:39,698 [INFO] Got response: '1708663059.3853252'
client 2024-02-23 04:37:39,698 [INFO] The time difference between the client and the server is within range 310.073 ms..312.787 ms
client 2024-02-23 04:37:39,698 [INFO] Sending command to the server: 'session,2024-02-23_04-26-57,start,testing'
client 2024-02-23 04:37:52,765 [INFO] Got response: 'OK'
client 2024-02-23 04:37:52,765 [INFO] Sending command to the server: 'time'
client 2024-02-23 04:37:52,769 [INFO] Got response: '1708663072.4551272'
client 2024-02-23 04:37:52,769 [INFO] The time difference between the client and the server is within range 310.372 ms..314.552 ms
client 2024-02-23 04:37:52,769 [INFO] Running the workload 'LOG_DIR=/work/build/power_logs_temp python3.8 -m code.main --benchmarks=retinanet \t--scenarios=SingleStream \t--config_ver=default_maxq \t--test_mode=PerformanceOnly  --action="run_harness" \\\n\t\t2>&1 | tee -a /work/build/power_logs/2024.02.23-04.26.11/stdout.txt \\\n\t\t&& if [ ! -d /work/build/power_logs/2024.02.23-04.26.11/ranging_tmp ]; \\\n\t\t\tthen mkdir /work/build/power_logs/2024.02.23-04.26.11/ranging_tmp \\\n\t\t\t\t&& mv /work/build/power_logs_temp/* /work/build/power_logs/2024.02.23-04.26.11/ranging_tmp/ \\\n\t\t\t\t&& cp -v /work/build/power_logs/2024.02.23-04.26.11/ranging_tmp/*/*/*/mlperf_log_detail.txt /work/build/power_logs_temp/ \\\n\t\t\t\t&& cp -v /work/build/power_logs/2024.02.23-04.26.11/ranging_tmp/*/*/*/mlperf_log_summary.txt /work/build/power_logs_temp/; \\\n\t\t\telse mkdir /work/build/power_logs/2024.02.23-04.26.11/testing_tmp \\\n\t\t\t\t&& mv /work/build/power_logs_temp/* /work/build/power_logs/2024.02.23-04.26.11/testing_tmp/ \\\n\t\t\t\t&& cp -v /work/build/power_logs/2024.02.23-04.26.11/testing_tmp/*/*/*/mlperf_log_detail.txt /work/build/power_logs_temp/ \\\n\t\t\t\t&& cp -v /work/build/power_logs/2024.02.23-04.26.11/testing_tmp/*/*/*/mlperf_log_summary.txt /work/build/power_logs_temp/; fi'
client 2024-02-23 04:48:00,601 [INFO] Sending command to the server: 'time'
client 2024-02-23 04:48:00,606 [INFO] Got response: '1708663680.2809663'
client 2024-02-23 04:48:00,606 [INFO] The time difference between the client and the server is within range 320.004 ms..325.525 ms
client 2024-02-23 04:48:00,606 [INFO] Sending command to the server: 'session,2024-02-23_04-26-57,stop,testing'
client 2024-02-23 04:48:10,851 [INFO] Got response: 'OK'
client 2024-02-23 04:48:10,851 [INFO] Sending command to the server: 'time'
client 2024-02-23 04:48:10,853 [INFO] Got response: '1708663690.5325816'
client 2024-02-23 04:48:10,853 [INFO] The time difference between the client and the server is within range 319.011 ms..321.085 ms
client 2024-02-23 04:48:10,855 [INFO] Copying loadgen logs from '/work/build/power_logs_temp' to '/work/build/power_logs/2024.02.23-04.26.11/2024-02-23_04-26-57/run_1'
client 2024-02-23 04:48:10,856 [INFO] Done runs
