Graph file: /home/ubuntu/CM/repos/local/cache/027305d19c324309/mobilenet_v1_0.5_128.tflite
Image dir: /home/ubuntu/CM/repos/local/cache/347cd45a421945be
Image list: /home/ubuntu/CM/repos/local/cache/347cd45a421945be/preprocessed_files.txt
Image size: 128
Image channels: 3
Prediction classes: 1000
Result dir: /home/ubuntu/CM/repos/local/cache/c951c448d62a4016/valid_results/ip_172_31_55_41-tflite_cpp-cpu-tflite-vmaster-with_live_preprocessing/mobilenet-v1-precision_float-0.5-128/singlestream/performance/run_1
How many images fit in memory buffer: 1024
Normalize: 1
Subtract mean: 0
Run time preprocessing: 1
Number of Threads: 8
Number of available imagefiles: 50000

Loading graph...
INFO: Created TensorFlow Lite XNNPACK delegate for CPU.
Input tensor dimensions (NHWC): 1*128*128*3
Output tensor dimensions: 1*1001
Path to mlperf.conf : /home/ubuntu/CM/repos/local/cache/50b84cc0948543d2/inference/mlperf.conf
Path to user.conf : /home/ubuntu/CM/repos/ctuning@mlcommons-ck/cm-mlops/script/generate-mlperf-inference-user-conf/tmp/13750831bc914bfb8ac4343be845e3a6.conf
Model Name: mobilenet
LoadGen Scenario: SingleStream
LoadGen Mode: performance
