Couldn't find any of the following OpenCL library: libOpenCL.so libGLES_mali.so libmali.so 
Graph file: /home/arjun/CM/repos/local/cache/5cb3cc4227174661/v3-small_224_1.0_uint8/v3-small_224_1.0_uint8.tflite
Image dir: /home/arjun/CM/repos/local/cache/62ff2d5c35274f68
Image list: /home/arjun/CM/repos/local/cache/62ff2d5c35274f68/preprocessed_files.txt
Image size: 224
Image channels: 3
Prediction classes: 1000
Result dir: /home/arjun/results_dir/valid_results/raspberrypi-tflite_armnn_cpp-cpu-armnn_tflite-v23.05-using_neon/mobilenet-v3-precision_uint8-small-224/singlestream/performance/run_1
How many images fit in memory buffer: 1024
Normalize: 1
Subtract mean: 0
Run time preprocessing: 1
Number of Threads: 4
Number of available imagefiles: 50000

Loading graph...
Output tensor dimensions: 1*1001
Path to mlperf.conf : /home/arjun/CM/repos/local/cache/16427ed1f1b54be1/inference/mlperf.conf
Path to user.conf : /home/arjun/CM/repos/ctuning@mlcommons-ck/cm-mlops/script/generate-mlperf-inference-user-conf/tmp/0d4b6357b2b843bd8fde0b2a14797dff.conf
Model Name: mobilenet
LoadGen Scenario: SingleStream
LoadGen Mode: performance
