Graph file: /home/ubuntu/CM/repos/local/cache/899f6168b53849cb/mobilenet_v1_0.25_160_quant.tflite
Image dir: /home/ubuntu/CM/repos/local/cache/5e07f550b0f948cd
Image list: /home/ubuntu/CM/repos/local/cache/5e07f550b0f948cd/preprocessed_files.txt
Image size: 160
Image channels: 3
Prediction classes: 1000
Result dir: /home/ubuntu/CM/repos/local/cache/9aa1379abfa84bac/valid_results/ip_172_31_35_99-tflite_cpp-cpu-tflite-vmaster-default_config/mobilenet-v1-precision_uint8-0.25-160/singlestream/accuracy
How many images fit in memory buffer: 1024
Normalize: 1
Subtract mean: 0
Run time preprocessing: 1
Number of Threads: 4
Number of available imagefiles: 50000

Loading graph...
INFO: Created TensorFlow Lite XNNPACK delegate for CPU.
Input tensor dimensions (NHWC): 1*160*160*3
Output tensor dimensions: 1*1001
Path to mlperf.conf : /home/ubuntu/CM/repos/local/cache/b31bc314ab8a48f9/inference/mlperf.conf
Path to user.conf : /home/ubuntu/CM/repos/ctuning@mlcommons-ck/cm-mlops/script/generate-mlperf-inference-user-conf/tmp/8f7e2e5ba76a43d28e6929e2635cbb66.conf
Model Name: mobilenet
LoadGen Scenario: SingleStream
LoadGen Mode: accuracy
