client 2024-02-04 14:16:51,450 [INFO] Creating output directory '/home/arjun/results_dir/valid_results/orin-tflite_armnn_cpp-cpu-armnn_tflite-v23.11-using_neon_with_live_preprocessing/mobilenet-v2-precision_float-0.5-192/singlestream/performance/tmp_power'
client 2024-02-04 14:16:51,482 [INFO] Sending command to the server: 'mlcommons/power client v3'
client 2024-02-04 14:16:51,486 [INFO] Got response: 'mlcommons/power server v3'
client 2024-02-04 14:16:51,486 [INFO] Synchronizing with the server and with time.google.com...
client 2024-02-04 14:16:51,514 [INFO] NTP:offset = 0.001 s, delay = 0.022 s 
client 2024-02-04 14:16:51,514 [INFO] Sending command to the server: 'time'
client 2024-02-04 14:16:51,518 [INFO] Got response: '1707056211.5175488'
client 2024-02-04 14:16:51,518 [INFO] The time difference between the client and the server is within range -2.894 ms..0.709 ms
client 2024-02-04 14:16:51,518 [INFO] Sending command to the server: 'new,,3520e0f8-117d-4fe5-adce-852175ae44bd'
client 2024-02-04 14:16:51,520 [INFO] Got response: 'OK 2024-02-04_14-16-51,329c2776-2c60-47e1-8c05-77e5f4b2e82a'
client 2024-02-04 14:16:51,520 [INFO] Session id is '2024-02-04_14-16-51'
client 2024-02-04 14:16:51,521 [INFO] Sources: {"sources": {"__init__.py": "da39a3ee5e6b4b0d3255bfef95601890afd80709", "client.py": "33ca4f26368777ac06e01f9567b714a4b8063886", "lib/__init__.py": "da39a3ee5e6b4b0d3255bfef95601890afd80709", "lib/client.py": "ac2aa093c8e8bbc9569b9e2a3471bc64e58a2258", "lib/common.py": "611d8b29633d331eb19c9455ea3b5fa3284ed6df", "lib/external/__init__.py": "da39a3ee5e6b4b0d3255bfef95601890afd80709", "lib/external/ntplib.py": "4da8f970656505a40483206ef2b5d3dd5e81711d", "lib/server.py": "99303c836c683aa9017ec565104e636161d02acb", "lib/source_hashes.py": "60a2e02193209e8d392803326208d5466342da18", "lib/summary.py": "aa92f0a3f975eecd44d3c0cd0236342ccc9f941d", "lib/time_sync.py": "80894ef2389e540781ff78de94db16aa4203a14e", "server.py": "c3f90f2f7eeb4db30727556d0c815ebc89b3d28b", "tests/unit/__init__.py": "da39a3ee5e6b4b0d3255bfef95601890afd80709", "tests/unit/test_server.py": "948c1995d4008bc2aa6c4046a34ffa3858d6d671", "tests/unit/test_source_hashes.py": "00468a2907583c593e6574a1f6b404e4651c221a"}, "modules": {"ptd_client_server.lib.client": "lib/client.py", "ptd_client_server.lib.common": "lib/common.py", "ptd_client_server.lib.external.ntplib": "lib/external/ntplib.py", "ptd_client_server.lib.source_hashes": "lib/source_hashes.py", "ptd_client_server.lib.summary": "lib/summary.py", "ptd_client_server.lib.time_sync": "lib/time_sync.py"}}
client 2024-02-04 14:16:51,521 [INFO] Running workload in ranging mode
client 2024-02-04 14:16:51,521 [INFO] Synchronizing with the server and with time.google.com...
client 2024-02-04 14:16:51,545 [INFO] NTP:offset = 0.002 s, delay = 0.022 s 
client 2024-02-04 14:16:51,546 [INFO] Sending command to the server: 'time'
client 2024-02-04 14:16:51,549 [INFO] Got response: '1707056211.5485244'
client 2024-02-04 14:16:51,549 [INFO] The time difference between the client and the server is within range -2.391 ms..0.936 ms
client 2024-02-04 14:16:51,549 [INFO] Sending command to the server: 'session,2024-02-04_14-16-51,start,ranging'
client 2024-02-04 14:17:19,643 [INFO] Got response: 'OK'
client 2024-02-04 14:17:19,645 [INFO] Sending command to the server: 'time'
client 2024-02-04 14:17:19,650 [INFO] Got response: '1707056239.6491942'
client 2024-02-04 14:17:19,650 [INFO] The time difference between the client and the server is within range -3.425 ms..1.627 ms
client 2024-02-04 14:17:19,651 [INFO] Running the workload 'CM_MLPERF_RUN_COUNT=$(cat ${CM_RUN_DIR}/count.txt); echo ${CM_MLPERF_RUN_COUNT}; CM_MLPERF_RUN_COUNT=$((CM_MLPERF_RUN_COUNT+1)); echo ${CM_MLPERF_RUN_COUNT} > ${CM_RUN_DIR}/count.txt && if [ ${CM_MLPERF_RUN_COUNT} -eq "1" ]; then export CM_MLPERF_USER_CONF=${CM_MLPERF_RANGING_USER_CONF}; else export CM_MLPERF_USER_CONF=${CM_MLPERF_TESTING_USER_CONF}; fi && /mnt/CM/repos/ctuning@mlcommons-ck/cm-mlops/script/get-lib-armnn/run.out'
client 2024-02-04 14:22:21,933 [INFO] Sending command to the server: 'time'
client 2024-02-04 14:22:21,937 [INFO] Got response: '1707056541.9372182'
client 2024-02-04 14:22:21,938 [INFO] The time difference between the client and the server is within range -3.873 ms..1.004 ms
client 2024-02-04 14:22:21,938 [INFO] Sending command to the server: 'session,2024-02-04_14-16-51,stop,ranging'
client 2024-02-04 14:22:32,766 [INFO] Got response: 'OK'
client 2024-02-04 14:22:32,766 [INFO] Sending command to the server: 'time'
client 2024-02-04 14:22:32,770 [INFO] Got response: '1707056552.770079'
client 2024-02-04 14:22:32,771 [INFO] The time difference between the client and the server is within range -3.243 ms..0.862 ms
client 2024-02-04 14:22:32,787 [INFO] Copying loadgen logs from '/home/arjun/results_dir/valid_results/orin-tflite_armnn_cpp-cpu-armnn_tflite-v23.11-using_neon_with_live_preprocessing/mobilenet-v2-precision_float-0.5-192/singlestream/performance/run_1' to '/home/arjun/results_dir/valid_results/orin-tflite_armnn_cpp-cpu-armnn_tflite-v23.11-using_neon_with_live_preprocessing/mobilenet-v2-precision_float-0.5-192/singlestream/performance/tmp_power/ranging'
client 2024-02-04 14:22:32,790 [INFO] Running workload in testing mode
client 2024-02-04 14:22:32,790 [INFO] Synchronizing with the server and with time.google.com...
client 2024-02-04 14:22:32,824 [INFO] NTP:offset = -0.001 s, delay = 0.029 s 
client 2024-02-04 14:22:32,825 [INFO] Sending command to the server: 'time'
client 2024-02-04 14:22:32,828 [INFO] Got response: '1707056552.8279808'
client 2024-02-04 14:22:32,828 [INFO] The time difference between the client and the server is within range -2.974 ms..0.395 ms
client 2024-02-04 14:22:32,828 [INFO] Sending command to the server: 'session,2024-02-04_14-16-51,start,testing'
client 2024-02-04 14:22:45,848 [INFO] Got response: 'OK'
client 2024-02-04 14:22:45,849 [INFO] Sending command to the server: 'time'
client 2024-02-04 14:22:45,852 [INFO] Got response: '1707056565.8526082'
client 2024-02-04 14:22:45,852 [INFO] The time difference between the client and the server is within range -3.164 ms..0.285 ms
client 2024-02-04 14:22:45,853 [INFO] Running the workload 'CM_MLPERF_RUN_COUNT=$(cat ${CM_RUN_DIR}/count.txt); echo ${CM_MLPERF_RUN_COUNT}; CM_MLPERF_RUN_COUNT=$((CM_MLPERF_RUN_COUNT+1)); echo ${CM_MLPERF_RUN_COUNT} > ${CM_RUN_DIR}/count.txt && if [ ${CM_MLPERF_RUN_COUNT} -eq "1" ]; then export CM_MLPERF_USER_CONF=${CM_MLPERF_RANGING_USER_CONF}; else export CM_MLPERF_USER_CONF=${CM_MLPERF_TESTING_USER_CONF}; fi && /mnt/CM/repos/ctuning@mlcommons-ck/cm-mlops/script/get-lib-armnn/run.out'
client 2024-02-04 14:32:50,160 [INFO] Sending command to the server: 'time'
client 2024-02-04 14:32:50,221 [INFO] Got response: '1707057170.2204359'
client 2024-02-04 14:32:50,221 [INFO] The time difference between the client and the server is within range -59.852 ms..0.930 ms
client 2024-02-04 14:32:50,221 [INFO] Sending command to the server: 'session,2024-02-04_14-16-51,stop,testing'
client 2024-02-04 14:33:01,015 [INFO] Got response: 'OK'
client 2024-02-04 14:33:01,017 [INFO] Sending command to the server: 'time'
client 2024-02-04 14:33:01,022 [INFO] Got response: '1707057181.0215714'
client 2024-02-04 14:33:01,022 [INFO] The time difference between the client and the server is within range -4.543 ms..1.268 ms
client 2024-02-04 14:33:01,027 [INFO] Copying loadgen logs from '/home/arjun/results_dir/valid_results/orin-tflite_armnn_cpp-cpu-armnn_tflite-v23.11-using_neon_with_live_preprocessing/mobilenet-v2-precision_float-0.5-192/singlestream/performance/run_1' to '/home/arjun/results_dir/valid_results/orin-tflite_armnn_cpp-cpu-armnn_tflite-v23.11-using_neon_with_live_preprocessing/mobilenet-v2-precision_float-0.5-192/singlestream/performance/tmp_power/run_1'
client 2024-02-04 14:33:01,030 [INFO] Done runs
