client 2024-01-26 05:37:16,764 [INFO] Creating output directory '/home/krai/work_collection/experiments_submission/generated_by_power_measurement_on_run_f6599a83876a44e68686dc18a53cc473/power_logs'
client 2024-01-26 05:37:16,765 [INFO] Sending command to the server: 'mlcommons/power client v3'
client 2024-01-26 05:37:16,766 [INFO] Got response: 'mlcommons/power server v3'
client 2024-01-26 05:37:16,766 [INFO] Synchronizing with the server and with time.google.com...
client 2024-01-26 05:37:16,858 [INFO] NTP:offset = 0.001 s, delay = 0.088 s 
client 2024-01-26 05:37:16,858 [INFO] Sending command to the server: 'time'
client 2024-01-26 05:37:16,859 [INFO] Got response: '1706269036.8599648'
client 2024-01-26 05:37:16,859 [INFO] The time difference between the client and the server is within range -1.385 ms..-0.034 ms
client 2024-01-26 05:37:16,860 [INFO] Sending command to the server: 'new,,914169d2-b7ff-4d16-9767-8fc81744709f'
client 2024-01-26 05:37:16,861 [INFO] Got response: 'OK 2024-01-26_05-37-16,1d001beb-35bb-4e70-8c8d-67ba08b599f5'
client 2024-01-26 05:37:16,861 [INFO] Session id is '2024-01-26_05-37-16'
client 2024-01-26 05:37:16,861 [INFO] Sources: {"sources": {"__init__.py": "da39a3ee5e6b4b0d3255bfef95601890afd80709", "client.py": "33ca4f26368777ac06e01f9567b714a4b8063886", "lib/__init__.py": "da39a3ee5e6b4b0d3255bfef95601890afd80709", "lib/client.py": "ac2aa093c8e8bbc9569b9e2a3471bc64e58a2258", "lib/common.py": "611d8b29633d331eb19c9455ea3b5fa3284ed6df", "lib/external/__init__.py": "da39a3ee5e6b4b0d3255bfef95601890afd80709", "lib/external/ntplib.py": "4da8f970656505a40483206ef2b5d3dd5e81711d", "lib/server.py": "99303c836c683aa9017ec565104e636161d02acb", "lib/source_hashes.py": "60a2e02193209e8d392803326208d5466342da18", "lib/summary.py": "aa92f0a3f975eecd44d3c0cd0236342ccc9f941d", "lib/time_sync.py": "80894ef2389e540781ff78de94db16aa4203a14e", "server.py": "c3f90f2f7eeb4db30727556d0c815ebc89b3d28b", "tests/unit/__init__.py": "da39a3ee5e6b4b0d3255bfef95601890afd80709", "tests/unit/test_server.py": "948c1995d4008bc2aa6c4046a34ffa3858d6d671", "tests/unit/test_source_hashes.py": "00468a2907583c593e6574a1f6b404e4651c221a"}, "modules": {"ptd_client_server.lib.client": "lib/client.py", "ptd_client_server.lib.common": "lib/common.py", "ptd_client_server.lib.external.ntplib": "lib/external/ntplib.py", "ptd_client_server.lib.source_hashes": "lib/source_hashes.py", "ptd_client_server.lib.summary": "lib/summary.py", "ptd_client_server.lib.time_sync": "lib/time_sync.py"}}
client 2024-01-26 05:37:16,862 [INFO] Running workload in ranging mode
client 2024-01-26 05:37:16,862 [INFO] Synchronizing with the server and with time.google.com...
client 2024-01-26 05:37:16,935 [INFO] NTP:offset = 0.000 s, delay = 0.072 s 
client 2024-01-26 05:37:16,935 [INFO] Sending command to the server: 'time'
client 2024-01-26 05:37:16,937 [INFO] Got response: '1706269036.937186'
client 2024-01-26 05:37:16,937 [INFO] The time difference between the client and the server is within range -1.450 ms..-0.051 ms
client 2024-01-26 05:37:16,937 [INFO] Sending command to the server: 'session,2024-01-26_05-37-16,start,ranging'
client 2024-01-26 05:37:45,993 [INFO] Got response: 'OK'
client 2024-01-26 05:37:45,994 [INFO] Sending command to the server: 'time'
client 2024-01-26 05:37:45,995 [INFO] Got response: '1706269065.9954484'
client 2024-01-26 05:37:45,995 [INFO] The time difference between the client and the server is within range -1.375 ms..-0.025 ms
client 2024-01-26 05:37:45,995 [INFO] Running the workload 'axs byquery loadgen_output,task=bert,sut_name=r282_q8_pro_edge,model_name=bert-99,framework=kilt,device=qaic,collection_name=experiments_submission,loadgen_mode=PerformanceOnly,loadgen_compliance_test-,loadgen_scenario=SingleStream,_with_power+,symlink_to=/home/krai/work_collection/experiments_submission/generated_by_power_measurement_on_run_f6599a83876a44e68686dc18a53cc473/last_mlperf_logs,power_client_entrydic_path=/home/krai/work_collection/experiments_submission/generated_by_power_measurement_on_run_f6599a83876a44e68686dc18a53cc473/program_output.json,effective_no_ranging-'
client 2024-01-26 05:47:56,091 [INFO] Sending command to the server: 'time'
client 2024-01-26 05:47:56,093 [INFO] Got response: '1706269676.0946593'
client 2024-01-26 05:47:56,093 [INFO] The time difference between the client and the server is within range -2.901 ms..-1.147 ms
client 2024-01-26 05:47:56,093 [INFO] Sending command to the server: 'session,2024-01-26_05-37-16,stop,ranging'
client 2024-01-26 05:48:07,010 [INFO] Got response: 'OK'
client 2024-01-26 05:48:07,010 [INFO] Sending command to the server: 'time'
client 2024-01-26 05:48:07,011 [INFO] Got response: '1706269687.0124607'
client 2024-01-26 05:48:07,011 [INFO] The time difference between the client and the server is within range -1.971 ms..-1.333 ms
client 2024-01-26 05:48:07,016 [INFO] Copying loadgen logs from '/home/krai/work_collection/experiments_submission/generated_by_power_measurement_on_run_f6599a83876a44e68686dc18a53cc473/last_mlperf_logs' to '/home/krai/work_collection/experiments_submission/generated_by_power_measurement_on_run_f6599a83876a44e68686dc18a53cc473/power_logs/ranging'
client 2024-01-26 05:48:07,017 [INFO] Running workload in testing mode
client 2024-01-26 05:48:07,017 [INFO] Synchronizing with the server and with time.google.com...
client 2024-01-26 05:48:07,091 [INFO] NTP:offset = -0.002 s, delay = 0.072 s 
client 2024-01-26 05:48:07,091 [INFO] Sending command to the server: 'time'
client 2024-01-26 05:48:07,092 [INFO] Got response: '1706269687.0940511'
client 2024-01-26 05:48:07,092 [INFO] The time difference between the client and the server is within range -2.589 ms..-1.135 ms
client 2024-01-26 05:48:07,093 [INFO] Sending command to the server: 'session,2024-01-26_05-37-16,start,testing'
client 2024-01-26 05:48:20,106 [INFO] Got response: 'OK'
client 2024-01-26 05:48:20,106 [INFO] Sending command to the server: 'time'
client 2024-01-26 05:48:20,107 [INFO] Got response: '1706269700.1092367'
client 2024-01-26 05:48:20,108 [INFO] The time difference between the client and the server is within range -2.557 ms..-1.229 ms
client 2024-01-26 05:48:20,108 [INFO] Running the workload 'axs byquery loadgen_output,task=bert,sut_name=r282_q8_pro_edge,model_name=bert-99,framework=kilt,device=qaic,collection_name=experiments_submission,loadgen_mode=PerformanceOnly,loadgen_compliance_test-,loadgen_scenario=SingleStream,_with_power+,symlink_to=/home/krai/work_collection/experiments_submission/generated_by_power_measurement_on_run_f6599a83876a44e68686dc18a53cc473/last_mlperf_logs,power_client_entrydic_path=/home/krai/work_collection/experiments_submission/generated_by_power_measurement_on_run_f6599a83876a44e68686dc18a53cc473/program_output.json,effective_no_ranging-'
client 2024-01-26 05:58:33,115 [INFO] Sending command to the server: 'time'
client 2024-01-26 05:58:33,116 [INFO] Got response: '1706270313.1204836'
client 2024-01-26 05:58:33,117 [INFO] The time difference between the client and the server is within range -5.162 ms..-3.402 ms
client 2024-01-26 05:58:33,117 [INFO] Sending command to the server: 'session,2024-01-26_05-37-16,stop,testing'
client 2024-01-26 05:58:44,114 [INFO] Got response: 'OK'
client 2024-01-26 05:58:44,115 [INFO] Sending command to the server: 'time'
client 2024-01-26 05:58:44,115 [INFO] Got response: '1706270324.1194344'
client 2024-01-26 05:58:44,115 [INFO] The time difference between the client and the server is within range -4.304 ms..-3.648 ms
client 2024-01-26 05:58:44,117 [INFO] Copying loadgen logs from '/home/krai/work_collection/experiments_submission/generated_by_power_measurement_on_run_f6599a83876a44e68686dc18a53cc473/last_mlperf_logs' to '/home/krai/work_collection/experiments_submission/generated_by_power_measurement_on_run_f6599a83876a44e68686dc18a53cc473/power_logs/run_1'
client 2024-01-26 05:58:44,118 [INFO] Done runs
