client 2024-02-01 03:13:55,686 [INFO] Creating output directory '/home/arjun/results_dir/valid_results/orin-tflite_armnn_cpp-cpu-armnn_tflite-v23.05-using_neon_with_live_preprocessing/mobilenet-v1-precision_float-0.5-160/singlestream/performance/tmp_power'
client 2024-02-01 03:13:55,689 [INFO] Sending command to the server: 'mlcommons/power client v3'
client 2024-02-01 03:13:55,691 [INFO] Got response: 'mlcommons/power server v3'
client 2024-02-01 03:13:55,691 [INFO] Synchronizing with the server and with time.google.com...
client 2024-02-01 03:13:55,718 [INFO] NTP:offset = -0.007 s, delay = 0.021 s 
client 2024-02-01 03:13:55,719 [INFO] Sending command to the server: 'time'
client 2024-02-01 03:13:55,721 [INFO] Got response: '1706757235.7156858'
client 2024-02-01 03:13:55,721 [INFO] The time difference between the client and the server is within range 3.302 ms..5.953 ms
client 2024-02-01 03:13:55,721 [INFO] Sending command to the server: 'new,,8cb1431c-f558-4391-936d-fccb8414dc25'
client 2024-02-01 03:13:55,723 [INFO] Got response: 'OK 2024-02-01_03-13-55,71f62cee-705b-41d5-9392-fbb11e486cdc'
client 2024-02-01 03:13:55,723 [INFO] Session id is '2024-02-01_03-13-55'
client 2024-02-01 03:13:55,724 [INFO] Sources: {"sources": {"__init__.py": "da39a3ee5e6b4b0d3255bfef95601890afd80709", "client.py": "33ca4f26368777ac06e01f9567b714a4b8063886", "lib/__init__.py": "da39a3ee5e6b4b0d3255bfef95601890afd80709", "lib/client.py": "ac2aa093c8e8bbc9569b9e2a3471bc64e58a2258", "lib/common.py": "611d8b29633d331eb19c9455ea3b5fa3284ed6df", "lib/external/__init__.py": "da39a3ee5e6b4b0d3255bfef95601890afd80709", "lib/external/ntplib.py": "4da8f970656505a40483206ef2b5d3dd5e81711d", "lib/server.py": "99303c836c683aa9017ec565104e636161d02acb", "lib/source_hashes.py": "60a2e02193209e8d392803326208d5466342da18", "lib/summary.py": "aa92f0a3f975eecd44d3c0cd0236342ccc9f941d", "lib/time_sync.py": "80894ef2389e540781ff78de94db16aa4203a14e", "server.py": "c3f90f2f7eeb4db30727556d0c815ebc89b3d28b", "tests/unit/__init__.py": "da39a3ee5e6b4b0d3255bfef95601890afd80709", "tests/unit/test_server.py": "948c1995d4008bc2aa6c4046a34ffa3858d6d671", "tests/unit/test_source_hashes.py": "00468a2907583c593e6574a1f6b404e4651c221a"}, "modules": {"ptd_client_server.lib.client": "lib/client.py", "ptd_client_server.lib.common": "lib/common.py", "ptd_client_server.lib.external.ntplib": "lib/external/ntplib.py", "ptd_client_server.lib.source_hashes": "lib/source_hashes.py", "ptd_client_server.lib.summary": "lib/summary.py", "ptd_client_server.lib.time_sync": "lib/time_sync.py"}}
client 2024-02-01 03:13:55,724 [INFO] Running workload in ranging mode
client 2024-02-01 03:13:55,724 [INFO] Synchronizing with the server and with time.google.com...
client 2024-02-01 03:13:55,743 [INFO] NTP:offset = -0.008 s, delay = 0.018 s 
client 2024-02-01 03:13:55,743 [INFO] Sending command to the server: 'time'
client 2024-02-01 03:13:55,746 [INFO] Got response: '1706757235.7404141'
client 2024-02-01 03:13:55,746 [INFO] The time difference between the client and the server is within range 3.404 ms..5.942 ms
client 2024-02-01 03:13:55,746 [INFO] Sending command to the server: 'session,2024-02-01_03-13-55,start,ranging'
client 2024-02-01 03:14:23,831 [INFO] Got response: 'OK'
client 2024-02-01 03:14:23,833 [INFO] Sending command to the server: 'time'
client 2024-02-01 03:14:23,837 [INFO] Got response: '1706757263.8308644'
client 2024-02-01 03:14:23,837 [INFO] The time difference between the client and the server is within range 2.981 ms..7.006 ms
client 2024-02-01 03:14:23,838 [INFO] Running the workload 'CM_MLPERF_RUN_COUNT=$(cat ${CM_RUN_DIR}/count.txt); echo ${CM_MLPERF_RUN_COUNT}; CM_MLPERF_RUN_COUNT=$((CM_MLPERF_RUN_COUNT+1)); echo ${CM_MLPERF_RUN_COUNT} > ${CM_RUN_DIR}/count.txt && if [ ${CM_MLPERF_RUN_COUNT} -eq "1" ]; then export CM_MLPERF_USER_CONF=${CM_MLPERF_RANGING_USER_CONF}; else export CM_MLPERF_USER_CONF=${CM_MLPERF_TESTING_USER_CONF}; fi && /mnt/CM/repos/ctuning@mlcommons-ck/cm-mlops/script/benchmark-any-mlperf-inference-implementation/run.out'
client 2024-02-01 03:19:26,400 [INFO] Sending command to the server: 'time'
client 2024-02-01 03:19:26,404 [INFO] Got response: '1706757566.3977427'
client 2024-02-01 03:19:26,404 [INFO] The time difference between the client and the server is within range 2.116 ms..7.017 ms
client 2024-02-01 03:19:26,405 [INFO] Sending command to the server: 'session,2024-02-01_03-13-55,stop,ranging'
client 2024-02-01 03:19:36,994 [INFO] Got response: 'OK'
client 2024-02-01 03:19:36,995 [INFO] Sending command to the server: 'time'
client 2024-02-01 03:19:36,998 [INFO] Got response: '1706757576.9921997'
client 2024-02-01 03:19:36,999 [INFO] The time difference between the client and the server is within range 3.002 ms..6.925 ms
client 2024-02-01 03:19:37,016 [INFO] Copying loadgen logs from '/home/arjun/results_dir/valid_results/orin-tflite_armnn_cpp-cpu-armnn_tflite-v23.05-using_neon_with_live_preprocessing/mobilenet-v1-precision_float-0.5-160/singlestream/performance/run_1' to '/home/arjun/results_dir/valid_results/orin-tflite_armnn_cpp-cpu-armnn_tflite-v23.05-using_neon_with_live_preprocessing/mobilenet-v1-precision_float-0.5-160/singlestream/performance/tmp_power/ranging'
client 2024-02-01 03:19:37,019 [INFO] Running workload in testing mode
client 2024-02-01 03:19:37,019 [INFO] Synchronizing with the server and with time.google.com...
client 2024-02-01 03:19:37,046 [INFO] NTP:offset = -0.007 s, delay = 0.022 s 
client 2024-02-01 03:19:37,046 [INFO] Sending command to the server: 'time'
client 2024-02-01 03:19:37,049 [INFO] Got response: '1706757577.0433636'
client 2024-02-01 03:19:37,049 [INFO] The time difference between the client and the server is within range 3.098 ms..6.222 ms
client 2024-02-01 03:19:37,049 [INFO] Sending command to the server: 'session,2024-02-01_03-13-55,start,testing'
client 2024-02-01 03:19:50,068 [INFO] Got response: 'OK'
client 2024-02-01 03:19:50,068 [INFO] Sending command to the server: 'time'
client 2024-02-01 03:19:50,071 [INFO] Got response: '1706757590.065348'
client 2024-02-01 03:19:50,072 [INFO] The time difference between the client and the server is within range 3.222 ms..6.975 ms
client 2024-02-01 03:19:50,072 [INFO] Running the workload 'CM_MLPERF_RUN_COUNT=$(cat ${CM_RUN_DIR}/count.txt); echo ${CM_MLPERF_RUN_COUNT}; CM_MLPERF_RUN_COUNT=$((CM_MLPERF_RUN_COUNT+1)); echo ${CM_MLPERF_RUN_COUNT} > ${CM_RUN_DIR}/count.txt && if [ ${CM_MLPERF_RUN_COUNT} -eq "1" ]; then export CM_MLPERF_USER_CONF=${CM_MLPERF_RANGING_USER_CONF}; else export CM_MLPERF_USER_CONF=${CM_MLPERF_TESTING_USER_CONF}; fi && /mnt/CM/repos/ctuning@mlcommons-ck/cm-mlops/script/benchmark-any-mlperf-inference-implementation/run.out'
client 2024-02-01 03:29:54,719 [INFO] Sending command to the server: 'time'
client 2024-02-01 03:29:54,819 [INFO] Got response: '1706758194.812178'
client 2024-02-01 03:29:54,819 [INFO] The time difference between the client and the server is within range -92.732 ms..7.518 ms
client 2024-02-01 03:29:54,820 [INFO] Sending command to the server: 'session,2024-02-01_03-13-55,stop,testing'
client 2024-02-01 03:30:05,129 [INFO] Got response: 'OK'
client 2024-02-01 03:30:05,130 [INFO] Sending command to the server: 'time'
client 2024-02-01 03:30:05,133 [INFO] Got response: '1706758205.1275883'
client 2024-02-01 03:30:05,133 [INFO] The time difference between the client and the server is within range 2.733 ms..6.050 ms
client 2024-02-01 03:30:05,138 [INFO] Copying loadgen logs from '/home/arjun/results_dir/valid_results/orin-tflite_armnn_cpp-cpu-armnn_tflite-v23.05-using_neon_with_live_preprocessing/mobilenet-v1-precision_float-0.5-160/singlestream/performance/run_1' to '/home/arjun/results_dir/valid_results/orin-tflite_armnn_cpp-cpu-armnn_tflite-v23.05-using_neon_with_live_preprocessing/mobilenet-v1-precision_float-0.5-160/singlestream/performance/tmp_power/run_1'
client 2024-02-01 03:30:05,140 [INFO] Done runs
