client 2024-02-04 00:43:52,888 [INFO] Creating output directory '/home/arjun/results_dir/valid_results/orin-tflite_armnn_cpp-cpu-armnn_tflite-v23.11-using_neon/mobilenet-v1-precision_uint8-1.0-192/singlestream/performance/tmp_power'
client 2024-02-04 00:43:52,890 [INFO] Sending command to the server: 'mlcommons/power client v3'
client 2024-02-04 00:43:52,892 [INFO] Got response: 'mlcommons/power server v3'
client 2024-02-04 00:43:52,892 [INFO] Synchronizing with the server and with time.google.com...
client 2024-02-04 00:43:52,925 [INFO] NTP:offset = 0.000 s, delay = 0.026 s 
client 2024-02-04 00:43:52,925 [INFO] Sending command to the server: 'time'
client 2024-02-04 00:43:52,928 [INFO] Got response: '1707007432.9264936'
client 2024-02-04 00:43:52,928 [INFO] The time difference between the client and the server is within range -1.278 ms..2.020 ms
client 2024-02-04 00:43:52,928 [INFO] Sending command to the server: 'new,,0b7d27a0-eafc-472f-9da3-290efe492313'
client 2024-02-04 00:43:52,931 [INFO] Got response: 'OK 2024-02-04_00-43-52,f20248ee-2f67-448c-bd9b-c800df5e04fa'
client 2024-02-04 00:43:52,931 [INFO] Session id is '2024-02-04_00-43-52'
client 2024-02-04 00:43:52,931 [INFO] Sources: {"sources": {"__init__.py": "da39a3ee5e6b4b0d3255bfef95601890afd80709", "client.py": "33ca4f26368777ac06e01f9567b714a4b8063886", "lib/__init__.py": "da39a3ee5e6b4b0d3255bfef95601890afd80709", "lib/client.py": "ac2aa093c8e8bbc9569b9e2a3471bc64e58a2258", "lib/common.py": "611d8b29633d331eb19c9455ea3b5fa3284ed6df", "lib/external/__init__.py": "da39a3ee5e6b4b0d3255bfef95601890afd80709", "lib/external/ntplib.py": "4da8f970656505a40483206ef2b5d3dd5e81711d", "lib/server.py": "99303c836c683aa9017ec565104e636161d02acb", "lib/source_hashes.py": "60a2e02193209e8d392803326208d5466342da18", "lib/summary.py": "aa92f0a3f975eecd44d3c0cd0236342ccc9f941d", "lib/time_sync.py": "80894ef2389e540781ff78de94db16aa4203a14e", "server.py": "c3f90f2f7eeb4db30727556d0c815ebc89b3d28b", "tests/unit/__init__.py": "da39a3ee5e6b4b0d3255bfef95601890afd80709", "tests/unit/test_server.py": "948c1995d4008bc2aa6c4046a34ffa3858d6d671", "tests/unit/test_source_hashes.py": "00468a2907583c593e6574a1f6b404e4651c221a"}, "modules": {"ptd_client_server.lib.client": "lib/client.py", "ptd_client_server.lib.common": "lib/common.py", "ptd_client_server.lib.external.ntplib": "lib/external/ntplib.py", "ptd_client_server.lib.source_hashes": "lib/source_hashes.py", "ptd_client_server.lib.summary": "lib/summary.py", "ptd_client_server.lib.time_sync": "lib/time_sync.py"}}
client 2024-02-04 00:43:52,931 [INFO] Running workload in ranging mode
client 2024-02-04 00:43:52,932 [INFO] Synchronizing with the server and with time.google.com...
client 2024-02-04 00:43:52,958 [INFO] NTP:offset = -0.000 s, delay = 0.025 s 
client 2024-02-04 00:43:52,958 [INFO] Sending command to the server: 'time'
client 2024-02-04 00:43:52,961 [INFO] Got response: '1707007432.95923'
client 2024-02-04 00:43:52,961 [INFO] The time difference between the client and the server is within range -0.828 ms..2.237 ms
client 2024-02-04 00:43:52,961 [INFO] Sending command to the server: 'session,2024-02-04_00-43-52,start,ranging'
client 2024-02-04 00:44:21,044 [INFO] Got response: 'OK'
client 2024-02-04 00:44:21,047 [INFO] Sending command to the server: 'time'
client 2024-02-04 00:44:21,050 [INFO] Got response: '1707007461.048523'
client 2024-02-04 00:44:21,050 [INFO] The time difference between the client and the server is within range -1.214 ms..2.166 ms
client 2024-02-04 00:44:21,050 [INFO] Running the workload 'CM_MLPERF_RUN_COUNT=$(cat ${CM_RUN_DIR}/count.txt); echo ${CM_MLPERF_RUN_COUNT}; CM_MLPERF_RUN_COUNT=$((CM_MLPERF_RUN_COUNT+1)); echo ${CM_MLPERF_RUN_COUNT} > ${CM_RUN_DIR}/count.txt && if [ ${CM_MLPERF_RUN_COUNT} -eq "1" ]; then export CM_MLPERF_USER_CONF=${CM_MLPERF_RANGING_USER_CONF}; else export CM_MLPERF_USER_CONF=${CM_MLPERF_TESTING_USER_CONF}; fi && /mnt/CM/repos/ctuning@mlcommons-ck/cm-mlops/script/get-lib-armnn/run.out'
client 2024-02-04 00:49:23,562 [INFO] Sending command to the server: 'time'
client 2024-02-04 00:49:23,565 [INFO] Got response: '1707007763.5620885'
client 2024-02-04 00:49:23,565 [INFO] The time difference between the client and the server is within range -0.201 ms..3.440 ms
client 2024-02-04 00:49:23,565 [INFO] Sending command to the server: 'session,2024-02-04_00-43-52,stop,ranging'
client 2024-02-04 00:49:34,097 [INFO] Got response: 'OK'
client 2024-02-04 00:49:34,098 [INFO] Sending command to the server: 'time'
client 2024-02-04 00:49:34,101 [INFO] Got response: '1707007774.098352'
client 2024-02-04 00:49:34,102 [INFO] The time difference between the client and the server is within range -0.004 ms..3.807 ms
client 2024-02-04 00:49:34,119 [INFO] Copying loadgen logs from '/home/arjun/results_dir/valid_results/orin-tflite_armnn_cpp-cpu-armnn_tflite-v23.11-using_neon/mobilenet-v1-precision_uint8-1.0-192/singlestream/performance/run_1' to '/home/arjun/results_dir/valid_results/orin-tflite_armnn_cpp-cpu-armnn_tflite-v23.11-using_neon/mobilenet-v1-precision_uint8-1.0-192/singlestream/performance/tmp_power/ranging'
client 2024-02-04 00:49:34,122 [INFO] Running workload in testing mode
client 2024-02-04 00:49:34,122 [INFO] Synchronizing with the server and with time.google.com...
client 2024-02-04 00:49:34,150 [INFO] NTP:offset = 0.000 s, delay = 0.023 s 
client 2024-02-04 00:49:34,151 [INFO] Sending command to the server: 'time'
client 2024-02-04 00:49:34,155 [INFO] Got response: '1707007774.1510549'
client 2024-02-04 00:49:34,155 [INFO] The time difference between the client and the server is within range -0.067 ms..4.539 ms
client 2024-02-04 00:49:34,155 [INFO] Sending command to the server: 'session,2024-02-04_00-43-52,start,testing'
client 2024-02-04 00:49:47,171 [INFO] Got response: 'OK'
client 2024-02-04 00:49:47,172 [INFO] Sending command to the server: 'time'
client 2024-02-04 00:49:47,176 [INFO] Got response: '1707007787.172519'
client 2024-02-04 00:49:47,176 [INFO] The time difference between the client and the server is within range -0.333 ms..4.132 ms
client 2024-02-04 00:49:47,176 [INFO] Running the workload 'CM_MLPERF_RUN_COUNT=$(cat ${CM_RUN_DIR}/count.txt); echo ${CM_MLPERF_RUN_COUNT}; CM_MLPERF_RUN_COUNT=$((CM_MLPERF_RUN_COUNT+1)); echo ${CM_MLPERF_RUN_COUNT} > ${CM_RUN_DIR}/count.txt && if [ ${CM_MLPERF_RUN_COUNT} -eq "1" ]; then export CM_MLPERF_USER_CONF=${CM_MLPERF_RANGING_USER_CONF}; else export CM_MLPERF_USER_CONF=${CM_MLPERF_TESTING_USER_CONF}; fi && /mnt/CM/repos/ctuning@mlcommons-ck/cm-mlops/script/get-lib-armnn/run.out'
client 2024-02-04 00:59:51,915 [INFO] Sending command to the server: 'time'
client 2024-02-04 00:59:51,919 [INFO] Got response: '1707008391.9159968'
client 2024-02-04 00:59:51,919 [INFO] The time difference between the client and the server is within range -0.741 ms..3.487 ms
client 2024-02-04 00:59:51,919 [INFO] Sending command to the server: 'session,2024-02-04_00-43-52,stop,testing'
client 2024-02-04 01:00:02,220 [INFO] Got response: 'OK'
client 2024-02-04 01:00:02,221 [INFO] Sending command to the server: 'time'
client 2024-02-04 01:00:02,226 [INFO] Got response: '1707008402.2215874'
client 2024-02-04 01:00:02,226 [INFO] The time difference between the client and the server is within range 0.014 ms..5.170 ms
client 2024-02-04 01:00:02,231 [INFO] Copying loadgen logs from '/home/arjun/results_dir/valid_results/orin-tflite_armnn_cpp-cpu-armnn_tflite-v23.11-using_neon/mobilenet-v1-precision_uint8-1.0-192/singlestream/performance/run_1' to '/home/arjun/results_dir/valid_results/orin-tflite_armnn_cpp-cpu-armnn_tflite-v23.11-using_neon/mobilenet-v1-precision_uint8-1.0-192/singlestream/performance/tmp_power/run_1'
client 2024-02-04 01:00:02,234 [INFO] Done runs
