Graph file: /home/ubuntu/CM/repos/local/cache/2824ae4b6fcf4eb3/mobilenet_v2_0.75_192.tflite
Image dir: /home/ubuntu/CM/repos/local/cache/f5f7451d6b444f8f
Image list: /home/ubuntu/CM/repos/local/cache/f5f7451d6b444f8f/preprocessed_files.txt
Image size: 192
Image channels: 3
Prediction classes: 1000
Result dir: /home/ubuntu/CM/repos/local/cache/c951c448d62a4016/valid_results/ip_172_31_55_41-tflite_cpp-cpu-tflite-vmaster-default_config/mobilenet-v2-precision_float-0.75-192/singlestream/performance/run_1
How many images fit in memory buffer: 1024
Normalize: 1
Subtract mean: 0
Run time preprocessing: 0
Number of Threads: 8
Number of available imagefiles: 50000

Loading graph...
INFO: Created TensorFlow Lite XNNPACK delegate for CPU.
Input tensor dimensions (NHWC): 1*192*192*3
Output tensor dimensions: 1*1001
Path to mlperf.conf : /home/ubuntu/CM/repos/local/cache/50b84cc0948543d2/inference/mlperf.conf
Path to user.conf : /home/ubuntu/CM/repos/ctuning@mlcommons-ck/cm-mlops/script/generate-mlperf-inference-user-conf/tmp/396df789b2874ca4a0d5e96f27bd5750.conf
Model Name: mobilenet
LoadGen Scenario: SingleStream
LoadGen Mode: performance
