client 2024-02-04 12:53:58,202 [INFO] Creating output directory '/home/arjun/results_dir/valid_results/orin-tflite_armnn_cpp-cpu-armnn_tflite-v23.11-using_neon/mobilenet-v2-precision_uint8-0.75-160/singlestream/performance/tmp_power'
client 2024-02-04 12:53:58,205 [INFO] Sending command to the server: 'mlcommons/power client v3'
client 2024-02-04 12:53:58,209 [INFO] Got response: 'mlcommons/power server v3'
client 2024-02-04 12:53:58,209 [INFO] Synchronizing with the server and with time.google.com...
client 2024-02-04 12:53:58,237 [INFO] NTP:offset = 0.004 s, delay = 0.022 s 
client 2024-02-04 12:53:58,237 [INFO] Sending command to the server: 'time'
client 2024-02-04 12:53:58,241 [INFO] Got response: '1707051238.2432353'
client 2024-02-04 12:53:58,241 [INFO] The time difference between the client and the server is within range -6.022 ms..-1.937 ms
client 2024-02-04 12:53:58,241 [INFO] Sending command to the server: 'new,,110ef85f-4018-4f03-9fe3-becca4b7e25e'
client 2024-02-04 12:53:58,245 [INFO] Got response: 'OK 2024-02-04_12-53-58,b135fe0d-9b6b-4630-813c-9288dd480086'
client 2024-02-04 12:53:58,245 [INFO] Session id is '2024-02-04_12-53-58'
client 2024-02-04 12:53:58,245 [INFO] Sources: {"sources": {"__init__.py": "da39a3ee5e6b4b0d3255bfef95601890afd80709", "client.py": "33ca4f26368777ac06e01f9567b714a4b8063886", "lib/__init__.py": "da39a3ee5e6b4b0d3255bfef95601890afd80709", "lib/client.py": "ac2aa093c8e8bbc9569b9e2a3471bc64e58a2258", "lib/common.py": "611d8b29633d331eb19c9455ea3b5fa3284ed6df", "lib/external/__init__.py": "da39a3ee5e6b4b0d3255bfef95601890afd80709", "lib/external/ntplib.py": "4da8f970656505a40483206ef2b5d3dd5e81711d", "lib/server.py": "99303c836c683aa9017ec565104e636161d02acb", "lib/source_hashes.py": "60a2e02193209e8d392803326208d5466342da18", "lib/summary.py": "aa92f0a3f975eecd44d3c0cd0236342ccc9f941d", "lib/time_sync.py": "80894ef2389e540781ff78de94db16aa4203a14e", "server.py": "c3f90f2f7eeb4db30727556d0c815ebc89b3d28b", "tests/unit/__init__.py": "da39a3ee5e6b4b0d3255bfef95601890afd80709", "tests/unit/test_server.py": "948c1995d4008bc2aa6c4046a34ffa3858d6d671", "tests/unit/test_source_hashes.py": "00468a2907583c593e6574a1f6b404e4651c221a"}, "modules": {"ptd_client_server.lib.client": "lib/client.py", "ptd_client_server.lib.common": "lib/common.py", "ptd_client_server.lib.external.ntplib": "lib/external/ntplib.py", "ptd_client_server.lib.source_hashes": "lib/source_hashes.py", "ptd_client_server.lib.summary": "lib/summary.py", "ptd_client_server.lib.time_sync": "lib/time_sync.py"}}
client 2024-02-04 12:53:58,245 [INFO] Running workload in ranging mode
client 2024-02-04 12:53:58,245 [INFO] Synchronizing with the server and with time.google.com...
client 2024-02-04 12:53:58,269 [INFO] NTP:offset = 0.004 s, delay = 0.022 s 
client 2024-02-04 12:53:58,269 [INFO] Sending command to the server: 'time'
client 2024-02-04 12:53:58,272 [INFO] Got response: '1707051238.2743387'
client 2024-02-04 12:53:58,272 [INFO] The time difference between the client and the server is within range -5.186 ms..-2.148 ms
client 2024-02-04 12:53:58,272 [INFO] Sending command to the server: 'session,2024-02-04_12-53-58,start,ranging'
client 2024-02-04 12:54:26,370 [INFO] Got response: 'OK'
client 2024-02-04 12:54:26,373 [INFO] Sending command to the server: 'time'
client 2024-02-04 12:54:26,376 [INFO] Got response: '1707051266.378365'
client 2024-02-04 12:54:26,376 [INFO] The time difference between the client and the server is within range -5.406 ms..-1.773 ms
client 2024-02-04 12:54:26,376 [INFO] Running the workload 'CM_MLPERF_RUN_COUNT=$(cat ${CM_RUN_DIR}/count.txt); echo ${CM_MLPERF_RUN_COUNT}; CM_MLPERF_RUN_COUNT=$((CM_MLPERF_RUN_COUNT+1)); echo ${CM_MLPERF_RUN_COUNT} > ${CM_RUN_DIR}/count.txt && if [ ${CM_MLPERF_RUN_COUNT} -eq "1" ]; then export CM_MLPERF_USER_CONF=${CM_MLPERF_RANGING_USER_CONF}; else export CM_MLPERF_USER_CONF=${CM_MLPERF_TESTING_USER_CONF}; fi && /mnt/CM/repos/ctuning@mlcommons-ck/cm-mlops/script/get-lib-armnn/run.out'
client 2024-02-04 12:59:28,796 [INFO] Sending command to the server: 'time'
client 2024-02-04 12:59:28,819 [INFO] Got response: '1707051568.8203268'
client 2024-02-04 12:59:28,820 [INFO] The time difference between the client and the server is within range -24.009 ms..0.208 ms
client 2024-02-04 12:59:28,820 [INFO] Sending command to the server: 'session,2024-02-04_12-53-58,stop,ranging'
client 2024-02-04 12:59:39,475 [INFO] Got response: 'OK'
client 2024-02-04 12:59:39,476 [INFO] Sending command to the server: 'time'
client 2024-02-04 12:59:39,480 [INFO] Got response: '1707051579.4809005'
client 2024-02-04 12:59:39,480 [INFO] The time difference between the client and the server is within range -4.707 ms..-0.417 ms
client 2024-02-04 12:59:39,498 [INFO] Copying loadgen logs from '/home/arjun/results_dir/valid_results/orin-tflite_armnn_cpp-cpu-armnn_tflite-v23.11-using_neon/mobilenet-v2-precision_uint8-0.75-160/singlestream/performance/run_1' to '/home/arjun/results_dir/valid_results/orin-tflite_armnn_cpp-cpu-armnn_tflite-v23.11-using_neon/mobilenet-v2-precision_uint8-0.75-160/singlestream/performance/tmp_power/ranging'
client 2024-02-04 12:59:39,500 [INFO] Running workload in testing mode
client 2024-02-04 12:59:39,500 [INFO] Synchronizing with the server and with time.google.com...
client 2024-02-04 12:59:39,528 [INFO] NTP:offset = 0.003 s, delay = 0.022 s 
client 2024-02-04 12:59:39,528 [INFO] Sending command to the server: 'time'
client 2024-02-04 12:59:39,532 [INFO] Got response: '1707051579.5330853'
client 2024-02-04 12:59:39,532 [INFO] The time difference between the client and the server is within range -4.535 ms..-0.711 ms
client 2024-02-04 12:59:39,532 [INFO] Sending command to the server: 'session,2024-02-04_12-53-58,start,testing'
client 2024-02-04 12:59:52,553 [INFO] Got response: 'OK'
client 2024-02-04 12:59:52,554 [INFO] Sending command to the server: 'time'
client 2024-02-04 12:59:52,557 [INFO] Got response: '1707051592.558974'
client 2024-02-04 12:59:52,557 [INFO] The time difference between the client and the server is within range -4.575 ms..-1.311 ms
client 2024-02-04 12:59:52,557 [INFO] Running the workload 'CM_MLPERF_RUN_COUNT=$(cat ${CM_RUN_DIR}/count.txt); echo ${CM_MLPERF_RUN_COUNT}; CM_MLPERF_RUN_COUNT=$((CM_MLPERF_RUN_COUNT+1)); echo ${CM_MLPERF_RUN_COUNT} > ${CM_RUN_DIR}/count.txt && if [ ${CM_MLPERF_RUN_COUNT} -eq "1" ]; then export CM_MLPERF_USER_CONF=${CM_MLPERF_RANGING_USER_CONF}; else export CM_MLPERF_USER_CONF=${CM_MLPERF_TESTING_USER_CONF}; fi && /mnt/CM/repos/ctuning@mlcommons-ck/cm-mlops/script/get-lib-armnn/run.out'
client 2024-02-04 13:09:57,293 [INFO] Sending command to the server: 'time'
client 2024-02-04 13:09:57,298 [INFO] Got response: '1707052197.3000555'
client 2024-02-04 13:09:57,298 [INFO] The time difference between the client and the server is within range -6.834 ms..-1.639 ms
client 2024-02-04 13:09:57,298 [INFO] Sending command to the server: 'session,2024-02-04_12-53-58,stop,testing'
client 2024-02-04 13:10:07,613 [INFO] Got response: 'OK'
client 2024-02-04 13:10:07,614 [INFO] Sending command to the server: 'time'
client 2024-02-04 13:10:07,617 [INFO] Got response: '1707052207.6202157'
client 2024-02-04 13:10:07,618 [INFO] The time difference between the client and the server is within range -5.444 ms..-2.090 ms
client 2024-02-04 13:10:07,623 [INFO] Copying loadgen logs from '/home/arjun/results_dir/valid_results/orin-tflite_armnn_cpp-cpu-armnn_tflite-v23.11-using_neon/mobilenet-v2-precision_uint8-0.75-160/singlestream/performance/run_1' to '/home/arjun/results_dir/valid_results/orin-tflite_armnn_cpp-cpu-armnn_tflite-v23.11-using_neon/mobilenet-v2-precision_uint8-0.75-160/singlestream/performance/tmp_power/run_1'
client 2024-02-04 13:10:07,625 [INFO] Done runs
