client 2024-02-01 04:36:49,770 [INFO] Creating output directory '/home/arjun/results_dir/valid_results/orin-tflite_armnn_cpp-cpu-armnn_tflite-v23.05-using_neon/mobilenet-v1-precision_uint8-0.25-224/singlestream/performance/tmp_power'
client 2024-02-01 04:36:49,775 [INFO] Sending command to the server: 'mlcommons/power client v3'
client 2024-02-01 04:36:49,778 [INFO] Got response: 'mlcommons/power server v3'
client 2024-02-01 04:36:49,778 [INFO] Synchronizing with the server and with time.google.com...
client 2024-02-01 04:36:49,816 [INFO] NTP:offset = -0.007 s, delay = 0.021 s 
client 2024-02-01 04:36:49,816 [INFO] Sending command to the server: 'time'
client 2024-02-01 04:36:49,819 [INFO] Got response: '1706762209.8122945'
client 2024-02-01 04:36:49,819 [INFO] The time difference between the client and the server is within range 4.664 ms..7.312 ms
client 2024-02-01 04:36:49,819 [INFO] Sending command to the server: 'new,,67f37699-5a66-45da-b786-02b1063cd9d2'
client 2024-02-01 04:36:49,821 [INFO] Got response: 'OK 2024-02-01_04-36-49,a969ed3f-16a4-4ca4-8156-f40fd172cfaf'
client 2024-02-01 04:36:49,821 [INFO] Session id is '2024-02-01_04-36-49'
client 2024-02-01 04:36:49,822 [INFO] Sources: {"sources": {"__init__.py": "da39a3ee5e6b4b0d3255bfef95601890afd80709", "client.py": "33ca4f26368777ac06e01f9567b714a4b8063886", "lib/__init__.py": "da39a3ee5e6b4b0d3255bfef95601890afd80709", "lib/client.py": "ac2aa093c8e8bbc9569b9e2a3471bc64e58a2258", "lib/common.py": "611d8b29633d331eb19c9455ea3b5fa3284ed6df", "lib/external/__init__.py": "da39a3ee5e6b4b0d3255bfef95601890afd80709", "lib/external/ntplib.py": "4da8f970656505a40483206ef2b5d3dd5e81711d", "lib/server.py": "99303c836c683aa9017ec565104e636161d02acb", "lib/source_hashes.py": "60a2e02193209e8d392803326208d5466342da18", "lib/summary.py": "aa92f0a3f975eecd44d3c0cd0236342ccc9f941d", "lib/time_sync.py": "80894ef2389e540781ff78de94db16aa4203a14e", "server.py": "c3f90f2f7eeb4db30727556d0c815ebc89b3d28b", "tests/unit/__init__.py": "da39a3ee5e6b4b0d3255bfef95601890afd80709", "tests/unit/test_server.py": "948c1995d4008bc2aa6c4046a34ffa3858d6d671", "tests/unit/test_source_hashes.py": "00468a2907583c593e6574a1f6b404e4651c221a"}, "modules": {"ptd_client_server.lib.client": "lib/client.py", "ptd_client_server.lib.common": "lib/common.py", "ptd_client_server.lib.external.ntplib": "lib/external/ntplib.py", "ptd_client_server.lib.source_hashes": "lib/source_hashes.py", "ptd_client_server.lib.summary": "lib/summary.py", "ptd_client_server.lib.time_sync": "lib/time_sync.py"}}
client 2024-02-01 04:36:49,822 [INFO] Running workload in ranging mode
client 2024-02-01 04:36:49,822 [INFO] Synchronizing with the server and with time.google.com...
client 2024-02-01 04:36:49,844 [INFO] NTP:offset = -0.005 s, delay = 0.021 s 
client 2024-02-01 04:36:49,844 [INFO] Sending command to the server: 'time'
client 2024-02-01 04:36:49,847 [INFO] Got response: '1706762209.8402047'
client 2024-02-01 04:36:49,847 [INFO] The time difference between the client and the server is within range 4.655 ms..7.317 ms
client 2024-02-01 04:36:49,847 [INFO] Sending command to the server: 'session,2024-02-01_04-36-49,start,ranging'
client 2024-02-01 04:37:17,901 [INFO] Got response: 'OK'
client 2024-02-01 04:37:17,903 [INFO] Sending command to the server: 'time'
client 2024-02-01 04:37:17,906 [INFO] Got response: '1706762237.8992746'
client 2024-02-01 04:37:17,907 [INFO] The time difference between the client and the server is within range 4.465 ms..7.662 ms
client 2024-02-01 04:37:17,907 [INFO] Running the workload 'CM_MLPERF_RUN_COUNT=$(cat ${CM_RUN_DIR}/count.txt); echo ${CM_MLPERF_RUN_COUNT}; CM_MLPERF_RUN_COUNT=$((CM_MLPERF_RUN_COUNT+1)); echo ${CM_MLPERF_RUN_COUNT} > ${CM_RUN_DIR}/count.txt && if [ ${CM_MLPERF_RUN_COUNT} -eq "1" ]; then export CM_MLPERF_USER_CONF=${CM_MLPERF_RANGING_USER_CONF}; else export CM_MLPERF_USER_CONF=${CM_MLPERF_TESTING_USER_CONF}; fi && /mnt/CM/repos/ctuning@mlcommons-ck/cm-mlops/script/benchmark-any-mlperf-inference-implementation/run.out'
client 2024-02-01 04:42:20,461 [INFO] Sending command to the server: 'time'
client 2024-02-01 04:42:20,643 [INFO] Got response: '1706762540.6353455'
client 2024-02-01 04:42:20,644 [INFO] The time difference between the client and the server is within range -174.105 ms..8.955 ms
client 2024-02-01 04:42:20,644 [INFO] Sending command to the server: 'session,2024-02-01_04-36-49,stop,ranging'
client 2024-02-01 04:42:31,069 [INFO] Got response: 'OK'
client 2024-02-01 04:42:31,070 [INFO] Sending command to the server: 'time'
client 2024-02-01 04:42:31,074 [INFO] Got response: '1706762551.066875'
client 2024-02-01 04:42:31,075 [INFO] The time difference between the client and the server is within range 3.473 ms..8.183 ms
client 2024-02-01 04:42:31,092 [INFO] Copying loadgen logs from '/home/arjun/results_dir/valid_results/orin-tflite_armnn_cpp-cpu-armnn_tflite-v23.05-using_neon/mobilenet-v1-precision_uint8-0.25-224/singlestream/performance/run_1' to '/home/arjun/results_dir/valid_results/orin-tflite_armnn_cpp-cpu-armnn_tflite-v23.05-using_neon/mobilenet-v1-precision_uint8-0.25-224/singlestream/performance/tmp_power/ranging'
client 2024-02-01 04:42:31,094 [INFO] Running workload in testing mode
client 2024-02-01 04:42:31,095 [INFO] Synchronizing with the server and with time.google.com...
client 2024-02-01 04:42:31,121 [INFO] NTP:offset = -0.005 s, delay = 0.022 s 
client 2024-02-01 04:42:31,122 [INFO] Sending command to the server: 'time'
client 2024-02-01 04:42:31,125 [INFO] Got response: '1706762551.1181598'
client 2024-02-01 04:42:31,125 [INFO] The time difference between the client and the server is within range 3.948 ms..7.737 ms
client 2024-02-01 04:42:31,126 [INFO] Sending command to the server: 'session,2024-02-01_04-36-49,start,testing'
client 2024-02-01 04:42:44,144 [INFO] Got response: 'OK'
client 2024-02-01 04:42:44,144 [INFO] Sending command to the server: 'time'
client 2024-02-01 04:42:44,147 [INFO] Got response: '1706762564.1401608'
client 2024-02-01 04:42:44,147 [INFO] The time difference between the client and the server is within range 4.605 ms..7.511 ms
client 2024-02-01 04:42:44,147 [INFO] Running the workload 'CM_MLPERF_RUN_COUNT=$(cat ${CM_RUN_DIR}/count.txt); echo ${CM_MLPERF_RUN_COUNT}; CM_MLPERF_RUN_COUNT=$((CM_MLPERF_RUN_COUNT+1)); echo ${CM_MLPERF_RUN_COUNT} > ${CM_RUN_DIR}/count.txt && if [ ${CM_MLPERF_RUN_COUNT} -eq "1" ]; then export CM_MLPERF_USER_CONF=${CM_MLPERF_RANGING_USER_CONF}; else export CM_MLPERF_USER_CONF=${CM_MLPERF_TESTING_USER_CONF}; fi && /mnt/CM/repos/ctuning@mlcommons-ck/cm-mlops/script/benchmark-any-mlperf-inference-implementation/run.out'
client 2024-02-01 04:52:48,822 [INFO] Sending command to the server: 'time'
client 2024-02-01 04:52:48,867 [INFO] Got response: '1706763168.8603432'
client 2024-02-01 04:52:48,868 [INFO] The time difference between the client and the server is within range -38.081 ms..8.102 ms
client 2024-02-01 04:52:48,868 [INFO] Sending command to the server: 'session,2024-02-01_04-36-49,stop,testing'
client 2024-02-01 04:52:59,194 [INFO] Got response: 'OK'
client 2024-02-01 04:52:59,195 [INFO] Sending command to the server: 'time'
client 2024-02-01 04:52:59,198 [INFO] Got response: '1706763179.1920724'
client 2024-02-01 04:52:59,199 [INFO] The time difference between the client and the server is within range 3.518 ms..7.025 ms
client 2024-02-01 04:52:59,204 [INFO] Copying loadgen logs from '/home/arjun/results_dir/valid_results/orin-tflite_armnn_cpp-cpu-armnn_tflite-v23.05-using_neon/mobilenet-v1-precision_uint8-0.25-224/singlestream/performance/run_1' to '/home/arjun/results_dir/valid_results/orin-tflite_armnn_cpp-cpu-armnn_tflite-v23.05-using_neon/mobilenet-v1-precision_uint8-0.25-224/singlestream/performance/tmp_power/run_1'
client 2024-02-01 04:52:59,206 [INFO] Done runs
