client 2024-02-08 11:56:32,245 [INFO] Creating output directory '/home/krai/work_collection/experiments_submission/generated_by_power_measurement_on_run_c9cd6009e539464da21381a03e134ac2/power_logs'
client 2024-02-08 11:56:32,246 [INFO] Sending command to the server: 'mlcommons/power client v3'
client 2024-02-08 11:56:32,247 [INFO] Got response: 'mlcommons/power server v3'
client 2024-02-08 11:56:32,247 [INFO] Synchronizing with the server and with time.google.com...
client 2024-02-08 11:56:32,351 [INFO] NTP:offset = 0.005 s, delay = 0.099 s 
client 2024-02-08 11:56:32,351 [INFO] Sending command to the server: 'time'
client 2024-02-08 11:56:32,352 [INFO] Got response: '1707414992.3516421'
client 2024-02-08 11:56:32,352 [INFO] The time difference between the client and the server is within range -0.454 ms..0.921 ms
client 2024-02-08 11:56:32,352 [INFO] Sending command to the server: 'new,,5a16c4f1-93fa-43f8-b589-857d4388f522'
client 2024-02-08 11:56:32,354 [INFO] Got response: 'OK 2024-02-08_11-56-32,7b50aa4d-bdf5-45a4-842a-7a94099b2415'
client 2024-02-08 11:56:32,354 [INFO] Session id is '2024-02-08_11-56-32'
client 2024-02-08 11:56:32,354 [INFO] Sources: {"sources": {"__init__.py": "da39a3ee5e6b4b0d3255bfef95601890afd80709", "client.py": "33ca4f26368777ac06e01f9567b714a4b8063886", "lib/__init__.py": "da39a3ee5e6b4b0d3255bfef95601890afd80709", "lib/client.py": "ac2aa093c8e8bbc9569b9e2a3471bc64e58a2258", "lib/common.py": "611d8b29633d331eb19c9455ea3b5fa3284ed6df", "lib/external/__init__.py": "da39a3ee5e6b4b0d3255bfef95601890afd80709", "lib/external/ntplib.py": "4da8f970656505a40483206ef2b5d3dd5e81711d", "lib/server.py": "99303c836c683aa9017ec565104e636161d02acb", "lib/source_hashes.py": "60a2e02193209e8d392803326208d5466342da18", "lib/summary.py": "aa92f0a3f975eecd44d3c0cd0236342ccc9f941d", "lib/time_sync.py": "80894ef2389e540781ff78de94db16aa4203a14e", "server.py": "c3f90f2f7eeb4db30727556d0c815ebc89b3d28b", "tests/unit/__init__.py": "da39a3ee5e6b4b0d3255bfef95601890afd80709", "tests/unit/test_server.py": "948c1995d4008bc2aa6c4046a34ffa3858d6d671", "tests/unit/test_source_hashes.py": "00468a2907583c593e6574a1f6b404e4651c221a"}, "modules": {"ptd_client_server.lib.client": "lib/client.py", "ptd_client_server.lib.common": "lib/common.py", "ptd_client_server.lib.external.ntplib": "lib/external/ntplib.py", "ptd_client_server.lib.source_hashes": "lib/source_hashes.py", "ptd_client_server.lib.summary": "lib/summary.py", "ptd_client_server.lib.time_sync": "lib/time_sync.py"}}
client 2024-02-08 11:56:32,354 [INFO] Running workload in ranging mode
client 2024-02-08 11:56:32,354 [INFO] Synchronizing with the server and with time.google.com...
client 2024-02-08 11:56:32,452 [INFO] NTP:offset = 0.005 s, delay = 0.096 s 
client 2024-02-08 11:56:32,452 [INFO] Sending command to the server: 'time'
client 2024-02-08 11:56:32,454 [INFO] Got response: '1707414992.4531443'
client 2024-02-08 11:56:32,454 [INFO] The time difference between the client and the server is within range -0.454 ms..0.994 ms
client 2024-02-08 11:56:32,454 [INFO] Sending command to the server: 'session,2024-02-08_11-56-32,start,ranging'
client 2024-02-08 11:57:11,688 [INFO] Got response: 'OK'
client 2024-02-08 11:57:11,688 [INFO] Sending command to the server: 'time'
client 2024-02-08 11:57:11,689 [INFO] Got response: '1707415031.6885114'
client 2024-02-08 11:57:11,689 [INFO] The time difference between the client and the server is within range -0.347 ms..0.901 ms
client 2024-02-08 11:57:11,689 [INFO] Running the workload 'axs byquery loadgen_output,task=object_detection,sut_name=g293_q16e_ultra,model_name=retinanet,framework=kilt,device=qaic,collection_name=experiments_submission,loadgen_mode=PerformanceOnly,loadgen_compliance_test-,loadgen_scenario=Server,_with_power+,symlink_to=/home/krai/work_collection/experiments_submission/generated_by_power_measurement_on_run_c9cd6009e539464da21381a03e134ac2/last_mlperf_logs,power_client_entrydic_path=/home/krai/work_collection/experiments_submission/generated_by_power_measurement_on_run_c9cd6009e539464da21381a03e134ac2/program_output.json,effective_no_ranging-'
client 2024-02-08 12:17:48,352 [INFO] Sending command to the server: 'time'
client 2024-02-08 12:17:48,354 [INFO] Got response: '1707416268.3532312'
client 2024-02-08 12:17:48,354 [INFO] The time difference between the client and the server is within range -0.546 ms..1.305 ms
client 2024-02-08 12:17:48,354 [INFO] Sending command to the server: 'session,2024-02-08_11-56-32,stop,ranging'
client 2024-02-08 12:17:58,797 [INFO] Got response: 'OK'
client 2024-02-08 12:17:58,797 [INFO] Sending command to the server: 'time'
client 2024-02-08 12:17:58,798 [INFO] Got response: '1707416278.7974317'
client 2024-02-08 12:17:58,798 [INFO] The time difference between the client and the server is within range 0.517 ms..1.061 ms
client 2024-02-08 12:17:58,805 [INFO] Copying loadgen logs from '/home/krai/work_collection/experiments_submission/generated_by_power_measurement_on_run_c9cd6009e539464da21381a03e134ac2/last_mlperf_logs' to '/home/krai/work_collection/experiments_submission/generated_by_power_measurement_on_run_c9cd6009e539464da21381a03e134ac2/power_logs/ranging'
client 2024-02-08 12:17:58,807 [INFO] Running workload in testing mode
client 2024-02-08 12:17:58,807 [INFO] Synchronizing with the server and with time.google.com...
client 2024-02-08 12:17:58,907 [INFO] NTP:offset = 0.006 s, delay = 0.099 s 
client 2024-02-08 12:17:58,907 [INFO] Sending command to the server: 'time'
client 2024-02-08 12:17:58,908 [INFO] Got response: '1707416278.907507'
client 2024-02-08 12:17:58,908 [INFO] The time difference between the client and the server is within range -0.066 ms..1.254 ms
client 2024-02-08 12:17:58,908 [INFO] Sending command to the server: 'session,2024-02-08_11-56-32,start,testing'
client 2024-02-08 12:18:20,527 [INFO] Got response: 'OK'
client 2024-02-08 12:18:20,527 [INFO] Sending command to the server: 'time'
client 2024-02-08 12:18:20,528 [INFO] Got response: '1707416300.5275586'
client 2024-02-08 12:18:20,528 [INFO] The time difference between the client and the server is within range -0.053 ms..1.182 ms
client 2024-02-08 12:18:20,528 [INFO] Running the workload 'axs byquery loadgen_output,task=object_detection,sut_name=g293_q16e_ultra,model_name=retinanet,framework=kilt,device=qaic,collection_name=experiments_submission,loadgen_mode=PerformanceOnly,loadgen_compliance_test-,loadgen_scenario=Server,_with_power+,symlink_to=/home/krai/work_collection/experiments_submission/generated_by_power_measurement_on_run_c9cd6009e539464da21381a03e134ac2/last_mlperf_logs,power_client_entrydic_path=/home/krai/work_collection/experiments_submission/generated_by_power_measurement_on_run_c9cd6009e539464da21381a03e134ac2/program_output.json,effective_no_ranging-'
client 2024-02-08 12:38:57,769 [INFO] Sending command to the server: 'time'
client 2024-02-08 12:38:57,770 [INFO] Got response: '1707417537.7695868'
client 2024-02-08 12:38:57,770 [INFO] The time difference between the client and the server is within range -0.596 ms..1.287 ms
client 2024-02-08 12:38:57,770 [INFO] Sending command to the server: 'session,2024-02-08_11-56-32,stop,testing'
client 2024-02-08 12:39:08,550 [INFO] Got response: 'OK'
client 2024-02-08 12:39:08,550 [INFO] Sending command to the server: 'time'
client 2024-02-08 12:39:08,550 [INFO] Got response: '1707417548.5500078'
client 2024-02-08 12:39:08,551 [INFO] The time difference between the client and the server is within range 0.358 ms..1.083 ms
client 2024-02-08 12:39:08,552 [INFO] Copying loadgen logs from '/home/krai/work_collection/experiments_submission/generated_by_power_measurement_on_run_c9cd6009e539464da21381a03e134ac2/last_mlperf_logs' to '/home/krai/work_collection/experiments_submission/generated_by_power_measurement_on_run_c9cd6009e539464da21381a03e134ac2/power_logs/run_1'
client 2024-02-08 12:39:08,553 [INFO] Done runs
