client 2024-02-04 19:48:25,275 [INFO] Creating output directory '/home/arjun/results_dir/valid_results/orin-tflite_armnn_cpp-cpu-armnn_tflite-v23.11-using_neon_with_live_preprocessing/mobilenet-v3-precision_float-small-minimalistic-224/singlestream/performance/tmp_power'
client 2024-02-04 19:48:25,279 [INFO] Sending command to the server: 'mlcommons/power client v3'
client 2024-02-04 19:48:25,283 [INFO] Got response: 'mlcommons/power server v3'
client 2024-02-04 19:48:25,283 [INFO] Synchronizing with the server and with time.google.com...
client 2024-02-04 19:48:25,314 [INFO] NTP:offset = -0.001 s, delay = 0.025 s 
client 2024-02-04 19:48:25,314 [INFO] Sending command to the server: 'time'
client 2024-02-04 19:48:25,318 [INFO] Got response: '1707076105.3159714'
client 2024-02-04 19:48:25,319 [INFO] The time difference between the client and the server is within range -1.537 ms..3.058 ms
client 2024-02-04 19:48:25,319 [INFO] Sending command to the server: 'new,,faf57453-4452-422a-af8c-dc62a5fa03f7'
client 2024-02-04 19:48:25,323 [INFO] Got response: 'OK 2024-02-04_19-48-25,5bdc4c02-c7be-4117-af9c-baae03f4d404'
client 2024-02-04 19:48:25,323 [INFO] Session id is '2024-02-04_19-48-25'
client 2024-02-04 19:48:25,323 [INFO] Sources: {"sources": {"__init__.py": "da39a3ee5e6b4b0d3255bfef95601890afd80709", "client.py": "33ca4f26368777ac06e01f9567b714a4b8063886", "lib/__init__.py": "da39a3ee5e6b4b0d3255bfef95601890afd80709", "lib/client.py": "ac2aa093c8e8bbc9569b9e2a3471bc64e58a2258", "lib/common.py": "611d8b29633d331eb19c9455ea3b5fa3284ed6df", "lib/external/__init__.py": "da39a3ee5e6b4b0d3255bfef95601890afd80709", "lib/external/ntplib.py": "4da8f970656505a40483206ef2b5d3dd5e81711d", "lib/server.py": "99303c836c683aa9017ec565104e636161d02acb", "lib/source_hashes.py": "60a2e02193209e8d392803326208d5466342da18", "lib/summary.py": "aa92f0a3f975eecd44d3c0cd0236342ccc9f941d", "lib/time_sync.py": "80894ef2389e540781ff78de94db16aa4203a14e", "server.py": "c3f90f2f7eeb4db30727556d0c815ebc89b3d28b", "tests/unit/__init__.py": "da39a3ee5e6b4b0d3255bfef95601890afd80709", "tests/unit/test_server.py": "948c1995d4008bc2aa6c4046a34ffa3858d6d671", "tests/unit/test_source_hashes.py": "00468a2907583c593e6574a1f6b404e4651c221a"}, "modules": {"ptd_client_server.lib.client": "lib/client.py", "ptd_client_server.lib.common": "lib/common.py", "ptd_client_server.lib.external.ntplib": "lib/external/ntplib.py", "ptd_client_server.lib.source_hashes": "lib/source_hashes.py", "ptd_client_server.lib.summary": "lib/summary.py", "ptd_client_server.lib.time_sync": "lib/time_sync.py"}}
client 2024-02-04 19:48:25,323 [INFO] Running workload in ranging mode
client 2024-02-04 19:48:25,323 [INFO] Synchronizing with the server and with time.google.com...
client 2024-02-04 19:48:25,371 [INFO] NTP:offset = 0.001 s, delay = 0.046 s 
client 2024-02-04 19:48:25,371 [INFO] Sending command to the server: 'time'
client 2024-02-04 19:48:25,375 [INFO] Got response: '1707076105.3728702'
client 2024-02-04 19:48:25,375 [INFO] The time difference between the client and the server is within range -1.329 ms..2.302 ms
client 2024-02-04 19:48:25,375 [INFO] Sending command to the server: 'session,2024-02-04_19-48-25,start,ranging'
client 2024-02-04 19:48:53,465 [INFO] Got response: 'OK'
client 2024-02-04 19:48:53,467 [INFO] Sending command to the server: 'time'
client 2024-02-04 19:48:53,470 [INFO] Got response: '1707076133.4683151'
client 2024-02-04 19:48:53,470 [INFO] The time difference between the client and the server is within range -1.146 ms..2.346 ms
client 2024-02-04 19:48:53,470 [INFO] Running the workload 'CM_MLPERF_RUN_COUNT=$(cat ${CM_RUN_DIR}/count.txt); echo ${CM_MLPERF_RUN_COUNT}; CM_MLPERF_RUN_COUNT=$((CM_MLPERF_RUN_COUNT+1)); echo ${CM_MLPERF_RUN_COUNT} > ${CM_RUN_DIR}/count.txt && if [ ${CM_MLPERF_RUN_COUNT} -eq "1" ]; then export CM_MLPERF_USER_CONF=${CM_MLPERF_RANGING_USER_CONF}; else export CM_MLPERF_USER_CONF=${CM_MLPERF_TESTING_USER_CONF}; fi && /mnt/CM/repos/ctuning@mlcommons-ck/cm-mlops/script/get-lib-armnn/run.out'
client 2024-02-04 19:53:55,880 [INFO] Sending command to the server: 'time'
client 2024-02-04 19:53:55,884 [INFO] Got response: '1707076435.8835535'
client 2024-02-04 19:53:55,884 [INFO] The time difference between the client and the server is within range -3.646 ms..1.173 ms
client 2024-02-04 19:53:55,884 [INFO] Sending command to the server: 'session,2024-02-04_19-48-25,stop,ranging'
client 2024-02-04 19:54:06,569 [INFO] Got response: 'OK'
client 2024-02-04 19:54:06,570 [INFO] Sending command to the server: 'time'
client 2024-02-04 19:54:06,573 [INFO] Got response: '1707076446.5726092'
client 2024-02-04 19:54:06,573 [INFO] The time difference between the client and the server is within range -2.404 ms..1.059 ms
client 2024-02-04 19:54:06,590 [INFO] Copying loadgen logs from '/home/arjun/results_dir/valid_results/orin-tflite_armnn_cpp-cpu-armnn_tflite-v23.11-using_neon_with_live_preprocessing/mobilenet-v3-precision_float-small-minimalistic-224/singlestream/performance/run_1' to '/home/arjun/results_dir/valid_results/orin-tflite_armnn_cpp-cpu-armnn_tflite-v23.11-using_neon_with_live_preprocessing/mobilenet-v3-precision_float-small-minimalistic-224/singlestream/performance/tmp_power/ranging'
client 2024-02-04 19:54:06,592 [INFO] Running workload in testing mode
client 2024-02-04 19:54:06,592 [INFO] Synchronizing with the server and with time.google.com...
client 2024-02-04 19:54:06,632 [INFO] NTP:offset = -0.003 s, delay = 0.021 s 
client 2024-02-04 19:54:06,632 [INFO] Sending command to the server: 'time'
client 2024-02-04 19:54:06,636 [INFO] Got response: '1707076446.6353695'
client 2024-02-04 19:54:06,636 [INFO] The time difference between the client and the server is within range -2.628 ms..1.017 ms
client 2024-02-04 19:54:06,636 [INFO] Sending command to the server: 'session,2024-02-04_19-48-25,start,testing'
client 2024-02-04 19:54:19,659 [INFO] Got response: 'OK'
client 2024-02-04 19:54:19,659 [INFO] Sending command to the server: 'time'
client 2024-02-04 19:54:19,663 [INFO] Got response: '1707076459.6628463'
client 2024-02-04 19:54:19,664 [INFO] The time difference between the client and the server is within range -2.931 ms..1.077 ms
client 2024-02-04 19:54:19,664 [INFO] Running the workload 'CM_MLPERF_RUN_COUNT=$(cat ${CM_RUN_DIR}/count.txt); echo ${CM_MLPERF_RUN_COUNT}; CM_MLPERF_RUN_COUNT=$((CM_MLPERF_RUN_COUNT+1)); echo ${CM_MLPERF_RUN_COUNT} > ${CM_RUN_DIR}/count.txt && if [ ${CM_MLPERF_RUN_COUNT} -eq "1" ]; then export CM_MLPERF_USER_CONF=${CM_MLPERF_RANGING_USER_CONF}; else export CM_MLPERF_USER_CONF=${CM_MLPERF_TESTING_USER_CONF}; fi && /mnt/CM/repos/ctuning@mlcommons-ck/cm-mlops/script/get-lib-armnn/run.out'
client 2024-02-04 20:04:24,250 [INFO] Sending command to the server: 'time'
client 2024-02-04 20:04:24,275 [INFO] Got response: '1707077064.2763417'
client 2024-02-04 20:04:24,275 [INFO] The time difference between the client and the server is within range -25.697 ms..-0.993 ms
client 2024-02-04 20:04:24,275 [INFO] Sending command to the server: 'session,2024-02-04_19-48-25,stop,testing'
client 2024-02-04 20:04:34,713 [INFO] Got response: 'OK'
client 2024-02-04 20:04:34,714 [INFO] Sending command to the server: 'time'
client 2024-02-04 20:04:34,720 [INFO] Got response: '1707077074.7185109'
client 2024-02-04 20:04:34,720 [INFO] The time difference between the client and the server is within range -4.333 ms..1.957 ms
client 2024-02-04 20:04:34,725 [INFO] Copying loadgen logs from '/home/arjun/results_dir/valid_results/orin-tflite_armnn_cpp-cpu-armnn_tflite-v23.11-using_neon_with_live_preprocessing/mobilenet-v3-precision_float-small-minimalistic-224/singlestream/performance/run_1' to '/home/arjun/results_dir/valid_results/orin-tflite_armnn_cpp-cpu-armnn_tflite-v23.11-using_neon_with_live_preprocessing/mobilenet-v3-precision_float-small-minimalistic-224/singlestream/performance/tmp_power/run_1'
client 2024-02-04 20:04:34,727 [INFO] Done runs
