client 2024-01-31 03:49:53,107 [INFO] Creating output directory '/home/arjun/results_dir/valid_results/orin-tflite_cpp-cpu-tflite-vmaster-with_live_preprocessing/mobilenet-v2-precision_float-0.5-128/singlestream/performance/tmp_power'
client 2024-01-31 03:49:53,189 [INFO] Sending command to the server: 'mlcommons/power client v3'
client 2024-01-31 03:49:53,192 [INFO] Got response: 'mlcommons/power server v3'
client 2024-01-31 03:49:53,192 [INFO] Synchronizing with the server and with time.google.com...
client 2024-01-31 03:49:53,223 [INFO] NTP:offset = -0.004 s, delay = 0.023 s 
client 2024-01-31 03:49:53,223 [INFO] Sending command to the server: 'time'
client 2024-01-31 03:49:53,227 [INFO] Got response: '1706672993.2250855'
client 2024-01-31 03:49:53,227 [INFO] The time difference between the client and the server is within range -1.298 ms..2.561 ms
client 2024-01-31 03:49:53,227 [INFO] Sending command to the server: 'new,,02dba4d0-0106-4962-93b6-cb4c0daa4082'
client 2024-01-31 03:49:53,230 [INFO] Got response: 'OK 2024-01-31_03-49-53,03b1e091-1a21-4834-b190-29a56a525fa6'
client 2024-01-31 03:49:53,230 [INFO] Session id is '2024-01-31_03-49-53'
client 2024-01-31 03:49:53,231 [INFO] Sources: {"sources": {"__init__.py": "da39a3ee5e6b4b0d3255bfef95601890afd80709", "client.py": "33ca4f26368777ac06e01f9567b714a4b8063886", "lib/__init__.py": "da39a3ee5e6b4b0d3255bfef95601890afd80709", "lib/client.py": "ac2aa093c8e8bbc9569b9e2a3471bc64e58a2258", "lib/common.py": "611d8b29633d331eb19c9455ea3b5fa3284ed6df", "lib/external/__init__.py": "da39a3ee5e6b4b0d3255bfef95601890afd80709", "lib/external/ntplib.py": "4da8f970656505a40483206ef2b5d3dd5e81711d", "lib/server.py": "99303c836c683aa9017ec565104e636161d02acb", "lib/source_hashes.py": "60a2e02193209e8d392803326208d5466342da18", "lib/summary.py": "aa92f0a3f975eecd44d3c0cd0236342ccc9f941d", "lib/time_sync.py": "80894ef2389e540781ff78de94db16aa4203a14e", "server.py": "c3f90f2f7eeb4db30727556d0c815ebc89b3d28b", "tests/unit/__init__.py": "da39a3ee5e6b4b0d3255bfef95601890afd80709", "tests/unit/test_server.py": "948c1995d4008bc2aa6c4046a34ffa3858d6d671", "tests/unit/test_source_hashes.py": "00468a2907583c593e6574a1f6b404e4651c221a"}, "modules": {"ptd_client_server.lib.client": "lib/client.py", "ptd_client_server.lib.common": "lib/common.py", "ptd_client_server.lib.external.ntplib": "lib/external/ntplib.py", "ptd_client_server.lib.source_hashes": "lib/source_hashes.py", "ptd_client_server.lib.summary": "lib/summary.py", "ptd_client_server.lib.time_sync": "lib/time_sync.py"}}
client 2024-01-31 03:49:53,231 [INFO] Running workload in ranging mode
client 2024-01-31 03:49:53,231 [INFO] Synchronizing with the server and with time.google.com...
client 2024-01-31 03:49:53,253 [INFO] NTP:offset = -0.003 s, delay = 0.019 s 
client 2024-01-31 03:49:53,253 [INFO] Sending command to the server: 'time'
client 2024-01-31 03:49:53,255 [INFO] Got response: '1706672993.253973'
client 2024-01-31 03:49:53,256 [INFO] The time difference between the client and the server is within range -0.535 ms..2.123 ms
client 2024-01-31 03:49:53,256 [INFO] Sending command to the server: 'session,2024-01-31_03-49-53,start,ranging'
client 2024-01-31 03:50:21,339 [INFO] Got response: 'OK'
client 2024-01-31 03:50:21,342 [INFO] Sending command to the server: 'time'
client 2024-01-31 03:50:21,345 [INFO] Got response: '1706673021.3431242'
client 2024-01-31 03:50:21,346 [INFO] The time difference between the client and the server is within range -0.843 ms..3.046 ms
client 2024-01-31 03:50:21,346 [INFO] Running the workload 'CM_MLPERF_RUN_COUNT=$(cat ${CM_RUN_DIR}/count.txt); echo ${CM_MLPERF_RUN_COUNT}; CM_MLPERF_RUN_COUNT=$((CM_MLPERF_RUN_COUNT+1)); echo ${CM_MLPERF_RUN_COUNT} > ${CM_RUN_DIR}/count.txt && if [ ${CM_MLPERF_RUN_COUNT} -eq "1" ]; then export CM_MLPERF_USER_CONF=${CM_MLPERF_RANGING_USER_CONF}; else export CM_MLPERF_USER_CONF=${CM_MLPERF_TESTING_USER_CONF}; fi && /home/arjun/run.out'
client 2024-01-31 03:55:23,755 [INFO] Sending command to the server: 'time'
client 2024-01-31 03:55:23,773 [INFO] Got response: '1706673323.7701457'
client 2024-01-31 03:55:23,773 [INFO] The time difference between the client and the server is within range -15.059 ms..3.722 ms
client 2024-01-31 03:55:23,774 [INFO] Sending command to the server: 'session,2024-01-31_03-49-53,stop,ranging'
client 2024-01-31 03:55:34,498 [INFO] Got response: 'OK'
client 2024-01-31 03:55:34,499 [INFO] Sending command to the server: 'time'
client 2024-01-31 03:55:34,502 [INFO] Got response: '1706673334.5006573'
client 2024-01-31 03:55:34,503 [INFO] The time difference between the client and the server is within range -1.328 ms..2.346 ms
client 2024-01-31 03:55:34,521 [INFO] Copying loadgen logs from '/home/arjun/results_dir/valid_results/orin-tflite_cpp-cpu-tflite-vmaster-with_live_preprocessing/mobilenet-v2-precision_float-0.5-128/singlestream/performance/run_1' to '/home/arjun/results_dir/valid_results/orin-tflite_cpp-cpu-tflite-vmaster-with_live_preprocessing/mobilenet-v2-precision_float-0.5-128/singlestream/performance/tmp_power/ranging'
client 2024-01-31 03:55:34,523 [INFO] Running workload in testing mode
client 2024-01-31 03:55:34,523 [INFO] Synchronizing with the server and with time.google.com...
client 2024-01-31 03:55:34,549 [INFO] NTP:offset = -0.003 s, delay = 0.020 s 
client 2024-01-31 03:55:34,549 [INFO] Sending command to the server: 'time'
client 2024-01-31 03:55:34,552 [INFO] Got response: '1706673334.5509617'
client 2024-01-31 03:55:34,553 [INFO] The time difference between the client and the server is within range -1.148 ms..2.204 ms
client 2024-01-31 03:55:34,553 [INFO] Sending command to the server: 'session,2024-01-31_03-49-53,start,testing'
client 2024-01-31 03:55:47,575 [INFO] Got response: 'OK'
client 2024-01-31 03:55:47,577 [INFO] Sending command to the server: 'time'
client 2024-01-31 03:55:47,580 [INFO] Got response: '1706673347.5782404'
client 2024-01-31 03:55:47,580 [INFO] The time difference between the client and the server is within range -1.275 ms..2.129 ms
client 2024-01-31 03:55:47,580 [INFO] Running the workload 'CM_MLPERF_RUN_COUNT=$(cat ${CM_RUN_DIR}/count.txt); echo ${CM_MLPERF_RUN_COUNT}; CM_MLPERF_RUN_COUNT=$((CM_MLPERF_RUN_COUNT+1)); echo ${CM_MLPERF_RUN_COUNT} > ${CM_RUN_DIR}/count.txt && if [ ${CM_MLPERF_RUN_COUNT} -eq "1" ]; then export CM_MLPERF_USER_CONF=${CM_MLPERF_RANGING_USER_CONF}; else export CM_MLPERF_USER_CONF=${CM_MLPERF_TESTING_USER_CONF}; fi && /home/arjun/run.out'
client 2024-01-31 04:05:51,873 [INFO] Sending command to the server: 'time'
client 2024-01-31 04:05:51,877 [INFO] Got response: '1706673951.8752835'
client 2024-01-31 04:05:51,877 [INFO] The time difference between the client and the server is within range -1.723 ms..2.193 ms
client 2024-01-31 04:05:51,877 [INFO] Sending command to the server: 'session,2024-01-31_03-49-53,stop,testing'
client 2024-01-31 04:06:02,623 [INFO] Got response: 'OK'
client 2024-01-31 04:06:02,624 [INFO] Sending command to the server: 'time'
client 2024-01-31 04:06:02,627 [INFO] Got response: '1706673962.6253512'
client 2024-01-31 04:06:02,628 [INFO] The time difference between the client and the server is within range -1.147 ms..2.565 ms
client 2024-01-31 04:06:02,632 [INFO] Copying loadgen logs from '/home/arjun/results_dir/valid_results/orin-tflite_cpp-cpu-tflite-vmaster-with_live_preprocessing/mobilenet-v2-precision_float-0.5-128/singlestream/performance/run_1' to '/home/arjun/results_dir/valid_results/orin-tflite_cpp-cpu-tflite-vmaster-with_live_preprocessing/mobilenet-v2-precision_float-0.5-128/singlestream/performance/tmp_power/run_1'
client 2024-01-31 04:06:02,634 [INFO] Done runs
