client 2024-02-22 16:09:52,567 [INFO] Sending command to the server: 'mlcommons/power client v3'
client 2024-02-22 16:09:52,569 [INFO] Got response: 'mlcommons/power server v3'
client 2024-02-22 16:09:52,570 [INFO] Synchronizing with the server and with time.google.com...
client 2024-02-22 16:09:52,658 [INFO] NTP:offset = 0.210 s, delay = 0.053 s 
client 2024-02-22 16:09:52,658 [INFO] Sending command to the server: 'time'
client 2024-02-22 16:09:52,661 [INFO] Got response: '1708618192.8711026'
client 2024-02-22 16:09:52,662 [INFO] The time difference between the client and the server is within range -212.305 ms..-208.785 ms
client 2024-02-22 16:09:52,665 [INFO] Sending command to the server: 'new,singlestream,fd9a6006-f087-45f0-bcc2-b1ae997faa97'
client 2024-02-22 16:09:52,667 [INFO] Got response: 'OK 2024-02-22_08-09-52_singlestream,165137d1-7271-470c-852d-9765b28eb1c4'
client 2024-02-22 16:09:52,668 [INFO] Session id is '2024-02-22_08-09-52_singlestream'
client 2024-02-22 16:09:52,669 [INFO] Sources: {"sources": {"__init__.py": "da39a3ee5e6b4b0d3255bfef95601890afd80709", "client.py": "33ca4f26368777ac06e01f9567b714a4b8063886", "lib/__init__.py": "da39a3ee5e6b4b0d3255bfef95601890afd80709", "lib/client.py": "ac2aa093c8e8bbc9569b9e2a3471bc64e58a2258", "lib/common.py": "611d8b29633d331eb19c9455ea3b5fa3284ed6df", "lib/external/__init__.py": "da39a3ee5e6b4b0d3255bfef95601890afd80709", "lib/external/ntplib.py": "4da8f970656505a40483206ef2b5d3dd5e81711d", "lib/server.py": "99303c836c683aa9017ec565104e636161d02acb", "lib/source_hashes.py": "60a2e02193209e8d392803326208d5466342da18", "lib/summary.py": "aa92f0a3f975eecd44d3c0cd0236342ccc9f941d", "lib/time_sync.py": "80894ef2389e540781ff78de94db16aa4203a14e", "server.py": "c3f90f2f7eeb4db30727556d0c815ebc89b3d28b", "tests/unit/__init__.py": "da39a3ee5e6b4b0d3255bfef95601890afd80709", "tests/unit/test_server.py": "948c1995d4008bc2aa6c4046a34ffa3858d6d671", "tests/unit/test_source_hashes.py": "00468a2907583c593e6574a1f6b404e4651c221a"}, "modules": {"ptd_client_server.lib.client": "lib/client.py", "ptd_client_server.lib.common": "lib/common.py", "ptd_client_server.lib.external.ntplib": "lib/external/ntplib.py", "ptd_client_server.lib.source_hashes": "lib/source_hashes.py", "ptd_client_server.lib.summary": "lib/summary.py", "ptd_client_server.lib.time_sync": "lib/time_sync.py"}}
client 2024-02-22 16:09:52,670 [INFO] Running workload in ranging mode
client 2024-02-22 16:09:52,671 [INFO] Synchronizing with the server and with time.google.com...
client 2024-02-22 16:09:52,706 [INFO] NTP:offset = 0.212 s, delay = 0.024 s 
client 2024-02-22 16:09:52,706 [INFO] Sending command to the server: 'time'
client 2024-02-22 16:09:52,709 [INFO] Got response: '1708618192.9185889'
client 2024-02-22 16:09:52,710 [INFO] The time difference between the client and the server is within range -211.784 ms..-208.309 ms
client 2024-02-22 16:09:52,711 [INFO] Sending command to the server: 'session,2024-02-22_08-09-52_singlestream,start,ranging'
client 2024-02-22 16:10:20,676 [INFO] Got response: 'OK'
client 2024-02-22 16:10:20,677 [INFO] Sending command to the server: 'time'
client 2024-02-22 16:10:20,679 [INFO] Got response: '1708618220.951147'
client 2024-02-22 16:10:20,680 [INFO] The time difference between the client and the server is within range -273.828 ms..-270.746 ms
client 2024-02-22 16:10:20,681 [INFO] Running the workload './run2 -t 0 -i 1:3:224:224 -o 1:64 -r 0  -s 0 -b 1 -d /sjclab/vimal.nakum/mlperf/resnet_dataset/mlperf_resnet50_dataset.dat -m false -l /sjclab/vimal.nakum/mlperf/libs_02052646/ -a /sjclab/vimal.nakum/mlperf/amy_models_0212/'
client 2024-02-22 16:21:49,173 [INFO] Sending command to the server: 'time'
client 2024-02-22 16:21:49,176 [INFO] Got response: '1708618909.360972'
client 2024-02-22 16:21:49,176 [INFO] The time difference between the client and the server is within range -188.000 ms..-184.167 ms
client 2024-02-22 16:21:49,177 [INFO] Sending command to the server: 'session,2024-02-22_08-09-52_singlestream,stop,ranging'
client 2024-02-22 16:21:59,797 [INFO] Got response: 'OK'
client 2024-02-22 16:21:59,797 [INFO] Sending command to the server: 'time'
client 2024-02-22 16:21:59,800 [INFO] Got response: '1708618920.0451581'
client 2024-02-22 16:21:59,800 [INFO] The time difference between the client and the server is within range -247.302 ms..-244.462 ms
client 2024-02-22 16:22:00,054 [INFO] Copying loadgen logs from '/data/vimal/mlperf_0130' to '../temp/2024-02-22_08-09-52_singlestream/ranging'
client 2024-02-22 16:22:00,058 [INFO] Running workload in testing mode
client 2024-02-22 16:22:00,059 [INFO] Synchronizing with the server and with time.google.com...
client 2024-02-22 16:22:00,121 [INFO] NTP:offset = 0.247 s, delay = 0.052 s 
client 2024-02-22 16:22:00,122 [INFO] Sending command to the server: 'time'
client 2024-02-22 16:22:00,124 [INFO] Got response: '1708618920.3724608'
client 2024-02-22 16:22:00,125 [INFO] The time difference between the client and the server is within range -250.382 ms..-246.794 ms
client 2024-02-22 16:22:00,126 [INFO] Sending command to the server: 'session,2024-02-22_08-09-52_singlestream,start,testing'
client 2024-02-22 16:22:13,161 [INFO] Got response: 'OK'
client 2024-02-22 16:22:13,162 [INFO] Sending command to the server: 'time'
client 2024-02-22 16:22:13,164 [INFO] Got response: '1708618933.3960092'
client 2024-02-22 16:22:13,165 [INFO] The time difference between the client and the server is within range -233.577 ms..-230.504 ms
client 2024-02-22 16:22:13,166 [INFO] Running the workload './run2 -t 0 -i 1:3:224:224 -o 1:64 -r 0  -s 0 -b 1 -d /sjclab/vimal.nakum/mlperf/resnet_dataset/mlperf_resnet50_dataset.dat -m false -l /sjclab/vimal.nakum/mlperf/libs_02052646/ -a /sjclab/vimal.nakum/mlperf/amy_models_0212/'
client 2024-02-22 16:33:41,562 [INFO] Sending command to the server: 'time'
client 2024-02-22 16:33:41,564 [INFO] Got response: '1708619621.7620838'
client 2024-02-22 16:33:41,565 [INFO] The time difference between the client and the server is within range -199.966 ms..-196.749 ms
client 2024-02-22 16:33:41,566 [INFO] Sending command to the server: 'session,2024-02-22_08-09-52_singlestream,stop,testing'
client 2024-02-22 16:33:52,178 [INFO] Got response: 'OK'
client 2024-02-22 16:33:52,179 [INFO] Sending command to the server: 'time'
client 2024-02-22 16:33:52,181 [INFO] Got response: '1708619632.4500928'
client 2024-02-22 16:33:52,182 [INFO] The time difference between the client and the server is within range -270.843 ms..-268.133 ms
client 2024-02-22 16:33:52,384 [INFO] Copying loadgen logs from '/data/vimal/mlperf_0130' to '../temp/2024-02-22_08-09-52_singlestream/run_1'
client 2024-02-22 16:33:52,388 [INFO] Done runs
