client 2024-02-04 23:20:54,863 [INFO] Creating output directory '/home/arjun/results_dir/valid_results/orin-tflite_armnn_cpp-cpu-armnn_tflite-v23.11-using_neon_with_live_preprocessing/efficientnet-fp32-lite3/singlestream/performance/tmp_power'
client 2024-02-04 23:20:54,867 [INFO] Sending command to the server: 'mlcommons/power client v3'
client 2024-02-04 23:20:54,869 [INFO] Got response: 'mlcommons/power server v3'
client 2024-02-04 23:20:54,870 [INFO] Synchronizing with the server and with time.google.com...
client 2024-02-04 23:20:54,900 [INFO] NTP:offset = 0.002 s, delay = 0.026 s 
client 2024-02-04 23:20:54,901 [INFO] Sending command to the server: 'time'
client 2024-02-04 23:20:54,905 [INFO] Got response: '1707088854.9049869'
client 2024-02-04 23:20:54,905 [INFO] The time difference between the client and the server is within range -3.905 ms..0.859 ms
client 2024-02-04 23:20:54,906 [INFO] Sending command to the server: 'new,,cc5f67a4-ea62-42f8-ae3d-9ed96ea717e2'
client 2024-02-04 23:20:54,910 [INFO] Got response: 'OK 2024-02-04_23-20-54,62011ed8-a456-457c-a742-7cfacd86b151'
client 2024-02-04 23:20:54,910 [INFO] Session id is '2024-02-04_23-20-54'
client 2024-02-04 23:20:54,910 [INFO] Sources: {"sources": {"__init__.py": "da39a3ee5e6b4b0d3255bfef95601890afd80709", "client.py": "33ca4f26368777ac06e01f9567b714a4b8063886", "lib/__init__.py": "da39a3ee5e6b4b0d3255bfef95601890afd80709", "lib/client.py": "ac2aa093c8e8bbc9569b9e2a3471bc64e58a2258", "lib/common.py": "611d8b29633d331eb19c9455ea3b5fa3284ed6df", "lib/external/__init__.py": "da39a3ee5e6b4b0d3255bfef95601890afd80709", "lib/external/ntplib.py": "4da8f970656505a40483206ef2b5d3dd5e81711d", "lib/server.py": "99303c836c683aa9017ec565104e636161d02acb", "lib/source_hashes.py": "60a2e02193209e8d392803326208d5466342da18", "lib/summary.py": "aa92f0a3f975eecd44d3c0cd0236342ccc9f941d", "lib/time_sync.py": "80894ef2389e540781ff78de94db16aa4203a14e", "server.py": "c3f90f2f7eeb4db30727556d0c815ebc89b3d28b", "tests/unit/__init__.py": "da39a3ee5e6b4b0d3255bfef95601890afd80709", "tests/unit/test_server.py": "948c1995d4008bc2aa6c4046a34ffa3858d6d671", "tests/unit/test_source_hashes.py": "00468a2907583c593e6574a1f6b404e4651c221a"}, "modules": {"ptd_client_server.lib.client": "lib/client.py", "ptd_client_server.lib.common": "lib/common.py", "ptd_client_server.lib.external.ntplib": "lib/external/ntplib.py", "ptd_client_server.lib.source_hashes": "lib/source_hashes.py", "ptd_client_server.lib.summary": "lib/summary.py", "ptd_client_server.lib.time_sync": "lib/time_sync.py"}}
client 2024-02-04 23:20:54,910 [INFO] Running workload in ranging mode
client 2024-02-04 23:20:54,911 [INFO] Synchronizing with the server and with time.google.com...
client 2024-02-04 23:20:54,957 [INFO] NTP:offset = 0.003 s, delay = 0.045 s 
client 2024-02-04 23:20:54,957 [INFO] Sending command to the server: 'time'
client 2024-02-04 23:20:54,988 [INFO] Got response: '1707088854.988754'
client 2024-02-04 23:20:54,989 [INFO] The time difference between the client and the server is within range -30.916 ms..0.332 ms
client 2024-02-04 23:20:54,989 [INFO] Sending command to the server: 'session,2024-02-04_23-20-54,start,ranging'
client 2024-02-04 23:21:23,078 [INFO] Got response: 'OK'
client 2024-02-04 23:21:23,081 [INFO] Sending command to the server: 'time'
client 2024-02-04 23:21:23,084 [INFO] Got response: '1707088883.0843418'
client 2024-02-04 23:21:23,085 [INFO] The time difference between the client and the server is within range -3.369 ms..0.886 ms
client 2024-02-04 23:21:23,085 [INFO] Running the workload 'CM_MLPERF_RUN_COUNT=$(cat ${CM_RUN_DIR}/count.txt); echo ${CM_MLPERF_RUN_COUNT}; CM_MLPERF_RUN_COUNT=$((CM_MLPERF_RUN_COUNT+1)); echo ${CM_MLPERF_RUN_COUNT} > ${CM_RUN_DIR}/count.txt && if [ ${CM_MLPERF_RUN_COUNT} -eq "1" ]; then export CM_MLPERF_USER_CONF=${CM_MLPERF_RANGING_USER_CONF}; else export CM_MLPERF_USER_CONF=${CM_MLPERF_TESTING_USER_CONF}; fi && /mnt/CM/repos/ctuning@mlcommons-ck/cm-mlops/script/get-lib-armnn/run.out'
client 2024-02-04 23:26:26,170 [INFO] Sending command to the server: 'time'
client 2024-02-04 23:26:26,174 [INFO] Got response: '1707089186.1737576'
client 2024-02-04 23:26:26,174 [INFO] The time difference between the client and the server is within range -3.718 ms..0.812 ms
client 2024-02-04 23:26:26,174 [INFO] Sending command to the server: 'session,2024-02-04_23-20-54,stop,ranging'
client 2024-02-04 23:26:37,194 [INFO] Got response: 'OK'
client 2024-02-04 23:26:37,195 [INFO] Sending command to the server: 'time'
client 2024-02-04 23:26:37,198 [INFO] Got response: '1707089197.1983943'
client 2024-02-04 23:26:37,199 [INFO] The time difference between the client and the server is within range -2.936 ms..0.716 ms
client 2024-02-04 23:26:37,215 [INFO] Copying loadgen logs from '/home/arjun/results_dir/valid_results/orin-tflite_armnn_cpp-cpu-armnn_tflite-v23.11-using_neon_with_live_preprocessing/efficientnet-fp32-lite3/singlestream/performance/run_1' to '/home/arjun/results_dir/valid_results/orin-tflite_armnn_cpp-cpu-armnn_tflite-v23.11-using_neon_with_live_preprocessing/efficientnet-fp32-lite3/singlestream/performance/tmp_power/ranging'
client 2024-02-04 23:26:37,217 [INFO] Running workload in testing mode
client 2024-02-04 23:26:37,218 [INFO] Synchronizing with the server and with time.google.com...
client 2024-02-04 23:26:37,245 [INFO] NTP:offset = -0.000 s, delay = 0.023 s 
client 2024-02-04 23:26:37,245 [INFO] Sending command to the server: 'time'
client 2024-02-04 23:26:37,248 [INFO] Got response: '1707089197.2483618'
client 2024-02-04 23:26:37,249 [INFO] The time difference between the client and the server is within range -3.009 ms..0.656 ms
client 2024-02-04 23:26:37,249 [INFO] Sending command to the server: 'session,2024-02-04_23-20-54,start,testing'
client 2024-02-04 23:26:50,264 [INFO] Got response: 'OK'
client 2024-02-04 23:26:50,265 [INFO] Sending command to the server: 'time'
client 2024-02-04 23:26:50,270 [INFO] Got response: '1707089210.2691903'
client 2024-02-04 23:26:50,270 [INFO] The time difference between the client and the server is within range -3.664 ms..1.594 ms
client 2024-02-04 23:26:50,271 [INFO] Running the workload 'CM_MLPERF_RUN_COUNT=$(cat ${CM_RUN_DIR}/count.txt); echo ${CM_MLPERF_RUN_COUNT}; CM_MLPERF_RUN_COUNT=$((CM_MLPERF_RUN_COUNT+1)); echo ${CM_MLPERF_RUN_COUNT} > ${CM_RUN_DIR}/count.txt && if [ ${CM_MLPERF_RUN_COUNT} -eq "1" ]; then export CM_MLPERF_USER_CONF=${CM_MLPERF_RANGING_USER_CONF}; else export CM_MLPERF_USER_CONF=${CM_MLPERF_TESTING_USER_CONF}; fi && /mnt/CM/repos/ctuning@mlcommons-ck/cm-mlops/script/get-lib-armnn/run.out'
client 2024-02-04 23:36:55,555 [INFO] Sending command to the server: 'time'
client 2024-02-04 23:36:55,623 [INFO] Got response: '1707089815.62295'
client 2024-02-04 23:36:55,623 [INFO] The time difference between the client and the server is within range -67.412 ms..0.970 ms
client 2024-02-04 23:36:55,624 [INFO] Sending command to the server: 'session,2024-02-04_23-20-54,stop,testing'
client 2024-02-04 23:37:06,318 [INFO] Got response: 'OK'
client 2024-02-04 23:37:06,319 [INFO] Sending command to the server: 'time'
client 2024-02-04 23:37:06,323 [INFO] Got response: '1707089826.3230455'
client 2024-02-04 23:37:06,323 [INFO] The time difference between the client and the server is within range -3.165 ms..0.810 ms
client 2024-02-04 23:37:06,328 [INFO] Copying loadgen logs from '/home/arjun/results_dir/valid_results/orin-tflite_armnn_cpp-cpu-armnn_tflite-v23.11-using_neon_with_live_preprocessing/efficientnet-fp32-lite3/singlestream/performance/run_1' to '/home/arjun/results_dir/valid_results/orin-tflite_armnn_cpp-cpu-armnn_tflite-v23.11-using_neon_with_live_preprocessing/efficientnet-fp32-lite3/singlestream/performance/tmp_power/run_1'
client 2024-02-04 23:37:06,338 [INFO] Done runs
