Graph file: /home/ubuntu/CM/repos/local/cache/fc475737129e4025/v2_224_75/model.tflite
Image dir: /home/ubuntu/CM/repos/local/cache/b2fe2dc3fe904f64
Image list: /home/ubuntu/CM/repos/local/cache/b2fe2dc3fe904f64/preprocessed_files.txt
Image size: 224
Image channels: 3
Prediction classes: 1000
Result dir: /home/ubuntu/CM/repos/local/cache/c951c448d62a4016/valid_results/ip_172_31_55_41-tflite_cpp-cpu-tflite-vmaster-default_config/mobilenet-v2-precision_uint8-0.75-224/singlestream/performance/run_1
How many images fit in memory buffer: 1024
Normalize: 1
Subtract mean: 0
Run time preprocessing: 1
Number of Threads: 8
Number of available imagefiles: 50000

Loading graph...
INFO: Created TensorFlow Lite XNNPACK delegate for CPU.
Input tensor dimensions (NHWC): 1*224*224*3
Output tensor dimensions: 1*1001
Path to mlperf.conf : /home/ubuntu/CM/repos/local/cache/50b84cc0948543d2/inference/mlperf.conf
Path to user.conf : /home/ubuntu/CM/repos/ctuning@mlcommons-ck/cm-mlops/script/generate-mlperf-inference-user-conf/tmp/3b6e6225afab41ce8aa28594e6d98aa3.conf
Model Name: mobilenet
LoadGen Scenario: SingleStream
LoadGen Mode: performance
