Graph file: /home/ubuntu/CM/repos/local/cache/54d75df8f7d148c0/efficientnet-lite0/efficientnet-lite0-int8.tflite
Image dir: /home/ubuntu/CM/repos/local/cache/752e4fc5ea7d4a6c
Image list: /home/ubuntu/CM/repos/local/cache/752e4fc5ea7d4a6c/preprocessed_files.txt
Image size: 224
Image channels: 3
Prediction classes: 1000
Result dir: /home/ubuntu/CM/repos/local/cache/9aa1379abfa84bac/valid_results/ip_172_31_35_99-tflite_cpp-cpu-tflite-vmaster-default_config/efficientnet-int8-lite0/singlestream/performance/run_1
How many images fit in memory buffer: 1024
Normalize: 1
Subtract mean: 0
Run time preprocessing: 1
Number of Threads: 4
Number of available imagefiles: 50000

Loading graph...
INFO: Created TensorFlow Lite XNNPACK delegate for CPU.
Input tensor dimensions (NHWC): 1*224*224*3
Output tensor dimensions: 1*1000
Path to mlperf.conf : /home/ubuntu/CM/repos/local/cache/b31bc314ab8a48f9/inference/mlperf.conf
Path to user.conf : /home/ubuntu/CM/repos/ctuning@mlcommons-ck/cm-mlops/script/generate-mlperf-inference-user-conf/tmp/0e8d67d403154d7592d7c73a98da0b76.conf
Model Name: efficientnet
LoadGen Scenario: SingleStream
LoadGen Mode: performance
