client 2024-02-23 08:57:15,700 [INFO] Sending command to the server: 'mlcommons/power client v3'
client 2024-02-23 08:57:15,703 [INFO] Got response: 'mlcommons/power server v3'
client 2024-02-23 08:57:15,703 [INFO] Sending command to the server: 'stop'
client 2024-02-23 08:57:15,709 [INFO] Got response: 'OK'
client 2024-02-23 08:57:15,709 [INFO] Synchronizing with the server and with 100.64.0.18...
client 2024-02-23 08:57:15,714 [INFO] NTP:offset = 0.000 s, delay = 0.001 s 
client 2024-02-23 08:57:15,714 [INFO] Sending command to the server: 'time'
client 2024-02-23 08:57:15,718 [INFO] Got response: '1708678635.6921268'
client 2024-02-23 08:57:15,718 [INFO] The time difference between the client and the server is within range 22.552 ms..26.692 ms
client 2024-02-23 08:57:15,718 [INFO] Sending command to the server: 'new,,580377e2-d684-4453-b836-33f0457bc896'
client 2024-02-23 08:57:15,727 [INFO] Got response: 'OK 2024-02-23_08-57-15,cbf79437-22c0-414a-b73c-720a1ed652a6'
client 2024-02-23 08:57:15,727 [INFO] Session id is '2024-02-23_08-57-15'
client 2024-02-23 08:57:15,727 [INFO] Sources: {"sources": {"__init__.py": "da39a3ee5e6b4b0d3255bfef95601890afd80709", "client.py": "33ca4f26368777ac06e01f9567b714a4b8063886", "lib/__init__.py": "da39a3ee5e6b4b0d3255bfef95601890afd80709", "lib/client.py": "ac2aa093c8e8bbc9569b9e2a3471bc64e58a2258", "lib/common.py": "611d8b29633d331eb19c9455ea3b5fa3284ed6df", "lib/external/__init__.py": "da39a3ee5e6b4b0d3255bfef95601890afd80709", "lib/external/ntplib.py": "4da8f970656505a40483206ef2b5d3dd5e81711d", "lib/server.py": "99303c836c683aa9017ec565104e636161d02acb", "lib/source_hashes.py": "60a2e02193209e8d392803326208d5466342da18", "lib/summary.py": "aa92f0a3f975eecd44d3c0cd0236342ccc9f941d", "lib/time_sync.py": "80894ef2389e540781ff78de94db16aa4203a14e", "server.py": "c3f90f2f7eeb4db30727556d0c815ebc89b3d28b", "tests/unit/__init__.py": "da39a3ee5e6b4b0d3255bfef95601890afd80709", "tests/unit/test_server.py": "948c1995d4008bc2aa6c4046a34ffa3858d6d671", "tests/unit/test_source_hashes.py": "00468a2907583c593e6574a1f6b404e4651c221a"}, "modules": {"ptd_client_server.lib.client": "lib/client.py", "ptd_client_server.lib.common": "lib/common.py", "ptd_client_server.lib.external.ntplib": "lib/external/ntplib.py", "ptd_client_server.lib.source_hashes": "lib/source_hashes.py", "ptd_client_server.lib.summary": "lib/summary.py", "ptd_client_server.lib.time_sync": "lib/time_sync.py"}}
client 2024-02-23 08:57:15,728 [INFO] Running workload in ranging mode
client 2024-02-23 08:57:15,728 [INFO] Synchronizing with the server and with 100.64.0.18...
client 2024-02-23 08:57:15,730 [INFO] NTP:offset = 0.000 s, delay = 0.001 s 
client 2024-02-23 08:57:15,730 [INFO] Sending command to the server: 'time'
client 2024-02-23 08:57:15,733 [INFO] Got response: '1708678635.7123322'
client 2024-02-23 08:57:15,734 [INFO] The time difference between the client and the server is within range 18.193 ms..21.760 ms
client 2024-02-23 08:57:15,734 [INFO] Sending command to the server: 'session,2024-02-23_08-57-15,start,ranging'
client 2024-02-23 08:57:39,691 [INFO] Got response: 'OK'
client 2024-02-23 08:57:39,692 [INFO] Sending command to the server: 'time'
client 2024-02-23 08:57:39,696 [INFO] Got response: '1708678659.6771195'
client 2024-02-23 08:57:39,696 [INFO] The time difference between the client and the server is within range 14.924 ms..19.125 ms
client 2024-02-23 08:57:39,696 [INFO] Running the workload 'LOG_DIR=/work/build/power_logs_temp python3.8 -m code.main --benchmarks=resnet50 \t--scenarios=SingleStream \t--config_ver=default_maxq \t--test_mode=PerformanceOnly  --action="run_harness" \\\n\t\t2>&1 | tee -a /work/build/power_logs/2024.02.23-08.56.28/stdout.txt \\\n\t\t&& if [ ! -d /work/build/power_logs/2024.02.23-08.56.28/ranging_tmp ]; \\\n\t\t\tthen mkdir /work/build/power_logs/2024.02.23-08.56.28/ranging_tmp \\\n\t\t\t\t&& mv /work/build/power_logs_temp/* /work/build/power_logs/2024.02.23-08.56.28/ranging_tmp/ \\\n\t\t\t\t&& cp -v /work/build/power_logs/2024.02.23-08.56.28/ranging_tmp/*/*/*/mlperf_log_detail.txt /work/build/power_logs_temp/ \\\n\t\t\t\t&& cp -v /work/build/power_logs/2024.02.23-08.56.28/ranging_tmp/*/*/*/mlperf_log_summary.txt /work/build/power_logs_temp/; \\\n\t\t\telse mkdir /work/build/power_logs/2024.02.23-08.56.28/testing_tmp \\\n\t\t\t\t&& mv /work/build/power_logs_temp/* /work/build/power_logs/2024.02.23-08.56.28/testing_tmp/ \\\n\t\t\t\t&& cp -v /work/build/power_logs/2024.02.23-08.56.28/testing_tmp/*/*/*/mlperf_log_detail.txt /work/build/power_logs_temp/ \\\n\t\t\t\t&& cp -v /work/build/power_logs/2024.02.23-08.56.28/testing_tmp/*/*/*/mlperf_log_summary.txt /work/build/power_logs_temp/; fi'
client 2024-02-23 09:07:50,458 [INFO] Sending command to the server: 'time'
client 2024-02-23 09:07:50,461 [INFO] Got response: '1708679270.4340916'
client 2024-02-23 09:07:50,461 [INFO] The time difference between the client and the server is within range 24.062 ms..27.752 ms
client 2024-02-23 09:07:50,461 [INFO] Sending command to the server: 'session,2024-02-23_08-57-15,stop,ranging'
client 2024-02-23 09:08:00,774 [INFO] Got response: 'OK'
client 2024-02-23 09:08:00,774 [INFO] Sending command to the server: 'time'
client 2024-02-23 09:08:00,777 [INFO] Got response: '1708679280.75255'
client 2024-02-23 09:08:00,777 [INFO] The time difference between the client and the server is within range 22.094 ms..24.647 ms
client 2024-02-23 09:08:00,783 [INFO] Copying loadgen logs from '/work/build/power_logs_temp' to '/work/build/power_logs/2024.02.23-08.56.28/2024-02-23_08-57-15/ranging'
client 2024-02-23 09:08:00,784 [INFO] Running workload in testing mode
client 2024-02-23 09:08:00,784 [INFO] Synchronizing with the server and with 100.64.0.18...
client 2024-02-23 09:08:00,785 [INFO] NTP:offset = 0.001 s, delay = 0.001 s 
client 2024-02-23 09:08:00,785 [INFO] Sending command to the server: 'time'
client 2024-02-23 09:08:00,787 [INFO] Got response: '1708679280.7627873'
client 2024-02-23 09:08:00,787 [INFO] The time difference between the client and the server is within range 22.537 ms..25.032 ms
client 2024-02-23 09:08:00,787 [INFO] Sending command to the server: 'session,2024-02-23_08-57-15,start,testing'
client 2024-02-23 09:08:13,857 [INFO] Got response: 'OK'
client 2024-02-23 09:08:13,858 [INFO] Sending command to the server: 'time'
client 2024-02-23 09:08:13,861 [INFO] Got response: '1708679293.837399'
client 2024-02-23 09:08:13,861 [INFO] The time difference between the client and the server is within range 20.763 ms..24.246 ms
client 2024-02-23 09:08:13,861 [INFO] Running the workload 'LOG_DIR=/work/build/power_logs_temp python3.8 -m code.main --benchmarks=resnet50 \t--scenarios=SingleStream \t--config_ver=default_maxq \t--test_mode=PerformanceOnly  --action="run_harness" \\\n\t\t2>&1 | tee -a /work/build/power_logs/2024.02.23-08.56.28/stdout.txt \\\n\t\t&& if [ ! -d /work/build/power_logs/2024.02.23-08.56.28/ranging_tmp ]; \\\n\t\t\tthen mkdir /work/build/power_logs/2024.02.23-08.56.28/ranging_tmp \\\n\t\t\t\t&& mv /work/build/power_logs_temp/* /work/build/power_logs/2024.02.23-08.56.28/ranging_tmp/ \\\n\t\t\t\t&& cp -v /work/build/power_logs/2024.02.23-08.56.28/ranging_tmp/*/*/*/mlperf_log_detail.txt /work/build/power_logs_temp/ \\\n\t\t\t\t&& cp -v /work/build/power_logs/2024.02.23-08.56.28/ranging_tmp/*/*/*/mlperf_log_summary.txt /work/build/power_logs_temp/; \\\n\t\t\telse mkdir /work/build/power_logs/2024.02.23-08.56.28/testing_tmp \\\n\t\t\t\t&& mv /work/build/power_logs_temp/* /work/build/power_logs/2024.02.23-08.56.28/testing_tmp/ \\\n\t\t\t\t&& cp -v /work/build/power_logs/2024.02.23-08.56.28/testing_tmp/*/*/*/mlperf_log_detail.txt /work/build/power_logs_temp/ \\\n\t\t\t\t&& cp -v /work/build/power_logs/2024.02.23-08.56.28/testing_tmp/*/*/*/mlperf_log_summary.txt /work/build/power_logs_temp/; fi'
client 2024-02-23 09:18:25,030 [INFO] Sending command to the server: 'time'
client 2024-02-23 09:18:25,035 [INFO] Got response: '1708679904.9989436'
client 2024-02-23 09:18:25,035 [INFO] The time difference between the client and the server is within range 30.900 ms..36.288 ms
client 2024-02-23 09:18:25,035 [INFO] Sending command to the server: 'session,2024-02-23_08-57-15,stop,testing'
client 2024-02-23 09:18:35,930 [INFO] Got response: 'OK'
client 2024-02-23 09:18:35,931 [INFO] Sending command to the server: 'time'
client 2024-02-23 09:18:35,933 [INFO] Got response: '1708679915.8999496'
client 2024-02-23 09:18:35,933 [INFO] The time difference between the client and the server is within range 31.177 ms..33.492 ms
client 2024-02-23 09:18:35,935 [INFO] Copying loadgen logs from '/work/build/power_logs_temp' to '/work/build/power_logs/2024.02.23-08.56.28/2024-02-23_08-57-15/run_1'
client 2024-02-23 09:18:35,936 [INFO] Done runs
