Graph file: /home/ec2-user/CM/repos/local/cache/d5edab1f966b4ad3/efficientnet-lite1/efficientnet-lite1-int8.tflite
Image dir: /home/ec2-user/CM/repos/local/cache/d2c0a84fd8014daa
Image list: /home/ec2-user/CM/repos/local/cache/d2c0a84fd8014daa/preprocessed_files.txt
Image size: 240
Image channels: 3
Prediction classes: 1000
Result dir: /home/ec2-user/CM/repos/local/cache/2b88026e7cd54ea9/valid_results/ip_172_31_41_189.us_west_2.compute.internal-tflite_cpp-cpu-tflite-vmaster-default_config/efficientnet-int8-lite1/singlestream/performance/run_1
How many images fit in memory buffer: 1024
Normalize: 1
Subtract mean: 0
Run time preprocessing: 1
Number of Threads: 4
Number of available imagefiles: 50000

Loading graph...
INFO: Created TensorFlow Lite XNNPACK delegate for CPU.
Input tensor dimensions (NHWC): 1*240*240*3
Output tensor dimensions: 1*1000
Path to mlperf.conf : /home/ec2-user/CM/repos/local/cache/8a7eb07153174f8b/inference/mlperf.conf
Path to user.conf : /home/ec2-user/CM/repos/ctuning@mlcommons-ck/cm-mlops/script/generate-mlperf-inference-user-conf/tmp/66183864cd3745ac813522fa0d15aacf.conf
Model Name: efficientnet
LoadGen Scenario: SingleStream
LoadGen Mode: performance
