client 2024-02-04 05:59:30,259 [INFO] Creating output directory '/home/arjun/results_dir/valid_results/orin-tflite_armnn_cpp-cpu-armnn_tflite-v23.11-using_neon_with_live_preprocessing/mobilenet-v1-precision_float-0.5-160/singlestream/performance/tmp_power'
client 2024-02-04 05:59:30,317 [INFO] Sending command to the server: 'mlcommons/power client v3'
client 2024-02-04 05:59:30,320 [INFO] Got response: 'mlcommons/power server v3'
client 2024-02-04 05:59:30,320 [INFO] Synchronizing with the server and with time.google.com...
client 2024-02-04 05:59:30,360 [INFO] NTP:offset = -0.001 s, delay = 0.021 s 
client 2024-02-04 05:59:30,361 [INFO] Sending command to the server: 'time'
client 2024-02-04 05:59:30,363 [INFO] Got response: '1707026370.363969'
client 2024-02-04 05:59:30,364 [INFO] The time difference between the client and the server is within range -2.931 ms..0.239 ms
client 2024-02-04 05:59:30,364 [INFO] Sending command to the server: 'new,,d75a3cb9-bb90-44e4-840b-a9c3d9304f78'
client 2024-02-04 05:59:30,367 [INFO] Got response: 'OK 2024-02-04_05-59-30,abc4cd50-db0a-4a03-a165-fb46f72bff10'
client 2024-02-04 05:59:30,367 [INFO] Session id is '2024-02-04_05-59-30'
client 2024-02-04 05:59:30,368 [INFO] Sources: {"sources": {"__init__.py": "da39a3ee5e6b4b0d3255bfef95601890afd80709", "client.py": "33ca4f26368777ac06e01f9567b714a4b8063886", "lib/__init__.py": "da39a3ee5e6b4b0d3255bfef95601890afd80709", "lib/client.py": "ac2aa093c8e8bbc9569b9e2a3471bc64e58a2258", "lib/common.py": "611d8b29633d331eb19c9455ea3b5fa3284ed6df", "lib/external/__init__.py": "da39a3ee5e6b4b0d3255bfef95601890afd80709", "lib/external/ntplib.py": "4da8f970656505a40483206ef2b5d3dd5e81711d", "lib/server.py": "99303c836c683aa9017ec565104e636161d02acb", "lib/source_hashes.py": "60a2e02193209e8d392803326208d5466342da18", "lib/summary.py": "aa92f0a3f975eecd44d3c0cd0236342ccc9f941d", "lib/time_sync.py": "80894ef2389e540781ff78de94db16aa4203a14e", "server.py": "c3f90f2f7eeb4db30727556d0c815ebc89b3d28b", "tests/unit/__init__.py": "da39a3ee5e6b4b0d3255bfef95601890afd80709", "tests/unit/test_server.py": "948c1995d4008bc2aa6c4046a34ffa3858d6d671", "tests/unit/test_source_hashes.py": "00468a2907583c593e6574a1f6b404e4651c221a"}, "modules": {"ptd_client_server.lib.client": "lib/client.py", "ptd_client_server.lib.common": "lib/common.py", "ptd_client_server.lib.external.ntplib": "lib/external/ntplib.py", "ptd_client_server.lib.source_hashes": "lib/source_hashes.py", "ptd_client_server.lib.summary": "lib/summary.py", "ptd_client_server.lib.time_sync": "lib/time_sync.py"}}
client 2024-02-04 05:59:30,368 [INFO] Running workload in ranging mode
client 2024-02-04 05:59:30,368 [INFO] Synchronizing with the server and with time.google.com...
client 2024-02-04 05:59:30,394 [INFO] NTP:offset = -0.003 s, delay = 0.024 s 
client 2024-02-04 05:59:30,394 [INFO] Sending command to the server: 'time'
client 2024-02-04 05:59:30,397 [INFO] Got response: '1707026370.397069'
client 2024-02-04 05:59:30,397 [INFO] The time difference between the client and the server is within range -2.752 ms..0.535 ms
client 2024-02-04 05:59:30,397 [INFO] Sending command to the server: 'session,2024-02-04_05-59-30,start,ranging'
client 2024-02-04 05:59:58,476 [INFO] Got response: 'OK'
client 2024-02-04 05:59:58,478 [INFO] Sending command to the server: 'time'
client 2024-02-04 05:59:58,481 [INFO] Got response: '1707026398.4812999'
client 2024-02-04 05:59:58,481 [INFO] The time difference between the client and the server is within range -2.852 ms..0.477 ms
client 2024-02-04 05:59:58,482 [INFO] Running the workload 'CM_MLPERF_RUN_COUNT=$(cat ${CM_RUN_DIR}/count.txt); echo ${CM_MLPERF_RUN_COUNT}; CM_MLPERF_RUN_COUNT=$((CM_MLPERF_RUN_COUNT+1)); echo ${CM_MLPERF_RUN_COUNT} > ${CM_RUN_DIR}/count.txt && if [ ${CM_MLPERF_RUN_COUNT} -eq "1" ]; then export CM_MLPERF_USER_CONF=${CM_MLPERF_RANGING_USER_CONF}; else export CM_MLPERF_USER_CONF=${CM_MLPERF_TESTING_USER_CONF}; fi && /mnt/CM/repos/ctuning@mlcommons-ck/cm-mlops/script/get-lib-armnn/run.out'
client 2024-02-04 06:05:00,930 [INFO] Sending command to the server: 'time'
client 2024-02-04 06:05:00,933 [INFO] Got response: '1707026700.9332957'
client 2024-02-04 06:05:00,933 [INFO] The time difference between the client and the server is within range -3.304 ms..0.397 ms
client 2024-02-04 06:05:00,933 [INFO] Sending command to the server: 'session,2024-02-04_05-59-30,stop,ranging'
client 2024-02-04 06:05:11,544 [INFO] Got response: 'OK'
client 2024-02-04 06:05:11,546 [INFO] Sending command to the server: 'time'
client 2024-02-04 06:05:11,549 [INFO] Got response: '1707026711.54919'
client 2024-02-04 06:05:11,549 [INFO] The time difference between the client and the server is within range -2.934 ms..0.699 ms
client 2024-02-04 06:05:11,567 [INFO] Copying loadgen logs from '/home/arjun/results_dir/valid_results/orin-tflite_armnn_cpp-cpu-armnn_tflite-v23.11-using_neon_with_live_preprocessing/mobilenet-v1-precision_float-0.5-160/singlestream/performance/run_1' to '/home/arjun/results_dir/valid_results/orin-tflite_armnn_cpp-cpu-armnn_tflite-v23.11-using_neon_with_live_preprocessing/mobilenet-v1-precision_float-0.5-160/singlestream/performance/tmp_power/ranging'
client 2024-02-04 06:05:11,569 [INFO] Running workload in testing mode
client 2024-02-04 06:05:11,570 [INFO] Synchronizing with the server and with time.google.com...
client 2024-02-04 06:05:11,597 [INFO] NTP:offset = -0.001 s, delay = 0.022 s 
client 2024-02-04 06:05:11,597 [INFO] Sending command to the server: 'time'
client 2024-02-04 06:05:11,600 [INFO] Got response: '1707026711.600369'
client 2024-02-04 06:05:11,600 [INFO] The time difference between the client and the server is within range -2.894 ms..0.399 ms
client 2024-02-04 06:05:11,601 [INFO] Sending command to the server: 'session,2024-02-04_05-59-30,start,testing'
client 2024-02-04 06:05:24,618 [INFO] Got response: 'OK'
client 2024-02-04 06:05:24,619 [INFO] Sending command to the server: 'time'
client 2024-02-04 06:05:24,622 [INFO] Got response: '1707026724.6218462'
client 2024-02-04 06:05:24,622 [INFO] The time difference between the client and the server is within range -2.767 ms..0.896 ms
client 2024-02-04 06:05:24,623 [INFO] Running the workload 'CM_MLPERF_RUN_COUNT=$(cat ${CM_RUN_DIR}/count.txt); echo ${CM_MLPERF_RUN_COUNT}; CM_MLPERF_RUN_COUNT=$((CM_MLPERF_RUN_COUNT+1)); echo ${CM_MLPERF_RUN_COUNT} > ${CM_RUN_DIR}/count.txt && if [ ${CM_MLPERF_RUN_COUNT} -eq "1" ]; then export CM_MLPERF_USER_CONF=${CM_MLPERF_RANGING_USER_CONF}; else export CM_MLPERF_USER_CONF=${CM_MLPERF_TESTING_USER_CONF}; fi && /mnt/CM/repos/ctuning@mlcommons-ck/cm-mlops/script/get-lib-armnn/run.out'
client 2024-02-04 06:15:29,358 [INFO] Sending command to the server: 'time'
client 2024-02-04 06:15:29,363 [INFO] Got response: '1707027329.362911'
client 2024-02-04 06:15:29,363 [INFO] The time difference between the client and the server is within range -4.482 ms..0.457 ms
client 2024-02-04 06:15:29,363 [INFO] Sending command to the server: 'session,2024-02-04_05-59-30,stop,testing'
client 2024-02-04 06:15:39,683 [INFO] Got response: 'OK'
client 2024-02-04 06:15:39,684 [INFO] Sending command to the server: 'time'
client 2024-02-04 06:15:39,688 [INFO] Got response: '1707027339.688059'
client 2024-02-04 06:15:39,688 [INFO] The time difference between the client and the server is within range -3.283 ms..0.655 ms
client 2024-02-04 06:15:39,693 [INFO] Copying loadgen logs from '/home/arjun/results_dir/valid_results/orin-tflite_armnn_cpp-cpu-armnn_tflite-v23.11-using_neon_with_live_preprocessing/mobilenet-v1-precision_float-0.5-160/singlestream/performance/run_1' to '/home/arjun/results_dir/valid_results/orin-tflite_armnn_cpp-cpu-armnn_tflite-v23.11-using_neon_with_live_preprocessing/mobilenet-v1-precision_float-0.5-160/singlestream/performance/tmp_power/run_1'
client 2024-02-04 06:15:39,696 [INFO] Done runs
