Graph file: /home/ubuntu/CM/repos/local/cache/f2012e888f534498/mobilenet_v2_0.75_192.tflite
Image dir: /home/ubuntu/CM/repos/local/cache/e07ec289a3544a80
Image list: /home/ubuntu/CM/repos/local/cache/e07ec289a3544a80/preprocessed_files.txt
Image size: 192
Image channels: 3
Prediction classes: 1000
Result dir: /home/ubuntu/CM/repos/local/cache/7d7675dc64fb47c1/valid_results/ip_172_31_22_165-tflite_cpp-cpu-tflite-vmaster-default_config/mobilenet-v2-precision_float-0.75-192/singlestream/performance/run_1
How many images fit in memory buffer: 1024
Normalize: 1
Subtract mean: 0
Run time preprocessing: 0
Number of Threads: 8
Number of available imagefiles: 50000

Loading graph...
INFO: Created TensorFlow Lite XNNPACK delegate for CPU.
Input tensor dimensions (NHWC): 1*192*192*3
Output tensor dimensions: 1*1001
Path to mlperf.conf : /home/ubuntu/CM/repos/local/cache/f3e5a00e87484e31/inference/mlperf.conf
Path to user.conf : /home/ubuntu/CM/repos/ctuning@mlcommons-ck/cm-mlops/script/generate-mlperf-inference-user-conf/tmp/d413ffc4f0df457ea7b6561c749e7b66.conf
Model Name: mobilenet
LoadGen Scenario: SingleStream
LoadGen Mode: performance
