Graph file: /home/ubuntu/CM/repos/local/cache/bb27ec97824349de/mobilenet_v1_0.5_192_quant.tflite
Image dir: /home/ubuntu/CM/repos/local/cache/ec90425f602c4cca
Image list: /home/ubuntu/CM/repos/local/cache/ec90425f602c4cca/preprocessed_files.txt
Image size: 192
Image channels: 3
Prediction classes: 1000
Result dir: /home/ubuntu/CM/repos/local/cache/a7ccb264d8f442f8/valid_results/ip_172_31_24_206-tflite_cpp-cpu-tflite-vmaster-default_config/mobilenet-v1-precision_uint8-0.5-192/singlestream/accuracy
How many images fit in memory buffer: 1024
Normalize: 1
Subtract mean: 0
Run time preprocessing: 1
Number of Threads: 4
Number of available imagefiles: 50000

Loading graph...
INFO: Created TensorFlow Lite XNNPACK delegate for CPU.
Input tensor dimensions (NHWC): 1*192*192*3
Output tensor dimensions: 1*1001
Path to mlperf.conf : /home/ubuntu/CM/repos/local/cache/ae32b951ac8043bc/inference/mlperf.conf
Path to user.conf : /home/ubuntu/CM/repos/ctuning@mlcommons-ck/cm-mlops/script/generate-mlperf-inference-user-conf/tmp/90a8c93fe5044b85ae039eb23ac29a39.conf
Model Name: mobilenet
LoadGen Scenario: SingleStream
LoadGen Mode: accuracy
