client 2024-02-01 09:51:52,524 [INFO] Creating output directory '/home/arjun/results_dir/valid_results/orin-tflite_armnn_cpp-cpu-armnn_tflite-v23.05-using_neon_with_live_preprocessing/mobilenet-v2-precision_float-0.75-160/singlestream/performance/tmp_power'
client 2024-02-01 09:51:52,542 [INFO] Sending command to the server: 'mlcommons/power client v3'
client 2024-02-01 09:51:52,546 [INFO] Got response: 'mlcommons/power server v3'
client 2024-02-01 09:51:52,546 [INFO] Synchronizing with the server and with time.google.com...
client 2024-02-01 09:51:52,572 [INFO] NTP:offset = -0.006 s, delay = 0.021 s 
client 2024-02-01 09:51:52,572 [INFO] Sending command to the server: 'time'
client 2024-02-01 09:51:52,576 [INFO] Got response: '1706781112.5717986'
client 2024-02-01 09:51:52,576 [INFO] The time difference between the client and the server is within range 0.717 ms..4.919 ms
client 2024-02-01 09:51:52,576 [INFO] Sending command to the server: 'new,,7c99218d-de7a-4d35-8f91-7593b6333029'
client 2024-02-01 09:51:52,580 [INFO] Got response: 'OK 2024-02-01_09-51-52,87681e01-9716-4089-bf61-d1152914190e'
client 2024-02-01 09:51:52,580 [INFO] Session id is '2024-02-01_09-51-52'
client 2024-02-01 09:51:52,581 [INFO] Sources: {"sources": {"__init__.py": "da39a3ee5e6b4b0d3255bfef95601890afd80709", "client.py": "33ca4f26368777ac06e01f9567b714a4b8063886", "lib/__init__.py": "da39a3ee5e6b4b0d3255bfef95601890afd80709", "lib/client.py": "ac2aa093c8e8bbc9569b9e2a3471bc64e58a2258", "lib/common.py": "611d8b29633d331eb19c9455ea3b5fa3284ed6df", "lib/external/__init__.py": "da39a3ee5e6b4b0d3255bfef95601890afd80709", "lib/external/ntplib.py": "4da8f970656505a40483206ef2b5d3dd5e81711d", "lib/server.py": "99303c836c683aa9017ec565104e636161d02acb", "lib/source_hashes.py": "60a2e02193209e8d392803326208d5466342da18", "lib/summary.py": "aa92f0a3f975eecd44d3c0cd0236342ccc9f941d", "lib/time_sync.py": "80894ef2389e540781ff78de94db16aa4203a14e", "server.py": "c3f90f2f7eeb4db30727556d0c815ebc89b3d28b", "tests/unit/__init__.py": "da39a3ee5e6b4b0d3255bfef95601890afd80709", "tests/unit/test_server.py": "948c1995d4008bc2aa6c4046a34ffa3858d6d671", "tests/unit/test_source_hashes.py": "00468a2907583c593e6574a1f6b404e4651c221a"}, "modules": {"ptd_client_server.lib.client": "lib/client.py", "ptd_client_server.lib.common": "lib/common.py", "ptd_client_server.lib.external.ntplib": "lib/external/ntplib.py", "ptd_client_server.lib.source_hashes": "lib/source_hashes.py", "ptd_client_server.lib.summary": "lib/summary.py", "ptd_client_server.lib.time_sync": "lib/time_sync.py"}}
client 2024-02-01 09:51:52,581 [INFO] Running workload in ranging mode
client 2024-02-01 09:51:52,581 [INFO] Synchronizing with the server and with time.google.com...
client 2024-02-01 09:51:52,600 [INFO] NTP:offset = -0.006 s, delay = 0.018 s 
client 2024-02-01 09:51:52,600 [INFO] Sending command to the server: 'time'
client 2024-02-01 09:51:52,604 [INFO] Got response: '1706781112.599882'
client 2024-02-01 09:51:52,604 [INFO] The time difference between the client and the server is within range 0.808 ms..4.620 ms
client 2024-02-01 09:51:52,604 [INFO] Sending command to the server: 'session,2024-02-01_09-51-52,start,ranging'
client 2024-02-01 09:52:20,766 [INFO] Got response: 'OK'
client 2024-02-01 09:52:20,769 [INFO] Sending command to the server: 'time'
client 2024-02-01 09:52:20,772 [INFO] Got response: '1706781140.7680259'
client 2024-02-01 09:52:20,773 [INFO] The time difference between the client and the server is within range 1.150 ms..4.968 ms
client 2024-02-01 09:52:20,773 [INFO] Running the workload 'CM_MLPERF_RUN_COUNT=$(cat ${CM_RUN_DIR}/count.txt); echo ${CM_MLPERF_RUN_COUNT}; CM_MLPERF_RUN_COUNT=$((CM_MLPERF_RUN_COUNT+1)); echo ${CM_MLPERF_RUN_COUNT} > ${CM_RUN_DIR}/count.txt && if [ ${CM_MLPERF_RUN_COUNT} -eq "1" ]; then export CM_MLPERF_USER_CONF=${CM_MLPERF_RANGING_USER_CONF}; else export CM_MLPERF_USER_CONF=${CM_MLPERF_TESTING_USER_CONF}; fi && /mnt/CM/repos/ctuning@mlcommons-ck/cm-mlops/script/benchmark-any-mlperf-inference-implementation/run.out'
client 2024-02-01 09:57:23,378 [INFO] Sending command to the server: 'time'
client 2024-02-01 09:57:23,382 [INFO] Got response: '1706781443.3776608'
client 2024-02-01 09:57:23,383 [INFO] The time difference between the client and the server is within range 0.534 ms..5.294 ms
client 2024-02-01 09:57:23,383 [INFO] Sending command to the server: 'session,2024-02-01_09-51-52,stop,ranging'
client 2024-02-01 09:57:33,999 [INFO] Got response: 'OK'
client 2024-02-01 09:57:34,000 [INFO] Sending command to the server: 'time'
client 2024-02-01 09:57:34,004 [INFO] Got response: '1706781453.9993124'
client 2024-02-01 09:57:34,004 [INFO] The time difference between the client and the server is within range 1.396 ms..5.311 ms
client 2024-02-01 09:57:34,022 [INFO] Copying loadgen logs from '/home/arjun/results_dir/valid_results/orin-tflite_armnn_cpp-cpu-armnn_tflite-v23.05-using_neon_with_live_preprocessing/mobilenet-v2-precision_float-0.75-160/singlestream/performance/run_1' to '/home/arjun/results_dir/valid_results/orin-tflite_armnn_cpp-cpu-armnn_tflite-v23.05-using_neon_with_live_preprocessing/mobilenet-v2-precision_float-0.75-160/singlestream/performance/tmp_power/ranging'
client 2024-02-01 09:57:34,025 [INFO] Running workload in testing mode
client 2024-02-01 09:57:34,026 [INFO] Synchronizing with the server and with time.google.com...
client 2024-02-01 09:57:34,062 [INFO] NTP:offset = -0.007 s, delay = 0.021 s 
client 2024-02-01 09:57:34,063 [INFO] Sending command to the server: 'time'
client 2024-02-01 09:57:34,066 [INFO] Got response: '1706781454.0613804'
client 2024-02-01 09:57:34,066 [INFO] The time difference between the client and the server is within range 1.645 ms..5.193 ms
client 2024-02-01 09:57:34,066 [INFO] Sending command to the server: 'session,2024-02-01_09-51-52,start,testing'
client 2024-02-01 09:57:47,085 [INFO] Got response: 'OK'
client 2024-02-01 09:57:47,086 [INFO] Sending command to the server: 'time'
client 2024-02-01 09:57:47,089 [INFO] Got response: '1706781467.08491'
client 2024-02-01 09:57:47,090 [INFO] The time difference between the client and the server is within range 1.400 ms..5.088 ms
client 2024-02-01 09:57:47,090 [INFO] Running the workload 'CM_MLPERF_RUN_COUNT=$(cat ${CM_RUN_DIR}/count.txt); echo ${CM_MLPERF_RUN_COUNT}; CM_MLPERF_RUN_COUNT=$((CM_MLPERF_RUN_COUNT+1)); echo ${CM_MLPERF_RUN_COUNT} > ${CM_RUN_DIR}/count.txt && if [ ${CM_MLPERF_RUN_COUNT} -eq "1" ]; then export CM_MLPERF_USER_CONF=${CM_MLPERF_RANGING_USER_CONF}; else export CM_MLPERF_USER_CONF=${CM_MLPERF_TESTING_USER_CONF}; fi && /mnt/CM/repos/ctuning@mlcommons-ck/cm-mlops/script/benchmark-any-mlperf-inference-implementation/run.out'
client 2024-02-01 10:07:51,766 [INFO] Sending command to the server: 'time'
client 2024-02-01 10:07:51,771 [INFO] Got response: '1706782071.7656968'
client 2024-02-01 10:07:51,771 [INFO] The time difference between the client and the server is within range 0.483 ms..5.594 ms
client 2024-02-01 10:07:51,771 [INFO] Sending command to the server: 'session,2024-02-01_09-51-52,stop,testing'
client 2024-02-01 10:08:02,152 [INFO] Got response: 'OK'
client 2024-02-01 10:08:02,154 [INFO] Sending command to the server: 'time'
client 2024-02-01 10:08:02,158 [INFO] Got response: '1706782082.1530128'
client 2024-02-01 10:08:02,158 [INFO] The time difference between the client and the server is within range 1.125 ms..5.494 ms
client 2024-02-01 10:08:02,163 [INFO] Copying loadgen logs from '/home/arjun/results_dir/valid_results/orin-tflite_armnn_cpp-cpu-armnn_tflite-v23.05-using_neon_with_live_preprocessing/mobilenet-v2-precision_float-0.75-160/singlestream/performance/run_1' to '/home/arjun/results_dir/valid_results/orin-tflite_armnn_cpp-cpu-armnn_tflite-v23.05-using_neon_with_live_preprocessing/mobilenet-v2-precision_float-0.75-160/singlestream/performance/tmp_power/run_1'
client 2024-02-01 10:08:02,165 [INFO] Done runs
