Graph file: /home/ubuntu/CM/repos/local/cache/a16b3d5ce2124139/mobilenet_v1_0.75_224_quant.tflite
Image dir: /home/ubuntu/CM/repos/local/cache/781e023a35a34212
Image list: /home/ubuntu/CM/repos/local/cache/781e023a35a34212/preprocessed_files.txt
Image size: 224
Image channels: 3
Prediction classes: 1000
Result dir: /home/ubuntu/CM/repos/local/cache/ab6453667ee043c6/valid_results/t2.2xlarge-tflite_cpp-cpu-tflite-vmaster-default_config/mobilenet-v1-precision_uint8-0.75-224/singlestream/performance/run_1
How many images fit in memory buffer: 1024
Normalize: 1
Subtract mean: 0
Run time preprocessing: 1
Number of Threads: 8
Number of available imagefiles: 50000

Loading graph...
INFO: Created TensorFlow Lite XNNPACK delegate for CPU.
Input tensor dimensions (NHWC): 1*224*224*3
Output tensor dimensions: 1*1001
Path to mlperf.conf : /home/ubuntu/CM/repos/local/cache/579980e63fab43fc/inference/mlperf.conf
Path to user.conf : /home/ubuntu/CM/repos/ctuning@mlcommons-ck/cm-mlops/script/generate-mlperf-inference-user-conf/tmp/e95691cc9f2342fa84025c8f2f3febc7.conf
Model Name: mobilenet
LoadGen Scenario: SingleStream
LoadGen Mode: performance
