client 2024-02-01 03:30:30,515 [INFO] Creating output directory '/home/arjun/results_dir/valid_results/orin-tflite_armnn_cpp-cpu-armnn_tflite-v23.05-using_neon/mobilenet-v1-precision_uint8-0.5-160/singlestream/performance/tmp_power'
client 2024-02-01 03:30:30,667 [INFO] Sending command to the server: 'mlcommons/power client v3'
client 2024-02-01 03:30:30,670 [INFO] Got response: 'mlcommons/power server v3'
client 2024-02-01 03:30:30,670 [INFO] Synchronizing with the server and with time.google.com...
client 2024-02-01 03:30:30,697 [INFO] NTP:offset = -0.007 s, delay = 0.019 s 
client 2024-02-01 03:30:30,697 [INFO] Sending command to the server: 'time'
client 2024-02-01 03:30:30,703 [INFO] Got response: '1706758230.696718'
client 2024-02-01 03:30:30,703 [INFO] The time difference between the client and the server is within range 1.197 ms..6.403 ms
client 2024-02-01 03:30:30,703 [INFO] Sending command to the server: 'new,,ce943824-4eb7-4ad1-96c1-9e17caef8a14'
client 2024-02-01 03:30:30,707 [INFO] Got response: 'OK 2024-02-01_03-30-30,fac6901a-b13c-49c0-82df-bce529f0894a'
client 2024-02-01 03:30:30,707 [INFO] Session id is '2024-02-01_03-30-30'
client 2024-02-01 03:30:30,707 [INFO] Sources: {"sources": {"__init__.py": "da39a3ee5e6b4b0d3255bfef95601890afd80709", "client.py": "33ca4f26368777ac06e01f9567b714a4b8063886", "lib/__init__.py": "da39a3ee5e6b4b0d3255bfef95601890afd80709", "lib/client.py": "ac2aa093c8e8bbc9569b9e2a3471bc64e58a2258", "lib/common.py": "611d8b29633d331eb19c9455ea3b5fa3284ed6df", "lib/external/__init__.py": "da39a3ee5e6b4b0d3255bfef95601890afd80709", "lib/external/ntplib.py": "4da8f970656505a40483206ef2b5d3dd5e81711d", "lib/server.py": "99303c836c683aa9017ec565104e636161d02acb", "lib/source_hashes.py": "60a2e02193209e8d392803326208d5466342da18", "lib/summary.py": "aa92f0a3f975eecd44d3c0cd0236342ccc9f941d", "lib/time_sync.py": "80894ef2389e540781ff78de94db16aa4203a14e", "server.py": "c3f90f2f7eeb4db30727556d0c815ebc89b3d28b", "tests/unit/__init__.py": "da39a3ee5e6b4b0d3255bfef95601890afd80709", "tests/unit/test_server.py": "948c1995d4008bc2aa6c4046a34ffa3858d6d671", "tests/unit/test_source_hashes.py": "00468a2907583c593e6574a1f6b404e4651c221a"}, "modules": {"ptd_client_server.lib.client": "lib/client.py", "ptd_client_server.lib.common": "lib/common.py", "ptd_client_server.lib.external.ntplib": "lib/external/ntplib.py", "ptd_client_server.lib.source_hashes": "lib/source_hashes.py", "ptd_client_server.lib.summary": "lib/summary.py", "ptd_client_server.lib.time_sync": "lib/time_sync.py"}}
client 2024-02-01 03:30:30,708 [INFO] Running workload in ranging mode
client 2024-02-01 03:30:30,708 [INFO] Synchronizing with the server and with time.google.com...
client 2024-02-01 03:30:30,729 [INFO] NTP:offset = -0.008 s, delay = 0.020 s 
client 2024-02-01 03:30:30,730 [INFO] Sending command to the server: 'time'
client 2024-02-01 03:30:30,733 [INFO] Got response: '1706758230.7277422'
client 2024-02-01 03:30:30,734 [INFO] The time difference between the client and the server is within range 2.291 ms..6.250 ms
client 2024-02-01 03:30:30,734 [INFO] Sending command to the server: 'session,2024-02-01_03-30-30,start,ranging'
client 2024-02-01 03:30:58,804 [INFO] Got response: 'OK'
client 2024-02-01 03:30:58,805 [INFO] Sending command to the server: 'time'
client 2024-02-01 03:30:58,811 [INFO] Got response: '1706758258.8045268'
client 2024-02-01 03:30:58,811 [INFO] The time difference between the client and the server is within range 1.413 ms..6.768 ms
client 2024-02-01 03:30:58,811 [INFO] Running the workload 'CM_MLPERF_RUN_COUNT=$(cat ${CM_RUN_DIR}/count.txt); echo ${CM_MLPERF_RUN_COUNT}; CM_MLPERF_RUN_COUNT=$((CM_MLPERF_RUN_COUNT+1)); echo ${CM_MLPERF_RUN_COUNT} > ${CM_RUN_DIR}/count.txt && if [ ${CM_MLPERF_RUN_COUNT} -eq "1" ]; then export CM_MLPERF_USER_CONF=${CM_MLPERF_RANGING_USER_CONF}; else export CM_MLPERF_USER_CONF=${CM_MLPERF_TESTING_USER_CONF}; fi && /mnt/CM/repos/ctuning@mlcommons-ck/cm-mlops/script/benchmark-any-mlperf-inference-implementation/run.out'
client 2024-02-01 03:36:01,361 [INFO] Sending command to the server: 'time'
client 2024-02-01 03:36:01,364 [INFO] Got response: '1706758561.3588731'
client 2024-02-01 03:36:01,365 [INFO] The time difference between the client and the server is within range 2.511 ms..6.172 ms
client 2024-02-01 03:36:01,365 [INFO] Sending command to the server: 'session,2024-02-01_03-30-30,stop,ranging'
client 2024-02-01 03:36:11,971 [INFO] Got response: 'OK'
client 2024-02-01 03:36:11,972 [INFO] Sending command to the server: 'time'
client 2024-02-01 03:36:11,979 [INFO] Got response: '1706758571.97256'
client 2024-02-01 03:36:11,979 [INFO] The time difference between the client and the server is within range 0.256 ms..7.244 ms
client 2024-02-01 03:36:11,997 [INFO] Copying loadgen logs from '/home/arjun/results_dir/valid_results/orin-tflite_armnn_cpp-cpu-armnn_tflite-v23.05-using_neon/mobilenet-v1-precision_uint8-0.5-160/singlestream/performance/run_1' to '/home/arjun/results_dir/valid_results/orin-tflite_armnn_cpp-cpu-armnn_tflite-v23.05-using_neon/mobilenet-v1-precision_uint8-0.5-160/singlestream/performance/tmp_power/ranging'
client 2024-02-01 03:36:12,000 [INFO] Running workload in testing mode
client 2024-02-01 03:36:12,000 [INFO] Synchronizing with the server and with time.google.com...
client 2024-02-01 03:36:12,027 [INFO] NTP:offset = -0.008 s, delay = 0.021 s 
client 2024-02-01 03:36:12,028 [INFO] Sending command to the server: 'time'
client 2024-02-01 03:36:12,031 [INFO] Got response: '1706758572.024942'
client 2024-02-01 03:36:12,031 [INFO] The time difference between the client and the server is within range 3.073 ms..6.930 ms
client 2024-02-01 03:36:12,032 [INFO] Sending command to the server: 'session,2024-02-01_03-30-30,start,testing'
client 2024-02-01 03:36:25,046 [INFO] Got response: 'OK'
client 2024-02-01 03:36:25,047 [INFO] Sending command to the server: 'time'
client 2024-02-01 03:36:25,050 [INFO] Got response: '1706758585.044798'
client 2024-02-01 03:36:25,050 [INFO] The time difference between the client and the server is within range 2.903 ms..6.082 ms
client 2024-02-01 03:36:25,051 [INFO] Running the workload 'CM_MLPERF_RUN_COUNT=$(cat ${CM_RUN_DIR}/count.txt); echo ${CM_MLPERF_RUN_COUNT}; CM_MLPERF_RUN_COUNT=$((CM_MLPERF_RUN_COUNT+1)); echo ${CM_MLPERF_RUN_COUNT} > ${CM_RUN_DIR}/count.txt && if [ ${CM_MLPERF_RUN_COUNT} -eq "1" ]; then export CM_MLPERF_USER_CONF=${CM_MLPERF_RANGING_USER_CONF}; else export CM_MLPERF_USER_CONF=${CM_MLPERF_TESTING_USER_CONF}; fi && /mnt/CM/repos/ctuning@mlcommons-ck/cm-mlops/script/benchmark-any-mlperf-inference-implementation/run.out'
client 2024-02-01 03:46:29,790 [INFO] Sending command to the server: 'time'
client 2024-02-01 03:46:29,793 [INFO] Got response: '1706759189.7872193'
client 2024-02-01 03:46:29,794 [INFO] The time difference between the client and the server is within range 3.180 ms..7.034 ms
client 2024-02-01 03:46:29,794 [INFO] Sending command to the server: 'session,2024-02-01_03-30-30,stop,testing'
client 2024-02-01 03:46:40,099 [INFO] Got response: 'OK'
client 2024-02-01 03:46:40,100 [INFO] Sending command to the server: 'time'
client 2024-02-01 03:46:40,104 [INFO] Got response: '1706759200.0966632'
client 2024-02-01 03:46:40,104 [INFO] The time difference between the client and the server is within range 3.579 ms..7.869 ms
client 2024-02-01 03:46:40,109 [INFO] Copying loadgen logs from '/home/arjun/results_dir/valid_results/orin-tflite_armnn_cpp-cpu-armnn_tflite-v23.05-using_neon/mobilenet-v1-precision_uint8-0.5-160/singlestream/performance/run_1' to '/home/arjun/results_dir/valid_results/orin-tflite_armnn_cpp-cpu-armnn_tflite-v23.05-using_neon/mobilenet-v1-precision_uint8-0.5-160/singlestream/performance/tmp_power/run_1'
client 2024-02-01 03:46:40,111 [INFO] Done runs
