who:
sdp      pts/0        2024-02-10 18:24 (10.212.102.225)
sdp      pts/1        2024-02-10 16:19 (10.212.125.190)
sdp      pts/2        2024-02-10 16:24 (10.212.125.190)

free -h:
              total        used        free      shared  buff/cache   available
Mem:          1.0Ti        25Gi       929Gi        23Mi        52Gi       976Gi
Swap:            0B          0B          0B

ps -ef | grep python:
root        4053       1  0 Feb08 ?        00:20:39 /usr/libexec/platform-python -Es /usr/sbin/tuned -l -P
root     1375543 1375434  0 16:58 ?        00:00:00 sh -c  export http_proxy={REDACTED}; export https_proxy={REDACTED};cd /opt/workdir/code/dlrm-v2-99.9/pytorch-cpu-int8/automation;python benchmark.py  -r -p -a -c -e -o -s -m dlrm-v2-99.9 -i pytorch-cpu-int8 -y int8
root     1375549 1375543  0 16:58 ?        00:00:00 python benchmark.py -r -p -a -c -e -o -s -m dlrm-v2-99.9 -i pytorch-cpu-int8 -y int8
root     1376207 1376199  0 17:06 ?        00:00:01 python -u python/runner.py --profile dlrm-multihot-pytorch --config ./mlperf.conf --model dlrm --model-path /data/mlperf_data/dlrm_2/model/dlrm-multihot-pytorch.pt --dataset multihot-criteo --dataset-path /data/mlperf_data/dlrm_2/data_npy --output /opt/workdir/code/dlrm-v2-99.9/pytorch-cpu-int8/output/pytorch-cpu/dlrm/Offline/accuracy --use-ipex --use-int8 --accuracy --scenario Offline --max-ind-range=40000000 --samples-to-aggregate-quantile-file=/opt/workdir/code/dlrm-v2-99.9/pytorch-cpu-int8/tools/dist_quantile.txt --max-batchsize=400 --samples-per-query-offline=204800 --int8-configure-dir=int8_configure.json
root     1376213 1376207  0 17:06 ?        00:00:02 [python] <defunct>
root     1376214 1376207  0 17:06 ?        00:00:02 [python] <defunct>
sdp      1435077 1434996  0 18:26 pts/0    00:00:00 python3 run.py -n dlrm-v2-99.9 -i pytorch-cpu-int8 -d {REDACTED}/dlrm_2/model/ -m {REDACTED}/dlrm_2/model/ -t ../dlrm-v2-99.9/pytorch-cpu-int8/ -x {REDACTED}_docker_fix
sdp      1435085 1435079  0 18:26 pts/0    00:00:00 grep python

lscpu:
Architecture:        x86_64
CPU op-mode(s):      32-bit, 64-bit
Byte Order:          Little Endian
CPU(s):              240
On-line CPU(s) list: 0-239
Thread(s) per core:  2
Core(s) per socket:  60
Socket(s):           2
NUMA node(s):        4
Vendor ID:           GenuineIntel
CPU family:          6
Model:               207
Model name:          INTEL(R) XEON(R) PLATINUM 8580
Stepping:            2
CPU MHz:             2000.000
CPU max MHz:         4000.0000
CPU min MHz:         800.0000
BogoMIPS:            4000.00
Virtualization:      VT-x
L1d cache:           48K
L1i cache:           32K
L2 cache:            2048K
L3 cache:            307200K
NUMA node0 CPU(s):   0-29,120-149
NUMA node1 CPU(s):   30-59,150-179
NUMA node2 CPU(s):   60-89,180-209
NUMA node3 CPU(s):   90-119,210-239
Flags:               fpu vme de pse tsc msr pae mce cx8 apic sep mtrr pge mca cmov pat pse36 clflush dts acpi mmx fxsr sse sse2 ss ht tm pbe syscall nx pdpe1gb rdtscp lm constant_tsc art arch_perfmon pebs bts rep_good nopl xtopology nonstop_tsc cpuid aperfmperf tsc_known_freq pni pclmulqdq dtes64 monitor ds_cpl vmx smx est tm2 ssse3 sdbg fma cx16 xtpr pdcm pcid dca sse4_1 sse4_2 x2apic movbe popcnt tsc_deadline_timer aes xsave avx f16c rdrand lahf_lm abm 3dnowprefetch cpuid_fault epb cat_l3 cat_l2 cdp_l3 invpcid_single cdp_l2 ssbd mba ibrs ibpb stibp ibrs_enhanced tpr_shadow vnmi flexpriority ept vpid ept_ad fsgsbase tsc_adjust bmi1 avx2 smep bmi2 erms invpcid cqm rdt_a avx512f avx512dq rdseed adx smap avx512ifma clflushopt clwb intel_pt avx512cd sha_ni avx512bw avx512vl xsaveopt xsavec xgetbv1 xsaves cqm_llc cqm_occup_llc cqm_mbm_total cqm_mbm_local avx_vnni avx512_bf16 wbnoinvd dtherm ida arat pln pts hwp hwp_act_window hwp_epp hwp_pkg_req avx512vbmi umip pku ospke waitpkg avx512_vbmi2 gfni vaes vpclmulqdq avx512_vnni avx512_bitalg tme avx512_vpopcntdq la57 rdpid bus_lock_detect cldemote movdiri movdir64b enqcmd fsrm md_clear serialize tsxldtrk pconfig arch_lbr avx512_fp16 amx_tile flush_l1d arch_capabilities
[10501.319463] CPU226: Core temperature above threshold, cpu clock throttled (total events = 1)
[10501.319465] CPU106: Core temperature above threshold, cpu clock throttled (total events = 1)
[10501.319467] CPU206: Package temperature above threshold, cpu clock throttled (total events = 1)
[10501.319469] CPU198: Package temperature above threshold, cpu clock throttled (total events = 1)
[10501.319471] CPU98: Package temperature above threshold, cpu clock throttled (total events = 1)
[10501.319473] CPU200: Package temperature above threshold, cpu clock throttled (total events = 1)
[10501.319474] CPU238: Package temperature above threshold, cpu clock throttled (total events = 1)
[10501.319476] CPU67: Package temperature above threshold, cpu clock throttled (total events = 1)
[10501.319478] CPU66: Package temperature above threshold, cpu clock throttled (total events = 1)
[10501.319479] CPU212: Package temperature above threshold, cpu clock throttled (total events = 1)
[10501.319481] CPU70: Package temperature above threshold, cpu clock throttled (total events = 1)
[10501.319482] CPU190: Package temperature above threshold, cpu clock throttled (total events = 1)
[10501.319484] CPU111: Package temperature above threshold, cpu clock throttled (total events = 1)
[10501.319486] CPU61: Package temperature above threshold, cpu clock throttled (total events = 1)
[10501.319487] CPU186: Package temperature above threshold, cpu clock throttled (total events = 1)
[10501.319488] CPU181: Package temperature above threshold, cpu clock throttled (total events = 1)
[10501.319490] CPU108: Package temperature above threshold, cpu clock throttled (total events = 1)
[10501.319491] CPU187: Package temperature above threshold, cpu clock throttled (total events = 1)
[10501.319494] CPU84: Package temperature above threshold, cpu clock throttled (total events = 1)
[10501.319493] CPU204: Package temperature above threshold, cpu clock throttled (total events = 1)
[10501.319495] CPU197: Package temperature above threshold, cpu clock throttled (total events = 1)
[10501.319497] CPU202: Package temperature above threshold, cpu clock throttled (total events = 1)
[10501.319498] CPU82: Package temperature above threshold, cpu clock throttled (total events = 1)
[10501.319499] CPU80: Package temperature above threshold, cpu clock throttled (total events = 1)
[10501.319501] CPU228: Package temperature above threshold, cpu clock throttled (total events = 1)
[10501.319503] CPU65: Package temperature above threshold, cpu clock throttled (total events = 1)
[10501.319504] CPU221: Package temperature above threshold, cpu clock throttled (total events = 1)
[10501.319505] CPU101: Package temperature above threshold, cpu clock throttled (total events = 1)
[10501.319507] CPU85: Package temperature above threshold, cpu clock throttled (total events = 1)
[10501.319508] CPU182: Package temperature above threshold, cpu clock throttled (total events = 1)
[10501.319509] CPU62: Package temperature above threshold, cpu clock throttled (total events = 1)
[10501.319511] CPU92: Package temperature above threshold, cpu clock throttled (total events = 1)
[10501.319512] CPU77: Package temperature above threshold, cpu clock throttled (total events = 1)
[10501.319513] CPU86: Package temperature above threshold, cpu clock throttled (total events = 1)
[10501.319515] CPU95: Package temperature above threshold, cpu clock throttled (total events = 1)
[10501.319516] CPU230: Package temperature above threshold, cpu clock throttled (total events = 1)
[10501.319518] CPU201: Package temperature above threshold, cpu clock throttled (total events = 1)
[10501.319519] CPU93: Package temperature above threshold, cpu clock throttled (total events = 1)
[10501.319520] CPU78: Package temperature above threshold, cpu clock throttled (total events = 1)
[10501.319522] CPU213: Package temperature above threshold, cpu clock throttled (total events = 1)
[10501.319523] CPU185: Package temperature above threshold, cpu clock throttled (total events = 1)
[10501.319524] CPU231: Package temperature above threshold, cpu clock throttled (total events = 1)
[10501.319526] CPU215: Package temperature above threshold, cpu clock throttled (total events = 1)
[10501.319527] CPU74: Package temperature above threshold, cpu clock throttled (total events = 1)
[10501.319528] CPU110: Package temperature above threshold, cpu clock throttled (total events = 1)
[10501.319529] CPU118: Package temperature above threshold, cpu clock throttled (total events = 1)
[10501.319531] CPU81: Package temperature above threshold, cpu clock throttled (total events = 1)
[10501.319532] CPU205: Package temperature above threshold, cpu clock throttled (total events = 1)
[10501.319533] CPU194: Package temperature above threshold, cpu clock throttled (total events = 1)
[10501.319535] CPU226: Package temperature above threshold, cpu clock throttled (total events = 1)
[10501.319536] CPU218: Package temperature above threshold, cpu clock throttled (total events = 1)
[10501.319537] CPU106: Package temperature above threshold, cpu clock throttled (total events = 1)
[10501.319576] CPU203: Package temperature above threshold, cpu clock throttled (total events = 1)
[10501.319577] CPU83: Package temperature above threshold, cpu clock throttled (total events = 1)
[10501.319579] CPU210: Package temperature above threshold, cpu clock throttled (total events = 1)
[10501.319580] CPU90: Package temperature above threshold, cpu clock throttled (total events = 1)
[10501.319582] CPU193: Package temperature above threshold, cpu clock throttled (total events = 1)
[10501.319583] CPU73: Package temperature above threshold, cpu clock throttled (total events = 1)
[10501.319584] CPU184: Package temperature above threshold, cpu clock throttled (total events = 1)
[10501.319586] CPU64: Package temperature above threshold, cpu clock throttled (total events = 1)
[10501.319587] CPU192: Package temperature above threshold, cpu clock throttled (total events = 1)
[10501.319589] CPU72: Package temperature above threshold, cpu clock throttled (total events = 1)
[10501.319590] CPU71: Package temperature above threshold, cpu clock throttled (total events = 1)
[10501.319591] CPU191: Package temperature above threshold, cpu clock throttled (total events = 1)
[10501.319593] CPU183: Package temperature above threshold, cpu clock throttled (total events = 1)
[10501.319594] CPU189: Package temperature above threshold, cpu clock throttled (total events = 1)
[10501.319595] CPU69: Package temperature above threshold, cpu clock throttled (total events = 1)
[10501.319597] CPU63: Package temperature above threshold, cpu clock throttled (total events = 1)
[10501.319598] CPU60: Package temperature above threshold, cpu clock throttled (total events = 1)
[10501.319599] CPU180: Package temperature above threshold, cpu clock throttled (total events = 1)
[10501.319601] CPU68: Package temperature above threshold, cpu clock throttled (total events = 1)
[10501.319601] CPU188: Package temperature above threshold, cpu clock throttled (total events = 1)
[10501.319665] CPU214: Package temperature above threshold, cpu clock throttled (total events = 1)
[10501.319667] CPU94: Package temperature above threshold, cpu clock throttled (total events = 1)
[10501.319669] CPU102: Package temperature above threshold, cpu clock throttled (total events = 1)
[10501.319673] CPU222: Package temperature above threshold, cpu clock throttled (total events = 1)
[10501.319677] CPU117: Package temperature above threshold, cpu clock throttled (total events = 1)
[10501.319680] CPU237: Package temperature above threshold, cpu clock throttled (total events = 1)
[10501.319684] CPU76: Package temperature above threshold, cpu clock throttled (total events = 1)
[10501.319686] CPU109: Package temperature above threshold, cpu clock throttled (total events = 1)
[10501.319688] CPU229: Package temperature above threshold, cpu clock throttled (total events = 1)
[10501.319691] CPU196: Package temperature above threshold, cpu clock throttled (total events = 1)
[10501.319695] CPU116: Package temperature above threshold, cpu clock throttled (total events = 1)
[10501.319697] CPU220: Package temperature above threshold, cpu clock throttled (total events = 1)
[10501.319700] CPU195: Package temperature above threshold, cpu clock throttled (total events = 1)
[10501.319701] CPU75: Package temperature above threshold, cpu clock throttled (total events = 1)
[10501.319703] CPU235: Package temperature above threshold, cpu clock throttled (total events = 1)
[10501.319706] CPU115: Package temperature above threshold, cpu clock throttled (total events = 1)
[10501.319708] CPU219: Package temperature above threshold, cpu clock throttled (total events = 1)
[10501.319710] CPU236: Package temperature above threshold, cpu clock throttled (total events = 1)
[10501.319711] CPU100: Package temperature above threshold, cpu clock throttled (total events = 1)
[10501.319713] CPU91: Package temperature above threshold, cpu clock throttled (total events = 1)
[10501.319716] CPU211: Package temperature above threshold, cpu clock throttled (total events = 1)
[10501.319717] CPU107: Package temperature above threshold, cpu clock throttled (total events = 1)
[10501.319719] CPU227: Package temperature above threshold, cpu clock throttled (total events = 1)
[10501.319721] CPU209: Package temperature above threshold, cpu clock throttled (total events = 1)
[10501.319722] CPU89: Package temperature above threshold, cpu clock throttled (total events = 1)
[10501.319724] CPU114: Package temperature above threshold, cpu clock throttled (total events = 1)
[10501.319725] CPU234: Package temperature above threshold, cpu clock throttled (total events = 1)
[10501.319727] CPU105: Package temperature above threshold, cpu clock throttled (total events = 1)
[10501.319729] CPU225: Package temperature above threshold, cpu clock throttled (total events = 1)
[10501.319731] CPU112: Package temperature above threshold, cpu clock throttled (total events = 1)
[10501.319732] CPU232: Package temperature above threshold, cpu clock throttled (total events = 1)
[10501.319734] CPU97: Package temperature above threshold, cpu clock throttled (total events = 1)
[10501.319735] CPU217: Package temperature above threshold, cpu clock throttled (total events = 1)
[10501.319737] CPU233: Package temperature above threshold, cpu clock throttled (total events = 1)
[10501.319738] CPU113: Package temperature above threshold, cpu clock throttled (total events = 1)
[10501.319740] CPU207: Package temperature above threshold, cpu clock throttled (total events = 1)
[10501.319741] CPU87: Package temperature above threshold, cpu clock throttled (total events = 1)
[10501.319743] CPU224: Package temperature above threshold, cpu clock throttled (total events = 1)
[10501.319744] CPU104: Package temperature above threshold, cpu clock throttled (total events = 1)
[10501.319746] CPU96: Package temperature above threshold, cpu clock throttled (total events = 1)
[10501.319747] CPU216: Package temperature above threshold, cpu clock throttled (total events = 1)
[10501.319749] CPU208: Package temperature above threshold, cpu clock throttled (total events = 1)
[10501.319750] CPU99: Package temperature above threshold, cpu clock throttled (total events = 1)
[10501.319752] CPU88: Package temperature above threshold, cpu clock throttled (total events = 1)
[10501.319753] CPU199: Package temperature above threshold, cpu clock throttled (total events = 1)
[10501.319754] CPU79: Package temperature above threshold, cpu clock throttled (total events = 1)
[10501.319756] CPU223: Package temperature above threshold, cpu clock throttled (total events = 1)
[10501.319757] CPU103: Package temperature above threshold, cpu clock throttled (total events = 1)
[10501.319759] CPU119: Package temperature above threshold, cpu clock throttled (total events = 1)
[10501.319760] CPU239: Package temperature above threshold, cpu clock throttled (total events = 1)
[98030.689209] CPU115: Core temperature above threshold, cpu clock throttled (total events = 1)
[98030.689211] CPU235: Core temperature above threshold, cpu clock throttled (total events = 1)
[98030.689214] CPU192: Package temperature above threshold, cpu clock throttled (total events = 16)
[98030.689216] CPU73: Package temperature above threshold, cpu clock throttled (total events = 16)
[98030.689218] CPU62: Package temperature above threshold, cpu clock throttled (total events = 16)
[98030.689220] CPU208: Package temperature above threshold, cpu clock throttled (total events = 16)
[98030.689221] CPU216: Package temperature above threshold, cpu clock throttled (total events = 16)
[98030.689223] CPU96: Package temperature above threshold, cpu clock throttled (total events = 16)
[98030.689224] CPU78: Package temperature above threshold, cpu clock throttled (total events = 16)
[98030.689226] CPU114: Package temperature above threshold, cpu clock throttled (total events = 16)
[98030.689228] CPU225: Package temperature above threshold, cpu clock throttled (total events = 16)
[98030.689230] CPU195: Package temperature above threshold, cpu clock throttled (total events = 16)
[98030.689231] CPU99: Package temperature above threshold, cpu clock throttled (total events = 16)
[98030.689232] CPU182: Package temperature above threshold, cpu clock throttled (total events = 16)
[98030.689234] CPU219: Package temperature above threshold, cpu clock throttled (total events = 16)
[98030.689236] CPU88: Package temperature above threshold, cpu clock throttled (total events = 16)
[98030.689238] CPU217: Package temperature above threshold, cpu clock throttled (total events = 16)
[98030.689239] CPU97: Package temperature above threshold, cpu clock throttled (total events = 16)
[98030.689241] CPU199: Package temperature above threshold, cpu clock throttled (total events = 16)
[98030.689241] CPU79: Package temperature above threshold, cpu clock throttled (total events = 16)
[98030.689243] CPU117: Package temperature above threshold, cpu clock throttled (total events = 16)
[98030.689244] CPU237: Package temperature above threshold, cpu clock throttled (total events = 16)
[98030.689246] CPU191: Package temperature above threshold, cpu clock throttled (total events = 16)
[98030.689247] CPU71: Package temperature above threshold, cpu clock throttled (total events = 16)
[98030.689249] CPU109: Package temperature above threshold, cpu clock throttled (total events = 16)
[98030.689250] CPU205: Package temperature above threshold, cpu clock throttled (total events = 16)
[98030.689251] CPU85: Package temperature above threshold, cpu clock throttled (total events = 16)
[98030.689253] CPU200: Package temperature above threshold, cpu clock throttled (total events = 16)
[98030.689254] CPU80: Package temperature above threshold, cpu clock throttled (total events = 16)
[98030.689256] CPU110: Package temperature above threshold, cpu clock throttled (total events = 16)
[98030.689258] CPU198: Package temperature above threshold, cpu clock throttled (total events = 16)
[98030.689259] CPU227: Package temperature above threshold, cpu clock throttled (total events = 16)
[98030.689260] CPU107: Package temperature above threshold, cpu clock throttled (total events = 16)
[98030.689262] CPU77: Package temperature above threshold, cpu clock throttled (total events = 16)
[98030.689264] CPU223: Package temperature above threshold, cpu clock throttled (total events = 16)
[98030.689265] CPU103: Package temperature above threshold, cpu clock throttled (total events = 16)
[98030.689267] CPU72: Package temperature above threshold, cpu clock throttled (total events = 16)
[98030.689268] CPU105: Package temperature above threshold, cpu clock throttled (total events = 16)
[98030.689270] CPU70: Package temperature above threshold, cpu clock throttled (total events = 16)
[98030.689271] CPU221: Package temperature above threshold, cpu clock throttled (total events = 16)
[98030.689273] CPU101: Package temperature above threshold, cpu clock throttled (total events = 16)
[98030.689274] CPU233: Package temperature above threshold, cpu clock throttled (total events = 16)
[98030.689275] CPU113: Package temperature above threshold, cpu clock throttled (total events = 16)
[98030.689277] CPU206: Package temperature above threshold, cpu clock throttled (total events = 16)
[98030.689278] CPU86: Package temperature above threshold, cpu clock throttled (total events = 16)
[98030.689280] CPU190: Package temperature above threshold, cpu clock throttled (total events = 16)
[98030.689281] CPU229: Package temperature above threshold, cpu clock throttled (total events = 16)
[98030.689283] CPU193: Package temperature above threshold, cpu clock throttled (total events = 16)
[98030.689284] CPU197: Package temperature above threshold, cpu clock throttled (total events = 16)
[98030.689285] CPU234: Package temperature above threshold, cpu clock throttled (total events = 16)
[98030.689287] CPU60: Package temperature above threshold, cpu clock throttled (total events = 16)
[98030.689288] CPU207: Package temperature above threshold, cpu clock throttled (total events = 16)
[98030.689289] CPU87: Package temperature above threshold, cpu clock throttled (total events = 16)
[98030.689290] CPU75: Package temperature above threshold, cpu clock throttled (total events = 16)
[98030.689292] CPU230: Package temperature above threshold, cpu clock throttled (total events = 16)
[98030.689293] CPU180: Package temperature above threshold, cpu clock throttled (total events = 16)
[98030.689295] CPU115: Package temperature above threshold, cpu clock throttled (total events = 16)
[98030.689297] CPU118: Package temperature above threshold, cpu clock throttled (total events = 16)
[98030.689297] CPU238: Package temperature above threshold, cpu clock throttled (total events = 16)
[98030.689299] CPU76: Package temperature above threshold, cpu clock throttled (total events = 16)
[98030.689300] CPU196: Package temperature above threshold, cpu clock throttled (total events = 16)
[98030.689329] CPU68: Package temperature above threshold, cpu clock throttled (total events = 16)
[98030.689330] CPU188: Package temperature above threshold, cpu clock throttled (total events = 16)
[98030.689331] CPU203: Package temperature above threshold, cpu clock throttled (total events = 16)
[98030.689333] CPU67: Package temperature above threshold, cpu clock throttled (total events = 16)
[98030.689334] CPU187: Package temperature above threshold, cpu clock throttled (total events = 16)
[98030.689336] CPU194: Package temperature above threshold, cpu clock throttled (total events = 16)
[98030.689337] CPU186: Package temperature above threshold, cpu clock throttled (total events = 16)
[98030.689339] CPU66: Package temperature above threshold, cpu clock throttled (total events = 16)
[98030.689341] CPU185: Package temperature above threshold, cpu clock throttled (total events = 16)
[98030.689342] CPU90: Package temperature above threshold, cpu clock throttled (total events = 16)
[98030.689344] CPU210: Package temperature above threshold, cpu clock throttled (total events = 16)
[98030.689345] CPU74: Package temperature above threshold, cpu clock throttled (total events = 16)
[98030.689347] CPU83: Package temperature above threshold, cpu clock throttled (total events = 16)
[98030.689348] CPU65: Package temperature above threshold, cpu clock throttled (total events = 16)
[98030.689349] CPU184: Package temperature above threshold, cpu clock throttled (total events = 16)
[98030.689351] CPU64: Package temperature above threshold, cpu clock throttled (total events = 16)
[98030.689352] CPU183: Package temperature above threshold, cpu clock throttled (total events = 16)
[98030.689353] CPU63: Package temperature above threshold, cpu clock throttled (total events = 16)
[98030.689355] CPU189: Package temperature above threshold, cpu clock throttled (total events = 16)
[98030.689356] CPU69: Package temperature above threshold, cpu clock throttled (total events = 16)
[98030.689357] CPU61: Package temperature above threshold, cpu clock throttled (total events = 16)
[98030.689358] CPU181: Package temperature above threshold, cpu clock throttled (total events = 16)
[98030.689422] CPU236: Package temperature above threshold, cpu clock throttled (total events = 16)
[98030.689424] CPU204: Package temperature above threshold, cpu clock throttled (total events = 15)
[98030.689427] CPU92: Package temperature above threshold, cpu clock throttled (total events = 16)
[98030.689431] CPU116: Package temperature above threshold, cpu clock throttled (total events = 16)
[98030.689432] CPU108: Package temperature above threshold, cpu clock throttled (total events = 16)
[98030.689434] CPU228: Package temperature above threshold, cpu clock throttled (total events = 16)
[98030.689436] CPU212: Package temperature above threshold, cpu clock throttled (total events = 16)
[98030.689437] CPU84: Package temperature above threshold, cpu clock throttled (total events = 16)
[98030.689439] CPU220: Package temperature above threshold, cpu clock throttled (total events = 16)
[98030.689441] CPU100: Package temperature above threshold, cpu clock throttled (total events = 16)
[98030.689443] CPU211: Package temperature above threshold, cpu clock throttled (total events = 16)
[98030.689444] CPU91: Package temperature above threshold, cpu clock throttled (total events = 16)
[98030.689446] CPU226: Package temperature above threshold, cpu clock throttled (total events = 16)
[98030.689448] CPU202: Package temperature above threshold, cpu clock throttled (total events = 16)
[98030.689449] CPU82: Package temperature above threshold, cpu clock throttled (total events = 16)
[98030.689451] CPU218: Package temperature above threshold, cpu clock throttled (total events = 16)
[98030.689453] CPU98: Package temperature above threshold, cpu clock throttled (total events = 16)
[98030.689454] CPU201: Package temperature above threshold, cpu clock throttled (total events = 16)
[98030.689456] CPU81: Package temperature above threshold, cpu clock throttled (total events = 16)
[98030.689457] CPU106: Package temperature above threshold, cpu clock throttled (total events = 16)
[98030.689459] CPU89: Package temperature above threshold, cpu clock throttled (total events = 16)
[98030.689460] CPU209: Package temperature above threshold, cpu clock throttled (total events = 16)
[98030.689462] CPU224: Package temperature above threshold, cpu clock throttled (total events = 16)
[98030.689463] CPU232: Package temperature above threshold, cpu clock throttled (total events = 16)
[98030.689465] CPU112: Package temperature above threshold, cpu clock throttled (total events = 16)
[98030.689467] CPU104: Package temperature above threshold, cpu clock throttled (total events = 16)
[98030.689469] CPU119: Package temperature above threshold, cpu clock throttled (total events = 16)
[98030.689470] CPU95: Package temperature above threshold, cpu clock throttled (total events = 16)
[98030.689472] CPU215: Package temperature above threshold, cpu clock throttled (total events = 16)
[98030.689475] CPU231: Package temperature above threshold, cpu clock throttled (total events = 16)
[98030.689476] CPU111: Package temperature above threshold, cpu clock throttled (total events = 16)
[98030.689478] CPU214: Package temperature above threshold, cpu clock throttled (total events = 16)
[98030.689479] CPU94: Package temperature above threshold, cpu clock throttled (total events = 16)
[98030.689481] CPU102: Package temperature above threshold, cpu clock throttled (total events = 16)
[98030.689482] CPU222: Package temperature above threshold, cpu clock throttled (total events = 16)
[98030.689486] CPU239: Package temperature above threshold, cpu clock throttled (total events = 16)
[98030.689484] CPU93: Package temperature above threshold, cpu clock throttled (total events = 16)
[98030.689487] CPU213: Package temperature above threshold, cpu clock throttled (total events = 16)
[98030.689651] CPU235: Package temperature above threshold, cpu clock throttled (total events = 16)
[165097.298870] CPU96: Core temperature above threshold, cpu clock throttled (total events = 1)
[165097.298869] CPU216: Core temperature above threshold, cpu clock throttled (total events = 1)
[165097.298877] CPU61: Package temperature above threshold, cpu clock throttled (total events = 68)
[165097.298881] CPU227: Package temperature above threshold, cpu clock throttled (total events = 68)
[165097.298884] CPU197: Package temperature above threshold, cpu clock throttled (total events = 68)
[165097.298887] CPU207: Package temperature above threshold, cpu clock throttled (total events = 68)
[165097.298889] CPU186: Package temperature above threshold, cpu clock throttled (total events = 68)
[165097.298891] CPU109: Package temperature above threshold, cpu clock throttled (total events = 68)
[165097.298894] CPU191: Package temperature above threshold, cpu clock throttled (total events = 68)
[165097.298895] CPU195: Package temperature above threshold, cpu clock throttled (total events = 68)
[165097.298897] CPU75: Package temperature above threshold, cpu clock throttled (total events = 68)
[165097.298899] CPU77: Package temperature above threshold, cpu clock throttled (total events = 68)
[165097.298901] CPU87: Package temperature above threshold, cpu clock throttled (total events = 68)
[165097.298903] CPU65: Package temperature above threshold, cpu clock throttled (total events = 68)
[165097.298905] CPU200: Package temperature above threshold, cpu clock throttled (total events = 68)
[165097.298907] CPU80: Package temperature above threshold, cpu clock throttled (total events = 68)
[165097.298908] CPU205: Package temperature above threshold, cpu clock throttled (total events = 68)
[165097.298910] CPU185: Package temperature above threshold, cpu clock throttled (total events = 68)
[165097.298912] CPU85: Package temperature above threshold, cpu clock throttled (total events = 68)
[165097.298913] CPU78: Package temperature above threshold, cpu clock throttled (total events = 68)
[165097.298915] CPU198: Package temperature above threshold, cpu clock throttled (total events = 68)
[165097.298916] CPU66: Package temperature above threshold, cpu clock throttled (total events = 68)
[165097.298918] CPU73: Package temperature above threshold, cpu clock throttled (total events = 68)
[165097.298919] CPU193: Package temperature above threshold, cpu clock throttled (total events = 68)
[165097.298921] CPU118: Package temperature above threshold, cpu clock throttled (total events = 68)
[165097.298923] CPU238: Package temperature above threshold, cpu clock throttled (total events = 68)
[165097.298925] CPU68: Package temperature above threshold, cpu clock throttled (total events = 68)
[165097.298927] CPU111: Package temperature above threshold, cpu clock throttled (total events = 68)
[165097.298929] CPU228: Package temperature above threshold, cpu clock throttled (total events = 68)
[165097.298931] CPU224: Package temperature above threshold, cpu clock throttled (total events = 68)
[165097.298932] CPU104: Package temperature above threshold, cpu clock throttled (total events = 68)
[165097.298934] CPU220: Package temperature above threshold, cpu clock throttled (total events = 68)
[165097.298936] CPU234: Package temperature above threshold, cpu clock throttled (total events = 68)
[165097.298938] CPU107: Package temperature above threshold, cpu clock throttled (total events = 68)
[165097.298941] CPU98: Package temperature above threshold, cpu clock throttled (total events = 68)
[165097.298943] CPU92: Package temperature above threshold, cpu clock throttled (total events = 68)
[165097.298944] CPU212: Package temperature above threshold, cpu clock throttled (total events = 68)
[165097.298946] CPU188: Package temperature above threshold, cpu clock throttled (total events = 68)
[165097.298948] CPU217: Package temperature above threshold, cpu clock throttled (total events = 68)
[165097.298949] CPU97: Package temperature above threshold, cpu clock throttled (total events = 68)
[165097.298951] CPU100: Package temperature above threshold, cpu clock throttled (total events = 68)
[165097.298953] CPU71: Package temperature above threshold, cpu clock throttled (total events = 68)
[165097.298955] CPU216: Package temperature above threshold, cpu clock throttled (total events = 68)
[165097.298957] CPU218: Package temperature above threshold, cpu clock throttled (total events = 68)
[165097.298959] CPU108: Package temperature above threshold, cpu clock throttled (total events = 68)
[165097.298961] CPU99: Package temperature above threshold, cpu clock throttled (total events = 68)
[165097.298962] CPU219: Package temperature above threshold, cpu clock throttled (total events = 68)
[165097.298963] CPU229: Package temperature above threshold, cpu clock throttled (total events = 68)
[165097.298965] CPU181: Package temperature above threshold, cpu clock throttled (total events = 68)
[165097.298967] CPU113: Package temperature above threshold, cpu clock throttled (total events = 68)
[165097.298968] CPU233: Package temperature above threshold, cpu clock throttled (total events = 68)
[165097.298970] CPU226: Package temperature above threshold, cpu clock throttled (total events = 68)
[165097.298972] CPU231: Package temperature above threshold, cpu clock throttled (total events = 68)
[165097.298974] CPU225: Package temperature above threshold, cpu clock throttled (total events = 68)
[165097.298975] CPU60: Package temperature above threshold, cpu clock throttled (total events = 68)
[165097.298977] CPU105: Package temperature above threshold, cpu clock throttled (total events = 68)
[165097.298978] CPU237: Package temperature above threshold, cpu clock throttled (total events = 68)
[165097.298980] CPU117: Package temperature above threshold, cpu clock throttled (total events = 68)
[165097.298981] CPU114: Package temperature above threshold, cpu clock throttled (total events = 68)
[165097.298983] CPU180: Package temperature above threshold, cpu clock throttled (total events = 68)
[165097.298984] CPU106: Package temperature above threshold, cpu clock throttled (total events = 68)
[165097.298988] CPU64: Package temperature above threshold, cpu clock throttled (total events = 68)
[165097.298989] CPU184: Package temperature above threshold, cpu clock throttled (total events = 68)
[165097.298991] CPU72: Package temperature above threshold, cpu clock throttled (total events = 68)
[165097.298992] CPU192: Package temperature above threshold, cpu clock throttled (total events = 68)
[165097.298994] CPU183: Package temperature above threshold, cpu clock throttled (total events = 68)
[165097.298996] CPU63: Package temperature above threshold, cpu clock throttled (total events = 68)
[165097.298998] CPU190: Package temperature above threshold, cpu clock throttled (total events = 68)
[165097.299000] CPU62: Package temperature above threshold, cpu clock throttled (total events = 68)
[165097.299002] CPU206: Package temperature above threshold, cpu clock throttled (total events = 68)
[165097.299003] CPU86: Package temperature above threshold, cpu clock throttled (total events = 68)
[165097.299005] CPU70: Package temperature above threshold, cpu clock throttled (total events = 68)
[165097.299007] CPU69: Package temperature above threshold, cpu clock throttled (total events = 68)
[165097.299008] CPU189: Package temperature above threshold, cpu clock throttled (total events = 68)
[165097.299010] CPU182: Package temperature above threshold, cpu clock throttled (total events = 68)
[165097.299012] CPU187: Package temperature above threshold, cpu clock throttled (total events = 68)
[165097.299013] CPU83: Package temperature above threshold, cpu clock throttled (total events = 68)
[165097.299015] CPU203: Package temperature above threshold, cpu clock throttled (total events = 68)
[165097.299016] CPU194: Package temperature above threshold, cpu clock throttled (total events = 68)
[165097.299017] CPU74: Package temperature above threshold, cpu clock throttled (total events = 68)
[165097.299019] CPU67: Package temperature above threshold, cpu clock throttled (total events = 68)
[165097.299079] CPU209: Package temperature above threshold, cpu clock throttled (total events = 68)
[165097.299081] CPU89: Package temperature above threshold, cpu clock throttled (total events = 68)
[165097.299082] CPU81: Package temperature above threshold, cpu clock throttled (total events = 68)
[165097.299085] CPU201: Package temperature above threshold, cpu clock throttled (total events = 68)
[165097.299090] CPU232: Package temperature above threshold, cpu clock throttled (total events = 68)
[165097.299092] CPU112: Package temperature above threshold, cpu clock throttled (total events = 68)
[165097.299094] CPU88: Package temperature above threshold, cpu clock throttled (total events = 68)
[165097.299096] CPU208: Package temperature above threshold, cpu clock throttled (total events = 68)
[165097.299098] CPU103: Package temperature above threshold, cpu clock throttled (total events = 68)
[165097.299100] CPU223: Package temperature above threshold, cpu clock throttled (total events = 68)
[165097.299102] CPU215: Package temperature above threshold, cpu clock throttled (total events = 68)
[165097.299105] CPU214: Package temperature above threshold, cpu clock throttled (total events = 68)
[165097.299107] CPU119: Package temperature above threshold, cpu clock throttled (total events = 68)
[165097.299109] CPU239: Package temperature above threshold, cpu clock throttled (total events = 68)
[165097.299112] CPU94: Package temperature above threshold, cpu clock throttled (total events = 68)
[165097.299115] CPU95: Package temperature above threshold, cpu clock throttled (total events = 68)
[165097.299117] CPU213: Package temperature above threshold, cpu clock throttled (total events = 68)
[165097.299119] CPU79: Package temperature above threshold, cpu clock throttled (total events = 68)
[165097.299121] CPU199: Package temperature above threshold, cpu clock throttled (total events = 68)
[165097.299124] CPU102: Package temperature above threshold, cpu clock throttled (total events = 68)
[165097.299125] CPU222: Package temperature above threshold, cpu clock throttled (total events = 68)
[165097.299128] CPU93: Package temperature above threshold, cpu clock throttled (total events = 68)
[165097.299131] CPU116: Package temperature above threshold, cpu clock throttled (total events = 68)
[165097.299132] CPU236: Package temperature above threshold, cpu clock throttled (total events = 68)
[165097.299135] CPU110: Package temperature above threshold, cpu clock throttled (total events = 68)
[165097.299137] CPU230: Package temperature above threshold, cpu clock throttled (total events = 68)
[165097.299139] CPU101: Package temperature above threshold, cpu clock throttled (total events = 68)
[165097.299140] CPU221: Package temperature above threshold, cpu clock throttled (total events = 68)
[165097.299142] CPU76: Package temperature above threshold, cpu clock throttled (total events = 68)
[165097.299144] CPU196: Package temperature above threshold, cpu clock throttled (total events = 68)
[165097.299145] CPU204: Package temperature above threshold, cpu clock throttled (total events = 67)
[165097.299147] CPU84: Package temperature above threshold, cpu clock throttled (total events = 68)
[165097.299149] CPU90: Package temperature above threshold, cpu clock throttled (total events = 68)
[165097.299151] CPU91: Package temperature above threshold, cpu clock throttled (total events = 68)
[165097.299152] CPU211: Package temperature above threshold, cpu clock throttled (total events = 68)
[165097.299154] CPU202: Package temperature above threshold, cpu clock throttled (total events = 68)
[165097.299156] CPU115: Package temperature above threshold, cpu clock throttled (total events = 68)
[165097.299157] CPU235: Package temperature above threshold, cpu clock throttled (total events = 67)
[165097.299158] CPU210: Package temperature above threshold, cpu clock throttled (total events = 68)
[165097.299160] CPU82: Package temperature above threshold, cpu clock throttled (total events = 68)
[165097.299445] CPU96: Package temperature above threshold, cpu clock throttled (total events = 68)
[170628.048569] CPU115: Core temperature above threshold, cpu clock throttled (total events = 52)
[170628.048572] CPU235: Core temperature above threshold, cpu clock throttled (total events = 51)
[170628.048573] CPU180: Package temperature above threshold, cpu clock throttled (total events = 242)
[170628.048579] CPU99: Package temperature above threshold, cpu clock throttled (total events = 242)
[170628.048580] CPU82: Package temperature above threshold, cpu clock throttled (total events = 242)
[170628.048582] CPU119: Package temperature above threshold, cpu clock throttled (total events = 242)
[170628.048583] CPU117: Package temperature above threshold, cpu clock throttled (total events = 242)
[170628.048585] CPU213: Package temperature above threshold, cpu clock throttled (total events = 242)
[170628.048587] CPU231: Package temperature above threshold, cpu clock throttled (total events = 242)
[170628.048588] CPU105: Package temperature above threshold, cpu clock throttled (total events = 242)
[170628.048589] CPU60: Package temperature above threshold, cpu clock throttled (total events = 242)
[170628.048591] CPU102: Package temperature above threshold, cpu clock throttled (total events = 242)
[170628.048593] CPU191: Package temperature above threshold, cpu clock throttled (total events = 242)
[170628.048594] CPU87: Package temperature above threshold, cpu clock throttled (total events = 242)
[170628.048596] CPU225: Package temperature above threshold, cpu clock throttled (total events = 242)
[170628.048597] CPU228: Package temperature above threshold, cpu clock throttled (total events = 242)
[170628.048598] CPU111: Package temperature above threshold, cpu clock throttled (total events = 242)
[170628.048600] CPU193: Package temperature above threshold, cpu clock throttled (total events = 242)
[170628.048601] CPU73: Package temperature above threshold, cpu clock throttled (total events = 242)
[170628.048602] CPU199: Package temperature above threshold, cpu clock throttled (total events = 242)
[170628.048604] CPU100: Package temperature above threshold, cpu clock throttled (total events = 242)
[170628.048605] CPU220: Package temperature above threshold, cpu clock throttled (total events = 242)
[170628.048606] CPU97: Package temperature above threshold, cpu clock throttled (total events = 242)
[170628.048608] CPU234: Package temperature above threshold, cpu clock throttled (total events = 242)
[170628.048609] CPU227: Package temperature above threshold, cpu clock throttled (total events = 242)
[170628.048611] CPU113: Package temperature above threshold, cpu clock throttled (total events = 242)
[170628.048612] CPU71: Package temperature above threshold, cpu clock throttled (total events = 242)
[170628.048613] CPU70: Package temperature above threshold, cpu clock throttled (total events = 242)
[170628.048614] CPU190: Package temperature above threshold, cpu clock throttled (total events = 242)
[170628.048616] CPU218: Package temperature above threshold, cpu clock throttled (total events = 242)
[170628.048617] CPU98: Package temperature above threshold, cpu clock throttled (total events = 242)
[170628.048618] CPU217: Package temperature above threshold, cpu clock throttled (total events = 242)
[170628.048620] CPU79: Package temperature above threshold, cpu clock throttled (total events = 242)
[170628.048621] CPU114: Package temperature above threshold, cpu clock throttled (total events = 242)
[170628.048622] CPU202: Package temperature above threshold, cpu clock throttled (total events = 242)
[170628.048623] CPU93: Package temperature above threshold, cpu clock throttled (total events = 242)
[170628.048625] CPU233: Package temperature above threshold, cpu clock throttled (total events = 242)
[170628.048626] CPU239: Package temperature above threshold, cpu clock throttled (total events = 242)
[170628.048628] CPU185: Package temperature above threshold, cpu clock throttled (total events = 242)
[170628.048629] CPU107: Package temperature above threshold, cpu clock throttled (total events = 242)
[170628.048630] CPU108: Package temperature above threshold, cpu clock throttled (total events = 242)
[170628.048632] CPU198: Package temperature above threshold, cpu clock throttled (total events = 242)
[170628.048633] CPU78: Package temperature above threshold, cpu clock throttled (total events = 242)
[170628.048634] CPU207: Package temperature above threshold, cpu clock throttled (total events = 242)
[170628.048636] CPU211: Package temperature above threshold, cpu clock throttled (total events = 242)
[170628.048637] CPU118: Package temperature above threshold, cpu clock throttled (total events = 242)
[170628.048639] CPU238: Package temperature above threshold, cpu clock throttled (total events = 242)
[170628.048640] CPU201: Package temperature above threshold, cpu clock throttled (total events = 242)
[170628.048641] CPU81: Package temperature above threshold, cpu clock throttled (total events = 242)
[170628.048643] CPU192: Package temperature above threshold, cpu clock throttled (total events = 242)
[170628.048644] CPU91: Package temperature above threshold, cpu clock throttled (total events = 242)
[170628.048645] CPU222: Package temperature above threshold, cpu clock throttled (total events = 242)
[170628.048646] CPU237: Package temperature above threshold, cpu clock throttled (total events = 242)
[170628.048648] CPU94: Package temperature above threshold, cpu clock throttled (total events = 242)
[170628.048649] CPU214: Package temperature above threshold, cpu clock throttled (total events = 242)
[170628.048650] CPU65: Package temperature above threshold, cpu clock throttled (total events = 242)
[170628.048652] CPU219: Package temperature above threshold, cpu clock throttled (total events = 242)
[170628.048653] CPU72: Package temperature above threshold, cpu clock throttled (total events = 242)
[170628.048655] CPU235: Package temperature above threshold, cpu clock throttled (total events = 241)
[170628.048683] CPU184: Package temperature above threshold, cpu clock throttled (total events = 242)
[170628.048684] CPU64: Package temperature above threshold, cpu clock throttled (total events = 242)
[170628.048685] CPU63: Package temperature above threshold, cpu clock throttled (total events = 242)
[170628.048687] CPU86: Package temperature above threshold, cpu clock throttled (total events = 242)
[170628.048688] CPU206: Package temperature above threshold, cpu clock throttled (total events = 242)
[170628.048690] CPU183: Package temperature above threshold, cpu clock throttled (total events = 242)
[170628.048691] CPU62: Package temperature above threshold, cpu clock throttled (total events = 242)
[170628.048693] CPU182: Package temperature above threshold, cpu clock throttled (total events = 242)
[170628.048695] CPU189: Package temperature above threshold, cpu clock throttled (total events = 242)
[170628.048696] CPU69: Package temperature above threshold, cpu clock throttled (total events = 242)
[170628.048697] CPU61: Package temperature above threshold, cpu clock throttled (total events = 242)
[170628.048699] CPU181: Package temperature above threshold, cpu clock throttled (total events = 242)
[170628.048700] CPU68: Package temperature above threshold, cpu clock throttled (total events = 242)
[170628.048702] CPU188: Package temperature above threshold, cpu clock throttled (total events = 242)
[170628.048703] CPU203: Package temperature above threshold, cpu clock throttled (total events = 242)
[170628.048705] CPU83: Package temperature above threshold, cpu clock throttled (total events = 242)
[170628.048706] CPU187: Package temperature above threshold, cpu clock throttled (total events = 242)
[170628.048708] CPU67: Package temperature above threshold, cpu clock throttled (total events = 242)
[170628.048709] CPU90: Package temperature above threshold, cpu clock throttled (total events = 242)
[170628.048710] CPU210: Package temperature above threshold, cpu clock throttled (total events = 242)
[170628.048712] CPU74: Package temperature above threshold, cpu clock throttled (total events = 242)
[170628.048713] CPU194: Package temperature above threshold, cpu clock throttled (total events = 242)
[170628.048714] CPU186: Package temperature above threshold, cpu clock throttled (total events = 242)
[170628.048715] CPU66: Package temperature above threshold, cpu clock throttled (total events = 242)
[170628.048764] CPU226: Package temperature above threshold, cpu clock throttled (total events = 242)
[170628.048764] CPU106: Package temperature above threshold, cpu clock throttled (total events = 242)
[170628.048766] CPU89: Package temperature above threshold, cpu clock throttled (total events = 242)
[170628.048768] CPU209: Package temperature above threshold, cpu clock throttled (total events = 242)
[170628.048772] CPU88: Package temperature above threshold, cpu clock throttled (total events = 242)
[170628.048774] CPU208: Package temperature above threshold, cpu clock throttled (total events = 242)
[170628.048776] CPU80: Package temperature above threshold, cpu clock throttled (total events = 242)
[170628.048777] CPU112: Package temperature above threshold, cpu clock throttled (total events = 242)
[170628.048779] CPU232: Package temperature above threshold, cpu clock throttled (total events = 242)
[170628.048781] CPU200: Package temperature above threshold, cpu clock throttled (total events = 242)
[170628.048783] CPU224: Package temperature above threshold, cpu clock throttled (total events = 242)
[170628.048786] CPU96: Package temperature above threshold, cpu clock throttled (total events = 239)
[170628.048787] CPU216: Package temperature above threshold, cpu clock throttled (total events = 242)
[170628.048789] CPU104: Package temperature above threshold, cpu clock throttled (total events = 242)
[170628.048791] CPU103: Package temperature above threshold, cpu clock throttled (total events = 242)
[170628.048792] CPU223: Package temperature above threshold, cpu clock throttled (total events = 242)
[170628.048795] CPU85: Package temperature above threshold, cpu clock throttled (total events = 242)
[170628.048796] CPU215: Package temperature above threshold, cpu clock throttled (total events = 242)
[170628.048798] CPU110: Package temperature above threshold, cpu clock throttled (total events = 242)
[170628.048799] CPU230: Package temperature above threshold, cpu clock throttled (total events = 242)
[170628.048801] CPU95: Package temperature above threshold, cpu clock throttled (total events = 242)
[170628.048803] CPU229: Package temperature above threshold, cpu clock throttled (total events = 242)
[170628.048805] CPU109: Package temperature above threshold, cpu clock throttled (total events = 242)
[170628.048806] CPU212: Package temperature above threshold, cpu clock throttled (total events = 242)
[170628.048809] CPU221: Package temperature above threshold, cpu clock throttled (total events = 242)
[170628.048810] CPU101: Package temperature above threshold, cpu clock throttled (total events = 242)
[170628.048812] CPU84: Package temperature above threshold, cpu clock throttled (total events = 242)
[170628.048813] CPU204: Package temperature above threshold, cpu clock throttled (total events = 241)
[170628.048815] CPU205: Package temperature above threshold, cpu clock throttled (total events = 242)
[170628.048816] CPU77: Package temperature above threshold, cpu clock throttled (total events = 242)
[170628.048818] CPU197: Package temperature above threshold, cpu clock throttled (total events = 242)
[170628.048819] CPU92: Package temperature above threshold, cpu clock throttled (total events = 242)
[170628.048821] CPU236: Package temperature above threshold, cpu clock throttled (total events = 242)
[170628.048822] CPU116: Package temperature above threshold, cpu clock throttled (total events = 242)
[170628.048824] CPU196: Package temperature above threshold, cpu clock throttled (total events = 242)
[170628.048825] CPU195: Package temperature above threshold, cpu clock throttled (total events = 242)
[170628.048826] CPU75: Package temperature above threshold, cpu clock throttled (total events = 242)
[170628.048827] CPU76: Package temperature above threshold, cpu clock throttled (total events = 242)
[170628.048897] CPU115: Package temperature above threshold, cpu clock throttled (total events = 242)
[183326.469900] CPU114: Core temperature above threshold, cpu clock throttled (total events = 18)
[183326.469903] CPU234: Core temperature above threshold, cpu clock throttled (total events = 18)
[183326.469903] CPU184: Package temperature above threshold, cpu clock throttled (total events = 358)
[183326.469909] CPU99: Package temperature above threshold, cpu clock throttled (total events = 358)
[183326.469911] CPU109: Package temperature above threshold, cpu clock throttled (total events = 358)
[183326.469913] CPU116: Package temperature above threshold, cpu clock throttled (total events = 358)
[183326.469914] CPU108: Package temperature above threshold, cpu clock throttled (total events = 358)
[183326.469916] CPU218: Package temperature above threshold, cpu clock throttled (total events = 358)
[183326.469918] CPU88: Package temperature above threshold, cpu clock throttled (total events = 358)
[183326.469919] CPU77: Package temperature above threshold, cpu clock throttled (total events = 358)
[183326.469921] CPU64: Package temperature above threshold, cpu clock throttled (total events = 358)
[183326.469922] CPU198: Package temperature above threshold, cpu clock throttled (total events = 358)
[183326.469923] CPU78: Package temperature above threshold, cpu clock throttled (total events = 358)
[183326.469926] CPU224: Package temperature above threshold, cpu clock throttled (total events = 358)
[183326.469927] CPU115: Package temperature above threshold, cpu clock throttled (total events = 357)
[183326.469929] CPU199: Package temperature above threshold, cpu clock throttled (total events = 358)
[183326.469930] CPU104: Package temperature above threshold, cpu clock throttled (total events = 358)
[183326.469932] CPU107: Package temperature above threshold, cpu clock throttled (total events = 358)
[183326.469934] CPU237: Package temperature above threshold, cpu clock throttled (total events = 358)
[183326.469935] CPU203: Package temperature above threshold, cpu clock throttled (total events = 358)
[183326.469936] CPU83: Package temperature above threshold, cpu clock throttled (total events = 358)
[183326.469938] CPU227: Package temperature above threshold, cpu clock throttled (total events = 358)
[183326.469939] CPU207: Package temperature above threshold, cpu clock throttled (total events = 358)
[183326.469941] CPU217: Package temperature above threshold, cpu clock throttled (total events = 358)
[183326.469942] CPU79: Package temperature above threshold, cpu clock throttled (total events = 358)
[183326.469944] CPU202: Package temperature above threshold, cpu clock throttled (total events = 358)
[183326.469945] CPU74: Package temperature above threshold, cpu clock throttled (total events = 358)
[183326.469947] CPU117: Package temperature above threshold, cpu clock throttled (total events = 358)
[183326.469948] CPU236: Package temperature above threshold, cpu clock throttled (total events = 358)
[183326.469950] CPU98: Package temperature above threshold, cpu clock throttled (total events = 358)
[183326.469952] CPU92: Package temperature above threshold, cpu clock throttled (total events = 358)
[183326.469953] CPU66: Package temperature above threshold, cpu clock throttled (total events = 358)
[183326.469954] CPU194: Package temperature above threshold, cpu clock throttled (total events = 358)
[183326.469956] CPU228: Package temperature above threshold, cpu clock throttled (total events = 358)
[183326.469957] CPU212: Package temperature above threshold, cpu clock throttled (total events = 358)
[183326.469958] CPU188: Package temperature above threshold, cpu clock throttled (total events = 358)
[183326.469959] CPU68: Package temperature above threshold, cpu clock throttled (total events = 358)
[183326.469961] CPU235: Package temperature above threshold, cpu clock throttled (total events = 357)
[183326.469962] CPU91: Package temperature above threshold, cpu clock throttled (total events = 358)
[183326.469964] CPU229: Package temperature above threshold, cpu clock throttled (total events = 358)
[183326.469965] CPU208: Package temperature above threshold, cpu clock throttled (total events = 358)
[183326.469966] CPU186: Package temperature above threshold, cpu clock throttled (total events = 358)
[183326.469968] CPU97: Package temperature above threshold, cpu clock throttled (total events = 358)
[183326.469969] CPU197: Package temperature above threshold, cpu clock throttled (total events = 358)
[183326.469970] CPU73: Package temperature above threshold, cpu clock throttled (total events = 358)
[183326.469971] CPU193: Package temperature above threshold, cpu clock throttled (total events = 358)
[183326.469973] CPU87: Package temperature above threshold, cpu clock throttled (total events = 358)
[183326.469974] CPU211: Package temperature above threshold, cpu clock throttled (total events = 358)
[183326.469975] CPU82: Package temperature above threshold, cpu clock throttled (total events = 358)
[183326.469977] CPU187: Package temperature above threshold, cpu clock throttled (total events = 358)
[183326.469978] CPU67: Package temperature above threshold, cpu clock throttled (total events = 358)
[183326.469979] CPU219: Package temperature above threshold, cpu clock throttled (total events = 358)
[183326.469980] CPU234: Package temperature above threshold, cpu clock throttled (total events = 358)
[183326.470018] CPU61: Package temperature above threshold, cpu clock throttled (total events = 358)
[183326.470019] CPU181: Package temperature above threshold, cpu clock throttled (total events = 358)
[183326.470020] CPU69: Package temperature above threshold, cpu clock throttled (total events = 358)
[183326.470022] CPU189: Package temperature above threshold, cpu clock throttled (total events = 358)
[183326.470023] CPU180: Package temperature above threshold, cpu clock throttled (total events = 358)
[183326.470024] CPU60: Package temperature above threshold, cpu clock throttled (total events = 358)
[183326.470025] CPU72: Package temperature above threshold, cpu clock throttled (total events = 358)
[183326.470027] CPU192: Package temperature above threshold, cpu clock throttled (total events = 358)
[183326.470028] CPU191: Package temperature above threshold, cpu clock throttled (total events = 358)
[183326.470029] CPU71: Package temperature above threshold, cpu clock throttled (total events = 358)
[183326.470031] CPU65: Package temperature above threshold, cpu clock throttled (total events = 358)
[183326.470032] CPU185: Package temperature above threshold, cpu clock throttled (total events = 358)
[183326.470034] CPU183: Package temperature above threshold, cpu clock throttled (total events = 358)
[183326.470035] CPU63: Package temperature above threshold, cpu clock throttled (total events = 358)
[183326.470036] CPU182: Package temperature above threshold, cpu clock throttled (total events = 358)
[183326.470037] CPU62: Package temperature above threshold, cpu clock throttled (total events = 358)
[183326.470038] CPU190: Package temperature above threshold, cpu clock throttled (total events = 358)
[183326.470039] CPU70: Package temperature above threshold, cpu clock throttled (total events = 358)
[183326.470041] CPU206: Package temperature above threshold, cpu clock throttled (total events = 358)
[183326.470042] CPU86: Package temperature above threshold, cpu clock throttled (total events = 358)
[183326.470113] CPU195: Package temperature above threshold, cpu clock throttled (total events = 358)
[183326.470113] CPU75: Package temperature above threshold, cpu clock throttled (total events = 358)
[183326.470116] CPU226: Package temperature above threshold, cpu clock throttled (total events = 358)
[183326.470118] CPU106: Package temperature above threshold, cpu clock throttled (total events = 358)
[183326.470122] CPU90: Package temperature above threshold, cpu clock throttled (total events = 358)
[183326.470125] CPU201: Package temperature above threshold, cpu clock throttled (total events = 358)
[183326.470126] CPU81: Package temperature above threshold, cpu clock throttled (total events = 358)
[183326.470128] CPU210: Package temperature above threshold, cpu clock throttled (total events = 358)
[183326.470130] CPU209: Package temperature above threshold, cpu clock throttled (total events = 358)
[183326.470132] CPU89: Package temperature above threshold, cpu clock throttled (total events = 358)
[183326.470134] CPU225: Package temperature above threshold, cpu clock throttled (total events = 358)
[183326.470136] CPU233: Package temperature above threshold, cpu clock throttled (total events = 358)
[183326.470138] CPU80: Package temperature above threshold, cpu clock throttled (total events = 358)
[183326.470139] CPU200: Package temperature above threshold, cpu clock throttled (total events = 358)
[183326.470141] CPU105: Package temperature above threshold, cpu clock throttled (total events = 358)
[183326.470142] CPU113: Package temperature above threshold, cpu clock throttled (total events = 358)
[183326.470144] CPU232: Package temperature above threshold, cpu clock throttled (total events = 358)
[183326.470147] CPU96: Package temperature above threshold, cpu clock throttled (total events = 355)
[183326.470149] CPU112: Package temperature above threshold, cpu clock throttled (total events = 358)
[183326.470151] CPU118: Package temperature above threshold, cpu clock throttled (total events = 358)
[183326.470153] CPU216: Package temperature above threshold, cpu clock throttled (total events = 358)
[183326.470155] CPU95: Package temperature above threshold, cpu clock throttled (total events = 358)
[183326.470156] CPU215: Package temperature above threshold, cpu clock throttled (total events = 358)
[183326.470158] CPU231: Package temperature above threshold, cpu clock throttled (total events = 358)
[183326.470160] CPU238: Package temperature above threshold, cpu clock throttled (total events = 358)
[183326.470161] CPU119: Package temperature above threshold, cpu clock throttled (total events = 358)
[183326.470163] CPU239: Package temperature above threshold, cpu clock throttled (total events = 358)
[183326.470165] CPU230: Package temperature above threshold, cpu clock throttled (total events = 358)
[183326.470167] CPU111: Package temperature above threshold, cpu clock throttled (total events = 358)
[183326.470169] CPU110: Package temperature above threshold, cpu clock throttled (total events = 358)
[183326.470171] CPU205: Package temperature above threshold, cpu clock throttled (total events = 358)
[183326.470172] CPU85: Package temperature above threshold, cpu clock throttled (total events = 358)
[183326.470174] CPU94: Package temperature above threshold, cpu clock throttled (total events = 358)
[183326.470175] CPU214: Package temperature above threshold, cpu clock throttled (total events = 358)
[183326.470178] CPU223: Package temperature above threshold, cpu clock throttled (total events = 358)
[183326.470177] CPU103: Package temperature above threshold, cpu clock throttled (total events = 358)
[183326.470180] CPU101: Package temperature above threshold, cpu clock throttled (total events = 358)
[183326.470182] CPU213: Package temperature above threshold, cpu clock throttled (total events = 358)
[183326.470183] CPU93: Package temperature above threshold, cpu clock throttled (total events = 358)
[183326.470185] CPU84: Package temperature above threshold, cpu clock throttled (total events = 358)
[183326.470186] CPU221: Package temperature above threshold, cpu clock throttled (total events = 358)
[183326.470188] CPU102: Package temperature above threshold, cpu clock throttled (total events = 358)
[183326.470189] CPU222: Package temperature above threshold, cpu clock throttled (total events = 358)
[183326.470191] CPU220: Package temperature above threshold, cpu clock throttled (total events = 358)
[183326.470192] CPU204: Package temperature above threshold, cpu clock throttled (total events = 357)
[183326.470193] CPU100: Package temperature above threshold, cpu clock throttled (total events = 358)
[183326.470195] CPU196: Package temperature above threshold, cpu clock throttled (total events = 358)
[183326.470196] CPU76: Package temperature above threshold, cpu clock throttled (total events = 358)
[183326.470280] CPU114: Package temperature above threshold, cpu clock throttled (total events = 358)
[202358.763420] CPU226: Core temperature above threshold, cpu clock throttled (total events = 46)
[202358.763423] CPU106: Core temperature above threshold, cpu clock throttled (total events = 46)
[202358.763425] CPU189: Package temperature above threshold, cpu clock throttled (total events = 440)
[202358.763429] CPU191: Package temperature above threshold, cpu clock throttled (total events = 440)
[202358.763430] CPU84: Package temperature above threshold, cpu clock throttled (total events = 440)
[202358.763432] CPU218: Package temperature above threshold, cpu clock throttled (total events = 440)
[202358.763434] CPU180: Package temperature above threshold, cpu clock throttled (total events = 440)
[202358.763435] CPU203: Package temperature above threshold, cpu clock throttled (total events = 440)
[202358.763438] CPU225: Package temperature above threshold, cpu clock throttled (total events = 440)
[202358.763439] CPU95: Package temperature above threshold, cpu clock throttled (total events = 440)
[202358.763441] CPU196: Package temperature above threshold, cpu clock throttled (total events = 440)
[202358.763443] CPU79: Package temperature above threshold, cpu clock throttled (total events = 440)
[202358.763444] CPU60: Package temperature above threshold, cpu clock throttled (total events = 440)
[202358.763445] CPU90: Package temperature above threshold, cpu clock throttled (total events = 440)
[202358.763446] CPU69: Package temperature above threshold, cpu clock throttled (total events = 440)
[202358.763448] CPU215: Package temperature above threshold, cpu clock throttled (total events = 440)
[202358.763449] CPU199: Package temperature above threshold, cpu clock throttled (total events = 440)
[202358.763450] CPU206: Package temperature above threshold, cpu clock throttled (total events = 440)
[202358.763451] CPU233: Package temperature above threshold, cpu clock throttled (total events = 440)
[202358.763453] CPU86: Package temperature above threshold, cpu clock throttled (total events = 440)
[202358.763454] CPU105: Package temperature above threshold, cpu clock throttled (total events = 440)
[202358.763456] CPU210: Package temperature above threshold, cpu clock throttled (total events = 440)
[202358.763457] CPU227: Package temperature above threshold, cpu clock throttled (total events = 440)
[202358.763458] CPU186: Package temperature above threshold, cpu clock throttled (total events = 440)
[202358.763459] CPU66: Package temperature above threshold, cpu clock throttled (total events = 440)
[202358.763460] CPU209: Package temperature above threshold, cpu clock throttled (total events = 440)
[202358.763462] CPU108: Package temperature above threshold, cpu clock throttled (total events = 440)
[202358.763463] CPU228: Package temperature above threshold, cpu clock throttled (total events = 440)
[202358.763464] CPU61: Package temperature above threshold, cpu clock throttled (total events = 440)
[202358.763465] CPU181: Package temperature above threshold, cpu clock throttled (total events = 440)
[202358.763466] CPU204: Package temperature above threshold, cpu clock throttled (total events = 439)
[202358.763467] CPU71: Package temperature above threshold, cpu clock throttled (total events = 440)
[202358.763469] CPU219: Package temperature above threshold, cpu clock throttled (total events = 440)
[202358.763470] CPU99: Package temperature above threshold, cpu clock throttled (total events = 440)
[202358.763471] CPU89: Package temperature above threshold, cpu clock throttled (total events = 440)
[202358.763472] CPU107: Package temperature above threshold, cpu clock throttled (total events = 440)
[202358.763473] CPU76: Package temperature above threshold, cpu clock throttled (total events = 440)
[202358.763475] CPU93: Package temperature above threshold, cpu clock throttled (total events = 440)
[202358.763476] CPU221: Package temperature above threshold, cpu clock throttled (total events = 440)
[202358.763477] CPU113: Package temperature above threshold, cpu clock throttled (total events = 440)
[202358.763479] CPU98: Package temperature above threshold, cpu clock throttled (total events = 440)
[202358.763480] CPU101: Package temperature above threshold, cpu clock throttled (total events = 440)
[202358.763482] CPU111: Package temperature above threshold, cpu clock throttled (total events = 440)
[202358.763483] CPU231: Package temperature above threshold, cpu clock throttled (total events = 440)
[202358.763484] CPU213: Package temperature above threshold, cpu clock throttled (total events = 440)
[202358.763485] CPU106: Package temperature above threshold, cpu clock throttled (total events = 440)
[202358.763487] CPU83: Package temperature above threshold, cpu clock throttled (total events = 440)
[202358.763538] CPU68: Package temperature above threshold, cpu clock throttled (total events = 440)
[202358.763539] CPU188: Package temperature above threshold, cpu clock throttled (total events = 440)
[202358.763540] CPU67: Package temperature above threshold, cpu clock throttled (total events = 440)
[202358.763542] CPU194: Package temperature above threshold, cpu clock throttled (total events = 440)
[202358.763543] CPU187: Package temperature above threshold, cpu clock throttled (total events = 440)
[202358.763544] CPU74: Package temperature above threshold, cpu clock throttled (total events = 440)
[202358.763546] CPU193: Package temperature above threshold, cpu clock throttled (total events = 440)
[202358.763548] CPU65: Package temperature above threshold, cpu clock throttled (total events = 440)
[202358.763549] CPU73: Package temperature above threshold, cpu clock throttled (total events = 440)
[202358.763550] CPU64: Package temperature above threshold, cpu clock throttled (total events = 440)
[202358.763552] CPU184: Package temperature above threshold, cpu clock throttled (total events = 440)
[202358.763553] CPU185: Package temperature above threshold, cpu clock throttled (total events = 440)
[202358.763554] CPU192: Package temperature above threshold, cpu clock throttled (total events = 440)
[202358.763556] CPU72: Package temperature above threshold, cpu clock throttled (total events = 440)
[202358.763557] CPU63: Package temperature above threshold, cpu clock throttled (total events = 440)
[202358.763558] CPU183: Package temperature above threshold, cpu clock throttled (total events = 440)
[202358.763559] CPU182: Package temperature above threshold, cpu clock throttled (total events = 440)
[202358.763560] CPU62: Package temperature above threshold, cpu clock throttled (total events = 440)
[202358.763562] CPU190: Package temperature above threshold, cpu clock throttled (total events = 440)
[202358.763562] CPU70: Package temperature above threshold, cpu clock throttled (total events = 440)
[202358.763637] CPU207: Package temperature above threshold, cpu clock throttled (total events = 440)
[202358.763638] CPU87: Package temperature above threshold, cpu clock throttled (total events = 440)
[202358.763640] CPU119: Package temperature above threshold, cpu clock throttled (total events = 440)
[202358.763645] CPU239: Package temperature above threshold, cpu clock throttled (total events = 440)
[202358.763648] CPU223: Package temperature above threshold, cpu clock throttled (total events = 440)
[202358.763651] CPU103: Package temperature above threshold, cpu clock throttled (total events = 440)
[202358.763654] CPU238: Package temperature above threshold, cpu clock throttled (total events = 440)
[202358.763655] CPU118: Package temperature above threshold, cpu clock throttled (total events = 440)
[202358.763657] CPU214: Package temperature above threshold, cpu clock throttled (total events = 440)
[202358.763659] CPU78: Package temperature above threshold, cpu clock throttled (total events = 440)
[202358.763661] CPU198: Package temperature above threshold, cpu clock throttled (total events = 440)
[202358.763663] CPU230: Package temperature above threshold, cpu clock throttled (total events = 440)
[202358.763665] CPU110: Package temperature above threshold, cpu clock throttled (total events = 440)
[202358.763667] CPU94: Package temperature above threshold, cpu clock throttled (total events = 440)
[202358.763669] CPU77: Package temperature above threshold, cpu clock throttled (total events = 440)
[202358.763670] CPU102: Package temperature above threshold, cpu clock throttled (total events = 440)
[202358.763672] CPU222: Package temperature above threshold, cpu clock throttled (total events = 440)
[202358.763673] CPU197: Package temperature above threshold, cpu clock throttled (total events = 440)
[202358.763675] CPU117: Package temperature above threshold, cpu clock throttled (total events = 440)
[202358.763676] CPU237: Package temperature above threshold, cpu clock throttled (total events = 440)
[202358.763678] CPU229: Package temperature above threshold, cpu clock throttled (total events = 440)
[202358.763680] CPU212: Package temperature above threshold, cpu clock throttled (total events = 440)
[202358.763681] CPU205: Package temperature above threshold, cpu clock throttled (total events = 440)
[202358.763683] CPU85: Package temperature above threshold, cpu clock throttled (total events = 440)
[202358.763684] CPU92: Package temperature above threshold, cpu clock throttled (total events = 440)
[202358.763686] CPU109: Package temperature above threshold, cpu clock throttled (total events = 440)
[202358.763687] CPU211: Package temperature above threshold, cpu clock throttled (total events = 440)
[202358.763689] CPU100: Package temperature above threshold, cpu clock throttled (total events = 440)
[202358.763690] CPU220: Package temperature above threshold, cpu clock throttled (total events = 440)
[202358.763692] CPU116: Package temperature above threshold, cpu clock throttled (total events = 440)
[202358.763693] CPU236: Package temperature above threshold, cpu clock throttled (total events = 440)
[202358.763696] CPU114: Package temperature above threshold, cpu clock throttled (total events = 440)
[202358.763697] CPU234: Package temperature above threshold, cpu clock throttled (total events = 440)
[202358.763699] CPU202: Package temperature above threshold, cpu clock throttled (total events = 440)
[202358.763700] CPU235: Package temperature above threshold, cpu clock throttled (total events = 439)
[202358.763701] CPU115: Package temperature above threshold, cpu clock throttled (total events = 439)
[202358.763703] CPU75: Package temperature above threshold, cpu clock throttled (total events = 440)
[202358.763704] CPU195: Package temperature above threshold, cpu clock throttled (total events = 440)
[202358.763705] CPU82: Package temperature above threshold, cpu clock throttled (total events = 440)
[202358.763707] CPU97: Package temperature above threshold, cpu clock throttled (total events = 440)
[202358.763708] CPU217: Package temperature above threshold, cpu clock throttled (total events = 440)
[202358.763709] CPU201: Package temperature above threshold, cpu clock throttled (total events = 440)
[202358.763711] CPU81: Package temperature above threshold, cpu clock throttled (total events = 440)
[202358.763713] CPU104: Package temperature above threshold, cpu clock throttled (total events = 440)
[202358.763714] CPU88: Package temperature above threshold, cpu clock throttled (total events = 440)
[202358.763715] CPU208: Package temperature above threshold, cpu clock throttled (total events = 440)
[202358.763717] CPU96: Package temperature above threshold, cpu clock throttled (total events = 437)
[202358.763718] CPU80: Package temperature above threshold, cpu clock throttled (total events = 440)
[202358.763719] CPU200: Package temperature above threshold, cpu clock throttled (total events = 440)
[202358.763720] CPU224: Package temperature above threshold, cpu clock throttled (total events = 440)
[202358.763722] CPU216: Package temperature above threshold, cpu clock throttled (total events = 440)
[202358.763723] CPU91: Package temperature above threshold, cpu clock throttled (total events = 440)
[202358.763725] CPU232: Package temperature above threshold, cpu clock throttled (total events = 440)
[202358.763726] CPU112: Package temperature above threshold, cpu clock throttled (total events = 440)
[202358.763727] CPU226: Package temperature above threshold, cpu clock throttled (total events = 440)

