client 2024-02-01 18:09:23,391 [INFO] Creating output directory '/home/arjun/results_dir/valid_results/orin-tflite_armnn_cpp-cpu-armnn_tflite-v23.05-using_neon/efficientnet-int8-lite1/singlestream/performance/tmp_power'
client 2024-02-01 18:09:23,395 [INFO] Sending command to the server: 'mlcommons/power client v3'
client 2024-02-01 18:09:23,398 [INFO] Got response: 'mlcommons/power server v3'
client 2024-02-01 18:09:23,398 [INFO] Synchronizing with the server and with time.google.com...
client 2024-02-01 18:09:23,425 [INFO] NTP:offset = -0.002 s, delay = 0.021 s 
client 2024-02-01 18:09:23,425 [INFO] Sending command to the server: 'time'
client 2024-02-01 18:09:23,428 [INFO] Got response: '1706810963.427836'
client 2024-02-01 18:09:23,428 [INFO] The time difference between the client and the server is within range -2.676 ms..1.108 ms
client 2024-02-01 18:09:23,429 [INFO] Sending command to the server: 'new,,ba272785-560d-41de-8987-6a22883ec592'
client 2024-02-01 18:09:23,433 [INFO] Got response: 'OK 2024-02-01_18-09-23,f82a0488-0df8-45f5-90d1-94221c450bd1'
client 2024-02-01 18:09:23,433 [INFO] Session id is '2024-02-01_18-09-23'
client 2024-02-01 18:09:23,433 [INFO] Sources: {"sources": {"__init__.py": "da39a3ee5e6b4b0d3255bfef95601890afd80709", "client.py": "33ca4f26368777ac06e01f9567b714a4b8063886", "lib/__init__.py": "da39a3ee5e6b4b0d3255bfef95601890afd80709", "lib/client.py": "ac2aa093c8e8bbc9569b9e2a3471bc64e58a2258", "lib/common.py": "611d8b29633d331eb19c9455ea3b5fa3284ed6df", "lib/external/__init__.py": "da39a3ee5e6b4b0d3255bfef95601890afd80709", "lib/external/ntplib.py": "4da8f970656505a40483206ef2b5d3dd5e81711d", "lib/server.py": "99303c836c683aa9017ec565104e636161d02acb", "lib/source_hashes.py": "60a2e02193209e8d392803326208d5466342da18", "lib/summary.py": "aa92f0a3f975eecd44d3c0cd0236342ccc9f941d", "lib/time_sync.py": "80894ef2389e540781ff78de94db16aa4203a14e", "server.py": "c3f90f2f7eeb4db30727556d0c815ebc89b3d28b", "tests/unit/__init__.py": "da39a3ee5e6b4b0d3255bfef95601890afd80709", "tests/unit/test_server.py": "948c1995d4008bc2aa6c4046a34ffa3858d6d671", "tests/unit/test_source_hashes.py": "00468a2907583c593e6574a1f6b404e4651c221a"}, "modules": {"ptd_client_server.lib.client": "lib/client.py", "ptd_client_server.lib.common": "lib/common.py", "ptd_client_server.lib.external.ntplib": "lib/external/ntplib.py", "ptd_client_server.lib.source_hashes": "lib/source_hashes.py", "ptd_client_server.lib.summary": "lib/summary.py", "ptd_client_server.lib.time_sync": "lib/time_sync.py"}}
client 2024-02-01 18:09:23,433 [INFO] Running workload in ranging mode
client 2024-02-01 18:09:23,433 [INFO] Synchronizing with the server and with time.google.com...
client 2024-02-01 18:09:23,454 [INFO] NTP:offset = -0.002 s, delay = 0.020 s 
client 2024-02-01 18:09:23,455 [INFO] Sending command to the server: 'time'
client 2024-02-01 18:09:23,458 [INFO] Got response: '1706810963.4574337'
client 2024-02-01 18:09:23,458 [INFO] The time difference between the client and the server is within range -2.409 ms..1.218 ms
client 2024-02-01 18:09:23,458 [INFO] Sending command to the server: 'session,2024-02-01_18-09-23,start,ranging'
client 2024-02-01 18:09:51,610 [INFO] Got response: 'OK'
client 2024-02-01 18:09:51,611 [INFO] Sending command to the server: 'time'
client 2024-02-01 18:09:51,615 [INFO] Got response: '1706810991.6142495'
client 2024-02-01 18:09:51,615 [INFO] The time difference between the client and the server is within range -2.377 ms..1.407 ms
client 2024-02-01 18:09:51,615 [INFO] Running the workload 'CM_MLPERF_RUN_COUNT=$(cat ${CM_RUN_DIR}/count.txt); echo ${CM_MLPERF_RUN_COUNT}; CM_MLPERF_RUN_COUNT=$((CM_MLPERF_RUN_COUNT+1)); echo ${CM_MLPERF_RUN_COUNT} > ${CM_RUN_DIR}/count.txt && if [ ${CM_MLPERF_RUN_COUNT} -eq "1" ]; then export CM_MLPERF_USER_CONF=${CM_MLPERF_RANGING_USER_CONF}; else export CM_MLPERF_USER_CONF=${CM_MLPERF_TESTING_USER_CONF}; fi && /mnt/CM/repos/ctuning@mlcommons-ck/cm-mlops/script/benchmark-any-mlperf-inference-implementation/run.out'
client 2024-02-01 18:14:57,177 [INFO] Sending command to the server: 'time'
client 2024-02-01 18:14:57,182 [INFO] Got response: '1706811297.18121'
client 2024-02-01 18:14:57,182 [INFO] The time difference between the client and the server is within range -3.434 ms..1.560 ms
client 2024-02-01 18:14:57,183 [INFO] Sending command to the server: 'session,2024-02-01_18-09-23,stop,ranging'
client 2024-02-01 18:15:07,881 [INFO] Got response: 'OK'
client 2024-02-01 18:15:07,882 [INFO] Sending command to the server: 'time'
client 2024-02-01 18:15:07,884 [INFO] Got response: '1706811307.884237'
client 2024-02-01 18:15:07,885 [INFO] The time difference between the client and the server is within range -2.064 ms..0.818 ms
client 2024-02-01 18:15:07,897 [INFO] Copying loadgen logs from '/home/arjun/results_dir/valid_results/orin-tflite_armnn_cpp-cpu-armnn_tflite-v23.05-using_neon/efficientnet-int8-lite1/singlestream/performance/run_1' to '/home/arjun/results_dir/valid_results/orin-tflite_armnn_cpp-cpu-armnn_tflite-v23.05-using_neon/efficientnet-int8-lite1/singlestream/performance/tmp_power/ranging'
client 2024-02-01 18:15:07,899 [INFO] Running workload in testing mode
client 2024-02-01 18:15:07,899 [INFO] Synchronizing with the server and with time.google.com...
client 2024-02-01 18:15:07,923 [INFO] NTP:offset = -0.002 s, delay = 0.020 s 
client 2024-02-01 18:15:07,923 [INFO] Sending command to the server: 'time'
client 2024-02-01 18:15:07,928 [INFO] Got response: '1706811307.926871'
client 2024-02-01 18:15:07,928 [INFO] The time difference between the client and the server is within range -3.134 ms..1.381 ms
client 2024-02-01 18:15:07,928 [INFO] Sending command to the server: 'session,2024-02-01_18-09-23,start,testing'
client 2024-02-01 18:15:20,948 [INFO] Got response: 'OK'
client 2024-02-01 18:15:20,949 [INFO] Sending command to the server: 'time'
client 2024-02-01 18:15:20,953 [INFO] Got response: '1706811320.9524546'
client 2024-02-01 18:15:20,954 [INFO] The time difference between the client and the server is within range -2.616 ms..1.760 ms
client 2024-02-01 18:15:20,954 [INFO] Running the workload 'CM_MLPERF_RUN_COUNT=$(cat ${CM_RUN_DIR}/count.txt); echo ${CM_MLPERF_RUN_COUNT}; CM_MLPERF_RUN_COUNT=$((CM_MLPERF_RUN_COUNT+1)); echo ${CM_MLPERF_RUN_COUNT} > ${CM_RUN_DIR}/count.txt && if [ ${CM_MLPERF_RUN_COUNT} -eq "1" ]; then export CM_MLPERF_USER_CONF=${CM_MLPERF_RANGING_USER_CONF}; else export CM_MLPERF_USER_CONF=${CM_MLPERF_TESTING_USER_CONF}; fi && /mnt/CM/repos/ctuning@mlcommons-ck/cm-mlops/script/benchmark-any-mlperf-inference-implementation/run.out'
client 2024-02-01 18:25:25,655 [INFO] Sending command to the server: 'time'
client 2024-02-01 18:25:25,759 [INFO] Got response: '1706811925.7576733'
client 2024-02-01 18:25:25,760 [INFO] The time difference between the client and the server is within range -102.620 ms..2.350 ms
client 2024-02-01 18:25:25,760 [INFO] Sending command to the server: 'session,2024-02-01_18-09-23,stop,testing'
client 2024-02-01 18:25:35,996 [INFO] Got response: 'OK'
client 2024-02-01 18:25:35,997 [INFO] Sending command to the server: 'time'
client 2024-02-01 18:25:36,001 [INFO] Got response: '1706811936.0002267'
client 2024-02-01 18:25:36,001 [INFO] The time difference between the client and the server is within range -2.677 ms..1.494 ms
client 2024-02-01 18:25:36,006 [INFO] Copying loadgen logs from '/home/arjun/results_dir/valid_results/orin-tflite_armnn_cpp-cpu-armnn_tflite-v23.05-using_neon/efficientnet-int8-lite1/singlestream/performance/run_1' to '/home/arjun/results_dir/valid_results/orin-tflite_armnn_cpp-cpu-armnn_tflite-v23.05-using_neon/efficientnet-int8-lite1/singlestream/performance/tmp_power/run_1'
client 2024-02-01 18:25:36,008 [INFO] Done runs
