client 2024-02-01 08:45:32,691 [INFO] Creating output directory '/home/arjun/results_dir/valid_results/orin-tflite_armnn_cpp-cpu-armnn_tflite-v23.05-using_neon_with_live_preprocessing/mobilenet-v2-precision_float-0.75-224/singlestream/performance/tmp_power'
client 2024-02-01 08:45:32,695 [INFO] Sending command to the server: 'mlcommons/power client v3'
client 2024-02-01 08:45:32,699 [INFO] Got response: 'mlcommons/power server v3'
client 2024-02-01 08:45:32,699 [INFO] Synchronizing with the server and with time.google.com...
client 2024-02-01 08:45:32,725 [INFO] NTP:offset = -0.007 s, delay = 0.020 s 
client 2024-02-01 08:45:32,725 [INFO] Sending command to the server: 'time'
client 2024-02-01 08:45:32,729 [INFO] Got response: '1706777132.7216206'
client 2024-02-01 08:45:32,729 [INFO] The time difference between the client and the server is within range 3.776 ms..7.621 ms
client 2024-02-01 08:45:32,729 [INFO] Sending command to the server: 'new,,8ca336f4-069e-4d3a-a790-d2bf130c75bc'
client 2024-02-01 08:45:32,733 [INFO] Got response: 'OK 2024-02-01_08-45-32,2c5ad3ff-70f2-4332-bc17-22ca7bad3e22'
client 2024-02-01 08:45:32,733 [INFO] Session id is '2024-02-01_08-45-32'
client 2024-02-01 08:45:32,733 [INFO] Sources: {"sources": {"__init__.py": "da39a3ee5e6b4b0d3255bfef95601890afd80709", "client.py": "33ca4f26368777ac06e01f9567b714a4b8063886", "lib/__init__.py": "da39a3ee5e6b4b0d3255bfef95601890afd80709", "lib/client.py": "ac2aa093c8e8bbc9569b9e2a3471bc64e58a2258", "lib/common.py": "611d8b29633d331eb19c9455ea3b5fa3284ed6df", "lib/external/__init__.py": "da39a3ee5e6b4b0d3255bfef95601890afd80709", "lib/external/ntplib.py": "4da8f970656505a40483206ef2b5d3dd5e81711d", "lib/server.py": "99303c836c683aa9017ec565104e636161d02acb", "lib/source_hashes.py": "60a2e02193209e8d392803326208d5466342da18", "lib/summary.py": "aa92f0a3f975eecd44d3c0cd0236342ccc9f941d", "lib/time_sync.py": "80894ef2389e540781ff78de94db16aa4203a14e", "server.py": "c3f90f2f7eeb4db30727556d0c815ebc89b3d28b", "tests/unit/__init__.py": "da39a3ee5e6b4b0d3255bfef95601890afd80709", "tests/unit/test_server.py": "948c1995d4008bc2aa6c4046a34ffa3858d6d671", "tests/unit/test_source_hashes.py": "00468a2907583c593e6574a1f6b404e4651c221a"}, "modules": {"ptd_client_server.lib.client": "lib/client.py", "ptd_client_server.lib.common": "lib/common.py", "ptd_client_server.lib.external.ntplib": "lib/external/ntplib.py", "ptd_client_server.lib.source_hashes": "lib/source_hashes.py", "ptd_client_server.lib.summary": "lib/summary.py", "ptd_client_server.lib.time_sync": "lib/time_sync.py"}}
client 2024-02-01 08:45:32,733 [INFO] Running workload in ranging mode
client 2024-02-01 08:45:32,733 [INFO] Synchronizing with the server and with time.google.com...
client 2024-02-01 08:45:32,753 [INFO] NTP:offset = -0.009 s, delay = 0.018 s 
client 2024-02-01 08:45:32,753 [INFO] Sending command to the server: 'time'
client 2024-02-01 08:45:32,757 [INFO] Got response: '1706777132.7498825'
client 2024-02-01 08:45:32,757 [INFO] The time difference between the client and the server is within range 3.432 ms..7.628 ms
client 2024-02-01 08:45:32,757 [INFO] Sending command to the server: 'session,2024-02-01_08-45-32,start,ranging'
client 2024-02-01 08:46:00,901 [INFO] Got response: 'OK'
client 2024-02-01 08:46:00,903 [INFO] Sending command to the server: 'time'
client 2024-02-01 08:46:00,905 [INFO] Got response: '1706777160.8991795'
client 2024-02-01 08:46:00,906 [INFO] The time difference between the client and the server is within range 4.045 ms..6.914 ms
client 2024-02-01 08:46:00,906 [INFO] Running the workload 'CM_MLPERF_RUN_COUNT=$(cat ${CM_RUN_DIR}/count.txt); echo ${CM_MLPERF_RUN_COUNT}; CM_MLPERF_RUN_COUNT=$((CM_MLPERF_RUN_COUNT+1)); echo ${CM_MLPERF_RUN_COUNT} > ${CM_RUN_DIR}/count.txt && if [ ${CM_MLPERF_RUN_COUNT} -eq "1" ]; then export CM_MLPERF_USER_CONF=${CM_MLPERF_RANGING_USER_CONF}; else export CM_MLPERF_USER_CONF=${CM_MLPERF_TESTING_USER_CONF}; fi && /mnt/CM/repos/ctuning@mlcommons-ck/cm-mlops/script/benchmark-any-mlperf-inference-implementation/run.out'
client 2024-02-01 08:51:03,455 [INFO] Sending command to the server: 'time'
client 2024-02-01 08:51:03,460 [INFO] Got response: '1706777463.4530098'
client 2024-02-01 08:51:03,460 [INFO] The time difference between the client and the server is within range 2.792 ms..7.827 ms
client 2024-02-01 08:51:03,461 [INFO] Sending command to the server: 'session,2024-02-01_08-45-32,stop,ranging'
client 2024-02-01 08:51:14,064 [INFO] Got response: 'OK'
client 2024-02-01 08:51:14,065 [INFO] Sending command to the server: 'time'
client 2024-02-01 08:51:14,068 [INFO] Got response: '1706777474.0613596'
client 2024-02-01 08:51:14,069 [INFO] The time difference between the client and the server is within range 3.991 ms..7.582 ms
client 2024-02-01 08:51:14,086 [INFO] Copying loadgen logs from '/home/arjun/results_dir/valid_results/orin-tflite_armnn_cpp-cpu-armnn_tflite-v23.05-using_neon_with_live_preprocessing/mobilenet-v2-precision_float-0.75-224/singlestream/performance/run_1' to '/home/arjun/results_dir/valid_results/orin-tflite_armnn_cpp-cpu-armnn_tflite-v23.05-using_neon_with_live_preprocessing/mobilenet-v2-precision_float-0.75-224/singlestream/performance/tmp_power/ranging'
client 2024-02-01 08:51:14,089 [INFO] Running workload in testing mode
client 2024-02-01 08:51:14,089 [INFO] Synchronizing with the server and with time.google.com...
client 2024-02-01 08:51:14,117 [INFO] NTP:offset = -0.008 s, delay = 0.022 s 
client 2024-02-01 08:51:14,117 [INFO] Sending command to the server: 'time'
client 2024-02-01 08:51:14,119 [INFO] Got response: '1706777474.1132836'
client 2024-02-01 08:51:14,119 [INFO] The time difference between the client and the server is within range 4.090 ms..6.548 ms
client 2024-02-01 08:51:14,120 [INFO] Sending command to the server: 'session,2024-02-01_08-45-32,start,testing'
client 2024-02-01 08:51:27,141 [INFO] Got response: 'OK'
client 2024-02-01 08:51:27,142 [INFO] Sending command to the server: 'time'
client 2024-02-01 08:51:27,144 [INFO] Got response: '1706777487.137884'
client 2024-02-01 08:51:27,145 [INFO] The time difference between the client and the server is within range 4.219 ms..7.411 ms
client 2024-02-01 08:51:27,146 [INFO] Running the workload 'CM_MLPERF_RUN_COUNT=$(cat ${CM_RUN_DIR}/count.txt); echo ${CM_MLPERF_RUN_COUNT}; CM_MLPERF_RUN_COUNT=$((CM_MLPERF_RUN_COUNT+1)); echo ${CM_MLPERF_RUN_COUNT} > ${CM_RUN_DIR}/count.txt && if [ ${CM_MLPERF_RUN_COUNT} -eq "1" ]; then export CM_MLPERF_USER_CONF=${CM_MLPERF_RANGING_USER_CONF}; else export CM_MLPERF_USER_CONF=${CM_MLPERF_TESTING_USER_CONF}; fi && /mnt/CM/repos/ctuning@mlcommons-ck/cm-mlops/script/benchmark-any-mlperf-inference-implementation/run.out'
client 2024-02-01 09:01:31,649 [INFO] Sending command to the server: 'time'
client 2024-02-01 09:01:31,815 [INFO] Got response: '1706778091.8083518'
client 2024-02-01 09:01:31,815 [INFO] The time difference between the client and the server is within range -159.491 ms..7.186 ms
client 2024-02-01 09:01:31,815 [INFO] Sending command to the server: 'session,2024-02-01_08-45-32,stop,testing'
client 2024-02-01 09:01:42,153 [INFO] Got response: 'OK'
client 2024-02-01 09:01:42,154 [INFO] Sending command to the server: 'time'
client 2024-02-01 09:01:42,156 [INFO] Got response: '1706778102.1504772'
client 2024-02-01 09:01:42,157 [INFO] The time difference between the client and the server is within range 3.792 ms..6.504 ms
client 2024-02-01 09:01:42,161 [INFO] Copying loadgen logs from '/home/arjun/results_dir/valid_results/orin-tflite_armnn_cpp-cpu-armnn_tflite-v23.05-using_neon_with_live_preprocessing/mobilenet-v2-precision_float-0.75-224/singlestream/performance/run_1' to '/home/arjun/results_dir/valid_results/orin-tflite_armnn_cpp-cpu-armnn_tflite-v23.05-using_neon_with_live_preprocessing/mobilenet-v2-precision_float-0.75-224/singlestream/performance/tmp_power/run_1'
client 2024-02-01 09:01:42,164 [INFO] Done runs
