Graph file: /home/ec2-user/CM/repos/local/cache/65ca9ad0ad584a7f/mobilenet_v2_0.75_128.tflite
Image dir: /home/ec2-user/CM/repos/local/cache/383ceb378acd4c7e
Image list: /home/ec2-user/CM/repos/local/cache/383ceb378acd4c7e/preprocessed_files.txt
Image size: 128
Image channels: 3
Prediction classes: 1000
Result dir: /home/ec2-user/CM/repos/local/cache/017d8e20e6854c20/valid_results/ip_172_31_30_110.us_west_2.compute.internal-tflite_cpp-cpu-tflite-vmaster-with_live_preprocessing/mobilenet-v2-precision_float-0.75-128/singlestream/performance/run_1
How many images fit in memory buffer: 1024
Normalize: 1
Subtract mean: 0
Run time preprocessing: 1
Number of Threads: 8
Number of available imagefiles: 50000

Loading graph...
INFO: Created TensorFlow Lite XNNPACK delegate for CPU.
Input tensor dimensions (NHWC): 1*128*128*3
Output tensor dimensions: 1*1001
Path to mlperf.conf : /home/ec2-user/CM/repos/local/cache/41e6ffe78d1840ee/inference/mlperf.conf
Path to user.conf : /home/ec2-user/CM/repos/ctuning@mlcommons-ck/cm-mlops/script/generate-mlperf-inference-user-conf/tmp/36d9d0bffb4c486d858cc24e52721f4c.conf
Model Name: mobilenet
LoadGen Scenario: SingleStream
LoadGen Mode: performance
