client 2024-02-09 08:09:36,773 [INFO] Sending command to the server: 'mlcommons/power client v3'
client 2024-02-09 08:09:36,775 [INFO] Got response: 'mlcommons/power server v3'
client 2024-02-09 08:09:36,775 [INFO] Sending command to the server: 'stop'
client 2024-02-09 08:09:36,776 [INFO] Got response: 'OK'
client 2024-02-09 08:09:36,776 [INFO] Synchronizing with the server and with ib-01.dc4-in.nvidia.com...
client 2024-02-09 08:09:36,993 [INFO] NTP:offset = 0.001 s, delay = 0.214 s 
client 2024-02-09 08:09:36,993 [INFO] Sending command to the server: 'time'
client 2024-02-09 08:09:36,994 [INFO] Got response: '1707466176.9915195'
client 2024-02-09 08:09:36,994 [INFO] The time difference between the client and the server is within range 1.963 ms..3.171 ms
client 2024-02-09 08:09:36,994 [INFO] Sending command to the server: 'new,,2231dc42-e376-412a-a613-21f934e233fe'
client 2024-02-09 08:09:36,996 [INFO] Got response: 'OK 2024-02-09_00-09-36,273fe2ad-7d3c-4783-822f-af0b1343870a'
client 2024-02-09 08:09:36,996 [INFO] Session id is '2024-02-09_00-09-36'
client 2024-02-09 08:09:36,996 [INFO] Sources: {"sources": {"__init__.py": "da39a3ee5e6b4b0d3255bfef95601890afd80709", "client.py": "33ca4f26368777ac06e01f9567b714a4b8063886", "lib/__init__.py": "da39a3ee5e6b4b0d3255bfef95601890afd80709", "lib/client.py": "ac2aa093c8e8bbc9569b9e2a3471bc64e58a2258", "lib/common.py": "611d8b29633d331eb19c9455ea3b5fa3284ed6df", "lib/external/__init__.py": "da39a3ee5e6b4b0d3255bfef95601890afd80709", "lib/external/ntplib.py": "4da8f970656505a40483206ef2b5d3dd5e81711d", "lib/server.py": "99303c836c683aa9017ec565104e636161d02acb", "lib/source_hashes.py": "60a2e02193209e8d392803326208d5466342da18", "lib/summary.py": "aa92f0a3f975eecd44d3c0cd0236342ccc9f941d", "lib/time_sync.py": "80894ef2389e540781ff78de94db16aa4203a14e", "server.py": "c3f90f2f7eeb4db30727556d0c815ebc89b3d28b", "tests/unit/__init__.py": "da39a3ee5e6b4b0d3255bfef95601890afd80709", "tests/unit/test_server.py": "948c1995d4008bc2aa6c4046a34ffa3858d6d671", "tests/unit/test_source_hashes.py": "00468a2907583c593e6574a1f6b404e4651c221a"}, "modules": {"ptd_client_server.lib.client": "lib/client.py", "ptd_client_server.lib.common": "lib/common.py", "ptd_client_server.lib.external.ntplib": "lib/external/ntplib.py", "ptd_client_server.lib.source_hashes": "lib/source_hashes.py", "ptd_client_server.lib.summary": "lib/summary.py", "ptd_client_server.lib.time_sync": "lib/time_sync.py"}}
client 2024-02-09 08:09:36,999 [INFO] Running workload in ranging mode
client 2024-02-09 08:09:36,999 [INFO] Synchronizing with the server and with ib-01.dc4-in.nvidia.com...
client 2024-02-09 08:09:37,215 [INFO] NTP:offset = 0.001 s, delay = 0.214 s 
client 2024-02-09 08:09:37,215 [INFO] Sending command to the server: 'time'
client 2024-02-09 08:09:37,216 [INFO] Got response: '1707466177.2135248'
client 2024-02-09 08:09:37,216 [INFO] The time difference between the client and the server is within range 1.971 ms..3.142 ms
client 2024-02-09 08:09:37,216 [INFO] Sending command to the server: 'session,2024-02-09_00-09-36,start,ranging'
client 2024-02-09 08:10:17,128 [INFO] Got response: 'OK'
client 2024-02-09 08:10:17,128 [INFO] Sending command to the server: 'time'
client 2024-02-09 08:10:17,129 [INFO] Got response: '1707466217.1266787'
client 2024-02-09 08:10:17,129 [INFO] The time difference between the client and the server is within range 1.861 ms..2.980 ms
client 2024-02-09 08:10:17,129 [INFO] Running the workload 'LOG_DIR=/work/build/power_logs_temp python3.8 -m code.main --benchmarks=bert --scenarios=Offline --test_mode=PerformanceOnly --config_ver=maxq_high_accuracy --action="run_harness" \\\n\t\t2>&1 | tee -a /work/build/power_logs/2024.02.09-08.08.47/stdout.txt \\\n\t\t&& if [ ! -d /work/build/power_logs/2024.02.09-08.08.47/ranging_tmp ]; \\\n\t\t\tthen mkdir /work/build/power_logs/2024.02.09-08.08.47/ranging_tmp \\\n\t\t\t\t&& mv /work/build/power_logs_temp/* /work/build/power_logs/2024.02.09-08.08.47/ranging_tmp/ \\\n\t\t\t\t&& cp -v /work/build/power_logs/2024.02.09-08.08.47/ranging_tmp/*/*/*/mlperf_log_detail.txt /work/build/power_logs_temp/ \\\n\t\t\t\t&& cp -v /work/build/power_logs/2024.02.09-08.08.47/ranging_tmp/*/*/*/mlperf_log_summary.txt /work/build/power_logs_temp/; \\\n\t\t\telse mkdir /work/build/power_logs/2024.02.09-08.08.47/testing_tmp \\\n\t\t\t\t&& mv /work/build/power_logs_temp/* /work/build/power_logs/2024.02.09-08.08.47/testing_tmp/ \\\n\t\t\t\t&& cp -v /work/build/power_logs/2024.02.09-08.08.47/testing_tmp/*/*/*/mlperf_log_detail.txt /work/build/power_logs_temp/ \\\n\t\t\t\t&& cp -v /work/build/power_logs/2024.02.09-08.08.47/testing_tmp/*/*/*/mlperf_log_summary.txt /work/build/power_logs_temp/; fi'
client 2024-02-09 08:22:36,095 [INFO] Sending command to the server: 'time'
client 2024-02-09 08:22:36,097 [INFO] Got response: '1707466956.0945034'
client 2024-02-09 08:22:36,097 [INFO] The time difference between the client and the server is within range 1.194 ms..2.828 ms
client 2024-02-09 08:22:36,097 [INFO] Sending command to the server: 'session,2024-02-09_00-09-36,stop,ranging'
client 2024-02-09 08:22:46,224 [INFO] Got response: 'OK'
client 2024-02-09 08:22:46,224 [INFO] Sending command to the server: 'time'
client 2024-02-09 08:22:46,225 [INFO] Got response: '1707466966.223277'
client 2024-02-09 08:22:46,225 [INFO] The time difference between the client and the server is within range 1.716 ms..2.598 ms
client 2024-02-09 08:22:46,235 [INFO] Copying loadgen logs from '/work/build/power_logs_temp' to '/work/build/power_logs/2024.02.09-08.08.47/2024-02-09_00-09-36/ranging'
client 2024-02-09 08:22:46,251 [INFO] Running workload in testing mode
client 2024-02-09 08:22:46,251 [INFO] Synchronizing with the server and with ib-01.dc4-in.nvidia.com...
client 2024-02-09 08:22:46,464 [INFO] NTP:offset = -0.000 s, delay = 0.212 s 
client 2024-02-09 08:22:46,464 [INFO] Sending command to the server: 'time'
client 2024-02-09 08:22:46,465 [INFO] Got response: '1707466966.462701'
client 2024-02-09 08:22:46,465 [INFO] The time difference between the client and the server is within range 1.559 ms..2.900 ms
client 2024-02-09 08:22:46,465 [INFO] Sending command to the server: 'session,2024-02-09_00-09-36,start,testing'
client 2024-02-09 08:23:08,091 [INFO] Got response: 'OK'
client 2024-02-09 08:23:08,091 [INFO] Sending command to the server: 'time'
client 2024-02-09 08:23:08,092 [INFO] Got response: '1707466988.0896902'
client 2024-02-09 08:23:08,092 [INFO] The time difference between the client and the server is within range 1.566 ms..2.637 ms
client 2024-02-09 08:23:08,092 [INFO] Running the workload 'LOG_DIR=/work/build/power_logs_temp python3.8 -m code.main --benchmarks=bert --scenarios=Offline --test_mode=PerformanceOnly --config_ver=maxq_high_accuracy --action="run_harness" \\\n\t\t2>&1 | tee -a /work/build/power_logs/2024.02.09-08.08.47/stdout.txt \\\n\t\t&& if [ ! -d /work/build/power_logs/2024.02.09-08.08.47/ranging_tmp ]; \\\n\t\t\tthen mkdir /work/build/power_logs/2024.02.09-08.08.47/ranging_tmp \\\n\t\t\t\t&& mv /work/build/power_logs_temp/* /work/build/power_logs/2024.02.09-08.08.47/ranging_tmp/ \\\n\t\t\t\t&& cp -v /work/build/power_logs/2024.02.09-08.08.47/ranging_tmp/*/*/*/mlperf_log_detail.txt /work/build/power_logs_temp/ \\\n\t\t\t\t&& cp -v /work/build/power_logs/2024.02.09-08.08.47/ranging_tmp/*/*/*/mlperf_log_summary.txt /work/build/power_logs_temp/; \\\n\t\t\telse mkdir /work/build/power_logs/2024.02.09-08.08.47/testing_tmp \\\n\t\t\t\t&& mv /work/build/power_logs_temp/* /work/build/power_logs/2024.02.09-08.08.47/testing_tmp/ \\\n\t\t\t\t&& cp -v /work/build/power_logs/2024.02.09-08.08.47/testing_tmp/*/*/*/mlperf_log_detail.txt /work/build/power_logs_temp/ \\\n\t\t\t\t&& cp -v /work/build/power_logs/2024.02.09-08.08.47/testing_tmp/*/*/*/mlperf_log_summary.txt /work/build/power_logs_temp/; fi'
client 2024-02-09 08:35:26,863 [INFO] Sending command to the server: 'time'
client 2024-02-09 08:35:26,865 [INFO] Got response: '1707467726.8627708'
client 2024-02-09 08:35:26,865 [INFO] The time difference between the client and the server is within range 0.960 ms..2.665 ms
client 2024-02-09 08:35:26,865 [INFO] Sending command to the server: 'session,2024-02-09_00-09-36,stop,testing'
client 2024-02-09 08:35:37,168 [INFO] Got response: 'OK'
client 2024-02-09 08:35:37,168 [INFO] Sending command to the server: 'time'
client 2024-02-09 08:35:37,169 [INFO] Got response: '1707467737.1669023'
client 2024-02-09 08:35:37,169 [INFO] The time difference between the client and the server is within range 1.589 ms..2.428 ms
client 2024-02-09 08:35:37,174 [INFO] Copying loadgen logs from '/work/build/power_logs_temp' to '/work/build/power_logs/2024.02.09-08.08.47/2024-02-09_00-09-36/run_1'
client 2024-02-09 08:35:37,188 [INFO] Done runs
