client 2024-02-10 08:46:41,266 [INFO] Sending command to the server: 'mlcommons/power client v3'
client 2024-02-10 08:46:41,267 [INFO] Got response: 'mlcommons/power server v3'
client 2024-02-10 08:46:41,267 [INFO] Sending command to the server: 'stop'
client 2024-02-10 08:46:41,268 [INFO] Got response: 'OK'
client 2024-02-10 08:46:41,268 [INFO] Synchronizing with the server and with ib-01.dc4-in.nvidia.com...
client 2024-02-10 08:46:41,484 [INFO] NTP:offset = 0.001 s, delay = 0.212 s 
client 2024-02-10 08:46:41,484 [INFO] Sending command to the server: 'time'
client 2024-02-10 08:46:41,485 [INFO] Got response: '1707554801.4848645'
client 2024-02-10 08:46:41,485 [INFO] The time difference between the client and the server is within range -0.054 ms..1.051 ms
client 2024-02-10 08:46:41,485 [INFO] Sending command to the server: 'new,,fdf0078f-5173-4883-a2de-31deb3ba2bcc'
client 2024-02-10 08:46:41,487 [INFO] Got response: 'OK 2024-02-10_00-46-41,9e137095-5dd1-4ea3-b8a1-f8c0b3205358'
client 2024-02-10 08:46:41,487 [INFO] Session id is '2024-02-10_00-46-41'
client 2024-02-10 08:46:41,487 [INFO] Sources: {"sources": {"__init__.py": "da39a3ee5e6b4b0d3255bfef95601890afd80709", "client.py": "33ca4f26368777ac06e01f9567b714a4b8063886", "lib/__init__.py": "da39a3ee5e6b4b0d3255bfef95601890afd80709", "lib/client.py": "ac2aa093c8e8bbc9569b9e2a3471bc64e58a2258", "lib/common.py": "611d8b29633d331eb19c9455ea3b5fa3284ed6df", "lib/external/__init__.py": "da39a3ee5e6b4b0d3255bfef95601890afd80709", "lib/external/ntplib.py": "4da8f970656505a40483206ef2b5d3dd5e81711d", "lib/server.py": "99303c836c683aa9017ec565104e636161d02acb", "lib/source_hashes.py": "60a2e02193209e8d392803326208d5466342da18", "lib/summary.py": "aa92f0a3f975eecd44d3c0cd0236342ccc9f941d", "lib/time_sync.py": "80894ef2389e540781ff78de94db16aa4203a14e", "server.py": "c3f90f2f7eeb4db30727556d0c815ebc89b3d28b", "tests/unit/__init__.py": "da39a3ee5e6b4b0d3255bfef95601890afd80709", "tests/unit/test_server.py": "948c1995d4008bc2aa6c4046a34ffa3858d6d671", "tests/unit/test_source_hashes.py": "00468a2907583c593e6574a1f6b404e4651c221a"}, "modules": {"ptd_client_server.lib.client": "lib/client.py", "ptd_client_server.lib.common": "lib/common.py", "ptd_client_server.lib.external.ntplib": "lib/external/ntplib.py", "ptd_client_server.lib.source_hashes": "lib/source_hashes.py", "ptd_client_server.lib.summary": "lib/summary.py", "ptd_client_server.lib.time_sync": "lib/time_sync.py"}}
client 2024-02-10 08:46:41,490 [INFO] Running workload in ranging mode
client 2024-02-10 08:46:41,490 [INFO] Synchronizing with the server and with ib-01.dc4-in.nvidia.com...
client 2024-02-10 08:46:41,704 [INFO] NTP:offset = 0.001 s, delay = 0.212 s 
client 2024-02-10 08:46:41,704 [INFO] Sending command to the server: 'time'
client 2024-02-10 08:46:41,705 [INFO] Got response: '1707554801.704148'
client 2024-02-10 08:46:41,705 [INFO] The time difference between the client and the server is within range -0.064 ms..1.278 ms
client 2024-02-10 08:46:41,705 [INFO] Sending command to the server: 'session,2024-02-10_00-46-41,start,ranging'
client 2024-02-10 08:47:21,616 [INFO] Got response: 'OK'
client 2024-02-10 08:47:21,616 [INFO] Sending command to the server: 'time'
client 2024-02-10 08:47:21,617 [INFO] Got response: '1707554841.6169238'
client 2024-02-10 08:47:21,618 [INFO] The time difference between the client and the server is within range -0.007 ms..1.079 ms
client 2024-02-10 08:47:21,618 [INFO] Running the workload 'LOG_DIR=/work/build/power_logs_temp python3.8 -m code.main --benchmarks=stable-diffusion-xl --scenarios=Server --test_mode=PerformanceOnly --config_ver=maxq --action="run_harness" \\\n\t\t2>&1 | tee -a /work/build/power_logs/2024.02.10-08.45.52/stdout.txt \\\n\t\t&& if [ ! -d /work/build/power_logs/2024.02.10-08.45.52/ranging_tmp ]; \\\n\t\t\tthen mkdir /work/build/power_logs/2024.02.10-08.45.52/ranging_tmp \\\n\t\t\t\t&& mv /work/build/power_logs_temp/* /work/build/power_logs/2024.02.10-08.45.52/ranging_tmp/ \\\n\t\t\t\t&& cp -v /work/build/power_logs/2024.02.10-08.45.52/ranging_tmp/*/*/*/mlperf_log_detail.txt /work/build/power_logs_temp/ \\\n\t\t\t\t&& cp -v /work/build/power_logs/2024.02.10-08.45.52/ranging_tmp/*/*/*/mlperf_log_summary.txt /work/build/power_logs_temp/; \\\n\t\t\telse mkdir /work/build/power_logs/2024.02.10-08.45.52/testing_tmp \\\n\t\t\t\t&& mv /work/build/power_logs_temp/* /work/build/power_logs/2024.02.10-08.45.52/testing_tmp/ \\\n\t\t\t\t&& cp -v /work/build/power_logs/2024.02.10-08.45.52/testing_tmp/*/*/*/mlperf_log_detail.txt /work/build/power_logs_temp/ \\\n\t\t\t\t&& cp -v /work/build/power_logs/2024.02.10-08.45.52/testing_tmp/*/*/*/mlperf_log_summary.txt /work/build/power_logs_temp/; fi'
client 2024-02-10 09:01:04,605 [INFO] Sending command to the server: 'time'
client 2024-02-10 09:01:04,606 [INFO] Got response: '1707555664.6045213'
client 2024-02-10 09:01:04,607 [INFO] The time difference between the client and the server is within range 0.826 ms..2.496 ms
client 2024-02-10 09:01:04,607 [INFO] Sending command to the server: 'session,2024-02-10_00-46-41,stop,ranging'
client 2024-02-10 09:01:15,712 [INFO] Got response: 'OK'
client 2024-02-10 09:01:15,712 [INFO] Sending command to the server: 'time'
client 2024-02-10 09:01:15,713 [INFO] Got response: '1707555675.7115042'
client 2024-02-10 09:01:15,713 [INFO] The time difference between the client and the server is within range 1.420 ms..2.428 ms
client 2024-02-10 09:01:15,721 [INFO] Copying loadgen logs from '/work/build/power_logs_temp' to '/work/build/power_logs/2024.02.10-08.45.52/2024-02-10_00-46-41/ranging'
client 2024-02-10 09:01:15,733 [INFO] Running workload in testing mode
client 2024-02-10 09:01:15,733 [INFO] Synchronizing with the server and with ib-01.dc4-in.nvidia.com...
client 2024-02-10 09:01:15,947 [INFO] NTP:offset = 0.000 s, delay = 0.212 s 
client 2024-02-10 09:01:15,947 [INFO] Sending command to the server: 'time'
client 2024-02-10 09:01:15,948 [INFO] Got response: '1707555675.9458437'
client 2024-02-10 09:01:15,948 [INFO] The time difference between the client and the server is within range 1.284 ms..2.405 ms
client 2024-02-10 09:01:15,948 [INFO] Sending command to the server: 'session,2024-02-10_00-46-41,start,testing'
client 2024-02-10 09:01:37,573 [INFO] Got response: 'OK'
client 2024-02-10 09:01:37,573 [INFO] Sending command to the server: 'time'
client 2024-02-10 09:01:37,574 [INFO] Got response: '1707555697.5721438'
client 2024-02-10 09:01:37,574 [INFO] The time difference between the client and the server is within range 1.271 ms..2.336 ms
client 2024-02-10 09:01:37,574 [INFO] Running the workload 'LOG_DIR=/work/build/power_logs_temp python3.8 -m code.main --benchmarks=stable-diffusion-xl --scenarios=Server --test_mode=PerformanceOnly --config_ver=maxq --action="run_harness" \\\n\t\t2>&1 | tee -a /work/build/power_logs/2024.02.10-08.45.52/stdout.txt \\\n\t\t&& if [ ! -d /work/build/power_logs/2024.02.10-08.45.52/ranging_tmp ]; \\\n\t\t\tthen mkdir /work/build/power_logs/2024.02.10-08.45.52/ranging_tmp \\\n\t\t\t\t&& mv /work/build/power_logs_temp/* /work/build/power_logs/2024.02.10-08.45.52/ranging_tmp/ \\\n\t\t\t\t&& cp -v /work/build/power_logs/2024.02.10-08.45.52/ranging_tmp/*/*/*/mlperf_log_detail.txt /work/build/power_logs_temp/ \\\n\t\t\t\t&& cp -v /work/build/power_logs/2024.02.10-08.45.52/ranging_tmp/*/*/*/mlperf_log_summary.txt /work/build/power_logs_temp/; \\\n\t\t\telse mkdir /work/build/power_logs/2024.02.10-08.45.52/testing_tmp \\\n\t\t\t\t&& mv /work/build/power_logs_temp/* /work/build/power_logs/2024.02.10-08.45.52/testing_tmp/ \\\n\t\t\t\t&& cp -v /work/build/power_logs/2024.02.10-08.45.52/testing_tmp/*/*/*/mlperf_log_detail.txt /work/build/power_logs_temp/ \\\n\t\t\t\t&& cp -v /work/build/power_logs/2024.02.10-08.45.52/testing_tmp/*/*/*/mlperf_log_summary.txt /work/build/power_logs_temp/; fi'
client 2024-02-10 09:15:21,619 [INFO] Sending command to the server: 'time'
client 2024-02-10 09:15:21,621 [INFO] Got response: '1707556521.619051'
client 2024-02-10 09:15:21,621 [INFO] The time difference between the client and the server is within range 0.512 ms..2.226 ms
client 2024-02-10 09:15:21,621 [INFO] Sending command to the server: 'session,2024-02-10_00-46-41,stop,testing'
client 2024-02-10 09:15:32,648 [INFO] Got response: 'OK'
client 2024-02-10 09:15:32,648 [INFO] Sending command to the server: 'time'
client 2024-02-10 09:15:32,648 [INFO] Got response: '1707556532.6470244'
client 2024-02-10 09:15:32,648 [INFO] The time difference between the client and the server is within range 1.123 ms..1.952 ms
client 2024-02-10 09:15:32,653 [INFO] Copying loadgen logs from '/work/build/power_logs_temp' to '/work/build/power_logs/2024.02.10-08.45.52/2024-02-10_00-46-41/run_1'
client 2024-02-10 09:15:32,665 [INFO] Done runs
