client 2024-02-21 02:01:39,587 [INFO] Creating output directory '/home/arjun/results_dir/valid_results/phoenix_Amd_Am5-reference-cpu-deepsparse-vdefault-default_config/mobilebert-14layer_pruned50-none-vnni-bert-99/singlestream/performance/tmp_power'
client 2024-02-21 02:01:39,595 [INFO] Sending command to the server: 'mlcommons/power client v3'
client 2024-02-21 02:01:39,604 [INFO] Got response: 'mlcommons/power server v3'
client 2024-02-21 02:01:39,604 [INFO] Synchronizing with the server and with time.google.com...
client 2024-02-21 02:01:39,628 [INFO] NTP:offset = 0.003 s, delay = 0.022 s 
client 2024-02-21 02:01:39,628 [INFO] Sending command to the server: 'time'
client 2024-02-21 02:01:39,637 [INFO] Got response: '1708480899.584508'
client 2024-02-21 02:01:39,637 [INFO] The time difference between the client and the server is within range 43.807 ms..52.884 ms
client 2024-02-21 02:01:39,637 [INFO] Sending command to the server: 'new,,f1eb637d-bd4d-45fe-bdc1-f0beddef8226'
client 2024-02-21 02:01:39,651 [INFO] Got response: 'OK 2024-02-21_02-01-39,66cfcdc3-083a-4ae0-a379-60aa1470d559'
client 2024-02-21 02:01:39,651 [INFO] Session id is '2024-02-21_02-01-39'
client 2024-02-21 02:01:39,651 [INFO] Sources: {"sources": {"__init__.py": "da39a3ee5e6b4b0d3255bfef95601890afd80709", "client.py": "33ca4f26368777ac06e01f9567b714a4b8063886", "lib/__init__.py": "da39a3ee5e6b4b0d3255bfef95601890afd80709", "lib/client.py": "ac2aa093c8e8bbc9569b9e2a3471bc64e58a2258", "lib/common.py": "611d8b29633d331eb19c9455ea3b5fa3284ed6df", "lib/external/__init__.py": "da39a3ee5e6b4b0d3255bfef95601890afd80709", "lib/external/ntplib.py": "4da8f970656505a40483206ef2b5d3dd5e81711d", "lib/server.py": "99303c836c683aa9017ec565104e636161d02acb", "lib/source_hashes.py": "60a2e02193209e8d392803326208d5466342da18", "lib/summary.py": "aa92f0a3f975eecd44d3c0cd0236342ccc9f941d", "lib/time_sync.py": "80894ef2389e540781ff78de94db16aa4203a14e", "server.py": "c3f90f2f7eeb4db30727556d0c815ebc89b3d28b", "tests/unit/__init__.py": "da39a3ee5e6b4b0d3255bfef95601890afd80709", "tests/unit/test_server.py": "948c1995d4008bc2aa6c4046a34ffa3858d6d671", "tests/unit/test_source_hashes.py": "00468a2907583c593e6574a1f6b404e4651c221a"}, "modules": {"ptd_client_server.lib.client": "lib/client.py", "ptd_client_server.lib.common": "lib/common.py", "ptd_client_server.lib.external.ntplib": "lib/external/ntplib.py", "ptd_client_server.lib.source_hashes": "lib/source_hashes.py", "ptd_client_server.lib.summary": "lib/summary.py", "ptd_client_server.lib.time_sync": "lib/time_sync.py"}}
client 2024-02-21 02:01:39,651 [INFO] Running workload in ranging mode
client 2024-02-21 02:01:39,651 [INFO] Synchronizing with the server and with time.google.com...
client 2024-02-21 02:01:39,674 [INFO] NTP:offset = 0.001 s, delay = 0.022 s 
client 2024-02-21 02:01:39,674 [INFO] Sending command to the server: 'time'
client 2024-02-21 02:01:39,683 [INFO] Got response: '1708480899.6244018'
client 2024-02-21 02:01:39,683 [INFO] The time difference between the client and the server is within range 49.815 ms..58.956 ms
client 2024-02-21 02:01:39,683 [INFO] Sending command to the server: 'session,2024-02-21_02-01-39,start,ranging'
client 2024-02-21 02:02:03,619 [INFO] Got response: 'OK'
client 2024-02-21 02:02:03,619 [INFO] Sending command to the server: 'time'
client 2024-02-21 02:02:03,632 [INFO] Got response: '1708480923.575471'
client 2024-02-21 02:02:03,632 [INFO] The time difference between the client and the server is within range 44.271 ms..57.123 ms
client 2024-02-21 02:02:03,632 [INFO] Running the workload 'CM_MLPERF_RUN_COUNT=$(cat ${CM_RUN_DIR}/count.txt); echo ${CM_MLPERF_RUN_COUNT}; CM_MLPERF_RUN_COUNT=$((CM_MLPERF_RUN_COUNT+1)); echo ${CM_MLPERF_RUN_COUNT} > ${CM_RUN_DIR}/count.txt && if [ ${CM_MLPERF_RUN_COUNT} -eq "1" ]; then export CM_MLPERF_USER_CONF=${CM_MLPERF_RANGING_USER_CONF}; else export CM_MLPERF_USER_CONF=${CM_MLPERF_TESTING_USER_CONF}; fi && /usr/bin/python3 run.py --backend=deepsparse --scenario=SingleStream --mlperf_conf "/home/arjun/CM/repos/local/cache/b5386651b8ab4bd4/inference/mlperf.conf" --user_conf "${CM_MLPERF_USER_CONF}" --quantized --batch_size=1 --model_path=/home/arjun/.cache/sparsezoo/981483f2-fee5-4574-b67e-0f55fd984262/model.onnx 2>&1 | tee /home/arjun/results_dir/valid_results/phoenix_Amd_Am5-reference-cpu-deepsparse-vdefault-default_config/mobilebert-14layer_pruned50-none-vnni-bert-99/singlestream/performance/run_1/console.out'
client 2024-02-21 02:07:32,840 [INFO] Sending command to the server: 'time'
client 2024-02-21 02:07:32,850 [INFO] Got response: '1708481252.7911668'
client 2024-02-21 02:07:32,851 [INFO] The time difference between the client and the server is within range 49.586 ms..59.871 ms
client 2024-02-21 02:07:32,851 [INFO] Sending command to the server: 'session,2024-02-21_02-01-39,stop,ranging'
client 2024-02-21 02:07:43,884 [INFO] Got response: 'OK'
client 2024-02-21 02:07:43,884 [INFO] Sending command to the server: 'time'
client 2024-02-21 02:07:43,895 [INFO] Got response: '1708481263.8384008'
client 2024-02-21 02:07:43,895 [INFO] The time difference between the client and the server is within range 46.522 ms..56.986 ms
client 2024-02-21 02:07:43,897 [INFO] Copying loadgen logs from '/home/arjun/results_dir/valid_results/phoenix_Amd_Am5-reference-cpu-deepsparse-vdefault-default_config/mobilebert-14layer_pruned50-none-vnni-bert-99/singlestream/performance/run_1' to '/home/arjun/results_dir/valid_results/phoenix_Amd_Am5-reference-cpu-deepsparse-vdefault-default_config/mobilebert-14layer_pruned50-none-vnni-bert-99/singlestream/performance/tmp_power/ranging'
client 2024-02-21 02:07:43,897 [INFO] Running workload in testing mode
client 2024-02-21 02:07:43,897 [INFO] Synchronizing with the server and with time.google.com...
client 2024-02-21 02:07:43,944 [INFO] NTP:offset = 0.004 s, delay = 0.046 s 
client 2024-02-21 02:07:43,944 [INFO] Sending command to the server: 'time'
client 2024-02-21 02:07:43,953 [INFO] Got response: '1708481263.89827'
client 2024-02-21 02:07:43,953 [INFO] The time difference between the client and the server is within range 46.250 ms..55.398 ms
client 2024-02-21 02:07:43,953 [INFO] Sending command to the server: 'session,2024-02-21_02-01-39,start,testing'
client 2024-02-21 02:07:57,025 [INFO] Got response: 'OK'
client 2024-02-21 02:07:57,025 [INFO] Sending command to the server: 'time'
client 2024-02-21 02:07:57,041 [INFO] Got response: '1708481276.9885137'
client 2024-02-21 02:07:57,041 [INFO] The time difference between the client and the server is within range 37.165 ms..53.329 ms
client 2024-02-21 02:07:57,041 [INFO] Running the workload 'CM_MLPERF_RUN_COUNT=$(cat ${CM_RUN_DIR}/count.txt); echo ${CM_MLPERF_RUN_COUNT}; CM_MLPERF_RUN_COUNT=$((CM_MLPERF_RUN_COUNT+1)); echo ${CM_MLPERF_RUN_COUNT} > ${CM_RUN_DIR}/count.txt && if [ ${CM_MLPERF_RUN_COUNT} -eq "1" ]; then export CM_MLPERF_USER_CONF=${CM_MLPERF_RANGING_USER_CONF}; else export CM_MLPERF_USER_CONF=${CM_MLPERF_TESTING_USER_CONF}; fi && /usr/bin/python3 run.py --backend=deepsparse --scenario=SingleStream --mlperf_conf "/home/arjun/CM/repos/local/cache/b5386651b8ab4bd4/inference/mlperf.conf" --user_conf "${CM_MLPERF_USER_CONF}" --quantized --batch_size=1 --model_path=/home/arjun/.cache/sparsezoo/981483f2-fee5-4574-b67e-0f55fd984262/model.onnx 2>&1 | tee /home/arjun/results_dir/valid_results/phoenix_Amd_Am5-reference-cpu-deepsparse-vdefault-default_config/mobilebert-14layer_pruned50-none-vnni-bert-99/singlestream/performance/run_1/console.out'
client 2024-02-21 02:18:26,669 [INFO] Sending command to the server: 'time'
client 2024-02-21 02:18:26,681 [INFO] Got response: '1708481906.6197734'
client 2024-02-21 02:18:26,682 [INFO] The time difference between the client and the server is within range 50.071 ms..62.236 ms
client 2024-02-21 02:18:26,682 [INFO] Sending command to the server: 'session,2024-02-21_02-01-39,stop,testing'
client 2024-02-21 02:18:37,090 [INFO] Got response: 'OK'
client 2024-02-21 02:18:37,090 [INFO] Sending command to the server: 'time'
client 2024-02-21 02:18:37,098 [INFO] Got response: '1708481917.0397801'
client 2024-02-21 02:18:37,098 [INFO] The time difference between the client and the server is within range 50.543 ms..59.025 ms
client 2024-02-21 02:18:37,099 [INFO] Copying loadgen logs from '/home/arjun/results_dir/valid_results/phoenix_Amd_Am5-reference-cpu-deepsparse-vdefault-default_config/mobilebert-14layer_pruned50-none-vnni-bert-99/singlestream/performance/run_1' to '/home/arjun/results_dir/valid_results/phoenix_Amd_Am5-reference-cpu-deepsparse-vdefault-default_config/mobilebert-14layer_pruned50-none-vnni-bert-99/singlestream/performance/tmp_power/run_1'
client 2024-02-21 02:18:37,099 [INFO] Done runs
