Graph file: /home/ec2-user/CM/repos/local/cache/34472b2533e44823/efficientnet-lite2/efficientnet-lite2-fp32.tflite
Image dir: /home/ec2-user/CM/repos/local/cache/6cf5eb7fc57647b5
Image list: /home/ec2-user/CM/repos/local/cache/6cf5eb7fc57647b5/preprocessed_files.txt
Image size: 260
Image channels: 3
Prediction classes: 1000
Result dir: /home/ec2-user/CM/repos/local/cache/017d8e20e6854c20/valid_results/ip_172_31_30_110.us_west_2.compute.internal-tflite_cpp-cpu-tflite-vmaster-default_config/efficientnet-fp32-lite2/singlestream/performance/run_1
How many images fit in memory buffer: 1024
Normalize: 1
Subtract mean: 0
Run time preprocessing: 0
Number of Threads: 4
Number of available imagefiles: 50000

Loading graph...
INFO: Created TensorFlow Lite XNNPACK delegate for CPU.
Input tensor dimensions (NHWC): 1*260*260*3
Output tensor dimensions: 1*1000
Path to mlperf.conf : /home/ec2-user/CM/repos/local/cache/41e6ffe78d1840ee/inference/mlperf.conf
Path to user.conf : /home/ec2-user/CM/repos/ctuning@mlcommons-ck/cm-mlops/script/generate-mlperf-inference-user-conf/tmp/e2e089d97280480e8db2b99bf40cf261.conf
Model Name: efficientnet
LoadGen Scenario: SingleStream
LoadGen Mode: performance
