client 2024-01-26 09:28:13,282 [INFO] Creating output directory '/home/krai/work_collection/experiments_submission/generated_by_power_measurement_on_run_9ec7e3f6ab7c413b93dcf509b770e5fe/power_logs'
client 2024-01-26 09:28:13,283 [INFO] Sending command to the server: 'mlcommons/power client v3'
client 2024-01-26 09:28:13,284 [INFO] Got response: 'mlcommons/power server v3'
client 2024-01-26 09:28:13,284 [INFO] Synchronizing with the server and with time.google.com...
client 2024-01-26 09:28:13,364 [INFO] NTP:offset = 0.002 s, delay = 0.077 s 
client 2024-01-26 09:28:13,364 [INFO] Sending command to the server: 'time'
client 2024-01-26 09:28:13,365 [INFO] Got response: '1706282893.3676422'
client 2024-01-26 09:28:13,365 [INFO] The time difference between the client and the server is within range -3.253 ms..-2.311 ms
client 2024-01-26 09:28:13,365 [INFO] Sending command to the server: 'new,,4ab54f05-ad74-4f28-bc45-ada0cea24fef'
client 2024-01-26 09:28:13,366 [INFO] Got response: 'OK 2024-01-26_09-28-13,b1285b48-9eea-4f74-b741-3af307d5ea4b'
client 2024-01-26 09:28:13,366 [INFO] Session id is '2024-01-26_09-28-13'
client 2024-01-26 09:28:13,366 [INFO] Sources: {"sources": {"__init__.py": "da39a3ee5e6b4b0d3255bfef95601890afd80709", "client.py": "33ca4f26368777ac06e01f9567b714a4b8063886", "lib/__init__.py": "da39a3ee5e6b4b0d3255bfef95601890afd80709", "lib/client.py": "ac2aa093c8e8bbc9569b9e2a3471bc64e58a2258", "lib/common.py": "611d8b29633d331eb19c9455ea3b5fa3284ed6df", "lib/external/__init__.py": "da39a3ee5e6b4b0d3255bfef95601890afd80709", "lib/external/ntplib.py": "4da8f970656505a40483206ef2b5d3dd5e81711d", "lib/server.py": "99303c836c683aa9017ec565104e636161d02acb", "lib/source_hashes.py": "60a2e02193209e8d392803326208d5466342da18", "lib/summary.py": "aa92f0a3f975eecd44d3c0cd0236342ccc9f941d", "lib/time_sync.py": "80894ef2389e540781ff78de94db16aa4203a14e", "server.py": "c3f90f2f7eeb4db30727556d0c815ebc89b3d28b", "tests/unit/__init__.py": "da39a3ee5e6b4b0d3255bfef95601890afd80709", "tests/unit/test_server.py": "948c1995d4008bc2aa6c4046a34ffa3858d6d671", "tests/unit/test_source_hashes.py": "00468a2907583c593e6574a1f6b404e4651c221a"}, "modules": {"ptd_client_server.lib.client": "lib/client.py", "ptd_client_server.lib.common": "lib/common.py", "ptd_client_server.lib.external.ntplib": "lib/external/ntplib.py", "ptd_client_server.lib.source_hashes": "lib/source_hashes.py", "ptd_client_server.lib.summary": "lib/summary.py", "ptd_client_server.lib.time_sync": "lib/time_sync.py"}}
client 2024-01-26 09:28:13,366 [INFO] Running workload in ranging mode
client 2024-01-26 09:28:13,366 [INFO] Synchronizing with the server and with time.google.com...
client 2024-01-26 09:28:13,458 [INFO] NTP:offset = 0.002 s, delay = 0.091 s 
client 2024-01-26 09:28:13,458 [INFO] Sending command to the server: 'time'
client 2024-01-26 09:28:13,459 [INFO] Got response: '1706282893.4622018'
client 2024-01-26 09:28:13,460 [INFO] The time difference between the client and the server is within range -3.529 ms..-2.176 ms
client 2024-01-26 09:28:13,460 [INFO] Sending command to the server: 'session,2024-01-26_09-28-13,start,ranging'
client 2024-01-26 09:28:42,585 [INFO] Got response: 'OK'
client 2024-01-26 09:28:42,586 [INFO] Sending command to the server: 'time'
client 2024-01-26 09:28:42,587 [INFO] Got response: '1706282922.5895808'
client 2024-01-26 09:28:42,587 [INFO] The time difference between the client and the server is within range -3.441 ms..-2.163 ms
client 2024-01-26 09:28:42,587 [INFO] Running the workload 'axs byquery loadgen_output,task=image_classification,sut_name=r282_q8_pro_edge,model_name=resnet50,framework=kilt,device=qaic,collection_name=experiments_submission,loadgen_mode=PerformanceOnly,loadgen_compliance_test-,loadgen_scenario=Offline,_with_power+,symlink_to=/home/krai/work_collection/experiments_submission/generated_by_power_measurement_on_run_9ec7e3f6ab7c413b93dcf509b770e5fe/last_mlperf_logs,power_client_entrydic_path=/home/krai/work_collection/experiments_submission/generated_by_power_measurement_on_run_9ec7e3f6ab7c413b93dcf509b770e5fe/program_output.json,effective_no_ranging-'
client 2024-01-26 09:41:12,668 [INFO] Sending command to the server: 'time'
client 2024-01-26 09:41:12,669 [INFO] Got response: '1706283672.6706705'
client 2024-01-26 09:41:12,669 [INFO] The time difference between the client and the server is within range -2.602 ms..-0.969 ms
client 2024-01-26 09:41:12,669 [INFO] Sending command to the server: 'session,2024-01-26_09-28-13,stop,ranging'
client 2024-01-26 09:41:23,609 [INFO] Got response: 'OK'
client 2024-01-26 09:41:23,609 [INFO] Sending command to the server: 'time'
client 2024-01-26 09:41:23,609 [INFO] Got response: '1706283683.611167'
client 2024-01-26 09:41:23,610 [INFO] The time difference between the client and the server is within range -1.675 ms..-1.093 ms
client 2024-01-26 09:41:23,613 [INFO] Copying loadgen logs from '/home/krai/work_collection/experiments_submission/generated_by_power_measurement_on_run_9ec7e3f6ab7c413b93dcf509b770e5fe/last_mlperf_logs' to '/home/krai/work_collection/experiments_submission/generated_by_power_measurement_on_run_9ec7e3f6ab7c413b93dcf509b770e5fe/power_logs/ranging'
client 2024-01-26 09:41:23,613 [INFO] Running workload in testing mode
client 2024-01-26 09:41:23,613 [INFO] Synchronizing with the server and with time.google.com...
client 2024-01-26 09:41:23,766 [INFO] NTP:offset = -0.002 s, delay = 0.093 s 
client 2024-01-26 09:41:23,766 [INFO] Sending command to the server: 'time'
client 2024-01-26 09:41:23,767 [INFO] Got response: '1706283683.7690356'
client 2024-01-26 09:41:23,768 [INFO] The time difference between the client and the server is within range -2.339 ms..-0.985 ms
client 2024-01-26 09:41:23,768 [INFO] Sending command to the server: 'session,2024-01-26_09-28-13,start,testing'
client 2024-01-26 09:41:36,785 [INFO] Got response: 'OK'
client 2024-01-26 09:41:36,786 [INFO] Sending command to the server: 'time'
client 2024-01-26 09:41:36,787 [INFO] Got response: '1706283696.78828'
client 2024-01-26 09:41:36,787 [INFO] The time difference between the client and the server is within range -2.207 ms..-0.977 ms
client 2024-01-26 09:41:36,787 [INFO] Running the workload 'axs byquery loadgen_output,task=image_classification,sut_name=r282_q8_pro_edge,model_name=resnet50,framework=kilt,device=qaic,collection_name=experiments_submission,loadgen_mode=PerformanceOnly,loadgen_compliance_test-,loadgen_scenario=Offline,_with_power+,symlink_to=/home/krai/work_collection/experiments_submission/generated_by_power_measurement_on_run_9ec7e3f6ab7c413b93dcf509b770e5fe/last_mlperf_logs,power_client_entrydic_path=/home/krai/work_collection/experiments_submission/generated_by_power_measurement_on_run_9ec7e3f6ab7c413b93dcf509b770e5fe/program_output.json,effective_no_ranging-'
client 2024-01-26 09:54:03,544 [INFO] Sending command to the server: 'time'
client 2024-01-26 09:54:03,546 [INFO] Got response: '1706284443.5458086'
client 2024-01-26 09:54:03,546 [INFO] The time difference between the client and the server is within range -1.312 ms..0.337 ms
client 2024-01-26 09:54:03,546 [INFO] Sending command to the server: 'session,2024-01-26_09-28-13,stop,testing'
client 2024-01-26 09:54:13,798 [INFO] Got response: 'OK'
client 2024-01-26 09:54:13,799 [INFO] Sending command to the server: 'time'
client 2024-01-26 09:54:13,799 [INFO] Got response: '1706284453.7994866'
client 2024-01-26 09:54:13,799 [INFO] The time difference between the client and the server is within range -0.386 ms..0.212 ms
client 2024-01-26 09:54:13,800 [INFO] Copying loadgen logs from '/home/krai/work_collection/experiments_submission/generated_by_power_measurement_on_run_9ec7e3f6ab7c413b93dcf509b770e5fe/last_mlperf_logs' to '/home/krai/work_collection/experiments_submission/generated_by_power_measurement_on_run_9ec7e3f6ab7c413b93dcf509b770e5fe/power_logs/run_1'
client 2024-01-26 09:54:13,800 [INFO] Done runs
