client 2024-01-29 00:27:38,575 [INFO] Creating output directory '/home/arjun/results_dir/valid_results/orin-tflite_cpp-cpu-tflite-vmaster-default_config/mobilenet-v1-precision_uint8-0.75-192/singlestream/performance/tmp_power'
client 2024-01-29 00:27:38,757 [INFO] Sending command to the server: 'mlcommons/power client v3'
client 2024-01-29 00:27:38,759 [INFO] Got response: 'mlcommons/power server v3'
client 2024-01-29 00:27:38,759 [INFO] Synchronizing with the server and with time.google.com...
client 2024-01-29 00:27:38,789 [INFO] NTP:offset = -0.004 s, delay = 0.022 s 
client 2024-01-29 00:27:38,789 [INFO] Sending command to the server: 'time'
client 2024-01-29 00:27:38,793 [INFO] Got response: '1706488058.7902882'
client 2024-01-29 00:27:38,794 [INFO] The time difference between the client and the server is within range -0.437 ms..3.826 ms
client 2024-01-29 00:27:38,794 [INFO] Sending command to the server: 'new,,54507f55-1919-4d2d-b651-708cb646bfe5'
client 2024-01-29 00:27:38,798 [INFO] Got response: 'OK 2024-01-29_00-27-38,29840792-b6f1-47a2-8b8e-0476e9fd1685'
client 2024-01-29 00:27:38,798 [INFO] Session id is '2024-01-29_00-27-38'
client 2024-01-29 00:27:38,798 [INFO] Sources: {"sources": {"__init__.py": "da39a3ee5e6b4b0d3255bfef95601890afd80709", "client.py": "33ca4f26368777ac06e01f9567b714a4b8063886", "lib/__init__.py": "da39a3ee5e6b4b0d3255bfef95601890afd80709", "lib/client.py": "ac2aa093c8e8bbc9569b9e2a3471bc64e58a2258", "lib/common.py": "611d8b29633d331eb19c9455ea3b5fa3284ed6df", "lib/external/__init__.py": "da39a3ee5e6b4b0d3255bfef95601890afd80709", "lib/external/ntplib.py": "4da8f970656505a40483206ef2b5d3dd5e81711d", "lib/server.py": "99303c836c683aa9017ec565104e636161d02acb", "lib/source_hashes.py": "60a2e02193209e8d392803326208d5466342da18", "lib/summary.py": "aa92f0a3f975eecd44d3c0cd0236342ccc9f941d", "lib/time_sync.py": "80894ef2389e540781ff78de94db16aa4203a14e", "server.py": "c3f90f2f7eeb4db30727556d0c815ebc89b3d28b", "tests/unit/__init__.py": "da39a3ee5e6b4b0d3255bfef95601890afd80709", "tests/unit/test_server.py": "948c1995d4008bc2aa6c4046a34ffa3858d6d671", "tests/unit/test_source_hashes.py": "00468a2907583c593e6574a1f6b404e4651c221a"}, "modules": {"ptd_client_server.lib.client": "lib/client.py", "ptd_client_server.lib.common": "lib/common.py", "ptd_client_server.lib.external.ntplib": "lib/external/ntplib.py", "ptd_client_server.lib.source_hashes": "lib/source_hashes.py", "ptd_client_server.lib.summary": "lib/summary.py", "ptd_client_server.lib.time_sync": "lib/time_sync.py"}}
client 2024-01-29 00:27:38,799 [INFO] Running workload in ranging mode
client 2024-01-29 00:27:38,799 [INFO] Synchronizing with the server and with time.google.com...
client 2024-01-29 00:27:38,821 [INFO] NTP:offset = -0.004 s, delay = 0.021 s 
client 2024-01-29 00:27:38,821 [INFO] Sending command to the server: 'time'
client 2024-01-29 00:27:38,824 [INFO] Got response: '1706488058.8213413'
client 2024-01-29 00:27:38,824 [INFO] The time difference between the client and the server is within range 0.390 ms..3.546 ms
client 2024-01-29 00:27:38,825 [INFO] Sending command to the server: 'session,2024-01-29_00-27-38,start,ranging'
client 2024-01-29 00:28:06,897 [INFO] Got response: 'OK'
client 2024-01-29 00:28:06,899 [INFO] Sending command to the server: 'time'
client 2024-01-29 00:28:06,903 [INFO] Got response: '1706488086.8997784'
client 2024-01-29 00:28:06,903 [INFO] The time difference between the client and the server is within range -0.169 ms..3.970 ms
client 2024-01-29 00:28:06,904 [INFO] Running the workload 'CM_MLPERF_RUN_COUNT=$(cat ${CM_RUN_DIR}/count.txt); echo ${CM_MLPERF_RUN_COUNT}; CM_MLPERF_RUN_COUNT=$((CM_MLPERF_RUN_COUNT+1)); echo ${CM_MLPERF_RUN_COUNT} > ${CM_RUN_DIR}/count.txt && if [ ${CM_MLPERF_RUN_COUNT} -eq "1" ]; then export CM_MLPERF_USER_CONF=${CM_MLPERF_RANGING_USER_CONF}; else export CM_MLPERF_USER_CONF=${CM_MLPERF_TESTING_USER_CONF}; fi && /mnt/CM/repos/ctuning@mlcommons-ck/cm-mlops/script/benchmark-any-mlperf-inference-implementation/run.out'
client 2024-01-29 00:33:09,351 [INFO] Sending command to the server: 'time'
client 2024-01-29 00:33:09,436 [INFO] Got response: '1706488389.4311602'
client 2024-01-29 00:33:09,437 [INFO] The time difference between the client and the server is within range -80.118 ms..6.219 ms
client 2024-01-29 00:33:09,437 [INFO] Sending command to the server: 'session,2024-01-29_00-27-38,stop,ranging'
client 2024-01-29 00:33:19,955 [INFO] Got response: 'OK'
client 2024-01-29 00:33:19,955 [INFO] Sending command to the server: 'time'
client 2024-01-29 00:33:19,958 [INFO] Got response: '1706488399.9549866'
client 2024-01-29 00:33:19,958 [INFO] The time difference between the client and the server is within range 0.651 ms..3.705 ms
client 2024-01-29 00:33:19,975 [INFO] Copying loadgen logs from '/home/arjun/results_dir/valid_results/orin-tflite_cpp-cpu-tflite-vmaster-default_config/mobilenet-v1-precision_uint8-0.75-192/singlestream/performance/run_1' to '/home/arjun/results_dir/valid_results/orin-tflite_cpp-cpu-tflite-vmaster-default_config/mobilenet-v1-precision_uint8-0.75-192/singlestream/performance/tmp_power/ranging'
client 2024-01-29 00:33:19,978 [INFO] Running workload in testing mode
client 2024-01-29 00:33:19,978 [INFO] Synchronizing with the server and with time.google.com...
client 2024-01-29 00:33:20,004 [INFO] NTP:offset = -0.005 s, delay = 0.021 s 
client 2024-01-29 00:33:20,005 [INFO] Sending command to the server: 'time'
client 2024-01-29 00:33:20,007 [INFO] Got response: '1706488400.003967'
client 2024-01-29 00:33:20,008 [INFO] The time difference between the client and the server is within range 1.195 ms..4.174 ms
client 2024-01-29 00:33:20,008 [INFO] Sending command to the server: 'session,2024-01-29_00-27-38,start,testing'
client 2024-01-29 00:33:33,023 [INFO] Got response: 'OK'
client 2024-01-29 00:33:33,023 [INFO] Sending command to the server: 'time'
client 2024-01-29 00:33:33,026 [INFO] Got response: '1706488413.0226083'
client 2024-01-29 00:33:33,027 [INFO] The time difference between the client and the server is within range 1.005 ms..4.531 ms
client 2024-01-29 00:33:33,027 [INFO] Running the workload 'CM_MLPERF_RUN_COUNT=$(cat ${CM_RUN_DIR}/count.txt); echo ${CM_MLPERF_RUN_COUNT}; CM_MLPERF_RUN_COUNT=$((CM_MLPERF_RUN_COUNT+1)); echo ${CM_MLPERF_RUN_COUNT} > ${CM_RUN_DIR}/count.txt && if [ ${CM_MLPERF_RUN_COUNT} -eq "1" ]; then export CM_MLPERF_USER_CONF=${CM_MLPERF_RANGING_USER_CONF}; else export CM_MLPERF_USER_CONF=${CM_MLPERF_TESTING_USER_CONF}; fi && /mnt/CM/repos/ctuning@mlcommons-ck/cm-mlops/script/benchmark-any-mlperf-inference-implementation/run.out'
client 2024-01-29 00:43:37,218 [INFO] Sending command to the server: 'time'
client 2024-01-29 00:43:37,336 [INFO] Got response: '1706489017.330926'
client 2024-01-29 00:43:37,337 [INFO] The time difference between the client and the server is within range -113.056 ms..6.495 ms
client 2024-01-29 00:43:37,337 [INFO] Sending command to the server: 'session,2024-01-29_00-27-38,stop,testing'
client 2024-01-29 00:43:48,077 [INFO] Got response: 'OK'
client 2024-01-29 00:43:48,078 [INFO] Sending command to the server: 'time'
client 2024-01-29 00:43:48,081 [INFO] Got response: '1706489028.0765622'
client 2024-01-29 00:43:48,081 [INFO] The time difference between the client and the server is within range 1.631 ms..5.081 ms
client 2024-01-29 00:43:48,086 [INFO] Copying loadgen logs from '/home/arjun/results_dir/valid_results/orin-tflite_cpp-cpu-tflite-vmaster-default_config/mobilenet-v1-precision_uint8-0.75-192/singlestream/performance/run_1' to '/home/arjun/results_dir/valid_results/orin-tflite_cpp-cpu-tflite-vmaster-default_config/mobilenet-v1-precision_uint8-0.75-192/singlestream/performance/tmp_power/run_1'
client 2024-01-29 00:43:48,088 [INFO] Done runs
