client 2024-02-09 06:16:17,932 [INFO] Sending command to the server: 'mlcommons/power client v3'
client 2024-02-09 06:16:17,933 [INFO] Got response: 'mlcommons/power server v3'
client 2024-02-09 06:16:17,933 [INFO] Sending command to the server: 'stop'
client 2024-02-09 06:16:17,934 [INFO] Got response: 'OK'
client 2024-02-09 06:16:17,934 [INFO] Synchronizing with the server and with ib-01.dc4-in.nvidia.com...
client 2024-02-09 06:16:18,152 [INFO] NTP:offset = -0.001 s, delay = 0.214 s 
client 2024-02-09 06:16:18,152 [INFO] Sending command to the server: 'time'
client 2024-02-09 06:16:18,153 [INFO] Got response: '1707459378.15384'
client 2024-02-09 06:16:18,153 [INFO] The time difference between the client and the server is within range -1.172 ms..0.019 ms
client 2024-02-09 06:16:18,153 [INFO] Sending command to the server: 'new,,c43f8dee-c826-4f87-a1c8-15fb48887be7'
client 2024-02-09 06:16:18,155 [INFO] Got response: 'OK 2024-02-08_22-16-18,703a333b-35f9-42f6-b105-f6ec043f75ba'
client 2024-02-09 06:16:18,155 [INFO] Session id is '2024-02-08_22-16-18'
client 2024-02-09 06:16:18,155 [INFO] Sources: {"sources": {"__init__.py": "da39a3ee5e6b4b0d3255bfef95601890afd80709", "client.py": "33ca4f26368777ac06e01f9567b714a4b8063886", "lib/__init__.py": "da39a3ee5e6b4b0d3255bfef95601890afd80709", "lib/client.py": "ac2aa093c8e8bbc9569b9e2a3471bc64e58a2258", "lib/common.py": "611d8b29633d331eb19c9455ea3b5fa3284ed6df", "lib/external/__init__.py": "da39a3ee5e6b4b0d3255bfef95601890afd80709", "lib/external/ntplib.py": "4da8f970656505a40483206ef2b5d3dd5e81711d", "lib/server.py": "99303c836c683aa9017ec565104e636161d02acb", "lib/source_hashes.py": "60a2e02193209e8d392803326208d5466342da18", "lib/summary.py": "aa92f0a3f975eecd44d3c0cd0236342ccc9f941d", "lib/time_sync.py": "80894ef2389e540781ff78de94db16aa4203a14e", "server.py": "c3f90f2f7eeb4db30727556d0c815ebc89b3d28b", "tests/unit/__init__.py": "da39a3ee5e6b4b0d3255bfef95601890afd80709", "tests/unit/test_server.py": "948c1995d4008bc2aa6c4046a34ffa3858d6d671", "tests/unit/test_source_hashes.py": "00468a2907583c593e6574a1f6b404e4651c221a"}, "modules": {"ptd_client_server.lib.client": "lib/client.py", "ptd_client_server.lib.common": "lib/common.py", "ptd_client_server.lib.external.ntplib": "lib/external/ntplib.py", "ptd_client_server.lib.source_hashes": "lib/source_hashes.py", "ptd_client_server.lib.summary": "lib/summary.py", "ptd_client_server.lib.time_sync": "lib/time_sync.py"}}
client 2024-02-09 06:16:18,158 [INFO] Running workload in ranging mode
client 2024-02-09 06:16:18,158 [INFO] Synchronizing with the server and with ib-01.dc4-in.nvidia.com...
client 2024-02-09 06:16:18,373 [INFO] NTP:offset = -0.001 s, delay = 0.214 s 
client 2024-02-09 06:16:18,374 [INFO] Sending command to the server: 'time'
client 2024-02-09 06:16:18,375 [INFO] Got response: '1707459378.375175'
client 2024-02-09 06:16:18,375 [INFO] The time difference between the client and the server is within range -1.174 ms..0.005 ms
client 2024-02-09 06:16:18,375 [INFO] Sending command to the server: 'session,2024-02-08_22-16-18,start,ranging'
client 2024-02-09 06:16:58,287 [INFO] Got response: 'OK'
client 2024-02-09 06:16:58,287 [INFO] Sending command to the server: 'time'
client 2024-02-09 06:16:58,288 [INFO] Got response: '1707459418.2884595'
client 2024-02-09 06:16:58,288 [INFO] The time difference between the client and the server is within range -1.016 ms..-0.173 ms
client 2024-02-09 06:16:58,288 [INFO] Running the workload 'LOG_DIR=/work/build/power_logs_temp python3.8 -m code.main --benchmarks=bert --scenarios=Server --test_mode=PerformanceOnly --config_ver=maxq_high_accuracy --action="run_harness" \\\n\t\t2>&1 | tee -a /work/build/power_logs/2024.02.09-06.15.28/stdout.txt \\\n\t\t&& if [ ! -d /work/build/power_logs/2024.02.09-06.15.28/ranging_tmp ]; \\\n\t\t\tthen mkdir /work/build/power_logs/2024.02.09-06.15.28/ranging_tmp \\\n\t\t\t\t&& mv /work/build/power_logs_temp/* /work/build/power_logs/2024.02.09-06.15.28/ranging_tmp/ \\\n\t\t\t\t&& cp -v /work/build/power_logs/2024.02.09-06.15.28/ranging_tmp/*/*/*/mlperf_log_detail.txt /work/build/power_logs_temp/ \\\n\t\t\t\t&& cp -v /work/build/power_logs/2024.02.09-06.15.28/ranging_tmp/*/*/*/mlperf_log_summary.txt /work/build/power_logs_temp/; \\\n\t\t\telse mkdir /work/build/power_logs/2024.02.09-06.15.28/testing_tmp \\\n\t\t\t\t&& mv /work/build/power_logs_temp/* /work/build/power_logs/2024.02.09-06.15.28/testing_tmp/ \\\n\t\t\t\t&& cp -v /work/build/power_logs/2024.02.09-06.15.28/testing_tmp/*/*/*/mlperf_log_detail.txt /work/build/power_logs_temp/ \\\n\t\t\t\t&& cp -v /work/build/power_logs/2024.02.09-06.15.28/testing_tmp/*/*/*/mlperf_log_summary.txt /work/build/power_logs_temp/; fi'
client 2024-02-09 06:28:11,602 [INFO] Sending command to the server: 'time'
client 2024-02-09 06:28:11,603 [INFO] Got response: '1707460091.6040986'
client 2024-02-09 06:28:11,603 [INFO] The time difference between the client and the server is within range -1.950 ms..-0.307 ms
client 2024-02-09 06:28:11,603 [INFO] Sending command to the server: 'session,2024-02-08_22-16-18,stop,ranging'
client 2024-02-09 06:28:22,385 [INFO] Got response: 'OK'
client 2024-02-09 06:28:22,385 [INFO] Sending command to the server: 'time'
client 2024-02-09 06:28:22,385 [INFO] Got response: '1707460102.3865047'
client 2024-02-09 06:28:22,385 [INFO] The time difference between the client and the server is within range -1.387 ms..-0.587 ms
client 2024-02-09 06:28:22,394 [INFO] Copying loadgen logs from '/work/build/power_logs_temp' to '/work/build/power_logs/2024.02.09-06.15.28/2024-02-08_22-16-18/ranging'
client 2024-02-09 06:28:22,408 [INFO] Running workload in testing mode
client 2024-02-09 06:28:22,408 [INFO] Synchronizing with the server and with ib-01.dc4-in.nvidia.com...
client 2024-02-09 06:28:22,625 [INFO] NTP:offset = -0.001 s, delay = 0.214 s 
client 2024-02-09 06:28:22,625 [INFO] Sending command to the server: 'time'
client 2024-02-09 06:28:22,626 [INFO] Got response: '1707460102.626888'
client 2024-02-09 06:28:22,626 [INFO] The time difference between the client and the server is within range -1.570 ms..-0.352 ms
client 2024-02-09 06:28:22,626 [INFO] Sending command to the server: 'session,2024-02-08_22-16-18,start,testing'
client 2024-02-09 06:28:44,251 [INFO] Got response: 'OK'
client 2024-02-09 06:28:44,251 [INFO] Sending command to the server: 'time'
client 2024-02-09 06:28:44,253 [INFO] Got response: '1707460124.253564'
client 2024-02-09 06:28:44,253 [INFO] The time difference between the client and the server is within range -1.593 ms..-0.515 ms
client 2024-02-09 06:28:44,253 [INFO] Running the workload 'LOG_DIR=/work/build/power_logs_temp python3.8 -m code.main --benchmarks=bert --scenarios=Server --test_mode=PerformanceOnly --config_ver=maxq_high_accuracy --action="run_harness" \\\n\t\t2>&1 | tee -a /work/build/power_logs/2024.02.09-06.15.28/stdout.txt \\\n\t\t&& if [ ! -d /work/build/power_logs/2024.02.09-06.15.28/ranging_tmp ]; \\\n\t\t\tthen mkdir /work/build/power_logs/2024.02.09-06.15.28/ranging_tmp \\\n\t\t\t\t&& mv /work/build/power_logs_temp/* /work/build/power_logs/2024.02.09-06.15.28/ranging_tmp/ \\\n\t\t\t\t&& cp -v /work/build/power_logs/2024.02.09-06.15.28/ranging_tmp/*/*/*/mlperf_log_detail.txt /work/build/power_logs_temp/ \\\n\t\t\t\t&& cp -v /work/build/power_logs/2024.02.09-06.15.28/ranging_tmp/*/*/*/mlperf_log_summary.txt /work/build/power_logs_temp/; \\\n\t\t\telse mkdir /work/build/power_logs/2024.02.09-06.15.28/testing_tmp \\\n\t\t\t\t&& mv /work/build/power_logs_temp/* /work/build/power_logs/2024.02.09-06.15.28/testing_tmp/ \\\n\t\t\t\t&& cp -v /work/build/power_logs/2024.02.09-06.15.28/testing_tmp/*/*/*/mlperf_log_detail.txt /work/build/power_logs_temp/ \\\n\t\t\t\t&& cp -v /work/build/power_logs/2024.02.09-06.15.28/testing_tmp/*/*/*/mlperf_log_summary.txt /work/build/power_logs_temp/; fi'
client 2024-02-09 06:39:57,252 [INFO] Sending command to the server: 'time'
client 2024-02-09 06:39:57,254 [INFO] Got response: '1707460797.254649'
client 2024-02-09 06:39:57,254 [INFO] The time difference between the client and the server is within range -2.255 ms..-0.559 ms
client 2024-02-09 06:39:57,254 [INFO] Sending command to the server: 'session,2024-02-08_22-16-18,stop,testing'
client 2024-02-09 06:40:08,319 [INFO] Got response: 'OK'
client 2024-02-09 06:40:08,319 [INFO] Sending command to the server: 'time'
client 2024-02-09 06:40:08,320 [INFO] Got response: '1707460808.3215098'
client 2024-02-09 06:40:08,320 [INFO] The time difference between the client and the server is within range -1.642 ms..-0.848 ms
client 2024-02-09 06:40:08,353 [INFO] Copying loadgen logs from '/work/build/power_logs_temp' to '/work/build/power_logs/2024.02.09-06.15.28/2024-02-08_22-16-18/run_1'
client 2024-02-09 06:40:08,367 [INFO] Done runs
