Graph file: /home/ubuntu/CM/repos/local/cache/7f4d7c45c1ce4646/v2_224_100/model.tflite
Image dir: /home/ubuntu/CM/repos/local/cache/4f0f4db4a92f4ed9
Image list: /home/ubuntu/CM/repos/local/cache/4f0f4db4a92f4ed9/preprocessed_files.txt
Image size: 224
Image channels: 3
Prediction classes: 1000
Result dir: /home/ubuntu/CM/repos/local/cache/6f95210fc6c14185/valid_results/ip_172_31_9_222-tflite_cpp-cpu-tflite-vmaster-default_config/mobilenet-v2-precision_uint8-1.0-224/singlestream/performance/run_1
How many images fit in memory buffer: 1024
Normalize: 1
Subtract mean: 0
Run time preprocessing: 1
Number of Threads: 16
Number of available imagefiles: 50000

Loading graph...
INFO: Created TensorFlow Lite XNNPACK delegate for CPU.
Input tensor dimensions (NHWC): 1*224*224*3
Output tensor dimensions: 1*1001
Path to mlperf.conf : /home/ubuntu/CM/repos/local/cache/dc2b293bbc704ecb/inference/mlperf.conf
Path to user.conf : /home/ubuntu/CM/repos/ctuning@mlcommons-ck/cm-mlops/script/generate-mlperf-inference-user-conf/tmp/59c7685a5e4d441e81dc99d3b59b2051.conf
Model Name: mobilenet
LoadGen Scenario: SingleStream
LoadGen Mode: performance
