client 2024-02-09 07:15:06,284 [INFO] Sending command to the server: 'mlcommons/power client v3'
client 2024-02-09 07:15:06,286 [INFO] Got response: 'mlcommons/power server v3'
client 2024-02-09 07:15:06,286 [INFO] Sending command to the server: 'stop'
client 2024-02-09 07:15:06,287 [INFO] Got response: 'OK'
client 2024-02-09 07:15:06,287 [INFO] Synchronizing with the server and with ib-01.dc4-in.nvidia.com...
client 2024-02-09 07:15:06,504 [INFO] NTP:offset = 0.000 s, delay = 0.214 s 
client 2024-02-09 07:15:06,504 [INFO] Sending command to the server: 'time'
client 2024-02-09 07:15:06,505 [INFO] Got response: '1707462906.5055583'
client 2024-02-09 07:15:06,505 [INFO] The time difference between the client and the server is within range -1.207 ms..-0.025 ms
client 2024-02-09 07:15:06,505 [INFO] Sending command to the server: 'new,,d3330fd0-d3bd-4ff3-b695-80d359ee3132'
client 2024-02-09 07:15:06,507 [INFO] Got response: 'OK 2024-02-08_23-15-06,78097ccf-0414-469c-91c3-3e35f2338b17'
client 2024-02-09 07:15:06,507 [INFO] Session id is '2024-02-08_23-15-06'
client 2024-02-09 07:15:06,507 [INFO] Sources: {"sources": {"__init__.py": "da39a3ee5e6b4b0d3255bfef95601890afd80709", "client.py": "33ca4f26368777ac06e01f9567b714a4b8063886", "lib/__init__.py": "da39a3ee5e6b4b0d3255bfef95601890afd80709", "lib/client.py": "ac2aa093c8e8bbc9569b9e2a3471bc64e58a2258", "lib/common.py": "611d8b29633d331eb19c9455ea3b5fa3284ed6df", "lib/external/__init__.py": "da39a3ee5e6b4b0d3255bfef95601890afd80709", "lib/external/ntplib.py": "4da8f970656505a40483206ef2b5d3dd5e81711d", "lib/server.py": "99303c836c683aa9017ec565104e636161d02acb", "lib/source_hashes.py": "60a2e02193209e8d392803326208d5466342da18", "lib/summary.py": "aa92f0a3f975eecd44d3c0cd0236342ccc9f941d", "lib/time_sync.py": "80894ef2389e540781ff78de94db16aa4203a14e", "server.py": "c3f90f2f7eeb4db30727556d0c815ebc89b3d28b", "tests/unit/__init__.py": "da39a3ee5e6b4b0d3255bfef95601890afd80709", "tests/unit/test_server.py": "948c1995d4008bc2aa6c4046a34ffa3858d6d671", "tests/unit/test_source_hashes.py": "00468a2907583c593e6574a1f6b404e4651c221a"}, "modules": {"ptd_client_server.lib.client": "lib/client.py", "ptd_client_server.lib.common": "lib/common.py", "ptd_client_server.lib.external.ntplib": "lib/external/ntplib.py", "ptd_client_server.lib.source_hashes": "lib/source_hashes.py", "ptd_client_server.lib.summary": "lib/summary.py", "ptd_client_server.lib.time_sync": "lib/time_sync.py"}}
client 2024-02-09 07:15:06,509 [INFO] Running workload in ranging mode
client 2024-02-09 07:15:06,509 [INFO] Synchronizing with the server and with ib-01.dc4-in.nvidia.com...
client 2024-02-09 07:15:06,725 [INFO] NTP:offset = 0.000 s, delay = 0.214 s 
client 2024-02-09 07:15:06,725 [INFO] Sending command to the server: 'time'
client 2024-02-09 07:15:06,726 [INFO] Got response: '1707462906.7270005'
client 2024-02-09 07:15:06,726 [INFO] The time difference between the client and the server is within range -1.195 ms..-0.042 ms
client 2024-02-09 07:15:06,726 [INFO] Sending command to the server: 'session,2024-02-08_23-15-06,start,ranging'
client 2024-02-09 07:15:46,640 [INFO] Got response: 'OK'
client 2024-02-09 07:15:46,640 [INFO] Sending command to the server: 'time'
client 2024-02-09 07:15:46,641 [INFO] Got response: '1707462946.6418264'
client 2024-02-09 07:15:46,641 [INFO] The time difference between the client and the server is within range -1.234 ms..-0.116 ms
client 2024-02-09 07:15:46,641 [INFO] Running the workload 'LOG_DIR=/work/build/power_logs_temp python3.8 -m code.main --benchmarks=bert --scenarios=Offline --test_mode=PerformanceOnly --config_ver=maxq --action="run_harness" \\\n\t\t2>&1 | tee -a /work/build/power_logs/2024.02.09-07.14.17/stdout.txt \\\n\t\t&& if [ ! -d /work/build/power_logs/2024.02.09-07.14.17/ranging_tmp ]; \\\n\t\t\tthen mkdir /work/build/power_logs/2024.02.09-07.14.17/ranging_tmp \\\n\t\t\t\t&& mv /work/build/power_logs_temp/* /work/build/power_logs/2024.02.09-07.14.17/ranging_tmp/ \\\n\t\t\t\t&& cp -v /work/build/power_logs/2024.02.09-07.14.17/ranging_tmp/*/*/*/mlperf_log_detail.txt /work/build/power_logs_temp/ \\\n\t\t\t\t&& cp -v /work/build/power_logs/2024.02.09-07.14.17/ranging_tmp/*/*/*/mlperf_log_summary.txt /work/build/power_logs_temp/; \\\n\t\t\telse mkdir /work/build/power_logs/2024.02.09-07.14.17/testing_tmp \\\n\t\t\t\t&& mv /work/build/power_logs_temp/* /work/build/power_logs/2024.02.09-07.14.17/testing_tmp/ \\\n\t\t\t\t&& cp -v /work/build/power_logs/2024.02.09-07.14.17/testing_tmp/*/*/*/mlperf_log_detail.txt /work/build/power_logs_temp/ \\\n\t\t\t\t&& cp -v /work/build/power_logs/2024.02.09-07.14.17/testing_tmp/*/*/*/mlperf_log_summary.txt /work/build/power_logs_temp/; fi'
client 2024-02-09 07:27:27,403 [INFO] Sending command to the server: 'time'
client 2024-02-09 07:27:27,404 [INFO] Got response: '1707463647.4039338'
client 2024-02-09 07:27:27,404 [INFO] The time difference between the client and the server is within range -0.949 ms..0.664 ms
client 2024-02-09 07:27:27,404 [INFO] Sending command to the server: 'session,2024-02-08_23-15-06,stop,ranging'
client 2024-02-09 07:27:37,736 [INFO] Got response: 'OK'
client 2024-02-09 07:27:37,736 [INFO] Sending command to the server: 'time'
client 2024-02-09 07:27:37,737 [INFO] Got response: '1707463657.73681'
client 2024-02-09 07:27:37,737 [INFO] The time difference between the client and the server is within range -0.282 ms..0.391 ms
client 2024-02-09 07:27:37,750 [INFO] Copying loadgen logs from '/work/build/power_logs_temp' to '/work/build/power_logs/2024.02.09-07.14.17/2024-02-08_23-15-06/ranging'
client 2024-02-09 07:27:37,793 [INFO] Running workload in testing mode
client 2024-02-09 07:27:37,793 [INFO] Synchronizing with the server and with ib-01.dc4-in.nvidia.com...
client 2024-02-09 07:27:38,010 [INFO] NTP:offset = 0.000 s, delay = 0.215 s 
client 2024-02-09 07:27:38,010 [INFO] Sending command to the server: 'time'
client 2024-02-09 07:27:38,011 [INFO] Got response: '1707463658.010695'
client 2024-02-09 07:27:38,011 [INFO] The time difference between the client and the server is within range -0.543 ms..0.585 ms
client 2024-02-09 07:27:38,011 [INFO] Sending command to the server: 'session,2024-02-08_23-15-06,start,testing'
client 2024-02-09 07:27:59,634 [INFO] Got response: 'OK'
client 2024-02-09 07:27:59,634 [INFO] Sending command to the server: 'time'
client 2024-02-09 07:27:59,635 [INFO] Got response: '1707463679.6348894'
client 2024-02-09 07:27:59,635 [INFO] The time difference between the client and the server is within range -0.561 ms..0.494 ms
client 2024-02-09 07:27:59,635 [INFO] Running the workload 'LOG_DIR=/work/build/power_logs_temp python3.8 -m code.main --benchmarks=bert --scenarios=Offline --test_mode=PerformanceOnly --config_ver=maxq --action="run_harness" \\\n\t\t2>&1 | tee -a /work/build/power_logs/2024.02.09-07.14.17/stdout.txt \\\n\t\t&& if [ ! -d /work/build/power_logs/2024.02.09-07.14.17/ranging_tmp ]; \\\n\t\t\tthen mkdir /work/build/power_logs/2024.02.09-07.14.17/ranging_tmp \\\n\t\t\t\t&& mv /work/build/power_logs_temp/* /work/build/power_logs/2024.02.09-07.14.17/ranging_tmp/ \\\n\t\t\t\t&& cp -v /work/build/power_logs/2024.02.09-07.14.17/ranging_tmp/*/*/*/mlperf_log_detail.txt /work/build/power_logs_temp/ \\\n\t\t\t\t&& cp -v /work/build/power_logs/2024.02.09-07.14.17/ranging_tmp/*/*/*/mlperf_log_summary.txt /work/build/power_logs_temp/; \\\n\t\t\telse mkdir /work/build/power_logs/2024.02.09-07.14.17/testing_tmp \\\n\t\t\t\t&& mv /work/build/power_logs_temp/* /work/build/power_logs/2024.02.09-07.14.17/testing_tmp/ \\\n\t\t\t\t&& cp -v /work/build/power_logs/2024.02.09-07.14.17/testing_tmp/*/*/*/mlperf_log_detail.txt /work/build/power_logs_temp/ \\\n\t\t\t\t&& cp -v /work/build/power_logs/2024.02.09-07.14.17/testing_tmp/*/*/*/mlperf_log_summary.txt /work/build/power_logs_temp/; fi'
client 2024-02-09 07:39:40,748 [INFO] Sending command to the server: 'time'
client 2024-02-09 07:39:40,750 [INFO] Got response: '1707464380.748443'
client 2024-02-09 07:39:40,750 [INFO] The time difference between the client and the server is within range 0.342 ms..2.017 ms
client 2024-02-09 07:39:40,750 [INFO] Sending command to the server: 'session,2024-02-08_23-15-06,stop,testing'
client 2024-02-09 07:39:51,703 [INFO] Got response: 'OK'
client 2024-02-09 07:39:51,703 [INFO] Sending command to the server: 'time'
client 2024-02-09 07:39:51,704 [INFO] Got response: '1707464391.70291'
client 2024-02-09 07:39:51,704 [INFO] The time difference between the client and the server is within range 0.965 ms..1.784 ms
client 2024-02-09 07:39:51,728 [INFO] Copying loadgen logs from '/work/build/power_logs_temp' to '/work/build/power_logs/2024.02.09-07.14.17/2024-02-08_23-15-06/run_1'
client 2024-02-09 07:39:51,742 [INFO] Done runs
