client 2024-02-01 05:59:43,955 [INFO] Creating output directory '/home/arjun/results_dir/valid_results/orin-tflite_armnn_cpp-cpu-armnn_tflite-v23.05-using_neon_with_live_preprocessing/mobilenet-v1-precision_float-0.25-128/singlestream/performance/tmp_power'
client 2024-02-01 05:59:44,020 [INFO] Sending command to the server: 'mlcommons/power client v3'
client 2024-02-01 05:59:44,024 [INFO] Got response: 'mlcommons/power server v3'
client 2024-02-01 05:59:44,024 [INFO] Synchronizing with the server and with time.google.com...
client 2024-02-01 05:59:44,063 [INFO] NTP:offset = -0.005 s, delay = 0.022 s 
client 2024-02-01 05:59:44,064 [INFO] Sending command to the server: 'time'
client 2024-02-01 05:59:44,067 [INFO] Got response: '1706767184.060579'
client 2024-02-01 05:59:44,067 [INFO] The time difference between the client and the server is within range 3.715 ms..6.561 ms
client 2024-02-01 05:59:44,067 [INFO] Sending command to the server: 'new,,5ec52335-61b2-405f-8988-5ba6216d42af'
client 2024-02-01 05:59:44,069 [INFO] Got response: 'OK 2024-02-01_05-59-44,1ebf9c26-1f5b-41eb-8e2b-59d7ef30c30f'
client 2024-02-01 05:59:44,069 [INFO] Session id is '2024-02-01_05-59-44'
client 2024-02-01 05:59:44,069 [INFO] Sources: {"sources": {"__init__.py": "da39a3ee5e6b4b0d3255bfef95601890afd80709", "client.py": "33ca4f26368777ac06e01f9567b714a4b8063886", "lib/__init__.py": "da39a3ee5e6b4b0d3255bfef95601890afd80709", "lib/client.py": "ac2aa093c8e8bbc9569b9e2a3471bc64e58a2258", "lib/common.py": "611d8b29633d331eb19c9455ea3b5fa3284ed6df", "lib/external/__init__.py": "da39a3ee5e6b4b0d3255bfef95601890afd80709", "lib/external/ntplib.py": "4da8f970656505a40483206ef2b5d3dd5e81711d", "lib/server.py": "99303c836c683aa9017ec565104e636161d02acb", "lib/source_hashes.py": "60a2e02193209e8d392803326208d5466342da18", "lib/summary.py": "aa92f0a3f975eecd44d3c0cd0236342ccc9f941d", "lib/time_sync.py": "80894ef2389e540781ff78de94db16aa4203a14e", "server.py": "c3f90f2f7eeb4db30727556d0c815ebc89b3d28b", "tests/unit/__init__.py": "da39a3ee5e6b4b0d3255bfef95601890afd80709", "tests/unit/test_server.py": "948c1995d4008bc2aa6c4046a34ffa3858d6d671", "tests/unit/test_source_hashes.py": "00468a2907583c593e6574a1f6b404e4651c221a"}, "modules": {"ptd_client_server.lib.client": "lib/client.py", "ptd_client_server.lib.common": "lib/common.py", "ptd_client_server.lib.external.ntplib": "lib/external/ntplib.py", "ptd_client_server.lib.source_hashes": "lib/source_hashes.py", "ptd_client_server.lib.summary": "lib/summary.py", "ptd_client_server.lib.time_sync": "lib/time_sync.py"}}
client 2024-02-01 05:59:44,070 [INFO] Running workload in ranging mode
client 2024-02-01 05:59:44,070 [INFO] Synchronizing with the server and with time.google.com...
client 2024-02-01 05:59:44,094 [INFO] NTP:offset = -0.005 s, delay = 0.022 s 
client 2024-02-01 05:59:44,094 [INFO] Sending command to the server: 'time'
client 2024-02-01 05:59:44,097 [INFO] Got response: '1706767184.0907893'
client 2024-02-01 05:59:44,097 [INFO] The time difference between the client and the server is within range 3.704 ms..6.667 ms
client 2024-02-01 05:59:44,097 [INFO] Sending command to the server: 'session,2024-02-01_05-59-44,start,ranging'
client 2024-02-01 06:00:12,175 [INFO] Got response: 'OK'
client 2024-02-01 06:00:12,177 [INFO] Sending command to the server: 'time'
client 2024-02-01 06:00:12,181 [INFO] Got response: '1706767212.1742647'
client 2024-02-01 06:00:12,181 [INFO] The time difference between the client and the server is within range 3.573 ms..7.257 ms
client 2024-02-01 06:00:12,181 [INFO] Running the workload 'CM_MLPERF_RUN_COUNT=$(cat ${CM_RUN_DIR}/count.txt); echo ${CM_MLPERF_RUN_COUNT}; CM_MLPERF_RUN_COUNT=$((CM_MLPERF_RUN_COUNT+1)); echo ${CM_MLPERF_RUN_COUNT} > ${CM_RUN_DIR}/count.txt && if [ ${CM_MLPERF_RUN_COUNT} -eq "1" ]; then export CM_MLPERF_USER_CONF=${CM_MLPERF_RANGING_USER_CONF}; else export CM_MLPERF_USER_CONF=${CM_MLPERF_TESTING_USER_CONF}; fi && /mnt/CM/repos/ctuning@mlcommons-ck/cm-mlops/script/benchmark-any-mlperf-inference-implementation/run.out'
client 2024-02-01 06:05:14,745 [INFO] Sending command to the server: 'time'
client 2024-02-01 06:05:14,780 [INFO] Got response: '1706767514.7721999'
client 2024-02-01 06:05:14,780 [INFO] The time difference between the client and the server is within range -26.519 ms..8.255 ms
client 2024-02-01 06:05:14,780 [INFO] Sending command to the server: 'session,2024-02-01_05-59-44,stop,ranging'
client 2024-02-01 06:05:25,427 [INFO] Got response: 'OK'
client 2024-02-01 06:05:25,429 [INFO] Sending command to the server: 'time'
client 2024-02-01 06:05:25,432 [INFO] Got response: '1706767525.4251077'
client 2024-02-01 06:05:25,433 [INFO] The time difference between the client and the server is within range 3.929 ms..7.846 ms
client 2024-02-01 06:05:25,461 [INFO] Copying loadgen logs from '/home/arjun/results_dir/valid_results/orin-tflite_armnn_cpp-cpu-armnn_tflite-v23.05-using_neon_with_live_preprocessing/mobilenet-v1-precision_float-0.25-128/singlestream/performance/run_1' to '/home/arjun/results_dir/valid_results/orin-tflite_armnn_cpp-cpu-armnn_tflite-v23.05-using_neon_with_live_preprocessing/mobilenet-v1-precision_float-0.25-128/singlestream/performance/tmp_power/ranging'
client 2024-02-01 06:05:25,464 [INFO] Running workload in testing mode
client 2024-02-01 06:05:25,464 [INFO] Synchronizing with the server and with time.google.com...
client 2024-02-01 06:05:25,491 [INFO] NTP:offset = -0.005 s, delay = 0.023 s 
client 2024-02-01 06:05:25,492 [INFO] Sending command to the server: 'time'
client 2024-02-01 06:05:25,495 [INFO] Got response: '1706767525.4884272'
client 2024-02-01 06:05:25,496 [INFO] The time difference between the client and the server is within range 3.688 ms..7.535 ms
client 2024-02-01 06:05:25,496 [INFO] Sending command to the server: 'session,2024-02-01_05-59-44,start,testing'
client 2024-02-01 06:05:38,516 [INFO] Got response: 'OK'
client 2024-02-01 06:05:38,517 [INFO] Sending command to the server: 'time'
client 2024-02-01 06:05:38,521 [INFO] Got response: '1706767538.514134'
client 2024-02-01 06:05:38,522 [INFO] The time difference between the client and the server is within range 3.692 ms..8.120 ms
client 2024-02-01 06:05:38,522 [INFO] Running the workload 'CM_MLPERF_RUN_COUNT=$(cat ${CM_RUN_DIR}/count.txt); echo ${CM_MLPERF_RUN_COUNT}; CM_MLPERF_RUN_COUNT=$((CM_MLPERF_RUN_COUNT+1)); echo ${CM_MLPERF_RUN_COUNT} > ${CM_RUN_DIR}/count.txt && if [ ${CM_MLPERF_RUN_COUNT} -eq "1" ]; then export CM_MLPERF_USER_CONF=${CM_MLPERF_RANGING_USER_CONF}; else export CM_MLPERF_USER_CONF=${CM_MLPERF_TESTING_USER_CONF}; fi && /mnt/CM/repos/ctuning@mlcommons-ck/cm-mlops/script/benchmark-any-mlperf-inference-implementation/run.out'
client 2024-02-01 06:15:43,245 [INFO] Sending command to the server: 'time'
client 2024-02-01 06:15:43,249 [INFO] Got response: '1706768143.2420132'
client 2024-02-01 06:15:43,250 [INFO] The time difference between the client and the server is within range 3.097 ms..8.048 ms
client 2024-02-01 06:15:43,250 [INFO] Sending command to the server: 'session,2024-02-01_05-59-44,stop,testing'
client 2024-02-01 06:15:53,578 [INFO] Got response: 'OK'
client 2024-02-01 06:15:53,579 [INFO] Sending command to the server: 'time'
client 2024-02-01 06:15:53,582 [INFO] Got response: '1706768153.575113'
client 2024-02-01 06:15:53,583 [INFO] The time difference between the client and the server is within range 3.967 ms..7.977 ms
client 2024-02-01 06:15:53,587 [INFO] Copying loadgen logs from '/home/arjun/results_dir/valid_results/orin-tflite_armnn_cpp-cpu-armnn_tflite-v23.05-using_neon_with_live_preprocessing/mobilenet-v1-precision_float-0.25-128/singlestream/performance/run_1' to '/home/arjun/results_dir/valid_results/orin-tflite_armnn_cpp-cpu-armnn_tflite-v23.05-using_neon_with_live_preprocessing/mobilenet-v1-precision_float-0.25-128/singlestream/performance/tmp_power/run_1'
client 2024-02-01 06:15:53,590 [INFO] Done runs
