client 2024-01-29 08:27:41,188 [INFO] Creating output directory '/home/arjun/results_dir/valid_results/orin-tflite_cpp-cpu-tflite-vmaster-default_config/mobilenet-v2-precision_float-0.75-224/singlestream/performance/tmp_power'
client 2024-01-29 08:27:41,256 [INFO] Sending command to the server: 'mlcommons/power client v3'
client 2024-01-29 08:27:41,259 [INFO] Got response: 'mlcommons/power server v3'
client 2024-01-29 08:27:41,259 [INFO] Synchronizing with the server and with time.google.com...
client 2024-01-29 08:27:41,289 [INFO] NTP:offset = -0.004 s, delay = 0.021 s 
client 2024-01-29 08:27:41,289 [INFO] Sending command to the server: 'time'
client 2024-01-29 08:27:41,293 [INFO] Got response: '1706516861.2896793'
client 2024-01-29 08:27:41,293 [INFO] The time difference between the client and the server is within range -0.262 ms..3.752 ms
client 2024-01-29 08:27:41,293 [INFO] Sending command to the server: 'new,,036c8ed3-6fdb-4936-b364-ed2f50e28422'
client 2024-01-29 08:27:41,297 [INFO] Got response: 'OK 2024-01-29_08-27-41,c5da7304-df9f-4b60-b711-4a41f9c286dd'
client 2024-01-29 08:27:41,297 [INFO] Session id is '2024-01-29_08-27-41'
client 2024-01-29 08:27:41,297 [INFO] Sources: {"sources": {"__init__.py": "da39a3ee5e6b4b0d3255bfef95601890afd80709", "client.py": "33ca4f26368777ac06e01f9567b714a4b8063886", "lib/__init__.py": "da39a3ee5e6b4b0d3255bfef95601890afd80709", "lib/client.py": "ac2aa093c8e8bbc9569b9e2a3471bc64e58a2258", "lib/common.py": "611d8b29633d331eb19c9455ea3b5fa3284ed6df", "lib/external/__init__.py": "da39a3ee5e6b4b0d3255bfef95601890afd80709", "lib/external/ntplib.py": "4da8f970656505a40483206ef2b5d3dd5e81711d", "lib/server.py": "99303c836c683aa9017ec565104e636161d02acb", "lib/source_hashes.py": "60a2e02193209e8d392803326208d5466342da18", "lib/summary.py": "aa92f0a3f975eecd44d3c0cd0236342ccc9f941d", "lib/time_sync.py": "80894ef2389e540781ff78de94db16aa4203a14e", "server.py": "c3f90f2f7eeb4db30727556d0c815ebc89b3d28b", "tests/unit/__init__.py": "da39a3ee5e6b4b0d3255bfef95601890afd80709", "tests/unit/test_server.py": "948c1995d4008bc2aa6c4046a34ffa3858d6d671", "tests/unit/test_source_hashes.py": "00468a2907583c593e6574a1f6b404e4651c221a"}, "modules": {"ptd_client_server.lib.client": "lib/client.py", "ptd_client_server.lib.common": "lib/common.py", "ptd_client_server.lib.external.ntplib": "lib/external/ntplib.py", "ptd_client_server.lib.source_hashes": "lib/source_hashes.py", "ptd_client_server.lib.summary": "lib/summary.py", "ptd_client_server.lib.time_sync": "lib/time_sync.py"}}
client 2024-01-29 08:27:41,298 [INFO] Running workload in ranging mode
client 2024-01-29 08:27:41,298 [INFO] Synchronizing with the server and with time.google.com...
client 2024-01-29 08:27:41,320 [INFO] NTP:offset = -0.005 s, delay = 0.020 s 
client 2024-01-29 08:27:41,320 [INFO] Sending command to the server: 'time'
client 2024-01-29 08:27:41,323 [INFO] Got response: '1706516861.320576'
client 2024-01-29 08:27:41,323 [INFO] The time difference between the client and the server is within range 0.267 ms..3.332 ms
client 2024-01-29 08:27:41,324 [INFO] Sending command to the server: 'session,2024-01-29_08-27-41,start,ranging'
client 2024-01-29 08:28:09,402 [INFO] Got response: 'OK'
client 2024-01-29 08:28:09,404 [INFO] Sending command to the server: 'time'
client 2024-01-29 08:28:09,407 [INFO] Got response: '1706516889.404414'
client 2024-01-29 08:28:09,408 [INFO] The time difference between the client and the server is within range -0.308 ms..3.613 ms
client 2024-01-29 08:28:09,408 [INFO] Running the workload 'CM_MLPERF_RUN_COUNT=$(cat ${CM_RUN_DIR}/count.txt); echo ${CM_MLPERF_RUN_COUNT}; CM_MLPERF_RUN_COUNT=$((CM_MLPERF_RUN_COUNT+1)); echo ${CM_MLPERF_RUN_COUNT} > ${CM_RUN_DIR}/count.txt && if [ ${CM_MLPERF_RUN_COUNT} -eq "1" ]; then export CM_MLPERF_USER_CONF=${CM_MLPERF_RANGING_USER_CONF}; else export CM_MLPERF_USER_CONF=${CM_MLPERF_TESTING_USER_CONF}; fi && /mnt/CM/repos/ctuning@mlcommons-ck/cm-mlops/script/benchmark-any-mlperf-inference-implementation/run.out'
client 2024-01-29 08:33:12,476 [INFO] Sending command to the server: 'time'
client 2024-01-29 08:33:12,481 [INFO] Got response: '1706517192.4774525'
client 2024-01-29 08:33:12,481 [INFO] The time difference between the client and the server is within range -0.696 ms..4.022 ms
client 2024-01-29 08:33:12,481 [INFO] Sending command to the server: 'session,2024-01-29_08-27-41,stop,ranging'
client 2024-01-29 08:33:23,495 [INFO] Got response: 'OK'
client 2024-01-29 08:33:23,496 [INFO] Sending command to the server: 'time'
client 2024-01-29 08:33:23,499 [INFO] Got response: '1706517203.4958954'
client 2024-01-29 08:33:23,499 [INFO] The time difference between the client and the server is within range 0.413 ms..3.574 ms
client 2024-01-29 08:33:23,516 [INFO] Copying loadgen logs from '/home/arjun/results_dir/valid_results/orin-tflite_cpp-cpu-tflite-vmaster-default_config/mobilenet-v2-precision_float-0.75-224/singlestream/performance/run_1' to '/home/arjun/results_dir/valid_results/orin-tflite_cpp-cpu-tflite-vmaster-default_config/mobilenet-v2-precision_float-0.75-224/singlestream/performance/tmp_power/ranging'
client 2024-01-29 08:33:23,519 [INFO] Running workload in testing mode
client 2024-01-29 08:33:23,519 [INFO] Synchronizing with the server and with time.google.com...
client 2024-01-29 08:33:23,546 [INFO] NTP:offset = -0.004 s, delay = 0.021 s 
client 2024-01-29 08:33:23,546 [INFO] Sending command to the server: 'time'
client 2024-01-29 08:33:23,550 [INFO] Got response: '1706517203.5464265'
client 2024-01-29 08:33:23,550 [INFO] The time difference between the client and the server is within range 0.326 ms..3.982 ms
client 2024-01-29 08:33:23,550 [INFO] Sending command to the server: 'session,2024-01-29_08-27-41,start,testing'
client 2024-01-29 08:33:36,572 [INFO] Got response: 'OK'
client 2024-01-29 08:33:36,573 [INFO] Sending command to the server: 'time'
client 2024-01-29 08:33:36,577 [INFO] Got response: '1706517216.5735373'
client 2024-01-29 08:33:36,577 [INFO] The time difference between the client and the server is within range -0.312 ms..3.958 ms
client 2024-01-29 08:33:36,577 [INFO] Running the workload 'CM_MLPERF_RUN_COUNT=$(cat ${CM_RUN_DIR}/count.txt); echo ${CM_MLPERF_RUN_COUNT}; CM_MLPERF_RUN_COUNT=$((CM_MLPERF_RUN_COUNT+1)); echo ${CM_MLPERF_RUN_COUNT} > ${CM_RUN_DIR}/count.txt && if [ ${CM_MLPERF_RUN_COUNT} -eq "1" ]; then export CM_MLPERF_USER_CONF=${CM_MLPERF_RANGING_USER_CONF}; else export CM_MLPERF_USER_CONF=${CM_MLPERF_TESTING_USER_CONF}; fi && /mnt/CM/repos/ctuning@mlcommons-ck/cm-mlops/script/benchmark-any-mlperf-inference-implementation/run.out'
client 2024-01-29 08:43:41,382 [INFO] Sending command to the server: 'time'
client 2024-01-29 08:43:41,386 [INFO] Got response: '1706517821.3831882'
client 2024-01-29 08:43:41,387 [INFO] The time difference between the client and the server is within range -0.397 ms..3.882 ms
client 2024-01-29 08:43:41,387 [INFO] Sending command to the server: 'session,2024-01-29_08-27-41,stop,testing'
client 2024-01-29 08:43:51,628 [INFO] Got response: 'OK'
client 2024-01-29 08:43:51,629 [INFO] Sending command to the server: 'time'
client 2024-01-29 08:43:51,632 [INFO] Got response: '1706517831.6288648'
client 2024-01-29 08:43:51,633 [INFO] The time difference between the client and the server is within range 0.088 ms..4.135 ms
client 2024-01-29 08:43:51,637 [INFO] Copying loadgen logs from '/home/arjun/results_dir/valid_results/orin-tflite_cpp-cpu-tflite-vmaster-default_config/mobilenet-v2-precision_float-0.75-224/singlestream/performance/run_1' to '/home/arjun/results_dir/valid_results/orin-tflite_cpp-cpu-tflite-vmaster-default_config/mobilenet-v2-precision_float-0.75-224/singlestream/performance/tmp_power/run_1'
client 2024-01-29 08:43:51,640 [INFO] Done runs
