client 2024-01-29 11:29:48,169 [INFO] Creating output directory '/home/arjun/results_dir/valid_results/orin-tflite_cpp-cpu-tflite-vmaster-default_config/mobilenet-v2-precision_uint8-0.5-192/singlestream/performance/tmp_power'
client 2024-01-29 11:29:48,172 [INFO] Sending command to the server: 'mlcommons/power client v3'
client 2024-01-29 11:29:48,176 [INFO] Got response: 'mlcommons/power server v3'
client 2024-01-29 11:29:48,176 [INFO] Synchronizing with the server and with time.google.com...
client 2024-01-29 11:29:48,203 [INFO] NTP:offset = -0.002 s, delay = 0.021 s 
client 2024-01-29 11:29:48,203 [INFO] Sending command to the server: 'time'
client 2024-01-29 11:29:48,208 [INFO] Got response: '1706527788.206546'
client 2024-01-29 11:29:48,208 [INFO] The time difference between the client and the server is within range -2.809 ms..1.575 ms
client 2024-01-29 11:29:48,208 [INFO] Sending command to the server: 'new,,08b9c60f-1009-46e0-993c-34b2edf77abf'
client 2024-01-29 11:29:48,212 [INFO] Got response: 'OK 2024-01-29_11-29-48,daf26d1e-be41-4996-b8fd-a594d2d38117'
client 2024-01-29 11:29:48,212 [INFO] Session id is '2024-01-29_11-29-48'
client 2024-01-29 11:29:48,212 [INFO] Sources: {"sources": {"__init__.py": "da39a3ee5e6b4b0d3255bfef95601890afd80709", "client.py": "33ca4f26368777ac06e01f9567b714a4b8063886", "lib/__init__.py": "da39a3ee5e6b4b0d3255bfef95601890afd80709", "lib/client.py": "ac2aa093c8e8bbc9569b9e2a3471bc64e58a2258", "lib/common.py": "611d8b29633d331eb19c9455ea3b5fa3284ed6df", "lib/external/__init__.py": "da39a3ee5e6b4b0d3255bfef95601890afd80709", "lib/external/ntplib.py": "4da8f970656505a40483206ef2b5d3dd5e81711d", "lib/server.py": "99303c836c683aa9017ec565104e636161d02acb", "lib/source_hashes.py": "60a2e02193209e8d392803326208d5466342da18", "lib/summary.py": "aa92f0a3f975eecd44d3c0cd0236342ccc9f941d", "lib/time_sync.py": "80894ef2389e540781ff78de94db16aa4203a14e", "server.py": "c3f90f2f7eeb4db30727556d0c815ebc89b3d28b", "tests/unit/__init__.py": "da39a3ee5e6b4b0d3255bfef95601890afd80709", "tests/unit/test_server.py": "948c1995d4008bc2aa6c4046a34ffa3858d6d671", "tests/unit/test_source_hashes.py": "00468a2907583c593e6574a1f6b404e4651c221a"}, "modules": {"ptd_client_server.lib.client": "lib/client.py", "ptd_client_server.lib.common": "lib/common.py", "ptd_client_server.lib.external.ntplib": "lib/external/ntplib.py", "ptd_client_server.lib.source_hashes": "lib/source_hashes.py", "ptd_client_server.lib.summary": "lib/summary.py", "ptd_client_server.lib.time_sync": "lib/time_sync.py"}}
client 2024-01-29 11:29:48,213 [INFO] Running workload in ranging mode
client 2024-01-29 11:29:48,213 [INFO] Synchronizing with the server and with time.google.com...
client 2024-01-29 11:29:48,234 [INFO] NTP:offset = -0.003 s, delay = 0.020 s 
client 2024-01-29 11:29:48,234 [INFO] Sending command to the server: 'time'
client 2024-01-29 11:29:48,237 [INFO] Got response: '1706527788.2366843'
client 2024-01-29 11:29:48,237 [INFO] The time difference between the client and the server is within range -1.875 ms..0.993 ms
client 2024-01-29 11:29:48,237 [INFO] Sending command to the server: 'session,2024-01-29_11-29-48,start,ranging'
client 2024-01-29 11:30:16,326 [INFO] Got response: 'OK'
client 2024-01-29 11:30:16,328 [INFO] Sending command to the server: 'time'
client 2024-01-29 11:30:16,332 [INFO] Got response: '1706527816.33129'
client 2024-01-29 11:30:16,332 [INFO] The time difference between the client and the server is within range -2.364 ms..1.142 ms
client 2024-01-29 11:30:16,332 [INFO] Running the workload 'CM_MLPERF_RUN_COUNT=$(cat ${CM_RUN_DIR}/count.txt); echo ${CM_MLPERF_RUN_COUNT}; CM_MLPERF_RUN_COUNT=$((CM_MLPERF_RUN_COUNT+1)); echo ${CM_MLPERF_RUN_COUNT} > ${CM_RUN_DIR}/count.txt && if [ ${CM_MLPERF_RUN_COUNT} -eq "1" ]; then export CM_MLPERF_USER_CONF=${CM_MLPERF_RANGING_USER_CONF}; else export CM_MLPERF_USER_CONF=${CM_MLPERF_TESTING_USER_CONF}; fi && /mnt/CM/repos/ctuning@mlcommons-ck/cm-mlops/script/benchmark-any-mlperf-inference-implementation/run.out'
client 2024-01-29 11:35:18,678 [INFO] Sending command to the server: 'time'
client 2024-01-29 11:35:18,744 [INFO] Got response: '1706528118.742789'
client 2024-01-29 11:35:18,745 [INFO] The time difference between the client and the server is within range -64.944 ms..2.216 ms
client 2024-01-29 11:35:18,745 [INFO] Sending command to the server: 'session,2024-01-29_11-29-48,stop,ranging'
client 2024-01-29 11:35:29,428 [INFO] Got response: 'OK'
client 2024-01-29 11:35:29,430 [INFO] Sending command to the server: 'time'
client 2024-01-29 11:35:29,433 [INFO] Got response: '1706528129.432352'
client 2024-01-29 11:35:29,434 [INFO] The time difference between the client and the server is within range -2.245 ms..1.858 ms
client 2024-01-29 11:35:29,452 [INFO] Copying loadgen logs from '/home/arjun/results_dir/valid_results/orin-tflite_cpp-cpu-tflite-vmaster-default_config/mobilenet-v2-precision_uint8-0.5-192/singlestream/performance/run_1' to '/home/arjun/results_dir/valid_results/orin-tflite_cpp-cpu-tflite-vmaster-default_config/mobilenet-v2-precision_uint8-0.5-192/singlestream/performance/tmp_power/ranging'
client 2024-01-29 11:35:29,455 [INFO] Running workload in testing mode
client 2024-01-29 11:35:29,455 [INFO] Synchronizing with the server and with time.google.com...
client 2024-01-29 11:35:29,481 [INFO] NTP:offset = -0.003 s, delay = 0.020 s 
client 2024-01-29 11:35:29,481 [INFO] Sending command to the server: 'time'
client 2024-01-29 11:35:29,484 [INFO] Got response: '1706528129.4835818'
client 2024-01-29 11:35:29,484 [INFO] The time difference between the client and the server is within range -2.170 ms..1.045 ms
client 2024-01-29 11:35:29,484 [INFO] Sending command to the server: 'session,2024-01-29_11-29-48,start,testing'
client 2024-01-29 11:35:42,506 [INFO] Got response: 'OK'
client 2024-01-29 11:35:42,506 [INFO] Sending command to the server: 'time'
client 2024-01-29 11:35:42,509 [INFO] Got response: '1706528142.5091999'
client 2024-01-29 11:35:42,510 [INFO] The time difference between the client and the server is within range -2.322 ms..0.911 ms
client 2024-01-29 11:35:42,510 [INFO] Running the workload 'CM_MLPERF_RUN_COUNT=$(cat ${CM_RUN_DIR}/count.txt); echo ${CM_MLPERF_RUN_COUNT}; CM_MLPERF_RUN_COUNT=$((CM_MLPERF_RUN_COUNT+1)); echo ${CM_MLPERF_RUN_COUNT} > ${CM_RUN_DIR}/count.txt && if [ ${CM_MLPERF_RUN_COUNT} -eq "1" ]; then export CM_MLPERF_USER_CONF=${CM_MLPERF_RANGING_USER_CONF}; else export CM_MLPERF_USER_CONF=${CM_MLPERF_TESTING_USER_CONF}; fi && /mnt/CM/repos/ctuning@mlcommons-ck/cm-mlops/script/benchmark-any-mlperf-inference-implementation/run.out'
client 2024-01-29 11:45:46,810 [INFO] Sending command to the server: 'time'
client 2024-01-29 11:45:46,814 [INFO] Got response: '1706528746.8135092'
client 2024-01-29 11:45:46,814 [INFO] The time difference between the client and the server is within range -2.858 ms..0.753 ms
client 2024-01-29 11:45:46,814 [INFO] Sending command to the server: 'session,2024-01-29_11-29-48,stop,testing'
client 2024-01-29 11:45:57,557 [INFO] Got response: 'OK'
client 2024-01-29 11:45:57,558 [INFO] Sending command to the server: 'time'
client 2024-01-29 11:45:57,562 [INFO] Got response: '1706528757.5611792'
client 2024-01-29 11:45:57,562 [INFO] The time difference between the client and the server is within range -2.715 ms..1.482 ms
client 2024-01-29 11:45:57,567 [INFO] Copying loadgen logs from '/home/arjun/results_dir/valid_results/orin-tflite_cpp-cpu-tflite-vmaster-default_config/mobilenet-v2-precision_uint8-0.5-192/singlestream/performance/run_1' to '/home/arjun/results_dir/valid_results/orin-tflite_cpp-cpu-tflite-vmaster-default_config/mobilenet-v2-precision_uint8-0.5-192/singlestream/performance/tmp_power/run_1'
client 2024-01-29 11:45:57,569 [INFO] Done runs
