client 2024-02-01 05:26:34,382 [INFO] Creating output directory '/home/arjun/results_dir/valid_results/orin-tflite_armnn_cpp-cpu-armnn_tflite-v23.05-using_neon_with_live_preprocessing/mobilenet-v1-precision_float-0.25-160/singlestream/performance/tmp_power'
client 2024-02-01 05:26:34,471 [INFO] Sending command to the server: 'mlcommons/power client v3'
client 2024-02-01 05:26:34,474 [INFO] Got response: 'mlcommons/power server v3'
client 2024-02-01 05:26:34,475 [INFO] Synchronizing with the server and with time.google.com...
client 2024-02-01 05:26:34,507 [INFO] NTP:offset = -0.004 s, delay = 0.023 s 
client 2024-02-01 05:26:34,507 [INFO] Sending command to the server: 'time'
client 2024-02-01 05:26:34,510 [INFO] Got response: '1706765194.5048192'
client 2024-02-01 05:26:34,510 [INFO] The time difference between the client and the server is within range 3.098 ms..5.966 ms
client 2024-02-01 05:26:34,511 [INFO] Sending command to the server: 'new,,49f7c1d3-6b18-40c6-b855-ba88b4903da3'
client 2024-02-01 05:26:34,514 [INFO] Got response: 'OK 2024-02-01_05-26-34,6842c759-cc9c-4f07-aaa8-a4d210adffbb'
client 2024-02-01 05:26:34,514 [INFO] Session id is '2024-02-01_05-26-34'
client 2024-02-01 05:26:34,514 [INFO] Sources: {"sources": {"__init__.py": "da39a3ee5e6b4b0d3255bfef95601890afd80709", "client.py": "33ca4f26368777ac06e01f9567b714a4b8063886", "lib/__init__.py": "da39a3ee5e6b4b0d3255bfef95601890afd80709", "lib/client.py": "ac2aa093c8e8bbc9569b9e2a3471bc64e58a2258", "lib/common.py": "611d8b29633d331eb19c9455ea3b5fa3284ed6df", "lib/external/__init__.py": "da39a3ee5e6b4b0d3255bfef95601890afd80709", "lib/external/ntplib.py": "4da8f970656505a40483206ef2b5d3dd5e81711d", "lib/server.py": "99303c836c683aa9017ec565104e636161d02acb", "lib/source_hashes.py": "60a2e02193209e8d392803326208d5466342da18", "lib/summary.py": "aa92f0a3f975eecd44d3c0cd0236342ccc9f941d", "lib/time_sync.py": "80894ef2389e540781ff78de94db16aa4203a14e", "server.py": "c3f90f2f7eeb4db30727556d0c815ebc89b3d28b", "tests/unit/__init__.py": "da39a3ee5e6b4b0d3255bfef95601890afd80709", "tests/unit/test_server.py": "948c1995d4008bc2aa6c4046a34ffa3858d6d671", "tests/unit/test_source_hashes.py": "00468a2907583c593e6574a1f6b404e4651c221a"}, "modules": {"ptd_client_server.lib.client": "lib/client.py", "ptd_client_server.lib.common": "lib/common.py", "ptd_client_server.lib.external.ntplib": "lib/external/ntplib.py", "ptd_client_server.lib.source_hashes": "lib/source_hashes.py", "ptd_client_server.lib.summary": "lib/summary.py", "ptd_client_server.lib.time_sync": "lib/time_sync.py"}}
client 2024-02-01 05:26:34,515 [INFO] Running workload in ranging mode
client 2024-02-01 05:26:34,515 [INFO] Synchronizing with the server and with time.google.com...
client 2024-02-01 05:26:34,538 [INFO] NTP:offset = -0.004 s, delay = 0.021 s 
client 2024-02-01 05:26:34,538 [INFO] Sending command to the server: 'time'
client 2024-02-01 05:26:34,541 [INFO] Got response: '1706765194.535117'
client 2024-02-01 05:26:34,541 [INFO] The time difference between the client and the server is within range 3.227 ms..6.056 ms
client 2024-02-01 05:26:34,541 [INFO] Sending command to the server: 'session,2024-02-01_05-26-34,start,ranging'
client 2024-02-01 05:27:02,623 [INFO] Got response: 'OK'
client 2024-02-01 05:27:02,625 [INFO] Sending command to the server: 'time'
client 2024-02-01 05:27:02,628 [INFO] Got response: '1706765222.622814'
client 2024-02-01 05:27:02,628 [INFO] The time difference between the client and the server is within range 3.001 ms..6.053 ms
client 2024-02-01 05:27:02,629 [INFO] Running the workload 'CM_MLPERF_RUN_COUNT=$(cat ${CM_RUN_DIR}/count.txt); echo ${CM_MLPERF_RUN_COUNT}; CM_MLPERF_RUN_COUNT=$((CM_MLPERF_RUN_COUNT+1)); echo ${CM_MLPERF_RUN_COUNT} > ${CM_RUN_DIR}/count.txt && if [ ${CM_MLPERF_RUN_COUNT} -eq "1" ]; then export CM_MLPERF_USER_CONF=${CM_MLPERF_RANGING_USER_CONF}; else export CM_MLPERF_USER_CONF=${CM_MLPERF_TESTING_USER_CONF}; fi && /mnt/CM/repos/ctuning@mlcommons-ck/cm-mlops/script/benchmark-any-mlperf-inference-implementation/run.out'
client 2024-02-01 05:32:05,182 [INFO] Sending command to the server: 'time'
client 2024-02-01 05:32:05,186 [INFO] Got response: '1706765525.1807327'
client 2024-02-01 05:32:05,187 [INFO] The time difference between the client and the server is within range 1.693 ms..6.333 ms
client 2024-02-01 05:32:05,187 [INFO] Sending command to the server: 'session,2024-02-01_05-26-34,stop,ranging'
client 2024-02-01 05:32:15,810 [INFO] Got response: 'OK'
client 2024-02-01 05:32:15,812 [INFO] Sending command to the server: 'time'
client 2024-02-01 05:32:15,815 [INFO] Got response: '1706765535.80909'
client 2024-02-01 05:32:15,815 [INFO] The time difference between the client and the server is within range 3.018 ms..6.627 ms
client 2024-02-01 05:32:15,833 [INFO] Copying loadgen logs from '/home/arjun/results_dir/valid_results/orin-tflite_armnn_cpp-cpu-armnn_tflite-v23.05-using_neon_with_live_preprocessing/mobilenet-v1-precision_float-0.25-160/singlestream/performance/run_1' to '/home/arjun/results_dir/valid_results/orin-tflite_armnn_cpp-cpu-armnn_tflite-v23.05-using_neon_with_live_preprocessing/mobilenet-v1-precision_float-0.25-160/singlestream/performance/tmp_power/ranging'
client 2024-02-01 05:32:15,836 [INFO] Running workload in testing mode
client 2024-02-01 05:32:15,836 [INFO] Synchronizing with the server and with time.google.com...
client 2024-02-01 05:32:15,865 [INFO] NTP:offset = -0.005 s, delay = 0.023 s 
client 2024-02-01 05:32:15,865 [INFO] Sending command to the server: 'time'
client 2024-02-01 05:32:15,868 [INFO] Got response: '1706765535.8622334'
client 2024-02-01 05:32:15,869 [INFO] The time difference between the client and the server is within range 3.158 ms..6.779 ms
client 2024-02-01 05:32:15,869 [INFO] Sending command to the server: 'session,2024-02-01_05-26-34,start,testing'
client 2024-02-01 05:32:28,889 [INFO] Got response: 'OK'
client 2024-02-01 05:32:28,890 [INFO] Sending command to the server: 'time'
client 2024-02-01 05:32:28,893 [INFO] Got response: '1706765548.886851'
client 2024-02-01 05:32:28,894 [INFO] The time difference between the client and the server is within range 3.211 ms..7.437 ms
client 2024-02-01 05:32:28,894 [INFO] Running the workload 'CM_MLPERF_RUN_COUNT=$(cat ${CM_RUN_DIR}/count.txt); echo ${CM_MLPERF_RUN_COUNT}; CM_MLPERF_RUN_COUNT=$((CM_MLPERF_RUN_COUNT+1)); echo ${CM_MLPERF_RUN_COUNT} > ${CM_RUN_DIR}/count.txt && if [ ${CM_MLPERF_RUN_COUNT} -eq "1" ]; then export CM_MLPERF_USER_CONF=${CM_MLPERF_RANGING_USER_CONF}; else export CM_MLPERF_USER_CONF=${CM_MLPERF_TESTING_USER_CONF}; fi && /mnt/CM/repos/ctuning@mlcommons-ck/cm-mlops/script/benchmark-any-mlperf-inference-implementation/run.out'
client 2024-02-01 05:42:33,622 [INFO] Sending command to the server: 'time'
client 2024-02-01 05:42:33,768 [INFO] Got response: '1706766153.7603354'
client 2024-02-01 05:42:33,768 [INFO] The time difference between the client and the server is within range -138.013 ms..8.323 ms
client 2024-02-01 05:42:33,769 [INFO] Sending command to the server: 'session,2024-02-01_05-26-34,stop,testing'
client 2024-02-01 05:42:43,900 [INFO] Got response: 'OK'
client 2024-02-01 05:42:43,901 [INFO] Sending command to the server: 'time'
client 2024-02-01 05:42:43,905 [INFO] Got response: '1706766163.898487'
client 2024-02-01 05:42:43,905 [INFO] The time difference between the client and the server is within range 3.199 ms..7.438 ms
client 2024-02-01 05:42:43,910 [INFO] Copying loadgen logs from '/home/arjun/results_dir/valid_results/orin-tflite_armnn_cpp-cpu-armnn_tflite-v23.05-using_neon_with_live_preprocessing/mobilenet-v1-precision_float-0.25-160/singlestream/performance/run_1' to '/home/arjun/results_dir/valid_results/orin-tflite_armnn_cpp-cpu-armnn_tflite-v23.05-using_neon_with_live_preprocessing/mobilenet-v1-precision_float-0.25-160/singlestream/performance/tmp_power/run_1'
client 2024-02-01 05:42:43,912 [INFO] Done runs
