client 2024-01-31 04:39:44,005 [INFO] Creating output directory '/home/arjun/results_dir/valid_results/orin-tflite_cpp-cpu-tflite-vmaster-with_live_preprocessing/mobilenet-v2-precision_float-0.35-160/singlestream/performance/tmp_power'
client 2024-01-31 04:39:44,008 [INFO] Sending command to the server: 'mlcommons/power client v3'
client 2024-01-31 04:39:44,010 [INFO] Got response: 'mlcommons/power server v3'
client 2024-01-31 04:39:44,010 [INFO] Synchronizing with the server and with time.google.com...
client 2024-01-31 04:39:44,047 [INFO] NTP:offset = -0.004 s, delay = 0.020 s 
client 2024-01-31 04:39:44,047 [INFO] Sending command to the server: 'time'
client 2024-01-31 04:39:44,050 [INFO] Got response: '1706675984.0461087'
client 2024-01-31 04:39:44,050 [INFO] The time difference between the client and the server is within range 1.518 ms..4.091 ms
client 2024-01-31 04:39:44,050 [INFO] Sending command to the server: 'new,,3ae8be48-24e8-4b45-8682-4e927decebbd'
client 2024-01-31 04:39:44,052 [INFO] Got response: 'OK 2024-01-31_04-39-44,e2e99025-6e2e-49b5-8b4d-3ad06167aca4'
client 2024-01-31 04:39:44,053 [INFO] Session id is '2024-01-31_04-39-44'
client 2024-01-31 04:39:44,053 [INFO] Sources: {"sources": {"__init__.py": "da39a3ee5e6b4b0d3255bfef95601890afd80709", "client.py": "33ca4f26368777ac06e01f9567b714a4b8063886", "lib/__init__.py": "da39a3ee5e6b4b0d3255bfef95601890afd80709", "lib/client.py": "ac2aa093c8e8bbc9569b9e2a3471bc64e58a2258", "lib/common.py": "611d8b29633d331eb19c9455ea3b5fa3284ed6df", "lib/external/__init__.py": "da39a3ee5e6b4b0d3255bfef95601890afd80709", "lib/external/ntplib.py": "4da8f970656505a40483206ef2b5d3dd5e81711d", "lib/server.py": "99303c836c683aa9017ec565104e636161d02acb", "lib/source_hashes.py": "60a2e02193209e8d392803326208d5466342da18", "lib/summary.py": "aa92f0a3f975eecd44d3c0cd0236342ccc9f941d", "lib/time_sync.py": "80894ef2389e540781ff78de94db16aa4203a14e", "server.py": "c3f90f2f7eeb4db30727556d0c815ebc89b3d28b", "tests/unit/__init__.py": "da39a3ee5e6b4b0d3255bfef95601890afd80709", "tests/unit/test_server.py": "948c1995d4008bc2aa6c4046a34ffa3858d6d671", "tests/unit/test_source_hashes.py": "00468a2907583c593e6574a1f6b404e4651c221a"}, "modules": {"ptd_client_server.lib.client": "lib/client.py", "ptd_client_server.lib.common": "lib/common.py", "ptd_client_server.lib.external.ntplib": "lib/external/ntplib.py", "ptd_client_server.lib.source_hashes": "lib/source_hashes.py", "ptd_client_server.lib.summary": "lib/summary.py", "ptd_client_server.lib.time_sync": "lib/time_sync.py"}}
client 2024-01-31 04:39:44,053 [INFO] Running workload in ranging mode
client 2024-01-31 04:39:44,053 [INFO] Synchronizing with the server and with time.google.com...
client 2024-01-31 04:39:44,078 [INFO] NTP:offset = -0.003 s, delay = 0.024 s 
client 2024-01-31 04:39:44,079 [INFO] Sending command to the server: 'time'
client 2024-01-31 04:39:44,081 [INFO] Got response: '1706675984.077706'
client 2024-01-31 04:39:44,081 [INFO] The time difference between the client and the server is within range 1.428 ms..4.091 ms
client 2024-01-31 04:39:44,081 [INFO] Sending command to the server: 'session,2024-01-31_04-39-44,start,ranging'
client 2024-01-31 04:40:12,163 [INFO] Got response: 'OK'
client 2024-01-31 04:40:12,165 [INFO] Sending command to the server: 'time'
client 2024-01-31 04:40:12,169 [INFO] Got response: '1706676012.164689'
client 2024-01-31 04:40:12,169 [INFO] The time difference between the client and the server is within range 1.172 ms..4.803 ms
client 2024-01-31 04:40:12,169 [INFO] Running the workload 'CM_MLPERF_RUN_COUNT=$(cat ${CM_RUN_DIR}/count.txt); echo ${CM_MLPERF_RUN_COUNT}; CM_MLPERF_RUN_COUNT=$((CM_MLPERF_RUN_COUNT+1)); echo ${CM_MLPERF_RUN_COUNT} > ${CM_RUN_DIR}/count.txt && if [ ${CM_MLPERF_RUN_COUNT} -eq "1" ]; then export CM_MLPERF_USER_CONF=${CM_MLPERF_RANGING_USER_CONF}; else export CM_MLPERF_USER_CONF=${CM_MLPERF_TESTING_USER_CONF}; fi && /home/arjun/run.out'
client 2024-01-31 04:45:14,599 [INFO] Sending command to the server: 'time'
client 2024-01-31 04:45:14,625 [INFO] Got response: '1706676314.6207724'
client 2024-01-31 04:45:14,626 [INFO] The time difference between the client and the server is within range -21.942 ms..5.284 ms
client 2024-01-31 04:45:14,626 [INFO] Sending command to the server: 'session,2024-01-31_04-39-44,stop,ranging'
client 2024-01-31 04:45:25,309 [INFO] Got response: 'OK'
client 2024-01-31 04:45:25,310 [INFO] Sending command to the server: 'time'
client 2024-01-31 04:45:25,313 [INFO] Got response: '1706676325.3091974'
client 2024-01-31 04:45:25,313 [INFO] The time difference between the client and the server is within range 1.323 ms..4.703 ms
client 2024-01-31 04:45:25,330 [INFO] Copying loadgen logs from '/home/arjun/results_dir/valid_results/orin-tflite_cpp-cpu-tflite-vmaster-with_live_preprocessing/mobilenet-v2-precision_float-0.35-160/singlestream/performance/run_1' to '/home/arjun/results_dir/valid_results/orin-tflite_cpp-cpu-tflite-vmaster-with_live_preprocessing/mobilenet-v2-precision_float-0.35-160/singlestream/performance/tmp_power/ranging'
client 2024-01-31 04:45:25,333 [INFO] Running workload in testing mode
client 2024-01-31 04:45:25,333 [INFO] Synchronizing with the server and with time.google.com...
client 2024-01-31 04:45:25,362 [INFO] NTP:offset = -0.002 s, delay = 0.025 s 
client 2024-01-31 04:45:25,362 [INFO] Sending command to the server: 'time'
client 2024-01-31 04:45:25,365 [INFO] Got response: '1706676325.3613393'
client 2024-01-31 04:45:25,365 [INFO] The time difference between the client and the server is within range 1.267 ms..4.350 ms
client 2024-01-31 04:45:25,365 [INFO] Sending command to the server: 'session,2024-01-31_04-39-44,start,testing'
client 2024-01-31 04:45:38,383 [INFO] Got response: 'OK'
client 2024-01-31 04:45:38,383 [INFO] Sending command to the server: 'time'
client 2024-01-31 04:45:38,386 [INFO] Got response: '1706676338.3821757'
client 2024-01-31 04:45:38,387 [INFO] The time difference between the client and the server is within range 1.493 ms..5.063 ms
client 2024-01-31 04:45:38,387 [INFO] Running the workload 'CM_MLPERF_RUN_COUNT=$(cat ${CM_RUN_DIR}/count.txt); echo ${CM_MLPERF_RUN_COUNT}; CM_MLPERF_RUN_COUNT=$((CM_MLPERF_RUN_COUNT+1)); echo ${CM_MLPERF_RUN_COUNT} > ${CM_RUN_DIR}/count.txt && if [ ${CM_MLPERF_RUN_COUNT} -eq "1" ]; then export CM_MLPERF_USER_CONF=${CM_MLPERF_RANGING_USER_CONF}; else export CM_MLPERF_USER_CONF=${CM_MLPERF_TESTING_USER_CONF}; fi && /home/arjun/run.out'
client 2024-01-31 04:55:42,658 [INFO] Sending command to the server: 'time'
client 2024-01-31 04:55:42,812 [INFO] Got response: '1706676942.807818'
client 2024-01-31 04:55:42,813 [INFO] The time difference between the client and the server is within range -149.088 ms..5.796 ms
client 2024-01-31 04:55:42,813 [INFO] Sending command to the server: 'session,2024-01-31_04-39-44,stop,testing'
client 2024-01-31 04:55:53,437 [INFO] Got response: 'OK'
client 2024-01-31 04:55:53,438 [INFO] Sending command to the server: 'time'
client 2024-01-31 04:55:53,441 [INFO] Got response: '1706676953.4369864'
client 2024-01-31 04:55:53,441 [INFO] The time difference between the client and the server is within range 1.077 ms..4.539 ms
client 2024-01-31 04:55:53,446 [INFO] Copying loadgen logs from '/home/arjun/results_dir/valid_results/orin-tflite_cpp-cpu-tflite-vmaster-with_live_preprocessing/mobilenet-v2-precision_float-0.35-160/singlestream/performance/run_1' to '/home/arjun/results_dir/valid_results/orin-tflite_cpp-cpu-tflite-vmaster-with_live_preprocessing/mobilenet-v2-precision_float-0.35-160/singlestream/performance/tmp_power/run_1'
client 2024-01-31 04:55:53,456 [INFO] Done runs
