Graph file: /home/ubuntu/CM/repos/local/cache/3196c80a92b74e74/mobilenet_v2_0.5_192.tflite
Image dir: /home/ubuntu/CM/repos/local/cache/fe326f2e80f14363
Image list: /home/ubuntu/CM/repos/local/cache/fe326f2e80f14363/preprocessed_files.txt
Image size: 192
Image channels: 3
Prediction classes: 1000
Result dir: /home/ubuntu/CM/repos/local/cache/a7ccb264d8f442f8/valid_results/ip_172_31_24_206-tflite_cpp-cpu-tflite-vmaster-with_live_preprocessing/mobilenet-v2-precision_float-0.5-192/singlestream/performance/run_1
How many images fit in memory buffer: 1024
Normalize: 1
Subtract mean: 0
Run time preprocessing: 1
Number of Threads: 8
Number of available imagefiles: 50000

Loading graph...
INFO: Created TensorFlow Lite XNNPACK delegate for CPU.
Input tensor dimensions (NHWC): 1*192*192*3
Output tensor dimensions: 1*1001
Path to mlperf.conf : /home/ubuntu/CM/repos/local/cache/ae32b951ac8043bc/inference/mlperf.conf
Path to user.conf : /home/ubuntu/CM/repos/ctuning@mlcommons-ck/cm-mlops/script/generate-mlperf-inference-user-conf/tmp/875ba44199a94af5908692e4e42ba8d9.conf
Model Name: mobilenet
LoadGen Scenario: SingleStream
LoadGen Mode: performance
