client 2024-02-17 18:34:44,175 [INFO] Sending command to the server: 'mlcommons/power client v3'
client 2024-02-17 18:34:44,177 [INFO] Got response: 'mlcommons/power server v3'
client 2024-02-17 18:34:44,177 [INFO] Sending command to the server: 'stop'
client 2024-02-17 18:34:44,179 [INFO] Got response: 'OK'
client 2024-02-17 18:34:44,179 [INFO] Synchronizing with the server and with ib-01.dc4-in.nvidia.com...
client 2024-02-17 18:34:44,394 [INFO] NTP:offset = -0.001 s, delay = 0.213 s 
client 2024-02-17 18:34:44,394 [INFO] Sending command to the server: 'time'
client 2024-02-17 18:34:44,396 [INFO] Got response: '1708194884.393346'
client 2024-02-17 18:34:44,396 [INFO] The time difference between the client and the server is within range 1.186 ms..2.727 ms
client 2024-02-17 18:34:44,396 [INFO] Sending command to the server: 'new,,1a910803-3826-4b17-bc5e-690e0e98257e'
client 2024-02-17 18:34:44,397 [INFO] Got response: 'OK 2024-02-17_10-34-44,0caeeadb-77c9-46eb-aa45-6f935bd3eeff'
client 2024-02-17 18:34:44,397 [INFO] Session id is '2024-02-17_10-34-44'
client 2024-02-17 18:34:44,398 [INFO] Sources: {"sources": {"__init__.py": "da39a3ee5e6b4b0d3255bfef95601890afd80709", "client.py": "33ca4f26368777ac06e01f9567b714a4b8063886", "lib/__init__.py": "da39a3ee5e6b4b0d3255bfef95601890afd80709", "lib/client.py": "ac2aa093c8e8bbc9569b9e2a3471bc64e58a2258", "lib/common.py": "611d8b29633d331eb19c9455ea3b5fa3284ed6df", "lib/external/__init__.py": "da39a3ee5e6b4b0d3255bfef95601890afd80709", "lib/external/ntplib.py": "4da8f970656505a40483206ef2b5d3dd5e81711d", "lib/server.py": "99303c836c683aa9017ec565104e636161d02acb", "lib/source_hashes.py": "60a2e02193209e8d392803326208d5466342da18", "lib/summary.py": "aa92f0a3f975eecd44d3c0cd0236342ccc9f941d", "lib/time_sync.py": "80894ef2389e540781ff78de94db16aa4203a14e", "server.py": "c3f90f2f7eeb4db30727556d0c815ebc89b3d28b", "tests/unit/__init__.py": "da39a3ee5e6b4b0d3255bfef95601890afd80709", "tests/unit/test_server.py": "948c1995d4008bc2aa6c4046a34ffa3858d6d671", "tests/unit/test_source_hashes.py": "00468a2907583c593e6574a1f6b404e4651c221a"}, "modules": {"ptd_client_server.lib.client": "lib/client.py", "ptd_client_server.lib.common": "lib/common.py", "ptd_client_server.lib.external.ntplib": "lib/external/ntplib.py", "ptd_client_server.lib.source_hashes": "lib/source_hashes.py", "ptd_client_server.lib.summary": "lib/summary.py", "ptd_client_server.lib.time_sync": "lib/time_sync.py"}}
client 2024-02-17 18:34:44,402 [INFO] Running workload in ranging mode
client 2024-02-17 18:34:44,402 [INFO] Synchronizing with the server and with ib-01.dc4-in.nvidia.com...
client 2024-02-17 18:34:44,615 [INFO] NTP:offset = -0.001 s, delay = 0.212 s 
client 2024-02-17 18:34:44,615 [INFO] Sending command to the server: 'time'
client 2024-02-17 18:34:44,617 [INFO] Got response: '1708194884.6144845'
client 2024-02-17 18:34:44,617 [INFO] The time difference between the client and the server is within range 1.163 ms..2.906 ms
client 2024-02-17 18:34:44,617 [INFO] Sending command to the server: 'session,2024-02-17_10-34-44,start,ranging'
client 2024-02-17 18:35:24,529 [INFO] Got response: 'OK'
client 2024-02-17 18:35:24,529 [INFO] Sending command to the server: 'time'
client 2024-02-17 18:35:24,530 [INFO] Got response: '1708194924.5283034'
client 2024-02-17 18:35:24,530 [INFO] The time difference between the client and the server is within range 1.211 ms..2.611 ms
client 2024-02-17 18:35:24,530 [INFO] Running the workload 'LOG_DIR=/work/build/power_logs_temp python3.8 -m code.main --benchmarks=dlrmv2 --scenarios=Server --config_ver=maxq --test_mode=PerformanceOnly --action="run_harness" \\\n\t\t2>&1 | tee -a /work/build/power_logs/2024.02.17-18.33.54/stdout.txt \\\n\t\t&& if [ ! -d /work/build/power_logs/2024.02.17-18.33.54/ranging_tmp ]; \\\n\t\t\tthen mkdir /work/build/power_logs/2024.02.17-18.33.54/ranging_tmp \\\n\t\t\t\t&& mv /work/build/power_logs_temp/* /work/build/power_logs/2024.02.17-18.33.54/ranging_tmp/ \\\n\t\t\t\t&& cp -v /work/build/power_logs/2024.02.17-18.33.54/ranging_tmp/*/*/*/mlperf_log_detail.txt /work/build/power_logs_temp/ \\\n\t\t\t\t&& cp -v /work/build/power_logs/2024.02.17-18.33.54/ranging_tmp/*/*/*/mlperf_log_summary.txt /work/build/power_logs_temp/; \\\n\t\t\telse mkdir /work/build/power_logs/2024.02.17-18.33.54/testing_tmp \\\n\t\t\t\t&& mv /work/build/power_logs_temp/* /work/build/power_logs/2024.02.17-18.33.54/testing_tmp/ \\\n\t\t\t\t&& cp -v /work/build/power_logs/2024.02.17-18.33.54/testing_tmp/*/*/*/mlperf_log_detail.txt /work/build/power_logs_temp/ \\\n\t\t\t\t&& cp -v /work/build/power_logs/2024.02.17-18.33.54/testing_tmp/*/*/*/mlperf_log_summary.txt /work/build/power_logs_temp/; fi'
client 2024-02-17 18:55:19,324 [INFO] Sending command to the server: 'time'
client 2024-02-17 18:55:19,326 [INFO] Got response: '1708196119.3235533'
client 2024-02-17 18:55:19,326 [INFO] The time difference between the client and the server is within range 0.671 ms..2.675 ms
client 2024-02-17 18:55:19,326 [INFO] Sending command to the server: 'session,2024-02-17_10-34-44,stop,ranging'
client 2024-02-17 18:55:29,643 [INFO] Got response: 'OK'
client 2024-02-17 18:55:29,643 [INFO] Sending command to the server: 'time'
client 2024-02-17 18:55:29,644 [INFO] Got response: '1708196129.6425922'
client 2024-02-17 18:55:29,644 [INFO] The time difference between the client and the server is within range 1.053 ms..2.382 ms
client 2024-02-17 18:55:29,699 [INFO] Copying loadgen logs from '/work/build/power_logs_temp' to '/work/build/power_logs/2024.02.17-18.33.54/2024-02-17_10-34-44/ranging'
client 2024-02-17 18:55:29,729 [INFO] Running workload in testing mode
client 2024-02-17 18:55:29,729 [INFO] Synchronizing with the server and with ib-01.dc4-in.nvidia.com...
client 2024-02-17 18:55:29,954 [INFO] NTP:offset = 0.000 s, delay = 0.223 s 
client 2024-02-17 18:55:29,954 [INFO] Sending command to the server: 'time'
client 2024-02-17 18:55:29,955 [INFO] Got response: '1708196129.9533913'
client 2024-02-17 18:55:29,955 [INFO] The time difference between the client and the server is within range 1.042 ms..2.578 ms
client 2024-02-17 18:55:29,956 [INFO] Sending command to the server: 'session,2024-02-17_10-34-44,start,testing'
client 2024-02-17 18:55:51,579 [INFO] Got response: 'OK'
client 2024-02-17 18:55:51,579 [INFO] Sending command to the server: 'time'
client 2024-02-17 18:55:51,580 [INFO] Got response: '1708196151.5782897'
client 2024-02-17 18:55:51,580 [INFO] The time difference between the client and the server is within range 1.040 ms..2.464 ms
client 2024-02-17 18:55:51,580 [INFO] Running the workload 'LOG_DIR=/work/build/power_logs_temp python3.8 -m code.main --benchmarks=dlrmv2 --scenarios=Server --config_ver=maxq --test_mode=PerformanceOnly --action="run_harness" \\\n\t\t2>&1 | tee -a /work/build/power_logs/2024.02.17-18.33.54/stdout.txt \\\n\t\t&& if [ ! -d /work/build/power_logs/2024.02.17-18.33.54/ranging_tmp ]; \\\n\t\t\tthen mkdir /work/build/power_logs/2024.02.17-18.33.54/ranging_tmp \\\n\t\t\t\t&& mv /work/build/power_logs_temp/* /work/build/power_logs/2024.02.17-18.33.54/ranging_tmp/ \\\n\t\t\t\t&& cp -v /work/build/power_logs/2024.02.17-18.33.54/ranging_tmp/*/*/*/mlperf_log_detail.txt /work/build/power_logs_temp/ \\\n\t\t\t\t&& cp -v /work/build/power_logs/2024.02.17-18.33.54/ranging_tmp/*/*/*/mlperf_log_summary.txt /work/build/power_logs_temp/; \\\n\t\t\telse mkdir /work/build/power_logs/2024.02.17-18.33.54/testing_tmp \\\n\t\t\t\t&& mv /work/build/power_logs_temp/* /work/build/power_logs/2024.02.17-18.33.54/testing_tmp/ \\\n\t\t\t\t&& cp -v /work/build/power_logs/2024.02.17-18.33.54/testing_tmp/*/*/*/mlperf_log_detail.txt /work/build/power_logs_temp/ \\\n\t\t\t\t&& cp -v /work/build/power_logs/2024.02.17-18.33.54/testing_tmp/*/*/*/mlperf_log_summary.txt /work/build/power_logs_temp/; fi'
client 2024-02-17 19:15:44,245 [INFO] Sending command to the server: 'time'
client 2024-02-17 19:15:44,247 [INFO] Got response: '1708197344.2469876'
client 2024-02-17 19:15:44,247 [INFO] The time difference between the client and the server is within range -1.364 ms..0.639 ms
client 2024-02-17 19:15:44,247 [INFO] Sending command to the server: 'session,2024-02-17_10-34-44,stop,testing'
client 2024-02-17 19:15:54,660 [INFO] Got response: 'OK'
client 2024-02-17 19:15:54,660 [INFO] Sending command to the server: 'time'
client 2024-02-17 19:15:54,661 [INFO] Got response: '1708197354.6612856'
client 2024-02-17 19:15:54,661 [INFO] The time difference between the client and the server is within range -0.736 ms..0.374 ms
client 2024-02-17 19:15:54,755 [INFO] Copying loadgen logs from '/work/build/power_logs_temp' to '/work/build/power_logs/2024.02.17-18.33.54/2024-02-17_10-34-44/run_1'
client 2024-02-17 19:15:54,782 [INFO] Done runs
