client 2024-01-30 20:54:21,804 [INFO] Creating output directory '/home/arjun/results_dir/valid_results/orin-tflite_cpp-cpu-tflite-vmaster-with_live_preprocessing/mobilenet-v1-precision_float-1.0-160/singlestream/performance/tmp_power'
client 2024-01-30 20:54:21,964 [INFO] Sending command to the server: 'mlcommons/power client v3'
client 2024-01-30 20:54:21,967 [INFO] Got response: 'mlcommons/power server v3'
client 2024-01-30 20:54:21,967 [INFO] Synchronizing with the server and with time.google.com...
client 2024-01-30 20:54:21,997 [INFO] NTP:offset = -0.004 s, delay = 0.022 s 
client 2024-01-30 20:54:21,997 [INFO] Sending command to the server: 'time'
client 2024-01-30 20:54:22,001 [INFO] Got response: '1706648061.9984543'
client 2024-01-30 20:54:22,001 [INFO] The time difference between the client and the server is within range -1.197 ms..3.266 ms
client 2024-01-30 20:54:22,002 [INFO] Sending command to the server: 'new,,cadcf094-5346-4333-a985-2e1fe5fca2c5'
client 2024-01-30 20:54:22,006 [INFO] Got response: 'OK 2024-01-30_20-54-22,54c5cd1c-f142-42f3-828a-d71498977513'
client 2024-01-30 20:54:22,007 [INFO] Session id is '2024-01-30_20-54-22'
client 2024-01-30 20:54:22,007 [INFO] Sources: {"sources": {"__init__.py": "da39a3ee5e6b4b0d3255bfef95601890afd80709", "client.py": "33ca4f26368777ac06e01f9567b714a4b8063886", "lib/__init__.py": "da39a3ee5e6b4b0d3255bfef95601890afd80709", "lib/client.py": "ac2aa093c8e8bbc9569b9e2a3471bc64e58a2258", "lib/common.py": "611d8b29633d331eb19c9455ea3b5fa3284ed6df", "lib/external/__init__.py": "da39a3ee5e6b4b0d3255bfef95601890afd80709", "lib/external/ntplib.py": "4da8f970656505a40483206ef2b5d3dd5e81711d", "lib/server.py": "99303c836c683aa9017ec565104e636161d02acb", "lib/source_hashes.py": "60a2e02193209e8d392803326208d5466342da18", "lib/summary.py": "aa92f0a3f975eecd44d3c0cd0236342ccc9f941d", "lib/time_sync.py": "80894ef2389e540781ff78de94db16aa4203a14e", "server.py": "c3f90f2f7eeb4db30727556d0c815ebc89b3d28b", "tests/unit/__init__.py": "da39a3ee5e6b4b0d3255bfef95601890afd80709", "tests/unit/test_server.py": "948c1995d4008bc2aa6c4046a34ffa3858d6d671", "tests/unit/test_source_hashes.py": "00468a2907583c593e6574a1f6b404e4651c221a"}, "modules": {"ptd_client_server.lib.client": "lib/client.py", "ptd_client_server.lib.common": "lib/common.py", "ptd_client_server.lib.external.ntplib": "lib/external/ntplib.py", "ptd_client_server.lib.source_hashes": "lib/source_hashes.py", "ptd_client_server.lib.summary": "lib/summary.py", "ptd_client_server.lib.time_sync": "lib/time_sync.py"}}
client 2024-01-30 20:54:22,008 [INFO] Running workload in ranging mode
client 2024-01-30 20:54:22,008 [INFO] Synchronizing with the server and with time.google.com...
client 2024-01-30 20:54:22,031 [INFO] NTP:offset = -0.004 s, delay = 0.021 s 
client 2024-01-30 20:54:22,031 [INFO] Sending command to the server: 'time'
client 2024-01-30 20:54:22,035 [INFO] Got response: '1706648062.032566'
client 2024-01-30 20:54:22,035 [INFO] The time difference between the client and the server is within range -0.846 ms..3.003 ms
client 2024-01-30 20:54:22,035 [INFO] Sending command to the server: 'session,2024-01-30_20-54-22,start,ranging'
client 2024-01-30 20:54:50,117 [INFO] Got response: 'OK'
client 2024-01-30 20:54:50,119 [INFO] Sending command to the server: 'time'
client 2024-01-30 20:54:50,123 [INFO] Got response: '1706648090.1205587'
client 2024-01-30 20:54:50,123 [INFO] The time difference between the client and the server is within range -0.774 ms..3.123 ms
client 2024-01-30 20:54:50,124 [INFO] Running the workload 'CM_MLPERF_RUN_COUNT=$(cat ${CM_RUN_DIR}/count.txt); echo ${CM_MLPERF_RUN_COUNT}; CM_MLPERF_RUN_COUNT=$((CM_MLPERF_RUN_COUNT+1)); echo ${CM_MLPERF_RUN_COUNT} > ${CM_RUN_DIR}/count.txt && if [ ${CM_MLPERF_RUN_COUNT} -eq "1" ]; then export CM_MLPERF_USER_CONF=${CM_MLPERF_RANGING_USER_CONF}; else export CM_MLPERF_USER_CONF=${CM_MLPERF_TESTING_USER_CONF}; fi && /home/arjun/run.out'
client 2024-01-30 20:59:55,489 [INFO] Sending command to the server: 'time'
client 2024-01-30 20:59:55,696 [INFO] Got response: '1706648395.6931999'
client 2024-01-30 20:59:55,697 [INFO] The time difference between the client and the server is within range -204.113 ms..3.896 ms
client 2024-01-30 20:59:55,697 [INFO] Sending command to the server: 'session,2024-01-30_20-54-22,stop,ranging'
client 2024-01-30 21:00:06,231 [INFO] Got response: 'OK'
client 2024-01-30 21:00:06,232 [INFO] Sending command to the server: 'time'
client 2024-01-30 21:00:06,236 [INFO] Got response: '1706648406.2326205'
client 2024-01-30 21:00:06,237 [INFO] The time difference between the client and the server is within range -0.531 ms..4.356 ms
client 2024-01-30 21:00:06,253 [INFO] Copying loadgen logs from '/home/arjun/results_dir/valid_results/orin-tflite_cpp-cpu-tflite-vmaster-with_live_preprocessing/mobilenet-v1-precision_float-1.0-160/singlestream/performance/run_1' to '/home/arjun/results_dir/valid_results/orin-tflite_cpp-cpu-tflite-vmaster-with_live_preprocessing/mobilenet-v1-precision_float-1.0-160/singlestream/performance/tmp_power/ranging'
client 2024-01-30 21:00:06,256 [INFO] Running workload in testing mode
client 2024-01-30 21:00:06,256 [INFO] Synchronizing with the server and with time.google.com...
client 2024-01-30 21:00:06,281 [INFO] NTP:offset = -0.003 s, delay = 0.021 s 
client 2024-01-30 21:00:06,282 [INFO] Sending command to the server: 'time'
client 2024-01-30 21:00:06,286 [INFO] Got response: '1706648406.283735'
client 2024-01-30 21:00:06,286 [INFO] The time difference between the client and the server is within range -1.589 ms..3.085 ms
client 2024-01-30 21:00:06,287 [INFO] Sending command to the server: 'session,2024-01-30_20-54-22,start,testing'
client 2024-01-30 21:00:19,309 [INFO] Got response: 'OK'
client 2024-01-30 21:00:19,310 [INFO] Sending command to the server: 'time'
client 2024-01-30 21:00:19,313 [INFO] Got response: '1706648419.3111372'
client 2024-01-30 21:00:19,313 [INFO] The time difference between the client and the server is within range -0.817 ms..2.569 ms
client 2024-01-30 21:00:19,314 [INFO] Running the workload 'CM_MLPERF_RUN_COUNT=$(cat ${CM_RUN_DIR}/count.txt); echo ${CM_MLPERF_RUN_COUNT}; CM_MLPERF_RUN_COUNT=$((CM_MLPERF_RUN_COUNT+1)); echo ${CM_MLPERF_RUN_COUNT} > ${CM_RUN_DIR}/count.txt && if [ ${CM_MLPERF_RUN_COUNT} -eq "1" ]; then export CM_MLPERF_USER_CONF=${CM_MLPERF_RANGING_USER_CONF}; else export CM_MLPERF_USER_CONF=${CM_MLPERF_TESTING_USER_CONF}; fi && /home/arjun/run.out'
client 2024-01-30 21:10:23,693 [INFO] Sending command to the server: 'time'
client 2024-01-30 21:10:23,698 [INFO] Got response: '1706649023.6954641'
client 2024-01-30 21:10:23,698 [INFO] The time difference between the client and the server is within range -1.996 ms..3.050 ms
client 2024-01-30 21:10:23,698 [INFO] Sending command to the server: 'session,2024-01-30_20-54-22,stop,testing'
client 2024-01-30 21:10:34,373 [INFO] Got response: 'OK'
client 2024-01-30 21:10:34,374 [INFO] Sending command to the server: 'time'
client 2024-01-30 21:10:34,377 [INFO] Got response: '1706649034.3753276'
client 2024-01-30 21:10:34,377 [INFO] The time difference between the client and the server is within range -1.056 ms..2.403 ms
client 2024-01-30 21:10:34,382 [INFO] Copying loadgen logs from '/home/arjun/results_dir/valid_results/orin-tflite_cpp-cpu-tflite-vmaster-with_live_preprocessing/mobilenet-v1-precision_float-1.0-160/singlestream/performance/run_1' to '/home/arjun/results_dir/valid_results/orin-tflite_cpp-cpu-tflite-vmaster-with_live_preprocessing/mobilenet-v1-precision_float-1.0-160/singlestream/performance/tmp_power/run_1'
client 2024-01-30 21:10:34,384 [INFO] Done runs
