client 2024-01-29 18:24:12,826 [INFO] Creating output directory '/home/arjun/results_dir/valid_results/orin-tflite_cpp-cpu-tflite-vmaster-default_config/efficientnet-int8-lite2/singlestream/performance/tmp_power'
client 2024-01-29 18:24:12,858 [INFO] Sending command to the server: 'mlcommons/power client v3'
client 2024-01-29 18:24:12,862 [INFO] Got response: 'mlcommons/power server v3'
client 2024-01-29 18:24:12,862 [INFO] Synchronizing with the server and with time.google.com...
client 2024-01-29 18:24:12,895 [INFO] NTP:offset = -0.007 s, delay = 0.026 s 
client 2024-01-29 18:24:12,895 [INFO] Sending command to the server: 'time'
client 2024-01-29 18:24:12,898 [INFO] Got response: '1706552652.8997192'
client 2024-01-29 18:24:12,898 [INFO] The time difference between the client and the server is within range -3.954 ms..-1.102 ms
client 2024-01-29 18:24:12,898 [INFO] Sending command to the server: 'new,,856074f5-d366-4159-b7fa-8cc7c81cb271'
client 2024-01-29 18:24:12,901 [INFO] Got response: 'OK 2024-01-29_18-24-12,dc821161-6dd6-4166-aa6f-348cdb770a0c'
client 2024-01-29 18:24:12,901 [INFO] Session id is '2024-01-29_18-24-12'
client 2024-01-29 18:24:12,901 [INFO] Sources: {"sources": {"__init__.py": "da39a3ee5e6b4b0d3255bfef95601890afd80709", "client.py": "33ca4f26368777ac06e01f9567b714a4b8063886", "lib/__init__.py": "da39a3ee5e6b4b0d3255bfef95601890afd80709", "lib/client.py": "ac2aa093c8e8bbc9569b9e2a3471bc64e58a2258", "lib/common.py": "611d8b29633d331eb19c9455ea3b5fa3284ed6df", "lib/external/__init__.py": "da39a3ee5e6b4b0d3255bfef95601890afd80709", "lib/external/ntplib.py": "4da8f970656505a40483206ef2b5d3dd5e81711d", "lib/server.py": "99303c836c683aa9017ec565104e636161d02acb", "lib/source_hashes.py": "60a2e02193209e8d392803326208d5466342da18", "lib/summary.py": "aa92f0a3f975eecd44d3c0cd0236342ccc9f941d", "lib/time_sync.py": "80894ef2389e540781ff78de94db16aa4203a14e", "server.py": "c3f90f2f7eeb4db30727556d0c815ebc89b3d28b", "tests/unit/__init__.py": "da39a3ee5e6b4b0d3255bfef95601890afd80709", "tests/unit/test_server.py": "948c1995d4008bc2aa6c4046a34ffa3858d6d671", "tests/unit/test_source_hashes.py": "00468a2907583c593e6574a1f6b404e4651c221a"}, "modules": {"ptd_client_server.lib.client": "lib/client.py", "ptd_client_server.lib.common": "lib/common.py", "ptd_client_server.lib.external.ntplib": "lib/external/ntplib.py", "ptd_client_server.lib.source_hashes": "lib/source_hashes.py", "ptd_client_server.lib.summary": "lib/summary.py", "ptd_client_server.lib.time_sync": "lib/time_sync.py"}}
client 2024-01-29 18:24:12,902 [INFO] Running workload in ranging mode
client 2024-01-29 18:24:12,902 [INFO] Synchronizing with the server and with time.google.com...
client 2024-01-29 18:24:12,925 [INFO] NTP:offset = -0.004 s, delay = 0.021 s 
client 2024-01-29 18:24:12,925 [INFO] Sending command to the server: 'time'
client 2024-01-29 18:24:12,928 [INFO] Got response: '1706552652.9292343'
client 2024-01-29 18:24:12,928 [INFO] The time difference between the client and the server is within range -3.890 ms..-0.749 ms
client 2024-01-29 18:24:12,928 [INFO] Sending command to the server: 'session,2024-01-29_18-24-12,start,ranging'
client 2024-01-29 18:24:41,009 [INFO] Got response: 'OK'
client 2024-01-29 18:24:41,011 [INFO] Sending command to the server: 'time'
client 2024-01-29 18:24:41,014 [INFO] Got response: '1706552681.0157747'
client 2024-01-29 18:24:41,015 [INFO] The time difference between the client and the server is within range -4.288 ms..-0.601 ms
client 2024-01-29 18:24:41,015 [INFO] Running the workload 'CM_MLPERF_RUN_COUNT=$(cat ${CM_RUN_DIR}/count.txt); echo ${CM_MLPERF_RUN_COUNT}; CM_MLPERF_RUN_COUNT=$((CM_MLPERF_RUN_COUNT+1)); echo ${CM_MLPERF_RUN_COUNT} > ${CM_RUN_DIR}/count.txt && if [ ${CM_MLPERF_RUN_COUNT} -eq "1" ]; then export CM_MLPERF_USER_CONF=${CM_MLPERF_RANGING_USER_CONF}; else export CM_MLPERF_USER_CONF=${CM_MLPERF_TESTING_USER_CONF}; fi && /mnt/CM/repos/ctuning@mlcommons-ck/cm-mlops/script/benchmark-any-mlperf-inference-implementation/run.out'
client 2024-01-29 18:29:48,195 [INFO] Sending command to the server: 'time'
client 2024-01-29 18:29:48,330 [INFO] Got response: '1706552988.3301568'
client 2024-01-29 18:29:48,331 [INFO] The time difference between the client and the server is within range -134.902 ms..0.990 ms
client 2024-01-29 18:29:48,331 [INFO] Sending command to the server: 'session,2024-01-29_18-24-12,stop,ranging'
client 2024-01-29 18:29:59,120 [INFO] Got response: 'OK'
client 2024-01-29 18:29:59,120 [INFO] Sending command to the server: 'time'
client 2024-01-29 18:29:59,124 [INFO] Got response: '1706552999.1254745'
client 2024-01-29 18:29:59,124 [INFO] The time difference between the client and the server is within range -4.602 ms..-0.737 ms
client 2024-01-29 18:29:59,143 [INFO] Copying loadgen logs from '/home/arjun/results_dir/valid_results/orin-tflite_cpp-cpu-tflite-vmaster-default_config/efficientnet-int8-lite2/singlestream/performance/run_1' to '/home/arjun/results_dir/valid_results/orin-tflite_cpp-cpu-tflite-vmaster-default_config/efficientnet-int8-lite2/singlestream/performance/tmp_power/ranging'
client 2024-01-29 18:29:59,145 [INFO] Running workload in testing mode
client 2024-01-29 18:29:59,146 [INFO] Synchronizing with the server and with time.google.com...
client 2024-01-29 18:29:59,173 [INFO] NTP:offset = -0.004 s, delay = 0.021 s 
client 2024-01-29 18:29:59,173 [INFO] Sending command to the server: 'time'
client 2024-01-29 18:29:59,176 [INFO] Got response: '1706552999.177799'
client 2024-01-29 18:29:59,176 [INFO] The time difference between the client and the server is within range -4.206 ms..-1.090 ms
client 2024-01-29 18:29:59,176 [INFO] Sending command to the server: 'session,2024-01-29_18-24-12,start,testing'
client 2024-01-29 18:30:12,196 [INFO] Got response: 'OK'
client 2024-01-29 18:30:12,198 [INFO] Sending command to the server: 'time'
client 2024-01-29 18:30:12,201 [INFO] Got response: '1706553012.2025049'
client 2024-01-29 18:30:12,201 [INFO] The time difference between the client and the server is within range -4.525 ms..-0.851 ms
client 2024-01-29 18:30:12,201 [INFO] Running the workload 'CM_MLPERF_RUN_COUNT=$(cat ${CM_RUN_DIR}/count.txt); echo ${CM_MLPERF_RUN_COUNT}; CM_MLPERF_RUN_COUNT=$((CM_MLPERF_RUN_COUNT+1)); echo ${CM_MLPERF_RUN_COUNT} > ${CM_RUN_DIR}/count.txt && if [ ${CM_MLPERF_RUN_COUNT} -eq "1" ]; then export CM_MLPERF_USER_CONF=${CM_MLPERF_RANGING_USER_CONF}; else export CM_MLPERF_USER_CONF=${CM_MLPERF_TESTING_USER_CONF}; fi && /mnt/CM/repos/ctuning@mlcommons-ck/cm-mlops/script/benchmark-any-mlperf-inference-implementation/run.out'
client 2024-01-29 18:40:16,660 [INFO] Sending command to the server: 'time'
client 2024-01-29 18:40:16,665 [INFO] Got response: '1706553616.6663206'
client 2024-01-29 18:40:16,665 [INFO] The time difference between the client and the server is within range -5.511 ms..-0.991 ms
client 2024-01-29 18:40:16,665 [INFO] Sending command to the server: 'session,2024-01-29_18-24-12,stop,testing'
client 2024-01-29 18:40:27,256 [INFO] Got response: 'OK'
client 2024-01-29 18:40:27,257 [INFO] Sending command to the server: 'time'
client 2024-01-29 18:40:27,260 [INFO] Got response: '1706553627.2621474'
client 2024-01-29 18:40:27,260 [INFO] The time difference between the client and the server is within range -4.459 ms..-1.266 ms
client 2024-01-29 18:40:27,265 [INFO] Copying loadgen logs from '/home/arjun/results_dir/valid_results/orin-tflite_cpp-cpu-tflite-vmaster-default_config/efficientnet-int8-lite2/singlestream/performance/run_1' to '/home/arjun/results_dir/valid_results/orin-tflite_cpp-cpu-tflite-vmaster-default_config/efficientnet-int8-lite2/singlestream/performance/tmp_power/run_1'
client 2024-01-29 18:40:27,267 [INFO] Done runs
