client 2024-01-29 03:29:43,346 [INFO] Creating output directory '/home/arjun/results_dir/valid_results/orin-tflite_cpp-cpu-tflite-vmaster-default_config/mobilenet-v1-precision_float-0.5-128/singlestream/performance/tmp_power'
client 2024-01-29 03:29:43,428 [INFO] Sending command to the server: 'mlcommons/power client v3'
client 2024-01-29 03:29:43,432 [INFO] Got response: 'mlcommons/power server v3'
client 2024-01-29 03:29:43,433 [INFO] Synchronizing with the server and with time.google.com...
client 2024-01-29 03:29:43,462 [INFO] NTP:offset = -0.004 s, delay = 0.020 s 
client 2024-01-29 03:29:43,462 [INFO] Sending command to the server: 'time'
client 2024-01-29 03:29:43,465 [INFO] Got response: '1706498983.4653835'
client 2024-01-29 03:29:43,465 [INFO] The time difference between the client and the server is within range -2.862 ms..0.107 ms
client 2024-01-29 03:29:43,465 [INFO] Sending command to the server: 'new,,01e6578a-6f67-4eb8-921b-9562f2dd10e1'
client 2024-01-29 03:29:43,468 [INFO] Got response: 'OK 2024-01-29_03-29-43,ac1c906a-b4d1-4559-b02f-eeaa9ef78224'
client 2024-01-29 03:29:43,468 [INFO] Session id is '2024-01-29_03-29-43'
client 2024-01-29 03:29:43,469 [INFO] Sources: {"sources": {"__init__.py": "da39a3ee5e6b4b0d3255bfef95601890afd80709", "client.py": "33ca4f26368777ac06e01f9567b714a4b8063886", "lib/__init__.py": "da39a3ee5e6b4b0d3255bfef95601890afd80709", "lib/client.py": "ac2aa093c8e8bbc9569b9e2a3471bc64e58a2258", "lib/common.py": "611d8b29633d331eb19c9455ea3b5fa3284ed6df", "lib/external/__init__.py": "da39a3ee5e6b4b0d3255bfef95601890afd80709", "lib/external/ntplib.py": "4da8f970656505a40483206ef2b5d3dd5e81711d", "lib/server.py": "99303c836c683aa9017ec565104e636161d02acb", "lib/source_hashes.py": "60a2e02193209e8d392803326208d5466342da18", "lib/summary.py": "aa92f0a3f975eecd44d3c0cd0236342ccc9f941d", "lib/time_sync.py": "80894ef2389e540781ff78de94db16aa4203a14e", "server.py": "c3f90f2f7eeb4db30727556d0c815ebc89b3d28b", "tests/unit/__init__.py": "da39a3ee5e6b4b0d3255bfef95601890afd80709", "tests/unit/test_server.py": "948c1995d4008bc2aa6c4046a34ffa3858d6d671", "tests/unit/test_source_hashes.py": "00468a2907583c593e6574a1f6b404e4651c221a"}, "modules": {"ptd_client_server.lib.client": "lib/client.py", "ptd_client_server.lib.common": "lib/common.py", "ptd_client_server.lib.external.ntplib": "lib/external/ntplib.py", "ptd_client_server.lib.source_hashes": "lib/source_hashes.py", "ptd_client_server.lib.summary": "lib/summary.py", "ptd_client_server.lib.time_sync": "lib/time_sync.py"}}
client 2024-01-29 03:29:43,469 [INFO] Running workload in ranging mode
client 2024-01-29 03:29:43,469 [INFO] Synchronizing with the server and with time.google.com...
client 2024-01-29 03:29:43,492 [INFO] NTP:offset = -0.004 s, delay = 0.020 s 
client 2024-01-29 03:29:43,492 [INFO] Sending command to the server: 'time'
client 2024-01-29 03:29:43,495 [INFO] Got response: '1706498983.4952211'
client 2024-01-29 03:29:43,496 [INFO] The time difference between the client and the server is within range -2.645 ms..0.770 ms
client 2024-01-29 03:29:43,496 [INFO] Sending command to the server: 'session,2024-01-29_03-29-43,start,ranging'
client 2024-01-29 03:30:11,571 [INFO] Got response: 'OK'
client 2024-01-29 03:30:11,573 [INFO] Sending command to the server: 'time'
client 2024-01-29 03:30:11,576 [INFO] Got response: '1706499011.576216'
client 2024-01-29 03:30:11,577 [INFO] The time difference between the client and the server is within range -2.974 ms..1.016 ms
client 2024-01-29 03:30:11,577 [INFO] Running the workload 'CM_MLPERF_RUN_COUNT=$(cat ${CM_RUN_DIR}/count.txt); echo ${CM_MLPERF_RUN_COUNT}; CM_MLPERF_RUN_COUNT=$((CM_MLPERF_RUN_COUNT+1)); echo ${CM_MLPERF_RUN_COUNT} > ${CM_RUN_DIR}/count.txt && if [ ${CM_MLPERF_RUN_COUNT} -eq "1" ]; then export CM_MLPERF_USER_CONF=${CM_MLPERF_RANGING_USER_CONF}; else export CM_MLPERF_USER_CONF=${CM_MLPERF_TESTING_USER_CONF}; fi && /mnt/CM/repos/ctuning@mlcommons-ck/cm-mlops/script/benchmark-any-mlperf-inference-implementation/run.out'
client 2024-01-29 03:35:14,051 [INFO] Sending command to the server: 'time'
client 2024-01-29 03:35:14,077 [INFO] Got response: '1706499314.0765028'
client 2024-01-29 03:35:14,078 [INFO] The time difference between the client and the server is within range -24.915 ms..1.811 ms
client 2024-01-29 03:35:14,078 [INFO] Sending command to the server: 'session,2024-01-29_03-29-43,stop,ranging'
client 2024-01-29 03:35:24,637 [INFO] Got response: 'OK'
client 2024-01-29 03:35:24,637 [INFO] Sending command to the server: 'time'
client 2024-01-29 03:35:24,640 [INFO] Got response: '1706499324.6406126'
client 2024-01-29 03:35:24,641 [INFO] The time difference between the client and the server is within range -2.702 ms..0.679 ms
client 2024-01-29 03:35:24,657 [INFO] Copying loadgen logs from '/home/arjun/results_dir/valid_results/orin-tflite_cpp-cpu-tflite-vmaster-default_config/mobilenet-v1-precision_float-0.5-128/singlestream/performance/run_1' to '/home/arjun/results_dir/valid_results/orin-tflite_cpp-cpu-tflite-vmaster-default_config/mobilenet-v1-precision_float-0.5-128/singlestream/performance/tmp_power/ranging'
client 2024-01-29 03:35:24,660 [INFO] Running workload in testing mode
client 2024-01-29 03:35:24,660 [INFO] Synchronizing with the server and with time.google.com...
client 2024-01-29 03:35:24,683 [INFO] NTP:offset = -0.004 s, delay = 0.018 s 
client 2024-01-29 03:35:24,684 [INFO] Sending command to the server: 'time'
client 2024-01-29 03:35:24,686 [INFO] Got response: '1706499324.686917'
client 2024-01-29 03:35:24,687 [INFO] The time difference between the client and the server is within range -2.796 ms..0.095 ms
client 2024-01-29 03:35:24,687 [INFO] Sending command to the server: 'session,2024-01-29_03-29-43,start,testing'
client 2024-01-29 03:35:37,699 [INFO] Got response: 'OK'
client 2024-01-29 03:35:37,700 [INFO] Sending command to the server: 'time'
client 2024-01-29 03:35:37,703 [INFO] Got response: '1706499337.7028334'
client 2024-01-29 03:35:37,703 [INFO] The time difference between the client and the server is within range -2.606 ms..1.031 ms
client 2024-01-29 03:35:37,704 [INFO] Running the workload 'CM_MLPERF_RUN_COUNT=$(cat ${CM_RUN_DIR}/count.txt); echo ${CM_MLPERF_RUN_COUNT}; CM_MLPERF_RUN_COUNT=$((CM_MLPERF_RUN_COUNT+1)); echo ${CM_MLPERF_RUN_COUNT} > ${CM_RUN_DIR}/count.txt && if [ ${CM_MLPERF_RUN_COUNT} -eq "1" ]; then export CM_MLPERF_USER_CONF=${CM_MLPERF_RANGING_USER_CONF}; else export CM_MLPERF_USER_CONF=${CM_MLPERF_TESTING_USER_CONF}; fi && /mnt/CM/repos/ctuning@mlcommons-ck/cm-mlops/script/benchmark-any-mlperf-inference-implementation/run.out'
client 2024-01-29 03:45:42,111 [INFO] Sending command to the server: 'time'
client 2024-01-29 03:45:42,316 [INFO] Got response: '1706499942.3152728'
client 2024-01-29 03:45:42,316 [INFO] The time difference between the client and the server is within range -203.759 ms..1.339 ms
client 2024-01-29 03:45:42,317 [INFO] Sending command to the server: 'session,2024-01-29_03-29-43,stop,testing'
client 2024-01-29 03:45:52,749 [INFO] Got response: 'OK'
client 2024-01-29 03:45:52,749 [INFO] Sending command to the server: 'time'
client 2024-01-29 03:45:52,753 [INFO] Got response: '1706499952.752482'
client 2024-01-29 03:45:52,753 [INFO] The time difference between the client and the server is within range -2.973 ms..0.887 ms
client 2024-01-29 03:45:52,758 [INFO] Copying loadgen logs from '/home/arjun/results_dir/valid_results/orin-tflite_cpp-cpu-tflite-vmaster-default_config/mobilenet-v1-precision_float-0.5-128/singlestream/performance/run_1' to '/home/arjun/results_dir/valid_results/orin-tflite_cpp-cpu-tflite-vmaster-default_config/mobilenet-v1-precision_float-0.5-128/singlestream/performance/tmp_power/run_1'
client 2024-01-29 03:45:52,760 [INFO] Done runs
