client 2024-01-26 11:50:08,173 [INFO] Creating output directory '/home/krai/work_collection/experiments_submission/generated_by_power_measurement_on_run_77b96c84dd1e4a18b3906c2e7a8f7632/power_logs'
client 2024-01-26 11:50:08,174 [INFO] Sending command to the server: 'mlcommons/power client v3'
client 2024-01-26 11:50:08,175 [INFO] Got response: 'mlcommons/power server v3'
client 2024-01-26 11:50:08,175 [INFO] Synchronizing with the server and with time.google.com...
client 2024-01-26 11:50:08,258 [INFO] NTP:offset = -0.007 s, delay = 0.079 s 
client 2024-01-26 11:50:08,258 [INFO] Sending command to the server: 'time'
client 2024-01-26 11:50:08,259 [INFO] Got response: '1706291408.2557483'
client 2024-01-26 11:50:08,260 [INFO] The time difference between the client and the server is within range 2.915 ms..4.250 ms
client 2024-01-26 11:50:08,260 [INFO] Sending command to the server: 'new,,f49b931b-4cbc-460f-94df-b4182cc089c2'
client 2024-01-26 11:50:08,261 [INFO] Got response: 'OK 2024-01-26_11-50-08,7b22b7d2-567c-4582-9aa8-d31b1624ae45'
client 2024-01-26 11:50:08,261 [INFO] Session id is '2024-01-26_11-50-08'
client 2024-01-26 11:50:08,261 [INFO] Sources: {"sources": {"__init__.py": "da39a3ee5e6b4b0d3255bfef95601890afd80709", "client.py": "33ca4f26368777ac06e01f9567b714a4b8063886", "lib/__init__.py": "da39a3ee5e6b4b0d3255bfef95601890afd80709", "lib/client.py": "ac2aa093c8e8bbc9569b9e2a3471bc64e58a2258", "lib/common.py": "611d8b29633d331eb19c9455ea3b5fa3284ed6df", "lib/external/__init__.py": "da39a3ee5e6b4b0d3255bfef95601890afd80709", "lib/external/ntplib.py": "4da8f970656505a40483206ef2b5d3dd5e81711d", "lib/server.py": "99303c836c683aa9017ec565104e636161d02acb", "lib/source_hashes.py": "60a2e02193209e8d392803326208d5466342da18", "lib/summary.py": "aa92f0a3f975eecd44d3c0cd0236342ccc9f941d", "lib/time_sync.py": "80894ef2389e540781ff78de94db16aa4203a14e", "server.py": "c3f90f2f7eeb4db30727556d0c815ebc89b3d28b", "tests/unit/__init__.py": "da39a3ee5e6b4b0d3255bfef95601890afd80709", "tests/unit/test_server.py": "948c1995d4008bc2aa6c4046a34ffa3858d6d671", "tests/unit/test_source_hashes.py": "00468a2907583c593e6574a1f6b404e4651c221a"}, "modules": {"ptd_client_server.lib.client": "lib/client.py", "ptd_client_server.lib.common": "lib/common.py", "ptd_client_server.lib.external.ntplib": "lib/external/ntplib.py", "ptd_client_server.lib.source_hashes": "lib/source_hashes.py", "ptd_client_server.lib.summary": "lib/summary.py", "ptd_client_server.lib.time_sync": "lib/time_sync.py"}}
client 2024-01-26 11:50:08,262 [INFO] Running workload in ranging mode
client 2024-01-26 11:50:08,262 [INFO] Synchronizing with the server and with time.google.com...
client 2024-01-26 11:50:08,336 [INFO] NTP:offset = -0.006 s, delay = 0.073 s 
client 2024-01-26 11:50:08,336 [INFO] Sending command to the server: 'time'
client 2024-01-26 11:50:08,337 [INFO] Got response: '1706291408.333442'
client 2024-01-26 11:50:08,337 [INFO] The time difference between the client and the server is within range 2.917 ms..4.309 ms
client 2024-01-26 11:50:08,337 [INFO] Sending command to the server: 'session,2024-01-26_11-50-08,start,ranging'
client 2024-01-26 11:50:37,433 [INFO] Got response: 'OK'
client 2024-01-26 11:50:37,433 [INFO] Sending command to the server: 'time'
client 2024-01-26 11:50:37,434 [INFO] Got response: '1706291437.430507'
client 2024-01-26 11:50:37,434 [INFO] The time difference between the client and the server is within range 2.873 ms..4.279 ms
client 2024-01-26 11:50:37,434 [INFO] Running the workload 'axs byquery loadgen_output,task=object_detection,sut_name=r282_q8_pro_edge,model_name=retinanet,framework=kilt,device=qaic,collection_name=experiments_submission,loadgen_mode=PerformanceOnly,loadgen_compliance_test-,loadgen_scenario=SingleStream,_with_power+,symlink_to=/home/krai/work_collection/experiments_submission/generated_by_power_measurement_on_run_77b96c84dd1e4a18b3906c2e7a8f7632/last_mlperf_logs,power_client_entrydic_path=/home/krai/work_collection/experiments_submission/generated_by_power_measurement_on_run_77b96c84dd1e4a18b3906c2e7a8f7632/program_output.json,effective_no_ranging-'
client 2024-01-26 12:00:46,175 [INFO] Sending command to the server: 'time'
client 2024-01-26 12:00:46,178 [INFO] Got response: '1706292046.17453'
client 2024-01-26 12:00:46,178 [INFO] The time difference between the client and the server is within range 1.247 ms..3.993 ms
client 2024-01-26 12:00:46,178 [INFO] Sending command to the server: 'session,2024-01-26_11-50-08,stop,ranging'
client 2024-01-26 12:00:56,453 [INFO] Got response: 'OK'
client 2024-01-26 12:00:56,453 [INFO] Sending command to the server: 'time'
client 2024-01-26 12:00:56,454 [INFO] Got response: '1706292056.4513571'
client 2024-01-26 12:00:56,454 [INFO] The time difference between the client and the server is within range 1.981 ms..2.782 ms
client 2024-01-26 12:00:56,459 [INFO] Copying loadgen logs from '/home/krai/work_collection/experiments_submission/generated_by_power_measurement_on_run_77b96c84dd1e4a18b3906c2e7a8f7632/last_mlperf_logs' to '/home/krai/work_collection/experiments_submission/generated_by_power_measurement_on_run_77b96c84dd1e4a18b3906c2e7a8f7632/power_logs/ranging'
client 2024-01-26 12:00:56,460 [INFO] Running workload in testing mode
client 2024-01-26 12:00:56,460 [INFO] Synchronizing with the server and with time.google.com...
client 2024-01-26 12:00:56,556 [INFO] NTP:offset = -0.006 s, delay = 0.095 s 
client 2024-01-26 12:00:56,556 [INFO] Sending command to the server: 'time'
client 2024-01-26 12:00:56,557 [INFO] Got response: '1706292056.5548384'
client 2024-01-26 12:00:56,557 [INFO] The time difference between the client and the server is within range 1.521 ms..2.914 ms
client 2024-01-26 12:00:56,557 [INFO] Sending command to the server: 'session,2024-01-26_11-50-08,start,testing'
client 2024-01-26 12:01:09,575 [INFO] Got response: 'OK'
client 2024-01-26 12:01:09,575 [INFO] Sending command to the server: 'time'
client 2024-01-26 12:01:09,577 [INFO] Got response: '1706292069.57433'
client 2024-01-26 12:01:09,577 [INFO] The time difference between the client and the server is within range 1.494 ms..2.881 ms
client 2024-01-26 12:01:09,577 [INFO] Running the workload 'axs byquery loadgen_output,task=object_detection,sut_name=r282_q8_pro_edge,model_name=retinanet,framework=kilt,device=qaic,collection_name=experiments_submission,loadgen_mode=PerformanceOnly,loadgen_compliance_test-,loadgen_scenario=SingleStream,_with_power+,symlink_to=/home/krai/work_collection/experiments_submission/generated_by_power_measurement_on_run_77b96c84dd1e4a18b3906c2e7a8f7632/last_mlperf_logs,power_client_entrydic_path=/home/krai/work_collection/experiments_submission/generated_by_power_measurement_on_run_77b96c84dd1e4a18b3906c2e7a8f7632/program_output.json,effective_no_ranging-'
client 2024-01-26 12:11:18,225 [INFO] Sending command to the server: 'time'
client 2024-01-26 12:11:18,226 [INFO] Got response: '1706292678.225291'
client 2024-01-26 12:11:18,226 [INFO] The time difference between the client and the server is within range -0.195 ms..1.519 ms
client 2024-01-26 12:11:18,226 [INFO] Sending command to the server: 'session,2024-01-26_11-50-08,stop,testing'
client 2024-01-26 12:11:28,627 [INFO] Got response: 'OK'
client 2024-01-26 12:11:28,627 [INFO] Sending command to the server: 'time'
client 2024-01-26 12:11:28,628 [INFO] Got response: '1706292688.627181'
client 2024-01-26 12:11:28,628 [INFO] The time difference between the client and the server is within range 0.210 ms..1.500 ms
client 2024-01-26 12:11:28,629 [INFO] Copying loadgen logs from '/home/krai/work_collection/experiments_submission/generated_by_power_measurement_on_run_77b96c84dd1e4a18b3906c2e7a8f7632/last_mlperf_logs' to '/home/krai/work_collection/experiments_submission/generated_by_power_measurement_on_run_77b96c84dd1e4a18b3906c2e7a8f7632/power_logs/run_1'
client 2024-01-26 12:11:28,630 [INFO] Done runs
