client 2024-01-31 23:38:20,996 [INFO] Creating output directory '/home/arjun/results_dir/valid_results/orin-tflite_armnn_cpp-cpu-armnn_tflite-v23.05-using_neon/mobilenet-v1-precision_uint8-1.0-128/singlestream/performance/tmp_power'
client 2024-01-31 23:38:21,034 [INFO] Sending command to the server: 'mlcommons/power client v3'
client 2024-01-31 23:38:21,037 [INFO] Got response: 'mlcommons/power server v3'
client 2024-01-31 23:38:21,038 [INFO] Synchronizing with the server and with time.google.com...
client 2024-01-31 23:38:21,063 [INFO] NTP:offset = -0.007 s, delay = 0.020 s 
client 2024-01-31 23:38:21,064 [INFO] Sending command to the server: 'time'
client 2024-01-31 23:38:21,067 [INFO] Got response: '1706744301.0612805'
client 2024-01-31 23:38:21,067 [INFO] The time difference between the client and the server is within range 2.772 ms..6.516 ms
client 2024-01-31 23:38:21,068 [INFO] Sending command to the server: 'new,,bbac9a62-2556-4a13-8328-0a01e209697a'
client 2024-01-31 23:38:21,071 [INFO] Got response: 'OK 2024-01-31_23-38-21,edac5378-2d6c-4a1a-908a-16360a4ab9e6'
client 2024-01-31 23:38:21,072 [INFO] Session id is '2024-01-31_23-38-21'
client 2024-01-31 23:38:21,072 [INFO] Sources: {"sources": {"__init__.py": "da39a3ee5e6b4b0d3255bfef95601890afd80709", "client.py": "33ca4f26368777ac06e01f9567b714a4b8063886", "lib/__init__.py": "da39a3ee5e6b4b0d3255bfef95601890afd80709", "lib/client.py": "ac2aa093c8e8bbc9569b9e2a3471bc64e58a2258", "lib/common.py": "611d8b29633d331eb19c9455ea3b5fa3284ed6df", "lib/external/__init__.py": "da39a3ee5e6b4b0d3255bfef95601890afd80709", "lib/external/ntplib.py": "4da8f970656505a40483206ef2b5d3dd5e81711d", "lib/server.py": "99303c836c683aa9017ec565104e636161d02acb", "lib/source_hashes.py": "60a2e02193209e8d392803326208d5466342da18", "lib/summary.py": "aa92f0a3f975eecd44d3c0cd0236342ccc9f941d", "lib/time_sync.py": "80894ef2389e540781ff78de94db16aa4203a14e", "server.py": "c3f90f2f7eeb4db30727556d0c815ebc89b3d28b", "tests/unit/__init__.py": "da39a3ee5e6b4b0d3255bfef95601890afd80709", "tests/unit/test_server.py": "948c1995d4008bc2aa6c4046a34ffa3858d6d671", "tests/unit/test_source_hashes.py": "00468a2907583c593e6574a1f6b404e4651c221a"}, "modules": {"ptd_client_server.lib.client": "lib/client.py", "ptd_client_server.lib.common": "lib/common.py", "ptd_client_server.lib.external.ntplib": "lib/external/ntplib.py", "ptd_client_server.lib.source_hashes": "lib/source_hashes.py", "ptd_client_server.lib.summary": "lib/summary.py", "ptd_client_server.lib.time_sync": "lib/time_sync.py"}}
client 2024-01-31 23:38:21,073 [INFO] Running workload in ranging mode
client 2024-01-31 23:38:21,073 [INFO] Synchronizing with the server and with time.google.com...
client 2024-01-31 23:38:21,094 [INFO] NTP:offset = -0.008 s, delay = 0.019 s 
client 2024-01-31 23:38:21,094 [INFO] Sending command to the server: 'time'
client 2024-01-31 23:38:21,098 [INFO] Got response: '1706744301.091925'
client 2024-01-31 23:38:21,098 [INFO] The time difference between the client and the server is within range 2.989 ms..6.402 ms
client 2024-01-31 23:38:21,098 [INFO] Sending command to the server: 'session,2024-01-31_23-38-21,start,ranging'
client 2024-01-31 23:38:49,266 [INFO] Got response: 'OK'
client 2024-01-31 23:38:49,268 [INFO] Sending command to the server: 'time'
client 2024-01-31 23:38:49,271 [INFO] Got response: '1706744329.265887'
client 2024-01-31 23:38:49,272 [INFO] The time difference between the client and the server is within range 3.005 ms..6.180 ms
client 2024-01-31 23:38:49,272 [INFO] Running the workload 'CM_MLPERF_RUN_COUNT=$(cat ${CM_RUN_DIR}/count.txt); echo ${CM_MLPERF_RUN_COUNT}; CM_MLPERF_RUN_COUNT=$((CM_MLPERF_RUN_COUNT+1)); echo ${CM_MLPERF_RUN_COUNT} > ${CM_RUN_DIR}/count.txt && if [ ${CM_MLPERF_RUN_COUNT} -eq "1" ]; then export CM_MLPERF_USER_CONF=${CM_MLPERF_RANGING_USER_CONF}; else export CM_MLPERF_USER_CONF=${CM_MLPERF_TESTING_USER_CONF}; fi && /mnt/CM/repos/ctuning@mlcommons-ck/cm-mlops/script/benchmark-any-mlperf-inference-implementation/run.out'
client 2024-01-31 23:43:53,181 [INFO] Sending command to the server: 'time'
client 2024-01-31 23:43:53,220 [INFO] Got response: '1706744633.213437'
client 2024-01-31 23:43:53,221 [INFO] The time difference between the client and the server is within range -32.014 ms..7.517 ms
client 2024-01-31 23:43:53,221 [INFO] Sending command to the server: 'session,2024-01-31_23-38-21,stop,ranging'
client 2024-01-31 23:44:03,425 [INFO] Got response: 'OK'
client 2024-01-31 23:44:03,426 [INFO] Sending command to the server: 'time'
client 2024-01-31 23:44:03,429 [INFO] Got response: '1706744643.4238384'
client 2024-01-31 23:44:03,430 [INFO] The time difference between the client and the server is within range 2.869 ms..6.232 ms
client 2024-01-31 23:44:03,447 [INFO] Copying loadgen logs from '/home/arjun/results_dir/valid_results/orin-tflite_armnn_cpp-cpu-armnn_tflite-v23.05-using_neon/mobilenet-v1-precision_uint8-1.0-128/singlestream/performance/run_1' to '/home/arjun/results_dir/valid_results/orin-tflite_armnn_cpp-cpu-armnn_tflite-v23.05-using_neon/mobilenet-v1-precision_uint8-1.0-128/singlestream/performance/tmp_power/ranging'
client 2024-01-31 23:44:03,449 [INFO] Running workload in testing mode
client 2024-01-31 23:44:03,450 [INFO] Synchronizing with the server and with time.google.com...
client 2024-01-31 23:44:03,488 [INFO] NTP:offset = -0.005 s, delay = 0.022 s 
client 2024-01-31 23:44:03,488 [INFO] Sending command to the server: 'time'
client 2024-01-31 23:44:03,492 [INFO] Got response: '1706744643.4859915'
client 2024-01-31 23:44:03,492 [INFO] The time difference between the client and the server is within range 2.616 ms..6.745 ms
client 2024-01-31 23:44:03,492 [INFO] Sending command to the server: 'session,2024-01-31_23-38-21,start,testing'
client 2024-01-31 23:44:16,512 [INFO] Got response: 'OK'
client 2024-01-31 23:44:16,513 [INFO] Sending command to the server: 'time'
client 2024-01-31 23:44:16,518 [INFO] Got response: '1706744656.511427'
client 2024-01-31 23:44:16,518 [INFO] The time difference between the client and the server is within range 2.407 ms..7.103 ms
client 2024-01-31 23:44:16,518 [INFO] Running the workload 'CM_MLPERF_RUN_COUNT=$(cat ${CM_RUN_DIR}/count.txt); echo ${CM_MLPERF_RUN_COUNT}; CM_MLPERF_RUN_COUNT=$((CM_MLPERF_RUN_COUNT+1)); echo ${CM_MLPERF_RUN_COUNT} > ${CM_RUN_DIR}/count.txt && if [ ${CM_MLPERF_RUN_COUNT} -eq "1" ]; then export CM_MLPERF_USER_CONF=${CM_MLPERF_RANGING_USER_CONF}; else export CM_MLPERF_USER_CONF=${CM_MLPERF_TESTING_USER_CONF}; fi && /mnt/CM/repos/ctuning@mlcommons-ck/cm-mlops/script/benchmark-any-mlperf-inference-implementation/run.out'
client 2024-01-31 23:54:21,339 [INFO] Sending command to the server: 'time'
client 2024-01-31 23:54:21,343 [INFO] Got response: '1706745261.33683'
client 2024-01-31 23:54:21,343 [INFO] The time difference between the client and the server is within range 2.152 ms..6.948 ms
client 2024-01-31 23:54:21,344 [INFO] Sending command to the server: 'session,2024-01-31_23-38-21,stop,testing'
client 2024-01-31 23:54:31,573 [INFO] Got response: 'OK'
client 2024-01-31 23:54:31,574 [INFO] Sending command to the server: 'time'
client 2024-01-31 23:54:31,578 [INFO] Got response: '1706745271.5718274'
client 2024-01-31 23:54:31,579 [INFO] The time difference between the client and the server is within range 2.981 ms..7.097 ms
client 2024-01-31 23:54:31,583 [INFO] Copying loadgen logs from '/home/arjun/results_dir/valid_results/orin-tflite_armnn_cpp-cpu-armnn_tflite-v23.05-using_neon/mobilenet-v1-precision_uint8-1.0-128/singlestream/performance/run_1' to '/home/arjun/results_dir/valid_results/orin-tflite_armnn_cpp-cpu-armnn_tflite-v23.05-using_neon/mobilenet-v1-precision_uint8-1.0-128/singlestream/performance/tmp_power/run_1'
client 2024-01-31 23:54:31,586 [INFO] Done runs
