client 2024-01-31 23:21:44,111 [INFO] Creating output directory '/home/arjun/results_dir/valid_results/orin-tflite_armnn_cpp-cpu-armnn_tflite-v23.05-using_neon_with_live_preprocessing/mobilenet-v1-precision_float-1.0-128/singlestream/performance/tmp_power'
client 2024-01-31 23:21:44,115 [INFO] Sending command to the server: 'mlcommons/power client v3'
client 2024-01-31 23:21:44,118 [INFO] Got response: 'mlcommons/power server v3'
client 2024-01-31 23:21:44,119 [INFO] Synchronizing with the server and with time.google.com...
client 2024-01-31 23:21:44,145 [INFO] NTP:offset = -0.007 s, delay = 0.021 s 
client 2024-01-31 23:21:44,145 [INFO] Sending command to the server: 'time'
client 2024-01-31 23:21:44,149 [INFO] Got response: '1706743304.1429634'
client 2024-01-31 23:21:44,149 [INFO] The time difference between the client and the server is within range 2.558 ms..6.373 ms
client 2024-01-31 23:21:44,149 [INFO] Sending command to the server: 'new,,41fb9cd7-0059-4032-89bd-ec097c47fa17'
client 2024-01-31 23:21:44,153 [INFO] Got response: 'OK 2024-01-31_23-21-44,2f7451c9-7236-4893-9f81-d1e5da3a8bb6'
client 2024-01-31 23:21:44,153 [INFO] Session id is '2024-01-31_23-21-44'
client 2024-01-31 23:21:44,153 [INFO] Sources: {"sources": {"__init__.py": "da39a3ee5e6b4b0d3255bfef95601890afd80709", "client.py": "33ca4f26368777ac06e01f9567b714a4b8063886", "lib/__init__.py": "da39a3ee5e6b4b0d3255bfef95601890afd80709", "lib/client.py": "ac2aa093c8e8bbc9569b9e2a3471bc64e58a2258", "lib/common.py": "611d8b29633d331eb19c9455ea3b5fa3284ed6df", "lib/external/__init__.py": "da39a3ee5e6b4b0d3255bfef95601890afd80709", "lib/external/ntplib.py": "4da8f970656505a40483206ef2b5d3dd5e81711d", "lib/server.py": "99303c836c683aa9017ec565104e636161d02acb", "lib/source_hashes.py": "60a2e02193209e8d392803326208d5466342da18", "lib/summary.py": "aa92f0a3f975eecd44d3c0cd0236342ccc9f941d", "lib/time_sync.py": "80894ef2389e540781ff78de94db16aa4203a14e", "server.py": "c3f90f2f7eeb4db30727556d0c815ebc89b3d28b", "tests/unit/__init__.py": "da39a3ee5e6b4b0d3255bfef95601890afd80709", "tests/unit/test_server.py": "948c1995d4008bc2aa6c4046a34ffa3858d6d671", "tests/unit/test_source_hashes.py": "00468a2907583c593e6574a1f6b404e4651c221a"}, "modules": {"ptd_client_server.lib.client": "lib/client.py", "ptd_client_server.lib.common": "lib/common.py", "ptd_client_server.lib.external.ntplib": "lib/external/ntplib.py", "ptd_client_server.lib.source_hashes": "lib/source_hashes.py", "ptd_client_server.lib.summary": "lib/summary.py", "ptd_client_server.lib.time_sync": "lib/time_sync.py"}}
client 2024-01-31 23:21:44,153 [INFO] Running workload in ranging mode
client 2024-01-31 23:21:44,153 [INFO] Synchronizing with the server and with time.google.com...
client 2024-01-31 23:21:44,172 [INFO] NTP:offset = -0.007 s, delay = 0.018 s 
client 2024-01-31 23:21:44,172 [INFO] Sending command to the server: 'time'
client 2024-01-31 23:21:44,177 [INFO] Got response: '1706743304.1711726'
client 2024-01-31 23:21:44,177 [INFO] The time difference between the client and the server is within range 1.723 ms..6.219 ms
client 2024-01-31 23:21:44,177 [INFO] Sending command to the server: 'session,2024-01-31_23-21-44,start,ranging'
client 2024-01-31 23:22:12,251 [INFO] Got response: 'OK'
client 2024-01-31 23:22:12,254 [INFO] Sending command to the server: 'time'
client 2024-01-31 23:22:12,258 [INFO] Got response: '1706743332.2515674'
client 2024-01-31 23:22:12,258 [INFO] The time difference between the client and the server is within range 2.703 ms..6.948 ms
client 2024-01-31 23:22:12,258 [INFO] Running the workload 'CM_MLPERF_RUN_COUNT=$(cat ${CM_RUN_DIR}/count.txt); echo ${CM_MLPERF_RUN_COUNT}; CM_MLPERF_RUN_COUNT=$((CM_MLPERF_RUN_COUNT+1)); echo ${CM_MLPERF_RUN_COUNT} > ${CM_RUN_DIR}/count.txt && if [ ${CM_MLPERF_RUN_COUNT} -eq "1" ]; then export CM_MLPERF_USER_CONF=${CM_MLPERF_RANGING_USER_CONF}; else export CM_MLPERF_USER_CONF=${CM_MLPERF_TESTING_USER_CONF}; fi && /mnt/CM/repos/ctuning@mlcommons-ck/cm-mlops/script/benchmark-any-mlperf-inference-implementation/run.out'
client 2024-01-31 23:27:16,375 [INFO] Sending command to the server: 'time'
client 2024-01-31 23:27:16,443 [INFO] Got response: '1706743636.436562'
client 2024-01-31 23:27:16,443 [INFO] The time difference between the client and the server is within range -61.693 ms..6.907 ms
client 2024-01-31 23:27:16,443 [INFO] Sending command to the server: 'session,2024-01-31_23-21-44,stop,ranging'
client 2024-01-31 23:27:27,415 [INFO] Got response: 'OK'
client 2024-01-31 23:27:27,416 [INFO] Sending command to the server: 'time'
client 2024-01-31 23:27:27,419 [INFO] Got response: '1706743647.4142416'
client 2024-01-31 23:27:27,420 [INFO] The time difference between the client and the server is within range 2.433 ms..5.824 ms
client 2024-01-31 23:27:27,437 [INFO] Copying loadgen logs from '/home/arjun/results_dir/valid_results/orin-tflite_armnn_cpp-cpu-armnn_tflite-v23.05-using_neon_with_live_preprocessing/mobilenet-v1-precision_float-1.0-128/singlestream/performance/run_1' to '/home/arjun/results_dir/valid_results/orin-tflite_armnn_cpp-cpu-armnn_tflite-v23.05-using_neon_with_live_preprocessing/mobilenet-v1-precision_float-1.0-128/singlestream/performance/tmp_power/ranging'
client 2024-01-31 23:27:27,440 [INFO] Running workload in testing mode
client 2024-01-31 23:27:27,441 [INFO] Synchronizing with the server and with time.google.com...
client 2024-01-31 23:27:27,468 [INFO] NTP:offset = -0.008 s, delay = 0.022 s 
client 2024-01-31 23:27:27,468 [INFO] Sending command to the server: 'time'
client 2024-01-31 23:27:27,472 [INFO] Got response: '1706743647.4663506'
client 2024-01-31 23:27:27,473 [INFO] The time difference between the client and the server is within range 2.560 ms..6.626 ms
client 2024-01-31 23:27:27,473 [INFO] Sending command to the server: 'session,2024-01-31_23-21-44,start,testing'
client 2024-01-31 23:27:40,497 [INFO] Got response: 'OK'
client 2024-01-31 23:27:40,498 [INFO] Sending command to the server: 'time'
client 2024-01-31 23:27:40,502 [INFO] Got response: '1706743660.4953573'
client 2024-01-31 23:27:40,502 [INFO] The time difference between the client and the server is within range 2.729 ms..7.425 ms
client 2024-01-31 23:27:40,503 [INFO] Running the workload 'CM_MLPERF_RUN_COUNT=$(cat ${CM_RUN_DIR}/count.txt); echo ${CM_MLPERF_RUN_COUNT}; CM_MLPERF_RUN_COUNT=$((CM_MLPERF_RUN_COUNT+1)); echo ${CM_MLPERF_RUN_COUNT} > ${CM_RUN_DIR}/count.txt && if [ ${CM_MLPERF_RUN_COUNT} -eq "1" ]; then export CM_MLPERF_USER_CONF=${CM_MLPERF_RANGING_USER_CONF}; else export CM_MLPERF_USER_CONF=${CM_MLPERF_TESTING_USER_CONF}; fi && /mnt/CM/repos/ctuning@mlcommons-ck/cm-mlops/script/benchmark-any-mlperf-inference-implementation/run.out'
client 2024-01-31 23:37:45,071 [INFO] Sending command to the server: 'time'
client 2024-01-31 23:37:45,088 [INFO] Got response: '1706744265.0820494'
client 2024-01-31 23:37:45,088 [INFO] The time difference between the client and the server is within range -11.169 ms..6.777 ms
client 2024-01-31 23:37:45,089 [INFO] Sending command to the server: 'session,2024-01-31_23-21-44,stop,testing'
client 2024-01-31 23:37:55,547 [INFO] Got response: 'OK'
client 2024-01-31 23:37:55,548 [INFO] Sending command to the server: 'time'
client 2024-01-31 23:37:55,551 [INFO] Got response: '1706744275.5455334'
client 2024-01-31 23:37:55,551 [INFO] The time difference between the client and the server is within range 3.198 ms..6.032 ms
client 2024-01-31 23:37:55,556 [INFO] Copying loadgen logs from '/home/arjun/results_dir/valid_results/orin-tflite_armnn_cpp-cpu-armnn_tflite-v23.05-using_neon_with_live_preprocessing/mobilenet-v1-precision_float-1.0-128/singlestream/performance/run_1' to '/home/arjun/results_dir/valid_results/orin-tflite_armnn_cpp-cpu-armnn_tflite-v23.05-using_neon_with_live_preprocessing/mobilenet-v1-precision_float-1.0-128/singlestream/performance/tmp_power/run_1'
client 2024-01-31 23:37:55,559 [INFO] Done runs
