client 2024-02-21 23:18:08,306 [INFO] Creating output directory '/home/arjun/CM/repos/local/cache/ebae02e3af2d40d4/valid_results/qrb5165-kilt-qaic-glow-vdefault-default_config/retinanet/singlestream/performance/tmp_power'
client 2024-02-21 23:18:08,313 [INFO] Sending command to the server: 'mlcommons/power client v3'
client 2024-02-21 23:18:08,319 [INFO] Got response: 'mlcommons/power server v3'
client 2024-02-21 23:18:08,319 [INFO] Synchronizing with the server and with time.google.com...
client 2024-02-21 23:18:08,356 [INFO] NTP:offset = 0.000 s, delay = 0.016 s 
client 2024-02-21 23:18:08,357 [INFO] Sending command to the server: 'time'
client 2024-02-21 23:18:08,363 [INFO] Got response: '1708557488.3605344'
client 2024-02-21 23:18:08,364 [INFO] The time difference between the client and the server is within range -3.472 ms..3.534 ms
client 2024-02-21 23:18:08,364 [INFO] Sending command to the server: 'new,,5eb460cc-d95d-4bb4-a682-e07b53e33a43'
client 2024-02-21 23:18:08,373 [INFO] Got response: 'OK 2024-02-21_23-18-08,3b9f1071-9dbd-4403-bbd8-e5a452311cf6'
client 2024-02-21 23:18:08,373 [INFO] Session id is '2024-02-21_23-18-08'
client 2024-02-21 23:18:08,373 [INFO] Sources: {"sources": {"__init__.py": "da39a3ee5e6b4b0d3255bfef95601890afd80709", "client.py": "33ca4f26368777ac06e01f9567b714a4b8063886", "lib/__init__.py": "da39a3ee5e6b4b0d3255bfef95601890afd80709", "lib/client.py": "ac2aa093c8e8bbc9569b9e2a3471bc64e58a2258", "lib/common.py": "611d8b29633d331eb19c9455ea3b5fa3284ed6df", "lib/external/__init__.py": "da39a3ee5e6b4b0d3255bfef95601890afd80709", "lib/external/ntplib.py": "4da8f970656505a40483206ef2b5d3dd5e81711d", "lib/server.py": "99303c836c683aa9017ec565104e636161d02acb", "lib/source_hashes.py": "60a2e02193209e8d392803326208d5466342da18", "lib/summary.py": "aa92f0a3f975eecd44d3c0cd0236342ccc9f941d", "lib/time_sync.py": "80894ef2389e540781ff78de94db16aa4203a14e", "server.py": "c3f90f2f7eeb4db30727556d0c815ebc89b3d28b", "tests/unit/__init__.py": "da39a3ee5e6b4b0d3255bfef95601890afd80709", "tests/unit/test_server.py": "948c1995d4008bc2aa6c4046a34ffa3858d6d671", "tests/unit/test_source_hashes.py": "00468a2907583c593e6574a1f6b404e4651c221a"}, "modules": {"ptd_client_server.lib.client": "lib/client.py", "ptd_client_server.lib.common": "lib/common.py", "ptd_client_server.lib.external.ntplib": "lib/external/ntplib.py", "ptd_client_server.lib.source_hashes": "lib/source_hashes.py", "ptd_client_server.lib.summary": "lib/summary.py", "ptd_client_server.lib.time_sync": "lib/time_sync.py"}}
client 2024-02-21 23:18:08,373 [INFO] Running workload in ranging mode
client 2024-02-21 23:18:08,373 [INFO] Synchronizing with the server and with time.google.com...
client 2024-02-21 23:18:08,398 [INFO] NTP:offset = 0.000 s, delay = 0.019 s 
client 2024-02-21 23:18:08,398 [INFO] Sending command to the server: 'time'
client 2024-02-21 23:18:08,405 [INFO] Got response: '1708557488.402537'
client 2024-02-21 23:18:08,406 [INFO] The time difference between the client and the server is within range -4.112 ms..3.473 ms
client 2024-02-21 23:18:08,406 [INFO] Sending command to the server: 'session,2024-02-21_23-18-08,start,ranging'
client 2024-02-21 23:18:36,508 [INFO] Got response: 'OK'
client 2024-02-21 23:18:36,509 [INFO] Sending command to the server: 'time'
client 2024-02-21 23:18:36,523 [INFO] Got response: '1708557516.5142677'
client 2024-02-21 23:18:36,523 [INFO] The time difference between the client and the server is within range -5.167 ms..9.206 ms
client 2024-02-21 23:18:36,523 [INFO] Running the workload '/home/arjun/CM/repos/local/cache/ebae02e3af2d40d4/valid_results/qrb5165-kilt-qaic-glow-vdefault-default_config/retinanet/singlestream/performance/run_1/run.out 2>&1 | tee /home/arjun/CM/repos/local/cache/ebae02e3af2d40d4/valid_results/qrb5165-kilt-qaic-glow-vdefault-default_config/retinanet/singlestream/performance/run_1/console.out'
client 2024-02-21 23:43:42,562 [INFO] Sending command to the server: 'time'
client 2024-02-21 23:43:42,575 [INFO] Got response: '1708559022.5663266'
client 2024-02-21 23:43:42,575 [INFO] The time difference between the client and the server is within range -4.481 ms..9.149 ms
client 2024-02-21 23:43:42,575 [INFO] Sending command to the server: 'session,2024-02-21_23-18-08,stop,ranging'
client 2024-02-21 23:43:53,694 [INFO] Got response: 'OK'
client 2024-02-21 23:43:53,694 [INFO] Sending command to the server: 'time'
client 2024-02-21 23:43:53,700 [INFO] Got response: '1708559033.697294'
client 2024-02-21 23:43:53,700 [INFO] The time difference between the client and the server is within range -2.959 ms..3.291 ms
client 2024-02-21 23:43:53,718 [INFO] Copying loadgen logs from '/home/arjun/CM/repos/local/cache/ebae02e3af2d40d4/valid_results/qrb5165-kilt-qaic-glow-vdefault-default_config/retinanet/singlestream/performance/run_1' to '/home/arjun/CM/repos/local/cache/ebae02e3af2d40d4/valid_results/qrb5165-kilt-qaic-glow-vdefault-default_config/retinanet/singlestream/performance/tmp_power/ranging'
client 2024-02-21 23:43:53,721 [INFO] Running workload in testing mode
client 2024-02-21 23:43:53,721 [INFO] Synchronizing with the server and with time.google.com...
client 2024-02-21 23:43:53,748 [INFO] NTP:offset = -0.001 s, delay = 0.016 s 
client 2024-02-21 23:43:53,748 [INFO] Sending command to the server: 'time'
client 2024-02-21 23:43:53,755 [INFO] Got response: '1708559033.751674'
client 2024-02-21 23:43:53,755 [INFO] The time difference between the client and the server is within range -2.734 ms..3.500 ms
client 2024-02-21 23:43:53,755 [INFO] Sending command to the server: 'session,2024-02-21_23-18-08,start,testing'
client 2024-02-21 23:44:06,775 [INFO] Got response: 'OK'
client 2024-02-21 23:44:06,776 [INFO] Sending command to the server: 'time'
client 2024-02-21 23:44:06,783 [INFO] Got response: '1708559046.7795417'
client 2024-02-21 23:44:06,783 [INFO] The time difference between the client and the server is within range -3.230 ms..4.010 ms
client 2024-02-21 23:44:06,783 [INFO] Running the workload '/home/arjun/CM/repos/local/cache/ebae02e3af2d40d4/valid_results/qrb5165-kilt-qaic-glow-vdefault-default_config/retinanet/singlestream/performance/run_1/run.out 2>&1 | tee /home/arjun/CM/repos/local/cache/ebae02e3af2d40d4/valid_results/qrb5165-kilt-qaic-glow-vdefault-default_config/retinanet/singlestream/performance/run_1/console.out'
client 2024-02-22 00:09:11,688 [INFO] Sending command to the server: 'time'
client 2024-02-22 00:09:11,785 [INFO] Got response: '1708560551.781431'
client 2024-02-22 00:09:11,786 [INFO] The time difference between the client and the server is within range -93.414 ms..4.621 ms
client 2024-02-22 00:09:11,786 [INFO] Sending command to the server: 'session,2024-02-21_23-18-08,stop,testing'
client 2024-02-22 00:09:22,846 [INFO] Got response: 'OK'
client 2024-02-22 00:09:22,847 [INFO] Sending command to the server: 'time'
client 2024-02-22 00:09:22,856 [INFO] Got response: '1708560562.8502836'
client 2024-02-22 00:09:22,856 [INFO] The time difference between the client and the server is within range -3.067 ms..6.462 ms
client 2024-02-22 00:09:22,861 [INFO] Copying loadgen logs from '/home/arjun/CM/repos/local/cache/ebae02e3af2d40d4/valid_results/qrb5165-kilt-qaic-glow-vdefault-default_config/retinanet/singlestream/performance/run_1' to '/home/arjun/CM/repos/local/cache/ebae02e3af2d40d4/valid_results/qrb5165-kilt-qaic-glow-vdefault-default_config/retinanet/singlestream/performance/tmp_power/run_1'
client 2024-02-22 00:09:22,866 [INFO] Done runs
