Graph file: /home/ubuntu/CM/repos/local/cache/3240581a253642b2/v2_224_100/model.tflite
Image dir: /home/ubuntu/CM/repos/local/cache/2bb2aaa46dd54852
Image list: /home/ubuntu/CM/repos/local/cache/2bb2aaa46dd54852/preprocessed_files.txt
Image size: 224
Image channels: 3
Prediction classes: 1000
Result dir: /home/ubuntu/CM/repos/local/cache/e8a21941e7c046ca/valid_results/ip_172_31_28_214-tflite_cpp-cpu-tflite-vmaster-default_config/mobilenet-v2-precision_uint8-1.0-224/singlestream/performance/run_1
How many images fit in memory buffer: 1024
Normalize: 1
Subtract mean: 0
Run time preprocessing: 1
Number of Threads: 2
Number of available imagefiles: 50000

Loading graph...
INFO: Created TensorFlow Lite XNNPACK delegate for CPU.
Input tensor dimensions (NHWC): 1*224*224*3
Output tensor dimensions: 1*1001
Path to mlperf.conf : /home/ubuntu/CM/repos/local/cache/86db7d79a6144a1d/inference/mlperf.conf
Path to user.conf : /home/ubuntu/CM/repos/ctuning@mlcommons-ck/cm-mlops/script/generate-mlperf-inference-user-conf/tmp/f88c35d5316b494f8f77eb423e3de58f.conf
Model Name: mobilenet
LoadGen Scenario: SingleStream
LoadGen Mode: performance
