client 2024-01-31 07:09:22,918 [INFO] Creating output directory '/home/arjun/results_dir/valid_results/orin-tflite_cpp-cpu-tflite-vmaster-with_live_preprocessing/efficientnet-fp32-lite3/singlestream/performance/tmp_power'
client 2024-01-31 07:09:22,922 [INFO] Sending command to the server: 'mlcommons/power client v3'
client 2024-01-31 07:09:22,924 [INFO] Got response: 'mlcommons/power server v3'
client 2024-01-31 07:09:22,924 [INFO] Synchronizing with the server and with time.google.com...
client 2024-01-31 07:09:22,950 [INFO] NTP:offset = -0.004 s, delay = 0.020 s 
client 2024-01-31 07:09:22,950 [INFO] Sending command to the server: 'time'
client 2024-01-31 07:09:22,953 [INFO] Got response: '1706684962.9493885'
client 2024-01-31 07:09:22,953 [INFO] The time difference between the client and the server is within range 0.894 ms..3.826 ms
client 2024-01-31 07:09:22,953 [INFO] Sending command to the server: 'new,,1d02ba4c-bcfb-41b0-94da-726ea306fe22'
client 2024-01-31 07:09:22,955 [INFO] Got response: 'OK 2024-01-31_07-09-22,0c2e654e-98b8-4157-9439-abc9a42b5950'
client 2024-01-31 07:09:22,955 [INFO] Session id is '2024-01-31_07-09-22'
client 2024-01-31 07:09:22,956 [INFO] Sources: {"sources": {"__init__.py": "da39a3ee5e6b4b0d3255bfef95601890afd80709", "client.py": "33ca4f26368777ac06e01f9567b714a4b8063886", "lib/__init__.py": "da39a3ee5e6b4b0d3255bfef95601890afd80709", "lib/client.py": "ac2aa093c8e8bbc9569b9e2a3471bc64e58a2258", "lib/common.py": "611d8b29633d331eb19c9455ea3b5fa3284ed6df", "lib/external/__init__.py": "da39a3ee5e6b4b0d3255bfef95601890afd80709", "lib/external/ntplib.py": "4da8f970656505a40483206ef2b5d3dd5e81711d", "lib/server.py": "99303c836c683aa9017ec565104e636161d02acb", "lib/source_hashes.py": "60a2e02193209e8d392803326208d5466342da18", "lib/summary.py": "aa92f0a3f975eecd44d3c0cd0236342ccc9f941d", "lib/time_sync.py": "80894ef2389e540781ff78de94db16aa4203a14e", "server.py": "c3f90f2f7eeb4db30727556d0c815ebc89b3d28b", "tests/unit/__init__.py": "da39a3ee5e6b4b0d3255bfef95601890afd80709", "tests/unit/test_server.py": "948c1995d4008bc2aa6c4046a34ffa3858d6d671", "tests/unit/test_source_hashes.py": "00468a2907583c593e6574a1f6b404e4651c221a"}, "modules": {"ptd_client_server.lib.client": "lib/client.py", "ptd_client_server.lib.common": "lib/common.py", "ptd_client_server.lib.external.ntplib": "lib/external/ntplib.py", "ptd_client_server.lib.source_hashes": "lib/source_hashes.py", "ptd_client_server.lib.summary": "lib/summary.py", "ptd_client_server.lib.time_sync": "lib/time_sync.py"}}
client 2024-01-31 07:09:22,956 [INFO] Running workload in ranging mode
client 2024-01-31 07:09:22,956 [INFO] Synchronizing with the server and with time.google.com...
client 2024-01-31 07:09:22,979 [INFO] NTP:offset = -0.004 s, delay = 0.021 s 
client 2024-01-31 07:09:22,979 [INFO] Sending command to the server: 'time'
client 2024-01-31 07:09:22,982 [INFO] Got response: '1706684962.9788675'
client 2024-01-31 07:09:22,982 [INFO] The time difference between the client and the server is within range 0.894 ms..3.376 ms
client 2024-01-31 07:09:22,982 [INFO] Sending command to the server: 'session,2024-01-31_07-09-22,start,ranging'
client 2024-01-31 07:09:51,060 [INFO] Got response: 'OK'
client 2024-01-31 07:09:51,063 [INFO] Sending command to the server: 'time'
client 2024-01-31 07:09:51,066 [INFO] Got response: '1706684991.0624394'
client 2024-01-31 07:09:51,066 [INFO] The time difference between the client and the server is within range 0.556 ms..4.093 ms
client 2024-01-31 07:09:51,066 [INFO] Running the workload 'CM_MLPERF_RUN_COUNT=$(cat ${CM_RUN_DIR}/count.txt); echo ${CM_MLPERF_RUN_COUNT}; CM_MLPERF_RUN_COUNT=$((CM_MLPERF_RUN_COUNT+1)); echo ${CM_MLPERF_RUN_COUNT} > ${CM_RUN_DIR}/count.txt && if [ ${CM_MLPERF_RUN_COUNT} -eq "1" ]; then export CM_MLPERF_USER_CONF=${CM_MLPERF_RANGING_USER_CONF}; else export CM_MLPERF_USER_CONF=${CM_MLPERF_TESTING_USER_CONF}; fi && /home/arjun/run.out'
client 2024-01-31 07:14:55,669 [INFO] Sending command to the server: 'time'
client 2024-01-31 07:14:55,677 [INFO] Got response: '1706685295.6736543'
client 2024-01-31 07:14:55,677 [INFO] The time difference between the client and the server is within range -4.225 ms..3.956 ms
client 2024-01-31 07:14:55,677 [INFO] Sending command to the server: 'session,2024-01-31_07-09-22,stop,ranging'
client 2024-01-31 07:15:06,216 [INFO] Got response: 'OK'
client 2024-01-31 07:15:06,217 [INFO] Sending command to the server: 'time'
client 2024-01-31 07:15:06,221 [INFO] Got response: '1706685306.2162669'
client 2024-01-31 07:15:06,221 [INFO] The time difference between the client and the server is within range 0.907 ms..5.412 ms
client 2024-01-31 07:15:06,238 [INFO] Copying loadgen logs from '/home/arjun/results_dir/valid_results/orin-tflite_cpp-cpu-tflite-vmaster-with_live_preprocessing/efficientnet-fp32-lite3/singlestream/performance/run_1' to '/home/arjun/results_dir/valid_results/orin-tflite_cpp-cpu-tflite-vmaster-with_live_preprocessing/efficientnet-fp32-lite3/singlestream/performance/tmp_power/ranging'
client 2024-01-31 07:15:06,240 [INFO] Running workload in testing mode
client 2024-01-31 07:15:06,240 [INFO] Synchronizing with the server and with time.google.com...
client 2024-01-31 07:15:06,265 [INFO] NTP:offset = -0.005 s, delay = 0.020 s 
client 2024-01-31 07:15:06,266 [INFO] Sending command to the server: 'time'
client 2024-01-31 07:15:06,269 [INFO] Got response: '1706685306.265599'
client 2024-01-31 07:15:06,269 [INFO] The time difference between the client and the server is within range 0.698 ms..4.097 ms
client 2024-01-31 07:15:06,269 [INFO] Sending command to the server: 'session,2024-01-31_07-09-22,start,testing'
client 2024-01-31 07:15:19,287 [INFO] Got response: 'OK'
client 2024-01-31 07:15:19,288 [INFO] Sending command to the server: 'time'
client 2024-01-31 07:15:19,291 [INFO] Got response: '1706685319.2878795'
client 2024-01-31 07:15:19,292 [INFO] The time difference between the client and the server is within range 0.694 ms..4.204 ms
client 2024-01-31 07:15:19,292 [INFO] Running the workload 'CM_MLPERF_RUN_COUNT=$(cat ${CM_RUN_DIR}/count.txt); echo ${CM_MLPERF_RUN_COUNT}; CM_MLPERF_RUN_COUNT=$((CM_MLPERF_RUN_COUNT+1)); echo ${CM_MLPERF_RUN_COUNT} > ${CM_RUN_DIR}/count.txt && if [ ${CM_MLPERF_RUN_COUNT} -eq "1" ]; then export CM_MLPERF_USER_CONF=${CM_MLPERF_RANGING_USER_CONF}; else export CM_MLPERF_USER_CONF=${CM_MLPERF_TESTING_USER_CONF}; fi && /home/arjun/run.out'
client 2024-01-31 07:25:23,964 [INFO] Sending command to the server: 'time'
client 2024-01-31 07:25:24,012 [INFO] Got response: '1706685924.0074651'
client 2024-01-31 07:25:24,012 [INFO] The time difference between the client and the server is within range -43.442 ms..5.239 ms
client 2024-01-31 07:25:24,013 [INFO] Sending command to the server: 'session,2024-01-31_07-09-22,stop,testing'
client 2024-01-31 07:25:34,357 [INFO] Got response: 'OK'
client 2024-01-31 07:25:34,358 [INFO] Sending command to the server: 'time'
client 2024-01-31 07:25:34,360 [INFO] Got response: '1706685934.3575144'
client 2024-01-31 07:25:34,361 [INFO] The time difference between the client and the server is within range 0.553 ms..3.684 ms
client 2024-01-31 07:25:34,365 [INFO] Copying loadgen logs from '/home/arjun/results_dir/valid_results/orin-tflite_cpp-cpu-tflite-vmaster-with_live_preprocessing/efficientnet-fp32-lite3/singlestream/performance/run_1' to '/home/arjun/results_dir/valid_results/orin-tflite_cpp-cpu-tflite-vmaster-with_live_preprocessing/efficientnet-fp32-lite3/singlestream/performance/tmp_power/run_1'
client 2024-01-31 07:25:34,368 [INFO] Done runs
