client 2024-01-29 19:14:21,043 [INFO] Creating output directory '/home/arjun/results_dir/valid_results/orin-tflite_cpp-cpu-tflite-vmaster-default_config/efficientnet-fp32-lite4/singlestream/performance/tmp_power'
client 2024-01-29 19:14:21,048 [INFO] Sending command to the server: 'mlcommons/power client v3'
client 2024-01-29 19:14:21,051 [INFO] Got response: 'mlcommons/power server v3'
client 2024-01-29 19:14:21,051 [INFO] Synchronizing with the server and with time.google.com...
client 2024-01-29 19:14:21,084 [INFO] NTP:offset = -0.007 s, delay = 0.027 s 
client 2024-01-29 19:14:21,084 [INFO] Sending command to the server: 'time'
client 2024-01-29 19:14:21,088 [INFO] Got response: '1706555661.0823066'
client 2024-01-29 19:14:21,088 [INFO] The time difference between the client and the server is within range 2.264 ms..5.895 ms
client 2024-01-29 19:14:21,088 [INFO] Sending command to the server: 'new,,77656ff9-d635-47e8-bc60-f7c9da20bcdb'
client 2024-01-29 19:14:21,091 [INFO] Got response: 'OK 2024-01-29_19-14-21,cb212233-d9b4-49bd-bfc3-80a50fd29c35'
client 2024-01-29 19:14:21,091 [INFO] Session id is '2024-01-29_19-14-21'
client 2024-01-29 19:14:21,092 [INFO] Sources: {"sources": {"__init__.py": "da39a3ee5e6b4b0d3255bfef95601890afd80709", "client.py": "33ca4f26368777ac06e01f9567b714a4b8063886", "lib/__init__.py": "da39a3ee5e6b4b0d3255bfef95601890afd80709", "lib/client.py": "ac2aa093c8e8bbc9569b9e2a3471bc64e58a2258", "lib/common.py": "611d8b29633d331eb19c9455ea3b5fa3284ed6df", "lib/external/__init__.py": "da39a3ee5e6b4b0d3255bfef95601890afd80709", "lib/external/ntplib.py": "4da8f970656505a40483206ef2b5d3dd5e81711d", "lib/server.py": "99303c836c683aa9017ec565104e636161d02acb", "lib/source_hashes.py": "60a2e02193209e8d392803326208d5466342da18", "lib/summary.py": "aa92f0a3f975eecd44d3c0cd0236342ccc9f941d", "lib/time_sync.py": "80894ef2389e540781ff78de94db16aa4203a14e", "server.py": "c3f90f2f7eeb4db30727556d0c815ebc89b3d28b", "tests/unit/__init__.py": "da39a3ee5e6b4b0d3255bfef95601890afd80709", "tests/unit/test_server.py": "948c1995d4008bc2aa6c4046a34ffa3858d6d671", "tests/unit/test_source_hashes.py": "00468a2907583c593e6574a1f6b404e4651c221a"}, "modules": {"ptd_client_server.lib.client": "lib/client.py", "ptd_client_server.lib.common": "lib/common.py", "ptd_client_server.lib.external.ntplib": "lib/external/ntplib.py", "ptd_client_server.lib.source_hashes": "lib/source_hashes.py", "ptd_client_server.lib.summary": "lib/summary.py", "ptd_client_server.lib.time_sync": "lib/time_sync.py"}}
client 2024-01-29 19:14:21,092 [INFO] Running workload in ranging mode
client 2024-01-29 19:14:21,092 [INFO] Synchronizing with the server and with time.google.com...
client 2024-01-29 19:14:21,114 [INFO] NTP:offset = -0.004 s, delay = 0.021 s 
client 2024-01-29 19:14:21,114 [INFO] Sending command to the server: 'time'
client 2024-01-29 19:14:21,117 [INFO] Got response: '1706555661.1120842'
client 2024-01-29 19:14:21,117 [INFO] The time difference between the client and the server is within range 2.821 ms..5.506 ms
client 2024-01-29 19:14:21,117 [INFO] Sending command to the server: 'session,2024-01-29_19-14-21,start,ranging'
client 2024-01-29 19:14:49,191 [INFO] Got response: 'OK'
client 2024-01-29 19:14:49,192 [INFO] Sending command to the server: 'time'
client 2024-01-29 19:14:49,196 [INFO] Got response: '1706555689.1903198'
client 2024-01-29 19:14:49,196 [INFO] The time difference between the client and the server is within range 2.547 ms..6.115 ms
client 2024-01-29 19:14:49,196 [INFO] Running the workload 'CM_MLPERF_RUN_COUNT=$(cat ${CM_RUN_DIR}/count.txt); echo ${CM_MLPERF_RUN_COUNT}; CM_MLPERF_RUN_COUNT=$((CM_MLPERF_RUN_COUNT+1)); echo ${CM_MLPERF_RUN_COUNT} > ${CM_RUN_DIR}/count.txt && if [ ${CM_MLPERF_RUN_COUNT} -eq "1" ]; then export CM_MLPERF_USER_CONF=${CM_MLPERF_RANGING_USER_CONF}; else export CM_MLPERF_USER_CONF=${CM_MLPERF_TESTING_USER_CONF}; fi && /mnt/CM/repos/ctuning@mlcommons-ck/cm-mlops/script/benchmark-any-mlperf-inference-implementation/run.out'
client 2024-01-29 19:20:09,934 [INFO] Sending command to the server: 'time'
client 2024-01-29 19:20:09,939 [INFO] Got response: '1706556009.9343'
client 2024-01-29 19:20:09,939 [INFO] The time difference between the client and the server is within range -0.046 ms..5.239 ms
client 2024-01-29 19:20:09,939 [INFO] Sending command to the server: 'session,2024-01-29_19-14-21,stop,ranging'
client 2024-01-29 19:20:20,311 [INFO] Got response: 'OK'
client 2024-01-29 19:20:20,312 [INFO] Sending command to the server: 'time'
client 2024-01-29 19:20:20,315 [INFO] Got response: '1706556020.311156'
client 2024-01-29 19:20:20,315 [INFO] The time difference between the client and the server is within range 1.141 ms..4.461 ms
client 2024-01-29 19:20:20,332 [INFO] Copying loadgen logs from '/home/arjun/results_dir/valid_results/orin-tflite_cpp-cpu-tflite-vmaster-default_config/efficientnet-fp32-lite4/singlestream/performance/run_1' to '/home/arjun/results_dir/valid_results/orin-tflite_cpp-cpu-tflite-vmaster-default_config/efficientnet-fp32-lite4/singlestream/performance/tmp_power/ranging'
client 2024-01-29 19:20:20,334 [INFO] Running workload in testing mode
client 2024-01-29 19:20:20,335 [INFO] Synchronizing with the server and with time.google.com...
client 2024-01-29 19:20:20,361 [INFO] NTP:offset = -0.003 s, delay = 0.021 s 
client 2024-01-29 19:20:20,361 [INFO] Sending command to the server: 'time'
client 2024-01-29 19:20:20,365 [INFO] Got response: '1706556020.3611858'
client 2024-01-29 19:20:20,365 [INFO] The time difference between the client and the server is within range 0.542 ms..4.478 ms
client 2024-01-29 19:20:20,365 [INFO] Sending command to the server: 'session,2024-01-29_19-14-21,start,testing'
client 2024-01-29 19:20:33,386 [INFO] Got response: 'OK'
client 2024-01-29 19:20:33,387 [INFO] Sending command to the server: 'time'
client 2024-01-29 19:20:33,391 [INFO] Got response: '1706556033.3867652'
client 2024-01-29 19:20:33,391 [INFO] The time difference between the client and the server is within range 1.065 ms..4.946 ms
client 2024-01-29 19:20:33,392 [INFO] Running the workload 'CM_MLPERF_RUN_COUNT=$(cat ${CM_RUN_DIR}/count.txt); echo ${CM_MLPERF_RUN_COUNT}; CM_MLPERF_RUN_COUNT=$((CM_MLPERF_RUN_COUNT+1)); echo ${CM_MLPERF_RUN_COUNT} > ${CM_RUN_DIR}/count.txt && if [ ${CM_MLPERF_RUN_COUNT} -eq "1" ]; then export CM_MLPERF_USER_CONF=${CM_MLPERF_RANGING_USER_CONF}; else export CM_MLPERF_USER_CONF=${CM_MLPERF_TESTING_USER_CONF}; fi && /mnt/CM/repos/ctuning@mlcommons-ck/cm-mlops/script/benchmark-any-mlperf-inference-implementation/run.out'
client 2024-01-29 19:30:39,494 [INFO] Sending command to the server: 'time'
client 2024-01-29 19:30:39,550 [INFO] Got response: '1706556639.5520804'
client 2024-01-29 19:30:39,551 [INFO] The time difference between the client and the server is within range -57.728 ms..-0.871 ms
client 2024-01-29 19:30:39,551 [INFO] Sending command to the server: 'session,2024-01-29_19-14-21,stop,testing'
client 2024-01-29 19:30:50,439 [INFO] Got response: 'OK'
client 2024-01-29 19:30:50,440 [INFO] Sending command to the server: 'time'
client 2024-01-29 19:30:50,443 [INFO] Got response: '1706556650.4455023'
client 2024-01-29 19:30:50,443 [INFO] The time difference between the client and the server is within range -5.262 ms..-2.224 ms
client 2024-01-29 19:30:50,448 [INFO] Copying loadgen logs from '/home/arjun/results_dir/valid_results/orin-tflite_cpp-cpu-tflite-vmaster-default_config/efficientnet-fp32-lite4/singlestream/performance/run_1' to '/home/arjun/results_dir/valid_results/orin-tflite_cpp-cpu-tflite-vmaster-default_config/efficientnet-fp32-lite4/singlestream/performance/tmp_power/run_1'
client 2024-01-29 19:30:50,450 [INFO] Done runs
