client 2024-01-31 01:20:20,736 [INFO] Creating output directory '/home/arjun/results_dir/valid_results/orin-tflite_cpp-cpu-tflite-vmaster-with_live_preprocessing/mobilenet-v2-precision_float-1.0-160/singlestream/performance/tmp_power'
client 2024-01-31 01:20:20,739 [INFO] Sending command to the server: 'mlcommons/power client v3'
client 2024-01-31 01:20:20,741 [INFO] Got response: 'mlcommons/power server v3'
client 2024-01-31 01:20:20,742 [INFO] Synchronizing with the server and with time.google.com...
client 2024-01-31 01:20:20,768 [INFO] NTP:offset = -0.003 s, delay = 0.021 s 
client 2024-01-31 01:20:20,768 [INFO] Sending command to the server: 'time'
client 2024-01-31 01:20:20,771 [INFO] Got response: '1706664020.7674615'
client 2024-01-31 01:20:20,771 [INFO] The time difference between the client and the server is within range 1.090 ms..3.897 ms
client 2024-01-31 01:20:20,771 [INFO] Sending command to the server: 'new,,a1a3b157-41eb-4626-bf54-c3dec823b28d'
client 2024-01-31 01:20:20,773 [INFO] Got response: 'OK 2024-01-31_01-20-20,63c548a7-4e1a-4883-9de1-c5d777863d8b'
client 2024-01-31 01:20:20,773 [INFO] Session id is '2024-01-31_01-20-20'
client 2024-01-31 01:20:20,773 [INFO] Sources: {"sources": {"__init__.py": "da39a3ee5e6b4b0d3255bfef95601890afd80709", "client.py": "33ca4f26368777ac06e01f9567b714a4b8063886", "lib/__init__.py": "da39a3ee5e6b4b0d3255bfef95601890afd80709", "lib/client.py": "ac2aa093c8e8bbc9569b9e2a3471bc64e58a2258", "lib/common.py": "611d8b29633d331eb19c9455ea3b5fa3284ed6df", "lib/external/__init__.py": "da39a3ee5e6b4b0d3255bfef95601890afd80709", "lib/external/ntplib.py": "4da8f970656505a40483206ef2b5d3dd5e81711d", "lib/server.py": "99303c836c683aa9017ec565104e636161d02acb", "lib/source_hashes.py": "60a2e02193209e8d392803326208d5466342da18", "lib/summary.py": "aa92f0a3f975eecd44d3c0cd0236342ccc9f941d", "lib/time_sync.py": "80894ef2389e540781ff78de94db16aa4203a14e", "server.py": "c3f90f2f7eeb4db30727556d0c815ebc89b3d28b", "tests/unit/__init__.py": "da39a3ee5e6b4b0d3255bfef95601890afd80709", "tests/unit/test_server.py": "948c1995d4008bc2aa6c4046a34ffa3858d6d671", "tests/unit/test_source_hashes.py": "00468a2907583c593e6574a1f6b404e4651c221a"}, "modules": {"ptd_client_server.lib.client": "lib/client.py", "ptd_client_server.lib.common": "lib/common.py", "ptd_client_server.lib.external.ntplib": "lib/external/ntplib.py", "ptd_client_server.lib.source_hashes": "lib/source_hashes.py", "ptd_client_server.lib.summary": "lib/summary.py", "ptd_client_server.lib.time_sync": "lib/time_sync.py"}}
client 2024-01-31 01:20:20,774 [INFO] Running workload in ranging mode
client 2024-01-31 01:20:20,774 [INFO] Synchronizing with the server and with time.google.com...
client 2024-01-31 01:20:20,793 [INFO] NTP:offset = -0.004 s, delay = 0.018 s 
client 2024-01-31 01:20:20,793 [INFO] Sending command to the server: 'time'
client 2024-01-31 01:20:20,795 [INFO] Got response: '1706664020.7922034'
client 2024-01-31 01:20:20,795 [INFO] The time difference between the client and the server is within range 1.192 ms..3.582 ms
client 2024-01-31 01:20:20,795 [INFO] Sending command to the server: 'session,2024-01-31_01-20-20,start,ranging'
client 2024-01-31 01:20:48,871 [INFO] Got response: 'OK'
client 2024-01-31 01:20:48,874 [INFO] Sending command to the server: 'time'
client 2024-01-31 01:20:48,877 [INFO] Got response: '1706664048.8735783'
client 2024-01-31 01:20:48,878 [INFO] The time difference between the client and the server is within range 0.863 ms..4.709 ms
client 2024-01-31 01:20:48,878 [INFO] Running the workload 'CM_MLPERF_RUN_COUNT=$(cat ${CM_RUN_DIR}/count.txt); echo ${CM_MLPERF_RUN_COUNT}; CM_MLPERF_RUN_COUNT=$((CM_MLPERF_RUN_COUNT+1)); echo ${CM_MLPERF_RUN_COUNT} > ${CM_RUN_DIR}/count.txt && if [ ${CM_MLPERF_RUN_COUNT} -eq "1" ]; then export CM_MLPERF_USER_CONF=${CM_MLPERF_RANGING_USER_CONF}; else export CM_MLPERF_USER_CONF=${CM_MLPERF_TESTING_USER_CONF}; fi && /home/arjun/run.out'
client 2024-01-31 01:25:51,614 [INFO] Sending command to the server: 'time'
client 2024-01-31 01:25:51,651 [INFO] Got response: '1706664351.6454003'
client 2024-01-31 01:25:51,652 [INFO] The time difference between the client and the server is within range -30.706 ms..6.667 ms
client 2024-01-31 01:25:51,652 [INFO] Sending command to the server: 'session,2024-01-31_01-20-20,stop,ranging'
client 2024-01-31 01:26:01,994 [INFO] Got response: 'OK'
client 2024-01-31 01:26:01,994 [INFO] Sending command to the server: 'time'
client 2024-01-31 01:26:01,997 [INFO] Got response: '1706664361.9930496'
client 2024-01-31 01:26:01,998 [INFO] The time difference between the client and the server is within range 1.827 ms..5.072 ms
client 2024-01-31 01:26:02,015 [INFO] Copying loadgen logs from '/home/arjun/results_dir/valid_results/orin-tflite_cpp-cpu-tflite-vmaster-with_live_preprocessing/mobilenet-v2-precision_float-1.0-160/singlestream/performance/run_1' to '/home/arjun/results_dir/valid_results/orin-tflite_cpp-cpu-tflite-vmaster-with_live_preprocessing/mobilenet-v2-precision_float-1.0-160/singlestream/performance/tmp_power/ranging'
client 2024-01-31 01:26:02,018 [INFO] Running workload in testing mode
client 2024-01-31 01:26:02,018 [INFO] Synchronizing with the server and with time.google.com...
client 2024-01-31 01:26:02,056 [INFO] NTP:offset = -0.004 s, delay = 0.021 s 
client 2024-01-31 01:26:02,056 [INFO] Sending command to the server: 'time'
client 2024-01-31 01:26:02,059 [INFO] Got response: '1706664362.0552268'
client 2024-01-31 01:26:02,060 [INFO] The time difference between the client and the server is within range 1.635 ms..4.951 ms
client 2024-01-31 01:26:02,060 [INFO] Sending command to the server: 'session,2024-01-31_01-20-20,start,testing'
client 2024-01-31 01:26:15,077 [INFO] Got response: 'OK'
client 2024-01-31 01:26:15,078 [INFO] Sending command to the server: 'time'
client 2024-01-31 01:26:15,081 [INFO] Got response: '1706664375.076506'
client 2024-01-31 01:26:15,082 [INFO] The time difference between the client and the server is within range 1.922 ms..5.748 ms
client 2024-01-31 01:26:15,082 [INFO] Running the workload 'CM_MLPERF_RUN_COUNT=$(cat ${CM_RUN_DIR}/count.txt); echo ${CM_MLPERF_RUN_COUNT}; CM_MLPERF_RUN_COUNT=$((CM_MLPERF_RUN_COUNT+1)); echo ${CM_MLPERF_RUN_COUNT} > ${CM_RUN_DIR}/count.txt && if [ ${CM_MLPERF_RUN_COUNT} -eq "1" ]; then export CM_MLPERF_USER_CONF=${CM_MLPERF_RANGING_USER_CONF}; else export CM_MLPERF_USER_CONF=${CM_MLPERF_TESTING_USER_CONF}; fi && /home/arjun/run.out'
client 2024-01-31 01:36:19,440 [INFO] Sending command to the server: 'time'
client 2024-01-31 01:36:19,443 [INFO] Got response: '1706664979.4393046'
client 2024-01-31 01:36:19,444 [INFO] The time difference between the client and the server is within range 0.685 ms..4.707 ms
client 2024-01-31 01:36:19,444 [INFO] Sending command to the server: 'session,2024-01-31_01-20-20,stop,testing'
client 2024-01-31 01:36:30,131 [INFO] Got response: 'OK'
client 2024-01-31 01:36:30,132 [INFO] Sending command to the server: 'time'
client 2024-01-31 01:36:30,136 [INFO] Got response: '1706664990.131232'
client 2024-01-31 01:36:30,136 [INFO] The time difference between the client and the server is within range 0.983 ms..5.155 ms
client 2024-01-31 01:36:30,141 [INFO] Copying loadgen logs from '/home/arjun/results_dir/valid_results/orin-tflite_cpp-cpu-tflite-vmaster-with_live_preprocessing/mobilenet-v2-precision_float-1.0-160/singlestream/performance/run_1' to '/home/arjun/results_dir/valid_results/orin-tflite_cpp-cpu-tflite-vmaster-with_live_preprocessing/mobilenet-v2-precision_float-1.0-160/singlestream/performance/tmp_power/run_1'
client 2024-01-31 01:36:30,151 [INFO] Done runs
