client 2024-02-04 21:46:56,491 [INFO] Creating output directory '/home/arjun/results_dir/valid_results/orin-tflite_armnn_cpp-cpu-armnn_tflite-v23.11-using_neon/efficientnet-int8-lite1/singlestream/performance/tmp_power'
client 2024-02-04 21:46:56,647 [INFO] Sending command to the server: 'mlcommons/power client v3'
client 2024-02-04 21:46:56,649 [INFO] Got response: 'mlcommons/power server v3'
client 2024-02-04 21:46:56,649 [INFO] Synchronizing with the server and with time.google.com...
client 2024-02-04 21:46:56,689 [INFO] NTP:offset = -0.002 s, delay = 0.020 s 
client 2024-02-04 21:46:56,689 [INFO] Sending command to the server: 'time'
client 2024-02-04 21:46:56,693 [INFO] Got response: '1707083216.691901'
client 2024-02-04 21:46:56,693 [INFO] The time difference between the client and the server is within range -2.579 ms..1.334 ms
client 2024-02-04 21:46:56,693 [INFO] Sending command to the server: 'new,,087d723a-2bf2-4120-8c25-faf5bac7f089'
client 2024-02-04 21:46:56,697 [INFO] Got response: 'OK 2024-02-04_21-46-56,3b5a9cb0-f26e-46aa-919e-9bbb4ce5984b'
client 2024-02-04 21:46:56,697 [INFO] Session id is '2024-02-04_21-46-56'
client 2024-02-04 21:46:56,698 [INFO] Sources: {"sources": {"__init__.py": "da39a3ee5e6b4b0d3255bfef95601890afd80709", "client.py": "33ca4f26368777ac06e01f9567b714a4b8063886", "lib/__init__.py": "da39a3ee5e6b4b0d3255bfef95601890afd80709", "lib/client.py": "ac2aa093c8e8bbc9569b9e2a3471bc64e58a2258", "lib/common.py": "611d8b29633d331eb19c9455ea3b5fa3284ed6df", "lib/external/__init__.py": "da39a3ee5e6b4b0d3255bfef95601890afd80709", "lib/external/ntplib.py": "4da8f970656505a40483206ef2b5d3dd5e81711d", "lib/server.py": "99303c836c683aa9017ec565104e636161d02acb", "lib/source_hashes.py": "60a2e02193209e8d392803326208d5466342da18", "lib/summary.py": "aa92f0a3f975eecd44d3c0cd0236342ccc9f941d", "lib/time_sync.py": "80894ef2389e540781ff78de94db16aa4203a14e", "server.py": "c3f90f2f7eeb4db30727556d0c815ebc89b3d28b", "tests/unit/__init__.py": "da39a3ee5e6b4b0d3255bfef95601890afd80709", "tests/unit/test_server.py": "948c1995d4008bc2aa6c4046a34ffa3858d6d671", "tests/unit/test_source_hashes.py": "00468a2907583c593e6574a1f6b404e4651c221a"}, "modules": {"ptd_client_server.lib.client": "lib/client.py", "ptd_client_server.lib.common": "lib/common.py", "ptd_client_server.lib.external.ntplib": "lib/external/ntplib.py", "ptd_client_server.lib.source_hashes": "lib/source_hashes.py", "ptd_client_server.lib.summary": "lib/summary.py", "ptd_client_server.lib.time_sync": "lib/time_sync.py"}}
client 2024-02-04 21:46:56,698 [INFO] Running workload in ranging mode
client 2024-02-04 21:46:56,699 [INFO] Synchronizing with the server and with time.google.com...
client 2024-02-04 21:46:56,747 [INFO] NTP:offset = 0.002 s, delay = 0.046 s 
client 2024-02-04 21:46:56,747 [INFO] Sending command to the server: 'time'
client 2024-02-04 21:46:56,750 [INFO] Got response: '1707083216.749847'
client 2024-02-04 21:46:56,750 [INFO] The time difference between the client and the server is within range -2.448 ms..0.985 ms
client 2024-02-04 21:46:56,751 [INFO] Sending command to the server: 'session,2024-02-04_21-46-56,start,ranging'
client 2024-02-04 21:47:24,847 [INFO] Got response: 'OK'
client 2024-02-04 21:47:24,850 [INFO] Sending command to the server: 'time'
client 2024-02-04 21:47:24,853 [INFO] Got response: '1707083244.8527546'
client 2024-02-04 21:47:24,853 [INFO] The time difference between the client and the server is within range -2.558 ms..1.073 ms
client 2024-02-04 21:47:24,854 [INFO] Running the workload 'CM_MLPERF_RUN_COUNT=$(cat ${CM_RUN_DIR}/count.txt); echo ${CM_MLPERF_RUN_COUNT}; CM_MLPERF_RUN_COUNT=$((CM_MLPERF_RUN_COUNT+1)); echo ${CM_MLPERF_RUN_COUNT} > ${CM_RUN_DIR}/count.txt && if [ ${CM_MLPERF_RUN_COUNT} -eq "1" ]; then export CM_MLPERF_USER_CONF=${CM_MLPERF_RANGING_USER_CONF}; else export CM_MLPERF_USER_CONF=${CM_MLPERF_TESTING_USER_CONF}; fi && /mnt/CM/repos/ctuning@mlcommons-ck/cm-mlops/script/get-lib-armnn/run.out'
client 2024-02-04 21:52:27,464 [INFO] Sending command to the server: 'time'
client 2024-02-04 21:52:27,469 [INFO] Got response: '1707083547.4680152'
client 2024-02-04 21:52:27,469 [INFO] The time difference between the client and the server is within range -3.643 ms..1.734 ms
client 2024-02-04 21:52:27,469 [INFO] Sending command to the server: 'session,2024-02-04_21-46-56,stop,ranging'
client 2024-02-04 21:52:37,952 [INFO] Got response: 'OK'
client 2024-02-04 21:52:37,954 [INFO] Sending command to the server: 'time'
client 2024-02-04 21:52:37,956 [INFO] Got response: '1707083557.9562643'
client 2024-02-04 21:52:37,957 [INFO] The time difference between the client and the server is within range -2.113 ms..0.948 ms
client 2024-02-04 21:52:37,974 [INFO] Copying loadgen logs from '/home/arjun/results_dir/valid_results/orin-tflite_armnn_cpp-cpu-armnn_tflite-v23.11-using_neon/efficientnet-int8-lite1/singlestream/performance/run_1' to '/home/arjun/results_dir/valid_results/orin-tflite_armnn_cpp-cpu-armnn_tflite-v23.11-using_neon/efficientnet-int8-lite1/singlestream/performance/tmp_power/ranging'
client 2024-02-04 21:52:37,976 [INFO] Running workload in testing mode
client 2024-02-04 21:52:37,977 [INFO] Synchronizing with the server and with time.google.com...
client 2024-02-04 21:52:38,007 [INFO] NTP:offset = 0.001 s, delay = 0.026 s 
client 2024-02-04 21:52:38,008 [INFO] Sending command to the server: 'time'
client 2024-02-04 21:52:38,011 [INFO] Got response: '1707083558.010214'
client 2024-02-04 21:52:38,011 [INFO] The time difference between the client and the server is within range -2.212 ms..1.023 ms
client 2024-02-04 21:52:38,011 [INFO] Sending command to the server: 'session,2024-02-04_21-46-56,start,testing'
client 2024-02-04 21:52:51,026 [INFO] Got response: 'OK'
client 2024-02-04 21:52:51,027 [INFO] Sending command to the server: 'time'
client 2024-02-04 21:52:51,030 [INFO] Got response: '1707083571.0295906'
client 2024-02-04 21:52:51,031 [INFO] The time difference between the client and the server is within range -2.296 ms..1.434 ms
client 2024-02-04 21:52:51,031 [INFO] Running the workload 'CM_MLPERF_RUN_COUNT=$(cat ${CM_RUN_DIR}/count.txt); echo ${CM_MLPERF_RUN_COUNT}; CM_MLPERF_RUN_COUNT=$((CM_MLPERF_RUN_COUNT+1)); echo ${CM_MLPERF_RUN_COUNT} > ${CM_RUN_DIR}/count.txt && if [ ${CM_MLPERF_RUN_COUNT} -eq "1" ]; then export CM_MLPERF_USER_CONF=${CM_MLPERF_RANGING_USER_CONF}; else export CM_MLPERF_USER_CONF=${CM_MLPERF_TESTING_USER_CONF}; fi && /mnt/CM/repos/ctuning@mlcommons-ck/cm-mlops/script/get-lib-armnn/run.out'
client 2024-02-04 22:02:55,818 [INFO] Sending command to the server: 'time'
client 2024-02-04 22:02:55,821 [INFO] Got response: '1707084175.820733'
client 2024-02-04 22:02:55,822 [INFO] The time difference between the client and the server is within range -2.157 ms..1.498 ms
client 2024-02-04 22:02:55,822 [INFO] Sending command to the server: 'session,2024-02-04_21-46-56,stop,testing'
client 2024-02-04 22:03:06,082 [INFO] Got response: 'OK'
client 2024-02-04 22:03:06,083 [INFO] Sending command to the server: 'time'
client 2024-02-04 22:03:06,086 [INFO] Got response: '1707084186.0850565'
client 2024-02-04 22:03:06,086 [INFO] The time difference between the client and the server is within range -1.845 ms..1.786 ms
client 2024-02-04 22:03:06,091 [INFO] Copying loadgen logs from '/home/arjun/results_dir/valid_results/orin-tflite_armnn_cpp-cpu-armnn_tflite-v23.11-using_neon/efficientnet-int8-lite1/singlestream/performance/run_1' to '/home/arjun/results_dir/valid_results/orin-tflite_armnn_cpp-cpu-armnn_tflite-v23.11-using_neon/efficientnet-int8-lite1/singlestream/performance/tmp_power/run_1'
client 2024-02-04 22:03:06,107 [INFO] Done runs
