client 2024-02-04 14:33:26,297 [INFO] Creating output directory '/home/arjun/results_dir/valid_results/orin-tflite_armnn_cpp-cpu-armnn_tflite-v23.11-using_neon/mobilenet-v2-precision_uint8-0.5-192/singlestream/performance/tmp_power'
client 2024-02-04 14:33:26,416 [INFO] Sending command to the server: 'mlcommons/power client v3'
client 2024-02-04 14:33:26,420 [INFO] Got response: 'mlcommons/power server v3'
client 2024-02-04 14:33:26,420 [INFO] Synchronizing with the server and with time.google.com...
client 2024-02-04 14:33:26,453 [INFO] NTP:offset = 0.002 s, delay = 0.023 s 
client 2024-02-04 14:33:26,453 [INFO] Sending command to the server: 'time'
client 2024-02-04 14:33:26,455 [INFO] Got response: '1707057206.4563706'
client 2024-02-04 14:33:26,456 [INFO] The time difference between the client and the server is within range -3.026 ms..-0.288 ms
client 2024-02-04 14:33:26,456 [INFO] Sending command to the server: 'new,,86bdc963-9689-4812-98bb-041fa2aa5af7'
client 2024-02-04 14:33:26,459 [INFO] Got response: 'OK 2024-02-04_14-33-26,f62bffb8-7078-4af7-b930-f7583481d9a2'
client 2024-02-04 14:33:26,459 [INFO] Session id is '2024-02-04_14-33-26'
client 2024-02-04 14:33:26,459 [INFO] Sources: {"sources": {"__init__.py": "da39a3ee5e6b4b0d3255bfef95601890afd80709", "client.py": "33ca4f26368777ac06e01f9567b714a4b8063886", "lib/__init__.py": "da39a3ee5e6b4b0d3255bfef95601890afd80709", "lib/client.py": "ac2aa093c8e8bbc9569b9e2a3471bc64e58a2258", "lib/common.py": "611d8b29633d331eb19c9455ea3b5fa3284ed6df", "lib/external/__init__.py": "da39a3ee5e6b4b0d3255bfef95601890afd80709", "lib/external/ntplib.py": "4da8f970656505a40483206ef2b5d3dd5e81711d", "lib/server.py": "99303c836c683aa9017ec565104e636161d02acb", "lib/source_hashes.py": "60a2e02193209e8d392803326208d5466342da18", "lib/summary.py": "aa92f0a3f975eecd44d3c0cd0236342ccc9f941d", "lib/time_sync.py": "80894ef2389e540781ff78de94db16aa4203a14e", "server.py": "c3f90f2f7eeb4db30727556d0c815ebc89b3d28b", "tests/unit/__init__.py": "da39a3ee5e6b4b0d3255bfef95601890afd80709", "tests/unit/test_server.py": "948c1995d4008bc2aa6c4046a34ffa3858d6d671", "tests/unit/test_source_hashes.py": "00468a2907583c593e6574a1f6b404e4651c221a"}, "modules": {"ptd_client_server.lib.client": "lib/client.py", "ptd_client_server.lib.common": "lib/common.py", "ptd_client_server.lib.external.ntplib": "lib/external/ntplib.py", "ptd_client_server.lib.source_hashes": "lib/source_hashes.py", "ptd_client_server.lib.summary": "lib/summary.py", "ptd_client_server.lib.time_sync": "lib/time_sync.py"}}
client 2024-02-04 14:33:26,460 [INFO] Running workload in ranging mode
client 2024-02-04 14:33:26,460 [INFO] Synchronizing with the server and with time.google.com...
client 2024-02-04 14:33:26,484 [INFO] NTP:offset = 0.002 s, delay = 0.021 s 
client 2024-02-04 14:33:26,484 [INFO] Sending command to the server: 'time'
client 2024-02-04 14:33:26,487 [INFO] Got response: '1707057206.4876096'
client 2024-02-04 14:33:26,487 [INFO] The time difference between the client and the server is within range -3.034 ms..0.150 ms
client 2024-02-04 14:33:26,487 [INFO] Sending command to the server: 'session,2024-02-04_14-33-26,start,ranging'
client 2024-02-04 14:33:54,577 [INFO] Got response: 'OK'
client 2024-02-04 14:33:54,579 [INFO] Sending command to the server: 'time'
client 2024-02-04 14:33:54,583 [INFO] Got response: '1707057234.5829954'
client 2024-02-04 14:33:54,583 [INFO] The time difference between the client and the server is within range -3.635 ms..0.502 ms
client 2024-02-04 14:33:54,583 [INFO] Running the workload 'CM_MLPERF_RUN_COUNT=$(cat ${CM_RUN_DIR}/count.txt); echo ${CM_MLPERF_RUN_COUNT}; CM_MLPERF_RUN_COUNT=$((CM_MLPERF_RUN_COUNT+1)); echo ${CM_MLPERF_RUN_COUNT} > ${CM_RUN_DIR}/count.txt && if [ ${CM_MLPERF_RUN_COUNT} -eq "1" ]; then export CM_MLPERF_USER_CONF=${CM_MLPERF_RANGING_USER_CONF}; else export CM_MLPERF_USER_CONF=${CM_MLPERF_TESTING_USER_CONF}; fi && /mnt/CM/repos/ctuning@mlcommons-ck/cm-mlops/script/get-lib-armnn/run.out'
client 2024-02-04 14:38:57,064 [INFO] Sending command to the server: 'time'
client 2024-02-04 14:38:57,068 [INFO] Got response: '1707057537.06755'
client 2024-02-04 14:38:57,068 [INFO] The time difference between the client and the server is within range -3.640 ms..1.363 ms
client 2024-02-04 14:38:57,069 [INFO] Sending command to the server: 'session,2024-02-04_14-33-26,stop,ranging'
client 2024-02-04 14:39:07,682 [INFO] Got response: 'OK'
client 2024-02-04 14:39:07,683 [INFO] Sending command to the server: 'time'
client 2024-02-04 14:39:07,685 [INFO] Got response: '1707057547.6860135'
client 2024-02-04 14:39:07,686 [INFO] The time difference between the client and the server is within range -2.675 ms..0.184 ms
client 2024-02-04 14:39:07,703 [INFO] Copying loadgen logs from '/home/arjun/results_dir/valid_results/orin-tflite_armnn_cpp-cpu-armnn_tflite-v23.11-using_neon/mobilenet-v2-precision_uint8-0.5-192/singlestream/performance/run_1' to '/home/arjun/results_dir/valid_results/orin-tflite_armnn_cpp-cpu-armnn_tflite-v23.11-using_neon/mobilenet-v2-precision_uint8-0.5-192/singlestream/performance/tmp_power/ranging'
client 2024-02-04 14:39:07,706 [INFO] Running workload in testing mode
client 2024-02-04 14:39:07,706 [INFO] Synchronizing with the server and with time.google.com...
client 2024-02-04 14:39:07,733 [INFO] NTP:offset = 0.001 s, delay = 0.022 s 
client 2024-02-04 14:39:07,733 [INFO] Sending command to the server: 'time'
client 2024-02-04 14:39:07,737 [INFO] Got response: '1707057547.7369003'
client 2024-02-04 14:39:07,737 [INFO] The time difference between the client and the server is within range -3.083 ms..0.498 ms
client 2024-02-04 14:39:07,737 [INFO] Sending command to the server: 'session,2024-02-04_14-33-26,start,testing'
client 2024-02-04 14:39:20,757 [INFO] Got response: 'OK'
client 2024-02-04 14:39:20,758 [INFO] Sending command to the server: 'time'
client 2024-02-04 14:39:20,762 [INFO] Got response: '1707057560.7613578'
client 2024-02-04 14:39:20,762 [INFO] The time difference between the client and the server is within range -2.635 ms..1.126 ms
client 2024-02-04 14:39:20,762 [INFO] Running the workload 'CM_MLPERF_RUN_COUNT=$(cat ${CM_RUN_DIR}/count.txt); echo ${CM_MLPERF_RUN_COUNT}; CM_MLPERF_RUN_COUNT=$((CM_MLPERF_RUN_COUNT+1)); echo ${CM_MLPERF_RUN_COUNT} > ${CM_RUN_DIR}/count.txt && if [ ${CM_MLPERF_RUN_COUNT} -eq "1" ]; then export CM_MLPERF_USER_CONF=${CM_MLPERF_RANGING_USER_CONF}; else export CM_MLPERF_USER_CONF=${CM_MLPERF_TESTING_USER_CONF}; fi && /mnt/CM/repos/ctuning@mlcommons-ck/cm-mlops/script/get-lib-armnn/run.out'
client 2024-02-04 14:49:25,240 [INFO] Sending command to the server: 'time'
client 2024-02-04 14:49:25,243 [INFO] Got response: '1707058165.240962'
client 2024-02-04 14:49:25,244 [INFO] The time difference between the client and the server is within range -1.248 ms..3.137 ms
client 2024-02-04 14:49:25,244 [INFO] Sending command to the server: 'session,2024-02-04_14-33-26,stop,testing'
client 2024-02-04 14:49:35,821 [INFO] Got response: 'OK'
client 2024-02-04 14:49:35,821 [INFO] Sending command to the server: 'time'
client 2024-02-04 14:49:35,823 [INFO] Got response: '1707058175.8217556'
client 2024-02-04 14:49:35,824 [INFO] The time difference between the client and the server is within range -0.142 ms..2.363 ms
client 2024-02-04 14:49:35,828 [INFO] Copying loadgen logs from '/home/arjun/results_dir/valid_results/orin-tflite_armnn_cpp-cpu-armnn_tflite-v23.11-using_neon/mobilenet-v2-precision_uint8-0.5-192/singlestream/performance/run_1' to '/home/arjun/results_dir/valid_results/orin-tflite_armnn_cpp-cpu-armnn_tflite-v23.11-using_neon/mobilenet-v2-precision_uint8-0.5-192/singlestream/performance/tmp_power/run_1'
client 2024-02-04 14:49:35,830 [INFO] Done runs
