client 2024-01-29 08:44:15,332 [INFO] Creating output directory '/home/arjun/results_dir/valid_results/orin-tflite_cpp-cpu-tflite-vmaster-default_config/mobilenet-v2-precision_uint8-0.75-224/singlestream/performance/tmp_power'
client 2024-01-29 08:44:15,335 [INFO] Sending command to the server: 'mlcommons/power client v3'
client 2024-01-29 08:44:15,337 [INFO] Got response: 'mlcommons/power server v3'
client 2024-01-29 08:44:15,337 [INFO] Synchronizing with the server and with time.google.com...
client 2024-01-29 08:44:15,361 [INFO] NTP:offset = -0.005 s, delay = 0.018 s 
client 2024-01-29 08:44:15,361 [INFO] Sending command to the server: 'time'
client 2024-01-29 08:44:15,364 [INFO] Got response: '1706517855.360972'
client 2024-01-29 08:44:15,364 [INFO] The time difference between the client and the server is within range 0.229 ms..3.605 ms
client 2024-01-29 08:44:15,364 [INFO] Sending command to the server: 'new,,335eadde-9c3b-4005-9060-7a9e1fb6f86d'
client 2024-01-29 08:44:15,369 [INFO] Got response: 'OK 2024-01-29_08-44-15,a1b8fd41-1c94-4e1a-a2ea-2c13bde1f1bd'
client 2024-01-29 08:44:15,369 [INFO] Session id is '2024-01-29_08-44-15'
client 2024-01-29 08:44:15,370 [INFO] Sources: {"sources": {"__init__.py": "da39a3ee5e6b4b0d3255bfef95601890afd80709", "client.py": "33ca4f26368777ac06e01f9567b714a4b8063886", "lib/__init__.py": "da39a3ee5e6b4b0d3255bfef95601890afd80709", "lib/client.py": "ac2aa093c8e8bbc9569b9e2a3471bc64e58a2258", "lib/common.py": "611d8b29633d331eb19c9455ea3b5fa3284ed6df", "lib/external/__init__.py": "da39a3ee5e6b4b0d3255bfef95601890afd80709", "lib/external/ntplib.py": "4da8f970656505a40483206ef2b5d3dd5e81711d", "lib/server.py": "99303c836c683aa9017ec565104e636161d02acb", "lib/source_hashes.py": "60a2e02193209e8d392803326208d5466342da18", "lib/summary.py": "aa92f0a3f975eecd44d3c0cd0236342ccc9f941d", "lib/time_sync.py": "80894ef2389e540781ff78de94db16aa4203a14e", "server.py": "c3f90f2f7eeb4db30727556d0c815ebc89b3d28b", "tests/unit/__init__.py": "da39a3ee5e6b4b0d3255bfef95601890afd80709", "tests/unit/test_server.py": "948c1995d4008bc2aa6c4046a34ffa3858d6d671", "tests/unit/test_source_hashes.py": "00468a2907583c593e6574a1f6b404e4651c221a"}, "modules": {"ptd_client_server.lib.client": "lib/client.py", "ptd_client_server.lib.common": "lib/common.py", "ptd_client_server.lib.external.ntplib": "lib/external/ntplib.py", "ptd_client_server.lib.source_hashes": "lib/source_hashes.py", "ptd_client_server.lib.summary": "lib/summary.py", "ptd_client_server.lib.time_sync": "lib/time_sync.py"}}
client 2024-01-29 08:44:15,370 [INFO] Running workload in ranging mode
client 2024-01-29 08:44:15,370 [INFO] Synchronizing with the server and with time.google.com...
client 2024-01-29 08:44:15,389 [INFO] NTP:offset = -0.005 s, delay = 0.018 s 
client 2024-01-29 08:44:15,389 [INFO] Sending command to the server: 'time'
client 2024-01-29 08:44:15,392 [INFO] Got response: '1706517855.3894053'
client 2024-01-29 08:44:15,392 [INFO] The time difference between the client and the server is within range 0.485 ms..3.215 ms
client 2024-01-29 08:44:15,392 [INFO] Sending command to the server: 'session,2024-01-29_08-44-15,start,ranging'
client 2024-01-29 08:44:43,524 [INFO] Got response: 'OK'
client 2024-01-29 08:44:43,527 [INFO] Sending command to the server: 'time'
client 2024-01-29 08:44:43,530 [INFO] Got response: '1706517883.5271442'
client 2024-01-29 08:44:43,530 [INFO] The time difference between the client and the server is within range -0.079 ms..3.474 ms
client 2024-01-29 08:44:43,530 [INFO] Running the workload 'CM_MLPERF_RUN_COUNT=$(cat ${CM_RUN_DIR}/count.txt); echo ${CM_MLPERF_RUN_COUNT}; CM_MLPERF_RUN_COUNT=$((CM_MLPERF_RUN_COUNT+1)); echo ${CM_MLPERF_RUN_COUNT} > ${CM_RUN_DIR}/count.txt && if [ ${CM_MLPERF_RUN_COUNT} -eq "1" ]; then export CM_MLPERF_USER_CONF=${CM_MLPERF_RANGING_USER_CONF}; else export CM_MLPERF_USER_CONF=${CM_MLPERF_TESTING_USER_CONF}; fi && /mnt/CM/repos/ctuning@mlcommons-ck/cm-mlops/script/benchmark-any-mlperf-inference-implementation/run.out'
client 2024-01-29 08:49:46,134 [INFO] Sending command to the server: 'time'
client 2024-01-29 08:49:46,138 [INFO] Got response: '1706518186.1346507'
client 2024-01-29 08:49:46,139 [INFO] The time difference between the client and the server is within range -0.588 ms..4.300 ms
client 2024-01-29 08:49:46,139 [INFO] Sending command to the server: 'session,2024-01-29_08-44-15,stop,ranging'
client 2024-01-29 08:49:56,700 [INFO] Got response: 'OK'
client 2024-01-29 08:49:56,701 [INFO] Sending command to the server: 'time'
client 2024-01-29 08:49:56,708 [INFO] Got response: '1706518196.702016'
client 2024-01-29 08:49:56,708 [INFO] The time difference between the client and the server is within range -0.883 ms..6.540 ms
client 2024-01-29 08:49:56,725 [INFO] Copying loadgen logs from '/home/arjun/results_dir/valid_results/orin-tflite_cpp-cpu-tflite-vmaster-default_config/mobilenet-v2-precision_uint8-0.75-224/singlestream/performance/run_1' to '/home/arjun/results_dir/valid_results/orin-tflite_cpp-cpu-tflite-vmaster-default_config/mobilenet-v2-precision_uint8-0.75-224/singlestream/performance/tmp_power/ranging'
client 2024-01-29 08:49:56,728 [INFO] Running workload in testing mode
client 2024-01-29 08:49:56,728 [INFO] Synchronizing with the server and with time.google.com...
client 2024-01-29 08:49:56,765 [INFO] NTP:offset = -0.005 s, delay = 0.021 s 
client 2024-01-29 08:49:56,766 [INFO] Sending command to the server: 'time'
client 2024-01-29 08:49:56,771 [INFO] Got response: '1706518196.7673454'
client 2024-01-29 08:49:56,772 [INFO] The time difference between the client and the server is within range -1.384 ms..4.842 ms
client 2024-01-29 08:49:56,772 [INFO] Sending command to the server: 'session,2024-01-29_08-44-15,start,testing'
client 2024-01-29 08:50:09,791 [INFO] Got response: 'OK'
client 2024-01-29 08:50:09,792 [INFO] Sending command to the server: 'time'
client 2024-01-29 08:50:09,795 [INFO] Got response: '1706518209.791634'
client 2024-01-29 08:50:09,795 [INFO] The time difference between the client and the server is within range 0.519 ms..3.964 ms
client 2024-01-29 08:50:09,795 [INFO] Running the workload 'CM_MLPERF_RUN_COUNT=$(cat ${CM_RUN_DIR}/count.txt); echo ${CM_MLPERF_RUN_COUNT}; CM_MLPERF_RUN_COUNT=$((CM_MLPERF_RUN_COUNT+1)); echo ${CM_MLPERF_RUN_COUNT} > ${CM_RUN_DIR}/count.txt && if [ ${CM_MLPERF_RUN_COUNT} -eq "1" ]; then export CM_MLPERF_USER_CONF=${CM_MLPERF_RANGING_USER_CONF}; else export CM_MLPERF_USER_CONF=${CM_MLPERF_TESTING_USER_CONF}; fi && /mnt/CM/repos/ctuning@mlcommons-ck/cm-mlops/script/benchmark-any-mlperf-inference-implementation/run.out'
client 2024-01-29 09:00:14,293 [INFO] Sending command to the server: 'time'
client 2024-01-29 09:00:14,297 [INFO] Got response: '1706518814.293813'
client 2024-01-29 09:00:14,297 [INFO] The time difference between the client and the server is within range -0.919 ms..3.706 ms
client 2024-01-29 09:00:14,297 [INFO] Sending command to the server: 'session,2024-01-29_08-44-15,stop,testing'
client 2024-01-29 09:00:24,861 [INFO] Got response: 'OK'
client 2024-01-29 09:00:24,863 [INFO] Sending command to the server: 'time'
client 2024-01-29 09:00:24,867 [INFO] Got response: '1706518824.8635187'
client 2024-01-29 09:00:24,868 [INFO] The time difference between the client and the server is within range -0.443 ms..4.438 ms
client 2024-01-29 09:00:24,872 [INFO] Copying loadgen logs from '/home/arjun/results_dir/valid_results/orin-tflite_cpp-cpu-tflite-vmaster-default_config/mobilenet-v2-precision_uint8-0.75-224/singlestream/performance/run_1' to '/home/arjun/results_dir/valid_results/orin-tflite_cpp-cpu-tflite-vmaster-default_config/mobilenet-v2-precision_uint8-0.75-224/singlestream/performance/tmp_power/run_1'
client 2024-01-29 09:00:24,875 [INFO] Done runs
