client 2024-02-04 06:49:13,963 [INFO] Creating output directory '/home/arjun/results_dir/valid_results/orin-tflite_armnn_cpp-cpu-armnn_tflite-v23.11-using_neon/mobilenet-v1-precision_uint8-0.5-128/singlestream/performance/tmp_power'
client 2024-02-04 06:49:13,990 [INFO] Sending command to the server: 'mlcommons/power client v3'
client 2024-02-04 06:49:13,992 [INFO] Got response: 'mlcommons/power server v3'
client 2024-02-04 06:49:13,993 [INFO] Synchronizing with the server and with time.google.com...
client 2024-02-04 06:49:14,018 [INFO] NTP:offset = -0.002 s, delay = 0.020 s 
client 2024-02-04 06:49:14,019 [INFO] Sending command to the server: 'time'
client 2024-02-04 06:49:14,021 [INFO] Got response: '1707029354.0213482'
client 2024-02-04 06:49:14,021 [INFO] The time difference between the client and the server is within range -2.161 ms..0.388 ms
client 2024-02-04 06:49:14,021 [INFO] Sending command to the server: 'new,,27044930-9d49-4579-be21-7b7d207a8127'
client 2024-02-04 06:49:14,024 [INFO] Got response: 'OK 2024-02-04_06-49-14,631f5dc1-a61c-43ff-9666-f4f11ce4f7e7'
client 2024-02-04 06:49:14,025 [INFO] Session id is '2024-02-04_06-49-14'
client 2024-02-04 06:49:14,025 [INFO] Sources: {"sources": {"__init__.py": "da39a3ee5e6b4b0d3255bfef95601890afd80709", "client.py": "33ca4f26368777ac06e01f9567b714a4b8063886", "lib/__init__.py": "da39a3ee5e6b4b0d3255bfef95601890afd80709", "lib/client.py": "ac2aa093c8e8bbc9569b9e2a3471bc64e58a2258", "lib/common.py": "611d8b29633d331eb19c9455ea3b5fa3284ed6df", "lib/external/__init__.py": "da39a3ee5e6b4b0d3255bfef95601890afd80709", "lib/external/ntplib.py": "4da8f970656505a40483206ef2b5d3dd5e81711d", "lib/server.py": "99303c836c683aa9017ec565104e636161d02acb", "lib/source_hashes.py": "60a2e02193209e8d392803326208d5466342da18", "lib/summary.py": "aa92f0a3f975eecd44d3c0cd0236342ccc9f941d", "lib/time_sync.py": "80894ef2389e540781ff78de94db16aa4203a14e", "server.py": "c3f90f2f7eeb4db30727556d0c815ebc89b3d28b", "tests/unit/__init__.py": "da39a3ee5e6b4b0d3255bfef95601890afd80709", "tests/unit/test_server.py": "948c1995d4008bc2aa6c4046a34ffa3858d6d671", "tests/unit/test_source_hashes.py": "00468a2907583c593e6574a1f6b404e4651c221a"}, "modules": {"ptd_client_server.lib.client": "lib/client.py", "ptd_client_server.lib.common": "lib/common.py", "ptd_client_server.lib.external.ntplib": "lib/external/ntplib.py", "ptd_client_server.lib.source_hashes": "lib/source_hashes.py", "ptd_client_server.lib.summary": "lib/summary.py", "ptd_client_server.lib.time_sync": "lib/time_sync.py"}}
client 2024-02-04 06:49:14,025 [INFO] Running workload in ranging mode
client 2024-02-04 06:49:14,025 [INFO] Synchronizing with the server and with time.google.com...
client 2024-02-04 06:49:14,047 [INFO] NTP:offset = -0.002 s, delay = 0.021 s 
client 2024-02-04 06:49:14,047 [INFO] Sending command to the server: 'time'
client 2024-02-04 06:49:14,050 [INFO] Got response: '1707029354.049873'
client 2024-02-04 06:49:14,050 [INFO] The time difference between the client and the server is within range -2.198 ms..0.837 ms
client 2024-02-04 06:49:14,050 [INFO] Sending command to the server: 'session,2024-02-04_06-49-14,start,ranging'
client 2024-02-04 06:49:42,131 [INFO] Got response: 'OK'
client 2024-02-04 06:49:42,133 [INFO] Sending command to the server: 'time'
client 2024-02-04 06:49:42,136 [INFO] Got response: '1707029382.1357546'
client 2024-02-04 06:49:42,137 [INFO] The time difference between the client and the server is within range -2.297 ms..1.305 ms
client 2024-02-04 06:49:42,137 [INFO] Running the workload 'CM_MLPERF_RUN_COUNT=$(cat ${CM_RUN_DIR}/count.txt); echo ${CM_MLPERF_RUN_COUNT}; CM_MLPERF_RUN_COUNT=$((CM_MLPERF_RUN_COUNT+1)); echo ${CM_MLPERF_RUN_COUNT} > ${CM_RUN_DIR}/count.txt && if [ ${CM_MLPERF_RUN_COUNT} -eq "1" ]; then export CM_MLPERF_USER_CONF=${CM_MLPERF_RANGING_USER_CONF}; else export CM_MLPERF_USER_CONF=${CM_MLPERF_TESTING_USER_CONF}; fi && /mnt/CM/repos/ctuning@mlcommons-ck/cm-mlops/script/get-lib-armnn/run.out'
client 2024-02-04 06:54:44,485 [INFO] Sending command to the server: 'time'
client 2024-02-04 06:54:44,549 [INFO] Got response: '1707029684.5482993'
client 2024-02-04 06:54:44,550 [INFO] The time difference between the client and the server is within range -62.610 ms..1.897 ms
client 2024-02-04 06:54:44,550 [INFO] Sending command to the server: 'session,2024-02-04_06-49-14,stop,ranging'
client 2024-02-04 06:54:55,207 [INFO] Got response: 'OK'
client 2024-02-04 06:54:55,207 [INFO] Sending command to the server: 'time'
client 2024-02-04 06:54:55,210 [INFO] Got response: '1707029695.2100627'
client 2024-02-04 06:54:55,211 [INFO] The time difference between the client and the server is within range -2.110 ms..1.070 ms
client 2024-02-04 06:54:55,227 [INFO] Copying loadgen logs from '/home/arjun/results_dir/valid_results/orin-tflite_armnn_cpp-cpu-armnn_tflite-v23.11-using_neon/mobilenet-v1-precision_uint8-0.5-128/singlestream/performance/run_1' to '/home/arjun/results_dir/valid_results/orin-tflite_armnn_cpp-cpu-armnn_tflite-v23.11-using_neon/mobilenet-v1-precision_uint8-0.5-128/singlestream/performance/tmp_power/ranging'
client 2024-02-04 06:54:55,230 [INFO] Running workload in testing mode
client 2024-02-04 06:54:55,230 [INFO] Synchronizing with the server and with time.google.com...
client 2024-02-04 06:54:55,257 [INFO] NTP:offset = -0.003 s, delay = 0.022 s 
client 2024-02-04 06:54:55,258 [INFO] Sending command to the server: 'time'
client 2024-02-04 06:54:55,261 [INFO] Got response: '1707029695.2601564'
client 2024-02-04 06:54:55,261 [INFO] The time difference between the client and the server is within range -2.071 ms..1.047 ms
client 2024-02-04 06:54:55,261 [INFO] Sending command to the server: 'session,2024-02-04_06-49-14,start,testing'
client 2024-02-04 06:55:08,273 [INFO] Got response: 'OK'
client 2024-02-04 06:55:08,274 [INFO] Sending command to the server: 'time'
client 2024-02-04 06:55:08,276 [INFO] Got response: '1707029708.275994'
client 2024-02-04 06:55:08,276 [INFO] The time difference between the client and the server is within range -1.791 ms..0.572 ms
client 2024-02-04 06:55:08,276 [INFO] Running the workload 'CM_MLPERF_RUN_COUNT=$(cat ${CM_RUN_DIR}/count.txt); echo ${CM_MLPERF_RUN_COUNT}; CM_MLPERF_RUN_COUNT=$((CM_MLPERF_RUN_COUNT+1)); echo ${CM_MLPERF_RUN_COUNT} > ${CM_RUN_DIR}/count.txt && if [ ${CM_MLPERF_RUN_COUNT} -eq "1" ]; then export CM_MLPERF_USER_CONF=${CM_MLPERF_RANGING_USER_CONF}; else export CM_MLPERF_USER_CONF=${CM_MLPERF_TESTING_USER_CONF}; fi && /mnt/CM/repos/ctuning@mlcommons-ck/cm-mlops/script/get-lib-armnn/run.out'
client 2024-02-04 07:05:12,918 [INFO] Sending command to the server: 'time'
client 2024-02-04 07:05:13,083 [INFO] Got response: '1707030313.080828'
client 2024-02-04 07:05:13,083 [INFO] The time difference between the client and the server is within range -162.758 ms..2.680 ms
client 2024-02-04 07:05:13,083 [INFO] Sending command to the server: 'session,2024-02-04_06-49-14,stop,testing'
client 2024-02-04 07:05:23,324 [INFO] Got response: 'OK'
client 2024-02-04 07:05:23,325 [INFO] Sending command to the server: 'time'
client 2024-02-04 07:05:23,328 [INFO] Got response: '1707030323.32683'
client 2024-02-04 07:05:23,328 [INFO] The time difference between the client and the server is within range -1.512 ms..1.731 ms
client 2024-02-04 07:05:23,333 [INFO] Copying loadgen logs from '/home/arjun/results_dir/valid_results/orin-tflite_armnn_cpp-cpu-armnn_tflite-v23.11-using_neon/mobilenet-v1-precision_uint8-0.5-128/singlestream/performance/run_1' to '/home/arjun/results_dir/valid_results/orin-tflite_armnn_cpp-cpu-armnn_tflite-v23.11-using_neon/mobilenet-v1-precision_uint8-0.5-128/singlestream/performance/tmp_power/run_1'
client 2024-02-04 07:05:23,335 [INFO] Done runs
