Graph file: /home/ubuntu/CM/repos/local/cache/6eccb518a42642a9/mobilenet_v2_1.0_128.tflite
Image dir: /home/ubuntu/CM/repos/local/cache/fb71689b506e4b75
Image list: /home/ubuntu/CM/repos/local/cache/fb71689b506e4b75/preprocessed_files.txt
Image size: 128
Image channels: 3
Prediction classes: 1000
Result dir: /home/ubuntu/CM/repos/local/cache/72ad8c7b936e4682/valid_results/ip_172_31_18_2-tflite_cpp-cpu-tflite-vmaster-default_config/mobilenet-v2-precision_float-1.0-128/singlestream/performance/run_1
How many images fit in memory buffer: 1024
Normalize: 1
Subtract mean: 0
Run time preprocessing: 0
Number of Threads: 4
Number of available imagefiles: 50000

Loading graph...
INFO: Created TensorFlow Lite XNNPACK delegate for CPU.
Input tensor dimensions (NHWC): 1*128*128*3
Output tensor dimensions: 1*1001
Path to mlperf.conf : /home/ubuntu/CM/repos/local/cache/6911043a5baf45a7/inference/mlperf.conf
Path to user.conf : /home/ubuntu/CM/repos/ctuning@mlcommons-ck/cm-mlops/script/generate-mlperf-inference-user-conf/tmp/d70bd1ed821c468ba4da7719b946330d.conf
Model Name: mobilenet
LoadGen Scenario: SingleStream
LoadGen Mode: performance
