Graph file: /home/ubuntu/CM/repos/local/cache/15379822d8f94cd9/efficientnet-lite3/efficientnet-lite3-fp32.tflite
Image dir: /home/ubuntu/CM/repos/local/cache/6f407f9c44e34847
Image list: /home/ubuntu/CM/repos/local/cache/6f407f9c44e34847/preprocessed_files.txt
Image size: 280
Image channels: 3
Prediction classes: 1000
Result dir: /home/ubuntu/CM/repos/local/cache/a7ccb264d8f442f8/valid_results/ip_172_31_24_206-tflite_cpp-cpu-tflite-vmaster-default_config/efficientnet-fp32-lite3/singlestream/performance/run_1
How many images fit in memory buffer: 1024
Normalize: 1
Subtract mean: 0
Run time preprocessing: 0
Number of Threads: 4
Number of available imagefiles: 50000

Loading graph...
INFO: Created TensorFlow Lite XNNPACK delegate for CPU.
Input tensor dimensions (NHWC): 1*280*280*3
Output tensor dimensions: 1*1000
Path to mlperf.conf : /home/ubuntu/CM/repos/local/cache/ae32b951ac8043bc/inference/mlperf.conf
Path to user.conf : /home/ubuntu/CM/repos/ctuning@mlcommons-ck/cm-mlops/script/generate-mlperf-inference-user-conf/tmp/58dc56ca5e2a440b9311a4f8588a0594.conf
Model Name: efficientnet
LoadGen Scenario: SingleStream
LoadGen Mode: performance
