client 2024-01-29 01:33:50,401 [INFO] Creating output directory '/home/arjun/results_dir/valid_results/orin-tflite_cpp-cpu-tflite-vmaster-default_config/mobilenet-v1-precision_uint8-0.75-128/singlestream/performance/tmp_power'
client 2024-01-29 01:33:50,405 [INFO] Sending command to the server: 'mlcommons/power client v3'
client 2024-01-29 01:33:50,407 [INFO] Got response: 'mlcommons/power server v3'
client 2024-01-29 01:33:50,407 [INFO] Synchronizing with the server and with time.google.com...
client 2024-01-29 01:33:50,434 [INFO] NTP:offset = -0.005 s, delay = 0.020 s 
client 2024-01-29 01:33:50,434 [INFO] Sending command to the server: 'time'
client 2024-01-29 01:33:50,437 [INFO] Got response: '1706492030.4339592'
client 2024-01-29 01:33:50,437 [INFO] The time difference between the client and the server is within range 0.631 ms..3.684 ms
client 2024-01-29 01:33:50,437 [INFO] Sending command to the server: 'new,,377bab45-73fe-4dc1-a44e-979f0a844d97'
client 2024-01-29 01:33:50,439 [INFO] Got response: 'OK 2024-01-29_01-33-50,6385ae31-92c3-41c5-aff7-06d9e4d05854'
client 2024-01-29 01:33:50,440 [INFO] Session id is '2024-01-29_01-33-50'
client 2024-01-29 01:33:50,440 [INFO] Sources: {"sources": {"__init__.py": "da39a3ee5e6b4b0d3255bfef95601890afd80709", "client.py": "33ca4f26368777ac06e01f9567b714a4b8063886", "lib/__init__.py": "da39a3ee5e6b4b0d3255bfef95601890afd80709", "lib/client.py": "ac2aa093c8e8bbc9569b9e2a3471bc64e58a2258", "lib/common.py": "611d8b29633d331eb19c9455ea3b5fa3284ed6df", "lib/external/__init__.py": "da39a3ee5e6b4b0d3255bfef95601890afd80709", "lib/external/ntplib.py": "4da8f970656505a40483206ef2b5d3dd5e81711d", "lib/server.py": "99303c836c683aa9017ec565104e636161d02acb", "lib/source_hashes.py": "60a2e02193209e8d392803326208d5466342da18", "lib/summary.py": "aa92f0a3f975eecd44d3c0cd0236342ccc9f941d", "lib/time_sync.py": "80894ef2389e540781ff78de94db16aa4203a14e", "server.py": "c3f90f2f7eeb4db30727556d0c815ebc89b3d28b", "tests/unit/__init__.py": "da39a3ee5e6b4b0d3255bfef95601890afd80709", "tests/unit/test_server.py": "948c1995d4008bc2aa6c4046a34ffa3858d6d671", "tests/unit/test_source_hashes.py": "00468a2907583c593e6574a1f6b404e4651c221a"}, "modules": {"ptd_client_server.lib.client": "lib/client.py", "ptd_client_server.lib.common": "lib/common.py", "ptd_client_server.lib.external.ntplib": "lib/external/ntplib.py", "ptd_client_server.lib.source_hashes": "lib/source_hashes.py", "ptd_client_server.lib.summary": "lib/summary.py", "ptd_client_server.lib.time_sync": "lib/time_sync.py"}}
client 2024-01-29 01:33:50,440 [INFO] Running workload in ranging mode
client 2024-01-29 01:33:50,440 [INFO] Synchronizing with the server and with time.google.com...
client 2024-01-29 01:33:50,462 [INFO] NTP:offset = -0.005 s, delay = 0.020 s 
client 2024-01-29 01:33:50,462 [INFO] Sending command to the server: 'time'
client 2024-01-29 01:33:50,464 [INFO] Got response: '1706492030.4612935'
client 2024-01-29 01:33:50,464 [INFO] The time difference between the client and the server is within range 0.913 ms..3.609 ms
client 2024-01-29 01:33:50,465 [INFO] Sending command to the server: 'session,2024-01-29_01-33-50,start,ranging'
client 2024-01-29 01:34:18,544 [INFO] Got response: 'OK'
client 2024-01-29 01:34:18,546 [INFO] Sending command to the server: 'time'
client 2024-01-29 01:34:18,549 [INFO] Got response: '1706492058.5461235'
client 2024-01-29 01:34:18,549 [INFO] The time difference between the client and the server is within range 0.636 ms..3.649 ms
client 2024-01-29 01:34:18,550 [INFO] Running the workload 'CM_MLPERF_RUN_COUNT=$(cat ${CM_RUN_DIR}/count.txt); echo ${CM_MLPERF_RUN_COUNT}; CM_MLPERF_RUN_COUNT=$((CM_MLPERF_RUN_COUNT+1)); echo ${CM_MLPERF_RUN_COUNT} > ${CM_RUN_DIR}/count.txt && if [ ${CM_MLPERF_RUN_COUNT} -eq "1" ]; then export CM_MLPERF_USER_CONF=${CM_MLPERF_RANGING_USER_CONF}; else export CM_MLPERF_USER_CONF=${CM_MLPERF_TESTING_USER_CONF}; fi && /mnt/CM/repos/ctuning@mlcommons-ck/cm-mlops/script/benchmark-any-mlperf-inference-implementation/run.out'
client 2024-01-29 01:39:20,929 [INFO] Sending command to the server: 'time'
client 2024-01-29 01:39:20,933 [INFO] Got response: '1706492360.9286206'
client 2024-01-29 01:39:20,933 [INFO] The time difference between the client and the server is within range 0.355 ms..4.794 ms
client 2024-01-29 01:39:20,933 [INFO] Sending command to the server: 'session,2024-01-29_01-33-50,stop,ranging'
client 2024-01-29 01:39:31,610 [INFO] Got response: 'OK'
client 2024-01-29 01:39:31,611 [INFO] Sending command to the server: 'time'
client 2024-01-29 01:39:31,614 [INFO] Got response: '1706492371.6102996'
client 2024-01-29 01:39:31,615 [INFO] The time difference between the client and the server is within range 0.777 ms..5.064 ms
client 2024-01-29 01:39:31,631 [INFO] Copying loadgen logs from '/home/arjun/results_dir/valid_results/orin-tflite_cpp-cpu-tflite-vmaster-default_config/mobilenet-v1-precision_uint8-0.75-128/singlestream/performance/run_1' to '/home/arjun/results_dir/valid_results/orin-tflite_cpp-cpu-tflite-vmaster-default_config/mobilenet-v1-precision_uint8-0.75-128/singlestream/performance/tmp_power/ranging'
client 2024-01-29 01:39:31,634 [INFO] Running workload in testing mode
client 2024-01-29 01:39:31,635 [INFO] Synchronizing with the server and with time.google.com...
client 2024-01-29 01:39:31,661 [INFO] NTP:offset = -0.004 s, delay = 0.021 s 
client 2024-01-29 01:39:31,661 [INFO] Sending command to the server: 'time'
client 2024-01-29 01:39:31,664 [INFO] Got response: '1706492371.6606565'
client 2024-01-29 01:39:31,664 [INFO] The time difference between the client and the server is within range 0.637 ms..3.923 ms
client 2024-01-29 01:39:31,664 [INFO] Sending command to the server: 'session,2024-01-29_01-33-50,start,testing'
client 2024-01-29 01:39:44,679 [INFO] Got response: 'OK'
client 2024-01-29 01:39:44,680 [INFO] Sending command to the server: 'time'
client 2024-01-29 01:39:44,683 [INFO] Got response: '1706492384.6792328'
client 2024-01-29 01:39:44,683 [INFO] The time difference between the client and the server is within range 0.813 ms..4.014 ms
client 2024-01-29 01:39:44,683 [INFO] Running the workload 'CM_MLPERF_RUN_COUNT=$(cat ${CM_RUN_DIR}/count.txt); echo ${CM_MLPERF_RUN_COUNT}; CM_MLPERF_RUN_COUNT=$((CM_MLPERF_RUN_COUNT+1)); echo ${CM_MLPERF_RUN_COUNT} > ${CM_RUN_DIR}/count.txt && if [ ${CM_MLPERF_RUN_COUNT} -eq "1" ]; then export CM_MLPERF_USER_CONF=${CM_MLPERF_RANGING_USER_CONF}; else export CM_MLPERF_USER_CONF=${CM_MLPERF_TESTING_USER_CONF}; fi && /mnt/CM/repos/ctuning@mlcommons-ck/cm-mlops/script/benchmark-any-mlperf-inference-implementation/run.out'
client 2024-01-29 01:49:49,082 [INFO] Sending command to the server: 'time'
client 2024-01-29 01:49:49,173 [INFO] Got response: '1706492989.1689932'
client 2024-01-29 01:49:49,174 [INFO] The time difference between the client and the server is within range -86.424 ms..5.091 ms
client 2024-01-29 01:49:49,174 [INFO] Sending command to the server: 'session,2024-01-29_01-33-50,stop,testing'
client 2024-01-29 01:49:59,734 [INFO] Got response: 'OK'
client 2024-01-29 01:49:59,735 [INFO] Sending command to the server: 'time'
client 2024-01-29 01:49:59,738 [INFO] Got response: '1706492999.7344463'
client 2024-01-29 01:49:59,738 [INFO] The time difference between the client and the server is within range 0.594 ms..4.182 ms
client 2024-01-29 01:49:59,743 [INFO] Copying loadgen logs from '/home/arjun/results_dir/valid_results/orin-tflite_cpp-cpu-tflite-vmaster-default_config/mobilenet-v1-precision_uint8-0.75-128/singlestream/performance/run_1' to '/home/arjun/results_dir/valid_results/orin-tflite_cpp-cpu-tflite-vmaster-default_config/mobilenet-v1-precision_uint8-0.75-128/singlestream/performance/tmp_power/run_1'
client 2024-01-29 01:49:59,746 [INFO] Done runs
