client 2024-02-04 10:24:46,361 [INFO] Creating output directory '/home/arjun/results_dir/valid_results/orin-tflite_armnn_cpp-cpu-armnn_tflite-v23.11-using_neon_with_live_preprocessing/mobilenet-v2-precision_float-1.0-160/singlestream/performance/tmp_power'
client 2024-02-04 10:24:46,364 [INFO] Sending command to the server: 'mlcommons/power client v3'
client 2024-02-04 10:24:46,366 [INFO] Got response: 'mlcommons/power server v3'
client 2024-02-04 10:24:46,367 [INFO] Synchronizing with the server and with time.google.com...
client 2024-02-04 10:24:46,394 [INFO] NTP:offset = -0.003 s, delay = 0.022 s 
client 2024-02-04 10:24:46,394 [INFO] Sending command to the server: 'time'
client 2024-02-04 10:24:46,398 [INFO] Got response: '1707042286.3963985'
client 2024-02-04 10:24:46,398 [INFO] The time difference between the client and the server is within range -1.813 ms..1.745 ms
client 2024-02-04 10:24:46,398 [INFO] Sending command to the server: 'new,,b297abac-917f-443b-aef3-b59a52c4a68d'
client 2024-02-04 10:24:46,400 [INFO] Got response: 'OK 2024-02-04_10-24-46,06ad4f09-3ec3-4ab8-b9d6-83adcf252cff'
client 2024-02-04 10:24:46,400 [INFO] Session id is '2024-02-04_10-24-46'
client 2024-02-04 10:24:46,400 [INFO] Sources: {"sources": {"__init__.py": "da39a3ee5e6b4b0d3255bfef95601890afd80709", "client.py": "33ca4f26368777ac06e01f9567b714a4b8063886", "lib/__init__.py": "da39a3ee5e6b4b0d3255bfef95601890afd80709", "lib/client.py": "ac2aa093c8e8bbc9569b9e2a3471bc64e58a2258", "lib/common.py": "611d8b29633d331eb19c9455ea3b5fa3284ed6df", "lib/external/__init__.py": "da39a3ee5e6b4b0d3255bfef95601890afd80709", "lib/external/ntplib.py": "4da8f970656505a40483206ef2b5d3dd5e81711d", "lib/server.py": "99303c836c683aa9017ec565104e636161d02acb", "lib/source_hashes.py": "60a2e02193209e8d392803326208d5466342da18", "lib/summary.py": "aa92f0a3f975eecd44d3c0cd0236342ccc9f941d", "lib/time_sync.py": "80894ef2389e540781ff78de94db16aa4203a14e", "server.py": "c3f90f2f7eeb4db30727556d0c815ebc89b3d28b", "tests/unit/__init__.py": "da39a3ee5e6b4b0d3255bfef95601890afd80709", "tests/unit/test_server.py": "948c1995d4008bc2aa6c4046a34ffa3858d6d671", "tests/unit/test_source_hashes.py": "00468a2907583c593e6574a1f6b404e4651c221a"}, "modules": {"ptd_client_server.lib.client": "lib/client.py", "ptd_client_server.lib.common": "lib/common.py", "ptd_client_server.lib.external.ntplib": "lib/external/ntplib.py", "ptd_client_server.lib.source_hashes": "lib/source_hashes.py", "ptd_client_server.lib.summary": "lib/summary.py", "ptd_client_server.lib.time_sync": "lib/time_sync.py"}}
client 2024-02-04 10:24:46,401 [INFO] Running workload in ranging mode
client 2024-02-04 10:24:46,401 [INFO] Synchronizing with the server and with time.google.com...
client 2024-02-04 10:24:46,423 [INFO] NTP:offset = -0.002 s, delay = 0.021 s 
client 2024-02-04 10:24:46,424 [INFO] Sending command to the server: 'time'
client 2024-02-04 10:24:46,427 [INFO] Got response: '1707042286.4257228'
client 2024-02-04 10:24:46,427 [INFO] The time difference between the client and the server is within range -1.703 ms..1.394 ms
client 2024-02-04 10:24:46,427 [INFO] Sending command to the server: 'session,2024-02-04_10-24-46,start,ranging'
client 2024-02-04 10:25:14,523 [INFO] Got response: 'OK'
client 2024-02-04 10:25:14,525 [INFO] Sending command to the server: 'time'
client 2024-02-04 10:25:14,528 [INFO] Got response: '1707042314.527429'
client 2024-02-04 10:25:14,528 [INFO] The time difference between the client and the server is within range -1.950 ms..1.430 ms
client 2024-02-04 10:25:14,529 [INFO] Running the workload 'CM_MLPERF_RUN_COUNT=$(cat ${CM_RUN_DIR}/count.txt); echo ${CM_MLPERF_RUN_COUNT}; CM_MLPERF_RUN_COUNT=$((CM_MLPERF_RUN_COUNT+1)); echo ${CM_MLPERF_RUN_COUNT} > ${CM_RUN_DIR}/count.txt && if [ ${CM_MLPERF_RUN_COUNT} -eq "1" ]; then export CM_MLPERF_USER_CONF=${CM_MLPERF_RANGING_USER_CONF}; else export CM_MLPERF_USER_CONF=${CM_MLPERF_TESTING_USER_CONF}; fi && /mnt/CM/repos/ctuning@mlcommons-ck/cm-mlops/script/get-lib-armnn/run.out'
client 2024-02-04 10:30:16,899 [INFO] Sending command to the server: 'time'
client 2024-02-04 10:30:16,903 [INFO] Got response: '1707042616.9011703'
client 2024-02-04 10:30:16,903 [INFO] The time difference between the client and the server is within range -2.104 ms..2.542 ms
client 2024-02-04 10:30:16,904 [INFO] Sending command to the server: 'session,2024-02-04_10-24-46,stop,ranging'
client 2024-02-04 10:30:27,626 [INFO] Got response: 'OK'
client 2024-02-04 10:30:27,627 [INFO] Sending command to the server: 'time'
client 2024-02-04 10:30:27,631 [INFO] Got response: '1707042627.6299028'
client 2024-02-04 10:30:27,632 [INFO] The time difference between the client and the server is within range -2.143 ms..2.111 ms
client 2024-02-04 10:30:27,650 [INFO] Copying loadgen logs from '/home/arjun/results_dir/valid_results/orin-tflite_armnn_cpp-cpu-armnn_tflite-v23.11-using_neon_with_live_preprocessing/mobilenet-v2-precision_float-1.0-160/singlestream/performance/run_1' to '/home/arjun/results_dir/valid_results/orin-tflite_armnn_cpp-cpu-armnn_tflite-v23.11-using_neon_with_live_preprocessing/mobilenet-v2-precision_float-1.0-160/singlestream/performance/tmp_power/ranging'
client 2024-02-04 10:30:27,652 [INFO] Running workload in testing mode
client 2024-02-04 10:30:27,653 [INFO] Synchronizing with the server and with time.google.com...
client 2024-02-04 10:30:27,679 [INFO] NTP:offset = -0.002 s, delay = 0.021 s 
client 2024-02-04 10:30:27,679 [INFO] Sending command to the server: 'time'
client 2024-02-04 10:30:27,683 [INFO] Got response: '1707042627.6815772'
client 2024-02-04 10:30:27,683 [INFO] The time difference between the client and the server is within range -1.955 ms..1.762 ms
client 2024-02-04 10:30:27,683 [INFO] Sending command to the server: 'session,2024-02-04_10-24-46,start,testing'
client 2024-02-04 10:30:40,707 [INFO] Got response: 'OK'
client 2024-02-04 10:30:40,708 [INFO] Sending command to the server: 'time'
client 2024-02-04 10:30:40,711 [INFO] Got response: '1707042640.7101383'
client 2024-02-04 10:30:40,712 [INFO] The time difference between the client and the server is within range -1.494 ms..1.940 ms
client 2024-02-04 10:30:40,712 [INFO] Running the workload 'CM_MLPERF_RUN_COUNT=$(cat ${CM_RUN_DIR}/count.txt); echo ${CM_MLPERF_RUN_COUNT}; CM_MLPERF_RUN_COUNT=$((CM_MLPERF_RUN_COUNT+1)); echo ${CM_MLPERF_RUN_COUNT} > ${CM_RUN_DIR}/count.txt && if [ ${CM_MLPERF_RUN_COUNT} -eq "1" ]; then export CM_MLPERF_USER_CONF=${CM_MLPERF_RANGING_USER_CONF}; else export CM_MLPERF_USER_CONF=${CM_MLPERF_TESTING_USER_CONF}; fi && /mnt/CM/repos/ctuning@mlcommons-ck/cm-mlops/script/get-lib-armnn/run.out'
client 2024-02-04 10:40:45,111 [INFO] Sending command to the server: 'time'
client 2024-02-04 10:40:45,117 [INFO] Got response: '1707043245.1142566'
client 2024-02-04 10:40:45,117 [INFO] The time difference between the client and the server is within range -2.938 ms..3.051 ms
client 2024-02-04 10:40:45,117 [INFO] Sending command to the server: 'session,2024-02-04_10-24-46,stop,testing'
client 2024-02-04 10:40:55,771 [INFO] Got response: 'OK'
client 2024-02-04 10:40:55,771 [INFO] Sending command to the server: 'time'
client 2024-02-04 10:40:55,776 [INFO] Got response: '1707043255.7736645'
client 2024-02-04 10:40:55,776 [INFO] The time difference between the client and the server is within range -1.728 ms..3.011 ms
client 2024-02-04 10:40:55,781 [INFO] Copying loadgen logs from '/home/arjun/results_dir/valid_results/orin-tflite_armnn_cpp-cpu-armnn_tflite-v23.11-using_neon_with_live_preprocessing/mobilenet-v2-precision_float-1.0-160/singlestream/performance/run_1' to '/home/arjun/results_dir/valid_results/orin-tflite_armnn_cpp-cpu-armnn_tflite-v23.11-using_neon_with_live_preprocessing/mobilenet-v2-precision_float-1.0-160/singlestream/performance/tmp_power/run_1'
client 2024-02-04 10:40:55,783 [INFO] Done runs
