================================================
MLPerf Results Summary
================================================
SUT name : 
Scenario : Offline
Mode     : PerformanceOnly
Samples per second: 184.308
Result is : VALID
  Min duration satisfied : Yes
  Min queries satisfied : Yes
  Early stopping satisfied: Yes

================================================
Additional Stats
================================================
Min latency (ns)                : 81590454
Max latency (ns)                : 634719191933
Mean latency (ns)               : 319412725600
50.00 percentile latency (ns)   : 320155684380
90.00 percentile latency (ns)   : 571940648810
95.00 percentile latency (ns)   : 602978469987
97.00 percentile latency (ns)   : 615824769929
99.00 percentile latency (ns)   : 628441304156
99.90 percentile latency (ns)   : 634071226904

================================================
Test Parameters Used
================================================
samples_per_query : 116984
target_qps : 177.249
target_latency (ns): 0
max_async_queries : 1
min_duration (ms): 600000
max_duration (ms): 0
min_query_count : 1
max_query_count : 0
qsl_rng_seed : 13281865557512327830
sample_index_rng_seed : 198141574272810017
schedule_rng_seed : 7575108116881280410
accuracy_log_rng_seed : 0
accuracy_log_probability : 0
accuracy_log_sampling_target : 0
print_timestamps : 0
performance_issue_unique : 0
performance_issue_same : 0
performance_issue_same_index : 0
performance_sample_count : 10833

No warnings encountered during test.

No errors encountered during test.
Constructing QSL...
Loading cached features from 'eval_features.pickle'...
Finished constructing QSL.
