client 2024-02-04 06:16:04,867 [INFO] Creating output directory '/home/arjun/results_dir/valid_results/orin-tflite_armnn_cpp-cpu-armnn_tflite-v23.11-using_neon/mobilenet-v1-precision_uint8-0.5-160/singlestream/performance/tmp_power'
client 2024-02-04 06:16:04,947 [INFO] Sending command to the server: 'mlcommons/power client v3'
client 2024-02-04 06:16:04,950 [INFO] Got response: 'mlcommons/power server v3'
client 2024-02-04 06:16:04,950 [INFO] Synchronizing with the server and with time.google.com...
client 2024-02-04 06:16:04,991 [INFO] NTP:offset = -0.001 s, delay = 0.021 s 
client 2024-02-04 06:16:04,991 [INFO] Sending command to the server: 'time'
client 2024-02-04 06:16:04,995 [INFO] Got response: '1707027364.9949648'
client 2024-02-04 06:16:04,995 [INFO] The time difference between the client and the server is within range -3.532 ms..0.369 ms
client 2024-02-04 06:16:04,995 [INFO] Sending command to the server: 'new,,518b957a-446b-47dd-8588-2cb21fb1799a'
client 2024-02-04 06:16:04,999 [INFO] Got response: 'OK 2024-02-04_06-16-04,0be2c226-09aa-4e71-918a-96da6e79e4b6'
client 2024-02-04 06:16:04,999 [INFO] Session id is '2024-02-04_06-16-04'
client 2024-02-04 06:16:04,999 [INFO] Sources: {"sources": {"__init__.py": "da39a3ee5e6b4b0d3255bfef95601890afd80709", "client.py": "33ca4f26368777ac06e01f9567b714a4b8063886", "lib/__init__.py": "da39a3ee5e6b4b0d3255bfef95601890afd80709", "lib/client.py": "ac2aa093c8e8bbc9569b9e2a3471bc64e58a2258", "lib/common.py": "611d8b29633d331eb19c9455ea3b5fa3284ed6df", "lib/external/__init__.py": "da39a3ee5e6b4b0d3255bfef95601890afd80709", "lib/external/ntplib.py": "4da8f970656505a40483206ef2b5d3dd5e81711d", "lib/server.py": "99303c836c683aa9017ec565104e636161d02acb", "lib/source_hashes.py": "60a2e02193209e8d392803326208d5466342da18", "lib/summary.py": "aa92f0a3f975eecd44d3c0cd0236342ccc9f941d", "lib/time_sync.py": "80894ef2389e540781ff78de94db16aa4203a14e", "server.py": "c3f90f2f7eeb4db30727556d0c815ebc89b3d28b", "tests/unit/__init__.py": "da39a3ee5e6b4b0d3255bfef95601890afd80709", "tests/unit/test_server.py": "948c1995d4008bc2aa6c4046a34ffa3858d6d671", "tests/unit/test_source_hashes.py": "00468a2907583c593e6574a1f6b404e4651c221a"}, "modules": {"ptd_client_server.lib.client": "lib/client.py", "ptd_client_server.lib.common": "lib/common.py", "ptd_client_server.lib.external.ntplib": "lib/external/ntplib.py", "ptd_client_server.lib.source_hashes": "lib/source_hashes.py", "ptd_client_server.lib.summary": "lib/summary.py", "ptd_client_server.lib.time_sync": "lib/time_sync.py"}}
client 2024-02-04 06:16:05,000 [INFO] Running workload in ranging mode
client 2024-02-04 06:16:05,000 [INFO] Synchronizing with the server and with time.google.com...
client 2024-02-04 06:16:05,022 [INFO] NTP:offset = -0.001 s, delay = 0.021 s 
client 2024-02-04 06:16:05,022 [INFO] Sending command to the server: 'time'
client 2024-02-04 06:16:05,026 [INFO] Got response: '1707027365.0261436'
client 2024-02-04 06:16:05,026 [INFO] The time difference between the client and the server is within range -3.367 ms..0.609 ms
client 2024-02-04 06:16:05,026 [INFO] Sending command to the server: 'session,2024-02-04_06-16-04,start,ranging'
client 2024-02-04 06:16:33,127 [INFO] Got response: 'OK'
client 2024-02-04 06:16:33,129 [INFO] Sending command to the server: 'time'
client 2024-02-04 06:16:33,133 [INFO] Got response: '1707027393.1335368'
client 2024-02-04 06:16:33,133 [INFO] The time difference between the client and the server is within range -3.742 ms..0.326 ms
client 2024-02-04 06:16:33,134 [INFO] Running the workload 'CM_MLPERF_RUN_COUNT=$(cat ${CM_RUN_DIR}/count.txt); echo ${CM_MLPERF_RUN_COUNT}; CM_MLPERF_RUN_COUNT=$((CM_MLPERF_RUN_COUNT+1)); echo ${CM_MLPERF_RUN_COUNT} > ${CM_RUN_DIR}/count.txt && if [ ${CM_MLPERF_RUN_COUNT} -eq "1" ]; then export CM_MLPERF_USER_CONF=${CM_MLPERF_RANGING_USER_CONF}; else export CM_MLPERF_USER_CONF=${CM_MLPERF_TESTING_USER_CONF}; fi && /mnt/CM/repos/ctuning@mlcommons-ck/cm-mlops/script/get-lib-armnn/run.out'
client 2024-02-04 06:21:35,638 [INFO] Sending command to the server: 'time'
client 2024-02-04 06:21:35,643 [INFO] Got response: '1707027695.6430628'
client 2024-02-04 06:21:35,643 [INFO] The time difference between the client and the server is within range -4.593 ms..0.738 ms
client 2024-02-04 06:21:35,644 [INFO] Sending command to the server: 'session,2024-02-04_06-16-04,stop,ranging'
client 2024-02-04 06:21:46,221 [INFO] Got response: 'OK'
client 2024-02-04 06:21:46,222 [INFO] Sending command to the server: 'time'
client 2024-02-04 06:21:46,225 [INFO] Got response: '1707027706.2257495'
client 2024-02-04 06:21:46,225 [INFO] The time difference between the client and the server is within range -3.493 ms..-0.002 ms
client 2024-02-04 06:21:46,243 [INFO] Copying loadgen logs from '/home/arjun/results_dir/valid_results/orin-tflite_armnn_cpp-cpu-armnn_tflite-v23.11-using_neon/mobilenet-v1-precision_uint8-0.5-160/singlestream/performance/run_1' to '/home/arjun/results_dir/valid_results/orin-tflite_armnn_cpp-cpu-armnn_tflite-v23.11-using_neon/mobilenet-v1-precision_uint8-0.5-160/singlestream/performance/tmp_power/ranging'
client 2024-02-04 06:21:46,245 [INFO] Running workload in testing mode
client 2024-02-04 06:21:46,245 [INFO] Synchronizing with the server and with time.google.com...
client 2024-02-04 06:21:46,273 [INFO] NTP:offset = -0.001 s, delay = 0.022 s 
client 2024-02-04 06:21:46,273 [INFO] Sending command to the server: 'time'
client 2024-02-04 06:21:46,277 [INFO] Got response: '1707027706.2772298'
client 2024-02-04 06:21:46,277 [INFO] The time difference between the client and the server is within range -3.556 ms..0.219 ms
client 2024-02-04 06:21:46,277 [INFO] Sending command to the server: 'session,2024-02-04_06-16-04,start,testing'
client 2024-02-04 06:21:59,302 [INFO] Got response: 'OK'
client 2024-02-04 06:21:59,303 [INFO] Sending command to the server: 'time'
client 2024-02-04 06:21:59,306 [INFO] Got response: '1707027719.3072338'
client 2024-02-04 06:21:59,307 [INFO] The time difference between the client and the server is within range -3.584 ms..0.003 ms
client 2024-02-04 06:21:59,307 [INFO] Running the workload 'CM_MLPERF_RUN_COUNT=$(cat ${CM_RUN_DIR}/count.txt); echo ${CM_MLPERF_RUN_COUNT}; CM_MLPERF_RUN_COUNT=$((CM_MLPERF_RUN_COUNT+1)); echo ${CM_MLPERF_RUN_COUNT} > ${CM_RUN_DIR}/count.txt && if [ ${CM_MLPERF_RUN_COUNT} -eq "1" ]; then export CM_MLPERF_USER_CONF=${CM_MLPERF_RANGING_USER_CONF}; else export CM_MLPERF_USER_CONF=${CM_MLPERF_TESTING_USER_CONF}; fi && /mnt/CM/repos/ctuning@mlcommons-ck/cm-mlops/script/get-lib-armnn/run.out'
client 2024-02-04 06:32:04,035 [INFO] Sending command to the server: 'time'
client 2024-02-04 06:32:04,246 [INFO] Got response: '1707028324.2460716'
client 2024-02-04 06:32:04,247 [INFO] The time difference between the client and the server is within range -210.483 ms..1.045 ms
client 2024-02-04 06:32:04,247 [INFO] Sending command to the server: 'session,2024-02-04_06-16-04,stop,testing'
client 2024-02-04 06:32:14,353 [INFO] Got response: 'OK'
client 2024-02-04 06:32:14,353 [INFO] Sending command to the server: 'time'
client 2024-02-04 06:32:14,356 [INFO] Got response: '1707028334.3571365'
client 2024-02-04 06:32:14,356 [INFO] The time difference between the client and the server is within range -3.563 ms..-0.338 ms
client 2024-02-04 06:32:14,361 [INFO] Copying loadgen logs from '/home/arjun/results_dir/valid_results/orin-tflite_armnn_cpp-cpu-armnn_tflite-v23.11-using_neon/mobilenet-v1-precision_uint8-0.5-160/singlestream/performance/run_1' to '/home/arjun/results_dir/valid_results/orin-tflite_armnn_cpp-cpu-armnn_tflite-v23.11-using_neon/mobilenet-v1-precision_uint8-0.5-160/singlestream/performance/tmp_power/run_1'
client 2024-02-04 06:32:14,364 [INFO] Done runs
