client 2024-01-31 05:46:12,998 [INFO] Creating output directory '/home/arjun/results_dir/valid_results/orin-tflite_cpp-cpu-tflite-vmaster-with_live_preprocessing/mobilenet-v3-precision_float-small-224/singlestream/performance/tmp_power'
client 2024-01-31 05:46:13,110 [INFO] Sending command to the server: 'mlcommons/power client v3'
client 2024-01-31 05:46:13,113 [INFO] Got response: 'mlcommons/power server v3'
client 2024-01-31 05:46:13,113 [INFO] Synchronizing with the server and with time.google.com...
client 2024-01-31 05:46:13,144 [INFO] NTP:offset = -0.003 s, delay = 0.022 s 
client 2024-01-31 05:46:13,144 [INFO] Sending command to the server: 'time'
client 2024-01-31 05:46:13,148 [INFO] Got response: '1706679973.1459806'
client 2024-01-31 05:46:13,148 [INFO] The time difference between the client and the server is within range -1.177 ms..2.241 ms
client 2024-01-31 05:46:13,148 [INFO] Sending command to the server: 'new,,095a431a-41b3-474b-9ca4-6961e7457445'
client 2024-01-31 05:46:13,151 [INFO] Got response: 'OK 2024-01-31_05-46-13,c70d8d2b-ca4a-4c6e-85a6-478f88ad9fa6'
client 2024-01-31 05:46:13,151 [INFO] Session id is '2024-01-31_05-46-13'
client 2024-01-31 05:46:13,151 [INFO] Sources: {"sources": {"__init__.py": "da39a3ee5e6b4b0d3255bfef95601890afd80709", "client.py": "33ca4f26368777ac06e01f9567b714a4b8063886", "lib/__init__.py": "da39a3ee5e6b4b0d3255bfef95601890afd80709", "lib/client.py": "ac2aa093c8e8bbc9569b9e2a3471bc64e58a2258", "lib/common.py": "611d8b29633d331eb19c9455ea3b5fa3284ed6df", "lib/external/__init__.py": "da39a3ee5e6b4b0d3255bfef95601890afd80709", "lib/external/ntplib.py": "4da8f970656505a40483206ef2b5d3dd5e81711d", "lib/server.py": "99303c836c683aa9017ec565104e636161d02acb", "lib/source_hashes.py": "60a2e02193209e8d392803326208d5466342da18", "lib/summary.py": "aa92f0a3f975eecd44d3c0cd0236342ccc9f941d", "lib/time_sync.py": "80894ef2389e540781ff78de94db16aa4203a14e", "server.py": "c3f90f2f7eeb4db30727556d0c815ebc89b3d28b", "tests/unit/__init__.py": "da39a3ee5e6b4b0d3255bfef95601890afd80709", "tests/unit/test_server.py": "948c1995d4008bc2aa6c4046a34ffa3858d6d671", "tests/unit/test_source_hashes.py": "00468a2907583c593e6574a1f6b404e4651c221a"}, "modules": {"ptd_client_server.lib.client": "lib/client.py", "ptd_client_server.lib.common": "lib/common.py", "ptd_client_server.lib.external.ntplib": "lib/external/ntplib.py", "ptd_client_server.lib.source_hashes": "lib/source_hashes.py", "ptd_client_server.lib.summary": "lib/summary.py", "ptd_client_server.lib.time_sync": "lib/time_sync.py"}}
client 2024-01-31 05:46:13,152 [INFO] Running workload in ranging mode
client 2024-01-31 05:46:13,152 [INFO] Synchronizing with the server and with time.google.com...
client 2024-01-31 05:46:13,174 [INFO] NTP:offset = -0.002 s, delay = 0.020 s 
client 2024-01-31 05:46:13,174 [INFO] Sending command to the server: 'time'
client 2024-01-31 05:46:13,177 [INFO] Got response: '1706679973.1753128'
client 2024-01-31 05:46:13,178 [INFO] The time difference between the client and the server is within range -0.412 ms..2.777 ms
client 2024-01-31 05:46:13,178 [INFO] Sending command to the server: 'session,2024-01-31_05-46-13,start,ranging'
client 2024-01-31 05:46:41,259 [INFO] Got response: 'OK'
client 2024-01-31 05:46:41,262 [INFO] Sending command to the server: 'time'
client 2024-01-31 05:46:41,265 [INFO] Got response: '1706680001.263686'
client 2024-01-31 05:46:41,266 [INFO] The time difference between the client and the server is within range -1.271 ms..2.374 ms
client 2024-01-31 05:46:41,266 [INFO] Running the workload 'CM_MLPERF_RUN_COUNT=$(cat ${CM_RUN_DIR}/count.txt); echo ${CM_MLPERF_RUN_COUNT}; CM_MLPERF_RUN_COUNT=$((CM_MLPERF_RUN_COUNT+1)); echo ${CM_MLPERF_RUN_COUNT} > ${CM_RUN_DIR}/count.txt && if [ ${CM_MLPERF_RUN_COUNT} -eq "1" ]; then export CM_MLPERF_USER_CONF=${CM_MLPERF_RANGING_USER_CONF}; else export CM_MLPERF_USER_CONF=${CM_MLPERF_TESTING_USER_CONF}; fi && /home/arjun/run.out'
client 2024-01-31 05:51:43,854 [INFO] Sending command to the server: 'time'
client 2024-01-31 05:51:43,857 [INFO] Got response: '1706680303.8552244'
client 2024-01-31 05:51:43,858 [INFO] The time difference between the client and the server is within range -0.952 ms..3.145 ms
client 2024-01-31 05:51:43,858 [INFO] Sending command to the server: 'session,2024-01-31_05-46-13,stop,ranging'
client 2024-01-31 05:51:54,406 [INFO] Got response: 'OK'
client 2024-01-31 05:51:54,407 [INFO] Sending command to the server: 'time'
client 2024-01-31 05:51:54,410 [INFO] Got response: '1706680314.4077768'
client 2024-01-31 05:51:54,410 [INFO] The time difference between the client and the server is within range -0.651 ms..2.655 ms
client 2024-01-31 05:51:54,428 [INFO] Copying loadgen logs from '/home/arjun/results_dir/valid_results/orin-tflite_cpp-cpu-tflite-vmaster-with_live_preprocessing/mobilenet-v3-precision_float-small-224/singlestream/performance/run_1' to '/home/arjun/results_dir/valid_results/orin-tflite_cpp-cpu-tflite-vmaster-with_live_preprocessing/mobilenet-v3-precision_float-small-224/singlestream/performance/tmp_power/ranging'
client 2024-01-31 05:51:54,431 [INFO] Running workload in testing mode
client 2024-01-31 05:51:54,431 [INFO] Synchronizing with the server and with time.google.com...
client 2024-01-31 05:51:54,456 [INFO] NTP:offset = -0.002 s, delay = 0.020 s 
client 2024-01-31 05:51:54,456 [INFO] Sending command to the server: 'time'
client 2024-01-31 05:51:54,459 [INFO] Got response: '1706680314.457392'
client 2024-01-31 05:51:54,459 [INFO] The time difference between the client and the server is within range -0.737 ms..2.445 ms
client 2024-01-31 05:51:54,460 [INFO] Sending command to the server: 'session,2024-01-31_05-46-13,start,testing'
client 2024-01-31 05:52:07,476 [INFO] Got response: 'OK'
client 2024-01-31 05:52:07,477 [INFO] Sending command to the server: 'time'
client 2024-01-31 05:52:07,480 [INFO] Got response: '1706680327.4782877'
client 2024-01-31 05:52:07,480 [INFO] The time difference between the client and the server is within range -0.637 ms..2.526 ms
client 2024-01-31 05:52:07,481 [INFO] Running the workload 'CM_MLPERF_RUN_COUNT=$(cat ${CM_RUN_DIR}/count.txt); echo ${CM_MLPERF_RUN_COUNT}; CM_MLPERF_RUN_COUNT=$((CM_MLPERF_RUN_COUNT+1)); echo ${CM_MLPERF_RUN_COUNT} > ${CM_RUN_DIR}/count.txt && if [ ${CM_MLPERF_RUN_COUNT} -eq "1" ]; then export CM_MLPERF_USER_CONF=${CM_MLPERF_RANGING_USER_CONF}; else export CM_MLPERF_USER_CONF=${CM_MLPERF_TESTING_USER_CONF}; fi && /home/arjun/run.out'
client 2024-01-31 06:02:11,939 [INFO] Sending command to the server: 'time'
client 2024-01-31 06:02:11,957 [INFO] Got response: '1706680931.9544034'
client 2024-01-31 06:02:11,957 [INFO] The time difference between the client and the server is within range -15.163 ms..3.407 ms
client 2024-01-31 06:02:11,958 [INFO] Sending command to the server: 'session,2024-01-31_05-46-13,stop,testing'
client 2024-01-31 06:02:22,528 [INFO] Got response: 'OK'
client 2024-01-31 06:02:22,528 [INFO] Sending command to the server: 'time'
client 2024-01-31 06:02:22,531 [INFO] Got response: '1706680942.5292125'
client 2024-01-31 06:02:22,532 [INFO] The time difference between the client and the server is within range -0.379 ms..2.812 ms
client 2024-01-31 06:02:22,536 [INFO] Copying loadgen logs from '/home/arjun/results_dir/valid_results/orin-tflite_cpp-cpu-tflite-vmaster-with_live_preprocessing/mobilenet-v3-precision_float-small-224/singlestream/performance/run_1' to '/home/arjun/results_dir/valid_results/orin-tflite_cpp-cpu-tflite-vmaster-with_live_preprocessing/mobilenet-v3-precision_float-small-224/singlestream/performance/tmp_power/run_1'
client 2024-01-31 06:02:22,539 [INFO] Done runs
