client 2024-02-04 01:35:23,182 [INFO] Creating output directory '/home/arjun/results_dir/valid_results/orin-tflite_armnn_cpp-cpu-armnn_tflite-v23.11-using_neon/mobilenet-v1-precision_uint8-1.0-160/singlestream/performance/tmp_power'
client 2024-02-04 01:35:23,219 [INFO] Sending command to the server: 'mlcommons/power client v3'
client 2024-02-04 01:35:23,221 [INFO] Got response: 'mlcommons/power server v3'
client 2024-02-04 01:35:23,221 [INFO] Synchronizing with the server and with time.google.com...
client 2024-02-04 01:35:23,253 [INFO] NTP:offset = 0.001 s, delay = 0.025 s 
client 2024-02-04 01:35:23,253 [INFO] Sending command to the server: 'time'
client 2024-02-04 01:35:23,256 [INFO] Got response: '1707010523.2524803'
client 2024-02-04 01:35:23,256 [INFO] The time difference between the client and the server is within range 1.091 ms..4.478 ms
client 2024-02-04 01:35:23,257 [INFO] Sending command to the server: 'new,,86610c06-72fa-4d7f-ba09-dbd932a122c6'
client 2024-02-04 01:35:23,259 [INFO] Got response: 'OK 2024-02-04_01-35-23,163ddf22-7575-4db2-8468-ca30c7d3ae78'
client 2024-02-04 01:35:23,259 [INFO] Session id is '2024-02-04_01-35-23'
client 2024-02-04 01:35:23,260 [INFO] Sources: {"sources": {"__init__.py": "da39a3ee5e6b4b0d3255bfef95601890afd80709", "client.py": "33ca4f26368777ac06e01f9567b714a4b8063886", "lib/__init__.py": "da39a3ee5e6b4b0d3255bfef95601890afd80709", "lib/client.py": "ac2aa093c8e8bbc9569b9e2a3471bc64e58a2258", "lib/common.py": "611d8b29633d331eb19c9455ea3b5fa3284ed6df", "lib/external/__init__.py": "da39a3ee5e6b4b0d3255bfef95601890afd80709", "lib/external/ntplib.py": "4da8f970656505a40483206ef2b5d3dd5e81711d", "lib/server.py": "99303c836c683aa9017ec565104e636161d02acb", "lib/source_hashes.py": "60a2e02193209e8d392803326208d5466342da18", "lib/summary.py": "aa92f0a3f975eecd44d3c0cd0236342ccc9f941d", "lib/time_sync.py": "80894ef2389e540781ff78de94db16aa4203a14e", "server.py": "c3f90f2f7eeb4db30727556d0c815ebc89b3d28b", "tests/unit/__init__.py": "da39a3ee5e6b4b0d3255bfef95601890afd80709", "tests/unit/test_server.py": "948c1995d4008bc2aa6c4046a34ffa3858d6d671", "tests/unit/test_source_hashes.py": "00468a2907583c593e6574a1f6b404e4651c221a"}, "modules": {"ptd_client_server.lib.client": "lib/client.py", "ptd_client_server.lib.common": "lib/common.py", "ptd_client_server.lib.external.ntplib": "lib/external/ntplib.py", "ptd_client_server.lib.source_hashes": "lib/source_hashes.py", "ptd_client_server.lib.summary": "lib/summary.py", "ptd_client_server.lib.time_sync": "lib/time_sync.py"}}
client 2024-02-04 01:35:23,260 [INFO] Running workload in ranging mode
client 2024-02-04 01:35:23,260 [INFO] Synchronizing with the server and with time.google.com...
client 2024-02-04 01:35:23,281 [INFO] NTP:offset = 0.000 s, delay = 0.019 s 
client 2024-02-04 01:35:23,281 [INFO] Sending command to the server: 'time'
client 2024-02-04 01:35:23,284 [INFO] Got response: '1707010523.2805164'
client 2024-02-04 01:35:23,284 [INFO] The time difference between the client and the server is within range 1.177 ms..4.003 ms
client 2024-02-04 01:35:23,284 [INFO] Sending command to the server: 'session,2024-02-04_01-35-23,start,ranging'
client 2024-02-04 01:35:51,370 [INFO] Got response: 'OK'
client 2024-02-04 01:35:51,372 [INFO] Sending command to the server: 'time'
client 2024-02-04 01:35:51,376 [INFO] Got response: '1707010551.3713815'
client 2024-02-04 01:35:51,377 [INFO] The time difference between the client and the server is within range 1.091 ms..5.633 ms
client 2024-02-04 01:35:51,377 [INFO] Running the workload 'CM_MLPERF_RUN_COUNT=$(cat ${CM_RUN_DIR}/count.txt); echo ${CM_MLPERF_RUN_COUNT}; CM_MLPERF_RUN_COUNT=$((CM_MLPERF_RUN_COUNT+1)); echo ${CM_MLPERF_RUN_COUNT} > ${CM_RUN_DIR}/count.txt && if [ ${CM_MLPERF_RUN_COUNT} -eq "1" ]; then export CM_MLPERF_USER_CONF=${CM_MLPERF_RANGING_USER_CONF}; else export CM_MLPERF_USER_CONF=${CM_MLPERF_TESTING_USER_CONF}; fi && /mnt/CM/repos/ctuning@mlcommons-ck/cm-mlops/script/get-lib-armnn/run.out'
client 2024-02-04 01:40:53,798 [INFO] Sending command to the server: 'time'
client 2024-02-04 01:40:53,888 [INFO] Got response: '1707010853.884702'
client 2024-02-04 01:40:53,889 [INFO] The time difference between the client and the server is within range -86.864 ms..4.707 ms
client 2024-02-04 01:40:53,889 [INFO] Sending command to the server: 'session,2024-02-04_01-35-23,stop,ranging'
client 2024-02-04 01:41:04,423 [INFO] Got response: 'OK'
client 2024-02-04 01:41:04,424 [INFO] Sending command to the server: 'time'
client 2024-02-04 01:41:04,427 [INFO] Got response: '1707010864.4245374'
client 2024-02-04 01:41:04,427 [INFO] The time difference between the client and the server is within range -0.306 ms..3.254 ms
client 2024-02-04 01:41:04,444 [INFO] Copying loadgen logs from '/home/arjun/results_dir/valid_results/orin-tflite_armnn_cpp-cpu-armnn_tflite-v23.11-using_neon/mobilenet-v1-precision_uint8-1.0-160/singlestream/performance/run_1' to '/home/arjun/results_dir/valid_results/orin-tflite_armnn_cpp-cpu-armnn_tflite-v23.11-using_neon/mobilenet-v1-precision_uint8-1.0-160/singlestream/performance/tmp_power/ranging'
client 2024-02-04 01:41:04,447 [INFO] Running workload in testing mode
client 2024-02-04 01:41:04,447 [INFO] Synchronizing with the server and with time.google.com...
client 2024-02-04 01:41:04,472 [INFO] NTP:offset = 0.001 s, delay = 0.020 s 
client 2024-02-04 01:41:04,472 [INFO] Sending command to the server: 'time'
client 2024-02-04 01:41:04,475 [INFO] Got response: '1707010864.4725106'
client 2024-02-04 01:41:04,475 [INFO] The time difference between the client and the server is within range 0.014 ms..3.278 ms
client 2024-02-04 01:41:04,476 [INFO] Sending command to the server: 'session,2024-02-04_01-35-23,start,testing'
client 2024-02-04 01:41:17,493 [INFO] Got response: 'OK'
client 2024-02-04 01:41:17,494 [INFO] Sending command to the server: 'time'
client 2024-02-04 01:41:17,497 [INFO] Got response: '1707010877.494483'
client 2024-02-04 01:41:17,497 [INFO] The time difference between the client and the server is within range 0.154 ms..3.139 ms
client 2024-02-04 01:41:17,497 [INFO] Running the workload 'CM_MLPERF_RUN_COUNT=$(cat ${CM_RUN_DIR}/count.txt); echo ${CM_MLPERF_RUN_COUNT}; CM_MLPERF_RUN_COUNT=$((CM_MLPERF_RUN_COUNT+1)); echo ${CM_MLPERF_RUN_COUNT} > ${CM_RUN_DIR}/count.txt && if [ ${CM_MLPERF_RUN_COUNT} -eq "1" ]; then export CM_MLPERF_USER_CONF=${CM_MLPERF_RANGING_USER_CONF}; else export CM_MLPERF_USER_CONF=${CM_MLPERF_TESTING_USER_CONF}; fi && /mnt/CM/repos/ctuning@mlcommons-ck/cm-mlops/script/get-lib-armnn/run.out'
client 2024-02-04 01:51:22,235 [INFO] Sending command to the server: 'time'
client 2024-02-04 01:51:22,312 [INFO] Got response: '1707011482.3104322'
client 2024-02-04 01:51:22,313 [INFO] The time difference between the client and the server is within range -75.229 ms..2.886 ms
client 2024-02-04 01:51:22,313 [INFO] Sending command to the server: 'session,2024-02-04_01-35-23,stop,testing'
client 2024-02-04 01:51:32,542 [INFO] Got response: 'OK'
client 2024-02-04 01:51:32,543 [INFO] Sending command to the server: 'time'
client 2024-02-04 01:51:32,548 [INFO] Got response: '1707011492.5453281'
client 2024-02-04 01:51:32,548 [INFO] The time difference between the client and the server is within range -1.597 ms..2.983 ms
client 2024-02-04 01:51:32,552 [INFO] Copying loadgen logs from '/home/arjun/results_dir/valid_results/orin-tflite_armnn_cpp-cpu-armnn_tflite-v23.11-using_neon/mobilenet-v1-precision_uint8-1.0-160/singlestream/performance/run_1' to '/home/arjun/results_dir/valid_results/orin-tflite_armnn_cpp-cpu-armnn_tflite-v23.11-using_neon/mobilenet-v1-precision_uint8-1.0-160/singlestream/performance/tmp_power/run_1'
client 2024-02-04 01:51:32,555 [INFO] Done runs
