client 2024-01-28 22:48:09,176 [INFO] Creating output directory '/home/arjun/results_dir/valid_results/orin-tflite_cpp-cpu-tflite-vmaster-default_config/mobilenet-v1-precision_uint8-1.0-160/singlestream/performance/tmp_power'
client 2024-01-28 22:48:09,180 [INFO] Sending command to the server: 'mlcommons/power client v3'
client 2024-01-28 22:48:09,183 [INFO] Got response: 'mlcommons/power server v3'
client 2024-01-28 22:48:09,183 [INFO] Synchronizing with the server and with time.google.com...
client 2024-01-28 22:48:09,211 [INFO] NTP:offset = -0.003 s, delay = 0.021 s 
client 2024-01-28 22:48:09,211 [INFO] Sending command to the server: 'time'
client 2024-01-28 22:48:09,216 [INFO] Got response: '1706482089.213543'
client 2024-01-28 22:48:09,216 [INFO] The time difference between the client and the server is within range -1.760 ms..2.727 ms
client 2024-01-28 22:48:09,216 [INFO] Sending command to the server: 'new,,fbb2dbfb-498c-4b9a-8621-6188892a3c6a'
client 2024-01-28 22:48:09,220 [INFO] Got response: 'OK 2024-01-28_22-48-09,39d510fc-487a-45b3-96df-3fbfe4e12f33'
client 2024-01-28 22:48:09,220 [INFO] Session id is '2024-01-28_22-48-09'
client 2024-01-28 22:48:09,220 [INFO] Sources: {"sources": {"__init__.py": "da39a3ee5e6b4b0d3255bfef95601890afd80709", "client.py": "33ca4f26368777ac06e01f9567b714a4b8063886", "lib/__init__.py": "da39a3ee5e6b4b0d3255bfef95601890afd80709", "lib/client.py": "ac2aa093c8e8bbc9569b9e2a3471bc64e58a2258", "lib/common.py": "611d8b29633d331eb19c9455ea3b5fa3284ed6df", "lib/external/__init__.py": "da39a3ee5e6b4b0d3255bfef95601890afd80709", "lib/external/ntplib.py": "4da8f970656505a40483206ef2b5d3dd5e81711d", "lib/server.py": "99303c836c683aa9017ec565104e636161d02acb", "lib/source_hashes.py": "60a2e02193209e8d392803326208d5466342da18", "lib/summary.py": "aa92f0a3f975eecd44d3c0cd0236342ccc9f941d", "lib/time_sync.py": "80894ef2389e540781ff78de94db16aa4203a14e", "server.py": "c3f90f2f7eeb4db30727556d0c815ebc89b3d28b", "tests/unit/__init__.py": "da39a3ee5e6b4b0d3255bfef95601890afd80709", "tests/unit/test_server.py": "948c1995d4008bc2aa6c4046a34ffa3858d6d671", "tests/unit/test_source_hashes.py": "00468a2907583c593e6574a1f6b404e4651c221a"}, "modules": {"ptd_client_server.lib.client": "lib/client.py", "ptd_client_server.lib.common": "lib/common.py", "ptd_client_server.lib.external.ntplib": "lib/external/ntplib.py", "ptd_client_server.lib.source_hashes": "lib/source_hashes.py", "ptd_client_server.lib.summary": "lib/summary.py", "ptd_client_server.lib.time_sync": "lib/time_sync.py"}}
client 2024-01-28 22:48:09,220 [INFO] Running workload in ranging mode
client 2024-01-28 22:48:09,220 [INFO] Synchronizing with the server and with time.google.com...
client 2024-01-28 22:48:09,246 [INFO] NTP:offset = -0.004 s, delay = 0.024 s 
client 2024-01-28 22:48:09,246 [INFO] Sending command to the server: 'time'
client 2024-01-28 22:48:09,249 [INFO] Got response: '1706482089.247222'
client 2024-01-28 22:48:09,249 [INFO] The time difference between the client and the server is within range -0.833 ms..1.993 ms
client 2024-01-28 22:48:09,249 [INFO] Sending command to the server: 'session,2024-01-28_22-48-09,start,ranging'
client 2024-01-28 22:48:37,328 [INFO] Got response: 'OK'
client 2024-01-28 22:48:37,331 [INFO] Sending command to the server: 'time'
client 2024-01-28 22:48:37,334 [INFO] Got response: '1706482117.3323205'
client 2024-01-28 22:48:37,335 [INFO] The time difference between the client and the server is within range -1.067 ms..2.925 ms
client 2024-01-28 22:48:37,335 [INFO] Running the workload 'CM_MLPERF_RUN_COUNT=$(cat ${CM_RUN_DIR}/count.txt); echo ${CM_MLPERF_RUN_COUNT}; CM_MLPERF_RUN_COUNT=$((CM_MLPERF_RUN_COUNT+1)); echo ${CM_MLPERF_RUN_COUNT} > ${CM_RUN_DIR}/count.txt && if [ ${CM_MLPERF_RUN_COUNT} -eq "1" ]; then export CM_MLPERF_USER_CONF=${CM_MLPERF_RANGING_USER_CONF}; else export CM_MLPERF_USER_CONF=${CM_MLPERF_TESTING_USER_CONF}; fi && /mnt/CM/repos/ctuning@mlcommons-ck/cm-mlops/script/benchmark-any-mlperf-inference-implementation/run.out'
client 2024-01-28 22:53:42,365 [INFO] Sending command to the server: 'time'
client 2024-01-28 22:53:42,381 [INFO] Got response: '1706482422.378919'
client 2024-01-28 22:53:42,382 [INFO] The time difference between the client and the server is within range -13.379 ms..3.106 ms
client 2024-01-28 22:53:42,382 [INFO] Sending command to the server: 'session,2024-01-28_22-48-09,stop,ranging'
client 2024-01-28 22:53:53,406 [INFO] Got response: 'OK'
client 2024-01-28 22:53:53,406 [INFO] Sending command to the server: 'time'
client 2024-01-28 22:53:53,409 [INFO] Got response: '1706482433.4073973'
client 2024-01-28 22:53:53,410 [INFO] The time difference between the client and the server is within range -0.736 ms..2.667 ms
client 2024-01-28 22:53:53,426 [INFO] Copying loadgen logs from '/home/arjun/results_dir/valid_results/orin-tflite_cpp-cpu-tflite-vmaster-default_config/mobilenet-v1-precision_uint8-1.0-160/singlestream/performance/run_1' to '/home/arjun/results_dir/valid_results/orin-tflite_cpp-cpu-tflite-vmaster-default_config/mobilenet-v1-precision_uint8-1.0-160/singlestream/performance/tmp_power/ranging'
client 2024-01-28 22:53:53,445 [INFO] Running workload in testing mode
client 2024-01-28 22:53:53,445 [INFO] Synchronizing with the server and with time.google.com...
client 2024-01-28 22:53:53,482 [INFO] NTP:offset = -0.005 s, delay = 0.032 s 
client 2024-01-28 22:53:53,482 [INFO] Sending command to the server: 'time'
client 2024-01-28 22:53:53,485 [INFO] Got response: '1706482433.4832335'
client 2024-01-28 22:53:53,485 [INFO] The time difference between the client and the server is within range -0.755 ms..2.449 ms
client 2024-01-28 22:53:53,485 [INFO] Sending command to the server: 'session,2024-01-28_22-48-09,start,testing'
client 2024-01-28 22:54:06,506 [INFO] Got response: 'OK'
client 2024-01-28 22:54:06,506 [INFO] Sending command to the server: 'time'
client 2024-01-28 22:54:06,509 [INFO] Got response: '1706482446.5076733'
client 2024-01-28 22:54:06,509 [INFO] The time difference between the client and the server is within range -0.811 ms..2.248 ms
client 2024-01-28 22:54:06,510 [INFO] Running the workload 'CM_MLPERF_RUN_COUNT=$(cat ${CM_RUN_DIR}/count.txt); echo ${CM_MLPERF_RUN_COUNT}; CM_MLPERF_RUN_COUNT=$((CM_MLPERF_RUN_COUNT+1)); echo ${CM_MLPERF_RUN_COUNT} > ${CM_RUN_DIR}/count.txt && if [ ${CM_MLPERF_RUN_COUNT} -eq "1" ]; then export CM_MLPERF_USER_CONF=${CM_MLPERF_RANGING_USER_CONF}; else export CM_MLPERF_USER_CONF=${CM_MLPERF_TESTING_USER_CONF}; fi && /mnt/CM/repos/ctuning@mlcommons-ck/cm-mlops/script/benchmark-any-mlperf-inference-implementation/run.out'
client 2024-01-28 23:04:11,192 [INFO] Sending command to the server: 'time'
client 2024-01-28 23:04:11,228 [INFO] Got response: '1706483051.2249694'
client 2024-01-28 23:04:11,228 [INFO] The time difference between the client and the server is within range -32.876 ms..3.540 ms
client 2024-01-28 23:04:11,228 [INFO] Sending command to the server: 'session,2024-01-28_22-48-09,stop,testing'
client 2024-01-28 23:04:21,564 [INFO] Got response: 'OK'
client 2024-01-28 23:04:21,565 [INFO] Sending command to the server: 'time'
client 2024-01-28 23:04:21,569 [INFO] Got response: '1706483061.5663776'
client 2024-01-28 23:04:21,570 [INFO] The time difference between the client and the server is within range -1.077 ms..3.633 ms
client 2024-01-28 23:04:21,574 [INFO] Copying loadgen logs from '/home/arjun/results_dir/valid_results/orin-tflite_cpp-cpu-tflite-vmaster-default_config/mobilenet-v1-precision_uint8-1.0-160/singlestream/performance/run_1' to '/home/arjun/results_dir/valid_results/orin-tflite_cpp-cpu-tflite-vmaster-default_config/mobilenet-v1-precision_uint8-1.0-160/singlestream/performance/tmp_power/run_1'
client 2024-01-28 23:04:21,576 [INFO] Done runs
