Graph file: /home/ubuntu/CM/repos/local/cache/45b6cab7299b4f2c/mobilenet_v1_0.5_160.tflite
Image dir: /home/ubuntu/CM/repos/local/cache/fb4178866c684cf3
Image list: /home/ubuntu/CM/repos/local/cache/fb4178866c684cf3/preprocessed_files.txt
Image size: 160
Image channels: 3
Prediction classes: 1000
Result dir: /home/ubuntu/CM/repos/local/cache/0d27aeefb8a44716/valid_results/t2.xlarge-tflite_cpp-cpu-tflite-vmaster-with_live_preprocessing/mobilenet-v1-precision_float-0.5-160/singlestream/performance/run_1
How many images fit in memory buffer: 1024
Normalize: 1
Subtract mean: 0
Run time preprocessing: 1
Number of Threads: 4
Number of available imagefiles: 50000

Loading graph...
INFO: Created TensorFlow Lite XNNPACK delegate for CPU.
Input tensor dimensions (NHWC): 1*160*160*3
Output tensor dimensions: 1*1001
Path to mlperf.conf : /home/ubuntu/CM/repos/local/cache/b04c5c62d3014951/inference/mlperf.conf
Path to user.conf : /home/ubuntu/CM/repos/ctuning@mlcommons-ck/cm-mlops/script/generate-mlperf-inference-user-conf/tmp/f49019c7de8b49fcacde1063e28d61e6.conf
Model Name: mobilenet
LoadGen Scenario: SingleStream
LoadGen Mode: performance
