client 2024-02-01 09:02:07,636 [INFO] Creating output directory '/home/arjun/results_dir/valid_results/orin-tflite_armnn_cpp-cpu-armnn_tflite-v23.05-using_neon/mobilenet-v2-precision_uint8-0.75-224/singlestream/performance/tmp_power'
client 2024-02-01 09:02:07,653 [INFO] Sending command to the server: 'mlcommons/power client v3'
client 2024-02-01 09:02:07,657 [INFO] Got response: 'mlcommons/power server v3'
client 2024-02-01 09:02:07,657 [INFO] Synchronizing with the server and with time.google.com...
client 2024-02-01 09:02:07,682 [INFO] NTP:offset = -0.008 s, delay = 0.019 s 
client 2024-02-01 09:02:07,682 [INFO] Sending command to the server: 'time'
client 2024-02-01 09:02:07,686 [INFO] Got response: '1706778127.6793988'
client 2024-02-01 09:02:07,686 [INFO] The time difference between the client and the server is within range 3.574 ms..7.024 ms
client 2024-02-01 09:02:07,686 [INFO] Sending command to the server: 'new,,8e2fe404-d390-4e6b-9805-3044ef369f33'
client 2024-02-01 09:02:07,689 [INFO] Got response: 'OK 2024-02-01_09-02-07,d731603c-3209-4dd3-b016-a0481db6fc81'
client 2024-02-01 09:02:07,690 [INFO] Session id is '2024-02-01_09-02-07'
client 2024-02-01 09:02:07,690 [INFO] Sources: {"sources": {"__init__.py": "da39a3ee5e6b4b0d3255bfef95601890afd80709", "client.py": "33ca4f26368777ac06e01f9567b714a4b8063886", "lib/__init__.py": "da39a3ee5e6b4b0d3255bfef95601890afd80709", "lib/client.py": "ac2aa093c8e8bbc9569b9e2a3471bc64e58a2258", "lib/common.py": "611d8b29633d331eb19c9455ea3b5fa3284ed6df", "lib/external/__init__.py": "da39a3ee5e6b4b0d3255bfef95601890afd80709", "lib/external/ntplib.py": "4da8f970656505a40483206ef2b5d3dd5e81711d", "lib/server.py": "99303c836c683aa9017ec565104e636161d02acb", "lib/source_hashes.py": "60a2e02193209e8d392803326208d5466342da18", "lib/summary.py": "aa92f0a3f975eecd44d3c0cd0236342ccc9f941d", "lib/time_sync.py": "80894ef2389e540781ff78de94db16aa4203a14e", "server.py": "c3f90f2f7eeb4db30727556d0c815ebc89b3d28b", "tests/unit/__init__.py": "da39a3ee5e6b4b0d3255bfef95601890afd80709", "tests/unit/test_server.py": "948c1995d4008bc2aa6c4046a34ffa3858d6d671", "tests/unit/test_source_hashes.py": "00468a2907583c593e6574a1f6b404e4651c221a"}, "modules": {"ptd_client_server.lib.client": "lib/client.py", "ptd_client_server.lib.common": "lib/common.py", "ptd_client_server.lib.external.ntplib": "lib/external/ntplib.py", "ptd_client_server.lib.source_hashes": "lib/source_hashes.py", "ptd_client_server.lib.summary": "lib/summary.py", "ptd_client_server.lib.time_sync": "lib/time_sync.py"}}
client 2024-02-01 09:02:07,690 [INFO] Running workload in ranging mode
client 2024-02-01 09:02:07,690 [INFO] Synchronizing with the server and with time.google.com...
client 2024-02-01 09:02:07,711 [INFO] NTP:offset = -0.008 s, delay = 0.020 s 
client 2024-02-01 09:02:07,711 [INFO] Sending command to the server: 'time'
client 2024-02-01 09:02:07,715 [INFO] Got response: '1706778127.7087083'
client 2024-02-01 09:02:07,715 [INFO] The time difference between the client and the server is within range 3.182 ms..6.799 ms
client 2024-02-01 09:02:07,715 [INFO] Sending command to the server: 'session,2024-02-01_09-02-07,start,ranging'
client 2024-02-01 09:02:35,874 [INFO] Got response: 'OK'
client 2024-02-01 09:02:35,876 [INFO] Sending command to the server: 'time'
client 2024-02-01 09:02:35,879 [INFO] Got response: '1706778155.8728414'
client 2024-02-01 09:02:35,880 [INFO] The time difference between the client and the server is within range 3.357 ms..7.249 ms
client 2024-02-01 09:02:35,880 [INFO] Running the workload 'CM_MLPERF_RUN_COUNT=$(cat ${CM_RUN_DIR}/count.txt); echo ${CM_MLPERF_RUN_COUNT}; CM_MLPERF_RUN_COUNT=$((CM_MLPERF_RUN_COUNT+1)); echo ${CM_MLPERF_RUN_COUNT} > ${CM_RUN_DIR}/count.txt && if [ ${CM_MLPERF_RUN_COUNT} -eq "1" ]; then export CM_MLPERF_USER_CONF=${CM_MLPERF_RANGING_USER_CONF}; else export CM_MLPERF_USER_CONF=${CM_MLPERF_TESTING_USER_CONF}; fi && /mnt/CM/repos/ctuning@mlcommons-ck/cm-mlops/script/benchmark-any-mlperf-inference-implementation/run.out'
client 2024-02-01 09:07:38,512 [INFO] Sending command to the server: 'time'
client 2024-02-01 09:07:38,611 [INFO] Got response: '1706778458.6040835'
client 2024-02-01 09:07:38,611 [INFO] The time difference between the client and the server is within range -91.854 ms..7.440 ms
client 2024-02-01 09:07:38,611 [INFO] Sending command to the server: 'session,2024-02-01_09-02-07,stop,ranging'
client 2024-02-01 09:07:49,069 [INFO] Got response: 'OK'
client 2024-02-01 09:07:49,070 [INFO] Sending command to the server: 'time'
client 2024-02-01 09:07:49,072 [INFO] Got response: '1706778469.0668247'
client 2024-02-01 09:07:49,073 [INFO] The time difference between the client and the server is within range 3.559 ms..6.299 ms
client 2024-02-01 09:07:49,091 [INFO] Copying loadgen logs from '/home/arjun/results_dir/valid_results/orin-tflite_armnn_cpp-cpu-armnn_tflite-v23.05-using_neon/mobilenet-v2-precision_uint8-0.75-224/singlestream/performance/run_1' to '/home/arjun/results_dir/valid_results/orin-tflite_armnn_cpp-cpu-armnn_tflite-v23.05-using_neon/mobilenet-v2-precision_uint8-0.75-224/singlestream/performance/tmp_power/ranging'
client 2024-02-01 09:07:49,094 [INFO] Running workload in testing mode
client 2024-02-01 09:07:49,094 [INFO] Synchronizing with the server and with time.google.com...
client 2024-02-01 09:07:49,120 [INFO] NTP:offset = -0.008 s, delay = 0.020 s 
client 2024-02-01 09:07:49,120 [INFO] Sending command to the server: 'time'
client 2024-02-01 09:07:49,123 [INFO] Got response: '1706778469.1169543'
client 2024-02-01 09:07:49,123 [INFO] The time difference between the client and the server is within range 3.326 ms..6.633 ms
client 2024-02-01 09:07:49,123 [INFO] Sending command to the server: 'session,2024-02-01_09-02-07,start,testing'
client 2024-02-01 09:08:02,133 [INFO] Got response: 'OK'
client 2024-02-01 09:08:02,134 [INFO] Sending command to the server: 'time'
client 2024-02-01 09:08:02,139 [INFO] Got response: '1706778482.1322768'
client 2024-02-01 09:08:02,139 [INFO] The time difference between the client and the server is within range 1.920 ms..7.464 ms
client 2024-02-01 09:08:02,140 [INFO] Running the workload 'CM_MLPERF_RUN_COUNT=$(cat ${CM_RUN_DIR}/count.txt); echo ${CM_MLPERF_RUN_COUNT}; CM_MLPERF_RUN_COUNT=$((CM_MLPERF_RUN_COUNT+1)); echo ${CM_MLPERF_RUN_COUNT} > ${CM_RUN_DIR}/count.txt && if [ ${CM_MLPERF_RUN_COUNT} -eq "1" ]; then export CM_MLPERF_USER_CONF=${CM_MLPERF_RANGING_USER_CONF}; else export CM_MLPERF_USER_CONF=${CM_MLPERF_TESTING_USER_CONF}; fi && /mnt/CM/repos/ctuning@mlcommons-ck/cm-mlops/script/benchmark-any-mlperf-inference-implementation/run.out'
client 2024-02-01 09:18:06,808 [INFO] Sending command to the server: 'time'
client 2024-02-01 09:18:06,818 [INFO] Got response: '1706779086.8117507'
client 2024-02-01 09:18:06,818 [INFO] The time difference between the client and the server is within range -3.741 ms..6.791 ms
client 2024-02-01 09:18:06,818 [INFO] Sending command to the server: 'session,2024-02-01_09-02-07,stop,testing'
client 2024-02-01 09:18:17,183 [INFO] Got response: 'OK'
client 2024-02-01 09:18:17,184 [INFO] Sending command to the server: 'time'
client 2024-02-01 09:18:17,188 [INFO] Got response: '1706779097.1818533'
client 2024-02-01 09:18:17,188 [INFO] The time difference between the client and the server is within range 2.919 ms..6.695 ms
client 2024-02-01 09:18:17,193 [INFO] Copying loadgen logs from '/home/arjun/results_dir/valid_results/orin-tflite_armnn_cpp-cpu-armnn_tflite-v23.05-using_neon/mobilenet-v2-precision_uint8-0.75-224/singlestream/performance/run_1' to '/home/arjun/results_dir/valid_results/orin-tflite_armnn_cpp-cpu-armnn_tflite-v23.05-using_neon/mobilenet-v2-precision_uint8-0.75-224/singlestream/performance/tmp_power/run_1'
client 2024-02-01 09:18:17,195 [INFO] Done runs
