Graph file: /home/ubuntu/CM/repos/local/cache/d93633efe8d24c4a/v2_224_75/model.tflite
Image dir: /home/ubuntu/CM/repos/local/cache/eb80e71d60dd4ce7
Image list: /home/ubuntu/CM/repos/local/cache/eb80e71d60dd4ce7/preprocessed_files.txt
Image size: 224
Image channels: 3
Prediction classes: 1000
Result dir: /home/ubuntu/CM/repos/local/cache/9aa1379abfa84bac/valid_results/ip_172_31_35_99-tflite_cpp-cpu-tflite-vmaster-default_config/mobilenet-v2-precision_uint8-0.75-224/singlestream/performance/run_1
How many images fit in memory buffer: 1024
Normalize: 1
Subtract mean: 0
Run time preprocessing: 1
Number of Threads: 4
Number of available imagefiles: 50000

Loading graph...
INFO: Created TensorFlow Lite XNNPACK delegate for CPU.
Input tensor dimensions (NHWC): 1*224*224*3
Output tensor dimensions: 1*1001
Path to mlperf.conf : /home/ubuntu/CM/repos/local/cache/b31bc314ab8a48f9/inference/mlperf.conf
Path to user.conf : /home/ubuntu/CM/repos/ctuning@mlcommons-ck/cm-mlops/script/generate-mlperf-inference-user-conf/tmp/f3a252cc0a0c4a6cb575944264b3c14f.conf
Model Name: mobilenet
LoadGen Scenario: SingleStream
LoadGen Mode: performance
