client 2024-02-21 10:24:20,555 [INFO] Creating output directory '/home/arjun/results_dir/valid_results/phoenix_Amd_Am5-reference-cpu-deepsparse-vdefault-default_config/obert-large-pruned95_quant-none-vnni-bert-99/offline/performance/tmp_power'
client 2024-02-21 10:24:20,564 [INFO] Sending command to the server: 'mlcommons/power client v3'
client 2024-02-21 10:24:20,573 [INFO] Got response: 'mlcommons/power server v3'
client 2024-02-21 10:24:20,573 [INFO] Synchronizing with the server and with time.google.com...
client 2024-02-21 10:24:20,605 [INFO] NTP:offset = -0.002 s, delay = 0.020 s 
client 2024-02-21 10:24:20,605 [INFO] Sending command to the server: 'time'
client 2024-02-21 10:24:20,616 [INFO] Got response: '1708511060.1378016'
client 2024-02-21 10:24:20,617 [INFO] The time difference between the client and the server is within range 467.823 ms..479.238 ms
client 2024-02-21 10:24:20,617 [WARNING] The time difference between the client and the server is more than 400 ms
client 2024-02-21 10:24:20,617 [INFO] Sending command to the server: 'set_ntp'
client 2024-02-21 10:24:21,683 [INFO] Got response: 'OK'
client 2024-02-21 10:24:21,683 [INFO] Synchronizing with time.google.com time using NTP...
client 2024-02-21 10:24:30,218 [INFO] Set system time at 2024-02-21 10:24:30.218670
client 2024-02-21 10:24:30,270 [INFO] NTP:offset = 0.001 s, delay = 0.046 s 
client 2024-02-21 10:24:30,270 [INFO] Sending command to the server: 'time'
client 2024-02-21 10:24:30,279 [INFO] Got response: '1708511070.2712224'
client 2024-02-21 10:24:30,279 [INFO] The time difference between the client and the server is within range -0.946 ms..8.700 ms
client 2024-02-21 10:24:30,279 [INFO] Sending command to the server: 'new,,3ec053f7-ea1e-4753-af8a-42dbbef0d0ba'
client 2024-02-21 10:24:30,295 [INFO] Got response: 'OK 2024-02-21_10-24-30,85a87953-e3c4-481a-b32d-5c25160ecdd5'
client 2024-02-21 10:24:30,295 [INFO] Session id is '2024-02-21_10-24-30'
client 2024-02-21 10:24:30,295 [INFO] Sources: {"sources": {"__init__.py": "da39a3ee5e6b4b0d3255bfef95601890afd80709", "client.py": "33ca4f26368777ac06e01f9567b714a4b8063886", "lib/__init__.py": "da39a3ee5e6b4b0d3255bfef95601890afd80709", "lib/client.py": "ac2aa093c8e8bbc9569b9e2a3471bc64e58a2258", "lib/common.py": "611d8b29633d331eb19c9455ea3b5fa3284ed6df", "lib/external/__init__.py": "da39a3ee5e6b4b0d3255bfef95601890afd80709", "lib/external/ntplib.py": "4da8f970656505a40483206ef2b5d3dd5e81711d", "lib/server.py": "99303c836c683aa9017ec565104e636161d02acb", "lib/source_hashes.py": "60a2e02193209e8d392803326208d5466342da18", "lib/summary.py": "aa92f0a3f975eecd44d3c0cd0236342ccc9f941d", "lib/time_sync.py": "80894ef2389e540781ff78de94db16aa4203a14e", "server.py": "c3f90f2f7eeb4db30727556d0c815ebc89b3d28b", "tests/unit/__init__.py": "da39a3ee5e6b4b0d3255bfef95601890afd80709", "tests/unit/test_server.py": "948c1995d4008bc2aa6c4046a34ffa3858d6d671", "tests/unit/test_source_hashes.py": "00468a2907583c593e6574a1f6b404e4651c221a"}, "modules": {"ptd_client_server.lib.client": "lib/client.py", "ptd_client_server.lib.common": "lib/common.py", "ptd_client_server.lib.external.ntplib": "lib/external/ntplib.py", "ptd_client_server.lib.source_hashes": "lib/source_hashes.py", "ptd_client_server.lib.summary": "lib/summary.py", "ptd_client_server.lib.time_sync": "lib/time_sync.py"}}
client 2024-02-21 10:24:30,295 [INFO] Running workload in ranging mode
client 2024-02-21 10:24:30,295 [INFO] Synchronizing with the server and with time.google.com...
client 2024-02-21 10:24:30,317 [INFO] NTP:offset = -0.002 s, delay = 0.021 s 
client 2024-02-21 10:24:30,317 [INFO] Sending command to the server: 'time'
client 2024-02-21 10:24:30,327 [INFO] Got response: '1708511070.3211763'
client 2024-02-21 10:24:30,327 [INFO] The time difference between the client and the server is within range -3.492 ms..6.588 ms
client 2024-02-21 10:24:30,327 [INFO] Sending command to the server: 'session,2024-02-21_10-24-30,start,ranging'
client 2024-02-21 10:24:54,238 [INFO] Got response: 'OK'
client 2024-02-21 10:24:54,238 [INFO] Sending command to the server: 'time'
client 2024-02-21 10:24:54,247 [INFO] Got response: '1708511094.2413883'
client 2024-02-21 10:24:54,247 [INFO] The time difference between the client and the server is within range -2.878 ms..6.383 ms
client 2024-02-21 10:24:54,247 [INFO] Running the workload 'CM_MLPERF_RUN_COUNT=$(cat ${CM_RUN_DIR}/count.txt); echo ${CM_MLPERF_RUN_COUNT}; CM_MLPERF_RUN_COUNT=$((CM_MLPERF_RUN_COUNT+1)); echo ${CM_MLPERF_RUN_COUNT} > ${CM_RUN_DIR}/count.txt && if [ ${CM_MLPERF_RUN_COUNT} -eq "1" ]; then export CM_MLPERF_USER_CONF=${CM_MLPERF_RANGING_USER_CONF}; else export CM_MLPERF_USER_CONF=${CM_MLPERF_TESTING_USER_CONF}; fi && /usr/bin/python3 run.py --backend=deepsparse --scenario=Offline --mlperf_conf "/home/arjun/CM/repos/local/cache/b5386651b8ab4bd4/inference/mlperf.conf" --user_conf "${CM_MLPERF_USER_CONF}" --quantized --batch_size=128 --model_path=/home/arjun/.cache/sparsezoo/3a4c6b06-2532-4364-8f7d-d6c5668c1477/model.onnx 2>&1 | tee /home/arjun/results_dir/valid_results/phoenix_Amd_Am5-reference-cpu-deepsparse-vdefault-default_config/obert-large-pruned95_quant-none-vnni-bert-99/offline/performance/run_1/console.out'
client 2024-02-21 10:32:43,550 [INFO] Sending command to the server: 'time'
client 2024-02-21 10:32:43,561 [INFO] Got response: '1708511563.544426'
client 2024-02-21 10:32:43,561 [INFO] The time difference between the client and the server is within range 5.565 ms..16.780 ms
client 2024-02-21 10:32:43,561 [INFO] Sending command to the server: 'session,2024-02-21_10-24-30,stop,ranging'
client 2024-02-21 10:32:54,580 [INFO] Got response: 'OK'
client 2024-02-21 10:32:54,580 [INFO] Sending command to the server: 'time'
client 2024-02-21 10:32:54,590 [INFO] Got response: '1708511574.5708005'
client 2024-02-21 10:32:54,590 [INFO] The time difference between the client and the server is within range 9.775 ms..20.137 ms
client 2024-02-21 10:32:54,592 [INFO] Copying loadgen logs from '/home/arjun/results_dir/valid_results/phoenix_Amd_Am5-reference-cpu-deepsparse-vdefault-default_config/obert-large-pruned95_quant-none-vnni-bert-99/offline/performance/run_1' to '/home/arjun/results_dir/valid_results/phoenix_Amd_Am5-reference-cpu-deepsparse-vdefault-default_config/obert-large-pruned95_quant-none-vnni-bert-99/offline/performance/tmp_power/ranging'
client 2024-02-21 10:32:54,592 [INFO] Running workload in testing mode
client 2024-02-21 10:32:54,592 [INFO] Synchronizing with the server and with time.google.com...
client 2024-02-21 10:32:54,613 [INFO] NTP:offset = -0.002 s, delay = 0.020 s 
client 2024-02-21 10:32:54,613 [INFO] Sending command to the server: 'time'
client 2024-02-21 10:32:54,622 [INFO] Got response: '1708511574.6109197'
client 2024-02-21 10:32:54,622 [INFO] The time difference between the client and the server is within range 2.937 ms..12.022 ms
client 2024-02-21 10:32:54,622 [INFO] Sending command to the server: 'session,2024-02-21_10-24-30,start,testing'
client 2024-02-21 10:33:07,696 [INFO] Got response: 'OK'
client 2024-02-21 10:33:07,696 [INFO] Sending command to the server: 'time'
client 2024-02-21 10:33:07,706 [INFO] Got response: '1708511587.6910589'
client 2024-02-21 10:33:07,706 [INFO] The time difference between the client and the server is within range 5.286 ms..15.883 ms
client 2024-02-21 10:33:07,706 [INFO] Running the workload 'CM_MLPERF_RUN_COUNT=$(cat ${CM_RUN_DIR}/count.txt); echo ${CM_MLPERF_RUN_COUNT}; CM_MLPERF_RUN_COUNT=$((CM_MLPERF_RUN_COUNT+1)); echo ${CM_MLPERF_RUN_COUNT} > ${CM_RUN_DIR}/count.txt && if [ ${CM_MLPERF_RUN_COUNT} -eq "1" ]; then export CM_MLPERF_USER_CONF=${CM_MLPERF_RANGING_USER_CONF}; else export CM_MLPERF_USER_CONF=${CM_MLPERF_TESTING_USER_CONF}; fi && /usr/bin/python3 run.py --backend=deepsparse --scenario=Offline --mlperf_conf "/home/arjun/CM/repos/local/cache/b5386651b8ab4bd4/inference/mlperf.conf" --user_conf "${CM_MLPERF_USER_CONF}" --quantized --batch_size=128 --model_path=/home/arjun/.cache/sparsezoo/3a4c6b06-2532-4364-8f7d-d6c5668c1477/model.onnx 2>&1 | tee /home/arjun/results_dir/valid_results/phoenix_Amd_Am5-reference-cpu-deepsparse-vdefault-default_config/obert-large-pruned95_quant-none-vnni-bert-99/offline/performance/run_1/console.out'
client 2024-02-21 10:47:34,903 [INFO] Sending command to the server: 'time'
client 2024-02-21 10:47:34,913 [INFO] Got response: '1708512454.886572'
client 2024-02-21 10:47:34,913 [INFO] The time difference between the client and the server is within range 16.720 ms..27.336 ms
client 2024-02-21 10:47:34,913 [INFO] Sending command to the server: 'session,2024-02-21_10-24-30,stop,testing'
client 2024-02-21 10:47:45,776 [INFO] Got response: 'OK'
client 2024-02-21 10:47:45,776 [INFO] Sending command to the server: 'time'
client 2024-02-21 10:47:45,786 [INFO] Got response: '1708512465.7565677'
client 2024-02-21 10:47:45,786 [INFO] The time difference between the client and the server is within range 19.771 ms..30.057 ms
client 2024-02-21 10:47:45,787 [INFO] Copying loadgen logs from '/home/arjun/results_dir/valid_results/phoenix_Amd_Am5-reference-cpu-deepsparse-vdefault-default_config/obert-large-pruned95_quant-none-vnni-bert-99/offline/performance/run_1' to '/home/arjun/results_dir/valid_results/phoenix_Amd_Am5-reference-cpu-deepsparse-vdefault-default_config/obert-large-pruned95_quant-none-vnni-bert-99/offline/performance/tmp_power/run_1'
client 2024-02-21 10:47:45,787 [INFO] Done runs
