DeepSparse, Copyright 2021-present / Neuralmagic, Inc. version: 1.5.2 COMMUNITY | (93c38382) (release) (optimized) (system=avx512_vnni, binary=avx512)
2024-02-21 10:34:05 deepsparse.utils.onnx INFO     Generating input 'input_ids', type = int64, shape = [128, 384]
2024-02-21 10:34:05 deepsparse.utils.onnx INFO     Generating input 'attention_mask', type = int64, shape = [128, 384]
2024-02-21 10:34:05 deepsparse.utils.onnx INFO     Generating input 'token_type_ids', type = int64, shape = [128, 384]
================================================
MLPerf Results Summary
================================================
SUT name : PySUT
Scenario : Offline
Mode     : PerformanceOnly
Samples per second: 104.046
Result is : VALID
  Min duration satisfied : Yes
  Min queries satisfied : Yes
  Early stopping satisfied: Yes

================================================
Additional Stats
================================================
Min latency (ns)                : 1110477590
Max latency (ns)                : 797416845782
Mean latency (ns)               : 308180931872
50.00 percentile latency (ns)   : 263617169783
90.00 percentile latency (ns)   : 662308751034
95.00 percentile latency (ns)   : 730893573075
97.00 percentile latency (ns)   : 757914389141
99.00 percentile latency (ns)   : 784938639973
99.90 percentile latency (ns)   : 795336923919

================================================
Test Parameters Used
================================================
samples_per_query : 82968
target_qps : 125.71
target_latency (ns): 0
max_async_queries : 1
min_duration (ms): 600000
max_duration (ms): 0
min_query_count : 1
max_query_count : 0
qsl_rng_seed : 13281865557512327830
sample_index_rng_seed : 198141574272810017
schedule_rng_seed : 7575108116881280410
accuracy_log_rng_seed : 0
accuracy_log_probability : 0
accuracy_log_sampling_target : 0
print_timestamps : 0
performance_issue_unique : 0
performance_issue_same : 0
performance_issue_same_index : 0
performance_sample_count : 10833

No warnings encountered during test.

No errors encountered during test.
Loading ONNX model... /home/arjun/.cache/sparsezoo/3a4c6b06-2532-4364-8f7d-d6c5668c1477/model.onnx
Constructing SUT...
Finished constructing SUT.
Constructing QSL...
Loading cached features from 'eval_features.pickle'...
Finished constructing QSL.
Warming up engine...
Running LoadGen test...
Done!
Destroying SUT...
Destroying QSL...
Finished destroying SUT.
Finished destroying QSL.
