Graph file: /home/ubuntu/CM/repos/local/cache/1dcd8c77c0d6403b/mobilenet_v2_1.0_160.tflite
Image dir: /home/ubuntu/CM/repos/local/cache/dc91370cf3294cf5
Image list: /home/ubuntu/CM/repos/local/cache/dc91370cf3294cf5/preprocessed_files.txt
Image size: 160
Image channels: 3
Prediction classes: 1000
Result dir: /home/ubuntu/CM/repos/local/cache/e8a21941e7c046ca/valid_results/ip_172_31_28_214-tflite_cpp-cpu-tflite-vmaster-default_config/mobilenet-v2-precision_float-1.0-160/singlestream/performance/run_1
How many images fit in memory buffer: 1024
Normalize: 1
Subtract mean: 0
Run time preprocessing: 0
Number of Threads: 2
Number of available imagefiles: 50000

Loading graph...
INFO: Created TensorFlow Lite XNNPACK delegate for CPU.
Input tensor dimensions (NHWC): 1*160*160*3
Output tensor dimensions: 1*1001
Path to mlperf.conf : /home/ubuntu/CM/repos/local/cache/86db7d79a6144a1d/inference/mlperf.conf
Path to user.conf : /home/ubuntu/CM/repos/ctuning@mlcommons-ck/cm-mlops/script/generate-mlperf-inference-user-conf/tmp/4ddb481034cc4116a219f6a90b9fc0ef.conf
Model Name: mobilenet
LoadGen Scenario: SingleStream
LoadGen Mode: performance
