client 2024-02-01 04:03:40,242 [INFO] Creating output directory '/home/arjun/results_dir/valid_results/orin-tflite_armnn_cpp-cpu-armnn_tflite-v23.05-using_neon/mobilenet-v1-precision_uint8-0.5-128/singlestream/performance/tmp_power'
client 2024-02-01 04:03:40,330 [INFO] Sending command to the server: 'mlcommons/power client v3'
client 2024-02-01 04:03:40,337 [INFO] Got response: 'mlcommons/power server v3'
client 2024-02-01 04:03:40,337 [INFO] Synchronizing with the server and with time.google.com...
client 2024-02-01 04:03:40,365 [INFO] NTP:offset = -0.008 s, delay = 0.022 s 
client 2024-02-01 04:03:40,365 [INFO] Sending command to the server: 'time'
client 2024-02-01 04:03:40,368 [INFO] Got response: '1706760220.3615084'
client 2024-02-01 04:03:40,368 [INFO] The time difference between the client and the server is within range 3.948 ms..7.084 ms
client 2024-02-01 04:03:40,368 [INFO] Sending command to the server: 'new,,2fea49d7-86a8-4222-ae7f-3c9c8368c1b8'
client 2024-02-01 04:03:40,373 [INFO] Got response: 'OK 2024-02-01_04-03-40,1657855f-e3dc-4e90-9a91-8fb091f14b04'
client 2024-02-01 04:03:40,373 [INFO] Session id is '2024-02-01_04-03-40'
client 2024-02-01 04:03:40,373 [INFO] Sources: {"sources": {"__init__.py": "da39a3ee5e6b4b0d3255bfef95601890afd80709", "client.py": "33ca4f26368777ac06e01f9567b714a4b8063886", "lib/__init__.py": "da39a3ee5e6b4b0d3255bfef95601890afd80709", "lib/client.py": "ac2aa093c8e8bbc9569b9e2a3471bc64e58a2258", "lib/common.py": "611d8b29633d331eb19c9455ea3b5fa3284ed6df", "lib/external/__init__.py": "da39a3ee5e6b4b0d3255bfef95601890afd80709", "lib/external/ntplib.py": "4da8f970656505a40483206ef2b5d3dd5e81711d", "lib/server.py": "99303c836c683aa9017ec565104e636161d02acb", "lib/source_hashes.py": "60a2e02193209e8d392803326208d5466342da18", "lib/summary.py": "aa92f0a3f975eecd44d3c0cd0236342ccc9f941d", "lib/time_sync.py": "80894ef2389e540781ff78de94db16aa4203a14e", "server.py": "c3f90f2f7eeb4db30727556d0c815ebc89b3d28b", "tests/unit/__init__.py": "da39a3ee5e6b4b0d3255bfef95601890afd80709", "tests/unit/test_server.py": "948c1995d4008bc2aa6c4046a34ffa3858d6d671", "tests/unit/test_source_hashes.py": "00468a2907583c593e6574a1f6b404e4651c221a"}, "modules": {"ptd_client_server.lib.client": "lib/client.py", "ptd_client_server.lib.common": "lib/common.py", "ptd_client_server.lib.external.ntplib": "lib/external/ntplib.py", "ptd_client_server.lib.source_hashes": "lib/source_hashes.py", "ptd_client_server.lib.summary": "lib/summary.py", "ptd_client_server.lib.time_sync": "lib/time_sync.py"}}
client 2024-02-01 04:03:40,374 [INFO] Running workload in ranging mode
client 2024-02-01 04:03:40,374 [INFO] Synchronizing with the server and with time.google.com...
client 2024-02-01 04:03:40,397 [INFO] NTP:offset = -0.008 s, delay = 0.021 s 
client 2024-02-01 04:03:40,397 [INFO] Sending command to the server: 'time'
client 2024-02-01 04:03:40,400 [INFO] Got response: '1706760220.39311'
client 2024-02-01 04:03:40,400 [INFO] The time difference between the client and the server is within range 4.194 ms..7.069 ms
client 2024-02-01 04:03:40,400 [INFO] Sending command to the server: 'session,2024-02-01_04-03-40,start,ranging'
client 2024-02-01 04:04:08,486 [INFO] Got response: 'OK'
client 2024-02-01 04:04:08,488 [INFO] Sending command to the server: 'time'
client 2024-02-01 04:04:08,491 [INFO] Got response: '1706760248.4844198'
client 2024-02-01 04:04:08,491 [INFO] The time difference between the client and the server is within range 3.899 ms..7.321 ms
client 2024-02-01 04:04:08,491 [INFO] Running the workload 'CM_MLPERF_RUN_COUNT=$(cat ${CM_RUN_DIR}/count.txt); echo ${CM_MLPERF_RUN_COUNT}; CM_MLPERF_RUN_COUNT=$((CM_MLPERF_RUN_COUNT+1)); echo ${CM_MLPERF_RUN_COUNT} > ${CM_RUN_DIR}/count.txt && if [ ${CM_MLPERF_RUN_COUNT} -eq "1" ]; then export CM_MLPERF_USER_CONF=${CM_MLPERF_RANGING_USER_CONF}; else export CM_MLPERF_USER_CONF=${CM_MLPERF_TESTING_USER_CONF}; fi && /mnt/CM/repos/ctuning@mlcommons-ck/cm-mlops/script/benchmark-any-mlperf-inference-implementation/run.out'
client 2024-02-01 04:09:11,042 [INFO] Sending command to the server: 'time'
client 2024-02-01 04:09:11,046 [INFO] Got response: '1706760551.0394166'
client 2024-02-01 04:09:11,046 [INFO] The time difference between the client and the server is within range 3.234 ms..7.452 ms
client 2024-02-01 04:09:11,047 [INFO] Sending command to the server: 'session,2024-02-01_04-03-40,stop,ranging'
client 2024-02-01 04:09:21,644 [INFO] Got response: 'OK'
client 2024-02-01 04:09:21,645 [INFO] Sending command to the server: 'time'
client 2024-02-01 04:09:21,649 [INFO] Got response: '1706760561.6415193'
client 2024-02-01 04:09:21,649 [INFO] The time difference between the client and the server is within range 3.866 ms..8.033 ms
client 2024-02-01 04:09:21,666 [INFO] Copying loadgen logs from '/home/arjun/results_dir/valid_results/orin-tflite_armnn_cpp-cpu-armnn_tflite-v23.05-using_neon/mobilenet-v1-precision_uint8-0.5-128/singlestream/performance/run_1' to '/home/arjun/results_dir/valid_results/orin-tflite_armnn_cpp-cpu-armnn_tflite-v23.05-using_neon/mobilenet-v1-precision_uint8-0.5-128/singlestream/performance/tmp_power/ranging'
client 2024-02-01 04:09:21,669 [INFO] Running workload in testing mode
client 2024-02-01 04:09:21,669 [INFO] Synchronizing with the server and with time.google.com...
client 2024-02-01 04:09:21,695 [INFO] NTP:offset = -0.008 s, delay = 0.021 s 
client 2024-02-01 04:09:21,696 [INFO] Sending command to the server: 'time'
client 2024-02-01 04:09:21,698 [INFO] Got response: '1706760561.6921804'
client 2024-02-01 04:09:21,699 [INFO] The time difference between the client and the server is within range 3.973 ms..6.956 ms
client 2024-02-01 04:09:21,699 [INFO] Sending command to the server: 'session,2024-02-01_04-03-40,start,testing'
client 2024-02-01 04:09:34,715 [INFO] Got response: 'OK'
client 2024-02-01 04:09:34,716 [INFO] Sending command to the server: 'time'
client 2024-02-01 04:09:34,719 [INFO] Got response: '1706760574.711979'
client 2024-02-01 04:09:34,719 [INFO] The time difference between the client and the server is within range 4.198 ms..7.420 ms
client 2024-02-01 04:09:34,719 [INFO] Running the workload 'CM_MLPERF_RUN_COUNT=$(cat ${CM_RUN_DIR}/count.txt); echo ${CM_MLPERF_RUN_COUNT}; CM_MLPERF_RUN_COUNT=$((CM_MLPERF_RUN_COUNT+1)); echo ${CM_MLPERF_RUN_COUNT} > ${CM_RUN_DIR}/count.txt && if [ ${CM_MLPERF_RUN_COUNT} -eq "1" ]; then export CM_MLPERF_USER_CONF=${CM_MLPERF_RANGING_USER_CONF}; else export CM_MLPERF_USER_CONF=${CM_MLPERF_TESTING_USER_CONF}; fi && /mnt/CM/repos/ctuning@mlcommons-ck/cm-mlops/script/benchmark-any-mlperf-inference-implementation/run.out'
client 2024-02-01 04:19:39,551 [INFO] Sending command to the server: 'time'
client 2024-02-01 04:19:39,554 [INFO] Got response: '1706761179.5477326'
client 2024-02-01 04:19:39,555 [INFO] The time difference between the client and the server is within range 3.441 ms..7.390 ms
client 2024-02-01 04:19:39,555 [INFO] Sending command to the server: 'session,2024-02-01_04-03-40,stop,testing'
client 2024-02-01 04:19:49,764 [INFO] Got response: 'OK'
client 2024-02-01 04:19:49,764 [INFO] Sending command to the server: 'time'
client 2024-02-01 04:19:49,768 [INFO] Got response: '1706761189.7607296'
client 2024-02-01 04:19:49,768 [INFO] The time difference between the client and the server is within range 4.024 ms..7.849 ms
client 2024-02-01 04:19:49,773 [INFO] Copying loadgen logs from '/home/arjun/results_dir/valid_results/orin-tflite_armnn_cpp-cpu-armnn_tflite-v23.05-using_neon/mobilenet-v1-precision_uint8-0.5-128/singlestream/performance/run_1' to '/home/arjun/results_dir/valid_results/orin-tflite_armnn_cpp-cpu-armnn_tflite-v23.05-using_neon/mobilenet-v1-precision_uint8-0.5-128/singlestream/performance/tmp_power/run_1'
client 2024-02-01 04:19:49,775 [INFO] Done runs
