Graph file: /home/ubuntu/CM/repos/local/cache/4c8233732efa4e9a/mobilenet_v1_1.0_160_quant.tflite
Image dir: /home/ubuntu/CM/repos/local/cache/c3d571f59b1847ab
Image list: /home/ubuntu/CM/repos/local/cache/c3d571f59b1847ab/preprocessed_files.txt
Image size: 160
Image channels: 3
Prediction classes: 1000
Result dir: /home/ubuntu/CM/repos/local/cache/53b88ca721a64101/valid_results/c5a.xlarge-tflite_cpp-cpu-tflite-vmaster-default_config/mobilenet-v1-precision_uint8-1.0-160/singlestream/performance/run_1
How many images fit in memory buffer: 1024
Normalize: 1
Subtract mean: 0
Run time preprocessing: 1
Number of Threads: 2
Number of available imagefiles: 50000

Loading graph...
INFO: Created TensorFlow Lite XNNPACK delegate for CPU.
Input tensor dimensions (NHWC): 1*160*160*3
Output tensor dimensions: 1*1001
Path to mlperf.conf : /home/ubuntu/CM/repos/local/cache/a34955efa6f84c88/inference/mlperf.conf
Path to user.conf : /home/ubuntu/CM/repos/ctuning@mlcommons-ck/cm-mlops/script/generate-mlperf-inference-user-conf/tmp/1078999bd1f4416e98df820c7a61ef43.conf
Model Name: mobilenet
LoadGen Scenario: SingleStream
LoadGen Mode: performance
