Graph file: /home/ubuntu/CM/repos/local/cache/e7a2cfd8c5a44e17/efficientnet-lite0/efficientnet-lite0-int8.tflite
Image dir: /home/ubuntu/CM/repos/local/cache/fcd2746a4c62417d
Image list: /home/ubuntu/CM/repos/local/cache/fcd2746a4c62417d/preprocessed_files.txt
Image size: 224
Image channels: 3
Prediction classes: 1000
Result dir: /home/ubuntu/CM/repos/local/cache/6f95210fc6c14185/valid_results/ip_172_31_9_222-tflite_cpp-cpu-tflite-vmaster-default_config/efficientnet-int8-lite0/singlestream/performance/run_1
How many images fit in memory buffer: 1024
Normalize: 1
Subtract mean: 0
Run time preprocessing: 1
Number of Threads: 16
Number of available imagefiles: 50000

Loading graph...
INFO: Created TensorFlow Lite XNNPACK delegate for CPU.
Input tensor dimensions (NHWC): 1*224*224*3
Output tensor dimensions: 1*1000
Path to mlperf.conf : /home/ubuntu/CM/repos/local/cache/dc2b293bbc704ecb/inference/mlperf.conf
Path to user.conf : /home/ubuntu/CM/repos/ctuning@mlcommons-ck/cm-mlops/script/generate-mlperf-inference-user-conf/tmp/0df023c5396d4b5a99b69c18c371a058.conf
Model Name: efficientnet
LoadGen Scenario: SingleStream
LoadGen Mode: performance
