Graph file: /home/ubuntu/CM/repos/local/cache/2824ae4b6fcf4eb3/mobilenet_v2_0.75_192.tflite
Image dir: /home/ubuntu/CM/repos/local/cache/f04914b445f244ce
Image list: /home/ubuntu/CM/repos/local/cache/f04914b445f244ce/preprocessed_files.txt
Image size: 192
Image channels: 3
Prediction classes: 1000
Result dir: /home/ubuntu/CM/repos/local/cache/c951c448d62a4016/valid_results/ip_172_31_55_41-tflite_cpp-cpu-tflite-vmaster-with_live_preprocessing/mobilenet-v2-precision_float-0.75-192/singlestream/performance/run_1
How many images fit in memory buffer: 1024
Normalize: 1
Subtract mean: 0
Run time preprocessing: 1
Number of Threads: 8
Number of available imagefiles: 50000

Loading graph...
INFO: Created TensorFlow Lite XNNPACK delegate for CPU.
Input tensor dimensions (NHWC): 1*192*192*3
Output tensor dimensions: 1*1001
Path to mlperf.conf : /home/ubuntu/CM/repos/local/cache/50b84cc0948543d2/inference/mlperf.conf
Path to user.conf : /home/ubuntu/CM/repos/ctuning@mlcommons-ck/cm-mlops/script/generate-mlperf-inference-user-conf/tmp/6d99f33efecb4af3931c7daa80d24e2d.conf
Model Name: mobilenet
LoadGen Scenario: SingleStream
LoadGen Mode: performance
