client 2024-01-29 12:52:33,845 [INFO] Creating output directory '/home/arjun/results_dir/valid_results/orin-tflite_cpp-cpu-tflite-vmaster-default_config/mobilenet-v2-precision_float-0.35-224/singlestream/performance/tmp_power'
client 2024-01-29 12:52:33,848 [INFO] Sending command to the server: 'mlcommons/power client v3'
client 2024-01-29 12:52:33,851 [INFO] Got response: 'mlcommons/power server v3'
client 2024-01-29 12:52:33,851 [INFO] Synchronizing with the server and with time.google.com...
client 2024-01-29 12:52:33,889 [INFO] NTP:offset = -0.004 s, delay = 0.021 s 
client 2024-01-29 12:52:33,889 [INFO] Sending command to the server: 'time'
client 2024-01-29 12:52:33,893 [INFO] Got response: '1706532753.8890069'
client 2024-01-29 12:52:33,893 [INFO] The time difference between the client and the server is within range 0.889 ms..4.746 ms
client 2024-01-29 12:52:33,893 [INFO] Sending command to the server: 'new,,46b4a3c7-fa7c-409a-9f2b-8633e9f2ce84'
client 2024-01-29 12:52:33,897 [INFO] Got response: 'OK 2024-01-29_12-52-33,d4acb1e3-568f-44e9-84a7-67a9b599f38d'
client 2024-01-29 12:52:33,897 [INFO] Session id is '2024-01-29_12-52-33'
client 2024-01-29 12:52:33,897 [INFO] Sources: {"sources": {"__init__.py": "da39a3ee5e6b4b0d3255bfef95601890afd80709", "client.py": "33ca4f26368777ac06e01f9567b714a4b8063886", "lib/__init__.py": "da39a3ee5e6b4b0d3255bfef95601890afd80709", "lib/client.py": "ac2aa093c8e8bbc9569b9e2a3471bc64e58a2258", "lib/common.py": "611d8b29633d331eb19c9455ea3b5fa3284ed6df", "lib/external/__init__.py": "da39a3ee5e6b4b0d3255bfef95601890afd80709", "lib/external/ntplib.py": "4da8f970656505a40483206ef2b5d3dd5e81711d", "lib/server.py": "99303c836c683aa9017ec565104e636161d02acb", "lib/source_hashes.py": "60a2e02193209e8d392803326208d5466342da18", "lib/summary.py": "aa92f0a3f975eecd44d3c0cd0236342ccc9f941d", "lib/time_sync.py": "80894ef2389e540781ff78de94db16aa4203a14e", "server.py": "c3f90f2f7eeb4db30727556d0c815ebc89b3d28b", "tests/unit/__init__.py": "da39a3ee5e6b4b0d3255bfef95601890afd80709", "tests/unit/test_server.py": "948c1995d4008bc2aa6c4046a34ffa3858d6d671", "tests/unit/test_source_hashes.py": "00468a2907583c593e6574a1f6b404e4651c221a"}, "modules": {"ptd_client_server.lib.client": "lib/client.py", "ptd_client_server.lib.common": "lib/common.py", "ptd_client_server.lib.external.ntplib": "lib/external/ntplib.py", "ptd_client_server.lib.source_hashes": "lib/source_hashes.py", "ptd_client_server.lib.summary": "lib/summary.py", "ptd_client_server.lib.time_sync": "lib/time_sync.py"}}
client 2024-01-29 12:52:33,897 [INFO] Running workload in ranging mode
client 2024-01-29 12:52:33,898 [INFO] Synchronizing with the server and with time.google.com...
client 2024-01-29 12:52:33,922 [INFO] NTP:offset = -0.004 s, delay = 0.023 s 
client 2024-01-29 12:52:33,922 [INFO] Sending command to the server: 'time'
client 2024-01-29 12:52:33,925 [INFO] Got response: '1706532753.9209278'
client 2024-01-29 12:52:33,925 [INFO] The time difference between the client and the server is within range 1.305 ms..4.344 ms
client 2024-01-29 12:52:33,925 [INFO] Sending command to the server: 'session,2024-01-29_12-52-33,start,ranging'
client 2024-01-29 12:53:02,011 [INFO] Got response: 'OK'
client 2024-01-29 12:53:02,013 [INFO] Sending command to the server: 'time'
client 2024-01-29 12:53:02,018 [INFO] Got response: '1706532782.0131545'
client 2024-01-29 12:53:02,018 [INFO] The time difference between the client and the server is within range 0.393 ms..5.379 ms
client 2024-01-29 12:53:02,018 [INFO] Running the workload 'CM_MLPERF_RUN_COUNT=$(cat ${CM_RUN_DIR}/count.txt); echo ${CM_MLPERF_RUN_COUNT}; CM_MLPERF_RUN_COUNT=$((CM_MLPERF_RUN_COUNT+1)); echo ${CM_MLPERF_RUN_COUNT} > ${CM_RUN_DIR}/count.txt && if [ ${CM_MLPERF_RUN_COUNT} -eq "1" ]; then export CM_MLPERF_USER_CONF=${CM_MLPERF_RANGING_USER_CONF}; else export CM_MLPERF_USER_CONF=${CM_MLPERF_TESTING_USER_CONF}; fi && /mnt/CM/repos/ctuning@mlcommons-ck/cm-mlops/script/benchmark-any-mlperf-inference-implementation/run.out'
client 2024-01-29 12:58:04,914 [INFO] Sending command to the server: 'time'
client 2024-01-29 12:58:04,945 [INFO] Got response: '1706533084.94104'
client 2024-01-29 12:58:04,945 [INFO] The time difference between the client and the server is within range -26.421 ms..4.753 ms
client 2024-01-29 12:58:04,946 [INFO] Sending command to the server: 'session,2024-01-29_12-52-33,stop,ranging'
client 2024-01-29 12:58:15,110 [INFO] Got response: 'OK'
client 2024-01-29 12:58:15,111 [INFO] Sending command to the server: 'time'
client 2024-01-29 12:58:15,114 [INFO] Got response: '1706533095.1101837'
client 2024-01-29 12:58:15,114 [INFO] The time difference between the client and the server is within range 1.063 ms..4.488 ms
client 2024-01-29 12:58:15,132 [INFO] Copying loadgen logs from '/home/arjun/results_dir/valid_results/orin-tflite_cpp-cpu-tflite-vmaster-default_config/mobilenet-v2-precision_float-0.35-224/singlestream/performance/run_1' to '/home/arjun/results_dir/valid_results/orin-tflite_cpp-cpu-tflite-vmaster-default_config/mobilenet-v2-precision_float-0.35-224/singlestream/performance/tmp_power/ranging'
client 2024-01-29 12:58:15,136 [INFO] Running workload in testing mode
client 2024-01-29 12:58:15,136 [INFO] Synchronizing with the server and with time.google.com...
client 2024-01-29 12:58:15,163 [INFO] NTP:offset = -0.003 s, delay = 0.021 s 
client 2024-01-29 12:58:15,164 [INFO] Sending command to the server: 'time'
client 2024-01-29 12:58:15,167 [INFO] Got response: '1706533095.163293'
client 2024-01-29 12:58:15,167 [INFO] The time difference between the client and the server is within range 0.693 ms..4.292 ms
client 2024-01-29 12:58:15,167 [INFO] Sending command to the server: 'session,2024-01-29_12-52-33,start,testing'
client 2024-01-29 12:58:28,192 [INFO] Got response: 'OK'
client 2024-01-29 12:58:28,193 [INFO] Sending command to the server: 'time'
client 2024-01-29 12:58:28,196 [INFO] Got response: '1706533108.192738'
client 2024-01-29 12:58:28,197 [INFO] The time difference between the client and the server is within range 0.688 ms..4.364 ms
client 2024-01-29 12:58:28,197 [INFO] Running the workload 'CM_MLPERF_RUN_COUNT=$(cat ${CM_RUN_DIR}/count.txt); echo ${CM_MLPERF_RUN_COUNT}; CM_MLPERF_RUN_COUNT=$((CM_MLPERF_RUN_COUNT+1)); echo ${CM_MLPERF_RUN_COUNT} > ${CM_RUN_DIR}/count.txt && if [ ${CM_MLPERF_RUN_COUNT} -eq "1" ]; then export CM_MLPERF_USER_CONF=${CM_MLPERF_RANGING_USER_CONF}; else export CM_MLPERF_USER_CONF=${CM_MLPERF_TESTING_USER_CONF}; fi && /mnt/CM/repos/ctuning@mlcommons-ck/cm-mlops/script/benchmark-any-mlperf-inference-implementation/run.out'
client 2024-01-29 13:08:32,862 [INFO] Sending command to the server: 'time'
client 2024-01-29 13:08:32,922 [INFO] Got response: '1706533712.9180503'
client 2024-01-29 13:08:32,922 [INFO] The time difference between the client and the server is within range -56.249 ms..4.767 ms
client 2024-01-29 13:08:32,923 [INFO] Sending command to the server: 'session,2024-01-29_12-52-33,stop,testing'
client 2024-01-29 13:08:43,252 [INFO] Got response: 'OK'
client 2024-01-29 13:08:43,252 [INFO] Sending command to the server: 'time'
client 2024-01-29 13:08:43,256 [INFO] Got response: '1706533723.2517872'
client 2024-01-29 13:08:43,256 [INFO] The time difference between the client and the server is within range 1.091 ms..4.634 ms
client 2024-01-29 13:08:43,261 [INFO] Copying loadgen logs from '/home/arjun/results_dir/valid_results/orin-tflite_cpp-cpu-tflite-vmaster-default_config/mobilenet-v2-precision_float-0.35-224/singlestream/performance/run_1' to '/home/arjun/results_dir/valid_results/orin-tflite_cpp-cpu-tflite-vmaster-default_config/mobilenet-v2-precision_float-0.35-224/singlestream/performance/tmp_power/run_1'
client 2024-01-29 13:08:43,263 [INFO] Done runs
