client 2024-02-05 00:26:27,345 [INFO] Creating output directory '/home/arjun/results_dir/valid_results/orin-tflite_armnn_cpp-cpu-armnn_tflite-v23.11-using_neon_with_live_preprocessing/efficientnet-fp32-lite4/singlestream/performance/tmp_power'
client 2024-02-05 00:26:27,371 [INFO] Sending command to the server: 'mlcommons/power client v3'
client 2024-02-05 00:26:27,374 [INFO] Got response: 'mlcommons/power server v3'
client 2024-02-05 00:26:27,375 [INFO] Synchronizing with the server and with time.google.com...
client 2024-02-05 00:26:27,405 [INFO] NTP:offset = 0.001 s, delay = 0.025 s 
client 2024-02-05 00:26:27,405 [INFO] Sending command to the server: 'time'
client 2024-02-05 00:26:27,409 [INFO] Got response: '1707092787.408327'
client 2024-02-05 00:26:27,409 [INFO] The time difference between the client and the server is within range -2.753 ms..1.064 ms
client 2024-02-05 00:26:27,409 [INFO] Sending command to the server: 'new,,bb9af36b-7486-4e15-829d-9b64e69aa635'
client 2024-02-05 00:26:27,413 [INFO] Got response: 'OK 2024-02-05_00-26-27,fc46d8ea-a4aa-43ee-9822-b0756f90efac'
client 2024-02-05 00:26:27,413 [INFO] Session id is '2024-02-05_00-26-27'
client 2024-02-05 00:26:27,414 [INFO] Sources: {"sources": {"__init__.py": "da39a3ee5e6b4b0d3255bfef95601890afd80709", "client.py": "33ca4f26368777ac06e01f9567b714a4b8063886", "lib/__init__.py": "da39a3ee5e6b4b0d3255bfef95601890afd80709", "lib/client.py": "ac2aa093c8e8bbc9569b9e2a3471bc64e58a2258", "lib/common.py": "611d8b29633d331eb19c9455ea3b5fa3284ed6df", "lib/external/__init__.py": "da39a3ee5e6b4b0d3255bfef95601890afd80709", "lib/external/ntplib.py": "4da8f970656505a40483206ef2b5d3dd5e81711d", "lib/server.py": "99303c836c683aa9017ec565104e636161d02acb", "lib/source_hashes.py": "60a2e02193209e8d392803326208d5466342da18", "lib/summary.py": "aa92f0a3f975eecd44d3c0cd0236342ccc9f941d", "lib/time_sync.py": "80894ef2389e540781ff78de94db16aa4203a14e", "server.py": "c3f90f2f7eeb4db30727556d0c815ebc89b3d28b", "tests/unit/__init__.py": "da39a3ee5e6b4b0d3255bfef95601890afd80709", "tests/unit/test_server.py": "948c1995d4008bc2aa6c4046a34ffa3858d6d671", "tests/unit/test_source_hashes.py": "00468a2907583c593e6574a1f6b404e4651c221a"}, "modules": {"ptd_client_server.lib.client": "lib/client.py", "ptd_client_server.lib.common": "lib/common.py", "ptd_client_server.lib.external.ntplib": "lib/external/ntplib.py", "ptd_client_server.lib.source_hashes": "lib/source_hashes.py", "ptd_client_server.lib.summary": "lib/summary.py", "ptd_client_server.lib.time_sync": "lib/time_sync.py"}}
client 2024-02-05 00:26:27,414 [INFO] Running workload in ranging mode
client 2024-02-05 00:26:27,414 [INFO] Synchronizing with the server and with time.google.com...
client 2024-02-05 00:26:27,440 [INFO] NTP:offset = 0.002 s, delay = 0.025 s 
client 2024-02-05 00:26:27,441 [INFO] Sending command to the server: 'time'
client 2024-02-05 00:26:27,444 [INFO] Got response: '1707092787.4439335'
client 2024-02-05 00:26:27,444 [INFO] The time difference between the client and the server is within range -2.813 ms..0.772 ms
client 2024-02-05 00:26:27,444 [INFO] Sending command to the server: 'session,2024-02-05_00-26-27,start,ranging'
client 2024-02-05 00:26:55,569 [INFO] Got response: 'OK'
client 2024-02-05 00:26:55,572 [INFO] Sending command to the server: 'time'
client 2024-02-05 00:26:55,576 [INFO] Got response: '1707092815.5754454'
client 2024-02-05 00:26:55,576 [INFO] The time difference between the client and the server is within range -3.199 ms..0.908 ms
client 2024-02-05 00:26:55,576 [INFO] Running the workload 'CM_MLPERF_RUN_COUNT=$(cat ${CM_RUN_DIR}/count.txt); echo ${CM_MLPERF_RUN_COUNT}; CM_MLPERF_RUN_COUNT=$((CM_MLPERF_RUN_COUNT+1)); echo ${CM_MLPERF_RUN_COUNT} > ${CM_RUN_DIR}/count.txt && if [ ${CM_MLPERF_RUN_COUNT} -eq "1" ]; then export CM_MLPERF_USER_CONF=${CM_MLPERF_RANGING_USER_CONF}; else export CM_MLPERF_USER_CONF=${CM_MLPERF_TESTING_USER_CONF}; fi && /mnt/CM/repos/ctuning@mlcommons-ck/cm-mlops/script/get-lib-armnn/run.out'
client 2024-02-05 00:31:58,957 [INFO] Sending command to the server: 'time'
client 2024-02-05 00:31:59,163 [INFO] Got response: '1707093119.1626766'
client 2024-02-05 00:31:59,164 [INFO] The time difference between the client and the server is within range -205.293 ms..1.282 ms
client 2024-02-05 00:31:59,164 [INFO] Sending command to the server: 'session,2024-02-05_00-26-27,stop,ranging'
client 2024-02-05 00:32:09,662 [INFO] Got response: 'OK'
client 2024-02-05 00:32:09,663 [INFO] Sending command to the server: 'time'
client 2024-02-05 00:32:09,666 [INFO] Got response: '1707093129.6656258'
client 2024-02-05 00:32:09,666 [INFO] The time difference between the client and the server is within range -2.318 ms..1.271 ms
client 2024-02-05 00:32:09,683 [INFO] Copying loadgen logs from '/home/arjun/results_dir/valid_results/orin-tflite_armnn_cpp-cpu-armnn_tflite-v23.11-using_neon_with_live_preprocessing/efficientnet-fp32-lite4/singlestream/performance/run_1' to '/home/arjun/results_dir/valid_results/orin-tflite_armnn_cpp-cpu-armnn_tflite-v23.11-using_neon_with_live_preprocessing/efficientnet-fp32-lite4/singlestream/performance/tmp_power/ranging'
client 2024-02-05 00:32:09,685 [INFO] Running workload in testing mode
client 2024-02-05 00:32:09,686 [INFO] Synchronizing with the server and with time.google.com...
client 2024-02-05 00:32:09,712 [INFO] NTP:offset = 0.001 s, delay = 0.021 s 
client 2024-02-05 00:32:09,712 [INFO] Sending command to the server: 'time'
client 2024-02-05 00:32:09,715 [INFO] Got response: '1707093129.7145884'
client 2024-02-05 00:32:09,716 [INFO] The time difference between the client and the server is within range -2.136 ms..1.563 ms
client 2024-02-05 00:32:09,716 [INFO] Sending command to the server: 'session,2024-02-05_00-26-27,start,testing'
client 2024-02-05 00:32:22,733 [INFO] Got response: 'OK'
client 2024-02-05 00:32:22,734 [INFO] Sending command to the server: 'time'
client 2024-02-05 00:32:22,737 [INFO] Got response: '1707093142.736392'
client 2024-02-05 00:32:22,737 [INFO] The time difference between the client and the server is within range -1.996 ms..0.995 ms
client 2024-02-05 00:32:22,737 [INFO] Running the workload 'CM_MLPERF_RUN_COUNT=$(cat ${CM_RUN_DIR}/count.txt); echo ${CM_MLPERF_RUN_COUNT}; CM_MLPERF_RUN_COUNT=$((CM_MLPERF_RUN_COUNT+1)); echo ${CM_MLPERF_RUN_COUNT} > ${CM_RUN_DIR}/count.txt && if [ ${CM_MLPERF_RUN_COUNT} -eq "1" ]; then export CM_MLPERF_USER_CONF=${CM_MLPERF_RANGING_USER_CONF}; else export CM_MLPERF_USER_CONF=${CM_MLPERF_TESTING_USER_CONF}; fi && /mnt/CM/repos/ctuning@mlcommons-ck/cm-mlops/script/get-lib-armnn/run.out'
client 2024-02-05 00:42:28,340 [INFO] Sending command to the server: 'time'
client 2024-02-05 00:42:28,512 [INFO] Got response: '1707093748.5103662'
client 2024-02-05 00:42:28,512 [INFO] The time difference between the client and the server is within range -170.117 ms..1.949 ms
client 2024-02-05 00:42:28,512 [INFO] Sending command to the server: 'session,2024-02-05_00-26-27,stop,testing'
client 2024-02-05 00:42:38,785 [INFO] Got response: 'OK'
client 2024-02-05 00:42:38,786 [INFO] Sending command to the server: 'time'
client 2024-02-05 00:42:38,789 [INFO] Got response: '1707093758.7880836'
client 2024-02-05 00:42:38,789 [INFO] The time difference between the client and the server is within range -1.861 ms..1.348 ms
client 2024-02-05 00:42:38,794 [INFO] Copying loadgen logs from '/home/arjun/results_dir/valid_results/orin-tflite_armnn_cpp-cpu-armnn_tflite-v23.11-using_neon_with_live_preprocessing/efficientnet-fp32-lite4/singlestream/performance/run_1' to '/home/arjun/results_dir/valid_results/orin-tflite_armnn_cpp-cpu-armnn_tflite-v23.11-using_neon_with_live_preprocessing/efficientnet-fp32-lite4/singlestream/performance/tmp_power/run_1'
client 2024-02-05 00:42:38,796 [INFO] Done runs
