client 2024-01-30 21:44:18,998 [INFO] Creating output directory '/home/arjun/results_dir/valid_results/orin-tflite_cpp-cpu-tflite-vmaster-with_live_preprocessing/mobilenet-v1-precision_float-0.75-192/singlestream/performance/tmp_power'
client 2024-01-30 21:44:19,051 [INFO] Sending command to the server: 'mlcommons/power client v3'
client 2024-01-30 21:44:19,054 [INFO] Got response: 'mlcommons/power server v3'
client 2024-01-30 21:44:19,054 [INFO] Synchronizing with the server and with time.google.com...
client 2024-01-30 21:44:19,083 [INFO] NTP:offset = -0.003 s, delay = 0.023 s 
client 2024-01-30 21:44:19,083 [INFO] Sending command to the server: 'time'
client 2024-01-30 21:44:19,088 [INFO] Got response: '1706651059.081041'
client 2024-01-30 21:44:19,088 [INFO] The time difference between the client and the server is within range 2.635 ms..7.318 ms
client 2024-01-30 21:44:19,088 [INFO] Sending command to the server: 'new,,97da8022-6ccf-411e-869f-0035971002ff'
client 2024-01-30 21:44:19,092 [INFO] Got response: 'OK 2024-01-30_21-44-19,33da5227-6ec5-44c7-a24e-e02991e51bff'
client 2024-01-30 21:44:19,092 [INFO] Session id is '2024-01-30_21-44-19'
client 2024-01-30 21:44:19,092 [INFO] Sources: {"sources": {"__init__.py": "da39a3ee5e6b4b0d3255bfef95601890afd80709", "client.py": "33ca4f26368777ac06e01f9567b714a4b8063886", "lib/__init__.py": "da39a3ee5e6b4b0d3255bfef95601890afd80709", "lib/client.py": "ac2aa093c8e8bbc9569b9e2a3471bc64e58a2258", "lib/common.py": "611d8b29633d331eb19c9455ea3b5fa3284ed6df", "lib/external/__init__.py": "da39a3ee5e6b4b0d3255bfef95601890afd80709", "lib/external/ntplib.py": "4da8f970656505a40483206ef2b5d3dd5e81711d", "lib/server.py": "99303c836c683aa9017ec565104e636161d02acb", "lib/source_hashes.py": "60a2e02193209e8d392803326208d5466342da18", "lib/summary.py": "aa92f0a3f975eecd44d3c0cd0236342ccc9f941d", "lib/time_sync.py": "80894ef2389e540781ff78de94db16aa4203a14e", "server.py": "c3f90f2f7eeb4db30727556d0c815ebc89b3d28b", "tests/unit/__init__.py": "da39a3ee5e6b4b0d3255bfef95601890afd80709", "tests/unit/test_server.py": "948c1995d4008bc2aa6c4046a34ffa3858d6d671", "tests/unit/test_source_hashes.py": "00468a2907583c593e6574a1f6b404e4651c221a"}, "modules": {"ptd_client_server.lib.client": "lib/client.py", "ptd_client_server.lib.common": "lib/common.py", "ptd_client_server.lib.external.ntplib": "lib/external/ntplib.py", "ptd_client_server.lib.source_hashes": "lib/source_hashes.py", "ptd_client_server.lib.summary": "lib/summary.py", "ptd_client_server.lib.time_sync": "lib/time_sync.py"}}
client 2024-01-30 21:44:19,093 [INFO] Running workload in ranging mode
client 2024-01-30 21:44:19,093 [INFO] Synchronizing with the server and with time.google.com...
client 2024-01-30 21:44:19,113 [INFO] NTP:offset = -0.004 s, delay = 0.019 s 
client 2024-01-30 21:44:19,113 [INFO] Sending command to the server: 'time'
client 2024-01-30 21:44:19,116 [INFO] Got response: '1706651059.1099775'
client 2024-01-30 21:44:19,116 [INFO] The time difference between the client and the server is within range 3.355 ms..6.897 ms
client 2024-01-30 21:44:19,117 [INFO] Sending command to the server: 'session,2024-01-30_21-44-19,start,ranging'
client 2024-01-30 21:44:47,187 [INFO] Got response: 'OK'
client 2024-01-30 21:44:47,190 [INFO] Sending command to the server: 'time'
client 2024-01-30 21:44:47,194 [INFO] Got response: '1706651087.1871986'
client 2024-01-30 21:44:47,195 [INFO] The time difference between the client and the server is within range 2.900 ms..7.908 ms
client 2024-01-30 21:44:47,195 [INFO] Running the workload 'CM_MLPERF_RUN_COUNT=$(cat ${CM_RUN_DIR}/count.txt); echo ${CM_MLPERF_RUN_COUNT}; CM_MLPERF_RUN_COUNT=$((CM_MLPERF_RUN_COUNT+1)); echo ${CM_MLPERF_RUN_COUNT} > ${CM_RUN_DIR}/count.txt && if [ ${CM_MLPERF_RUN_COUNT} -eq "1" ]; then export CM_MLPERF_USER_CONF=${CM_MLPERF_RANGING_USER_CONF}; else export CM_MLPERF_USER_CONF=${CM_MLPERF_TESTING_USER_CONF}; fi && /home/arjun/run.out'
client 2024-01-30 21:49:49,622 [INFO] Sending command to the server: 'time'
client 2024-01-30 21:49:49,638 [INFO] Got response: '1706651389.6298816'
client 2024-01-30 21:49:49,638 [INFO] The time difference between the client and the server is within range -8.129 ms..8.737 ms
client 2024-01-30 21:49:49,638 [INFO] Sending command to the server: 'session,2024-01-30_21-44-19,stop,ranging'
client 2024-01-30 21:50:00,320 [INFO] Got response: 'OK'
client 2024-01-30 21:50:00,321 [INFO] Sending command to the server: 'time'
client 2024-01-30 21:50:00,324 [INFO] Got response: '1706651400.3171594'
client 2024-01-30 21:50:00,325 [INFO] The time difference between the client and the server is within range 3.900 ms..7.777 ms
client 2024-01-30 21:50:00,342 [INFO] Copying loadgen logs from '/home/arjun/results_dir/valid_results/orin-tflite_cpp-cpu-tflite-vmaster-with_live_preprocessing/mobilenet-v1-precision_float-0.75-192/singlestream/performance/run_1' to '/home/arjun/results_dir/valid_results/orin-tflite_cpp-cpu-tflite-vmaster-with_live_preprocessing/mobilenet-v1-precision_float-0.75-192/singlestream/performance/tmp_power/ranging'
client 2024-01-30 21:50:00,345 [INFO] Running workload in testing mode
client 2024-01-30 21:50:00,345 [INFO] Synchronizing with the server and with time.google.com...
client 2024-01-30 21:50:00,372 [INFO] NTP:offset = -0.004 s, delay = 0.021 s 
client 2024-01-30 21:50:00,372 [INFO] Sending command to the server: 'time'
client 2024-01-30 21:50:00,377 [INFO] Got response: '1706651400.3695889'
client 2024-01-30 21:50:00,377 [INFO] The time difference between the client and the server is within range 2.942 ms..7.885 ms
client 2024-01-30 21:50:00,377 [INFO] Sending command to the server: 'session,2024-01-30_21-44-19,start,testing'
client 2024-01-30 21:50:13,397 [INFO] Got response: 'OK'
client 2024-01-30 21:50:13,398 [INFO] Sending command to the server: 'time'
client 2024-01-30 21:50:13,401 [INFO] Got response: '1706651413.3944254'
client 2024-01-30 21:50:13,402 [INFO] The time difference between the client and the server is within range 3.969 ms..7.572 ms
client 2024-01-30 21:50:13,402 [INFO] Running the workload 'CM_MLPERF_RUN_COUNT=$(cat ${CM_RUN_DIR}/count.txt); echo ${CM_MLPERF_RUN_COUNT}; CM_MLPERF_RUN_COUNT=$((CM_MLPERF_RUN_COUNT+1)); echo ${CM_MLPERF_RUN_COUNT} > ${CM_RUN_DIR}/count.txt && if [ ${CM_MLPERF_RUN_COUNT} -eq "1" ]; then export CM_MLPERF_USER_CONF=${CM_MLPERF_RANGING_USER_CONF}; else export CM_MLPERF_USER_CONF=${CM_MLPERF_TESTING_USER_CONF}; fi && /home/arjun/run.out'
client 2024-01-30 22:00:17,520 [INFO] Sending command to the server: 'time'
client 2024-01-30 22:00:17,620 [INFO] Got response: '1706652017.6103911'
client 2024-01-30 22:00:17,621 [INFO] The time difference between the client and the server is within range -90.255 ms..10.991 ms
client 2024-01-30 22:00:17,621 [INFO] Sending command to the server: 'session,2024-01-30_21-44-19,stop,testing'
client 2024-01-30 22:00:28,465 [INFO] Got response: 'OK'
client 2024-01-30 22:00:28,466 [INFO] Sending command to the server: 'time'
client 2024-01-30 22:00:28,472 [INFO] Got response: '1706652028.4620655'
client 2024-01-30 22:00:28,472 [INFO] The time difference between the client and the server is within range 4.408 ms..10.594 ms
client 2024-01-30 22:00:28,477 [INFO] Copying loadgen logs from '/home/arjun/results_dir/valid_results/orin-tflite_cpp-cpu-tflite-vmaster-with_live_preprocessing/mobilenet-v1-precision_float-0.75-192/singlestream/performance/run_1' to '/home/arjun/results_dir/valid_results/orin-tflite_cpp-cpu-tflite-vmaster-with_live_preprocessing/mobilenet-v1-precision_float-0.75-192/singlestream/performance/tmp_power/run_1'
client 2024-01-30 22:00:28,481 [INFO] Done runs
