client 2024-02-01 02:07:36,616 [INFO] Creating output directory '/home/arjun/results_dir/valid_results/orin-tflite_armnn_cpp-cpu-armnn_tflite-v23.05-using_neon_with_live_preprocessing/mobilenet-v1-precision_float-0.5-224/singlestream/performance/tmp_power'
client 2024-02-01 02:07:36,619 [INFO] Sending command to the server: 'mlcommons/power client v3'
client 2024-02-01 02:07:36,621 [INFO] Got response: 'mlcommons/power server v3'
client 2024-02-01 02:07:36,621 [INFO] Synchronizing with the server and with time.google.com...
client 2024-02-01 02:07:36,652 [INFO] NTP:offset = -0.005 s, delay = 0.026 s 
client 2024-02-01 02:07:36,652 [INFO] Sending command to the server: 'time'
client 2024-02-01 02:07:36,655 [INFO] Got response: '1706753256.6494088'
client 2024-02-01 02:07:36,655 [INFO] The time difference between the client and the server is within range 3.461 ms..6.353 ms
client 2024-02-01 02:07:36,655 [INFO] Sending command to the server: 'new,,96056a93-5355-4f8a-853d-baa4ecadc8d9'
client 2024-02-01 02:07:36,658 [INFO] Got response: 'OK 2024-02-01_02-07-36,f825eb8e-46cd-48e8-a492-e5362a2eafd9'
client 2024-02-01 02:07:36,658 [INFO] Session id is '2024-02-01_02-07-36'
client 2024-02-01 02:07:36,658 [INFO] Sources: {"sources": {"__init__.py": "da39a3ee5e6b4b0d3255bfef95601890afd80709", "client.py": "33ca4f26368777ac06e01f9567b714a4b8063886", "lib/__init__.py": "da39a3ee5e6b4b0d3255bfef95601890afd80709", "lib/client.py": "ac2aa093c8e8bbc9569b9e2a3471bc64e58a2258", "lib/common.py": "611d8b29633d331eb19c9455ea3b5fa3284ed6df", "lib/external/__init__.py": "da39a3ee5e6b4b0d3255bfef95601890afd80709", "lib/external/ntplib.py": "4da8f970656505a40483206ef2b5d3dd5e81711d", "lib/server.py": "99303c836c683aa9017ec565104e636161d02acb", "lib/source_hashes.py": "60a2e02193209e8d392803326208d5466342da18", "lib/summary.py": "aa92f0a3f975eecd44d3c0cd0236342ccc9f941d", "lib/time_sync.py": "80894ef2389e540781ff78de94db16aa4203a14e", "server.py": "c3f90f2f7eeb4db30727556d0c815ebc89b3d28b", "tests/unit/__init__.py": "da39a3ee5e6b4b0d3255bfef95601890afd80709", "tests/unit/test_server.py": "948c1995d4008bc2aa6c4046a34ffa3858d6d671", "tests/unit/test_source_hashes.py": "00468a2907583c593e6574a1f6b404e4651c221a"}, "modules": {"ptd_client_server.lib.client": "lib/client.py", "ptd_client_server.lib.common": "lib/common.py", "ptd_client_server.lib.external.ntplib": "lib/external/ntplib.py", "ptd_client_server.lib.source_hashes": "lib/source_hashes.py", "ptd_client_server.lib.summary": "lib/summary.py", "ptd_client_server.lib.time_sync": "lib/time_sync.py"}}
client 2024-02-01 02:07:36,658 [INFO] Running workload in ranging mode
client 2024-02-01 02:07:36,658 [INFO] Synchronizing with the server and with time.google.com...
client 2024-02-01 02:07:36,683 [INFO] NTP:offset = -0.006 s, delay = 0.023 s 
client 2024-02-01 02:07:36,683 [INFO] Sending command to the server: 'time'
client 2024-02-01 02:07:36,686 [INFO] Got response: '1706753256.6803114'
client 2024-02-01 02:07:36,686 [INFO] The time difference between the client and the server is within range 3.360 ms..6.126 ms
client 2024-02-01 02:07:36,686 [INFO] Sending command to the server: 'session,2024-02-01_02-07-36,start,ranging'
client 2024-02-01 02:08:04,775 [INFO] Got response: 'OK'
client 2024-02-01 02:08:04,776 [INFO] Sending command to the server: 'time'
client 2024-02-01 02:08:04,779 [INFO] Got response: '1706753284.7735827'
client 2024-02-01 02:08:04,780 [INFO] The time difference between the client and the server is within range 3.380 ms..6.359 ms
client 2024-02-01 02:08:04,780 [INFO] Running the workload 'CM_MLPERF_RUN_COUNT=$(cat ${CM_RUN_DIR}/count.txt); echo ${CM_MLPERF_RUN_COUNT}; CM_MLPERF_RUN_COUNT=$((CM_MLPERF_RUN_COUNT+1)); echo ${CM_MLPERF_RUN_COUNT} > ${CM_RUN_DIR}/count.txt && if [ ${CM_MLPERF_RUN_COUNT} -eq "1" ]; then export CM_MLPERF_USER_CONF=${CM_MLPERF_RANGING_USER_CONF}; else export CM_MLPERF_USER_CONF=${CM_MLPERF_TESTING_USER_CONF}; fi && /mnt/CM/repos/ctuning@mlcommons-ck/cm-mlops/script/benchmark-any-mlperf-inference-implementation/run.out'
client 2024-02-01 02:13:07,447 [INFO] Sending command to the server: 'time'
client 2024-02-01 02:13:07,483 [INFO] Got response: '1706753587.4762225'
client 2024-02-01 02:13:07,483 [INFO] The time difference between the client and the server is within range -28.913 ms..7.631 ms
client 2024-02-01 02:13:07,484 [INFO] Sending command to the server: 'session,2024-02-01_02-07-36,stop,ranging'
client 2024-02-01 02:13:17,936 [INFO] Got response: 'OK'
client 2024-02-01 02:13:17,936 [INFO] Sending command to the server: 'time'
client 2024-02-01 02:13:17,939 [INFO] Got response: '1706753597.9330935'
client 2024-02-01 02:13:17,940 [INFO] The time difference between the client and the server is within range 3.613 ms..7.045 ms
client 2024-02-01 02:13:17,958 [INFO] Copying loadgen logs from '/home/arjun/results_dir/valid_results/orin-tflite_armnn_cpp-cpu-armnn_tflite-v23.05-using_neon_with_live_preprocessing/mobilenet-v1-precision_float-0.5-224/singlestream/performance/run_1' to '/home/arjun/results_dir/valid_results/orin-tflite_armnn_cpp-cpu-armnn_tflite-v23.05-using_neon_with_live_preprocessing/mobilenet-v1-precision_float-0.5-224/singlestream/performance/tmp_power/ranging'
client 2024-02-01 02:13:17,960 [INFO] Running workload in testing mode
client 2024-02-01 02:13:17,960 [INFO] Synchronizing with the server and with time.google.com...
client 2024-02-01 02:13:17,986 [INFO] NTP:offset = -0.005 s, delay = 0.020 s 
client 2024-02-01 02:13:17,986 [INFO] Sending command to the server: 'time'
client 2024-02-01 02:13:17,989 [INFO] Got response: '1706753597.983129'
client 2024-02-01 02:13:17,989 [INFO] The time difference between the client and the server is within range 3.710 ms..6.689 ms
client 2024-02-01 02:13:17,990 [INFO] Sending command to the server: 'session,2024-02-01_02-07-36,start,testing'
client 2024-02-01 02:13:31,009 [INFO] Got response: 'OK'
client 2024-02-01 02:13:31,010 [INFO] Sending command to the server: 'time'
client 2024-02-01 02:13:31,013 [INFO] Got response: '1706753611.007252'
client 2024-02-01 02:13:31,014 [INFO] The time difference between the client and the server is within range 3.639 ms..7.095 ms
client 2024-02-01 02:13:31,014 [INFO] Running the workload 'CM_MLPERF_RUN_COUNT=$(cat ${CM_RUN_DIR}/count.txt); echo ${CM_MLPERF_RUN_COUNT}; CM_MLPERF_RUN_COUNT=$((CM_MLPERF_RUN_COUNT+1)); echo ${CM_MLPERF_RUN_COUNT} > ${CM_RUN_DIR}/count.txt && if [ ${CM_MLPERF_RUN_COUNT} -eq "1" ]; then export CM_MLPERF_USER_CONF=${CM_MLPERF_RANGING_USER_CONF}; else export CM_MLPERF_USER_CONF=${CM_MLPERF_TESTING_USER_CONF}; fi && /mnt/CM/repos/ctuning@mlcommons-ck/cm-mlops/script/benchmark-any-mlperf-inference-implementation/run.out'
client 2024-02-01 02:23:35,685 [INFO] Sending command to the server: 'time'
client 2024-02-01 02:23:35,689 [INFO] Got response: '1706754215.682818'
client 2024-02-01 02:23:35,690 [INFO] The time difference between the client and the server is within range 2.950 ms..7.335 ms
client 2024-02-01 02:23:35,690 [INFO] Sending command to the server: 'session,2024-02-01_02-07-36,stop,testing'
client 2024-02-01 02:23:46,059 [INFO] Got response: 'OK'
client 2024-02-01 02:23:46,060 [INFO] Sending command to the server: 'time'
client 2024-02-01 02:23:46,064 [INFO] Got response: '1706754226.0567865'
client 2024-02-01 02:23:46,064 [INFO] The time difference between the client and the server is within range 3.657 ms..7.715 ms
client 2024-02-01 02:23:46,069 [INFO] Copying loadgen logs from '/home/arjun/results_dir/valid_results/orin-tflite_armnn_cpp-cpu-armnn_tflite-v23.05-using_neon_with_live_preprocessing/mobilenet-v1-precision_float-0.5-224/singlestream/performance/run_1' to '/home/arjun/results_dir/valid_results/orin-tflite_armnn_cpp-cpu-armnn_tflite-v23.05-using_neon_with_live_preprocessing/mobilenet-v1-precision_float-0.5-224/singlestream/performance/tmp_power/run_1'
client 2024-02-01 02:23:46,072 [INFO] Done runs
