client 2024-02-13 14:40:22,382 [INFO] Creating output directory '/home/krai/work_collection/experiments_submission/generated_by_power_measurement_on_run_eb765a1722814122b5f4000d916e79b8/power_logs'
client 2024-02-13 14:40:22,383 [INFO] Sending command to the server: 'mlcommons/power client v3'
client 2024-02-13 14:40:22,384 [INFO] Got response: 'mlcommons/power server v3'
client 2024-02-13 14:40:22,384 [INFO] Synchronizing with the server and with time.google.com...
client 2024-02-13 14:40:22,462 [INFO] NTP:offset = 0.000 s, delay = 0.076 s 
client 2024-02-13 14:40:22,462 [INFO] Sending command to the server: 'time'
client 2024-02-13 14:40:22,463 [INFO] Got response: '1707856822.4642353'
client 2024-02-13 14:40:22,464 [INFO] The time difference between the client and the server is within range -1.463 ms..-0.206 ms
client 2024-02-13 14:40:22,464 [INFO] Sending command to the server: 'new,,3c62ab08-cfb0-41cc-a8f6-7e2d3fa3ad13'
client 2024-02-13 14:40:22,465 [INFO] Got response: 'OK 2024-02-13_14-40-22,0c82ad98-10f5-44b0-9ed6-4aaa448ee4f1'
client 2024-02-13 14:40:22,465 [INFO] Session id is '2024-02-13_14-40-22'
client 2024-02-13 14:40:22,465 [INFO] Sources: {"sources": {"__init__.py": "da39a3ee5e6b4b0d3255bfef95601890afd80709", "client.py": "33ca4f26368777ac06e01f9567b714a4b8063886", "lib/__init__.py": "da39a3ee5e6b4b0d3255bfef95601890afd80709", "lib/client.py": "ac2aa093c8e8bbc9569b9e2a3471bc64e58a2258", "lib/common.py": "611d8b29633d331eb19c9455ea3b5fa3284ed6df", "lib/external/__init__.py": "da39a3ee5e6b4b0d3255bfef95601890afd80709", "lib/external/ntplib.py": "4da8f970656505a40483206ef2b5d3dd5e81711d", "lib/server.py": "99303c836c683aa9017ec565104e636161d02acb", "lib/source_hashes.py": "60a2e02193209e8d392803326208d5466342da18", "lib/summary.py": "aa92f0a3f975eecd44d3c0cd0236342ccc9f941d", "lib/time_sync.py": "80894ef2389e540781ff78de94db16aa4203a14e", "server.py": "c3f90f2f7eeb4db30727556d0c815ebc89b3d28b", "tests/unit/__init__.py": "da39a3ee5e6b4b0d3255bfef95601890afd80709", "tests/unit/test_server.py": "948c1995d4008bc2aa6c4046a34ffa3858d6d671", "tests/unit/test_source_hashes.py": "00468a2907583c593e6574a1f6b404e4651c221a"}, "modules": {"ptd_client_server.lib.client": "lib/client.py", "ptd_client_server.lib.common": "lib/common.py", "ptd_client_server.lib.external.ntplib": "lib/external/ntplib.py", "ptd_client_server.lib.source_hashes": "lib/source_hashes.py", "ptd_client_server.lib.summary": "lib/summary.py", "ptd_client_server.lib.time_sync": "lib/time_sync.py"}}
client 2024-02-13 14:40:22,465 [INFO] Running workload in ranging mode
client 2024-02-13 14:40:22,465 [INFO] Synchronizing with the server and with time.google.com...
client 2024-02-13 14:40:22,538 [INFO] NTP:offset = 0.007 s, delay = 0.072 s 
client 2024-02-13 14:40:22,538 [INFO] Sending command to the server: 'time'
client 2024-02-13 14:40:22,539 [INFO] Got response: '1707856822.539832'
client 2024-02-13 14:40:22,539 [INFO] The time difference between the client and the server is within range -1.531 ms..-0.180 ms
client 2024-02-13 14:40:22,539 [INFO] Sending command to the server: 'session,2024-02-13_14-40-22,start,ranging'
client 2024-02-13 14:40:51,667 [INFO] Got response: 'OK'
client 2024-02-13 14:40:51,667 [INFO] Sending command to the server: 'time'
client 2024-02-13 14:40:51,669 [INFO] Got response: '1707856851.6693468'
client 2024-02-13 14:40:51,669 [INFO] The time difference between the client and the server is within range -1.416 ms..-0.134 ms
client 2024-02-13 14:40:51,669 [INFO] Running the workload 'axs byquery loadgen_output,task=object_detection,sut_name=r282_q2_ultra_edge,model_name=retinanet,framework=kilt,device=qaic,collection_name=experiments_submission,loadgen_mode=PerformanceOnly,loadgen_compliance_test-,loadgen_scenario=SingleStream,_with_power+,symlink_to=/home/krai/work_collection/experiments_submission/generated_by_power_measurement_on_run_eb765a1722814122b5f4000d916e79b8/last_mlperf_logs,power_client_entrydic_path=/home/krai/work_collection/experiments_submission/generated_by_power_measurement_on_run_eb765a1722814122b5f4000d916e79b8/program_output.json,effective_no_ranging-'
client 2024-02-13 14:52:41,899 [INFO] Sending command to the server: 'time'
client 2024-02-13 14:52:41,900 [INFO] Got response: '1707857561.90031'
client 2024-02-13 14:52:41,900 [INFO] The time difference between the client and the server is within range -1.250 ms..0.396 ms
client 2024-02-13 14:52:41,900 [INFO] Sending command to the server: 'session,2024-02-13_14-40-22,stop,ranging'
client 2024-02-13 14:52:52,697 [INFO] Got response: 'OK'
client 2024-02-13 14:52:52,697 [INFO] Sending command to the server: 'time'
client 2024-02-13 14:52:52,698 [INFO] Got response: '1707857572.6978264'
client 2024-02-13 14:52:52,698 [INFO] The time difference between the client and the server is within range -0.308 ms..0.252 ms
client 2024-02-13 14:52:52,701 [INFO] Copying loadgen logs from '/home/krai/work_collection/experiments_submission/generated_by_power_measurement_on_run_eb765a1722814122b5f4000d916e79b8/last_mlperf_logs' to '/home/krai/work_collection/experiments_submission/generated_by_power_measurement_on_run_eb765a1722814122b5f4000d916e79b8/power_logs/ranging'
client 2024-02-13 14:52:52,701 [INFO] Running workload in testing mode
client 2024-02-13 14:52:52,701 [INFO] Synchronizing with the server and with time.google.com...
client 2024-02-13 14:52:52,787 [INFO] NTP:offset = 0.005 s, delay = 0.085 s 
client 2024-02-13 14:52:52,787 [INFO] Sending command to the server: 'time'
client 2024-02-13 14:52:52,788 [INFO] Got response: '1707857572.7881503'
client 2024-02-13 14:52:52,788 [INFO] The time difference between the client and the server is within range -0.882 ms..0.386 ms
client 2024-02-13 14:52:52,788 [INFO] Sending command to the server: 'session,2024-02-13_14-40-22,start,testing'
client 2024-02-13 14:53:05,806 [INFO] Got response: 'OK'
client 2024-02-13 14:53:05,806 [INFO] Sending command to the server: 'time'
client 2024-02-13 14:53:05,807 [INFO] Got response: '1707857585.807276'
client 2024-02-13 14:53:05,807 [INFO] The time difference between the client and the server is within range -0.885 ms..0.376 ms
client 2024-02-13 14:53:05,807 [INFO] Running the workload 'axs byquery loadgen_output,task=object_detection,sut_name=r282_q2_ultra_edge,model_name=retinanet,framework=kilt,device=qaic,collection_name=experiments_submission,loadgen_mode=PerformanceOnly,loadgen_compliance_test-,loadgen_scenario=SingleStream,_with_power+,symlink_to=/home/krai/work_collection/experiments_submission/generated_by_power_measurement_on_run_eb765a1722814122b5f4000d916e79b8/last_mlperf_logs,power_client_entrydic_path=/home/krai/work_collection/experiments_submission/generated_by_power_measurement_on_run_eb765a1722814122b5f4000d916e79b8/program_output.json,effective_no_ranging-'
client 2024-02-13 15:03:15,105 [INFO] Sending command to the server: 'time'
client 2024-02-13 15:03:15,107 [INFO] Got response: '1707858195.106538'
client 2024-02-13 15:03:15,107 [INFO] The time difference between the client and the server is within range -0.997 ms..0.671 ms
client 2024-02-13 15:03:15,107 [INFO] Sending command to the server: 'session,2024-02-13_14-40-22,stop,testing'
client 2024-02-13 15:03:25,865 [INFO] Got response: 'OK'
client 2024-02-13 15:03:25,865 [INFO] Sending command to the server: 'time'
client 2024-02-13 15:03:25,866 [INFO] Got response: '1707858205.8655798'
client 2024-02-13 15:03:25,866 [INFO] The time difference between the client and the server is within range -0.200 ms..0.503 ms
client 2024-02-13 15:03:25,866 [INFO] Copying loadgen logs from '/home/krai/work_collection/experiments_submission/generated_by_power_measurement_on_run_eb765a1722814122b5f4000d916e79b8/last_mlperf_logs' to '/home/krai/work_collection/experiments_submission/generated_by_power_measurement_on_run_eb765a1722814122b5f4000d916e79b8/power_logs/run_1'
client 2024-02-13 15:03:25,867 [INFO] Done runs
