client 2024-01-31 01:53:34,759 [INFO] Creating output directory '/home/arjun/results_dir/valid_results/orin-tflite_cpp-cpu-tflite-vmaster-with_live_preprocessing/mobilenet-v2-precision_float-0.75-224/singlestream/performance/tmp_power'
client 2024-01-31 01:53:34,849 [INFO] Sending command to the server: 'mlcommons/power client v3'
client 2024-01-31 01:53:34,851 [INFO] Got response: 'mlcommons/power server v3'
client 2024-01-31 01:53:34,852 [INFO] Synchronizing with the server and with time.google.com...
client 2024-01-31 01:53:34,880 [INFO] NTP:offset = -0.005 s, delay = 0.020 s 
client 2024-01-31 01:53:34,880 [INFO] Sending command to the server: 'time'
client 2024-01-31 01:53:34,883 [INFO] Got response: '1706666014.8802521'
client 2024-01-31 01:53:34,883 [INFO] The time difference between the client and the server is within range 0.645 ms..3.450 ms
client 2024-01-31 01:53:34,883 [INFO] Sending command to the server: 'new,,315397f3-4070-41b0-8ff6-46c5c44627cb'
client 2024-01-31 01:53:34,886 [INFO] Got response: 'OK 2024-01-31_01-53-34,13313901-77cc-4230-b9d6-633296af34f1'
client 2024-01-31 01:53:34,886 [INFO] Session id is '2024-01-31_01-53-34'
client 2024-01-31 01:53:34,886 [INFO] Sources: {"sources": {"__init__.py": "da39a3ee5e6b4b0d3255bfef95601890afd80709", "client.py": "33ca4f26368777ac06e01f9567b714a4b8063886", "lib/__init__.py": "da39a3ee5e6b4b0d3255bfef95601890afd80709", "lib/client.py": "ac2aa093c8e8bbc9569b9e2a3471bc64e58a2258", "lib/common.py": "611d8b29633d331eb19c9455ea3b5fa3284ed6df", "lib/external/__init__.py": "da39a3ee5e6b4b0d3255bfef95601890afd80709", "lib/external/ntplib.py": "4da8f970656505a40483206ef2b5d3dd5e81711d", "lib/server.py": "99303c836c683aa9017ec565104e636161d02acb", "lib/source_hashes.py": "60a2e02193209e8d392803326208d5466342da18", "lib/summary.py": "aa92f0a3f975eecd44d3c0cd0236342ccc9f941d", "lib/time_sync.py": "80894ef2389e540781ff78de94db16aa4203a14e", "server.py": "c3f90f2f7eeb4db30727556d0c815ebc89b3d28b", "tests/unit/__init__.py": "da39a3ee5e6b4b0d3255bfef95601890afd80709", "tests/unit/test_server.py": "948c1995d4008bc2aa6c4046a34ffa3858d6d671", "tests/unit/test_source_hashes.py": "00468a2907583c593e6574a1f6b404e4651c221a"}, "modules": {"ptd_client_server.lib.client": "lib/client.py", "ptd_client_server.lib.common": "lib/common.py", "ptd_client_server.lib.external.ntplib": "lib/external/ntplib.py", "ptd_client_server.lib.source_hashes": "lib/source_hashes.py", "ptd_client_server.lib.summary": "lib/summary.py", "ptd_client_server.lib.time_sync": "lib/time_sync.py"}}
client 2024-01-31 01:53:34,887 [INFO] Running workload in ranging mode
client 2024-01-31 01:53:34,887 [INFO] Synchronizing with the server and with time.google.com...
client 2024-01-31 01:53:34,909 [INFO] NTP:offset = -0.004 s, delay = 0.020 s 
client 2024-01-31 01:53:34,909 [INFO] Sending command to the server: 'time'
client 2024-01-31 01:53:34,912 [INFO] Got response: '1706666014.908829'
client 2024-01-31 01:53:34,912 [INFO] The time difference between the client and the server is within range 0.653 ms..3.485 ms
client 2024-01-31 01:53:34,912 [INFO] Sending command to the server: 'session,2024-01-31_01-53-34,start,ranging'
client 2024-01-31 01:54:02,996 [INFO] Got response: 'OK'
client 2024-01-31 01:54:02,999 [INFO] Sending command to the server: 'time'
client 2024-01-31 01:54:03,002 [INFO] Got response: '1706666042.999183'
client 2024-01-31 01:54:03,002 [INFO] The time difference between the client and the server is within range 0.259 ms..3.607 ms
client 2024-01-31 01:54:03,003 [INFO] Running the workload 'CM_MLPERF_RUN_COUNT=$(cat ${CM_RUN_DIR}/count.txt); echo ${CM_MLPERF_RUN_COUNT}; CM_MLPERF_RUN_COUNT=$((CM_MLPERF_RUN_COUNT+1)); echo ${CM_MLPERF_RUN_COUNT} > ${CM_RUN_DIR}/count.txt && if [ ${CM_MLPERF_RUN_COUNT} -eq "1" ]; then export CM_MLPERF_USER_CONF=${CM_MLPERF_RANGING_USER_CONF}; else export CM_MLPERF_USER_CONF=${CM_MLPERF_TESTING_USER_CONF}; fi && /home/arjun/run.out'
client 2024-01-31 01:59:05,667 [INFO] Sending command to the server: 'time'
client 2024-01-31 01:59:05,735 [INFO] Got response: '1706666345.7249691'
client 2024-01-31 01:59:05,736 [INFO] The time difference between the client and the server is within range -57.399 ms..11.472 ms
client 2024-01-31 01:59:05,736 [INFO] Sending command to the server: 'session,2024-01-31_01-53-34,stop,ranging'
client 2024-01-31 01:59:16,134 [INFO] Got response: 'OK'
client 2024-01-31 01:59:16,135 [INFO] Sending command to the server: 'time'
client 2024-01-31 01:59:16,138 [INFO] Got response: '1706666356.1358697'
client 2024-01-31 01:59:16,139 [INFO] The time difference between the client and the server is within range -0.288 ms..3.613 ms
client 2024-01-31 01:59:16,157 [INFO] Copying loadgen logs from '/home/arjun/results_dir/valid_results/orin-tflite_cpp-cpu-tflite-vmaster-with_live_preprocessing/mobilenet-v2-precision_float-0.75-224/singlestream/performance/run_1' to '/home/arjun/results_dir/valid_results/orin-tflite_cpp-cpu-tflite-vmaster-with_live_preprocessing/mobilenet-v2-precision_float-0.75-224/singlestream/performance/tmp_power/ranging'
client 2024-01-31 01:59:16,160 [INFO] Running workload in testing mode
client 2024-01-31 01:59:16,160 [INFO] Synchronizing with the server and with time.google.com...
client 2024-01-31 01:59:16,187 [INFO] NTP:offset = -0.004 s, delay = 0.022 s 
client 2024-01-31 01:59:16,187 [INFO] Sending command to the server: 'time'
client 2024-01-31 01:59:16,190 [INFO] Got response: '1706666356.187805'
client 2024-01-31 01:59:16,190 [INFO] The time difference between the client and the server is within range -0.265 ms..3.101 ms
client 2024-01-31 01:59:16,191 [INFO] Sending command to the server: 'session,2024-01-31_01-53-34,start,testing'
client 2024-01-31 01:59:29,206 [INFO] Got response: 'OK'
client 2024-01-31 01:59:29,207 [INFO] Sending command to the server: 'time'
client 2024-01-31 01:59:29,210 [INFO] Got response: '1706666369.20753'
client 2024-01-31 01:59:29,211 [INFO] The time difference between the client and the server is within range -0.045 ms..3.730 ms
client 2024-01-31 01:59:29,211 [INFO] Running the workload 'CM_MLPERF_RUN_COUNT=$(cat ${CM_RUN_DIR}/count.txt); echo ${CM_MLPERF_RUN_COUNT}; CM_MLPERF_RUN_COUNT=$((CM_MLPERF_RUN_COUNT+1)); echo ${CM_MLPERF_RUN_COUNT} > ${CM_RUN_DIR}/count.txt && if [ ${CM_MLPERF_RUN_COUNT} -eq "1" ]; then export CM_MLPERF_USER_CONF=${CM_MLPERF_RANGING_USER_CONF}; else export CM_MLPERF_USER_CONF=${CM_MLPERF_TESTING_USER_CONF}; fi && /home/arjun/run.out'
client 2024-01-31 02:09:33,732 [INFO] Sending command to the server: 'time'
client 2024-01-31 02:09:33,840 [INFO] Got response: '1706666973.8367884'
client 2024-01-31 02:09:33,841 [INFO] The time difference between the client and the server is within range -104.985 ms..4.493 ms
client 2024-01-31 02:09:33,841 [INFO] Sending command to the server: 'session,2024-01-31_01-53-34,stop,testing'
client 2024-01-31 02:09:44,258 [INFO] Got response: 'OK'
client 2024-01-31 02:09:44,259 [INFO] Sending command to the server: 'time'
client 2024-01-31 02:09:44,262 [INFO] Got response: '1706666984.2605531'
client 2024-01-31 02:09:44,263 [INFO] The time difference between the client and the server is within range -1.037 ms..2.445 ms
client 2024-01-31 02:09:44,267 [INFO] Copying loadgen logs from '/home/arjun/results_dir/valid_results/orin-tflite_cpp-cpu-tflite-vmaster-with_live_preprocessing/mobilenet-v2-precision_float-0.75-224/singlestream/performance/run_1' to '/home/arjun/results_dir/valid_results/orin-tflite_cpp-cpu-tflite-vmaster-with_live_preprocessing/mobilenet-v2-precision_float-0.75-224/singlestream/performance/tmp_power/run_1'
client 2024-01-31 02:09:44,270 [INFO] Done runs
