DeepSparse, Copyright 2021-present / Neuralmagic, Inc. version: 1.5.2 COMMUNITY | (93c38382) (release) (optimized) (system=avx512_vnni, binary=avx512)
2024-02-21 17:00:59 deepsparse.utils.onnx INFO     Generating input 'input_ids', type = int64, shape = [128, 384]
2024-02-21 17:00:59 deepsparse.utils.onnx INFO     Generating input 'attention_mask', type = int64, shape = [128, 384]
2024-02-21 17:00:59 deepsparse.utils.onnx INFO     Generating input 'token_type_ids', type = int64, shape = [128, 384]
================================================
MLPerf Results Summary
================================================
SUT name : PySUT
Scenario : Offline
Mode     : PerformanceOnly
Samples per second: 112.774
Result is : VALID
  Min duration satisfied : Yes
  Min queries satisfied : Yes
  Early stopping satisfied: Yes

================================================
Additional Stats
================================================
Min latency (ns)                : 1024808283
Max latency (ns)                : 726505720638
Mean latency (ns)               : 276008409424
50.00 percentile latency (ns)   : 233196609535
90.00 percentile latency (ns)   : 599544391148
95.00 percentile latency (ns)   : 664003366732
97.00 percentile latency (ns)   : 687437897358
99.00 percentile latency (ns)   : 712832034021
99.90 percentile latency (ns)   : 724555299070

================================================
Test Parameters Used
================================================
samples_per_query : 81931
target_qps : 124.139
target_latency (ns): 0
max_async_queries : 1
min_duration (ms): 600000
max_duration (ms): 0
min_query_count : 1
max_query_count : 0
qsl_rng_seed : 13281865557512327830
sample_index_rng_seed : 198141574272810017
schedule_rng_seed : 7575108116881280410
accuracy_log_rng_seed : 0
accuracy_log_probability : 0
accuracy_log_sampling_target : 0
print_timestamps : 0
performance_issue_unique : 0
performance_issue_same : 0
performance_issue_same_index : 0
performance_sample_count : 10833

No warnings encountered during test.

No errors encountered during test.
Loading ONNX model... /home/arjun/.cache/sparsezoo/12965f74-bd9e-4995-8ae8-bce8c434071e/model.onnx
Constructing SUT...
Finished constructing SUT.
Constructing QSL...
Loading cached features from 'eval_features.pickle'...
Finished constructing QSL.
Warming up engine...
Running LoadGen test...
Done!
Destroying SUT...
Destroying QSL...
Finished destroying SUT.
Finished destroying QSL.
