client 2024-01-31 05:12:58,202 [INFO] Creating output directory '/home/arjun/results_dir/valid_results/orin-tflite_cpp-cpu-tflite-vmaster-with_live_preprocessing/mobilenet-v3-precision_float-large-224/singlestream/performance/tmp_power'
client 2024-01-31 05:12:58,205 [INFO] Sending command to the server: 'mlcommons/power client v3'
client 2024-01-31 05:12:58,207 [INFO] Got response: 'mlcommons/power server v3'
client 2024-01-31 05:12:58,207 [INFO] Synchronizing with the server and with time.google.com...
client 2024-01-31 05:12:58,232 [INFO] NTP:offset = -0.002 s, delay = 0.020 s 
client 2024-01-31 05:12:58,232 [INFO] Sending command to the server: 'time'
client 2024-01-31 05:12:58,235 [INFO] Got response: '1706677978.2319345'
client 2024-01-31 05:12:58,235 [INFO] The time difference between the client and the server is within range 0.887 ms..3.876 ms
client 2024-01-31 05:12:58,235 [INFO] Sending command to the server: 'new,,008aea96-5f2d-40af-8462-70d487a3602e'
client 2024-01-31 05:12:58,238 [INFO] Got response: 'OK 2024-01-31_05-12-58,25baef0f-2187-45cd-8fc6-610938cdc63c'
client 2024-01-31 05:12:58,238 [INFO] Session id is '2024-01-31_05-12-58'
client 2024-01-31 05:12:58,238 [INFO] Sources: {"sources": {"__init__.py": "da39a3ee5e6b4b0d3255bfef95601890afd80709", "client.py": "33ca4f26368777ac06e01f9567b714a4b8063886", "lib/__init__.py": "da39a3ee5e6b4b0d3255bfef95601890afd80709", "lib/client.py": "ac2aa093c8e8bbc9569b9e2a3471bc64e58a2258", "lib/common.py": "611d8b29633d331eb19c9455ea3b5fa3284ed6df", "lib/external/__init__.py": "da39a3ee5e6b4b0d3255bfef95601890afd80709", "lib/external/ntplib.py": "4da8f970656505a40483206ef2b5d3dd5e81711d", "lib/server.py": "99303c836c683aa9017ec565104e636161d02acb", "lib/source_hashes.py": "60a2e02193209e8d392803326208d5466342da18", "lib/summary.py": "aa92f0a3f975eecd44d3c0cd0236342ccc9f941d", "lib/time_sync.py": "80894ef2389e540781ff78de94db16aa4203a14e", "server.py": "c3f90f2f7eeb4db30727556d0c815ebc89b3d28b", "tests/unit/__init__.py": "da39a3ee5e6b4b0d3255bfef95601890afd80709", "tests/unit/test_server.py": "948c1995d4008bc2aa6c4046a34ffa3858d6d671", "tests/unit/test_source_hashes.py": "00468a2907583c593e6574a1f6b404e4651c221a"}, "modules": {"ptd_client_server.lib.client": "lib/client.py", "ptd_client_server.lib.common": "lib/common.py", "ptd_client_server.lib.external.ntplib": "lib/external/ntplib.py", "ptd_client_server.lib.source_hashes": "lib/source_hashes.py", "ptd_client_server.lib.summary": "lib/summary.py", "ptd_client_server.lib.time_sync": "lib/time_sync.py"}}
client 2024-01-31 05:12:58,238 [INFO] Running workload in ranging mode
client 2024-01-31 05:12:58,238 [INFO] Synchronizing with the server and with time.google.com...
client 2024-01-31 05:12:58,263 [INFO] NTP:offset = -0.002 s, delay = 0.024 s 
client 2024-01-31 05:12:58,263 [INFO] Sending command to the server: 'time'
client 2024-01-31 05:12:58,266 [INFO] Got response: '1706677978.2631319'
client 2024-01-31 05:12:58,266 [INFO] The time difference between the client and the server is within range 0.811 ms..3.623 ms
client 2024-01-31 05:12:58,266 [INFO] Sending command to the server: 'session,2024-01-31_05-12-58,start,ranging'
client 2024-01-31 05:13:26,348 [INFO] Got response: 'OK'
client 2024-01-31 05:13:26,350 [INFO] Sending command to the server: 'time'
client 2024-01-31 05:13:26,354 [INFO] Got response: '1706678006.3502355'
client 2024-01-31 05:13:26,354 [INFO] The time difference between the client and the server is within range 0.597 ms..4.331 ms
client 2024-01-31 05:13:26,354 [INFO] Running the workload 'CM_MLPERF_RUN_COUNT=$(cat ${CM_RUN_DIR}/count.txt); echo ${CM_MLPERF_RUN_COUNT}; CM_MLPERF_RUN_COUNT=$((CM_MLPERF_RUN_COUNT+1)); echo ${CM_MLPERF_RUN_COUNT} > ${CM_RUN_DIR}/count.txt && if [ ${CM_MLPERF_RUN_COUNT} -eq "1" ]; then export CM_MLPERF_USER_CONF=${CM_MLPERF_RANGING_USER_CONF}; else export CM_MLPERF_USER_CONF=${CM_MLPERF_TESTING_USER_CONF}; fi && /home/arjun/run.out'
client 2024-01-31 05:18:29,285 [INFO] Sending command to the server: 'time'
client 2024-01-31 05:18:29,354 [INFO] Got response: '1706678309.3497856'
client 2024-01-31 05:18:29,355 [INFO] The time difference between the client and the server is within range -64.471 ms..5.388 ms
client 2024-01-31 05:18:29,355 [INFO] Sending command to the server: 'session,2024-01-31_05-12-58,stop,ranging'
client 2024-01-31 05:18:40,494 [INFO] Got response: 'OK'
client 2024-01-31 05:18:40,495 [INFO] Sending command to the server: 'time'
client 2024-01-31 05:18:40,499 [INFO] Got response: '1706678320.4953263'
client 2024-01-31 05:18:40,499 [INFO] The time difference between the client and the server is within range 0.562 ms..4.378 ms
client 2024-01-31 05:18:40,518 [INFO] Copying loadgen logs from '/home/arjun/results_dir/valid_results/orin-tflite_cpp-cpu-tflite-vmaster-with_live_preprocessing/mobilenet-v3-precision_float-large-224/singlestream/performance/run_1' to '/home/arjun/results_dir/valid_results/orin-tflite_cpp-cpu-tflite-vmaster-with_live_preprocessing/mobilenet-v3-precision_float-large-224/singlestream/performance/tmp_power/ranging'
client 2024-01-31 05:18:40,520 [INFO] Running workload in testing mode
client 2024-01-31 05:18:40,521 [INFO] Synchronizing with the server and with time.google.com...
client 2024-01-31 05:18:40,555 [INFO] NTP:offset = -0.002 s, delay = 0.020 s 
client 2024-01-31 05:18:40,556 [INFO] Sending command to the server: 'time'
client 2024-01-31 05:18:40,559 [INFO] Got response: '1706678320.5552566'
client 2024-01-31 05:18:40,559 [INFO] The time difference between the client and the server is within range 0.753 ms..4.150 ms
client 2024-01-31 05:18:40,559 [INFO] Sending command to the server: 'session,2024-01-31_05-12-58,start,testing'
client 2024-01-31 05:18:53,577 [INFO] Got response: 'OK'
client 2024-01-31 05:18:53,577 [INFO] Sending command to the server: 'time'
client 2024-01-31 05:18:53,581 [INFO] Got response: '1706678333.5770202'
client 2024-01-31 05:18:53,581 [INFO] The time difference between the client and the server is within range 0.806 ms..4.767 ms
client 2024-01-31 05:18:53,582 [INFO] Running the workload 'CM_MLPERF_RUN_COUNT=$(cat ${CM_RUN_DIR}/count.txt); echo ${CM_MLPERF_RUN_COUNT}; CM_MLPERF_RUN_COUNT=$((CM_MLPERF_RUN_COUNT+1)); echo ${CM_MLPERF_RUN_COUNT} > ${CM_RUN_DIR}/count.txt && if [ ${CM_MLPERF_RUN_COUNT} -eq "1" ]; then export CM_MLPERF_USER_CONF=${CM_MLPERF_RANGING_USER_CONF}; else export CM_MLPERF_USER_CONF=${CM_MLPERF_TESTING_USER_CONF}; fi && /home/arjun/run.out'
client 2024-01-31 05:28:57,966 [INFO] Sending command to the server: 'time'
client 2024-01-31 05:28:57,969 [INFO] Got response: '1706678937.9662573'
client 2024-01-31 05:28:57,970 [INFO] The time difference between the client and the server is within range 0.124 ms..3.782 ms
client 2024-01-31 05:28:57,970 [INFO] Sending command to the server: 'session,2024-01-31_05-12-58,stop,testing'
client 2024-01-31 05:29:08,625 [INFO] Got response: 'OK'
client 2024-01-31 05:29:08,626 [INFO] Sending command to the server: 'time'
client 2024-01-31 05:29:08,629 [INFO] Got response: '1706678948.62603'
client 2024-01-31 05:29:08,629 [INFO] The time difference between the client and the server is within range 0.318 ms..3.554 ms
client 2024-01-31 05:29:08,634 [INFO] Copying loadgen logs from '/home/arjun/results_dir/valid_results/orin-tflite_cpp-cpu-tflite-vmaster-with_live_preprocessing/mobilenet-v3-precision_float-large-224/singlestream/performance/run_1' to '/home/arjun/results_dir/valid_results/orin-tflite_cpp-cpu-tflite-vmaster-with_live_preprocessing/mobilenet-v3-precision_float-large-224/singlestream/performance/tmp_power/run_1'
client 2024-01-31 05:29:08,637 [INFO] Done runs
