client 2024-02-01 00:28:06,810 [INFO] Creating output directory '/home/arjun/results_dir/valid_results/orin-tflite_armnn_cpp-cpu-armnn_tflite-v23.05-using_neon_with_live_preprocessing/mobilenet-v1-precision_float-0.75-192/singlestream/performance/tmp_power'
client 2024-02-01 00:28:06,814 [INFO] Sending command to the server: 'mlcommons/power client v3'
client 2024-02-01 00:28:06,816 [INFO] Got response: 'mlcommons/power server v3'
client 2024-02-01 00:28:06,816 [INFO] Synchronizing with the server and with time.google.com...
client 2024-02-01 00:28:06,843 [INFO] NTP:offset = -0.007 s, delay = 0.021 s 
client 2024-02-01 00:28:06,843 [INFO] Sending command to the server: 'time'
client 2024-02-01 00:28:06,845 [INFO] Got response: '1706747286.8395884'
client 2024-02-01 00:28:06,846 [INFO] The time difference between the client and the server is within range 4.056 ms..6.501 ms
client 2024-02-01 00:28:06,846 [INFO] Sending command to the server: 'new,,e8416a71-322c-4f04-a4ed-5491ffa4f66c'
client 2024-02-01 00:28:06,848 [INFO] Got response: 'OK 2024-02-01_00-28-06,04d6ee0a-83ac-498f-885e-26d5bc6afce3'
client 2024-02-01 00:28:06,848 [INFO] Session id is '2024-02-01_00-28-06'
client 2024-02-01 00:28:06,848 [INFO] Sources: {"sources": {"__init__.py": "da39a3ee5e6b4b0d3255bfef95601890afd80709", "client.py": "33ca4f26368777ac06e01f9567b714a4b8063886", "lib/__init__.py": "da39a3ee5e6b4b0d3255bfef95601890afd80709", "lib/client.py": "ac2aa093c8e8bbc9569b9e2a3471bc64e58a2258", "lib/common.py": "611d8b29633d331eb19c9455ea3b5fa3284ed6df", "lib/external/__init__.py": "da39a3ee5e6b4b0d3255bfef95601890afd80709", "lib/external/ntplib.py": "4da8f970656505a40483206ef2b5d3dd5e81711d", "lib/server.py": "99303c836c683aa9017ec565104e636161d02acb", "lib/source_hashes.py": "60a2e02193209e8d392803326208d5466342da18", "lib/summary.py": "aa92f0a3f975eecd44d3c0cd0236342ccc9f941d", "lib/time_sync.py": "80894ef2389e540781ff78de94db16aa4203a14e", "server.py": "c3f90f2f7eeb4db30727556d0c815ebc89b3d28b", "tests/unit/__init__.py": "da39a3ee5e6b4b0d3255bfef95601890afd80709", "tests/unit/test_server.py": "948c1995d4008bc2aa6c4046a34ffa3858d6d671", "tests/unit/test_source_hashes.py": "00468a2907583c593e6574a1f6b404e4651c221a"}, "modules": {"ptd_client_server.lib.client": "lib/client.py", "ptd_client_server.lib.common": "lib/common.py", "ptd_client_server.lib.external.ntplib": "lib/external/ntplib.py", "ptd_client_server.lib.source_hashes": "lib/source_hashes.py", "ptd_client_server.lib.summary": "lib/summary.py", "ptd_client_server.lib.time_sync": "lib/time_sync.py"}}
client 2024-02-01 00:28:06,848 [INFO] Running workload in ranging mode
client 2024-02-01 00:28:06,848 [INFO] Synchronizing with the server and with time.google.com...
client 2024-02-01 00:28:06,869 [INFO] NTP:offset = -0.008 s, delay = 0.019 s 
client 2024-02-01 00:28:06,869 [INFO] Sending command to the server: 'time'
client 2024-02-01 00:28:06,872 [INFO] Got response: '1706747286.865414'
client 2024-02-01 00:28:06,872 [INFO] The time difference between the client and the server is within range 4.050 ms..6.870 ms
client 2024-02-01 00:28:06,872 [INFO] Sending command to the server: 'session,2024-02-01_00-28-06,start,ranging'
client 2024-02-01 00:28:34,932 [INFO] Got response: 'OK'
client 2024-02-01 00:28:34,934 [INFO] Sending command to the server: 'time'
client 2024-02-01 00:28:34,938 [INFO] Got response: '1706747314.9312341'
client 2024-02-01 00:28:34,938 [INFO] The time difference between the client and the server is within range 3.507 ms..7.422 ms
client 2024-02-01 00:28:34,938 [INFO] Running the workload 'CM_MLPERF_RUN_COUNT=$(cat ${CM_RUN_DIR}/count.txt); echo ${CM_MLPERF_RUN_COUNT}; CM_MLPERF_RUN_COUNT=$((CM_MLPERF_RUN_COUNT+1)); echo ${CM_MLPERF_RUN_COUNT} > ${CM_RUN_DIR}/count.txt && if [ ${CM_MLPERF_RUN_COUNT} -eq "1" ]; then export CM_MLPERF_USER_CONF=${CM_MLPERF_RANGING_USER_CONF}; else export CM_MLPERF_USER_CONF=${CM_MLPERF_TESTING_USER_CONF}; fi && /mnt/CM/repos/ctuning@mlcommons-ck/cm-mlops/script/benchmark-any-mlperf-inference-implementation/run.out'
client 2024-02-01 00:33:37,616 [INFO] Sending command to the server: 'time'
client 2024-02-01 00:33:37,623 [INFO] Got response: '1706747617.616446'
client 2024-02-01 00:33:37,624 [INFO] The time difference between the client and the server is within range -0.625 ms..7.643 ms
client 2024-02-01 00:33:37,624 [INFO] Sending command to the server: 'session,2024-02-01_00-28-06,stop,ranging'
client 2024-02-01 00:33:48,119 [INFO] Got response: 'OK'
client 2024-02-01 00:33:48,120 [INFO] Sending command to the server: 'time'
client 2024-02-01 00:33:48,124 [INFO] Got response: '1706747628.116826'
client 2024-02-01 00:33:48,124 [INFO] The time difference between the client and the server is within range 3.724 ms..7.908 ms
client 2024-02-01 00:33:48,142 [INFO] Copying loadgen logs from '/home/arjun/results_dir/valid_results/orin-tflite_armnn_cpp-cpu-armnn_tflite-v23.05-using_neon_with_live_preprocessing/mobilenet-v1-precision_float-0.75-192/singlestream/performance/run_1' to '/home/arjun/results_dir/valid_results/orin-tflite_armnn_cpp-cpu-armnn_tflite-v23.05-using_neon_with_live_preprocessing/mobilenet-v1-precision_float-0.75-192/singlestream/performance/tmp_power/ranging'
client 2024-02-01 00:33:48,145 [INFO] Running workload in testing mode
client 2024-02-01 00:33:48,145 [INFO] Synchronizing with the server and with time.google.com...
client 2024-02-01 00:33:48,184 [INFO] NTP:offset = -0.007 s, delay = 0.022 s 
client 2024-02-01 00:33:48,184 [INFO] Sending command to the server: 'time'
client 2024-02-01 00:33:48,187 [INFO] Got response: '1706747628.1805773'
client 2024-02-01 00:33:48,187 [INFO] The time difference between the client and the server is within range 3.888 ms..7.354 ms
client 2024-02-01 00:33:48,188 [INFO] Sending command to the server: 'session,2024-02-01_00-28-06,start,testing'
client 2024-02-01 00:34:01,201 [INFO] Got response: 'OK'
client 2024-02-01 00:34:01,203 [INFO] Sending command to the server: 'time'
client 2024-02-01 00:34:01,207 [INFO] Got response: '1706747641.2001245'
client 2024-02-01 00:34:01,207 [INFO] The time difference between the client and the server is within range 2.820 ms..7.403 ms
client 2024-02-01 00:34:01,207 [INFO] Running the workload 'CM_MLPERF_RUN_COUNT=$(cat ${CM_RUN_DIR}/count.txt); echo ${CM_MLPERF_RUN_COUNT}; CM_MLPERF_RUN_COUNT=$((CM_MLPERF_RUN_COUNT+1)); echo ${CM_MLPERF_RUN_COUNT} > ${CM_RUN_DIR}/count.txt && if [ ${CM_MLPERF_RUN_COUNT} -eq "1" ]; then export CM_MLPERF_USER_CONF=${CM_MLPERF_RANGING_USER_CONF}; else export CM_MLPERF_USER_CONF=${CM_MLPERF_TESTING_USER_CONF}; fi && /mnt/CM/repos/ctuning@mlcommons-ck/cm-mlops/script/benchmark-any-mlperf-inference-implementation/run.out'
client 2024-02-01 00:44:05,973 [INFO] Sending command to the server: 'time'
client 2024-02-01 00:44:05,976 [INFO] Got response: '1706748245.969658'
client 2024-02-01 00:44:05,977 [INFO] The time difference between the client and the server is within range 3.309 ms..7.595 ms
client 2024-02-01 00:44:05,977 [INFO] Sending command to the server: 'session,2024-02-01_00-28-06,stop,testing'
client 2024-02-01 00:44:16,250 [INFO] Got response: 'OK'
client 2024-02-01 00:44:16,252 [INFO] Sending command to the server: 'time'
client 2024-02-01 00:44:16,255 [INFO] Got response: '1706748256.2481272'
client 2024-02-01 00:44:16,256 [INFO] The time difference between the client and the server is within range 4.102 ms..7.809 ms
client 2024-02-01 00:44:16,260 [INFO] Copying loadgen logs from '/home/arjun/results_dir/valid_results/orin-tflite_armnn_cpp-cpu-armnn_tflite-v23.05-using_neon_with_live_preprocessing/mobilenet-v1-precision_float-0.75-192/singlestream/performance/run_1' to '/home/arjun/results_dir/valid_results/orin-tflite_armnn_cpp-cpu-armnn_tflite-v23.05-using_neon_with_live_preprocessing/mobilenet-v1-precision_float-0.75-192/singlestream/performance/tmp_power/run_1'
client 2024-02-01 00:44:16,263 [INFO] Done runs
