Graph file: /home/ubuntu/CM/repos/local/cache/85931253dfd84eb3/mobilenet_v1_1.0_224.tflite
Image dir: /home/ubuntu/CM/repos/local/cache/5b363939f9f341d2
Image list: /home/ubuntu/CM/repos/local/cache/5b363939f9f341d2/preprocessed_files.txt
Image size: 224
Image channels: 3
Prediction classes: 1000
Result dir: /home/ubuntu/CM/repos/local/cache/a7ccb264d8f442f8/valid_results/ip_172_31_24_206-tflite_cpp-cpu-tflite-vmaster-default_config/mobilenet-v1-precision_float-1.0-224/singlestream/performance/run_1
How many images fit in memory buffer: 1024
Normalize: 1
Subtract mean: 0
Run time preprocessing: 0
Number of Threads: 4
Number of available imagefiles: 50000

Loading graph...
INFO: Created TensorFlow Lite XNNPACK delegate for CPU.
Input tensor dimensions (NHWC): 1*224*224*3
Output tensor dimensions: 1*1001
Path to mlperf.conf : /home/ubuntu/CM/repos/local/cache/ae32b951ac8043bc/inference/mlperf.conf
Path to user.conf : /home/ubuntu/CM/repos/ctuning@mlcommons-ck/cm-mlops/script/generate-mlperf-inference-user-conf/tmp/ce801dfa16654eae8f2c96dec2f11a46.conf
Model Name: mobilenet
LoadGen Scenario: SingleStream
LoadGen Mode: performance
