client 2024-02-01 17:52:45,288 [INFO] Creating output directory '/home/arjun/results_dir/valid_results/orin-tflite_armnn_cpp-cpu-armnn_tflite-v23.05-using_neon_with_live_preprocessing/efficientnet-fp32-lite1/singlestream/performance/tmp_power'
client 2024-02-01 17:52:45,291 [INFO] Sending command to the server: 'mlcommons/power client v3'
client 2024-02-01 17:52:45,295 [INFO] Got response: 'mlcommons/power server v3'
client 2024-02-01 17:52:45,295 [INFO] Synchronizing with the server and with time.google.com...
client 2024-02-01 17:52:45,320 [INFO] NTP:offset = -0.002 s, delay = 0.019 s 
client 2024-02-01 17:52:45,320 [INFO] Sending command to the server: 'time'
client 2024-02-01 17:52:45,329 [INFO] Got response: '1706809965.3278558'
client 2024-02-01 17:52:45,329 [INFO] The time difference between the client and the server is within range -6.983 ms..1.616 ms
client 2024-02-01 17:52:45,329 [INFO] Sending command to the server: 'new,,ce293d8c-05f6-4a81-971b-77fe91883a90'
client 2024-02-01 17:52:45,333 [INFO] Got response: 'OK 2024-02-01_17-52-45,e9473ef0-e497-472f-942a-2ea1702f6990'
client 2024-02-01 17:52:45,333 [INFO] Session id is '2024-02-01_17-52-45'
client 2024-02-01 17:52:45,333 [INFO] Sources: {"sources": {"__init__.py": "da39a3ee5e6b4b0d3255bfef95601890afd80709", "client.py": "33ca4f26368777ac06e01f9567b714a4b8063886", "lib/__init__.py": "da39a3ee5e6b4b0d3255bfef95601890afd80709", "lib/client.py": "ac2aa093c8e8bbc9569b9e2a3471bc64e58a2258", "lib/common.py": "611d8b29633d331eb19c9455ea3b5fa3284ed6df", "lib/external/__init__.py": "da39a3ee5e6b4b0d3255bfef95601890afd80709", "lib/external/ntplib.py": "4da8f970656505a40483206ef2b5d3dd5e81711d", "lib/server.py": "99303c836c683aa9017ec565104e636161d02acb", "lib/source_hashes.py": "60a2e02193209e8d392803326208d5466342da18", "lib/summary.py": "aa92f0a3f975eecd44d3c0cd0236342ccc9f941d", "lib/time_sync.py": "80894ef2389e540781ff78de94db16aa4203a14e", "server.py": "c3f90f2f7eeb4db30727556d0c815ebc89b3d28b", "tests/unit/__init__.py": "da39a3ee5e6b4b0d3255bfef95601890afd80709", "tests/unit/test_server.py": "948c1995d4008bc2aa6c4046a34ffa3858d6d671", "tests/unit/test_source_hashes.py": "00468a2907583c593e6574a1f6b404e4651c221a"}, "modules": {"ptd_client_server.lib.client": "lib/client.py", "ptd_client_server.lib.common": "lib/common.py", "ptd_client_server.lib.external.ntplib": "lib/external/ntplib.py", "ptd_client_server.lib.source_hashes": "lib/source_hashes.py", "ptd_client_server.lib.summary": "lib/summary.py", "ptd_client_server.lib.time_sync": "lib/time_sync.py"}}
client 2024-02-01 17:52:45,333 [INFO] Running workload in ranging mode
client 2024-02-01 17:52:45,333 [INFO] Synchronizing with the server and with time.google.com...
client 2024-02-01 17:52:45,356 [INFO] NTP:offset = -0.001 s, delay = 0.022 s 
client 2024-02-01 17:52:45,357 [INFO] Sending command to the server: 'time'
client 2024-02-01 17:52:45,360 [INFO] Got response: '1706809965.3596163'
client 2024-02-01 17:52:45,360 [INFO] The time difference between the client and the server is within range -2.621 ms..1.086 ms
client 2024-02-01 17:52:45,360 [INFO] Sending command to the server: 'session,2024-02-01_17-52-45,start,ranging'
client 2024-02-01 17:53:13,527 [INFO] Got response: 'OK'
client 2024-02-01 17:53:13,530 [INFO] Sending command to the server: 'time'
client 2024-02-01 17:53:13,534 [INFO] Got response: '1706809993.5323784'
client 2024-02-01 17:53:13,535 [INFO] The time difference between the client and the server is within range -2.388 ms..2.680 ms
client 2024-02-01 17:53:13,535 [INFO] Running the workload 'CM_MLPERF_RUN_COUNT=$(cat ${CM_RUN_DIR}/count.txt); echo ${CM_MLPERF_RUN_COUNT}; CM_MLPERF_RUN_COUNT=$((CM_MLPERF_RUN_COUNT+1)); echo ${CM_MLPERF_RUN_COUNT} > ${CM_RUN_DIR}/count.txt && if [ ${CM_MLPERF_RUN_COUNT} -eq "1" ]; then export CM_MLPERF_USER_CONF=${CM_MLPERF_RANGING_USER_CONF}; else export CM_MLPERF_USER_CONF=${CM_MLPERF_TESTING_USER_CONF}; fi && /mnt/CM/repos/ctuning@mlcommons-ck/cm-mlops/script/benchmark-any-mlperf-inference-implementation/run.out'
client 2024-02-01 17:58:19,352 [INFO] Sending command to the server: 'time'
client 2024-02-01 17:58:19,460 [INFO] Got response: '1706810299.4582384'
client 2024-02-01 17:58:19,460 [INFO] The time difference between the client and the server is within range -105.590 ms..2.499 ms
client 2024-02-01 17:58:19,461 [INFO] Sending command to the server: 'session,2024-02-01_17-52-45,stop,ranging'
client 2024-02-01 17:58:29,735 [INFO] Got response: 'OK'
client 2024-02-01 17:58:29,735 [INFO] Sending command to the server: 'time'
client 2024-02-01 17:58:29,739 [INFO] Got response: '1706810309.7378736'
client 2024-02-01 17:58:29,739 [INFO] The time difference between the client and the server is within range -2.285 ms..1.738 ms
client 2024-02-01 17:58:29,756 [INFO] Copying loadgen logs from '/home/arjun/results_dir/valid_results/orin-tflite_armnn_cpp-cpu-armnn_tflite-v23.05-using_neon_with_live_preprocessing/efficientnet-fp32-lite1/singlestream/performance/run_1' to '/home/arjun/results_dir/valid_results/orin-tflite_armnn_cpp-cpu-armnn_tflite-v23.05-using_neon_with_live_preprocessing/efficientnet-fp32-lite1/singlestream/performance/tmp_power/ranging'
client 2024-02-01 17:58:29,758 [INFO] Running workload in testing mode
client 2024-02-01 17:58:29,758 [INFO] Synchronizing with the server and with time.google.com...
client 2024-02-01 17:58:29,801 [INFO] NTP:offset = -0.002 s, delay = 0.021 s 
client 2024-02-01 17:58:29,801 [INFO] Sending command to the server: 'time'
client 2024-02-01 17:58:29,804 [INFO] Got response: '1706810309.803619'
client 2024-02-01 17:58:29,805 [INFO] The time difference between the client and the server is within range -2.213 ms..1.458 ms
client 2024-02-01 17:58:29,805 [INFO] Sending command to the server: 'session,2024-02-01_17-52-45,start,testing'
client 2024-02-01 17:58:42,821 [INFO] Got response: 'OK'
client 2024-02-01 17:58:42,822 [INFO] Sending command to the server: 'time'
client 2024-02-01 17:58:42,824 [INFO] Got response: '1706810322.8240514'
client 2024-02-01 17:58:42,825 [INFO] The time difference between the client and the server is within range -1.813 ms..1.170 ms
client 2024-02-01 17:58:42,825 [INFO] Running the workload 'CM_MLPERF_RUN_COUNT=$(cat ${CM_RUN_DIR}/count.txt); echo ${CM_MLPERF_RUN_COUNT}; CM_MLPERF_RUN_COUNT=$((CM_MLPERF_RUN_COUNT+1)); echo ${CM_MLPERF_RUN_COUNT} > ${CM_RUN_DIR}/count.txt && if [ ${CM_MLPERF_RUN_COUNT} -eq "1" ]; then export CM_MLPERF_USER_CONF=${CM_MLPERF_RANGING_USER_CONF}; else export CM_MLPERF_USER_CONF=${CM_MLPERF_TESTING_USER_CONF}; fi && /mnt/CM/repos/ctuning@mlcommons-ck/cm-mlops/script/benchmark-any-mlperf-inference-implementation/run.out'
client 2024-02-01 18:08:47,568 [INFO] Sending command to the server: 'time'
client 2024-02-01 18:08:47,573 [INFO] Got response: '1706810927.5717144'
client 2024-02-01 18:08:47,573 [INFO] The time difference between the client and the server is within range -4.033 ms..1.723 ms
client 2024-02-01 18:08:47,573 [INFO] Sending command to the server: 'session,2024-02-01_17-52-45,stop,testing'
client 2024-02-01 18:08:57,874 [INFO] Got response: 'OK'
client 2024-02-01 18:08:57,876 [INFO] Sending command to the server: 'time'
client 2024-02-01 18:08:57,881 [INFO] Got response: '1706810937.8804307'
client 2024-02-01 18:08:57,882 [INFO] The time difference between the client and the server is within range -4.415 ms..1.509 ms
client 2024-02-01 18:08:57,886 [INFO] Copying loadgen logs from '/home/arjun/results_dir/valid_results/orin-tflite_armnn_cpp-cpu-armnn_tflite-v23.05-using_neon_with_live_preprocessing/efficientnet-fp32-lite1/singlestream/performance/run_1' to '/home/arjun/results_dir/valid_results/orin-tflite_armnn_cpp-cpu-armnn_tflite-v23.05-using_neon_with_live_preprocessing/efficientnet-fp32-lite1/singlestream/performance/tmp_power/run_1'
client 2024-02-01 18:08:57,889 [INFO] Done runs
