client 2024-01-31 06:36:01,934 [INFO] Creating output directory '/home/arjun/results_dir/valid_results/orin-tflite_cpp-cpu-tflite-vmaster-with_live_preprocessing/efficientnet-fp32-lite1/singlestream/performance/tmp_power'
client 2024-01-31 06:36:01,937 [INFO] Sending command to the server: 'mlcommons/power client v3'
client 2024-01-31 06:36:01,940 [INFO] Got response: 'mlcommons/power server v3'
client 2024-01-31 06:36:01,940 [INFO] Synchronizing with the server and with time.google.com...
client 2024-01-31 06:36:01,965 [INFO] NTP:offset = -0.003 s, delay = 0.020 s 
client 2024-01-31 06:36:01,965 [INFO] Sending command to the server: 'time'
client 2024-01-31 06:36:01,968 [INFO] Got response: '1706682961.9653869'
client 2024-01-31 06:36:01,968 [INFO] The time difference between the client and the server is within range 0.526 ms..3.213 ms
client 2024-01-31 06:36:01,968 [INFO] Sending command to the server: 'new,,f2a58298-510a-4512-92fb-9d73ce47a926'
client 2024-01-31 06:36:01,970 [INFO] Got response: 'OK 2024-01-31_06-36-01,3325fdd7-4e3c-4c65-8e31-acd96d370495'
client 2024-01-31 06:36:01,971 [INFO] Session id is '2024-01-31_06-36-01'
client 2024-01-31 06:36:01,971 [INFO] Sources: {"sources": {"__init__.py": "da39a3ee5e6b4b0d3255bfef95601890afd80709", "client.py": "33ca4f26368777ac06e01f9567b714a4b8063886", "lib/__init__.py": "da39a3ee5e6b4b0d3255bfef95601890afd80709", "lib/client.py": "ac2aa093c8e8bbc9569b9e2a3471bc64e58a2258", "lib/common.py": "611d8b29633d331eb19c9455ea3b5fa3284ed6df", "lib/external/__init__.py": "da39a3ee5e6b4b0d3255bfef95601890afd80709", "lib/external/ntplib.py": "4da8f970656505a40483206ef2b5d3dd5e81711d", "lib/server.py": "99303c836c683aa9017ec565104e636161d02acb", "lib/source_hashes.py": "60a2e02193209e8d392803326208d5466342da18", "lib/summary.py": "aa92f0a3f975eecd44d3c0cd0236342ccc9f941d", "lib/time_sync.py": "80894ef2389e540781ff78de94db16aa4203a14e", "server.py": "c3f90f2f7eeb4db30727556d0c815ebc89b3d28b", "tests/unit/__init__.py": "da39a3ee5e6b4b0d3255bfef95601890afd80709", "tests/unit/test_server.py": "948c1995d4008bc2aa6c4046a34ffa3858d6d671", "tests/unit/test_source_hashes.py": "00468a2907583c593e6574a1f6b404e4651c221a"}, "modules": {"ptd_client_server.lib.client": "lib/client.py", "ptd_client_server.lib.common": "lib/common.py", "ptd_client_server.lib.external.ntplib": "lib/external/ntplib.py", "ptd_client_server.lib.source_hashes": "lib/source_hashes.py", "ptd_client_server.lib.summary": "lib/summary.py", "ptd_client_server.lib.time_sync": "lib/time_sync.py"}}
client 2024-01-31 06:36:01,971 [INFO] Running workload in ranging mode
client 2024-01-31 06:36:01,971 [INFO] Synchronizing with the server and with time.google.com...
client 2024-01-31 06:36:01,996 [INFO] NTP:offset = -0.003 s, delay = 0.024 s 
client 2024-01-31 06:36:01,996 [INFO] Sending command to the server: 'time'
client 2024-01-31 06:36:02,000 [INFO] Got response: '1706682961.9967608'
client 2024-01-31 06:36:02,000 [INFO] The time difference between the client and the server is within range 0.093 ms..3.514 ms
client 2024-01-31 06:36:02,000 [INFO] Sending command to the server: 'session,2024-01-31_06-36-01,start,ranging'
client 2024-01-31 06:36:30,070 [INFO] Got response: 'OK'
client 2024-01-31 06:36:30,073 [INFO] Sending command to the server: 'time'
client 2024-01-31 06:36:30,078 [INFO] Got response: '1706682990.073838'
client 2024-01-31 06:36:30,079 [INFO] The time difference between the client and the server is within range -0.527 ms..5.219 ms
client 2024-01-31 06:36:30,079 [INFO] Running the workload 'CM_MLPERF_RUN_COUNT=$(cat ${CM_RUN_DIR}/count.txt); echo ${CM_MLPERF_RUN_COUNT}; CM_MLPERF_RUN_COUNT=$((CM_MLPERF_RUN_COUNT+1)); echo ${CM_MLPERF_RUN_COUNT} > ${CM_RUN_DIR}/count.txt && if [ ${CM_MLPERF_RUN_COUNT} -eq "1" ]; then export CM_MLPERF_USER_CONF=${CM_MLPERF_RANGING_USER_CONF}; else export CM_MLPERF_USER_CONF=${CM_MLPERF_TESTING_USER_CONF}; fi && /home/arjun/run.out'
client 2024-01-31 06:41:35,965 [INFO] Sending command to the server: 'time'
client 2024-01-31 06:41:35,969 [INFO] Got response: '1706683295.96548'
client 2024-01-31 06:41:35,969 [INFO] The time difference between the client and the server is within range 0.068 ms..3.924 ms
client 2024-01-31 06:41:35,969 [INFO] Sending command to the server: 'session,2024-01-31_06-36-01,stop,ranging'
client 2024-01-31 06:41:46,241 [INFO] Got response: 'OK'
client 2024-01-31 06:41:46,241 [INFO] Sending command to the server: 'time'
client 2024-01-31 06:41:46,244 [INFO] Got response: '1706683306.24131'
client 2024-01-31 06:41:46,245 [INFO] The time difference between the client and the server is within range 0.339 ms..3.704 ms
client 2024-01-31 06:41:46,261 [INFO] Copying loadgen logs from '/home/arjun/results_dir/valid_results/orin-tflite_cpp-cpu-tflite-vmaster-with_live_preprocessing/efficientnet-fp32-lite1/singlestream/performance/run_1' to '/home/arjun/results_dir/valid_results/orin-tflite_cpp-cpu-tflite-vmaster-with_live_preprocessing/efficientnet-fp32-lite1/singlestream/performance/tmp_power/ranging'
client 2024-01-31 06:41:46,264 [INFO] Running workload in testing mode
client 2024-01-31 06:41:46,264 [INFO] Synchronizing with the server and with time.google.com...
client 2024-01-31 06:41:46,305 [INFO] NTP:offset = -0.005 s, delay = 0.024 s 
client 2024-01-31 06:41:46,305 [INFO] Sending command to the server: 'time'
client 2024-01-31 06:41:46,309 [INFO] Got response: '1706683306.3054442'
client 2024-01-31 06:41:46,309 [INFO] The time difference between the client and the server is within range 0.047 ms..3.957 ms
client 2024-01-31 06:41:46,309 [INFO] Sending command to the server: 'session,2024-01-31_06-36-01,start,testing'
client 2024-01-31 06:41:59,331 [INFO] Got response: 'OK'
client 2024-01-31 06:41:59,331 [INFO] Sending command to the server: 'time'
client 2024-01-31 06:41:59,334 [INFO] Got response: '1706683319.3312225'
client 2024-01-31 06:41:59,334 [INFO] The time difference between the client and the server is within range 0.628 ms..3.602 ms
client 2024-01-31 06:41:59,335 [INFO] Running the workload 'CM_MLPERF_RUN_COUNT=$(cat ${CM_RUN_DIR}/count.txt); echo ${CM_MLPERF_RUN_COUNT}; CM_MLPERF_RUN_COUNT=$((CM_MLPERF_RUN_COUNT+1)); echo ${CM_MLPERF_RUN_COUNT} > ${CM_RUN_DIR}/count.txt && if [ ${CM_MLPERF_RUN_COUNT} -eq "1" ]; then export CM_MLPERF_USER_CONF=${CM_MLPERF_RANGING_USER_CONF}; else export CM_MLPERF_USER_CONF=${CM_MLPERF_TESTING_USER_CONF}; fi && /home/arjun/run.out'
client 2024-01-31 06:52:03,936 [INFO] Sending command to the server: 'time'
client 2024-01-31 06:52:04,115 [INFO] Got response: '1706683924.1115'
client 2024-01-31 06:52:04,116 [INFO] The time difference between the client and the server is within range -175.209 ms..4.589 ms
client 2024-01-31 06:52:04,116 [INFO] Sending command to the server: 'session,2024-01-31_06-36-01,stop,testing'
client 2024-01-31 06:52:14,379 [INFO] Got response: 'OK'
client 2024-01-31 06:52:14,381 [INFO] Sending command to the server: 'time'
client 2024-01-31 06:52:14,383 [INFO] Got response: '1706683934.380363'
client 2024-01-31 06:52:14,384 [INFO] The time difference between the client and the server is within range 0.639 ms..3.952 ms
client 2024-01-31 06:52:14,389 [INFO] Copying loadgen logs from '/home/arjun/results_dir/valid_results/orin-tflite_cpp-cpu-tflite-vmaster-with_live_preprocessing/efficientnet-fp32-lite1/singlestream/performance/run_1' to '/home/arjun/results_dir/valid_results/orin-tflite_cpp-cpu-tflite-vmaster-with_live_preprocessing/efficientnet-fp32-lite1/singlestream/performance/tmp_power/run_1'
client 2024-01-31 06:52:14,391 [INFO] Done runs
