client 2024-01-31 06:02:50,038 [INFO] Creating output directory '/home/arjun/results_dir/valid_results/orin-tflite_cpp-cpu-tflite-vmaster-with_live_preprocessing/mobilenet-v3-precision_float-small-minimalistic-224/singlestream/performance/tmp_power'
client 2024-01-31 06:02:50,251 [INFO] Sending command to the server: 'mlcommons/power client v3'
client 2024-01-31 06:02:50,255 [INFO] Got response: 'mlcommons/power server v3'
client 2024-01-31 06:02:50,255 [INFO] Synchronizing with the server and with time.google.com...
client 2024-01-31 06:02:50,283 [INFO] NTP:offset = -0.003 s, delay = 0.020 s 
client 2024-01-31 06:02:50,283 [INFO] Sending command to the server: 'time'
client 2024-01-31 06:02:50,286 [INFO] Got response: '1706680970.284097'
client 2024-01-31 06:02:50,286 [INFO] The time difference between the client and the server is within range -0.382 ms..2.542 ms
client 2024-01-31 06:02:50,286 [INFO] Sending command to the server: 'new,,fed68903-88d3-4009-acd9-795cc4afe913'
client 2024-01-31 06:02:50,289 [INFO] Got response: 'OK 2024-01-31_06-02-50,a2630065-13c6-4399-a877-c22ff3f4ed27'
client 2024-01-31 06:02:50,289 [INFO] Session id is '2024-01-31_06-02-50'
client 2024-01-31 06:02:50,289 [INFO] Sources: {"sources": {"__init__.py": "da39a3ee5e6b4b0d3255bfef95601890afd80709", "client.py": "33ca4f26368777ac06e01f9567b714a4b8063886", "lib/__init__.py": "da39a3ee5e6b4b0d3255bfef95601890afd80709", "lib/client.py": "ac2aa093c8e8bbc9569b9e2a3471bc64e58a2258", "lib/common.py": "611d8b29633d331eb19c9455ea3b5fa3284ed6df", "lib/external/__init__.py": "da39a3ee5e6b4b0d3255bfef95601890afd80709", "lib/external/ntplib.py": "4da8f970656505a40483206ef2b5d3dd5e81711d", "lib/server.py": "99303c836c683aa9017ec565104e636161d02acb", "lib/source_hashes.py": "60a2e02193209e8d392803326208d5466342da18", "lib/summary.py": "aa92f0a3f975eecd44d3c0cd0236342ccc9f941d", "lib/time_sync.py": "80894ef2389e540781ff78de94db16aa4203a14e", "server.py": "c3f90f2f7eeb4db30727556d0c815ebc89b3d28b", "tests/unit/__init__.py": "da39a3ee5e6b4b0d3255bfef95601890afd80709", "tests/unit/test_server.py": "948c1995d4008bc2aa6c4046a34ffa3858d6d671", "tests/unit/test_source_hashes.py": "00468a2907583c593e6574a1f6b404e4651c221a"}, "modules": {"ptd_client_server.lib.client": "lib/client.py", "ptd_client_server.lib.common": "lib/common.py", "ptd_client_server.lib.external.ntplib": "lib/external/ntplib.py", "ptd_client_server.lib.source_hashes": "lib/source_hashes.py", "ptd_client_server.lib.summary": "lib/summary.py", "ptd_client_server.lib.time_sync": "lib/time_sync.py"}}
client 2024-01-31 06:02:50,290 [INFO] Running workload in ranging mode
client 2024-01-31 06:02:50,290 [INFO] Synchronizing with the server and with time.google.com...
client 2024-01-31 06:02:50,318 [INFO] NTP:offset = -0.002 s, delay = 0.026 s 
client 2024-01-31 06:02:50,318 [INFO] Sending command to the server: 'time'
client 2024-01-31 06:02:50,321 [INFO] Got response: '1706680970.3186638'
client 2024-01-31 06:02:50,321 [INFO] The time difference between the client and the server is within range -0.300 ms..2.635 ms
client 2024-01-31 06:02:50,321 [INFO] Sending command to the server: 'session,2024-01-31_06-02-50,start,ranging'
client 2024-01-31 06:03:18,403 [INFO] Got response: 'OK'
client 2024-01-31 06:03:18,406 [INFO] Sending command to the server: 'time'
client 2024-01-31 06:03:18,410 [INFO] Got response: '1706680998.40707'
client 2024-01-31 06:03:18,410 [INFO] The time difference between the client and the server is within range -1.013 ms..3.322 ms
client 2024-01-31 06:03:18,410 [INFO] Running the workload 'CM_MLPERF_RUN_COUNT=$(cat ${CM_RUN_DIR}/count.txt); echo ${CM_MLPERF_RUN_COUNT}; CM_MLPERF_RUN_COUNT=$((CM_MLPERF_RUN_COUNT+1)); echo ${CM_MLPERF_RUN_COUNT} > ${CM_RUN_DIR}/count.txt && if [ ${CM_MLPERF_RUN_COUNT} -eq "1" ]; then export CM_MLPERF_USER_CONF=${CM_MLPERF_RANGING_USER_CONF}; else export CM_MLPERF_USER_CONF=${CM_MLPERF_TESTING_USER_CONF}; fi && /home/arjun/run.out'
client 2024-01-31 06:08:20,917 [INFO] Sending command to the server: 'time'
client 2024-01-31 06:08:20,920 [INFO] Got response: '1706681300.9176266'
client 2024-01-31 06:08:20,921 [INFO] The time difference between the client and the server is within range -0.283 ms..3.436 ms
client 2024-01-31 06:08:20,921 [INFO] Sending command to the server: 'session,2024-01-31_06-02-50,stop,ranging'
client 2024-01-31 06:08:31,550 [INFO] Got response: 'OK'
client 2024-01-31 06:08:31,550 [INFO] Sending command to the server: 'time'
client 2024-01-31 06:08:31,553 [INFO] Got response: '1706681311.5507748'
client 2024-01-31 06:08:31,554 [INFO] The time difference between the client and the server is within range 0.027 ms..3.479 ms
client 2024-01-31 06:08:31,570 [INFO] Copying loadgen logs from '/home/arjun/results_dir/valid_results/orin-tflite_cpp-cpu-tflite-vmaster-with_live_preprocessing/mobilenet-v3-precision_float-small-minimalistic-224/singlestream/performance/run_1' to '/home/arjun/results_dir/valid_results/orin-tflite_cpp-cpu-tflite-vmaster-with_live_preprocessing/mobilenet-v3-precision_float-small-minimalistic-224/singlestream/performance/tmp_power/ranging'
client 2024-01-31 06:08:31,571 [INFO] Running workload in testing mode
client 2024-01-31 06:08:31,572 [INFO] Synchronizing with the server and with time.google.com...
client 2024-01-31 06:08:31,594 [INFO] NTP:offset = -0.003 s, delay = 0.019 s 
client 2024-01-31 06:08:31,594 [INFO] Sending command to the server: 'time'
client 2024-01-31 06:08:31,597 [INFO] Got response: '1706681311.5943055'
client 2024-01-31 06:08:31,597 [INFO] The time difference between the client and the server is within range 0.131 ms..3.026 ms
client 2024-01-31 06:08:31,597 [INFO] Sending command to the server: 'session,2024-01-31_06-02-50,start,testing'
client 2024-01-31 06:08:44,611 [INFO] Got response: 'OK'
client 2024-01-31 06:08:44,611 [INFO] Sending command to the server: 'time'
client 2024-01-31 06:08:44,614 [INFO] Got response: '1706681324.611448'
client 2024-01-31 06:08:44,614 [INFO] The time difference between the client and the server is within range 0.170 ms..2.822 ms
client 2024-01-31 06:08:44,614 [INFO] Running the workload 'CM_MLPERF_RUN_COUNT=$(cat ${CM_RUN_DIR}/count.txt); echo ${CM_MLPERF_RUN_COUNT}; CM_MLPERF_RUN_COUNT=$((CM_MLPERF_RUN_COUNT+1)); echo ${CM_MLPERF_RUN_COUNT} > ${CM_RUN_DIR}/count.txt && if [ ${CM_MLPERF_RUN_COUNT} -eq "1" ]; then export CM_MLPERF_USER_CONF=${CM_MLPERF_RANGING_USER_CONF}; else export CM_MLPERF_USER_CONF=${CM_MLPERF_TESTING_USER_CONF}; fi && /home/arjun/run.out'
client 2024-01-31 06:18:48,836 [INFO] Sending command to the server: 'time'
client 2024-01-31 06:18:48,839 [INFO] Got response: '1706681928.8362057'
client 2024-01-31 06:18:48,840 [INFO] The time difference between the client and the server is within range -0.051 ms..3.856 ms
client 2024-01-31 06:18:48,840 [INFO] Sending command to the server: 'session,2024-01-31_06-02-50,stop,testing'
client 2024-01-31 06:18:59,666 [INFO] Got response: 'OK'
client 2024-01-31 06:18:59,667 [INFO] Sending command to the server: 'time'
client 2024-01-31 06:18:59,670 [INFO] Got response: '1706681939.6668031'
client 2024-01-31 06:18:59,670 [INFO] The time difference between the client and the server is within range 0.249 ms..4.110 ms
client 2024-01-31 06:18:59,675 [INFO] Copying loadgen logs from '/home/arjun/results_dir/valid_results/orin-tflite_cpp-cpu-tflite-vmaster-with_live_preprocessing/mobilenet-v3-precision_float-small-minimalistic-224/singlestream/performance/run_1' to '/home/arjun/results_dir/valid_results/orin-tflite_cpp-cpu-tflite-vmaster-with_live_preprocessing/mobilenet-v3-precision_float-small-minimalistic-224/singlestream/performance/tmp_power/run_1'
client 2024-01-31 06:18:59,678 [INFO] Done runs
