client 2024-01-31 23:05:06,972 [INFO] Creating output directory '/home/arjun/results_dir/valid_results/orin-tflite_armnn_cpp-cpu-armnn_tflite-v23.05-using_neon/mobilenet-v1-precision_uint8-1.0-160/singlestream/performance/tmp_power'
client 2024-01-31 23:05:07,115 [INFO] Sending command to the server: 'mlcommons/power client v3'
client 2024-01-31 23:05:07,118 [INFO] Got response: 'mlcommons/power server v3'
client 2024-01-31 23:05:07,118 [INFO] Synchronizing with the server and with time.google.com...
client 2024-01-31 23:05:07,147 [INFO] NTP:offset = -0.007 s, delay = 0.021 s 
client 2024-01-31 23:05:07,148 [INFO] Sending command to the server: 'time'
client 2024-01-31 23:05:07,151 [INFO] Got response: '1706742307.1463325'
client 2024-01-31 23:05:07,152 [INFO] The time difference between the client and the server is within range 1.703 ms..5.670 ms
client 2024-01-31 23:05:07,152 [INFO] Sending command to the server: 'new,,5de27f5f-8e87-483a-b15a-6e0f463180bc'
client 2024-01-31 23:05:07,154 [INFO] Got response: 'OK 2024-01-31_23-05-07,a3b4f9af-0830-4412-8577-402f92fb85dd'
client 2024-01-31 23:05:07,154 [INFO] Session id is '2024-01-31_23-05-07'
client 2024-01-31 23:05:07,154 [INFO] Sources: {"sources": {"__init__.py": "da39a3ee5e6b4b0d3255bfef95601890afd80709", "client.py": "33ca4f26368777ac06e01f9567b714a4b8063886", "lib/__init__.py": "da39a3ee5e6b4b0d3255bfef95601890afd80709", "lib/client.py": "ac2aa093c8e8bbc9569b9e2a3471bc64e58a2258", "lib/common.py": "611d8b29633d331eb19c9455ea3b5fa3284ed6df", "lib/external/__init__.py": "da39a3ee5e6b4b0d3255bfef95601890afd80709", "lib/external/ntplib.py": "4da8f970656505a40483206ef2b5d3dd5e81711d", "lib/server.py": "99303c836c683aa9017ec565104e636161d02acb", "lib/source_hashes.py": "60a2e02193209e8d392803326208d5466342da18", "lib/summary.py": "aa92f0a3f975eecd44d3c0cd0236342ccc9f941d", "lib/time_sync.py": "80894ef2389e540781ff78de94db16aa4203a14e", "server.py": "c3f90f2f7eeb4db30727556d0c815ebc89b3d28b", "tests/unit/__init__.py": "da39a3ee5e6b4b0d3255bfef95601890afd80709", "tests/unit/test_server.py": "948c1995d4008bc2aa6c4046a34ffa3858d6d671", "tests/unit/test_source_hashes.py": "00468a2907583c593e6574a1f6b404e4651c221a"}, "modules": {"ptd_client_server.lib.client": "lib/client.py", "ptd_client_server.lib.common": "lib/common.py", "ptd_client_server.lib.external.ntplib": "lib/external/ntplib.py", "ptd_client_server.lib.source_hashes": "lib/source_hashes.py", "ptd_client_server.lib.summary": "lib/summary.py", "ptd_client_server.lib.time_sync": "lib/time_sync.py"}}
client 2024-01-31 23:05:07,155 [INFO] Running workload in ranging mode
client 2024-01-31 23:05:07,155 [INFO] Synchronizing with the server and with time.google.com...
client 2024-01-31 23:05:07,175 [INFO] NTP:offset = -0.008 s, delay = 0.019 s 
client 2024-01-31 23:05:07,175 [INFO] Sending command to the server: 'time'
client 2024-01-31 23:05:07,179 [INFO] Got response: '1706742307.1737154'
client 2024-01-31 23:05:07,179 [INFO] The time difference between the client and the server is within range 1.990 ms..5.894 ms
client 2024-01-31 23:05:07,179 [INFO] Sending command to the server: 'session,2024-01-31_23-05-07,start,ranging'
client 2024-01-31 23:05:35,355 [INFO] Got response: 'OK'
client 2024-01-31 23:05:35,358 [INFO] Sending command to the server: 'time'
client 2024-01-31 23:05:35,361 [INFO] Got response: '1706742335.3561385'
client 2024-01-31 23:05:35,362 [INFO] The time difference between the client and the server is within range 2.037 ms..6.179 ms
client 2024-01-31 23:05:35,362 [INFO] Running the workload 'CM_MLPERF_RUN_COUNT=$(cat ${CM_RUN_DIR}/count.txt); echo ${CM_MLPERF_RUN_COUNT}; CM_MLPERF_RUN_COUNT=$((CM_MLPERF_RUN_COUNT+1)); echo ${CM_MLPERF_RUN_COUNT} > ${CM_RUN_DIR}/count.txt && if [ ${CM_MLPERF_RUN_COUNT} -eq "1" ]; then export CM_MLPERF_USER_CONF=${CM_MLPERF_RANGING_USER_CONF}; else export CM_MLPERF_USER_CONF=${CM_MLPERF_TESTING_USER_CONF}; fi && /mnt/CM/repos/ctuning@mlcommons-ck/cm-mlops/script/benchmark-any-mlperf-inference-implementation/run.out'
client 2024-01-31 23:10:39,840 [INFO] Sending command to the server: 'time'
client 2024-01-31 23:10:39,844 [INFO] Got response: '1706742639.8381598'
client 2024-01-31 23:10:39,844 [INFO] The time difference between the client and the server is within range 2.424 ms..6.366 ms
client 2024-01-31 23:10:39,844 [INFO] Sending command to the server: 'session,2024-01-31_23-05-07,stop,ranging'
client 2024-01-31 23:10:50,516 [INFO] Got response: 'OK'
client 2024-01-31 23:10:50,517 [INFO] Sending command to the server: 'time'
client 2024-01-31 23:10:50,521 [INFO] Got response: '1706742650.5151193'
client 2024-01-31 23:10:50,521 [INFO] The time difference between the client and the server is within range 2.099 ms..6.451 ms
client 2024-01-31 23:10:50,538 [INFO] Copying loadgen logs from '/home/arjun/results_dir/valid_results/orin-tflite_armnn_cpp-cpu-armnn_tflite-v23.05-using_neon/mobilenet-v1-precision_uint8-1.0-160/singlestream/performance/run_1' to '/home/arjun/results_dir/valid_results/orin-tflite_armnn_cpp-cpu-armnn_tflite-v23.05-using_neon/mobilenet-v1-precision_uint8-1.0-160/singlestream/performance/tmp_power/ranging'
client 2024-01-31 23:10:50,540 [INFO] Running workload in testing mode
client 2024-01-31 23:10:50,540 [INFO] Synchronizing with the server and with time.google.com...
client 2024-01-31 23:10:50,566 [INFO] NTP:offset = -0.007 s, delay = 0.020 s 
client 2024-01-31 23:10:50,566 [INFO] Sending command to the server: 'time'
client 2024-01-31 23:10:50,569 [INFO] Got response: '1706742650.5641131'
client 2024-01-31 23:10:50,570 [INFO] The time difference between the client and the server is within range 2.222 ms..5.886 ms
client 2024-01-31 23:10:50,570 [INFO] Sending command to the server: 'session,2024-01-31_23-05-07,start,testing'
client 2024-01-31 23:11:03,592 [INFO] Got response: 'OK'
client 2024-01-31 23:11:03,593 [INFO] Sending command to the server: 'time'
client 2024-01-31 23:11:03,596 [INFO] Got response: '1706742663.5905304'
client 2024-01-31 23:11:03,596 [INFO] The time difference between the client and the server is within range 2.481 ms..5.874 ms
client 2024-01-31 23:11:03,596 [INFO] Running the workload 'CM_MLPERF_RUN_COUNT=$(cat ${CM_RUN_DIR}/count.txt); echo ${CM_MLPERF_RUN_COUNT}; CM_MLPERF_RUN_COUNT=$((CM_MLPERF_RUN_COUNT+1)); echo ${CM_MLPERF_RUN_COUNT} > ${CM_RUN_DIR}/count.txt && if [ ${CM_MLPERF_RUN_COUNT} -eq "1" ]; then export CM_MLPERF_USER_CONF=${CM_MLPERF_RANGING_USER_CONF}; else export CM_MLPERF_USER_CONF=${CM_MLPERF_TESTING_USER_CONF}; fi && /mnt/CM/repos/ctuning@mlcommons-ck/cm-mlops/script/benchmark-any-mlperf-inference-implementation/run.out'
client 2024-01-31 23:21:08,329 [INFO] Sending command to the server: 'time'
client 2024-01-31 23:21:08,334 [INFO] Got response: '1706743268.3278933'
client 2024-01-31 23:21:08,334 [INFO] The time difference between the client and the server is within range 1.659 ms..6.852 ms
client 2024-01-31 23:21:08,335 [INFO] Sending command to the server: 'session,2024-01-31_23-05-07,stop,testing'
client 2024-01-31 23:21:18,650 [INFO] Got response: 'OK'
client 2024-01-31 23:21:18,651 [INFO] Sending command to the server: 'time'
client 2024-01-31 23:21:18,655 [INFO] Got response: '1706743278.6492393'
client 2024-01-31 23:21:18,656 [INFO] The time difference between the client and the server is within range 2.419 ms..6.833 ms
client 2024-01-31 23:21:18,661 [INFO] Copying loadgen logs from '/home/arjun/results_dir/valid_results/orin-tflite_armnn_cpp-cpu-armnn_tflite-v23.05-using_neon/mobilenet-v1-precision_uint8-1.0-160/singlestream/performance/run_1' to '/home/arjun/results_dir/valid_results/orin-tflite_armnn_cpp-cpu-armnn_tflite-v23.05-using_neon/mobilenet-v1-precision_uint8-1.0-160/singlestream/performance/tmp_power/run_1'
client 2024-01-31 23:21:18,663 [INFO] Done runs
