client 2024-01-30 23:24:01,943 [INFO] Creating output directory '/home/arjun/results_dir/valid_results/orin-tflite_cpp-cpu-tflite-vmaster-with_live_preprocessing/mobilenet-v1-precision_float-0.5-128/singlestream/performance/tmp_power'
client 2024-01-30 23:24:01,946 [INFO] Sending command to the server: 'mlcommons/power client v3'
client 2024-01-30 23:24:01,949 [INFO] Got response: 'mlcommons/power server v3'
client 2024-01-30 23:24:01,949 [INFO] Synchronizing with the server and with time.google.com...
client 2024-01-30 23:24:01,989 [INFO] NTP:offset = -0.005 s, delay = 0.020 s 
client 2024-01-30 23:24:01,989 [INFO] Sending command to the server: 'time'
client 2024-01-30 23:24:01,993 [INFO] Got response: '1706657041.987458'
client 2024-01-30 23:24:01,993 [INFO] The time difference between the client and the server is within range 1.843 ms..5.853 ms
client 2024-01-30 23:24:01,993 [INFO] Sending command to the server: 'new,,b8f4e2b6-7045-45f5-959d-96f87f8d62f6'
client 2024-01-30 23:24:01,997 [INFO] Got response: 'OK 2024-01-30_23-24-01,0a3eded7-9c33-4fab-9d4a-83171002e4b1'
client 2024-01-30 23:24:01,997 [INFO] Session id is '2024-01-30_23-24-01'
client 2024-01-30 23:24:01,997 [INFO] Sources: {"sources": {"__init__.py": "da39a3ee5e6b4b0d3255bfef95601890afd80709", "client.py": "33ca4f26368777ac06e01f9567b714a4b8063886", "lib/__init__.py": "da39a3ee5e6b4b0d3255bfef95601890afd80709", "lib/client.py": "ac2aa093c8e8bbc9569b9e2a3471bc64e58a2258", "lib/common.py": "611d8b29633d331eb19c9455ea3b5fa3284ed6df", "lib/external/__init__.py": "da39a3ee5e6b4b0d3255bfef95601890afd80709", "lib/external/ntplib.py": "4da8f970656505a40483206ef2b5d3dd5e81711d", "lib/server.py": "99303c836c683aa9017ec565104e636161d02acb", "lib/source_hashes.py": "60a2e02193209e8d392803326208d5466342da18", "lib/summary.py": "aa92f0a3f975eecd44d3c0cd0236342ccc9f941d", "lib/time_sync.py": "80894ef2389e540781ff78de94db16aa4203a14e", "server.py": "c3f90f2f7eeb4db30727556d0c815ebc89b3d28b", "tests/unit/__init__.py": "da39a3ee5e6b4b0d3255bfef95601890afd80709", "tests/unit/test_server.py": "948c1995d4008bc2aa6c4046a34ffa3858d6d671", "tests/unit/test_source_hashes.py": "00468a2907583c593e6574a1f6b404e4651c221a"}, "modules": {"ptd_client_server.lib.client": "lib/client.py", "ptd_client_server.lib.common": "lib/common.py", "ptd_client_server.lib.external.ntplib": "lib/external/ntplib.py", "ptd_client_server.lib.source_hashes": "lib/source_hashes.py", "ptd_client_server.lib.summary": "lib/summary.py", "ptd_client_server.lib.time_sync": "lib/time_sync.py"}}
client 2024-01-30 23:24:01,998 [INFO] Running workload in ranging mode
client 2024-01-30 23:24:01,998 [INFO] Synchronizing with the server and with time.google.com...
client 2024-01-30 23:24:02,018 [INFO] NTP:offset = -0.006 s, delay = 0.019 s 
client 2024-01-30 23:24:02,018 [INFO] Sending command to the server: 'time'
client 2024-01-30 23:24:02,022 [INFO] Got response: '1706657042.0165672'
client 2024-01-30 23:24:02,022 [INFO] The time difference between the client and the server is within range 2.188 ms..5.726 ms
client 2024-01-30 23:24:02,022 [INFO] Sending command to the server: 'session,2024-01-30_23-24-01,start,ranging'
client 2024-01-30 23:24:30,098 [INFO] Got response: 'OK'
client 2024-01-30 23:24:30,101 [INFO] Sending command to the server: 'time'
client 2024-01-30 23:24:30,105 [INFO] Got response: '1706657070.0994904'
client 2024-01-30 23:24:30,106 [INFO] The time difference between the client and the server is within range 2.137 ms..6.782 ms
client 2024-01-30 23:24:30,106 [INFO] Running the workload 'CM_MLPERF_RUN_COUNT=$(cat ${CM_RUN_DIR}/count.txt); echo ${CM_MLPERF_RUN_COUNT}; CM_MLPERF_RUN_COUNT=$((CM_MLPERF_RUN_COUNT+1)); echo ${CM_MLPERF_RUN_COUNT} > ${CM_RUN_DIR}/count.txt && if [ ${CM_MLPERF_RUN_COUNT} -eq "1" ]; then export CM_MLPERF_USER_CONF=${CM_MLPERF_RANGING_USER_CONF}; else export CM_MLPERF_USER_CONF=${CM_MLPERF_TESTING_USER_CONF}; fi && /home/arjun/run.out'
client 2024-01-30 23:29:32,642 [INFO] Sending command to the server: 'time'
client 2024-01-30 23:29:32,646 [INFO] Got response: '1706657372.6406214'
client 2024-01-30 23:29:32,647 [INFO] The time difference between the client and the server is within range 1.516 ms..6.576 ms
client 2024-01-30 23:29:32,647 [INFO] Sending command to the server: 'session,2024-01-30_23-24-01,stop,ranging'
client 2024-01-30 23:29:43,233 [INFO] Got response: 'OK'
client 2024-01-30 23:29:43,234 [INFO] Sending command to the server: 'time'
client 2024-01-30 23:29:43,237 [INFO] Got response: '1706657383.2311628'
client 2024-01-30 23:29:43,237 [INFO] The time difference between the client and the server is within range 3.053 ms..6.660 ms
client 2024-01-30 23:29:43,254 [INFO] Copying loadgen logs from '/home/arjun/results_dir/valid_results/orin-tflite_cpp-cpu-tflite-vmaster-with_live_preprocessing/mobilenet-v1-precision_float-0.5-128/singlestream/performance/run_1' to '/home/arjun/results_dir/valid_results/orin-tflite_cpp-cpu-tflite-vmaster-with_live_preprocessing/mobilenet-v1-precision_float-0.5-128/singlestream/performance/tmp_power/ranging'
client 2024-01-30 23:29:43,256 [INFO] Running workload in testing mode
client 2024-01-30 23:29:43,256 [INFO] Synchronizing with the server and with time.google.com...
client 2024-01-30 23:29:43,286 [INFO] NTP:offset = -0.005 s, delay = 0.025 s 
client 2024-01-30 23:29:43,286 [INFO] Sending command to the server: 'time'
client 2024-01-30 23:29:43,289 [INFO] Got response: '1706657383.284097'
client 2024-01-30 23:29:43,290 [INFO] The time difference between the client and the server is within range 2.243 ms..5.971 ms
client 2024-01-30 23:29:43,290 [INFO] Sending command to the server: 'session,2024-01-30_23-24-01,start,testing'
client 2024-01-30 23:29:56,307 [INFO] Got response: 'OK'
client 2024-01-30 23:29:56,308 [INFO] Sending command to the server: 'time'
client 2024-01-30 23:29:56,312 [INFO] Got response: '1706657396.3054256'
client 2024-01-30 23:29:56,312 [INFO] The time difference between the client and the server is within range 2.704 ms..7.119 ms
client 2024-01-30 23:29:56,312 [INFO] Running the workload 'CM_MLPERF_RUN_COUNT=$(cat ${CM_RUN_DIR}/count.txt); echo ${CM_MLPERF_RUN_COUNT}; CM_MLPERF_RUN_COUNT=$((CM_MLPERF_RUN_COUNT+1)); echo ${CM_MLPERF_RUN_COUNT} > ${CM_RUN_DIR}/count.txt && if [ ${CM_MLPERF_RUN_COUNT} -eq "1" ]; then export CM_MLPERF_USER_CONF=${CM_MLPERF_RANGING_USER_CONF}; else export CM_MLPERF_USER_CONF=${CM_MLPERF_TESTING_USER_CONF}; fi && /home/arjun/run.out'
client 2024-01-30 23:40:00,784 [INFO] Sending command to the server: 'time'
client 2024-01-30 23:40:00,937 [INFO] Got response: '1706658000.9299846'
client 2024-01-30 23:40:00,937 [INFO] The time difference between the client and the server is within range -145.264 ms..7.646 ms
client 2024-01-30 23:40:00,938 [INFO] Sending command to the server: 'session,2024-01-30_23-24-01,stop,testing'
client 2024-01-30 23:40:11,324 [INFO] Got response: 'OK'
client 2024-01-30 23:40:11,326 [INFO] Sending command to the server: 'time'
client 2024-01-30 23:40:11,329 [INFO] Got response: '1706658011.3229353'
client 2024-01-30 23:40:11,329 [INFO] The time difference between the client and the server is within range 3.111 ms..6.913 ms
client 2024-01-30 23:40:11,334 [INFO] Copying loadgen logs from '/home/arjun/results_dir/valid_results/orin-tflite_cpp-cpu-tflite-vmaster-with_live_preprocessing/mobilenet-v1-precision_float-0.5-128/singlestream/performance/run_1' to '/home/arjun/results_dir/valid_results/orin-tflite_cpp-cpu-tflite-vmaster-with_live_preprocessing/mobilenet-v1-precision_float-0.5-128/singlestream/performance/tmp_power/run_1'
client 2024-01-30 23:40:11,337 [INFO] Done runs
