client 2024-01-29 14:15:18,877 [INFO] Creating output directory '/home/arjun/results_dir/valid_results/orin-tflite_cpp-cpu-tflite-vmaster-default_config/mobilenet-v2-precision_uint8-0.35-160/singlestream/performance/tmp_power'
client 2024-01-29 14:15:19,068 [INFO] Sending command to the server: 'mlcommons/power client v3'
client 2024-01-29 14:15:19,073 [INFO] Got response: 'mlcommons/power server v3'
client 2024-01-29 14:15:19,073 [INFO] Synchronizing with the server and with time.google.com...
client 2024-01-29 14:15:19,099 [INFO] NTP:offset = -0.004 s, delay = 0.021 s 
client 2024-01-29 14:15:19,099 [INFO] Sending command to the server: 'time'
client 2024-01-29 14:15:19,105 [INFO] Got response: '1706537719.1008074'
client 2024-01-29 14:15:19,105 [INFO] The time difference between the client and the server is within range -0.870 ms..4.566 ms
client 2024-01-29 14:15:19,105 [INFO] Sending command to the server: 'new,,b3624143-8837-49b2-be98-94a1305a0414'
client 2024-01-29 14:15:19,109 [INFO] Got response: 'OK 2024-01-29_14-15-19,fa69e63c-f929-40d4-9e50-876d15f1164a'
client 2024-01-29 14:15:19,109 [INFO] Session id is '2024-01-29_14-15-19'
client 2024-01-29 14:15:19,110 [INFO] Sources: {"sources": {"__init__.py": "da39a3ee5e6b4b0d3255bfef95601890afd80709", "client.py": "33ca4f26368777ac06e01f9567b714a4b8063886", "lib/__init__.py": "da39a3ee5e6b4b0d3255bfef95601890afd80709", "lib/client.py": "ac2aa093c8e8bbc9569b9e2a3471bc64e58a2258", "lib/common.py": "611d8b29633d331eb19c9455ea3b5fa3284ed6df", "lib/external/__init__.py": "da39a3ee5e6b4b0d3255bfef95601890afd80709", "lib/external/ntplib.py": "4da8f970656505a40483206ef2b5d3dd5e81711d", "lib/server.py": "99303c836c683aa9017ec565104e636161d02acb", "lib/source_hashes.py": "60a2e02193209e8d392803326208d5466342da18", "lib/summary.py": "aa92f0a3f975eecd44d3c0cd0236342ccc9f941d", "lib/time_sync.py": "80894ef2389e540781ff78de94db16aa4203a14e", "server.py": "c3f90f2f7eeb4db30727556d0c815ebc89b3d28b", "tests/unit/__init__.py": "da39a3ee5e6b4b0d3255bfef95601890afd80709", "tests/unit/test_server.py": "948c1995d4008bc2aa6c4046a34ffa3858d6d671", "tests/unit/test_source_hashes.py": "00468a2907583c593e6574a1f6b404e4651c221a"}, "modules": {"ptd_client_server.lib.client": "lib/client.py", "ptd_client_server.lib.common": "lib/common.py", "ptd_client_server.lib.external.ntplib": "lib/external/ntplib.py", "ptd_client_server.lib.source_hashes": "lib/source_hashes.py", "ptd_client_server.lib.summary": "lib/summary.py", "ptd_client_server.lib.time_sync": "lib/time_sync.py"}}
client 2024-01-29 14:15:19,110 [INFO] Running workload in ranging mode
client 2024-01-29 14:15:19,110 [INFO] Synchronizing with the server and with time.google.com...
client 2024-01-29 14:15:19,132 [INFO] NTP:offset = -0.005 s, delay = 0.021 s 
client 2024-01-29 14:15:19,133 [INFO] Sending command to the server: 'time'
client 2024-01-29 14:15:19,136 [INFO] Got response: '1706537719.1325102'
client 2024-01-29 14:15:19,136 [INFO] The time difference between the client and the server is within range 0.508 ms..4.279 ms
client 2024-01-29 14:15:19,136 [INFO] Sending command to the server: 'session,2024-01-29_14-15-19,start,ranging'
client 2024-01-29 14:15:47,228 [INFO] Got response: 'OK'
client 2024-01-29 14:15:47,230 [INFO] Sending command to the server: 'time'
client 2024-01-29 14:15:47,233 [INFO] Got response: '1706537747.230229'
client 2024-01-29 14:15:47,234 [INFO] The time difference between the client and the server is within range -0.068 ms..3.973 ms
client 2024-01-29 14:15:47,234 [INFO] Running the workload 'CM_MLPERF_RUN_COUNT=$(cat ${CM_RUN_DIR}/count.txt); echo ${CM_MLPERF_RUN_COUNT}; CM_MLPERF_RUN_COUNT=$((CM_MLPERF_RUN_COUNT+1)); echo ${CM_MLPERF_RUN_COUNT} > ${CM_RUN_DIR}/count.txt && if [ ${CM_MLPERF_RUN_COUNT} -eq "1" ]; then export CM_MLPERF_USER_CONF=${CM_MLPERF_RANGING_USER_CONF}; else export CM_MLPERF_USER_CONF=${CM_MLPERF_TESTING_USER_CONF}; fi && /mnt/CM/repos/ctuning@mlcommons-ck/cm-mlops/script/benchmark-any-mlperf-inference-implementation/run.out'
client 2024-01-29 14:20:49,699 [INFO] Sending command to the server: 'time'
client 2024-01-29 14:20:49,703 [INFO] Got response: '1706538049.699076'
client 2024-01-29 14:20:49,703 [INFO] The time difference between the client and the server is within range -0.260 ms..4.782 ms
client 2024-01-29 14:20:49,704 [INFO] Sending command to the server: 'session,2024-01-29_14-15-19,stop,ranging'
client 2024-01-29 14:21:00,341 [INFO] Got response: 'OK'
client 2024-01-29 14:21:00,342 [INFO] Sending command to the server: 'time'
client 2024-01-29 14:21:00,345 [INFO] Got response: '1706538060.341683'
client 2024-01-29 14:21:00,345 [INFO] The time difference between the client and the server is within range 0.534 ms..3.572 ms
client 2024-01-29 14:21:00,362 [INFO] Copying loadgen logs from '/home/arjun/results_dir/valid_results/orin-tflite_cpp-cpu-tflite-vmaster-default_config/mobilenet-v2-precision_uint8-0.35-160/singlestream/performance/run_1' to '/home/arjun/results_dir/valid_results/orin-tflite_cpp-cpu-tflite-vmaster-default_config/mobilenet-v2-precision_uint8-0.35-160/singlestream/performance/tmp_power/ranging'
client 2024-01-29 14:21:00,365 [INFO] Running workload in testing mode
client 2024-01-29 14:21:00,365 [INFO] Synchronizing with the server and with time.google.com...
client 2024-01-29 14:21:00,391 [INFO] NTP:offset = -0.004 s, delay = 0.021 s 
client 2024-01-29 14:21:00,392 [INFO] Sending command to the server: 'time'
client 2024-01-29 14:21:00,395 [INFO] Got response: '1706538060.3914611'
client 2024-01-29 14:21:00,395 [INFO] The time difference between the client and the server is within range 0.732 ms..3.804 ms
client 2024-01-29 14:21:00,395 [INFO] Sending command to the server: 'session,2024-01-29_14-15-19,start,testing'
client 2024-01-29 14:21:13,417 [INFO] Got response: 'OK'
client 2024-01-29 14:21:13,418 [INFO] Sending command to the server: 'time'
client 2024-01-29 14:21:13,424 [INFO] Got response: '1706538073.4184365'
client 2024-01-29 14:21:13,424 [INFO] The time difference between the client and the server is within range 0.295 ms..6.102 ms
client 2024-01-29 14:21:13,424 [INFO] Running the workload 'CM_MLPERF_RUN_COUNT=$(cat ${CM_RUN_DIR}/count.txt); echo ${CM_MLPERF_RUN_COUNT}; CM_MLPERF_RUN_COUNT=$((CM_MLPERF_RUN_COUNT+1)); echo ${CM_MLPERF_RUN_COUNT} > ${CM_RUN_DIR}/count.txt && if [ ${CM_MLPERF_RUN_COUNT} -eq "1" ]; then export CM_MLPERF_USER_CONF=${CM_MLPERF_RANGING_USER_CONF}; else export CM_MLPERF_USER_CONF=${CM_MLPERF_TESTING_USER_CONF}; fi && /mnt/CM/repos/ctuning@mlcommons-ck/cm-mlops/script/benchmark-any-mlperf-inference-implementation/run.out'
client 2024-01-29 14:31:17,636 [INFO] Sending command to the server: 'time'
client 2024-01-29 14:31:17,750 [INFO] Got response: '1706538677.7456543'
client 2024-01-29 14:31:17,751 [INFO] The time difference between the client and the server is within range -109.670 ms..5.795 ms
client 2024-01-29 14:31:17,751 [INFO] Sending command to the server: 'session,2024-01-29_14-15-19,stop,testing'
client 2024-01-29 14:31:28,479 [INFO] Got response: 'OK'
client 2024-01-29 14:31:28,479 [INFO] Sending command to the server: 'time'
client 2024-01-29 14:31:28,483 [INFO] Got response: '1706538688.4792254'
client 2024-01-29 14:31:28,484 [INFO] The time difference between the client and the server is within range 0.723 ms..4.996 ms
client 2024-01-29 14:31:28,488 [INFO] Copying loadgen logs from '/home/arjun/results_dir/valid_results/orin-tflite_cpp-cpu-tflite-vmaster-default_config/mobilenet-v2-precision_uint8-0.35-160/singlestream/performance/run_1' to '/home/arjun/results_dir/valid_results/orin-tflite_cpp-cpu-tflite-vmaster-default_config/mobilenet-v2-precision_uint8-0.35-160/singlestream/performance/tmp_power/run_1'
client 2024-01-29 14:31:28,491 [INFO] Done runs
