client 2024-02-04 16:29:29,647 [INFO] Creating output directory '/home/arjun/results_dir/valid_results/orin-tflite_armnn_cpp-cpu-armnn_tflite-v23.11-using_neon_with_live_preprocessing/mobilenet-v2-precision_float-0.35-192/singlestream/performance/tmp_power'
client 2024-02-04 16:29:29,697 [INFO] Sending command to the server: 'mlcommons/power client v3'
client 2024-02-04 16:29:29,700 [INFO] Got response: 'mlcommons/power server v3'
client 2024-02-04 16:29:29,700 [INFO] Synchronizing with the server and with time.google.com...
client 2024-02-04 16:29:29,755 [INFO] NTP:offset = 0.005 s, delay = 0.045 s 
client 2024-02-04 16:29:29,755 [INFO] Sending command to the server: 'time'
client 2024-02-04 16:29:29,758 [INFO] Got response: '1707064169.7622'
client 2024-02-04 16:29:29,759 [INFO] The time difference between the client and the server is within range -6.515 ms..-3.221 ms
client 2024-02-04 16:29:29,759 [INFO] Sending command to the server: 'new,,5f583921-2fea-4726-9086-5ef860f48683'
client 2024-02-04 16:29:29,762 [INFO] Got response: 'OK 2024-02-04_16-29-29,57b8d144-3a51-4915-82d1-2f2a86a34580'
client 2024-02-04 16:29:29,762 [INFO] Session id is '2024-02-04_16-29-29'
client 2024-02-04 16:29:29,762 [INFO] Sources: {"sources": {"__init__.py": "da39a3ee5e6b4b0d3255bfef95601890afd80709", "client.py": "33ca4f26368777ac06e01f9567b714a4b8063886", "lib/__init__.py": "da39a3ee5e6b4b0d3255bfef95601890afd80709", "lib/client.py": "ac2aa093c8e8bbc9569b9e2a3471bc64e58a2258", "lib/common.py": "611d8b29633d331eb19c9455ea3b5fa3284ed6df", "lib/external/__init__.py": "da39a3ee5e6b4b0d3255bfef95601890afd80709", "lib/external/ntplib.py": "4da8f970656505a40483206ef2b5d3dd5e81711d", "lib/server.py": "99303c836c683aa9017ec565104e636161d02acb", "lib/source_hashes.py": "60a2e02193209e8d392803326208d5466342da18", "lib/summary.py": "aa92f0a3f975eecd44d3c0cd0236342ccc9f941d", "lib/time_sync.py": "80894ef2389e540781ff78de94db16aa4203a14e", "server.py": "c3f90f2f7eeb4db30727556d0c815ebc89b3d28b", "tests/unit/__init__.py": "da39a3ee5e6b4b0d3255bfef95601890afd80709", "tests/unit/test_server.py": "948c1995d4008bc2aa6c4046a34ffa3858d6d671", "tests/unit/test_source_hashes.py": "00468a2907583c593e6574a1f6b404e4651c221a"}, "modules": {"ptd_client_server.lib.client": "lib/client.py", "ptd_client_server.lib.common": "lib/common.py", "ptd_client_server.lib.external.ntplib": "lib/external/ntplib.py", "ptd_client_server.lib.source_hashes": "lib/source_hashes.py", "ptd_client_server.lib.summary": "lib/summary.py", "ptd_client_server.lib.time_sync": "lib/time_sync.py"}}
client 2024-02-04 16:29:29,763 [INFO] Running workload in ranging mode
client 2024-02-04 16:29:29,763 [INFO] Synchronizing with the server and with time.google.com...
client 2024-02-04 16:29:29,787 [INFO] NTP:offset = 0.004 s, delay = 0.022 s 
client 2024-02-04 16:29:29,787 [INFO] Sending command to the server: 'time'
client 2024-02-04 16:29:29,790 [INFO] Got response: '1707064169.7936125'
client 2024-02-04 16:29:29,790 [INFO] The time difference between the client and the server is within range -6.113 ms..-3.142 ms
client 2024-02-04 16:29:29,790 [INFO] Sending command to the server: 'session,2024-02-04_16-29-29,start,ranging'
client 2024-02-04 16:29:57,881 [INFO] Got response: 'OK'
client 2024-02-04 16:29:57,883 [INFO] Sending command to the server: 'time'
client 2024-02-04 16:29:57,887 [INFO] Got response: '1707064197.890139'
client 2024-02-04 16:29:57,887 [INFO] The time difference between the client and the server is within range -6.521 ms..-2.619 ms
client 2024-02-04 16:29:57,887 [INFO] Running the workload 'CM_MLPERF_RUN_COUNT=$(cat ${CM_RUN_DIR}/count.txt); echo ${CM_MLPERF_RUN_COUNT}; CM_MLPERF_RUN_COUNT=$((CM_MLPERF_RUN_COUNT+1)); echo ${CM_MLPERF_RUN_COUNT} > ${CM_RUN_DIR}/count.txt && if [ ${CM_MLPERF_RUN_COUNT} -eq "1" ]; then export CM_MLPERF_USER_CONF=${CM_MLPERF_RANGING_USER_CONF}; else export CM_MLPERF_USER_CONF=${CM_MLPERF_TESTING_USER_CONF}; fi && /mnt/CM/repos/ctuning@mlcommons-ck/cm-mlops/script/get-lib-armnn/run.out'
client 2024-02-04 16:35:00,264 [INFO] Sending command to the server: 'time'
client 2024-02-04 16:35:00,268 [INFO] Got response: '1707064500.2719977'
client 2024-02-04 16:35:00,269 [INFO] The time difference between the client and the server is within range -8.232 ms..-2.866 ms
client 2024-02-04 16:35:00,269 [INFO] Sending command to the server: 'session,2024-02-04_16-29-29,stop,ranging'
client 2024-02-04 16:35:10,984 [INFO] Got response: 'OK'
client 2024-02-04 16:35:10,985 [INFO] Sending command to the server: 'time'
client 2024-02-04 16:35:10,990 [INFO] Got response: '1707064510.993271'
client 2024-02-04 16:35:10,990 [INFO] The time difference between the client and the server is within range -7.495 ms..-2.897 ms
client 2024-02-04 16:35:11,008 [INFO] Copying loadgen logs from '/home/arjun/results_dir/valid_results/orin-tflite_armnn_cpp-cpu-armnn_tflite-v23.11-using_neon_with_live_preprocessing/mobilenet-v2-precision_float-0.35-192/singlestream/performance/run_1' to '/home/arjun/results_dir/valid_results/orin-tflite_armnn_cpp-cpu-armnn_tflite-v23.11-using_neon_with_live_preprocessing/mobilenet-v2-precision_float-0.35-192/singlestream/performance/tmp_power/ranging'
client 2024-02-04 16:35:11,010 [INFO] Running workload in testing mode
client 2024-02-04 16:35:11,011 [INFO] Synchronizing with the server and with time.google.com...
client 2024-02-04 16:35:11,038 [INFO] NTP:offset = 0.004 s, delay = 0.023 s 
client 2024-02-04 16:35:11,039 [INFO] Sending command to the server: 'time'
client 2024-02-04 16:35:11,042 [INFO] Got response: '1707064511.0458388'
client 2024-02-04 16:35:11,042 [INFO] The time difference between the client and the server is within range -6.794 ms..-3.180 ms
client 2024-02-04 16:35:11,042 [INFO] Sending command to the server: 'session,2024-02-04_16-29-29,start,testing'
client 2024-02-04 16:35:24,066 [INFO] Got response: 'OK'
client 2024-02-04 16:35:24,067 [INFO] Sending command to the server: 'time'
client 2024-02-04 16:35:24,071 [INFO] Got response: '1707064524.0743425'
client 2024-02-04 16:35:24,072 [INFO] The time difference between the client and the server is within range -7.117 ms..-2.254 ms
client 2024-02-04 16:35:24,072 [INFO] Running the workload 'CM_MLPERF_RUN_COUNT=$(cat ${CM_RUN_DIR}/count.txt); echo ${CM_MLPERF_RUN_COUNT}; CM_MLPERF_RUN_COUNT=$((CM_MLPERF_RUN_COUNT+1)); echo ${CM_MLPERF_RUN_COUNT} > ${CM_RUN_DIR}/count.txt && if [ ${CM_MLPERF_RUN_COUNT} -eq "1" ]; then export CM_MLPERF_USER_CONF=${CM_MLPERF_RANGING_USER_CONF}; else export CM_MLPERF_USER_CONF=${CM_MLPERF_TESTING_USER_CONF}; fi && /mnt/CM/repos/ctuning@mlcommons-ck/cm-mlops/script/get-lib-armnn/run.out'
client 2024-02-04 16:45:28,513 [INFO] Sending command to the server: 'time'
client 2024-02-04 16:45:28,518 [INFO] Got response: '1707065128.5226743'
client 2024-02-04 16:45:28,519 [INFO] The time difference between the client and the server is within range -9.024 ms..-3.471 ms
client 2024-02-04 16:45:28,519 [INFO] Sending command to the server: 'session,2024-02-04_16-29-29,stop,testing'
client 2024-02-04 16:45:39,125 [INFO] Got response: 'OK'
client 2024-02-04 16:45:39,126 [INFO] Sending command to the server: 'time'
client 2024-02-04 16:45:39,129 [INFO] Got response: '1707065139.134536'
client 2024-02-04 16:45:39,130 [INFO] The time difference between the client and the server is within range -7.709 ms..-4.553 ms
client 2024-02-04 16:45:39,134 [INFO] Copying loadgen logs from '/home/arjun/results_dir/valid_results/orin-tflite_armnn_cpp-cpu-armnn_tflite-v23.11-using_neon_with_live_preprocessing/mobilenet-v2-precision_float-0.35-192/singlestream/performance/run_1' to '/home/arjun/results_dir/valid_results/orin-tflite_armnn_cpp-cpu-armnn_tflite-v23.11-using_neon_with_live_preprocessing/mobilenet-v2-precision_float-0.35-192/singlestream/performance/tmp_power/run_1'
client 2024-02-04 16:45:39,137 [INFO] Done runs
