client 2024-02-19 03:49:57,766 [INFO] Creating output directory '/local/mnt/workspace/mmirkina/work_collection/generated_by_power_measurement_on_run_bb1e2c286d454d87b09be0f4f940cd04/power_logs'
client 2024-02-19 03:49:57,766 [INFO] Sending command to the server: 'mlcommons/power client v3'
client 2024-02-19 03:49:57,768 [INFO] Got response: 'mlcommons/power server v3'
client 2024-02-19 03:49:57,768 [INFO] Synchronizing with the server and with time.google.com...
client 2024-02-19 03:49:57,872 [INFO] NTP:offset = 0.001 s, delay = 0.101 s 
client 2024-02-19 03:49:57,872 [INFO] Sending command to the server: 'time'
client 2024-02-19 03:49:57,873 [INFO] Got response: '1708336197.873649'
client 2024-02-19 03:49:57,874 [INFO] The time difference between the client and the server is within range -1.061 ms..0.337 ms
client 2024-02-19 03:49:57,874 [INFO] Sending command to the server: 'new,,09bcb67e-da03-4602-b363-b8747062d946'
client 2024-02-19 03:49:57,875 [INFO] Got response: 'OK 2024-02-19_03-49-57,2c6d0b68-9c9b-487e-9bbc-dcb5cfb8ae4f'
client 2024-02-19 03:49:57,875 [INFO] Session id is '2024-02-19_03-49-57'
client 2024-02-19 03:49:57,875 [INFO] Sources: {"sources": {"__init__.py": "da39a3ee5e6b4b0d3255bfef95601890afd80709", "client.py": "33ca4f26368777ac06e01f9567b714a4b8063886", "lib/__init__.py": "da39a3ee5e6b4b0d3255bfef95601890afd80709", "lib/client.py": "ac2aa093c8e8bbc9569b9e2a3471bc64e58a2258", "lib/common.py": "611d8b29633d331eb19c9455ea3b5fa3284ed6df", "lib/external/__init__.py": "da39a3ee5e6b4b0d3255bfef95601890afd80709", "lib/external/ntplib.py": "4da8f970656505a40483206ef2b5d3dd5e81711d", "lib/server.py": "99303c836c683aa9017ec565104e636161d02acb", "lib/source_hashes.py": "60a2e02193209e8d392803326208d5466342da18", "lib/summary.py": "aa92f0a3f975eecd44d3c0cd0236342ccc9f941d", "lib/time_sync.py": "80894ef2389e540781ff78de94db16aa4203a14e", "server.py": "c3f90f2f7eeb4db30727556d0c815ebc89b3d28b", "tests/unit/__init__.py": "da39a3ee5e6b4b0d3255bfef95601890afd80709", "tests/unit/test_server.py": "948c1995d4008bc2aa6c4046a34ffa3858d6d671", "tests/unit/test_source_hashes.py": "00468a2907583c593e6574a1f6b404e4651c221a"}, "modules": {"ptd_client_server.lib.client": "lib/client.py", "ptd_client_server.lib.common": "lib/common.py", "ptd_client_server.lib.external.ntplib": "lib/external/ntplib.py", "ptd_client_server.lib.source_hashes": "lib/source_hashes.py", "ptd_client_server.lib.summary": "lib/summary.py", "ptd_client_server.lib.time_sync": "lib/time_sync.py"}}
client 2024-02-19 03:49:57,876 [INFO] Running workload in ranging mode
client 2024-02-19 03:49:57,876 [INFO] Synchronizing with the server and with time.google.com...
client 2024-02-19 03:49:57,984 [INFO] NTP:offset = -0.002 s, delay = 0.108 s 
client 2024-02-19 03:49:57,985 [INFO] Sending command to the server: 'time'
client 2024-02-19 03:49:57,986 [INFO] Got response: '1708336197.9860935'
client 2024-02-19 03:49:57,986 [INFO] The time difference between the client and the server is within range -1.057 ms..0.380 ms
client 2024-02-19 03:49:57,986 [INFO] Sending command to the server: 'session,2024-02-19_03-49-57,start,ranging'
client 2024-02-19 03:50:27,143 [INFO] Got response: 'OK'
client 2024-02-19 03:50:27,144 [INFO] Sending command to the server: 'time'
client 2024-02-19 03:50:27,145 [INFO] Got response: '1708336227.1451263'
client 2024-02-19 03:50:27,145 [INFO] The time difference between the client and the server is within range -0.997 ms..0.401 ms
client 2024-02-19 03:50:27,145 [INFO] Running the workload 'axs byquery loadgen_output,task=text_to_image,sut_name=r282_q8_pro_edge,model_name=stable-diffusion-xl,framework=torch,device=qaic,loadgen_mode=PerformanceOnly,loadgen_scenario=SingleStream,_with_power+,symlink_to=/local/mnt/workspace/mmirkina/work_collection/generated_by_power_measurement_on_run_bb1e2c286d454d87b09be0f4f940cd04/last_mlperf_logs,power_client_entrydic_path=/local/mnt/workspace/mmirkina/work_collection/generated_by_power_measurement_on_run_bb1e2c286d454d87b09be0f4f940cd04/program_output.json,effective_no_ranging-'
client 2024-02-19 04:02:56,085 [INFO] Sending command to the server: 'time'
client 2024-02-19 04:02:56,087 [INFO] Got response: '1708336976.087323'
client 2024-02-19 04:02:56,087 [INFO] The time difference between the client and the server is within range -1.768 ms..-0.063 ms
client 2024-02-19 04:02:56,087 [INFO] Sending command to the server: 'session,2024-02-19_03-49-57,stop,ranging'
client 2024-02-19 04:03:06,193 [INFO] Got response: 'OK'
client 2024-02-19 04:03:06,193 [INFO] Sending command to the server: 'time'
client 2024-02-19 04:03:06,194 [INFO] Got response: '1708336986.1944003'
client 2024-02-19 04:03:06,194 [INFO] The time difference between the client and the server is within range -1.007 ms..-0.301 ms
client 2024-02-19 04:03:06,199 [INFO] Copying loadgen logs from '/local/mnt/workspace/mmirkina/work_collection/generated_by_power_measurement_on_run_bb1e2c286d454d87b09be0f4f940cd04/last_mlperf_logs' to '/local/mnt/workspace/mmirkina/work_collection/generated_by_power_measurement_on_run_bb1e2c286d454d87b09be0f4f940cd04/power_logs/ranging'
client 2024-02-19 04:03:06,199 [INFO] Running workload in testing mode
client 2024-02-19 04:03:06,199 [INFO] Synchronizing with the server and with time.google.com...
client 2024-02-19 04:03:06,270 [INFO] NTP:offset = 0.004 s, delay = 0.069 s 
client 2024-02-19 04:03:06,270 [INFO] Sending command to the server: 'time'
client 2024-02-19 04:03:06,272 [INFO] Got response: '1708336986.2721283'
client 2024-02-19 04:03:06,272 [INFO] The time difference between the client and the server is within range -1.477 ms..0.076 ms
client 2024-02-19 04:03:06,272 [INFO] Sending command to the server: 'session,2024-02-19_03-49-57,start,testing'
client 2024-02-19 04:03:19,290 [INFO] Got response: 'OK'
client 2024-02-19 04:03:19,290 [INFO] Sending command to the server: 'time'
client 2024-02-19 04:03:19,291 [INFO] Got response: '1708336999.292042'
client 2024-02-19 04:03:19,292 [INFO] The time difference between the client and the server is within range -1.472 ms..0.012 ms
client 2024-02-19 04:03:19,292 [INFO] Running the workload 'axs byquery loadgen_output,task=text_to_image,sut_name=r282_q8_pro_edge,model_name=stable-diffusion-xl,framework=torch,device=qaic,loadgen_mode=PerformanceOnly,loadgen_scenario=SingleStream,_with_power+,symlink_to=/local/mnt/workspace/mmirkina/work_collection/generated_by_power_measurement_on_run_bb1e2c286d454d87b09be0f4f940cd04/last_mlperf_logs,power_client_entrydic_path=/local/mnt/workspace/mmirkina/work_collection/generated_by_power_measurement_on_run_bb1e2c286d454d87b09be0f4f940cd04/program_output.json,effective_no_ranging-'
client 2024-02-19 04:15:44,492 [INFO] Sending command to the server: 'time'
client 2024-02-19 04:15:44,493 [INFO] Got response: '1708337744.4951024'
client 2024-02-19 04:15:44,494 [INFO] The time difference between the client and the server is within range -2.770 ms..-1.047 ms
client 2024-02-19 04:15:44,494 [INFO] Sending command to the server: 'session,2024-02-19_03-49-57,stop,testing'
client 2024-02-19 04:15:55,300 [INFO] Got response: 'OK'
client 2024-02-19 04:15:55,300 [INFO] Sending command to the server: 'time'
client 2024-02-19 04:15:55,301 [INFO] Got response: '1708337755.302409'
client 2024-02-19 04:15:55,301 [INFO] The time difference between the client and the server is within range -1.917 ms..-1.284 ms
client 2024-02-19 04:15:55,302 [INFO] Copying loadgen logs from '/local/mnt/workspace/mmirkina/work_collection/generated_by_power_measurement_on_run_bb1e2c286d454d87b09be0f4f940cd04/last_mlperf_logs' to '/local/mnt/workspace/mmirkina/work_collection/generated_by_power_measurement_on_run_bb1e2c286d454d87b09be0f4f940cd04/power_logs/run_1'
client 2024-02-19 04:15:55,302 [INFO] Done runs
