client 2024-02-23 08:26:16,334 [INFO] Sending command to the server: 'mlcommons/power client v3'
client 2024-02-23 08:26:16,337 [INFO] Got response: 'mlcommons/power server v3'
client 2024-02-23 08:26:16,337 [INFO] Sending command to the server: 'stop'
client 2024-02-23 08:26:16,342 [INFO] Got response: 'OK'
client 2024-02-23 08:26:16,342 [INFO] Synchronizing with the server and with 100.64.0.18...
client 2024-02-23 08:26:16,347 [INFO] NTP:offset = 0.001 s, delay = 0.001 s 
client 2024-02-23 08:26:16,347 [INFO] Sending command to the server: 'time'
client 2024-02-23 08:26:16,351 [INFO] Got response: '1708676776.3388252'
client 2024-02-23 08:26:16,351 [INFO] The time difference between the client and the server is within range 8.512 ms..12.469 ms
client 2024-02-23 08:26:16,351 [INFO] Sending command to the server: 'new,,e5ad09de-fb77-4afc-b877-e4e2e6a5335d'
client 2024-02-23 08:26:16,359 [INFO] Got response: 'OK 2024-02-23_08-26-16,d5c5ab27-c52b-4b8a-8ff8-101fd7883161'
client 2024-02-23 08:26:16,360 [INFO] Session id is '2024-02-23_08-26-16'
client 2024-02-23 08:26:16,360 [INFO] Sources: {"sources": {"__init__.py": "da39a3ee5e6b4b0d3255bfef95601890afd80709", "client.py": "33ca4f26368777ac06e01f9567b714a4b8063886", "lib/__init__.py": "da39a3ee5e6b4b0d3255bfef95601890afd80709", "lib/client.py": "ac2aa093c8e8bbc9569b9e2a3471bc64e58a2258", "lib/common.py": "611d8b29633d331eb19c9455ea3b5fa3284ed6df", "lib/external/__init__.py": "da39a3ee5e6b4b0d3255bfef95601890afd80709", "lib/external/ntplib.py": "4da8f970656505a40483206ef2b5d3dd5e81711d", "lib/server.py": "99303c836c683aa9017ec565104e636161d02acb", "lib/source_hashes.py": "60a2e02193209e8d392803326208d5466342da18", "lib/summary.py": "aa92f0a3f975eecd44d3c0cd0236342ccc9f941d", "lib/time_sync.py": "80894ef2389e540781ff78de94db16aa4203a14e", "server.py": "c3f90f2f7eeb4db30727556d0c815ebc89b3d28b", "tests/unit/__init__.py": "da39a3ee5e6b4b0d3255bfef95601890afd80709", "tests/unit/test_server.py": "948c1995d4008bc2aa6c4046a34ffa3858d6d671", "tests/unit/test_source_hashes.py": "00468a2907583c593e6574a1f6b404e4651c221a"}, "modules": {"ptd_client_server.lib.client": "lib/client.py", "ptd_client_server.lib.common": "lib/common.py", "ptd_client_server.lib.external.ntplib": "lib/external/ntplib.py", "ptd_client_server.lib.source_hashes": "lib/source_hashes.py", "ptd_client_server.lib.summary": "lib/summary.py", "ptd_client_server.lib.time_sync": "lib/time_sync.py"}}
client 2024-02-23 08:26:16,360 [INFO] Running workload in ranging mode
client 2024-02-23 08:26:16,360 [INFO] Synchronizing with the server and with 100.64.0.18...
client 2024-02-23 08:26:16,363 [INFO] NTP:offset = 0.001 s, delay = 0.001 s 
client 2024-02-23 08:26:16,363 [INFO] Sending command to the server: 'time'
client 2024-02-23 08:26:16,366 [INFO] Got response: '1708676776.3590155'
client 2024-02-23 08:26:16,366 [INFO] The time difference between the client and the server is within range 4.221 ms..7.333 ms
client 2024-02-23 08:26:16,366 [INFO] Sending command to the server: 'session,2024-02-23_08-26-16,start,ranging'
client 2024-02-23 08:26:40,297 [INFO] Got response: 'OK'
client 2024-02-23 08:26:40,298 [INFO] Sending command to the server: 'time'
client 2024-02-23 08:26:40,302 [INFO] Got response: '1708676800.2984147'
client 2024-02-23 08:26:40,302 [INFO] The time difference between the client and the server is within range -0.295 ms..3.932 ms
client 2024-02-23 08:26:40,302 [INFO] Running the workload 'LOG_DIR=/work/build/power_logs_temp python3.8 -m code.main --benchmarks=resnet50 \t--scenarios=MultiStream \t--config_ver=default_maxq \t--test_mode=PerformanceOnly  --action="run_harness" \\\n\t\t2>&1 | tee -a /work/build/power_logs/2024.02.23-08.25.30/stdout.txt \\\n\t\t&& if [ ! -d /work/build/power_logs/2024.02.23-08.25.30/ranging_tmp ]; \\\n\t\t\tthen mkdir /work/build/power_logs/2024.02.23-08.25.30/ranging_tmp \\\n\t\t\t\t&& mv /work/build/power_logs_temp/* /work/build/power_logs/2024.02.23-08.25.30/ranging_tmp/ \\\n\t\t\t\t&& cp -v /work/build/power_logs/2024.02.23-08.25.30/ranging_tmp/*/*/*/mlperf_log_detail.txt /work/build/power_logs_temp/ \\\n\t\t\t\t&& cp -v /work/build/power_logs/2024.02.23-08.25.30/ranging_tmp/*/*/*/mlperf_log_summary.txt /work/build/power_logs_temp/; \\\n\t\t\telse mkdir /work/build/power_logs/2024.02.23-08.25.30/testing_tmp \\\n\t\t\t\t&& mv /work/build/power_logs_temp/* /work/build/power_logs/2024.02.23-08.25.30/testing_tmp/ \\\n\t\t\t\t&& cp -v /work/build/power_logs/2024.02.23-08.25.30/testing_tmp/*/*/*/mlperf_log_detail.txt /work/build/power_logs_temp/ \\\n\t\t\t\t&& cp -v /work/build/power_logs/2024.02.23-08.25.30/testing_tmp/*/*/*/mlperf_log_summary.txt /work/build/power_logs_temp/; fi'
client 2024-02-23 08:36:53,352 [INFO] Sending command to the server: 'time'
client 2024-02-23 08:36:53,357 [INFO] Got response: '1708677413.345228'
client 2024-02-23 08:36:53,357 [INFO] The time difference between the client and the server is within range 7.075 ms..12.361 ms
client 2024-02-23 08:36:53,357 [INFO] Sending command to the server: 'session,2024-02-23_08-26-16,stop,ranging'
client 2024-02-23 08:37:04,387 [INFO] Got response: 'OK'
client 2024-02-23 08:37:04,387 [INFO] Sending command to the server: 'time'
client 2024-02-23 08:37:04,390 [INFO] Got response: '1708677424.3807917'
client 2024-02-23 08:37:04,390 [INFO] The time difference between the client and the server is within range 6.752 ms..9.865 ms
client 2024-02-23 08:37:04,397 [INFO] Copying loadgen logs from '/work/build/power_logs_temp' to '/work/build/power_logs/2024.02.23-08.25.30/2024-02-23_08-26-16/ranging'
client 2024-02-23 08:37:04,397 [INFO] Running workload in testing mode
client 2024-02-23 08:37:04,397 [INFO] Synchronizing with the server and with 100.64.0.18...
client 2024-02-23 08:37:04,399 [INFO] NTP:offset = 0.001 s, delay = 0.001 s 
client 2024-02-23 08:37:04,399 [INFO] Sending command to the server: 'time'
client 2024-02-23 08:37:04,402 [INFO] Got response: '1708677424.39092'
client 2024-02-23 08:37:04,402 [INFO] The time difference between the client and the server is within range 8.341 ms..11.198 ms
client 2024-02-23 08:37:04,402 [INFO] Sending command to the server: 'session,2024-02-23_08-26-16,start,testing'
client 2024-02-23 08:37:17,472 [INFO] Got response: 'OK'
client 2024-02-23 08:37:17,472 [INFO] Sending command to the server: 'time'
client 2024-02-23 08:37:17,475 [INFO] Got response: '1708677437.46567'
client 2024-02-23 08:37:17,476 [INFO] The time difference between the client and the server is within range 6.864 ms..10.365 ms
client 2024-02-23 08:37:17,476 [INFO] Running the workload 'LOG_DIR=/work/build/power_logs_temp python3.8 -m code.main --benchmarks=resnet50 \t--scenarios=MultiStream \t--config_ver=default_maxq \t--test_mode=PerformanceOnly  --action="run_harness" \\\n\t\t2>&1 | tee -a /work/build/power_logs/2024.02.23-08.25.30/stdout.txt \\\n\t\t&& if [ ! -d /work/build/power_logs/2024.02.23-08.25.30/ranging_tmp ]; \\\n\t\t\tthen mkdir /work/build/power_logs/2024.02.23-08.25.30/ranging_tmp \\\n\t\t\t\t&& mv /work/build/power_logs_temp/* /work/build/power_logs/2024.02.23-08.25.30/ranging_tmp/ \\\n\t\t\t\t&& cp -v /work/build/power_logs/2024.02.23-08.25.30/ranging_tmp/*/*/*/mlperf_log_detail.txt /work/build/power_logs_temp/ \\\n\t\t\t\t&& cp -v /work/build/power_logs/2024.02.23-08.25.30/ranging_tmp/*/*/*/mlperf_log_summary.txt /work/build/power_logs_temp/; \\\n\t\t\telse mkdir /work/build/power_logs/2024.02.23-08.25.30/testing_tmp \\\n\t\t\t\t&& mv /work/build/power_logs_temp/* /work/build/power_logs/2024.02.23-08.25.30/testing_tmp/ \\\n\t\t\t\t&& cp -v /work/build/power_logs/2024.02.23-08.25.30/testing_tmp/*/*/*/mlperf_log_detail.txt /work/build/power_logs_temp/ \\\n\t\t\t\t&& cp -v /work/build/power_logs/2024.02.23-08.25.30/testing_tmp/*/*/*/mlperf_log_summary.txt /work/build/power_logs_temp/; fi'
client 2024-02-23 08:47:28,040 [INFO] Sending command to the server: 'time'
client 2024-02-23 08:47:28,043 [INFO] Got response: '1708678048.023724'
client 2024-02-23 08:47:28,043 [INFO] The time difference between the client and the server is within range 16.555 ms..19.535 ms
client 2024-02-23 08:47:28,043 [INFO] Sending command to the server: 'session,2024-02-23_08-26-16,stop,testing'
client 2024-02-23 08:47:38,558 [INFO] Got response: 'OK'
client 2024-02-23 08:47:38,558 [INFO] Sending command to the server: 'time'
client 2024-02-23 08:47:38,561 [INFO] Got response: '1708678058.5406792'
client 2024-02-23 08:47:38,561 [INFO] The time difference between the client and the server is within range 17.988 ms..20.892 ms
client 2024-02-23 08:47:38,563 [INFO] Copying loadgen logs from '/work/build/power_logs_temp' to '/work/build/power_logs/2024.02.23-08.25.30/2024-02-23_08-26-16/run_1'
client 2024-02-23 08:47:38,564 [INFO] Done runs
