client 2024-01-31 21:58:37,691 [INFO] Creating output directory '/home/arjun/results_dir/valid_results/orin-tflite_armnn_cpp-cpu-armnn_tflite-v23.05-using_neon/mobilenet-v1-precision_uint8-1.0-224/singlestream/performance/tmp_power'
client 2024-01-31 21:58:37,721 [INFO] Sending command to the server: 'mlcommons/power client v3'
client 2024-01-31 21:58:37,725 [INFO] Got response: 'mlcommons/power server v3'
client 2024-01-31 21:58:37,725 [INFO] Synchronizing with the server and with time.google.com...
client 2024-01-31 21:58:37,752 [INFO] NTP:offset = -0.007 s, delay = 0.021 s 
client 2024-01-31 21:58:37,752 [INFO] Sending command to the server: 'time'
client 2024-01-31 21:58:37,756 [INFO] Got response: '1706738317.7497094'
client 2024-01-31 21:58:37,756 [INFO] The time difference between the client and the server is within range 2.888 ms..6.861 ms
client 2024-01-31 21:58:37,756 [INFO] Sending command to the server: 'new,,39b63d8d-6559-4848-a9f9-e0f0d9896c9a'
client 2024-01-31 21:58:37,760 [INFO] Got response: 'OK 2024-01-31_21-58-37,f07bc182-5e9f-43da-aa95-ac65ed8e507a'
client 2024-01-31 21:58:37,760 [INFO] Session id is '2024-01-31_21-58-37'
client 2024-01-31 21:58:37,761 [INFO] Sources: {"sources": {"__init__.py": "da39a3ee5e6b4b0d3255bfef95601890afd80709", "client.py": "33ca4f26368777ac06e01f9567b714a4b8063886", "lib/__init__.py": "da39a3ee5e6b4b0d3255bfef95601890afd80709", "lib/client.py": "ac2aa093c8e8bbc9569b9e2a3471bc64e58a2258", "lib/common.py": "611d8b29633d331eb19c9455ea3b5fa3284ed6df", "lib/external/__init__.py": "da39a3ee5e6b4b0d3255bfef95601890afd80709", "lib/external/ntplib.py": "4da8f970656505a40483206ef2b5d3dd5e81711d", "lib/server.py": "99303c836c683aa9017ec565104e636161d02acb", "lib/source_hashes.py": "60a2e02193209e8d392803326208d5466342da18", "lib/summary.py": "aa92f0a3f975eecd44d3c0cd0236342ccc9f941d", "lib/time_sync.py": "80894ef2389e540781ff78de94db16aa4203a14e", "server.py": "c3f90f2f7eeb4db30727556d0c815ebc89b3d28b", "tests/unit/__init__.py": "da39a3ee5e6b4b0d3255bfef95601890afd80709", "tests/unit/test_server.py": "948c1995d4008bc2aa6c4046a34ffa3858d6d671", "tests/unit/test_source_hashes.py": "00468a2907583c593e6574a1f6b404e4651c221a"}, "modules": {"ptd_client_server.lib.client": "lib/client.py", "ptd_client_server.lib.common": "lib/common.py", "ptd_client_server.lib.external.ntplib": "lib/external/ntplib.py", "ptd_client_server.lib.source_hashes": "lib/source_hashes.py", "ptd_client_server.lib.summary": "lib/summary.py", "ptd_client_server.lib.time_sync": "lib/time_sync.py"}}
client 2024-01-31 21:58:37,761 [INFO] Running workload in ranging mode
client 2024-01-31 21:58:37,761 [INFO] Synchronizing with the server and with time.google.com...
client 2024-01-31 21:58:37,782 [INFO] NTP:offset = -0.008 s, delay = 0.020 s 
client 2024-01-31 21:58:37,783 [INFO] Sending command to the server: 'time'
client 2024-01-31 21:58:37,786 [INFO] Got response: '1706738317.7800612'
client 2024-01-31 21:58:37,786 [INFO] The time difference between the client and the server is within range 2.953 ms..6.648 ms
client 2024-01-31 21:58:37,786 [INFO] Sending command to the server: 'session,2024-01-31_21-58-37,start,ranging'
client 2024-01-31 21:59:05,857 [INFO] Got response: 'OK'
client 2024-01-31 21:59:05,859 [INFO] Sending command to the server: 'time'
client 2024-01-31 21:59:05,862 [INFO] Got response: '1706738345.8556929'
client 2024-01-31 21:59:05,863 [INFO] The time difference between the client and the server is within range 3.341 ms..7.257 ms
client 2024-01-31 21:59:05,863 [INFO] Running the workload 'CM_MLPERF_RUN_COUNT=$(cat ${CM_RUN_DIR}/count.txt); echo ${CM_MLPERF_RUN_COUNT}; CM_MLPERF_RUN_COUNT=$((CM_MLPERF_RUN_COUNT+1)); echo ${CM_MLPERF_RUN_COUNT} > ${CM_RUN_DIR}/count.txt && if [ ${CM_MLPERF_RUN_COUNT} -eq "1" ]; then export CM_MLPERF_USER_CONF=${CM_MLPERF_RANGING_USER_CONF}; else export CM_MLPERF_USER_CONF=${CM_MLPERF_TESTING_USER_CONF}; fi && /mnt/CM/repos/ctuning@mlcommons-ck/cm-mlops/script/benchmark-any-mlperf-inference-implementation/run.out'
client 2024-01-31 22:04:11,456 [INFO] Sending command to the server: 'time'
client 2024-01-31 22:04:11,547 [INFO] Got response: '1706738651.5403862'
client 2024-01-31 22:04:11,547 [INFO] The time difference between the client and the server is within range -84.033 ms..7.452 ms
client 2024-01-31 22:04:11,548 [INFO] Sending command to the server: 'session,2024-01-31_21-58-37,stop,ranging'
client 2024-01-31 22:04:21,993 [INFO] Got response: 'OK'
client 2024-01-31 22:04:21,994 [INFO] Sending command to the server: 'time'
client 2024-01-31 22:04:21,998 [INFO] Got response: '1706738661.9914844'
client 2024-01-31 22:04:21,999 [INFO] The time difference between the client and the server is within range 3.185 ms..7.547 ms
client 2024-01-31 22:04:22,016 [INFO] Copying loadgen logs from '/home/arjun/results_dir/valid_results/orin-tflite_armnn_cpp-cpu-armnn_tflite-v23.05-using_neon/mobilenet-v1-precision_uint8-1.0-224/singlestream/performance/run_1' to '/home/arjun/results_dir/valid_results/orin-tflite_armnn_cpp-cpu-armnn_tflite-v23.05-using_neon/mobilenet-v1-precision_uint8-1.0-224/singlestream/performance/tmp_power/ranging'
client 2024-01-31 22:04:22,018 [INFO] Running workload in testing mode
client 2024-01-31 22:04:22,019 [INFO] Synchronizing with the server and with time.google.com...
client 2024-01-31 22:04:22,043 [INFO] NTP:offset = -0.007 s, delay = 0.019 s 
client 2024-01-31 22:04:22,043 [INFO] Sending command to the server: 'time'
client 2024-01-31 22:04:22,046 [INFO] Got response: '1706738662.040198'
client 2024-01-31 22:04:22,047 [INFO] The time difference between the client and the server is within range 3.264 ms..6.778 ms
client 2024-01-31 22:04:22,047 [INFO] Sending command to the server: 'session,2024-01-31_21-58-37,start,testing'
client 2024-01-31 22:04:35,066 [INFO] Got response: 'OK'
client 2024-01-31 22:04:35,067 [INFO] Sending command to the server: 'time'
client 2024-01-31 22:04:35,070 [INFO] Got response: '1706738675.0639284'
client 2024-01-31 22:04:35,071 [INFO] The time difference between the client and the server is within range 3.510 ms..7.207 ms
client 2024-01-31 22:04:35,071 [INFO] Running the workload 'CM_MLPERF_RUN_COUNT=$(cat ${CM_RUN_DIR}/count.txt); echo ${CM_MLPERF_RUN_COUNT}; CM_MLPERF_RUN_COUNT=$((CM_MLPERF_RUN_COUNT+1)); echo ${CM_MLPERF_RUN_COUNT} > ${CM_RUN_DIR}/count.txt && if [ ${CM_MLPERF_RUN_COUNT} -eq "1" ]; then export CM_MLPERF_USER_CONF=${CM_MLPERF_RANGING_USER_CONF}; else export CM_MLPERF_USER_CONF=${CM_MLPERF_TESTING_USER_CONF}; fi && /mnt/CM/repos/ctuning@mlcommons-ck/cm-mlops/script/benchmark-any-mlperf-inference-implementation/run.out'
client 2024-01-31 22:14:39,973 [INFO] Sending command to the server: 'time'
client 2024-01-31 22:14:39,977 [INFO] Got response: '1706739279.9705634'
client 2024-01-31 22:14:39,977 [INFO] The time difference between the client and the server is within range 3.007 ms..6.803 ms
client 2024-01-31 22:14:39,977 [INFO] Sending command to the server: 'session,2024-01-31_21-58-37,stop,testing'
client 2024-01-31 22:14:50,115 [INFO] Got response: 'OK'
client 2024-01-31 22:14:50,116 [INFO] Sending command to the server: 'time'
client 2024-01-31 22:14:50,119 [INFO] Got response: '1706739290.1129382'
client 2024-01-31 22:14:50,119 [INFO] The time difference between the client and the server is within range 3.366 ms..6.558 ms
client 2024-01-31 22:14:50,124 [INFO] Copying loadgen logs from '/home/arjun/results_dir/valid_results/orin-tflite_armnn_cpp-cpu-armnn_tflite-v23.05-using_neon/mobilenet-v1-precision_uint8-1.0-224/singlestream/performance/run_1' to '/home/arjun/results_dir/valid_results/orin-tflite_armnn_cpp-cpu-armnn_tflite-v23.05-using_neon/mobilenet-v1-precision_uint8-1.0-224/singlestream/performance/tmp_power/run_1'
client 2024-01-31 22:14:50,126 [INFO] Done runs
