Graph file: /home/ubuntu/CM/repos/local/cache/e43fa58da7564488/mobilenet_v1_1.0_160.tflite
Image dir: /home/ubuntu/CM/repos/local/cache/5931259693eb450c
Image list: /home/ubuntu/CM/repos/local/cache/5931259693eb450c/preprocessed_files.txt
Image size: 160
Image channels: 3
Prediction classes: 1000
Result dir: /home/ubuntu/CM/repos/local/cache/a7ccb264d8f442f8/valid_results/ip_172_31_24_206-tflite_cpp-cpu-tflite-vmaster-default_config/mobilenet-v1-precision_float-1.0-160/singlestream/performance/run_1
How many images fit in memory buffer: 1024
Normalize: 1
Subtract mean: 0
Run time preprocessing: 0
Number of Threads: 4
Number of available imagefiles: 50000

Loading graph...
INFO: Created TensorFlow Lite XNNPACK delegate for CPU.
Input tensor dimensions (NHWC): 1*160*160*3
Output tensor dimensions: 1*1001
Path to mlperf.conf : /home/ubuntu/CM/repos/local/cache/ae32b951ac8043bc/inference/mlperf.conf
Path to user.conf : /home/ubuntu/CM/repos/ctuning@mlcommons-ck/cm-mlops/script/generate-mlperf-inference-user-conf/tmp/89e0e4cc4db446a2bd3fd3006a1d571b.conf
Model Name: mobilenet
LoadGen Scenario: SingleStream
LoadGen Mode: performance
