[2024-02-14 13:33:56,051 main.py:230 INFO] Detected system ID: KnownSystem.phoenix
[2024-02-14 13:33:56,168 harness.py:238 INFO] The harness will load 2 plugins: ['build/plugins/NMSOptPlugin/libnmsoptplugin.so', 'build/plugins/retinanetConcatPlugin/libretinanetconcatplugin.so']
[2024-02-14 13:33:56,169 generate_conf_files.py:107 INFO] Generated measurements/ entries for phoenix_TRT/retinanet/Offline
[2024-02-14 13:33:56,169 __init__.py:46 INFO] Running command: ./build/bin/harness_default --plugins="build/plugins/NMSOptPlugin/libnmsoptplugin.so,build/plugins/retinanetConcatPlugin/libretinanetconcatplugin.so" --logfile_outdir="/home/cmuser/local/cache/f4ba7328d7f447f9/valid_results/2706260181c0-nvidia_original-gpu-tensorrt-vdefault-default_config/retinanet/offline/accuracy" --logfile_prefix="mlperf_log_" --performance_sample_count=64 --test_mode="AccuracyOnly" --gpu_copy_streams=2 --gpu_inference_streams=2 --gpu_batch_size=2 --map_path="data_maps/open-images-v6-mlperf/val_map.txt" --mlperf_conf_path="/home/cmuser/CM/repos/local/cache/c246621365934034/inference/mlperf.conf" --tensor_path="build/preprocessed_data/open-images-v6-mlperf/validation/Retinanet/int8_linear" --use_graphs=false --user_conf_path="/home/cmuser/CM/repos/ctuning@mlcommons-ck/cm-mlops/script/generate-mlperf-inference-user-conf/tmp/01042b9ee2f44be6a88280a18d0a7ef0.conf" --gpu_engines="./build/engines/phoenix/retinanet/Offline/retinanet-Offline-gpu-b2-int8.lwis_k_99_MaxP.plan" --max_dlas=0 --scenario Offline --model retinanet --response_postprocess openimageeffnms
[2024-02-14 13:33:56,169 __init__.py:53 INFO] Overriding Environment
benchmark : Benchmark.Retinanet
buffer_manager_thread_count : 0
data_dir : /home/cmuser/local/cache/6057f3cefd9041b3/data
gpu_batch_size : 2
gpu_copy_streams : 2
gpu_inference_streams : 2
input_dtype : int8
input_format : linear
log_dir : /home/cmuser/CM/repos/local/cache/8eb0c2732f244924/repo/closed/NVIDIA/build/logs/2024.02.14-13.33.55
map_path : data_maps/open-images-v6-mlperf/val_map.txt
mlperf_conf_path : /home/cmuser/CM/repos/local/cache/c246621365934034/inference/mlperf.conf
offline_expected_qps : 800.0
precision : int8
preprocessed_data_dir : /home/cmuser/local/cache/6057f3cefd9041b3/preprocessed_data
scenario : Scenario.Offline
system : SystemConfiguration(host_cpu_conf=CPUConfiguration(layout={CPU(name='AMD Ryzen 9 7950X 16-Core Processor', architecture=<CPUArchitecture.x86_64: AliasedName(name='x86_64', aliases=(), patterns=())>, core_count=16, threads_per_core=2): 1}), host_mem_conf=MemoryConfiguration(host_memory_capacity=Memory(quantity=131.07376399999998, byte_suffix=<ByteSuffix.GB: (1000, 3)>, _num_bytes=131073764000), comparison_tolerance=0.05), accelerator_conf=AcceleratorConfiguration(layout=defaultdict(<class 'int'>, {GPU(name='NVIDIA GeForce RTX 4090', accelerator_type=<AcceleratorType.Discrete: AliasedName(name='Discrete', aliases=(), patterns=())>, vram=Memory(quantity=23.98828125, byte_suffix=<ByteSuffix.GiB: (1024, 3)>, _num_bytes=25757220864), max_power_limit=450.0, pci_id='0x268410DE', compute_sm=89): 1})), numa_conf=None, system_id='phoenix')
tensor_path : build/preprocessed_data/open-images-v6-mlperf/validation/Retinanet/int8_linear
test_mode : AccuracyOnly
use_graphs : False
user_conf_path : /home/cmuser/CM/repos/ctuning@mlcommons-ck/cm-mlops/script/generate-mlperf-inference-user-conf/tmp/01042b9ee2f44be6a88280a18d0a7ef0.conf
system_id : phoenix
config_name : phoenix_retinanet_Offline
workload_setting : WorkloadSetting(HarnessType.LWIS, AccuracyTarget.k_99, PowerSetting.MaxP)
optimization_level : plugin-enabled
use_cpu : False
use_inferentia : False
num_profiles : 2
config_ver : lwis_k_99_MaxP
accuracy_level : 99%
inference_server : lwis
skip_file_checks : False
power_limit : None
cpu_freq : None
&&&& RUNNING Default_Harness # ./build/bin/harness_default
[I] mlperf.conf path: /home/cmuser/CM/repos/local/cache/c246621365934034/inference/mlperf.conf
[I] user.conf path: /home/cmuser/CM/repos/ctuning@mlcommons-ck/cm-mlops/script/generate-mlperf-inference-user-conf/tmp/01042b9ee2f44be6a88280a18d0a7ef0.conf
Creating QSL.
Finished Creating QSL.
Setting up SUT.
[I] [TRT] Loaded engine size: 73 MiB
[I] [TRT] [MemUsageChange] Init cuBLAS/cuBLASLt: CPU +6, GPU +10, now: CPU 121, GPU 881 (MiB)
[I] [TRT] [MemUsageChange] Init cuDNN: CPU +2, GPU +10, now: CPU 123, GPU 891 (MiB)
[I] [TRT] [MemUsageChange] TensorRT-managed allocation in engine deserialization: CPU +0, GPU +68, now: CPU 0, GPU 68 (MiB)
[I] Device:0.GPU: [0] ./build/engines/phoenix/retinanet/Offline/retinanet-Offline-gpu-b2-int8.lwis_k_99_MaxP.plan has been successfully loaded.
[E] [TRT] 3: [runtime.cpp::~Runtime::399] Error Code 3: API Usage Error (Parameter check failed at: runtime/rt/runtime.cpp::~Runtime::399, condition: mEngineCounter.use_count() == 1. Destroying a runtime before destroying deserialized engines created by the runtime leads to undefined behavior.
)
[I] [TRT] [MemUsageChange] Init cuBLAS/cuBLASLt: CPU +0, GPU +8, now: CPU 50, GPU 903 (MiB)
[I] [TRT] [MemUsageChange] Init cuDNN: CPU +0, GPU +8, now: CPU 50, GPU 911 (MiB)
[I] [TRT] [MemUsageChange] TensorRT-managed allocation in IExecutionContext creation: CPU +1, GPU +1528, now: CPU 1, GPU 1596 (MiB)
[I] [TRT] [MemUsageChange] Init cuBLAS/cuBLASLt: CPU +0, GPU +8, now: CPU 51, GPU 2447 (MiB)
[I] [TRT] [MemUsageChange] Init cuDNN: CPU +0, GPU +12, now: CPU 51, GPU 2459 (MiB)
[I] [TRT] Could not set default profile 0 for execution context. Profile index must be set explicitly.
[I] [TRT] [MemUsageChange] TensorRT-managed allocation in IExecutionContext creation: CPU +0, GPU +1528, now: CPU 1, GPU 3124 (MiB)
[I] Creating batcher thread: 0 EnableBatcherThreadPerDevice: false
Finished setting up SUT.
Starting warmup. Running for a minimum of 5 seconds.
Finished warmup. Ran for 5.03146s.
Starting running actual test.

No warnings encountered during test.

No errors encountered during test.
Finished running actual test.
Device Device:0.GPU processed:
  1 batches of size 1
  12390 batches of size 2
  Memcpy Calls: 0
  PerSampleCudaMemcpy Calls: 0
  BatchedCudaMemcpy Calls: 12391
&&&& PASSED Default_Harness # ./build/bin/harness_default
[2024-02-14 13:35:07,588 run_harness.py:170 INFO] Result: Accuracy run detected.
[2024-02-14 13:35:07,588 __init__.py:46 INFO] Running command: PYTHONPATH=/home/cmuser/CM/repos/local/cache/8eb0c2732f244924/repo/closed/NVIDIA:/home/cmuser/CM/repos/local/cache/c246621365934034/inference/vision/classification_and_detection/python:/home/cmuser/CM/repos/local/cache/c246621365934034/inference/tools/submission:/home/cmuser/CM/repos/ctuning@mlcommons-ck/cm-mlops/script/get-mlperf-inference-utils:/usr/lib/python38.zip:/usr/lib/python3.8:/usr/lib/python3.8/lib-dynload:/home/cmuser/.local/lib/python3.8/site-packages:/usr/local/lib/python3.8/dist-packages:/usr/lib/python3/dist-packages:/usr/lib/python3.8/dist-packages python3 -S /home/cmuser/CM/repos/local/cache/8eb0c2732f244924/repo/closed/NVIDIA/build/inference/vision/classification_and_detection/tools/accuracy-openimages.py --mlperf-accuracy-file /home/cmuser/local/cache/f4ba7328d7f447f9/valid_results/2706260181c0-nvidia_original-gpu-tensorrt-vdefault-default_config/retinanet/offline/accuracy/mlperf_log_accuracy.json --openimages-dir /home/cmuser/local/cache/6057f3cefd9041b3/preprocessed_data/open-images-v6-mlperf --output-file build/retinanet-results.json
loading annotations into memory...
Done (t=0.41s)
creating index...
index created!
Loading and preparing results...
DONE (t=16.55s)
creating index...
index created!
Running per image evaluation...
Evaluate annotation type *bbox*
DONE (t=126.95s).
Accumulating evaluation results...
DONE (t=31.67s).
 Average Precision  (AP) @[ IoU=0.50:0.95 | area=   all | maxDets=100 ] = 0.374
 Average Precision  (AP) @[ IoU=0.50      | area=   all | maxDets=100 ] = 0.523
 Average Precision  (AP) @[ IoU=0.75      | area=   all | maxDets=100 ] = 0.404
 Average Precision  (AP) @[ IoU=0.50:0.95 | area= small | maxDets=100 ] = 0.022
 Average Precision  (AP) @[ IoU=0.50:0.95 | area=medium | maxDets=100 ] = 0.125
 Average Precision  (AP) @[ IoU=0.50:0.95 | area= large | maxDets=100 ] = 0.413
 Average Recall     (AR) @[ IoU=0.50:0.95 | area=   all | maxDets=  1 ] = 0.419
 Average Recall     (AR) @[ IoU=0.50:0.95 | area=   all | maxDets= 10 ] = 0.599
 Average Recall     (AR) @[ IoU=0.50:0.95 | area=   all | maxDets=100 ] = 0.628
 Average Recall     (AR) @[ IoU=0.50:0.95 | area= small | maxDets=100 ] = 0.081
 Average Recall     (AR) @[ IoU=0.50:0.95 | area=medium | maxDets=100 ] = 0.344
 Average Recall     (AR) @[ IoU=0.50:0.95 | area= large | maxDets=100 ] = 0.678
mAP=37.353%
 
======================== Result summaries: ========================

