client 2024-02-04 06:32:39,519 [INFO] Creating output directory '/home/arjun/results_dir/valid_results/orin-tflite_armnn_cpp-cpu-armnn_tflite-v23.11-using_neon_with_live_preprocessing/mobilenet-v1-precision_float-0.5-128/singlestream/performance/tmp_power'
client 2024-02-04 06:32:39,666 [INFO] Sending command to the server: 'mlcommons/power client v3'
client 2024-02-04 06:32:39,668 [INFO] Got response: 'mlcommons/power server v3'
client 2024-02-04 06:32:39,668 [INFO] Synchronizing with the server and with time.google.com...
client 2024-02-04 06:32:39,699 [INFO] NTP:offset = -0.002 s, delay = 0.021 s 
client 2024-02-04 06:32:39,700 [INFO] Sending command to the server: 'time'
client 2024-02-04 06:32:39,703 [INFO] Got response: '1707028359.7037494'
client 2024-02-04 06:32:39,703 [INFO] The time difference between the client and the server is within range -3.486 ms..-0.595 ms
client 2024-02-04 06:32:39,703 [INFO] Sending command to the server: 'new,,ecf4e27d-c3a9-4c6a-8fb0-53d57ab9f873'
client 2024-02-04 06:32:39,705 [INFO] Got response: 'OK 2024-02-04_06-32-39,f77cdaf4-6275-4522-9f86-92ec992b1e7d'
client 2024-02-04 06:32:39,705 [INFO] Session id is '2024-02-04_06-32-39'
client 2024-02-04 06:32:39,705 [INFO] Sources: {"sources": {"__init__.py": "da39a3ee5e6b4b0d3255bfef95601890afd80709", "client.py": "33ca4f26368777ac06e01f9567b714a4b8063886", "lib/__init__.py": "da39a3ee5e6b4b0d3255bfef95601890afd80709", "lib/client.py": "ac2aa093c8e8bbc9569b9e2a3471bc64e58a2258", "lib/common.py": "611d8b29633d331eb19c9455ea3b5fa3284ed6df", "lib/external/__init__.py": "da39a3ee5e6b4b0d3255bfef95601890afd80709", "lib/external/ntplib.py": "4da8f970656505a40483206ef2b5d3dd5e81711d", "lib/server.py": "99303c836c683aa9017ec565104e636161d02acb", "lib/source_hashes.py": "60a2e02193209e8d392803326208d5466342da18", "lib/summary.py": "aa92f0a3f975eecd44d3c0cd0236342ccc9f941d", "lib/time_sync.py": "80894ef2389e540781ff78de94db16aa4203a14e", "server.py": "c3f90f2f7eeb4db30727556d0c815ebc89b3d28b", "tests/unit/__init__.py": "da39a3ee5e6b4b0d3255bfef95601890afd80709", "tests/unit/test_server.py": "948c1995d4008bc2aa6c4046a34ffa3858d6d671", "tests/unit/test_source_hashes.py": "00468a2907583c593e6574a1f6b404e4651c221a"}, "modules": {"ptd_client_server.lib.client": "lib/client.py", "ptd_client_server.lib.common": "lib/common.py", "ptd_client_server.lib.external.ntplib": "lib/external/ntplib.py", "ptd_client_server.lib.source_hashes": "lib/source_hashes.py", "ptd_client_server.lib.summary": "lib/summary.py", "ptd_client_server.lib.time_sync": "lib/time_sync.py"}}
client 2024-02-04 06:32:39,706 [INFO] Running workload in ranging mode
client 2024-02-04 06:32:39,706 [INFO] Synchronizing with the server and with time.google.com...
client 2024-02-04 06:32:39,728 [INFO] NTP:offset = -0.001 s, delay = 0.020 s 
client 2024-02-04 06:32:39,729 [INFO] Sending command to the server: 'time'
client 2024-02-04 06:32:39,731 [INFO] Got response: '1707028359.7324252'
client 2024-02-04 06:32:39,731 [INFO] The time difference between the client and the server is within range -3.373 ms..-0.542 ms
client 2024-02-04 06:32:39,732 [INFO] Sending command to the server: 'session,2024-02-04_06-32-39,start,ranging'
client 2024-02-04 06:33:07,804 [INFO] Got response: 'OK'
client 2024-02-04 06:33:07,806 [INFO] Sending command to the server: 'time'
client 2024-02-04 06:33:07,809 [INFO] Got response: '1707028387.8099623'
client 2024-02-04 06:33:07,809 [INFO] The time difference between the client and the server is within range -3.884 ms..-0.161 ms
client 2024-02-04 06:33:07,810 [INFO] Running the workload 'CM_MLPERF_RUN_COUNT=$(cat ${CM_RUN_DIR}/count.txt); echo ${CM_MLPERF_RUN_COUNT}; CM_MLPERF_RUN_COUNT=$((CM_MLPERF_RUN_COUNT+1)); echo ${CM_MLPERF_RUN_COUNT} > ${CM_RUN_DIR}/count.txt && if [ ${CM_MLPERF_RUN_COUNT} -eq "1" ]; then export CM_MLPERF_USER_CONF=${CM_MLPERF_RANGING_USER_CONF}; else export CM_MLPERF_USER_CONF=${CM_MLPERF_TESTING_USER_CONF}; fi && /mnt/CM/repos/ctuning@mlcommons-ck/cm-mlops/script/get-lib-armnn/run.out'
client 2024-02-04 06:38:10,302 [INFO] Sending command to the server: 'time'
client 2024-02-04 06:38:10,306 [INFO] Got response: '1707028690.3064723'
client 2024-02-04 06:38:10,306 [INFO] The time difference between the client and the server is within range -3.694 ms..-0.034 ms
client 2024-02-04 06:38:10,306 [INFO] Sending command to the server: 'session,2024-02-04_06-32-39,stop,ranging'
client 2024-02-04 06:38:20,869 [INFO] Got response: 'OK'
client 2024-02-04 06:38:20,870 [INFO] Sending command to the server: 'time'
client 2024-02-04 06:38:20,873 [INFO] Got response: '1707028700.8736773'
client 2024-02-04 06:38:20,873 [INFO] The time difference between the client and the server is within range -3.202 ms..0.142 ms
client 2024-02-04 06:38:20,891 [INFO] Copying loadgen logs from '/home/arjun/results_dir/valid_results/orin-tflite_armnn_cpp-cpu-armnn_tflite-v23.11-using_neon_with_live_preprocessing/mobilenet-v1-precision_float-0.5-128/singlestream/performance/run_1' to '/home/arjun/results_dir/valid_results/orin-tflite_armnn_cpp-cpu-armnn_tflite-v23.11-using_neon_with_live_preprocessing/mobilenet-v1-precision_float-0.5-128/singlestream/performance/tmp_power/ranging'
client 2024-02-04 06:38:20,893 [INFO] Running workload in testing mode
client 2024-02-04 06:38:20,893 [INFO] Synchronizing with the server and with time.google.com...
client 2024-02-04 06:38:20,920 [INFO] NTP:offset = -0.001 s, delay = 0.022 s 
client 2024-02-04 06:38:20,920 [INFO] Sending command to the server: 'time'
client 2024-02-04 06:38:20,924 [INFO] Got response: '1707028700.9245074'
client 2024-02-04 06:38:20,924 [INFO] The time difference between the client and the server is within range -4.024 ms..0.095 ms
client 2024-02-04 06:38:20,924 [INFO] Sending command to the server: 'session,2024-02-04_06-32-39,start,testing'
client 2024-02-04 06:38:33,941 [INFO] Got response: 'OK'
client 2024-02-04 06:38:33,942 [INFO] Sending command to the server: 'time'
client 2024-02-04 06:38:33,945 [INFO] Got response: '1707028713.945147'
client 2024-02-04 06:38:33,945 [INFO] The time difference between the client and the server is within range -3.103 ms..0.578 ms
client 2024-02-04 06:38:33,946 [INFO] Running the workload 'CM_MLPERF_RUN_COUNT=$(cat ${CM_RUN_DIR}/count.txt); echo ${CM_MLPERF_RUN_COUNT}; CM_MLPERF_RUN_COUNT=$((CM_MLPERF_RUN_COUNT+1)); echo ${CM_MLPERF_RUN_COUNT} > ${CM_RUN_DIR}/count.txt && if [ ${CM_MLPERF_RUN_COUNT} -eq "1" ]; then export CM_MLPERF_USER_CONF=${CM_MLPERF_RANGING_USER_CONF}; else export CM_MLPERF_USER_CONF=${CM_MLPERF_TESTING_USER_CONF}; fi && /mnt/CM/repos/ctuning@mlcommons-ck/cm-mlops/script/get-lib-armnn/run.out'
client 2024-02-04 06:48:38,638 [INFO] Sending command to the server: 'time'
client 2024-02-04 06:48:38,659 [INFO] Got response: '1707029318.6588383'
client 2024-02-04 06:48:38,660 [INFO] The time difference between the client and the server is within range -20.820 ms..1.245 ms
client 2024-02-04 06:48:38,660 [INFO] Sending command to the server: 'session,2024-02-04_06-32-39,stop,testing'
client 2024-02-04 06:48:48,993 [INFO] Got response: 'OK'
client 2024-02-04 06:48:48,994 [INFO] Sending command to the server: 'time'
client 2024-02-04 06:48:48,997 [INFO] Got response: '1707029328.996273'
client 2024-02-04 06:48:48,997 [INFO] The time difference between the client and the server is within range -2.248 ms..1.212 ms
client 2024-02-04 06:48:49,002 [INFO] Copying loadgen logs from '/home/arjun/results_dir/valid_results/orin-tflite_armnn_cpp-cpu-armnn_tflite-v23.11-using_neon_with_live_preprocessing/mobilenet-v1-precision_float-0.5-128/singlestream/performance/run_1' to '/home/arjun/results_dir/valid_results/orin-tflite_armnn_cpp-cpu-armnn_tflite-v23.11-using_neon_with_live_preprocessing/mobilenet-v1-precision_float-0.5-128/singlestream/performance/tmp_power/run_1'
client 2024-02-04 06:48:49,014 [INFO] Done runs
