client 2024-01-28 21:58:11,596 [INFO] Creating output directory '/home/arjun/results_dir/valid_results/orin-tflite_cpp-cpu-tflite-vmaster-default_config/mobilenet-v1-precision_float-1.0-192/singlestream/performance/tmp_power'
client 2024-01-28 21:58:11,599 [INFO] Sending command to the server: 'mlcommons/power client v3'
client 2024-01-28 21:58:11,603 [INFO] Got response: 'mlcommons/power server v3'
client 2024-01-28 21:58:11,603 [INFO] Synchronizing with the server and with time.google.com...
client 2024-01-28 21:58:11,629 [INFO] NTP:offset = -0.003 s, delay = 0.020 s 
client 2024-01-28 21:58:11,630 [INFO] Sending command to the server: 'time'
client 2024-01-28 21:58:11,633 [INFO] Got response: '1706479091.630568'
client 2024-01-28 21:58:11,633 [INFO] The time difference between the client and the server is within range -0.416 ms..3.258 ms
client 2024-01-28 21:58:11,633 [INFO] Sending command to the server: 'new,,52cf1421-609d-491c-8fab-07ac35fa96c2'
client 2024-01-28 21:58:11,637 [INFO] Got response: 'OK 2024-01-28_21-58-11,9bc0913f-47c9-4c79-9b03-3bdab7a3c1dc'
client 2024-01-28 21:58:11,637 [INFO] Session id is '2024-01-28_21-58-11'
client 2024-01-28 21:58:11,638 [INFO] Sources: {"sources": {"__init__.py": "da39a3ee5e6b4b0d3255bfef95601890afd80709", "client.py": "33ca4f26368777ac06e01f9567b714a4b8063886", "lib/__init__.py": "da39a3ee5e6b4b0d3255bfef95601890afd80709", "lib/client.py": "ac2aa093c8e8bbc9569b9e2a3471bc64e58a2258", "lib/common.py": "611d8b29633d331eb19c9455ea3b5fa3284ed6df", "lib/external/__init__.py": "da39a3ee5e6b4b0d3255bfef95601890afd80709", "lib/external/ntplib.py": "4da8f970656505a40483206ef2b5d3dd5e81711d", "lib/server.py": "99303c836c683aa9017ec565104e636161d02acb", "lib/source_hashes.py": "60a2e02193209e8d392803326208d5466342da18", "lib/summary.py": "aa92f0a3f975eecd44d3c0cd0236342ccc9f941d", "lib/time_sync.py": "80894ef2389e540781ff78de94db16aa4203a14e", "server.py": "c3f90f2f7eeb4db30727556d0c815ebc89b3d28b", "tests/unit/__init__.py": "da39a3ee5e6b4b0d3255bfef95601890afd80709", "tests/unit/test_server.py": "948c1995d4008bc2aa6c4046a34ffa3858d6d671", "tests/unit/test_source_hashes.py": "00468a2907583c593e6574a1f6b404e4651c221a"}, "modules": {"ptd_client_server.lib.client": "lib/client.py", "ptd_client_server.lib.common": "lib/common.py", "ptd_client_server.lib.external.ntplib": "lib/external/ntplib.py", "ptd_client_server.lib.source_hashes": "lib/source_hashes.py", "ptd_client_server.lib.summary": "lib/summary.py", "ptd_client_server.lib.time_sync": "lib/time_sync.py"}}
client 2024-01-28 21:58:11,638 [INFO] Running workload in ranging mode
client 2024-01-28 21:58:11,638 [INFO] Synchronizing with the server and with time.google.com...
client 2024-01-28 21:58:11,659 [INFO] NTP:offset = -0.004 s, delay = 0.020 s 
client 2024-01-28 21:58:11,659 [INFO] Sending command to the server: 'time'
client 2024-01-28 21:58:11,663 [INFO] Got response: '1706479091.659709'
client 2024-01-28 21:58:11,663 [INFO] The time difference between the client and the server is within range 0.264 ms..3.461 ms
client 2024-01-28 21:58:11,663 [INFO] Sending command to the server: 'session,2024-01-28_21-58-11,start,ranging'
client 2024-01-28 21:58:39,738 [INFO] Got response: 'OK'
client 2024-01-28 21:58:39,741 [INFO] Sending command to the server: 'time'
client 2024-01-28 21:58:39,745 [INFO] Got response: '1706479119.7418942'
client 2024-01-28 21:58:39,745 [INFO] The time difference between the client and the server is within range -0.780 ms..3.638 ms
client 2024-01-28 21:58:39,745 [INFO] Running the workload 'CM_MLPERF_RUN_COUNT=$(cat ${CM_RUN_DIR}/count.txt); echo ${CM_MLPERF_RUN_COUNT}; CM_MLPERF_RUN_COUNT=$((CM_MLPERF_RUN_COUNT+1)); echo ${CM_MLPERF_RUN_COUNT} > ${CM_RUN_DIR}/count.txt && if [ ${CM_MLPERF_RUN_COUNT} -eq "1" ]; then export CM_MLPERF_USER_CONF=${CM_MLPERF_RANGING_USER_CONF}; else export CM_MLPERF_USER_CONF=${CM_MLPERF_TESTING_USER_CONF}; fi && /mnt/CM/repos/ctuning@mlcommons-ck/cm-mlops/script/benchmark-any-mlperf-inference-implementation/run.out'
client 2024-01-28 22:03:50,714 [INFO] Sending command to the server: 'time'
client 2024-01-28 22:03:50,913 [INFO] Got response: '1706479430.9091725'
client 2024-01-28 22:03:50,913 [INFO] The time difference between the client and the server is within range -194.679 ms..4.425 ms
client 2024-01-28 22:03:50,913 [INFO] Sending command to the server: 'session,2024-01-28_21-58-11,stop,ranging'
client 2024-01-28 22:04:01,813 [INFO] Got response: 'OK'
client 2024-01-28 22:04:01,814 [INFO] Sending command to the server: 'time'
client 2024-01-28 22:04:01,817 [INFO] Got response: '1706479441.814707'
client 2024-01-28 22:04:01,818 [INFO] The time difference between the client and the server is within range -0.340 ms..3.327 ms
client 2024-01-28 22:04:01,835 [INFO] Copying loadgen logs from '/home/arjun/results_dir/valid_results/orin-tflite_cpp-cpu-tflite-vmaster-default_config/mobilenet-v1-precision_float-1.0-192/singlestream/performance/run_1' to '/home/arjun/results_dir/valid_results/orin-tflite_cpp-cpu-tflite-vmaster-default_config/mobilenet-v1-precision_float-1.0-192/singlestream/performance/tmp_power/ranging'
client 2024-01-28 22:04:01,837 [INFO] Running workload in testing mode
client 2024-01-28 22:04:01,837 [INFO] Synchronizing with the server and with time.google.com...
client 2024-01-28 22:04:01,865 [INFO] NTP:offset = -0.003 s, delay = 0.022 s 
client 2024-01-28 22:04:01,865 [INFO] Sending command to the server: 'time'
client 2024-01-28 22:04:01,869 [INFO] Got response: '1706479441.8662832'
client 2024-01-28 22:04:01,869 [INFO] The time difference between the client and the server is within range -0.840 ms..3.177 ms
client 2024-01-28 22:04:01,869 [INFO] Sending command to the server: 'session,2024-01-28_21-58-11,start,testing'
client 2024-01-28 22:04:14,891 [INFO] Got response: 'OK'
client 2024-01-28 22:04:14,892 [INFO] Sending command to the server: 'time'
client 2024-01-28 22:04:14,895 [INFO] Got response: '1706479454.8934426'
client 2024-01-28 22:04:14,896 [INFO] The time difference between the client and the server is within range -0.617 ms..2.705 ms
client 2024-01-28 22:04:14,896 [INFO] Running the workload 'CM_MLPERF_RUN_COUNT=$(cat ${CM_RUN_DIR}/count.txt); echo ${CM_MLPERF_RUN_COUNT}; CM_MLPERF_RUN_COUNT=$((CM_MLPERF_RUN_COUNT+1)); echo ${CM_MLPERF_RUN_COUNT} > ${CM_RUN_DIR}/count.txt && if [ ${CM_MLPERF_RUN_COUNT} -eq "1" ]; then export CM_MLPERF_USER_CONF=${CM_MLPERF_RANGING_USER_CONF}; else export CM_MLPERF_USER_CONF=${CM_MLPERF_TESTING_USER_CONF}; fi && /mnt/CM/repos/ctuning@mlcommons-ck/cm-mlops/script/benchmark-any-mlperf-inference-implementation/run.out'
client 2024-01-28 22:14:19,628 [INFO] Sending command to the server: 'time'
client 2024-01-28 22:14:19,649 [INFO] Got response: '1706480059.646244'
client 2024-01-28 22:14:19,650 [INFO] The time difference between the client and the server is within range -17.564 ms..4.103 ms
client 2024-01-28 22:14:19,650 [INFO] Sending command to the server: 'session,2024-01-28_21-58-11,stop,testing'
client 2024-01-28 22:14:29,955 [INFO] Got response: 'OK'
client 2024-01-28 22:14:29,956 [INFO] Sending command to the server: 'time'
client 2024-01-28 22:14:29,959 [INFO] Got response: '1706480069.955984'
client 2024-01-28 22:14:29,959 [INFO] The time difference between the client and the server is within range 0.119 ms..3.744 ms
client 2024-01-28 22:14:29,964 [INFO] Copying loadgen logs from '/home/arjun/results_dir/valid_results/orin-tflite_cpp-cpu-tflite-vmaster-default_config/mobilenet-v1-precision_float-1.0-192/singlestream/performance/run_1' to '/home/arjun/results_dir/valid_results/orin-tflite_cpp-cpu-tflite-vmaster-default_config/mobilenet-v1-precision_float-1.0-192/singlestream/performance/tmp_power/run_1'
client 2024-01-28 22:14:29,966 [INFO] Done runs
