client 2024-02-04 07:55:32,384 [INFO] Creating output directory '/home/arjun/results_dir/valid_results/orin-tflite_armnn_cpp-cpu-armnn_tflite-v23.11-using_neon/mobilenet-v1-precision_uint8-0.25-192/singlestream/performance/tmp_power'
client 2024-02-04 07:55:32,484 [INFO] Sending command to the server: 'mlcommons/power client v3'
client 2024-02-04 07:55:32,487 [INFO] Got response: 'mlcommons/power server v3'
client 2024-02-04 07:55:32,487 [INFO] Synchronizing with the server and with time.google.com...
client 2024-02-04 07:55:32,530 [INFO] NTP:offset = -0.001 s, delay = 0.021 s 
client 2024-02-04 07:55:32,531 [INFO] Sending command to the server: 'time'
client 2024-02-04 07:55:32,534 [INFO] Got response: '1707033332.534936'
client 2024-02-04 07:55:32,534 [INFO] The time difference between the client and the server is within range -3.767 ms..-0.030 ms
client 2024-02-04 07:55:32,535 [INFO] Sending command to the server: 'new,,062684c9-4b35-4a8b-8c40-929bde397880'
client 2024-02-04 07:55:32,539 [INFO] Got response: 'OK 2024-02-04_07-55-32,8d2e4fc0-f02f-4472-a5e5-4060b7b45074'
client 2024-02-04 07:55:32,539 [INFO] Session id is '2024-02-04_07-55-32'
client 2024-02-04 07:55:32,539 [INFO] Sources: {"sources": {"__init__.py": "da39a3ee5e6b4b0d3255bfef95601890afd80709", "client.py": "33ca4f26368777ac06e01f9567b714a4b8063886", "lib/__init__.py": "da39a3ee5e6b4b0d3255bfef95601890afd80709", "lib/client.py": "ac2aa093c8e8bbc9569b9e2a3471bc64e58a2258", "lib/common.py": "611d8b29633d331eb19c9455ea3b5fa3284ed6df", "lib/external/__init__.py": "da39a3ee5e6b4b0d3255bfef95601890afd80709", "lib/external/ntplib.py": "4da8f970656505a40483206ef2b5d3dd5e81711d", "lib/server.py": "99303c836c683aa9017ec565104e636161d02acb", "lib/source_hashes.py": "60a2e02193209e8d392803326208d5466342da18", "lib/summary.py": "aa92f0a3f975eecd44d3c0cd0236342ccc9f941d", "lib/time_sync.py": "80894ef2389e540781ff78de94db16aa4203a14e", "server.py": "c3f90f2f7eeb4db30727556d0c815ebc89b3d28b", "tests/unit/__init__.py": "da39a3ee5e6b4b0d3255bfef95601890afd80709", "tests/unit/test_server.py": "948c1995d4008bc2aa6c4046a34ffa3858d6d671", "tests/unit/test_source_hashes.py": "00468a2907583c593e6574a1f6b404e4651c221a"}, "modules": {"ptd_client_server.lib.client": "lib/client.py", "ptd_client_server.lib.common": "lib/common.py", "ptd_client_server.lib.external.ntplib": "lib/external/ntplib.py", "ptd_client_server.lib.source_hashes": "lib/source_hashes.py", "ptd_client_server.lib.summary": "lib/summary.py", "ptd_client_server.lib.time_sync": "lib/time_sync.py"}}
client 2024-02-04 07:55:32,540 [INFO] Running workload in ranging mode
client 2024-02-04 07:55:32,540 [INFO] Synchronizing with the server and with time.google.com...
client 2024-02-04 07:55:32,563 [INFO] NTP:offset = 0.001 s, delay = 0.021 s 
client 2024-02-04 07:55:32,563 [INFO] Sending command to the server: 'time'
client 2024-02-04 07:55:32,566 [INFO] Got response: '1707033332.5666704'
client 2024-02-04 07:55:32,566 [INFO] The time difference between the client and the server is within range -3.198 ms..0.106 ms
client 2024-02-04 07:55:32,567 [INFO] Sending command to the server: 'session,2024-02-04_07-55-32,start,ranging'
client 2024-02-04 07:56:00,621 [INFO] Got response: 'OK'
client 2024-02-04 07:56:00,623 [INFO] Sending command to the server: 'time'
client 2024-02-04 07:56:00,627 [INFO] Got response: '1707033360.6271763'
client 2024-02-04 07:56:00,627 [INFO] The time difference between the client and the server is within range -3.757 ms..0.443 ms
client 2024-02-04 07:56:00,627 [INFO] Running the workload 'CM_MLPERF_RUN_COUNT=$(cat ${CM_RUN_DIR}/count.txt); echo ${CM_MLPERF_RUN_COUNT}; CM_MLPERF_RUN_COUNT=$((CM_MLPERF_RUN_COUNT+1)); echo ${CM_MLPERF_RUN_COUNT} > ${CM_RUN_DIR}/count.txt && if [ ${CM_MLPERF_RUN_COUNT} -eq "1" ]; then export CM_MLPERF_USER_CONF=${CM_MLPERF_RANGING_USER_CONF}; else export CM_MLPERF_USER_CONF=${CM_MLPERF_TESTING_USER_CONF}; fi && /mnt/CM/repos/ctuning@mlcommons-ck/cm-mlops/script/get-lib-armnn/run.out'
client 2024-02-04 08:01:03,212 [INFO] Sending command to the server: 'time'
client 2024-02-04 08:01:03,216 [INFO] Got response: '1707033663.2167377'
client 2024-02-04 08:01:03,217 [INFO] The time difference between the client and the server is within range -4.330 ms..0.494 ms
client 2024-02-04 08:01:03,217 [INFO] Sending command to the server: 'session,2024-02-04_07-55-32,stop,ranging'
client 2024-02-04 08:01:13,705 [INFO] Got response: 'OK'
client 2024-02-04 08:01:13,706 [INFO] Sending command to the server: 'time'
client 2024-02-04 08:01:13,710 [INFO] Got response: '1707033673.7102585'
client 2024-02-04 08:01:13,711 [INFO] The time difference between the client and the server is within range -3.690 ms..0.880 ms
client 2024-02-04 08:01:13,728 [INFO] Copying loadgen logs from '/home/arjun/results_dir/valid_results/orin-tflite_armnn_cpp-cpu-armnn_tflite-v23.11-using_neon/mobilenet-v1-precision_uint8-0.25-192/singlestream/performance/run_1' to '/home/arjun/results_dir/valid_results/orin-tflite_armnn_cpp-cpu-armnn_tflite-v23.11-using_neon/mobilenet-v1-precision_uint8-0.25-192/singlestream/performance/tmp_power/ranging'
client 2024-02-04 08:01:13,730 [INFO] Running workload in testing mode
client 2024-02-04 08:01:13,730 [INFO] Synchronizing with the server and with time.google.com...
client 2024-02-04 08:01:13,758 [INFO] NTP:offset = 0.002 s, delay = 0.022 s 
client 2024-02-04 08:01:13,759 [INFO] Sending command to the server: 'time'
client 2024-02-04 08:01:13,762 [INFO] Got response: '1707033673.7624273'
client 2024-02-04 08:01:13,762 [INFO] The time difference between the client and the server is within range -3.399 ms..0.431 ms
client 2024-02-04 08:01:13,763 [INFO] Sending command to the server: 'session,2024-02-04_07-55-32,start,testing'
client 2024-02-04 08:01:26,785 [INFO] Got response: 'OK'
client 2024-02-04 08:01:26,786 [INFO] Sending command to the server: 'time'
client 2024-02-04 08:01:26,792 [INFO] Got response: '1707033686.789909'
client 2024-02-04 08:01:26,792 [INFO] The time difference between the client and the server is within range -3.411 ms..2.570 ms
client 2024-02-04 08:01:26,792 [INFO] Running the workload 'CM_MLPERF_RUN_COUNT=$(cat ${CM_RUN_DIR}/count.txt); echo ${CM_MLPERF_RUN_COUNT}; CM_MLPERF_RUN_COUNT=$((CM_MLPERF_RUN_COUNT+1)); echo ${CM_MLPERF_RUN_COUNT} > ${CM_RUN_DIR}/count.txt && if [ ${CM_MLPERF_RUN_COUNT} -eq "1" ]; then export CM_MLPERF_USER_CONF=${CM_MLPERF_RANGING_USER_CONF}; else export CM_MLPERF_USER_CONF=${CM_MLPERF_TESTING_USER_CONF}; fi && /mnt/CM/repos/ctuning@mlcommons-ck/cm-mlops/script/get-lib-armnn/run.out'
client 2024-02-04 08:11:31,852 [INFO] Sending command to the server: 'time'
client 2024-02-04 08:11:31,856 [INFO] Got response: '1707034291.856674'
client 2024-02-04 08:11:31,856 [INFO] The time difference between the client and the server is within range -4.091 ms..0.154 ms
client 2024-02-04 08:11:31,857 [INFO] Sending command to the server: 'session,2024-02-04_07-55-32,stop,testing'
client 2024-02-04 08:11:42,840 [INFO] Got response: 'OK'
client 2024-02-04 08:11:42,840 [INFO] Sending command to the server: 'time'
client 2024-02-04 08:11:42,844 [INFO] Got response: '1707034302.8439574'
client 2024-02-04 08:11:42,844 [INFO] The time difference between the client and the server is within range -3.018 ms..0.826 ms
client 2024-02-04 08:11:42,849 [INFO] Copying loadgen logs from '/home/arjun/results_dir/valid_results/orin-tflite_armnn_cpp-cpu-armnn_tflite-v23.11-using_neon/mobilenet-v1-precision_uint8-0.25-192/singlestream/performance/run_1' to '/home/arjun/results_dir/valid_results/orin-tflite_armnn_cpp-cpu-armnn_tflite-v23.11-using_neon/mobilenet-v1-precision_uint8-0.25-192/singlestream/performance/tmp_power/run_1'
client 2024-02-04 08:11:42,852 [INFO] Done runs
