client 2024-01-28 21:41:34,419 [INFO] Creating output directory '/home/arjun/results_dir/valid_results/orin-tflite_cpp-cpu-tflite-vmaster-default_config/mobilenet-v1-precision_uint8-1.0-224/singlestream/performance/tmp_power'
client 2024-01-28 21:41:34,422 [INFO] Sending command to the server: 'mlcommons/power client v3'
client 2024-01-28 21:41:34,425 [INFO] Got response: 'mlcommons/power server v3'
client 2024-01-28 21:41:34,425 [INFO] Synchronizing with the server and with time.google.com...
client 2024-01-28 21:41:34,459 [INFO] NTP:offset = -0.003 s, delay = 0.021 s 
client 2024-01-28 21:41:34,459 [INFO] Sending command to the server: 'time'
client 2024-01-28 21:41:34,462 [INFO] Got response: '1706478094.4604678'
client 2024-01-28 21:41:34,462 [INFO] The time difference between the client and the server is within range -0.610 ms..2.501 ms
client 2024-01-28 21:41:34,463 [INFO] Sending command to the server: 'new,,a0a0cdb8-3ec4-43c6-9008-e8dea28d2639'
client 2024-01-28 21:41:34,465 [INFO] Got response: 'OK 2024-01-28_21-41-34,4781d277-d262-41cf-b387-ffbd938cc912'
client 2024-01-28 21:41:34,465 [INFO] Session id is '2024-01-28_21-41-34'
client 2024-01-28 21:41:34,465 [INFO] Sources: {"sources": {"__init__.py": "da39a3ee5e6b4b0d3255bfef95601890afd80709", "client.py": "33ca4f26368777ac06e01f9567b714a4b8063886", "lib/__init__.py": "da39a3ee5e6b4b0d3255bfef95601890afd80709", "lib/client.py": "ac2aa093c8e8bbc9569b9e2a3471bc64e58a2258", "lib/common.py": "611d8b29633d331eb19c9455ea3b5fa3284ed6df", "lib/external/__init__.py": "da39a3ee5e6b4b0d3255bfef95601890afd80709", "lib/external/ntplib.py": "4da8f970656505a40483206ef2b5d3dd5e81711d", "lib/server.py": "99303c836c683aa9017ec565104e636161d02acb", "lib/source_hashes.py": "60a2e02193209e8d392803326208d5466342da18", "lib/summary.py": "aa92f0a3f975eecd44d3c0cd0236342ccc9f941d", "lib/time_sync.py": "80894ef2389e540781ff78de94db16aa4203a14e", "server.py": "c3f90f2f7eeb4db30727556d0c815ebc89b3d28b", "tests/unit/__init__.py": "da39a3ee5e6b4b0d3255bfef95601890afd80709", "tests/unit/test_server.py": "948c1995d4008bc2aa6c4046a34ffa3858d6d671", "tests/unit/test_source_hashes.py": "00468a2907583c593e6574a1f6b404e4651c221a"}, "modules": {"ptd_client_server.lib.client": "lib/client.py", "ptd_client_server.lib.common": "lib/common.py", "ptd_client_server.lib.external.ntplib": "lib/external/ntplib.py", "ptd_client_server.lib.source_hashes": "lib/source_hashes.py", "ptd_client_server.lib.summary": "lib/summary.py", "ptd_client_server.lib.time_sync": "lib/time_sync.py"}}
client 2024-01-28 21:41:34,465 [INFO] Running workload in ranging mode
client 2024-01-28 21:41:34,466 [INFO] Synchronizing with the server and with time.google.com...
client 2024-01-28 21:41:34,487 [INFO] NTP:offset = -0.003 s, delay = 0.020 s 
client 2024-01-28 21:41:34,487 [INFO] Sending command to the server: 'time'
client 2024-01-28 21:41:34,490 [INFO] Got response: '1706478094.4881744'
client 2024-01-28 21:41:34,490 [INFO] The time difference between the client and the server is within range -0.454 ms..2.438 ms
client 2024-01-28 21:41:34,490 [INFO] Sending command to the server: 'session,2024-01-28_21-41-34,start,ranging'
client 2024-01-28 21:42:02,565 [INFO] Got response: 'OK'
client 2024-01-28 21:42:02,568 [INFO] Sending command to the server: 'time'
client 2024-01-28 21:42:02,572 [INFO] Got response: '1706478122.5693338'
client 2024-01-28 21:42:02,573 [INFO] The time difference between the client and the server is within range -1.369 ms..3.621 ms
client 2024-01-28 21:42:02,573 [INFO] Running the workload 'CM_MLPERF_RUN_COUNT=$(cat ${CM_RUN_DIR}/count.txt); echo ${CM_MLPERF_RUN_COUNT}; CM_MLPERF_RUN_COUNT=$((CM_MLPERF_RUN_COUNT+1)); echo ${CM_MLPERF_RUN_COUNT} > ${CM_RUN_DIR}/count.txt && if [ ${CM_MLPERF_RUN_COUNT} -eq "1" ]; then export CM_MLPERF_USER_CONF=${CM_MLPERF_RANGING_USER_CONF}; else export CM_MLPERF_USER_CONF=${CM_MLPERF_TESTING_USER_CONF}; fi && /mnt/CM/repos/ctuning@mlcommons-ck/cm-mlops/script/benchmark-any-mlperf-inference-implementation/run.out'
client 2024-01-28 21:47:08,775 [INFO] Sending command to the server: 'time'
client 2024-01-28 21:47:08,779 [INFO] Got response: '1706478428.7764194'
client 2024-01-28 21:47:08,780 [INFO] The time difference between the client and the server is within range -0.937 ms..3.826 ms
client 2024-01-28 21:47:08,780 [INFO] Sending command to the server: 'session,2024-01-28_21-41-34,stop,ranging'
client 2024-01-28 21:47:19,618 [INFO] Got response: 'OK'
client 2024-01-28 21:47:19,620 [INFO] Sending command to the server: 'time'
client 2024-01-28 21:47:19,622 [INFO] Got response: '1706478439.6201248'
client 2024-01-28 21:47:19,623 [INFO] The time difference between the client and the server is within range -0.049 ms..2.904 ms
client 2024-01-28 21:47:19,640 [INFO] Copying loadgen logs from '/home/arjun/results_dir/valid_results/orin-tflite_cpp-cpu-tflite-vmaster-default_config/mobilenet-v1-precision_uint8-1.0-224/singlestream/performance/run_1' to '/home/arjun/results_dir/valid_results/orin-tflite_cpp-cpu-tflite-vmaster-default_config/mobilenet-v1-precision_uint8-1.0-224/singlestream/performance/tmp_power/ranging'
client 2024-01-28 21:47:19,643 [INFO] Running workload in testing mode
client 2024-01-28 21:47:19,643 [INFO] Synchronizing with the server and with time.google.com...
client 2024-01-28 21:47:19,669 [INFO] NTP:offset = -0.003 s, delay = 0.021 s 
client 2024-01-28 21:47:19,669 [INFO] Sending command to the server: 'time'
client 2024-01-28 21:47:19,672 [INFO] Got response: '1706478439.669596'
client 2024-01-28 21:47:19,673 [INFO] The time difference between the client and the server is within range -0.144 ms..3.549 ms
client 2024-01-28 21:47:19,673 [INFO] Sending command to the server: 'session,2024-01-28_21-41-34,start,testing'
client 2024-01-28 21:47:32,696 [INFO] Got response: 'OK'
client 2024-01-28 21:47:32,696 [INFO] Sending command to the server: 'time'
client 2024-01-28 21:47:32,700 [INFO] Got response: '1706478452.6970131'
client 2024-01-28 21:47:32,700 [INFO] The time difference between the client and the server is within range -0.108 ms..3.425 ms
client 2024-01-28 21:47:32,700 [INFO] Running the workload 'CM_MLPERF_RUN_COUNT=$(cat ${CM_RUN_DIR}/count.txt); echo ${CM_MLPERF_RUN_COUNT}; CM_MLPERF_RUN_COUNT=$((CM_MLPERF_RUN_COUNT+1)); echo ${CM_MLPERF_RUN_COUNT} > ${CM_RUN_DIR}/count.txt && if [ ${CM_MLPERF_RUN_COUNT} -eq "1" ]; then export CM_MLPERF_USER_CONF=${CM_MLPERF_RANGING_USER_CONF}; else export CM_MLPERF_USER_CONF=${CM_MLPERF_TESTING_USER_CONF}; fi && /mnt/CM/repos/ctuning@mlcommons-ck/cm-mlops/script/benchmark-any-mlperf-inference-implementation/run.out'
client 2024-01-28 21:57:37,268 [INFO] Sending command to the server: 'time'
client 2024-01-28 21:57:37,375 [INFO] Got response: '1706479057.3711562'
client 2024-01-28 21:57:37,376 [INFO] The time difference between the client and the server is within range -103.069 ms..5.100 ms
client 2024-01-28 21:57:37,376 [INFO] Sending command to the server: 'session,2024-01-28_21-41-34,stop,testing'
client 2024-01-28 21:57:47,755 [INFO] Got response: 'OK'
client 2024-01-28 21:57:47,756 [INFO] Sending command to the server: 'time'
client 2024-01-28 21:57:47,759 [INFO] Got response: '1706479067.7562096'
client 2024-01-28 21:57:47,760 [INFO] The time difference between the client and the server is within range 0.161 ms..3.847 ms
client 2024-01-28 21:57:47,764 [INFO] Copying loadgen logs from '/home/arjun/results_dir/valid_results/orin-tflite_cpp-cpu-tflite-vmaster-default_config/mobilenet-v1-precision_uint8-1.0-224/singlestream/performance/run_1' to '/home/arjun/results_dir/valid_results/orin-tflite_cpp-cpu-tflite-vmaster-default_config/mobilenet-v1-precision_uint8-1.0-224/singlestream/performance/tmp_power/run_1'
client 2024-01-28 21:57:47,767 [INFO] Done runs
